[2024-09-12T00:20:21.992+0000] {processor.py:161} INFO - Started process (PID=52) to work on /opt/airflow/dags/etl_dag.py
[2024-09-12T00:20:21.994+0000] {processor.py:830} INFO - Processing file /opt/airflow/dags/etl_dag.py for tasks to queue
[2024-09-12T00:20:21.997+0000] {logging_mixin.py:188} INFO - [2024-09-12T00:20:21.997+0000] {dagbag.py:545} INFO - Filling up the DagBag from /opt/airflow/dags/etl_dag.py
[2024-09-12T00:20:22.834+0000] {processor.py:840} INFO - DAG(s) 'product_etl_dag' retrieved from /opt/airflow/dags/etl_dag.py
[2024-09-12T00:20:22.877+0000] {logging_mixin.py:188} INFO - [2024-09-12T00:20:22.877+0000] {dag.py:3089} INFO - Sync 1 DAGs
[2024-09-12T00:20:22.914+0000] {logging_mixin.py:188} INFO - [2024-09-12T00:20:22.913+0000] {dag.py:3947} INFO - Setting next_dagrun for product_etl_dag to 2024-09-11 09:00:00+00:00, run_after=2024-09-12 09:00:00+00:00
[2024-09-12T00:20:22.939+0000] {processor.py:183} INFO - Processing /opt/airflow/dags/etl_dag.py took 0.957 seconds
[2024-09-12T00:20:53.166+0000] {processor.py:161} INFO - Started process (PID=117) to work on /opt/airflow/dags/etl_dag.py
[2024-09-12T00:20:53.167+0000] {processor.py:830} INFO - Processing file /opt/airflow/dags/etl_dag.py for tasks to queue
[2024-09-12T00:20:53.169+0000] {logging_mixin.py:188} INFO - [2024-09-12T00:20:53.169+0000] {dagbag.py:545} INFO - Filling up the DagBag from /opt/airflow/dags/etl_dag.py
[2024-09-12T00:20:54.508+0000] {processor.py:840} INFO - DAG(s) 'product_etl_dag' retrieved from /opt/airflow/dags/etl_dag.py
[2024-09-12T00:20:54.523+0000] {logging_mixin.py:188} INFO - [2024-09-12T00:20:54.522+0000] {dag.py:3089} INFO - Sync 1 DAGs
[2024-09-12T00:20:54.541+0000] {logging_mixin.py:188} INFO - [2024-09-12T00:20:54.541+0000] {dag.py:3947} INFO - Setting next_dagrun for product_etl_dag to 2024-09-11 09:00:00+00:00, run_after=2024-09-12 09:00:00+00:00
[2024-09-12T00:20:54.560+0000] {processor.py:183} INFO - Processing /opt/airflow/dags/etl_dag.py took 1.400 seconds
[2024-09-12T00:21:24.710+0000] {processor.py:161} INFO - Started process (PID=186) to work on /opt/airflow/dags/etl_dag.py
[2024-09-12T00:21:24.711+0000] {processor.py:830} INFO - Processing file /opt/airflow/dags/etl_dag.py for tasks to queue
[2024-09-12T00:21:24.712+0000] {logging_mixin.py:188} INFO - [2024-09-12T00:21:24.712+0000] {dagbag.py:545} INFO - Filling up the DagBag from /opt/airflow/dags/etl_dag.py
[2024-09-12T00:21:25.239+0000] {processor.py:840} INFO - DAG(s) 'product_etl_dag' retrieved from /opt/airflow/dags/etl_dag.py
[2024-09-12T00:21:25.262+0000] {logging_mixin.py:188} INFO - [2024-09-12T00:21:25.262+0000] {dag.py:3089} INFO - Sync 1 DAGs
[2024-09-12T00:21:25.288+0000] {logging_mixin.py:188} INFO - [2024-09-12T00:21:25.287+0000] {dag.py:3947} INFO - Setting next_dagrun for product_etl_dag to 2024-09-11 09:00:00+00:00, run_after=2024-09-12 09:00:00+00:00
[2024-09-12T00:21:25.309+0000] {processor.py:183} INFO - Processing /opt/airflow/dags/etl_dag.py took 0.605 seconds
[2024-09-12T00:21:55.854+0000] {processor.py:161} INFO - Started process (PID=247) to work on /opt/airflow/dags/etl_dag.py
[2024-09-12T00:21:55.855+0000] {processor.py:830} INFO - Processing file /opt/airflow/dags/etl_dag.py for tasks to queue
[2024-09-12T00:21:55.857+0000] {logging_mixin.py:188} INFO - [2024-09-12T00:21:55.857+0000] {dagbag.py:545} INFO - Filling up the DagBag from /opt/airflow/dags/etl_dag.py
[2024-09-12T00:21:56.285+0000] {processor.py:840} INFO - DAG(s) 'product_etl_dag' retrieved from /opt/airflow/dags/etl_dag.py
[2024-09-12T00:21:56.301+0000] {logging_mixin.py:188} INFO - [2024-09-12T00:21:56.300+0000] {dag.py:3089} INFO - Sync 1 DAGs
[2024-09-12T00:21:56.320+0000] {logging_mixin.py:188} INFO - [2024-09-12T00:21:56.320+0000] {dag.py:3947} INFO - Setting next_dagrun for product_etl_dag to 2024-09-11 09:00:00+00:00, run_after=2024-09-12 09:00:00+00:00
[2024-09-12T00:21:56.338+0000] {processor.py:183} INFO - Processing /opt/airflow/dags/etl_dag.py took 0.490 seconds
[2024-09-12T00:22:26.596+0000] {processor.py:161} INFO - Started process (PID=311) to work on /opt/airflow/dags/etl_dag.py
[2024-09-12T00:22:26.597+0000] {processor.py:830} INFO - Processing file /opt/airflow/dags/etl_dag.py for tasks to queue
[2024-09-12T00:22:26.599+0000] {logging_mixin.py:188} INFO - [2024-09-12T00:22:26.599+0000] {dagbag.py:545} INFO - Filling up the DagBag from /opt/airflow/dags/etl_dag.py
[2024-09-12T00:22:27.178+0000] {processor.py:840} INFO - DAG(s) 'product_etl_dag' retrieved from /opt/airflow/dags/etl_dag.py
[2024-09-12T00:22:27.200+0000] {logging_mixin.py:188} INFO - [2024-09-12T00:22:27.200+0000] {dag.py:3089} INFO - Sync 1 DAGs
[2024-09-12T00:22:27.227+0000] {logging_mixin.py:188} INFO - [2024-09-12T00:22:27.227+0000] {dag.py:3947} INFO - Setting next_dagrun for product_etl_dag to 2024-09-11 09:00:00+00:00, run_after=2024-09-12 09:00:00+00:00
[2024-09-12T00:22:27.249+0000] {processor.py:183} INFO - Processing /opt/airflow/dags/etl_dag.py took 0.659 seconds
[2024-09-12T00:22:57.328+0000] {processor.py:161} INFO - Started process (PID=371) to work on /opt/airflow/dags/etl_dag.py
[2024-09-12T00:22:57.329+0000] {processor.py:830} INFO - Processing file /opt/airflow/dags/etl_dag.py for tasks to queue
[2024-09-12T00:22:57.331+0000] {logging_mixin.py:188} INFO - [2024-09-12T00:22:57.331+0000] {dagbag.py:545} INFO - Filling up the DagBag from /opt/airflow/dags/etl_dag.py
[2024-09-12T00:22:57.764+0000] {processor.py:840} INFO - DAG(s) 'product_etl_dag' retrieved from /opt/airflow/dags/etl_dag.py
[2024-09-12T00:22:57.780+0000] {logging_mixin.py:188} INFO - [2024-09-12T00:22:57.780+0000] {dag.py:3089} INFO - Sync 1 DAGs
[2024-09-12T00:22:57.799+0000] {logging_mixin.py:188} INFO - [2024-09-12T00:22:57.799+0000] {dag.py:3947} INFO - Setting next_dagrun for product_etl_dag to 2024-09-11 09:00:00+00:00, run_after=2024-09-12 09:00:00+00:00
[2024-09-12T00:22:57.816+0000] {processor.py:183} INFO - Processing /opt/airflow/dags/etl_dag.py took 0.495 seconds
[2024-09-12T00:23:28.476+0000] {processor.py:161} INFO - Started process (PID=431) to work on /opt/airflow/dags/etl_dag.py
[2024-09-12T00:23:28.477+0000] {processor.py:830} INFO - Processing file /opt/airflow/dags/etl_dag.py for tasks to queue
[2024-09-12T00:23:28.479+0000] {logging_mixin.py:188} INFO - [2024-09-12T00:23:28.479+0000] {dagbag.py:545} INFO - Filling up the DagBag from /opt/airflow/dags/etl_dag.py
[2024-09-12T00:23:28.865+0000] {processor.py:840} INFO - DAG(s) 'product_etl_dag' retrieved from /opt/airflow/dags/etl_dag.py
[2024-09-12T00:23:28.881+0000] {logging_mixin.py:188} INFO - [2024-09-12T00:23:28.881+0000] {dag.py:3089} INFO - Sync 1 DAGs
[2024-09-12T00:23:28.900+0000] {logging_mixin.py:188} INFO - [2024-09-12T00:23:28.899+0000] {dag.py:3947} INFO - Setting next_dagrun for product_etl_dag to 2024-09-11 09:00:00+00:00, run_after=2024-09-12 09:00:00+00:00
[2024-09-12T00:23:28.918+0000] {processor.py:183} INFO - Processing /opt/airflow/dags/etl_dag.py took 0.448 seconds
[2024-09-12T00:23:59.047+0000] {processor.py:161} INFO - Started process (PID=491) to work on /opt/airflow/dags/etl_dag.py
[2024-09-12T00:23:59.048+0000] {processor.py:830} INFO - Processing file /opt/airflow/dags/etl_dag.py for tasks to queue
[2024-09-12T00:23:59.050+0000] {logging_mixin.py:188} INFO - [2024-09-12T00:23:59.049+0000] {dagbag.py:545} INFO - Filling up the DagBag from /opt/airflow/dags/etl_dag.py
[2024-09-12T00:23:59.486+0000] {processor.py:840} INFO - DAG(s) 'product_etl_dag' retrieved from /opt/airflow/dags/etl_dag.py
[2024-09-12T00:23:59.503+0000] {logging_mixin.py:188} INFO - [2024-09-12T00:23:59.503+0000] {dag.py:3089} INFO - Sync 1 DAGs
[2024-09-12T00:23:59.524+0000] {logging_mixin.py:188} INFO - [2024-09-12T00:23:59.524+0000] {dag.py:3947} INFO - Setting next_dagrun for product_etl_dag to 2024-09-11 09:00:00+00:00, run_after=2024-09-12 09:00:00+00:00
[2024-09-12T00:23:59.545+0000] {processor.py:183} INFO - Processing /opt/airflow/dags/etl_dag.py took 0.504 seconds
[2024-09-12T00:24:30.281+0000] {processor.py:161} INFO - Started process (PID=552) to work on /opt/airflow/dags/etl_dag.py
[2024-09-12T00:24:30.282+0000] {processor.py:830} INFO - Processing file /opt/airflow/dags/etl_dag.py for tasks to queue
[2024-09-12T00:24:30.284+0000] {logging_mixin.py:188} INFO - [2024-09-12T00:24:30.284+0000] {dagbag.py:545} INFO - Filling up the DagBag from /opt/airflow/dags/etl_dag.py
[2024-09-12T00:24:30.692+0000] {processor.py:840} INFO - DAG(s) 'product_etl_dag' retrieved from /opt/airflow/dags/etl_dag.py
[2024-09-12T00:24:30.709+0000] {logging_mixin.py:188} INFO - [2024-09-12T00:24:30.708+0000] {dag.py:3089} INFO - Sync 1 DAGs
[2024-09-12T00:24:30.731+0000] {logging_mixin.py:188} INFO - [2024-09-12T00:24:30.730+0000] {dag.py:3947} INFO - Setting next_dagrun for product_etl_dag to 2024-09-11 09:00:00+00:00, run_after=2024-09-12 09:00:00+00:00
[2024-09-12T00:24:30.747+0000] {processor.py:183} INFO - Processing /opt/airflow/dags/etl_dag.py took 0.472 seconds
[2024-09-12T00:25:01.399+0000] {processor.py:161} INFO - Started process (PID=612) to work on /opt/airflow/dags/etl_dag.py
[2024-09-12T00:25:01.400+0000] {processor.py:830} INFO - Processing file /opt/airflow/dags/etl_dag.py for tasks to queue
[2024-09-12T00:25:01.402+0000] {logging_mixin.py:188} INFO - [2024-09-12T00:25:01.402+0000] {dagbag.py:545} INFO - Filling up the DagBag from /opt/airflow/dags/etl_dag.py
[2024-09-12T00:25:01.811+0000] {processor.py:840} INFO - DAG(s) 'product_etl_dag' retrieved from /opt/airflow/dags/etl_dag.py
[2024-09-12T00:25:01.828+0000] {logging_mixin.py:188} INFO - [2024-09-12T00:25:01.827+0000] {dag.py:3089} INFO - Sync 1 DAGs
[2024-09-12T00:25:01.847+0000] {logging_mixin.py:188} INFO - [2024-09-12T00:25:01.846+0000] {dag.py:3947} INFO - Setting next_dagrun for product_etl_dag to 2024-09-11 09:00:00+00:00, run_after=2024-09-12 09:00:00+00:00
[2024-09-12T00:25:01.865+0000] {processor.py:183} INFO - Processing /opt/airflow/dags/etl_dag.py took 0.473 seconds
[2024-09-12T00:25:31.925+0000] {processor.py:161} INFO - Started process (PID=672) to work on /opt/airflow/dags/etl_dag.py
[2024-09-12T00:25:31.926+0000] {processor.py:830} INFO - Processing file /opt/airflow/dags/etl_dag.py for tasks to queue
[2024-09-12T00:25:31.928+0000] {logging_mixin.py:188} INFO - [2024-09-12T00:25:31.928+0000] {dagbag.py:545} INFO - Filling up the DagBag from /opt/airflow/dags/etl_dag.py
[2024-09-12T00:25:32.327+0000] {processor.py:840} INFO - DAG(s) 'product_etl_dag' retrieved from /opt/airflow/dags/etl_dag.py
[2024-09-12T00:25:32.343+0000] {logging_mixin.py:188} INFO - [2024-09-12T00:25:32.342+0000] {dag.py:3089} INFO - Sync 1 DAGs
[2024-09-12T00:25:32.361+0000] {logging_mixin.py:188} INFO - [2024-09-12T00:25:32.361+0000] {dag.py:3947} INFO - Setting next_dagrun for product_etl_dag to 2024-09-11 09:00:00+00:00, run_after=2024-09-12 09:00:00+00:00
[2024-09-12T00:25:32.379+0000] {processor.py:183} INFO - Processing /opt/airflow/dags/etl_dag.py took 0.459 seconds
[2024-09-12T00:26:03.175+0000] {processor.py:161} INFO - Started process (PID=733) to work on /opt/airflow/dags/etl_dag.py
[2024-09-12T00:26:03.176+0000] {processor.py:830} INFO - Processing file /opt/airflow/dags/etl_dag.py for tasks to queue
[2024-09-12T00:26:03.178+0000] {logging_mixin.py:188} INFO - [2024-09-12T00:26:03.178+0000] {dagbag.py:545} INFO - Filling up the DagBag from /opt/airflow/dags/etl_dag.py
[2024-09-12T00:26:03.603+0000] {processor.py:840} INFO - DAG(s) 'product_etl_dag' retrieved from /opt/airflow/dags/etl_dag.py
[2024-09-12T00:26:03.620+0000] {logging_mixin.py:188} INFO - [2024-09-12T00:26:03.619+0000] {dag.py:3089} INFO - Sync 1 DAGs
[2024-09-12T00:26:03.638+0000] {logging_mixin.py:188} INFO - [2024-09-12T00:26:03.638+0000] {dag.py:3947} INFO - Setting next_dagrun for product_etl_dag to 2024-09-11 09:00:00+00:00, run_after=2024-09-12 09:00:00+00:00
[2024-09-12T00:26:03.657+0000] {processor.py:183} INFO - Processing /opt/airflow/dags/etl_dag.py took 0.488 seconds
[2024-09-12T00:26:33.695+0000] {processor.py:161} INFO - Started process (PID=796) to work on /opt/airflow/dags/etl_dag.py
[2024-09-12T00:26:33.696+0000] {processor.py:830} INFO - Processing file /opt/airflow/dags/etl_dag.py for tasks to queue
[2024-09-12T00:26:33.698+0000] {logging_mixin.py:188} INFO - [2024-09-12T00:26:33.697+0000] {dagbag.py:545} INFO - Filling up the DagBag from /opt/airflow/dags/etl_dag.py
[2024-09-12T00:26:34.098+0000] {processor.py:840} INFO - DAG(s) 'product_etl_dag' retrieved from /opt/airflow/dags/etl_dag.py
[2024-09-12T00:26:34.115+0000] {logging_mixin.py:188} INFO - [2024-09-12T00:26:34.115+0000] {dag.py:3089} INFO - Sync 1 DAGs
[2024-09-12T00:26:34.133+0000] {logging_mixin.py:188} INFO - [2024-09-12T00:26:34.133+0000] {dag.py:3947} INFO - Setting next_dagrun for product_etl_dag to 2024-09-11 09:00:00+00:00, run_after=2024-09-12 09:00:00+00:00
[2024-09-12T00:26:34.152+0000] {processor.py:183} INFO - Processing /opt/airflow/dags/etl_dag.py took 0.463 seconds
[2024-09-12T00:27:04.226+0000] {processor.py:161} INFO - Started process (PID=856) to work on /opt/airflow/dags/etl_dag.py
[2024-09-12T00:27:04.227+0000] {processor.py:830} INFO - Processing file /opt/airflow/dags/etl_dag.py for tasks to queue
[2024-09-12T00:27:04.229+0000] {logging_mixin.py:188} INFO - [2024-09-12T00:27:04.229+0000] {dagbag.py:545} INFO - Filling up the DagBag from /opt/airflow/dags/etl_dag.py
[2024-09-12T00:27:04.639+0000] {processor.py:840} INFO - DAG(s) 'product_etl_dag' retrieved from /opt/airflow/dags/etl_dag.py
[2024-09-12T00:27:04.655+0000] {logging_mixin.py:188} INFO - [2024-09-12T00:27:04.655+0000] {dag.py:3089} INFO - Sync 1 DAGs
[2024-09-12T00:27:04.672+0000] {logging_mixin.py:188} INFO - [2024-09-12T00:27:04.672+0000] {dag.py:3947} INFO - Setting next_dagrun for product_etl_dag to 2024-09-11 09:00:00+00:00, run_after=2024-09-12 09:00:00+00:00
[2024-09-12T00:27:04.690+0000] {processor.py:183} INFO - Processing /opt/airflow/dags/etl_dag.py took 0.469 seconds
[2024-09-12T00:27:35.621+0000] {processor.py:161} INFO - Started process (PID=916) to work on /opt/airflow/dags/etl_dag.py
[2024-09-12T00:27:35.622+0000] {processor.py:830} INFO - Processing file /opt/airflow/dags/etl_dag.py for tasks to queue
[2024-09-12T00:27:35.624+0000] {logging_mixin.py:188} INFO - [2024-09-12T00:27:35.623+0000] {dagbag.py:545} INFO - Filling up the DagBag from /opt/airflow/dags/etl_dag.py
[2024-09-12T00:27:36.029+0000] {processor.py:840} INFO - DAG(s) 'product_etl_dag' retrieved from /opt/airflow/dags/etl_dag.py
[2024-09-12T00:27:36.045+0000] {logging_mixin.py:188} INFO - [2024-09-12T00:27:36.045+0000] {dag.py:3089} INFO - Sync 1 DAGs
[2024-09-12T00:27:36.063+0000] {logging_mixin.py:188} INFO - [2024-09-12T00:27:36.063+0000] {dag.py:3947} INFO - Setting next_dagrun for product_etl_dag to 2024-09-11 09:00:00+00:00, run_after=2024-09-12 09:00:00+00:00
[2024-09-12T00:27:36.079+0000] {processor.py:183} INFO - Processing /opt/airflow/dags/etl_dag.py took 0.463 seconds
[2024-09-12T00:28:06.154+0000] {processor.py:161} INFO - Started process (PID=979) to work on /opt/airflow/dags/etl_dag.py
[2024-09-12T00:28:06.155+0000] {processor.py:830} INFO - Processing file /opt/airflow/dags/etl_dag.py for tasks to queue
[2024-09-12T00:28:06.157+0000] {logging_mixin.py:188} INFO - [2024-09-12T00:28:06.157+0000] {dagbag.py:545} INFO - Filling up the DagBag from /opt/airflow/dags/etl_dag.py
[2024-09-12T00:28:06.539+0000] {processor.py:840} INFO - DAG(s) 'product_etl_dag' retrieved from /opt/airflow/dags/etl_dag.py
[2024-09-12T00:28:06.555+0000] {logging_mixin.py:188} INFO - [2024-09-12T00:28:06.555+0000] {dag.py:3089} INFO - Sync 1 DAGs
[2024-09-12T00:28:06.573+0000] {logging_mixin.py:188} INFO - [2024-09-12T00:28:06.573+0000] {dag.py:3947} INFO - Setting next_dagrun for product_etl_dag to 2024-09-11 09:00:00+00:00, run_after=2024-09-12 09:00:00+00:00
[2024-09-12T00:28:06.590+0000] {processor.py:183} INFO - Processing /opt/airflow/dags/etl_dag.py took 0.441 seconds
[2024-09-12T00:28:37.281+0000] {processor.py:161} INFO - Started process (PID=1039) to work on /opt/airflow/dags/etl_dag.py
[2024-09-12T00:28:37.282+0000] {processor.py:830} INFO - Processing file /opt/airflow/dags/etl_dag.py for tasks to queue
[2024-09-12T00:28:37.284+0000] {logging_mixin.py:188} INFO - [2024-09-12T00:28:37.283+0000] {dagbag.py:545} INFO - Filling up the DagBag from /opt/airflow/dags/etl_dag.py
[2024-09-12T00:28:37.687+0000] {processor.py:840} INFO - DAG(s) 'product_etl_dag' retrieved from /opt/airflow/dags/etl_dag.py
[2024-09-12T00:28:37.704+0000] {logging_mixin.py:188} INFO - [2024-09-12T00:28:37.704+0000] {dag.py:3089} INFO - Sync 1 DAGs
[2024-09-12T00:28:37.722+0000] {logging_mixin.py:188} INFO - [2024-09-12T00:28:37.722+0000] {dag.py:3947} INFO - Setting next_dagrun for product_etl_dag to 2024-09-11 09:00:00+00:00, run_after=2024-09-12 09:00:00+00:00
[2024-09-12T00:28:37.740+0000] {processor.py:183} INFO - Processing /opt/airflow/dags/etl_dag.py took 0.465 seconds
[2024-09-12T00:29:08.670+0000] {processor.py:161} INFO - Started process (PID=1099) to work on /opt/airflow/dags/etl_dag.py
[2024-09-12T00:29:08.671+0000] {processor.py:830} INFO - Processing file /opt/airflow/dags/etl_dag.py for tasks to queue
[2024-09-12T00:29:08.672+0000] {logging_mixin.py:188} INFO - [2024-09-12T00:29:08.672+0000] {dagbag.py:545} INFO - Filling up the DagBag from /opt/airflow/dags/etl_dag.py
[2024-09-12T00:29:09.080+0000] {processor.py:840} INFO - DAG(s) 'product_etl_dag' retrieved from /opt/airflow/dags/etl_dag.py
[2024-09-12T00:29:09.095+0000] {logging_mixin.py:188} INFO - [2024-09-12T00:29:09.095+0000] {dag.py:3089} INFO - Sync 1 DAGs
[2024-09-12T00:29:09.116+0000] {logging_mixin.py:188} INFO - [2024-09-12T00:29:09.116+0000] {dag.py:3947} INFO - Setting next_dagrun for product_etl_dag to 2024-09-11 09:00:00+00:00, run_after=2024-09-12 09:00:00+00:00
[2024-09-12T00:29:09.134+0000] {processor.py:183} INFO - Processing /opt/airflow/dags/etl_dag.py took 0.470 seconds
[2024-09-12T00:29:39.216+0000] {processor.py:161} INFO - Started process (PID=1160) to work on /opt/airflow/dags/etl_dag.py
[2024-09-12T00:29:39.217+0000] {processor.py:830} INFO - Processing file /opt/airflow/dags/etl_dag.py for tasks to queue
[2024-09-12T00:29:39.219+0000] {logging_mixin.py:188} INFO - [2024-09-12T00:29:39.219+0000] {dagbag.py:545} INFO - Filling up the DagBag from /opt/airflow/dags/etl_dag.py
[2024-09-12T00:29:39.622+0000] {processor.py:840} INFO - DAG(s) 'product_etl_dag' retrieved from /opt/airflow/dags/etl_dag.py
[2024-09-12T00:29:39.638+0000] {logging_mixin.py:188} INFO - [2024-09-12T00:29:39.637+0000] {dag.py:3089} INFO - Sync 1 DAGs
[2024-09-12T00:29:39.656+0000] {logging_mixin.py:188} INFO - [2024-09-12T00:29:39.656+0000] {dag.py:3947} INFO - Setting next_dagrun for product_etl_dag to 2024-09-11 09:00:00+00:00, run_after=2024-09-12 09:00:00+00:00
[2024-09-12T00:29:39.673+0000] {processor.py:183} INFO - Processing /opt/airflow/dags/etl_dag.py took 0.463 seconds
[2024-09-12T00:30:09.904+0000] {processor.py:161} INFO - Started process (PID=1219) to work on /opt/airflow/dags/etl_dag.py
[2024-09-12T00:30:09.905+0000] {processor.py:830} INFO - Processing file /opt/airflow/dags/etl_dag.py for tasks to queue
[2024-09-12T00:30:09.907+0000] {logging_mixin.py:188} INFO - [2024-09-12T00:30:09.906+0000] {dagbag.py:545} INFO - Filling up the DagBag from /opt/airflow/dags/etl_dag.py
[2024-09-12T00:30:10.299+0000] {processor.py:840} INFO - DAG(s) 'product_etl_dag' retrieved from /opt/airflow/dags/etl_dag.py
[2024-09-12T00:30:10.315+0000] {logging_mixin.py:188} INFO - [2024-09-12T00:30:10.314+0000] {dag.py:3089} INFO - Sync 1 DAGs
[2024-09-12T00:30:10.333+0000] {logging_mixin.py:188} INFO - [2024-09-12T00:30:10.333+0000] {dag.py:3947} INFO - Setting next_dagrun for product_etl_dag to 2024-09-11 09:00:00+00:00, run_after=2024-09-12 09:00:00+00:00
[2024-09-12T00:30:10.350+0000] {processor.py:183} INFO - Processing /opt/airflow/dags/etl_dag.py took 0.453 seconds
[2024-09-12T00:30:40.484+0000] {processor.py:161} INFO - Started process (PID=1282) to work on /opt/airflow/dags/etl_dag.py
[2024-09-12T00:30:40.484+0000] {processor.py:830} INFO - Processing file /opt/airflow/dags/etl_dag.py for tasks to queue
[2024-09-12T00:30:40.486+0000] {logging_mixin.py:188} INFO - [2024-09-12T00:30:40.486+0000] {dagbag.py:545} INFO - Filling up the DagBag from /opt/airflow/dags/etl_dag.py
[2024-09-12T00:30:40.896+0000] {processor.py:840} INFO - DAG(s) 'product_etl_dag' retrieved from /opt/airflow/dags/etl_dag.py
[2024-09-12T00:30:40.912+0000] {logging_mixin.py:188} INFO - [2024-09-12T00:30:40.912+0000] {dag.py:3089} INFO - Sync 1 DAGs
[2024-09-12T00:30:40.931+0000] {logging_mixin.py:188} INFO - [2024-09-12T00:30:40.931+0000] {dag.py:3947} INFO - Setting next_dagrun for product_etl_dag to 2024-09-11 09:00:00+00:00, run_after=2024-09-12 09:00:00+00:00
[2024-09-12T00:30:40.950+0000] {processor.py:183} INFO - Processing /opt/airflow/dags/etl_dag.py took 0.472 seconds
[2024-09-12T00:31:10.991+0000] {processor.py:161} INFO - Started process (PID=1342) to work on /opt/airflow/dags/etl_dag.py
[2024-09-12T00:31:10.992+0000] {processor.py:830} INFO - Processing file /opt/airflow/dags/etl_dag.py for tasks to queue
[2024-09-12T00:31:10.994+0000] {logging_mixin.py:188} INFO - [2024-09-12T00:31:10.994+0000] {dagbag.py:545} INFO - Filling up the DagBag from /opt/airflow/dags/etl_dag.py
[2024-09-12T00:31:11.379+0000] {processor.py:840} INFO - DAG(s) 'product_etl_dag' retrieved from /opt/airflow/dags/etl_dag.py
[2024-09-12T00:31:11.395+0000] {logging_mixin.py:188} INFO - [2024-09-12T00:31:11.395+0000] {dag.py:3089} INFO - Sync 1 DAGs
[2024-09-12T00:31:11.414+0000] {logging_mixin.py:188} INFO - [2024-09-12T00:31:11.414+0000] {dag.py:3947} INFO - Setting next_dagrun for product_etl_dag to 2024-09-11 09:00:00+00:00, run_after=2024-09-12 09:00:00+00:00
[2024-09-12T00:31:11.432+0000] {processor.py:183} INFO - Processing /opt/airflow/dags/etl_dag.py took 0.446 seconds
[2024-09-12T00:31:41.470+0000] {processor.py:161} INFO - Started process (PID=1402) to work on /opt/airflow/dags/etl_dag.py
[2024-09-12T00:31:41.471+0000] {processor.py:830} INFO - Processing file /opt/airflow/dags/etl_dag.py for tasks to queue
[2024-09-12T00:31:41.473+0000] {logging_mixin.py:188} INFO - [2024-09-12T00:31:41.473+0000] {dagbag.py:545} INFO - Filling up the DagBag from /opt/airflow/dags/etl_dag.py
[2024-09-12T00:31:41.931+0000] {processor.py:840} INFO - DAG(s) 'product_etl_dag' retrieved from /opt/airflow/dags/etl_dag.py
[2024-09-12T00:31:41.947+0000] {logging_mixin.py:188} INFO - [2024-09-12T00:31:41.947+0000] {dag.py:3089} INFO - Sync 1 DAGs
[2024-09-12T00:31:41.967+0000] {logging_mixin.py:188} INFO - [2024-09-12T00:31:41.967+0000] {dag.py:3947} INFO - Setting next_dagrun for product_etl_dag to 2024-09-11 09:00:00+00:00, run_after=2024-09-12 09:00:00+00:00
[2024-09-12T00:31:41.984+0000] {processor.py:183} INFO - Processing /opt/airflow/dags/etl_dag.py took 0.519 seconds
[2024-09-12T00:32:12.494+0000] {processor.py:161} INFO - Started process (PID=1462) to work on /opt/airflow/dags/etl_dag.py
[2024-09-12T00:32:12.495+0000] {processor.py:830} INFO - Processing file /opt/airflow/dags/etl_dag.py for tasks to queue
[2024-09-12T00:32:12.497+0000] {logging_mixin.py:188} INFO - [2024-09-12T00:32:12.497+0000] {dagbag.py:545} INFO - Filling up the DagBag from /opt/airflow/dags/etl_dag.py
[2024-09-12T00:32:12.896+0000] {processor.py:840} INFO - DAG(s) 'product_etl_dag' retrieved from /opt/airflow/dags/etl_dag.py
[2024-09-12T00:32:12.912+0000] {logging_mixin.py:188} INFO - [2024-09-12T00:32:12.911+0000] {dag.py:3089} INFO - Sync 1 DAGs
[2024-09-12T00:32:12.931+0000] {logging_mixin.py:188} INFO - [2024-09-12T00:32:12.931+0000] {dag.py:3947} INFO - Setting next_dagrun for product_etl_dag to 2024-09-11 09:00:00+00:00, run_after=2024-09-12 09:00:00+00:00
[2024-09-12T00:32:12.948+0000] {processor.py:183} INFO - Processing /opt/airflow/dags/etl_dag.py took 0.460 seconds
[2024-09-12T00:32:43.349+0000] {processor.py:161} INFO - Started process (PID=1521) to work on /opt/airflow/dags/etl_dag.py
[2024-09-12T00:32:43.350+0000] {processor.py:830} INFO - Processing file /opt/airflow/dags/etl_dag.py for tasks to queue
[2024-09-12T00:32:43.352+0000] {logging_mixin.py:188} INFO - [2024-09-12T00:32:43.351+0000] {dagbag.py:545} INFO - Filling up the DagBag from /opt/airflow/dags/etl_dag.py
[2024-09-12T00:32:43.646+0000] {processor.py:840} INFO - DAG(s) 'product_etl_dag' retrieved from /opt/airflow/dags/etl_dag.py
[2024-09-12T00:32:43.666+0000] {logging_mixin.py:188} INFO - [2024-09-12T00:32:43.665+0000] {dag.py:3089} INFO - Sync 1 DAGs
[2024-09-12T00:32:43.692+0000] {logging_mixin.py:188} INFO - [2024-09-12T00:32:43.692+0000] {dag.py:3947} INFO - Setting next_dagrun for product_etl_dag to 2024-09-11 09:00:00+00:00, run_after=2024-09-12 09:00:00+00:00
[2024-09-12T00:32:43.711+0000] {processor.py:183} INFO - Processing /opt/airflow/dags/etl_dag.py took 0.369 seconds
[2024-09-12T00:33:13.797+0000] {processor.py:161} INFO - Started process (PID=1583) to work on /opt/airflow/dags/etl_dag.py
[2024-09-12T00:33:13.798+0000] {processor.py:830} INFO - Processing file /opt/airflow/dags/etl_dag.py for tasks to queue
[2024-09-12T00:33:13.801+0000] {logging_mixin.py:188} INFO - [2024-09-12T00:33:13.800+0000] {dagbag.py:545} INFO - Filling up the DagBag from /opt/airflow/dags/etl_dag.py
[2024-09-12T00:33:14.091+0000] {processor.py:840} INFO - DAG(s) 'product_etl_dag' retrieved from /opt/airflow/dags/etl_dag.py
[2024-09-12T00:33:14.113+0000] {logging_mixin.py:188} INFO - [2024-09-12T00:33:14.112+0000] {dag.py:3089} INFO - Sync 1 DAGs
[2024-09-12T00:33:14.134+0000] {logging_mixin.py:188} INFO - [2024-09-12T00:33:14.134+0000] {dag.py:3947} INFO - Setting next_dagrun for product_etl_dag to 2024-09-11 09:00:00+00:00, run_after=2024-09-12 09:00:00+00:00
[2024-09-12T00:33:14.153+0000] {processor.py:183} INFO - Processing /opt/airflow/dags/etl_dag.py took 0.363 seconds
[2024-09-12T00:33:44.202+0000] {processor.py:161} INFO - Started process (PID=1645) to work on /opt/airflow/dags/etl_dag.py
[2024-09-12T00:33:44.203+0000] {processor.py:830} INFO - Processing file /opt/airflow/dags/etl_dag.py for tasks to queue
[2024-09-12T00:33:44.204+0000] {logging_mixin.py:188} INFO - [2024-09-12T00:33:44.204+0000] {dagbag.py:545} INFO - Filling up the DagBag from /opt/airflow/dags/etl_dag.py
[2024-09-12T00:33:44.548+0000] {processor.py:840} INFO - DAG(s) 'product_etl_dag' retrieved from /opt/airflow/dags/etl_dag.py
[2024-09-12T00:33:44.568+0000] {logging_mixin.py:188} INFO - [2024-09-12T00:33:44.568+0000] {dag.py:3089} INFO - Sync 1 DAGs
[2024-09-12T00:33:44.593+0000] {logging_mixin.py:188} INFO - [2024-09-12T00:33:44.593+0000] {dag.py:3947} INFO - Setting next_dagrun for product_etl_dag to 2024-09-11 09:00:00+00:00, run_after=2024-09-12 09:00:00+00:00
[2024-09-12T00:33:44.614+0000] {processor.py:183} INFO - Processing /opt/airflow/dags/etl_dag.py took 0.419 seconds
[2024-09-12T00:34:15.564+0000] {processor.py:161} INFO - Started process (PID=1705) to work on /opt/airflow/dags/etl_dag.py
[2024-09-12T00:34:15.565+0000] {processor.py:830} INFO - Processing file /opt/airflow/dags/etl_dag.py for tasks to queue
[2024-09-12T00:34:15.566+0000] {logging_mixin.py:188} INFO - [2024-09-12T00:34:15.566+0000] {dagbag.py:545} INFO - Filling up the DagBag from /opt/airflow/dags/etl_dag.py
[2024-09-12T00:34:15.855+0000] {processor.py:840} INFO - DAG(s) 'product_etl_dag' retrieved from /opt/airflow/dags/etl_dag.py
[2024-09-12T00:34:15.874+0000] {logging_mixin.py:188} INFO - [2024-09-12T00:34:15.874+0000] {dag.py:3089} INFO - Sync 1 DAGs
[2024-09-12T00:34:15.899+0000] {logging_mixin.py:188} INFO - [2024-09-12T00:34:15.899+0000] {dag.py:3947} INFO - Setting next_dagrun for product_etl_dag to 2024-09-11 09:00:00+00:00, run_after=2024-09-12 09:00:00+00:00
[2024-09-12T00:34:15.919+0000] {processor.py:183} INFO - Processing /opt/airflow/dags/etl_dag.py took 0.361 seconds
[2024-09-12T00:34:46.119+0000] {processor.py:161} INFO - Started process (PID=1768) to work on /opt/airflow/dags/etl_dag.py
[2024-09-12T00:34:46.120+0000] {processor.py:830} INFO - Processing file /opt/airflow/dags/etl_dag.py for tasks to queue
[2024-09-12T00:34:46.122+0000] {logging_mixin.py:188} INFO - [2024-09-12T00:34:46.121+0000] {dagbag.py:545} INFO - Filling up the DagBag from /opt/airflow/dags/etl_dag.py
[2024-09-12T00:34:46.405+0000] {processor.py:840} INFO - DAG(s) 'product_etl_dag' retrieved from /opt/airflow/dags/etl_dag.py
[2024-09-12T00:34:46.423+0000] {logging_mixin.py:188} INFO - [2024-09-12T00:34:46.423+0000] {dag.py:3089} INFO - Sync 1 DAGs
[2024-09-12T00:34:46.446+0000] {logging_mixin.py:188} INFO - [2024-09-12T00:34:46.446+0000] {dag.py:3947} INFO - Setting next_dagrun for product_etl_dag to 2024-09-11 09:00:00+00:00, run_after=2024-09-12 09:00:00+00:00
[2024-09-12T00:34:46.467+0000] {processor.py:183} INFO - Processing /opt/airflow/dags/etl_dag.py took 0.353 seconds
[2024-09-12T00:35:16.544+0000] {processor.py:161} INFO - Started process (PID=1830) to work on /opt/airflow/dags/etl_dag.py
[2024-09-12T00:35:16.545+0000] {processor.py:830} INFO - Processing file /opt/airflow/dags/etl_dag.py for tasks to queue
[2024-09-12T00:35:16.547+0000] {logging_mixin.py:188} INFO - [2024-09-12T00:35:16.547+0000] {dagbag.py:545} INFO - Filling up the DagBag from /opt/airflow/dags/etl_dag.py
[2024-09-12T00:35:16.833+0000] {processor.py:840} INFO - DAG(s) 'product_etl_dag' retrieved from /opt/airflow/dags/etl_dag.py
[2024-09-12T00:35:16.854+0000] {logging_mixin.py:188} INFO - [2024-09-12T00:35:16.854+0000] {dag.py:3089} INFO - Sync 1 DAGs
[2024-09-12T00:35:16.879+0000] {logging_mixin.py:188} INFO - [2024-09-12T00:35:16.879+0000] {dag.py:3947} INFO - Setting next_dagrun for product_etl_dag to 2024-09-11 09:00:00+00:00, run_after=2024-09-12 09:00:00+00:00
[2024-09-12T00:35:16.899+0000] {processor.py:183} INFO - Processing /opt/airflow/dags/etl_dag.py took 0.361 seconds
[2024-09-12T00:35:46.992+0000] {processor.py:161} INFO - Started process (PID=1890) to work on /opt/airflow/dags/etl_dag.py
[2024-09-12T00:35:46.994+0000] {processor.py:830} INFO - Processing file /opt/airflow/dags/etl_dag.py for tasks to queue
[2024-09-12T00:35:46.996+0000] {logging_mixin.py:188} INFO - [2024-09-12T00:35:46.995+0000] {dagbag.py:545} INFO - Filling up the DagBag from /opt/airflow/dags/etl_dag.py
[2024-09-12T00:35:47.287+0000] {processor.py:840} INFO - DAG(s) 'product_etl_dag' retrieved from /opt/airflow/dags/etl_dag.py
[2024-09-12T00:35:47.305+0000] {logging_mixin.py:188} INFO - [2024-09-12T00:35:47.305+0000] {dag.py:3089} INFO - Sync 1 DAGs
[2024-09-12T00:35:47.327+0000] {logging_mixin.py:188} INFO - [2024-09-12T00:35:47.327+0000] {dag.py:3947} INFO - Setting next_dagrun for product_etl_dag to 2024-09-11 09:00:00+00:00, run_after=2024-09-12 09:00:00+00:00
[2024-09-12T00:35:47.347+0000] {processor.py:183} INFO - Processing /opt/airflow/dags/etl_dag.py took 0.362 seconds
[2024-09-12T00:36:18.241+0000] {processor.py:161} INFO - Started process (PID=1950) to work on /opt/airflow/dags/etl_dag.py
[2024-09-12T00:36:18.243+0000] {processor.py:830} INFO - Processing file /opt/airflow/dags/etl_dag.py for tasks to queue
[2024-09-12T00:36:18.245+0000] {logging_mixin.py:188} INFO - [2024-09-12T00:36:18.245+0000] {dagbag.py:545} INFO - Filling up the DagBag from /opt/airflow/dags/etl_dag.py
[2024-09-12T00:36:18.555+0000] {processor.py:840} INFO - DAG(s) 'product_etl_dag' retrieved from /opt/airflow/dags/etl_dag.py
[2024-09-12T00:36:18.573+0000] {logging_mixin.py:188} INFO - [2024-09-12T00:36:18.573+0000] {dag.py:3089} INFO - Sync 1 DAGs
[2024-09-12T00:36:18.594+0000] {logging_mixin.py:188} INFO - [2024-09-12T00:36:18.594+0000] {dag.py:3947} INFO - Setting next_dagrun for product_etl_dag to 2024-09-11 09:00:00+00:00, run_after=2024-09-12 09:00:00+00:00
[2024-09-12T00:36:18.616+0000] {processor.py:183} INFO - Processing /opt/airflow/dags/etl_dag.py took 0.381 seconds
[2024-09-12T00:36:48.712+0000] {processor.py:161} INFO - Started process (PID=2013) to work on /opt/airflow/dags/etl_dag.py
[2024-09-12T00:36:48.713+0000] {processor.py:830} INFO - Processing file /opt/airflow/dags/etl_dag.py for tasks to queue
[2024-09-12T00:36:48.715+0000] {logging_mixin.py:188} INFO - [2024-09-12T00:36:48.714+0000] {dagbag.py:545} INFO - Filling up the DagBag from /opt/airflow/dags/etl_dag.py
[2024-09-12T00:36:49.019+0000] {processor.py:840} INFO - DAG(s) 'product_etl_dag' retrieved from /opt/airflow/dags/etl_dag.py
[2024-09-12T00:36:49.042+0000] {logging_mixin.py:188} INFO - [2024-09-12T00:36:49.041+0000] {dag.py:3089} INFO - Sync 1 DAGs
[2024-09-12T00:36:49.065+0000] {logging_mixin.py:188} INFO - [2024-09-12T00:36:49.065+0000] {dag.py:3947} INFO - Setting next_dagrun for product_etl_dag to 2024-09-11 09:00:00+00:00, run_after=2024-09-12 09:00:00+00:00
[2024-09-12T00:36:49.085+0000] {processor.py:183} INFO - Processing /opt/airflow/dags/etl_dag.py took 0.378 seconds
[2024-09-12T00:37:19.728+0000] {processor.py:161} INFO - Started process (PID=2073) to work on /opt/airflow/dags/etl_dag.py
[2024-09-12T00:37:19.729+0000] {processor.py:830} INFO - Processing file /opt/airflow/dags/etl_dag.py for tasks to queue
[2024-09-12T00:37:19.731+0000] {logging_mixin.py:188} INFO - [2024-09-12T00:37:19.731+0000] {dagbag.py:545} INFO - Filling up the DagBag from /opt/airflow/dags/etl_dag.py
[2024-09-12T00:37:20.014+0000] {processor.py:840} INFO - DAG(s) 'product_etl_dag' retrieved from /opt/airflow/dags/etl_dag.py
[2024-09-12T00:37:20.031+0000] {logging_mixin.py:188} INFO - [2024-09-12T00:37:20.031+0000] {dag.py:3089} INFO - Sync 1 DAGs
[2024-09-12T00:37:20.052+0000] {logging_mixin.py:188} INFO - [2024-09-12T00:37:20.052+0000] {dag.py:3947} INFO - Setting next_dagrun for product_etl_dag to 2024-09-11 09:00:00+00:00, run_after=2024-09-12 09:00:00+00:00
[2024-09-12T00:37:20.069+0000] {processor.py:183} INFO - Processing /opt/airflow/dags/etl_dag.py took 0.347 seconds
[2024-09-12T00:37:50.191+0000] {processor.py:161} INFO - Started process (PID=2136) to work on /opt/airflow/dags/etl_dag.py
[2024-09-12T00:37:50.192+0000] {processor.py:830} INFO - Processing file /opt/airflow/dags/etl_dag.py for tasks to queue
[2024-09-12T00:37:50.194+0000] {logging_mixin.py:188} INFO - [2024-09-12T00:37:50.194+0000] {dagbag.py:545} INFO - Filling up the DagBag from /opt/airflow/dags/etl_dag.py
[2024-09-12T00:37:50.503+0000] {processor.py:840} INFO - DAG(s) 'product_etl_dag' retrieved from /opt/airflow/dags/etl_dag.py
[2024-09-12T00:37:50.522+0000] {logging_mixin.py:188} INFO - [2024-09-12T00:37:50.522+0000] {dag.py:3089} INFO - Sync 1 DAGs
[2024-09-12T00:37:50.549+0000] {logging_mixin.py:188} INFO - [2024-09-12T00:37:50.549+0000] {dag.py:3947} INFO - Setting next_dagrun for product_etl_dag to 2024-09-11 09:00:00+00:00, run_after=2024-09-12 09:00:00+00:00
[2024-09-12T00:37:50.567+0000] {processor.py:183} INFO - Processing /opt/airflow/dags/etl_dag.py took 0.384 seconds
