[2024-09-12T00:20:22.833+0000] {processor.py:161} INFO - Started process (PID=59) to work on /home/airflow/.local/lib/python3.12/site-packages/airflow/example_dags/example_branch_operator.py
[2024-09-12T00:20:22.834+0000] {processor.py:830} INFO - Processing file /home/airflow/.local/lib/python3.12/site-packages/airflow/example_dags/example_branch_operator.py for tasks to queue
[2024-09-12T00:20:22.837+0000] {logging_mixin.py:188} INFO - [2024-09-12T00:20:22.837+0000] {dagbag.py:545} INFO - Filling up the DagBag from /home/airflow/.local/lib/python3.12/site-packages/airflow/example_dags/example_branch_operator.py
[2024-09-12T00:20:22.874+0000] {processor.py:840} INFO - DAG(s) 'example_branch_operator' retrieved from /home/airflow/.local/lib/python3.12/site-packages/airflow/example_dags/example_branch_operator.py
[2024-09-12T00:20:23.143+0000] {logging_mixin.py:188} INFO - [2024-09-12T00:20:23.143+0000] {dag.py:3089} INFO - Sync 1 DAGs
[2024-09-12T00:20:23.164+0000] {logging_mixin.py:188} INFO - [2024-09-12T00:20:23.164+0000] {dag.py:3947} INFO - Setting next_dagrun for example_branch_operator to 2024-09-11 00:00:00+00:00, run_after=2024-09-12 00:00:00+00:00
[2024-09-12T00:20:23.186+0000] {processor.py:183} INFO - Processing /home/airflow/.local/lib/python3.12/site-packages/airflow/example_dags/example_branch_operator.py took 0.359 seconds
[2024-09-12T00:20:54.058+0000] {processor.py:161} INFO - Started process (PID=119) to work on /home/airflow/.local/lib/python3.12/site-packages/airflow/example_dags/example_branch_operator.py
[2024-09-12T00:20:54.059+0000] {processor.py:830} INFO - Processing file /home/airflow/.local/lib/python3.12/site-packages/airflow/example_dags/example_branch_operator.py for tasks to queue
[2024-09-12T00:20:54.062+0000] {logging_mixin.py:188} INFO - [2024-09-12T00:20:54.062+0000] {dagbag.py:545} INFO - Filling up the DagBag from /home/airflow/.local/lib/python3.12/site-packages/airflow/example_dags/example_branch_operator.py
[2024-09-12T00:20:54.125+0000] {processor.py:840} INFO - DAG(s) 'example_branch_operator' retrieved from /home/airflow/.local/lib/python3.12/site-packages/airflow/example_dags/example_branch_operator.py
[2024-09-12T00:20:54.172+0000] {logging_mixin.py:188} INFO - [2024-09-12T00:20:54.171+0000] {dag.py:3089} INFO - Sync 1 DAGs
[2024-09-12T00:20:54.206+0000] {logging_mixin.py:188} INFO - [2024-09-12T00:20:54.205+0000] {dag.py:3947} INFO - Setting next_dagrun for example_branch_operator to 2024-09-11 00:00:00+00:00, run_after=2024-09-12 00:00:00+00:00
[2024-09-12T00:20:54.251+0000] {processor.py:183} INFO - Processing /home/airflow/.local/lib/python3.12/site-packages/airflow/example_dags/example_branch_operator.py took 0.210 seconds
[2024-09-12T00:21:24.353+0000] {processor.py:161} INFO - Started process (PID=183) to work on /home/airflow/.local/lib/python3.12/site-packages/airflow/example_dags/example_branch_operator.py
[2024-09-12T00:21:24.354+0000] {processor.py:830} INFO - Processing file /home/airflow/.local/lib/python3.12/site-packages/airflow/example_dags/example_branch_operator.py for tasks to queue
[2024-09-12T00:21:24.356+0000] {logging_mixin.py:188} INFO - [2024-09-12T00:21:24.356+0000] {dagbag.py:545} INFO - Filling up the DagBag from /home/airflow/.local/lib/python3.12/site-packages/airflow/example_dags/example_branch_operator.py
[2024-09-12T00:21:24.373+0000] {processor.py:840} INFO - DAG(s) 'example_branch_operator' retrieved from /home/airflow/.local/lib/python3.12/site-packages/airflow/example_dags/example_branch_operator.py
[2024-09-12T00:21:24.402+0000] {logging_mixin.py:188} INFO - [2024-09-12T00:21:24.402+0000] {dag.py:3089} INFO - Sync 1 DAGs
[2024-09-12T00:21:24.426+0000] {logging_mixin.py:188} INFO - [2024-09-12T00:21:24.425+0000] {dag.py:3947} INFO - Setting next_dagrun for example_branch_operator to 2024-09-11 00:00:00+00:00, run_after=2024-09-12 00:00:00+00:00
[2024-09-12T00:21:24.446+0000] {processor.py:183} INFO - Processing /home/airflow/.local/lib/python3.12/site-packages/airflow/example_dags/example_branch_operator.py took 0.098 seconds
[2024-09-12T00:21:54.559+0000] {processor.py:161} INFO - Started process (PID=243) to work on /home/airflow/.local/lib/python3.12/site-packages/airflow/example_dags/example_branch_operator.py
[2024-09-12T00:21:54.560+0000] {processor.py:830} INFO - Processing file /home/airflow/.local/lib/python3.12/site-packages/airflow/example_dags/example_branch_operator.py for tasks to queue
[2024-09-12T00:21:54.561+0000] {logging_mixin.py:188} INFO - [2024-09-12T00:21:54.561+0000] {dagbag.py:545} INFO - Filling up the DagBag from /home/airflow/.local/lib/python3.12/site-packages/airflow/example_dags/example_branch_operator.py
[2024-09-12T00:21:54.578+0000] {processor.py:840} INFO - DAG(s) 'example_branch_operator' retrieved from /home/airflow/.local/lib/python3.12/site-packages/airflow/example_dags/example_branch_operator.py
[2024-09-12T00:21:54.608+0000] {logging_mixin.py:188} INFO - [2024-09-12T00:21:54.607+0000] {dag.py:3089} INFO - Sync 1 DAGs
[2024-09-12T00:21:54.631+0000] {logging_mixin.py:188} INFO - [2024-09-12T00:21:54.630+0000] {dag.py:3947} INFO - Setting next_dagrun for example_branch_operator to 2024-09-11 00:00:00+00:00, run_after=2024-09-12 00:00:00+00:00
[2024-09-12T00:21:54.652+0000] {processor.py:183} INFO - Processing /home/airflow/.local/lib/python3.12/site-packages/airflow/example_dags/example_branch_operator.py took 0.099 seconds
[2024-09-12T00:22:25.113+0000] {processor.py:161} INFO - Started process (PID=303) to work on /home/airflow/.local/lib/python3.12/site-packages/airflow/example_dags/example_branch_operator.py
[2024-09-12T00:22:25.114+0000] {processor.py:830} INFO - Processing file /home/airflow/.local/lib/python3.12/site-packages/airflow/example_dags/example_branch_operator.py for tasks to queue
[2024-09-12T00:22:25.116+0000] {logging_mixin.py:188} INFO - [2024-09-12T00:22:25.116+0000] {dagbag.py:545} INFO - Filling up the DagBag from /home/airflow/.local/lib/python3.12/site-packages/airflow/example_dags/example_branch_operator.py
[2024-09-12T00:22:25.137+0000] {processor.py:840} INFO - DAG(s) 'example_branch_operator' retrieved from /home/airflow/.local/lib/python3.12/site-packages/airflow/example_dags/example_branch_operator.py
[2024-09-12T00:22:25.176+0000] {logging_mixin.py:188} INFO - [2024-09-12T00:22:25.176+0000] {dag.py:3089} INFO - Sync 1 DAGs
[2024-09-12T00:22:25.203+0000] {logging_mixin.py:188} INFO - [2024-09-12T00:22:25.202+0000] {dag.py:3947} INFO - Setting next_dagrun for example_branch_operator to 2024-09-11 00:00:00+00:00, run_after=2024-09-12 00:00:00+00:00
[2024-09-12T00:22:25.225+0000] {processor.py:183} INFO - Processing /home/airflow/.local/lib/python3.12/site-packages/airflow/example_dags/example_branch_operator.py took 0.118 seconds
[2024-09-12T00:22:55.932+0000] {processor.py:161} INFO - Started process (PID=363) to work on /home/airflow/.local/lib/python3.12/site-packages/airflow/example_dags/example_branch_operator.py
[2024-09-12T00:22:55.932+0000] {processor.py:830} INFO - Processing file /home/airflow/.local/lib/python3.12/site-packages/airflow/example_dags/example_branch_operator.py for tasks to queue
[2024-09-12T00:22:55.934+0000] {logging_mixin.py:188} INFO - [2024-09-12T00:22:55.934+0000] {dagbag.py:545} INFO - Filling up the DagBag from /home/airflow/.local/lib/python3.12/site-packages/airflow/example_dags/example_branch_operator.py
[2024-09-12T00:22:55.950+0000] {processor.py:840} INFO - DAG(s) 'example_branch_operator' retrieved from /home/airflow/.local/lib/python3.12/site-packages/airflow/example_dags/example_branch_operator.py
[2024-09-12T00:22:55.978+0000] {logging_mixin.py:188} INFO - [2024-09-12T00:22:55.978+0000] {dag.py:3089} INFO - Sync 1 DAGs
[2024-09-12T00:22:56.001+0000] {logging_mixin.py:188} INFO - [2024-09-12T00:22:56.001+0000] {dag.py:3947} INFO - Setting next_dagrun for example_branch_operator to 2024-09-11 00:00:00+00:00, run_after=2024-09-12 00:00:00+00:00
[2024-09-12T00:22:56.023+0000] {processor.py:183} INFO - Processing /home/airflow/.local/lib/python3.12/site-packages/airflow/example_dags/example_branch_operator.py took 0.097 seconds
[2024-09-12T00:23:26.063+0000] {processor.py:161} INFO - Started process (PID=423) to work on /home/airflow/.local/lib/python3.12/site-packages/airflow/example_dags/example_branch_operator.py
[2024-09-12T00:23:26.064+0000] {processor.py:830} INFO - Processing file /home/airflow/.local/lib/python3.12/site-packages/airflow/example_dags/example_branch_operator.py for tasks to queue
[2024-09-12T00:23:26.066+0000] {logging_mixin.py:188} INFO - [2024-09-12T00:23:26.066+0000] {dagbag.py:545} INFO - Filling up the DagBag from /home/airflow/.local/lib/python3.12/site-packages/airflow/example_dags/example_branch_operator.py
[2024-09-12T00:23:26.082+0000] {processor.py:840} INFO - DAG(s) 'example_branch_operator' retrieved from /home/airflow/.local/lib/python3.12/site-packages/airflow/example_dags/example_branch_operator.py
[2024-09-12T00:23:26.111+0000] {logging_mixin.py:188} INFO - [2024-09-12T00:23:26.111+0000] {dag.py:3089} INFO - Sync 1 DAGs
[2024-09-12T00:23:26.136+0000] {logging_mixin.py:188} INFO - [2024-09-12T00:23:26.135+0000] {dag.py:3947} INFO - Setting next_dagrun for example_branch_operator to 2024-09-11 00:00:00+00:00, run_after=2024-09-12 00:00:00+00:00
[2024-09-12T00:23:26.155+0000] {processor.py:183} INFO - Processing /home/airflow/.local/lib/python3.12/site-packages/airflow/example_dags/example_branch_operator.py took 0.098 seconds
[2024-09-12T00:23:56.622+0000] {processor.py:161} INFO - Started process (PID=483) to work on /home/airflow/.local/lib/python3.12/site-packages/airflow/example_dags/example_branch_operator.py
[2024-09-12T00:23:56.623+0000] {processor.py:830} INFO - Processing file /home/airflow/.local/lib/python3.12/site-packages/airflow/example_dags/example_branch_operator.py for tasks to queue
[2024-09-12T00:23:56.624+0000] {logging_mixin.py:188} INFO - [2024-09-12T00:23:56.624+0000] {dagbag.py:545} INFO - Filling up the DagBag from /home/airflow/.local/lib/python3.12/site-packages/airflow/example_dags/example_branch_operator.py
[2024-09-12T00:23:56.641+0000] {processor.py:840} INFO - DAG(s) 'example_branch_operator' retrieved from /home/airflow/.local/lib/python3.12/site-packages/airflow/example_dags/example_branch_operator.py
[2024-09-12T00:23:56.673+0000] {logging_mixin.py:188} INFO - [2024-09-12T00:23:56.672+0000] {dag.py:3089} INFO - Sync 1 DAGs
[2024-09-12T00:23:56.697+0000] {logging_mixin.py:188} INFO - [2024-09-12T00:23:56.697+0000] {dag.py:3947} INFO - Setting next_dagrun for example_branch_operator to 2024-09-11 00:00:00+00:00, run_after=2024-09-12 00:00:00+00:00
[2024-09-12T00:23:56.720+0000] {processor.py:183} INFO - Processing /home/airflow/.local/lib/python3.12/site-packages/airflow/example_dags/example_branch_operator.py took 0.104 seconds
[2024-09-12T00:24:26.849+0000] {processor.py:161} INFO - Started process (PID=543) to work on /home/airflow/.local/lib/python3.12/site-packages/airflow/example_dags/example_branch_operator.py
[2024-09-12T00:24:26.850+0000] {processor.py:830} INFO - Processing file /home/airflow/.local/lib/python3.12/site-packages/airflow/example_dags/example_branch_operator.py for tasks to queue
[2024-09-12T00:24:26.852+0000] {logging_mixin.py:188} INFO - [2024-09-12T00:24:26.852+0000] {dagbag.py:545} INFO - Filling up the DagBag from /home/airflow/.local/lib/python3.12/site-packages/airflow/example_dags/example_branch_operator.py
[2024-09-12T00:24:26.868+0000] {processor.py:840} INFO - DAG(s) 'example_branch_operator' retrieved from /home/airflow/.local/lib/python3.12/site-packages/airflow/example_dags/example_branch_operator.py
[2024-09-12T00:24:26.898+0000] {logging_mixin.py:188} INFO - [2024-09-12T00:24:26.897+0000] {dag.py:3089} INFO - Sync 1 DAGs
[2024-09-12T00:24:26.921+0000] {logging_mixin.py:188} INFO - [2024-09-12T00:24:26.921+0000] {dag.py:3947} INFO - Setting next_dagrun for example_branch_operator to 2024-09-11 00:00:00+00:00, run_after=2024-09-12 00:00:00+00:00
[2024-09-12T00:24:26.942+0000] {processor.py:183} INFO - Processing /home/airflow/.local/lib/python3.12/site-packages/airflow/example_dags/example_branch_operator.py took 0.099 seconds
[2024-09-12T00:24:57.031+0000] {processor.py:161} INFO - Started process (PID=604) to work on /home/airflow/.local/lib/python3.12/site-packages/airflow/example_dags/example_branch_operator.py
[2024-09-12T00:24:57.032+0000] {processor.py:830} INFO - Processing file /home/airflow/.local/lib/python3.12/site-packages/airflow/example_dags/example_branch_operator.py for tasks to queue
[2024-09-12T00:24:57.034+0000] {logging_mixin.py:188} INFO - [2024-09-12T00:24:57.034+0000] {dagbag.py:545} INFO - Filling up the DagBag from /home/airflow/.local/lib/python3.12/site-packages/airflow/example_dags/example_branch_operator.py
[2024-09-12T00:24:57.053+0000] {processor.py:840} INFO - DAG(s) 'example_branch_operator' retrieved from /home/airflow/.local/lib/python3.12/site-packages/airflow/example_dags/example_branch_operator.py
[2024-09-12T00:24:57.081+0000] {logging_mixin.py:188} INFO - [2024-09-12T00:24:57.081+0000] {dag.py:3089} INFO - Sync 1 DAGs
[2024-09-12T00:24:57.105+0000] {logging_mixin.py:188} INFO - [2024-09-12T00:24:57.105+0000] {dag.py:3947} INFO - Setting next_dagrun for example_branch_operator to 2024-09-11 00:00:00+00:00, run_after=2024-09-12 00:00:00+00:00
[2024-09-12T00:24:57.125+0000] {processor.py:183} INFO - Processing /home/airflow/.local/lib/python3.12/site-packages/airflow/example_dags/example_branch_operator.py took 0.100 seconds
[2024-09-12T00:25:27.497+0000] {processor.py:161} INFO - Started process (PID=663) to work on /home/airflow/.local/lib/python3.12/site-packages/airflow/example_dags/example_branch_operator.py
[2024-09-12T00:25:27.498+0000] {processor.py:830} INFO - Processing file /home/airflow/.local/lib/python3.12/site-packages/airflow/example_dags/example_branch_operator.py for tasks to queue
[2024-09-12T00:25:27.500+0000] {logging_mixin.py:188} INFO - [2024-09-12T00:25:27.499+0000] {dagbag.py:545} INFO - Filling up the DagBag from /home/airflow/.local/lib/python3.12/site-packages/airflow/example_dags/example_branch_operator.py
[2024-09-12T00:25:27.516+0000] {processor.py:840} INFO - DAG(s) 'example_branch_operator' retrieved from /home/airflow/.local/lib/python3.12/site-packages/airflow/example_dags/example_branch_operator.py
[2024-09-12T00:25:27.544+0000] {logging_mixin.py:188} INFO - [2024-09-12T00:25:27.544+0000] {dag.py:3089} INFO - Sync 1 DAGs
[2024-09-12T00:25:27.567+0000] {logging_mixin.py:188} INFO - [2024-09-12T00:25:27.567+0000] {dag.py:3947} INFO - Setting next_dagrun for example_branch_operator to 2024-09-11 00:00:00+00:00, run_after=2024-09-12 00:00:00+00:00
[2024-09-12T00:25:27.587+0000] {processor.py:183} INFO - Processing /home/airflow/.local/lib/python3.12/site-packages/airflow/example_dags/example_branch_operator.py took 0.096 seconds
[2024-09-12T00:25:57.632+0000] {processor.py:161} INFO - Started process (PID=723) to work on /home/airflow/.local/lib/python3.12/site-packages/airflow/example_dags/example_branch_operator.py
[2024-09-12T00:25:57.633+0000] {processor.py:830} INFO - Processing file /home/airflow/.local/lib/python3.12/site-packages/airflow/example_dags/example_branch_operator.py for tasks to queue
[2024-09-12T00:25:57.635+0000] {logging_mixin.py:188} INFO - [2024-09-12T00:25:57.635+0000] {dagbag.py:545} INFO - Filling up the DagBag from /home/airflow/.local/lib/python3.12/site-packages/airflow/example_dags/example_branch_operator.py
[2024-09-12T00:25:57.650+0000] {processor.py:840} INFO - DAG(s) 'example_branch_operator' retrieved from /home/airflow/.local/lib/python3.12/site-packages/airflow/example_dags/example_branch_operator.py
[2024-09-12T00:25:57.678+0000] {logging_mixin.py:188} INFO - [2024-09-12T00:25:57.678+0000] {dag.py:3089} INFO - Sync 1 DAGs
[2024-09-12T00:25:57.700+0000] {logging_mixin.py:188} INFO - [2024-09-12T00:25:57.700+0000] {dag.py:3947} INFO - Setting next_dagrun for example_branch_operator to 2024-09-11 00:00:00+00:00, run_after=2024-09-12 00:00:00+00:00
[2024-09-12T00:25:57.720+0000] {processor.py:183} INFO - Processing /home/airflow/.local/lib/python3.12/site-packages/airflow/example_dags/example_branch_operator.py took 0.093 seconds
[2024-09-12T00:26:27.880+0000] {processor.py:161} INFO - Started process (PID=783) to work on /home/airflow/.local/lib/python3.12/site-packages/airflow/example_dags/example_branch_operator.py
[2024-09-12T00:26:27.881+0000] {processor.py:830} INFO - Processing file /home/airflow/.local/lib/python3.12/site-packages/airflow/example_dags/example_branch_operator.py for tasks to queue
[2024-09-12T00:26:27.882+0000] {logging_mixin.py:188} INFO - [2024-09-12T00:26:27.882+0000] {dagbag.py:545} INFO - Filling up the DagBag from /home/airflow/.local/lib/python3.12/site-packages/airflow/example_dags/example_branch_operator.py
[2024-09-12T00:26:27.899+0000] {processor.py:840} INFO - DAG(s) 'example_branch_operator' retrieved from /home/airflow/.local/lib/python3.12/site-packages/airflow/example_dags/example_branch_operator.py
[2024-09-12T00:26:27.930+0000] {logging_mixin.py:188} INFO - [2024-09-12T00:26:27.930+0000] {dag.py:3089} INFO - Sync 1 DAGs
[2024-09-12T00:26:27.952+0000] {logging_mixin.py:188} INFO - [2024-09-12T00:26:27.951+0000] {dag.py:3947} INFO - Setting next_dagrun for example_branch_operator to 2024-09-11 00:00:00+00:00, run_after=2024-09-12 00:00:00+00:00
[2024-09-12T00:26:27.974+0000] {processor.py:183} INFO - Processing /home/airflow/.local/lib/python3.12/site-packages/airflow/example_dags/example_branch_operator.py took 0.100 seconds
[2024-09-12T00:26:58.473+0000] {processor.py:161} INFO - Started process (PID=843) to work on /home/airflow/.local/lib/python3.12/site-packages/airflow/example_dags/example_branch_operator.py
[2024-09-12T00:26:58.474+0000] {processor.py:830} INFO - Processing file /home/airflow/.local/lib/python3.12/site-packages/airflow/example_dags/example_branch_operator.py for tasks to queue
[2024-09-12T00:26:58.476+0000] {logging_mixin.py:188} INFO - [2024-09-12T00:26:58.476+0000] {dagbag.py:545} INFO - Filling up the DagBag from /home/airflow/.local/lib/python3.12/site-packages/airflow/example_dags/example_branch_operator.py
[2024-09-12T00:26:58.493+0000] {processor.py:840} INFO - DAG(s) 'example_branch_operator' retrieved from /home/airflow/.local/lib/python3.12/site-packages/airflow/example_dags/example_branch_operator.py
[2024-09-12T00:26:58.524+0000] {logging_mixin.py:188} INFO - [2024-09-12T00:26:58.524+0000] {dag.py:3089} INFO - Sync 1 DAGs
[2024-09-12T00:26:58.549+0000] {logging_mixin.py:188} INFO - [2024-09-12T00:26:58.548+0000] {dag.py:3947} INFO - Setting next_dagrun for example_branch_operator to 2024-09-11 00:00:00+00:00, run_after=2024-09-12 00:00:00+00:00
[2024-09-12T00:26:58.570+0000] {processor.py:183} INFO - Processing /home/airflow/.local/lib/python3.12/site-packages/airflow/example_dags/example_branch_operator.py took 0.103 seconds
[2024-09-12T00:27:29.011+0000] {processor.py:161} INFO - Started process (PID=903) to work on /home/airflow/.local/lib/python3.12/site-packages/airflow/example_dags/example_branch_operator.py
[2024-09-12T00:27:29.012+0000] {processor.py:830} INFO - Processing file /home/airflow/.local/lib/python3.12/site-packages/airflow/example_dags/example_branch_operator.py for tasks to queue
[2024-09-12T00:27:29.014+0000] {logging_mixin.py:188} INFO - [2024-09-12T00:27:29.014+0000] {dagbag.py:545} INFO - Filling up the DagBag from /home/airflow/.local/lib/python3.12/site-packages/airflow/example_dags/example_branch_operator.py
[2024-09-12T00:27:29.030+0000] {processor.py:840} INFO - DAG(s) 'example_branch_operator' retrieved from /home/airflow/.local/lib/python3.12/site-packages/airflow/example_dags/example_branch_operator.py
[2024-09-12T00:27:29.060+0000] {logging_mixin.py:188} INFO - [2024-09-12T00:27:29.059+0000] {dag.py:3089} INFO - Sync 1 DAGs
[2024-09-12T00:27:29.082+0000] {logging_mixin.py:188} INFO - [2024-09-12T00:27:29.082+0000] {dag.py:3947} INFO - Setting next_dagrun for example_branch_operator to 2024-09-11 00:00:00+00:00, run_after=2024-09-12 00:00:00+00:00
[2024-09-12T00:27:29.102+0000] {processor.py:183} INFO - Processing /home/airflow/.local/lib/python3.12/site-packages/airflow/example_dags/example_branch_operator.py took 0.098 seconds
[2024-09-12T00:27:59.242+0000] {processor.py:161} INFO - Started process (PID=963) to work on /home/airflow/.local/lib/python3.12/site-packages/airflow/example_dags/example_branch_operator.py
[2024-09-12T00:27:59.243+0000] {processor.py:830} INFO - Processing file /home/airflow/.local/lib/python3.12/site-packages/airflow/example_dags/example_branch_operator.py for tasks to queue
[2024-09-12T00:27:59.245+0000] {logging_mixin.py:188} INFO - [2024-09-12T00:27:59.244+0000] {dagbag.py:545} INFO - Filling up the DagBag from /home/airflow/.local/lib/python3.12/site-packages/airflow/example_dags/example_branch_operator.py
[2024-09-12T00:27:59.261+0000] {processor.py:840} INFO - DAG(s) 'example_branch_operator' retrieved from /home/airflow/.local/lib/python3.12/site-packages/airflow/example_dags/example_branch_operator.py
[2024-09-12T00:27:59.289+0000] {logging_mixin.py:188} INFO - [2024-09-12T00:27:59.289+0000] {dag.py:3089} INFO - Sync 1 DAGs
[2024-09-12T00:27:59.312+0000] {logging_mixin.py:188} INFO - [2024-09-12T00:27:59.312+0000] {dag.py:3947} INFO - Setting next_dagrun for example_branch_operator to 2024-09-11 00:00:00+00:00, run_after=2024-09-12 00:00:00+00:00
[2024-09-12T00:27:59.331+0000] {processor.py:183} INFO - Processing /home/airflow/.local/lib/python3.12/site-packages/airflow/example_dags/example_branch_operator.py took 0.095 seconds
[2024-09-12T00:28:29.522+0000] {processor.py:161} INFO - Started process (PID=1023) to work on /home/airflow/.local/lib/python3.12/site-packages/airflow/example_dags/example_branch_operator.py
[2024-09-12T00:28:29.523+0000] {processor.py:830} INFO - Processing file /home/airflow/.local/lib/python3.12/site-packages/airflow/example_dags/example_branch_operator.py for tasks to queue
[2024-09-12T00:28:29.524+0000] {logging_mixin.py:188} INFO - [2024-09-12T00:28:29.524+0000] {dagbag.py:545} INFO - Filling up the DagBag from /home/airflow/.local/lib/python3.12/site-packages/airflow/example_dags/example_branch_operator.py
[2024-09-12T00:28:29.540+0000] {processor.py:840} INFO - DAG(s) 'example_branch_operator' retrieved from /home/airflow/.local/lib/python3.12/site-packages/airflow/example_dags/example_branch_operator.py
[2024-09-12T00:28:29.576+0000] {logging_mixin.py:188} INFO - [2024-09-12T00:28:29.575+0000] {dag.py:3089} INFO - Sync 1 DAGs
[2024-09-12T00:28:29.598+0000] {logging_mixin.py:188} INFO - [2024-09-12T00:28:29.598+0000] {dag.py:3947} INFO - Setting next_dagrun for example_branch_operator to 2024-09-11 00:00:00+00:00, run_after=2024-09-12 00:00:00+00:00
[2024-09-12T00:28:29.618+0000] {processor.py:183} INFO - Processing /home/airflow/.local/lib/python3.12/site-packages/airflow/example_dags/example_branch_operator.py took 0.102 seconds
[2024-09-12T00:28:59.914+0000] {processor.py:161} INFO - Started process (PID=1083) to work on /home/airflow/.local/lib/python3.12/site-packages/airflow/example_dags/example_branch_operator.py
[2024-09-12T00:28:59.915+0000] {processor.py:830} INFO - Processing file /home/airflow/.local/lib/python3.12/site-packages/airflow/example_dags/example_branch_operator.py for tasks to queue
[2024-09-12T00:28:59.917+0000] {logging_mixin.py:188} INFO - [2024-09-12T00:28:59.917+0000] {dagbag.py:545} INFO - Filling up the DagBag from /home/airflow/.local/lib/python3.12/site-packages/airflow/example_dags/example_branch_operator.py
[2024-09-12T00:28:59.933+0000] {processor.py:840} INFO - DAG(s) 'example_branch_operator' retrieved from /home/airflow/.local/lib/python3.12/site-packages/airflow/example_dags/example_branch_operator.py
[2024-09-12T00:28:59.961+0000] {logging_mixin.py:188} INFO - [2024-09-12T00:28:59.960+0000] {dag.py:3089} INFO - Sync 1 DAGs
[2024-09-12T00:28:59.983+0000] {logging_mixin.py:188} INFO - [2024-09-12T00:28:59.983+0000] {dag.py:3947} INFO - Setting next_dagrun for example_branch_operator to 2024-09-11 00:00:00+00:00, run_after=2024-09-12 00:00:00+00:00
[2024-09-12T00:29:00.002+0000] {processor.py:183} INFO - Processing /home/airflow/.local/lib/python3.12/site-packages/airflow/example_dags/example_branch_operator.py took 0.094 seconds
[2024-09-12T00:29:30.341+0000] {processor.py:161} INFO - Started process (PID=1143) to work on /home/airflow/.local/lib/python3.12/site-packages/airflow/example_dags/example_branch_operator.py
[2024-09-12T00:29:30.342+0000] {processor.py:830} INFO - Processing file /home/airflow/.local/lib/python3.12/site-packages/airflow/example_dags/example_branch_operator.py for tasks to queue
[2024-09-12T00:29:30.344+0000] {logging_mixin.py:188} INFO - [2024-09-12T00:29:30.344+0000] {dagbag.py:545} INFO - Filling up the DagBag from /home/airflow/.local/lib/python3.12/site-packages/airflow/example_dags/example_branch_operator.py
[2024-09-12T00:29:30.360+0000] {processor.py:840} INFO - DAG(s) 'example_branch_operator' retrieved from /home/airflow/.local/lib/python3.12/site-packages/airflow/example_dags/example_branch_operator.py
[2024-09-12T00:29:30.388+0000] {logging_mixin.py:188} INFO - [2024-09-12T00:29:30.388+0000] {dag.py:3089} INFO - Sync 1 DAGs
[2024-09-12T00:29:30.415+0000] {logging_mixin.py:188} INFO - [2024-09-12T00:29:30.415+0000] {dag.py:3947} INFO - Setting next_dagrun for example_branch_operator to 2024-09-11 00:00:00+00:00, run_after=2024-09-12 00:00:00+00:00
[2024-09-12T00:29:30.551+0000] {processor.py:183} INFO - Processing /home/airflow/.local/lib/python3.12/site-packages/airflow/example_dags/example_branch_operator.py took 0.215 seconds
[2024-09-12T00:30:00.872+0000] {processor.py:161} INFO - Started process (PID=1203) to work on /home/airflow/.local/lib/python3.12/site-packages/airflow/example_dags/example_branch_operator.py
[2024-09-12T00:30:00.873+0000] {processor.py:830} INFO - Processing file /home/airflow/.local/lib/python3.12/site-packages/airflow/example_dags/example_branch_operator.py for tasks to queue
[2024-09-12T00:30:00.875+0000] {logging_mixin.py:188} INFO - [2024-09-12T00:30:00.874+0000] {dagbag.py:545} INFO - Filling up the DagBag from /home/airflow/.local/lib/python3.12/site-packages/airflow/example_dags/example_branch_operator.py
[2024-09-12T00:30:00.891+0000] {processor.py:840} INFO - DAG(s) 'example_branch_operator' retrieved from /home/airflow/.local/lib/python3.12/site-packages/airflow/example_dags/example_branch_operator.py
[2024-09-12T00:30:00.919+0000] {logging_mixin.py:188} INFO - [2024-09-12T00:30:00.919+0000] {dag.py:3089} INFO - Sync 1 DAGs
[2024-09-12T00:30:00.941+0000] {logging_mixin.py:188} INFO - [2024-09-12T00:30:00.941+0000] {dag.py:3947} INFO - Setting next_dagrun for example_branch_operator to 2024-09-11 00:00:00+00:00, run_after=2024-09-12 00:00:00+00:00
[2024-09-12T00:30:00.962+0000] {processor.py:183} INFO - Processing /home/airflow/.local/lib/python3.12/site-packages/airflow/example_dags/example_branch_operator.py took 0.095 seconds
[2024-09-12T00:30:31.166+0000] {processor.py:161} INFO - Started process (PID=1263) to work on /home/airflow/.local/lib/python3.12/site-packages/airflow/example_dags/example_branch_operator.py
[2024-09-12T00:30:31.167+0000] {processor.py:830} INFO - Processing file /home/airflow/.local/lib/python3.12/site-packages/airflow/example_dags/example_branch_operator.py for tasks to queue
[2024-09-12T00:30:31.169+0000] {logging_mixin.py:188} INFO - [2024-09-12T00:30:31.168+0000] {dagbag.py:545} INFO - Filling up the DagBag from /home/airflow/.local/lib/python3.12/site-packages/airflow/example_dags/example_branch_operator.py
[2024-09-12T00:30:31.184+0000] {processor.py:840} INFO - DAG(s) 'example_branch_operator' retrieved from /home/airflow/.local/lib/python3.12/site-packages/airflow/example_dags/example_branch_operator.py
[2024-09-12T00:30:31.212+0000] {logging_mixin.py:188} INFO - [2024-09-12T00:30:31.212+0000] {dag.py:3089} INFO - Sync 1 DAGs
[2024-09-12T00:30:31.235+0000] {logging_mixin.py:188} INFO - [2024-09-12T00:30:31.235+0000] {dag.py:3947} INFO - Setting next_dagrun for example_branch_operator to 2024-09-11 00:00:00+00:00, run_after=2024-09-12 00:00:00+00:00
[2024-09-12T00:30:31.257+0000] {processor.py:183} INFO - Processing /home/airflow/.local/lib/python3.12/site-packages/airflow/example_dags/example_branch_operator.py took 0.096 seconds
[2024-09-12T00:31:01.433+0000] {processor.py:161} INFO - Started process (PID=1323) to work on /home/airflow/.local/lib/python3.12/site-packages/airflow/example_dags/example_branch_operator.py
[2024-09-12T00:31:01.434+0000] {processor.py:830} INFO - Processing file /home/airflow/.local/lib/python3.12/site-packages/airflow/example_dags/example_branch_operator.py for tasks to queue
[2024-09-12T00:31:01.436+0000] {logging_mixin.py:188} INFO - [2024-09-12T00:31:01.435+0000] {dagbag.py:545} INFO - Filling up the DagBag from /home/airflow/.local/lib/python3.12/site-packages/airflow/example_dags/example_branch_operator.py
[2024-09-12T00:31:01.452+0000] {processor.py:840} INFO - DAG(s) 'example_branch_operator' retrieved from /home/airflow/.local/lib/python3.12/site-packages/airflow/example_dags/example_branch_operator.py
[2024-09-12T00:31:01.481+0000] {logging_mixin.py:188} INFO - [2024-09-12T00:31:01.480+0000] {dag.py:3089} INFO - Sync 1 DAGs
[2024-09-12T00:31:01.503+0000] {logging_mixin.py:188} INFO - [2024-09-12T00:31:01.503+0000] {dag.py:3947} INFO - Setting next_dagrun for example_branch_operator to 2024-09-11 00:00:00+00:00, run_after=2024-09-12 00:00:00+00:00
[2024-09-12T00:31:01.525+0000] {processor.py:183} INFO - Processing /home/airflow/.local/lib/python3.12/site-packages/airflow/example_dags/example_branch_operator.py took 0.097 seconds
[2024-09-12T00:31:31.937+0000] {processor.py:161} INFO - Started process (PID=1383) to work on /home/airflow/.local/lib/python3.12/site-packages/airflow/example_dags/example_branch_operator.py
[2024-09-12T00:31:31.938+0000] {processor.py:830} INFO - Processing file /home/airflow/.local/lib/python3.12/site-packages/airflow/example_dags/example_branch_operator.py for tasks to queue
[2024-09-12T00:31:31.940+0000] {logging_mixin.py:188} INFO - [2024-09-12T00:31:31.940+0000] {dagbag.py:545} INFO - Filling up the DagBag from /home/airflow/.local/lib/python3.12/site-packages/airflow/example_dags/example_branch_operator.py
[2024-09-12T00:31:31.956+0000] {processor.py:840} INFO - DAG(s) 'example_branch_operator' retrieved from /home/airflow/.local/lib/python3.12/site-packages/airflow/example_dags/example_branch_operator.py
[2024-09-12T00:31:31.984+0000] {logging_mixin.py:188} INFO - [2024-09-12T00:31:31.983+0000] {dag.py:3089} INFO - Sync 1 DAGs
[2024-09-12T00:31:32.005+0000] {logging_mixin.py:188} INFO - [2024-09-12T00:31:32.005+0000] {dag.py:3947} INFO - Setting next_dagrun for example_branch_operator to 2024-09-11 00:00:00+00:00, run_after=2024-09-12 00:00:00+00:00
[2024-09-12T00:31:32.026+0000] {processor.py:183} INFO - Processing /home/airflow/.local/lib/python3.12/site-packages/airflow/example_dags/example_branch_operator.py took 0.095 seconds
[2024-09-12T00:32:02.882+0000] {processor.py:161} INFO - Started process (PID=1443) to work on /home/airflow/.local/lib/python3.12/site-packages/airflow/example_dags/example_branch_operator.py
[2024-09-12T00:32:02.883+0000] {processor.py:830} INFO - Processing file /home/airflow/.local/lib/python3.12/site-packages/airflow/example_dags/example_branch_operator.py for tasks to queue
[2024-09-12T00:32:02.885+0000] {logging_mixin.py:188} INFO - [2024-09-12T00:32:02.885+0000] {dagbag.py:545} INFO - Filling up the DagBag from /home/airflow/.local/lib/python3.12/site-packages/airflow/example_dags/example_branch_operator.py
[2024-09-12T00:32:02.903+0000] {processor.py:840} INFO - DAG(s) 'example_branch_operator' retrieved from /home/airflow/.local/lib/python3.12/site-packages/airflow/example_dags/example_branch_operator.py
[2024-09-12T00:32:02.933+0000] {logging_mixin.py:188} INFO - [2024-09-12T00:32:02.932+0000] {dag.py:3089} INFO - Sync 1 DAGs
[2024-09-12T00:32:02.959+0000] {logging_mixin.py:188} INFO - [2024-09-12T00:32:02.958+0000] {dag.py:3947} INFO - Setting next_dagrun for example_branch_operator to 2024-09-11 00:00:00+00:00, run_after=2024-09-12 00:00:00+00:00
[2024-09-12T00:32:02.996+0000] {processor.py:183} INFO - Processing /home/airflow/.local/lib/python3.12/site-packages/airflow/example_dags/example_branch_operator.py took 0.120 seconds
[2024-09-12T00:32:33.158+0000] {processor.py:161} INFO - Started process (PID=1503) to work on /home/airflow/.local/lib/python3.12/site-packages/airflow/example_dags/example_branch_operator.py
[2024-09-12T00:32:33.159+0000] {processor.py:830} INFO - Processing file /home/airflow/.local/lib/python3.12/site-packages/airflow/example_dags/example_branch_operator.py for tasks to queue
[2024-09-12T00:32:33.160+0000] {logging_mixin.py:188} INFO - [2024-09-12T00:32:33.160+0000] {dagbag.py:545} INFO - Filling up the DagBag from /home/airflow/.local/lib/python3.12/site-packages/airflow/example_dags/example_branch_operator.py
[2024-09-12T00:32:33.176+0000] {processor.py:840} INFO - DAG(s) 'example_branch_operator' retrieved from /home/airflow/.local/lib/python3.12/site-packages/airflow/example_dags/example_branch_operator.py
[2024-09-12T00:32:33.203+0000] {logging_mixin.py:188} INFO - [2024-09-12T00:32:33.203+0000] {dag.py:3089} INFO - Sync 1 DAGs
[2024-09-12T00:32:33.226+0000] {logging_mixin.py:188} INFO - [2024-09-12T00:32:33.225+0000] {dag.py:3947} INFO - Setting next_dagrun for example_branch_operator to 2024-09-11 00:00:00+00:00, run_after=2024-09-12 00:00:00+00:00
[2024-09-12T00:32:33.248+0000] {processor.py:183} INFO - Processing /home/airflow/.local/lib/python3.12/site-packages/airflow/example_dags/example_branch_operator.py took 0.096 seconds
[2024-09-12T00:33:03.479+0000] {processor.py:161} INFO - Started process (PID=1563) to work on /home/airflow/.local/lib/python3.12/site-packages/airflow/example_dags/example_branch_operator.py
[2024-09-12T00:33:03.480+0000] {processor.py:830} INFO - Processing file /home/airflow/.local/lib/python3.12/site-packages/airflow/example_dags/example_branch_operator.py for tasks to queue
[2024-09-12T00:33:03.482+0000] {logging_mixin.py:188} INFO - [2024-09-12T00:33:03.481+0000] {dagbag.py:545} INFO - Filling up the DagBag from /home/airflow/.local/lib/python3.12/site-packages/airflow/example_dags/example_branch_operator.py
[2024-09-12T00:33:03.498+0000] {processor.py:840} INFO - DAG(s) 'example_branch_operator' retrieved from /home/airflow/.local/lib/python3.12/site-packages/airflow/example_dags/example_branch_operator.py
[2024-09-12T00:33:03.526+0000] {logging_mixin.py:188} INFO - [2024-09-12T00:33:03.526+0000] {dag.py:3089} INFO - Sync 1 DAGs
[2024-09-12T00:33:03.549+0000] {logging_mixin.py:188} INFO - [2024-09-12T00:33:03.549+0000] {dag.py:3947} INFO - Setting next_dagrun for example_branch_operator to 2024-09-11 00:00:00+00:00, run_after=2024-09-12 00:00:00+00:00
[2024-09-12T00:33:03.568+0000] {processor.py:183} INFO - Processing /home/airflow/.local/lib/python3.12/site-packages/airflow/example_dags/example_branch_operator.py took 0.095 seconds
[2024-09-12T00:33:33.674+0000] {processor.py:161} INFO - Started process (PID=1623) to work on /home/airflow/.local/lib/python3.12/site-packages/airflow/example_dags/example_branch_operator.py
[2024-09-12T00:33:33.675+0000] {processor.py:830} INFO - Processing file /home/airflow/.local/lib/python3.12/site-packages/airflow/example_dags/example_branch_operator.py for tasks to queue
[2024-09-12T00:33:33.677+0000] {logging_mixin.py:188} INFO - [2024-09-12T00:33:33.676+0000] {dagbag.py:545} INFO - Filling up the DagBag from /home/airflow/.local/lib/python3.12/site-packages/airflow/example_dags/example_branch_operator.py
[2024-09-12T00:33:33.693+0000] {processor.py:840} INFO - DAG(s) 'example_branch_operator' retrieved from /home/airflow/.local/lib/python3.12/site-packages/airflow/example_dags/example_branch_operator.py
[2024-09-12T00:33:33.723+0000] {logging_mixin.py:188} INFO - [2024-09-12T00:33:33.723+0000] {dag.py:3089} INFO - Sync 1 DAGs
[2024-09-12T00:33:33.748+0000] {logging_mixin.py:188} INFO - [2024-09-12T00:33:33.748+0000] {dag.py:3947} INFO - Setting next_dagrun for example_branch_operator to 2024-09-11 00:00:00+00:00, run_after=2024-09-12 00:00:00+00:00
[2024-09-12T00:33:33.768+0000] {processor.py:183} INFO - Processing /home/airflow/.local/lib/python3.12/site-packages/airflow/example_dags/example_branch_operator.py took 0.101 seconds
[2024-09-12T00:34:04.393+0000] {processor.py:161} INFO - Started process (PID=1683) to work on /home/airflow/.local/lib/python3.12/site-packages/airflow/example_dags/example_branch_operator.py
[2024-09-12T00:34:04.395+0000] {processor.py:830} INFO - Processing file /home/airflow/.local/lib/python3.12/site-packages/airflow/example_dags/example_branch_operator.py for tasks to queue
[2024-09-12T00:34:04.397+0000] {logging_mixin.py:188} INFO - [2024-09-12T00:34:04.397+0000] {dagbag.py:545} INFO - Filling up the DagBag from /home/airflow/.local/lib/python3.12/site-packages/airflow/example_dags/example_branch_operator.py
[2024-09-12T00:34:04.415+0000] {processor.py:840} INFO - DAG(s) 'example_branch_operator' retrieved from /home/airflow/.local/lib/python3.12/site-packages/airflow/example_dags/example_branch_operator.py
[2024-09-12T00:34:04.445+0000] {logging_mixin.py:188} INFO - [2024-09-12T00:34:04.445+0000] {dag.py:3089} INFO - Sync 1 DAGs
[2024-09-12T00:34:04.477+0000] {logging_mixin.py:188} INFO - [2024-09-12T00:34:04.477+0000] {dag.py:3947} INFO - Setting next_dagrun for example_branch_operator to 2024-09-11 00:00:00+00:00, run_after=2024-09-12 00:00:00+00:00
[2024-09-12T00:34:04.501+0000] {processor.py:183} INFO - Processing /home/airflow/.local/lib/python3.12/site-packages/airflow/example_dags/example_branch_operator.py took 0.116 seconds
[2024-09-12T00:34:34.727+0000] {processor.py:161} INFO - Started process (PID=1743) to work on /home/airflow/.local/lib/python3.12/site-packages/airflow/example_dags/example_branch_operator.py
[2024-09-12T00:34:34.728+0000] {processor.py:830} INFO - Processing file /home/airflow/.local/lib/python3.12/site-packages/airflow/example_dags/example_branch_operator.py for tasks to queue
[2024-09-12T00:34:34.730+0000] {logging_mixin.py:188} INFO - [2024-09-12T00:34:34.729+0000] {dagbag.py:545} INFO - Filling up the DagBag from /home/airflow/.local/lib/python3.12/site-packages/airflow/example_dags/example_branch_operator.py
[2024-09-12T00:34:34.746+0000] {processor.py:840} INFO - DAG(s) 'example_branch_operator' retrieved from /home/airflow/.local/lib/python3.12/site-packages/airflow/example_dags/example_branch_operator.py
[2024-09-12T00:34:34.774+0000] {logging_mixin.py:188} INFO - [2024-09-12T00:34:34.773+0000] {dag.py:3089} INFO - Sync 1 DAGs
[2024-09-12T00:34:34.799+0000] {logging_mixin.py:188} INFO - [2024-09-12T00:34:34.798+0000] {dag.py:3947} INFO - Setting next_dagrun for example_branch_operator to 2024-09-11 00:00:00+00:00, run_after=2024-09-12 00:00:00+00:00
[2024-09-12T00:34:34.820+0000] {processor.py:183} INFO - Processing /home/airflow/.local/lib/python3.12/site-packages/airflow/example_dags/example_branch_operator.py took 0.100 seconds
[2024-09-12T00:35:04.937+0000] {processor.py:161} INFO - Started process (PID=1803) to work on /home/airflow/.local/lib/python3.12/site-packages/airflow/example_dags/example_branch_operator.py
[2024-09-12T00:35:04.938+0000] {processor.py:830} INFO - Processing file /home/airflow/.local/lib/python3.12/site-packages/airflow/example_dags/example_branch_operator.py for tasks to queue
[2024-09-12T00:35:04.940+0000] {logging_mixin.py:188} INFO - [2024-09-12T00:35:04.940+0000] {dagbag.py:545} INFO - Filling up the DagBag from /home/airflow/.local/lib/python3.12/site-packages/airflow/example_dags/example_branch_operator.py
[2024-09-12T00:35:04.956+0000] {processor.py:840} INFO - DAG(s) 'example_branch_operator' retrieved from /home/airflow/.local/lib/python3.12/site-packages/airflow/example_dags/example_branch_operator.py
[2024-09-12T00:35:04.984+0000] {logging_mixin.py:188} INFO - [2024-09-12T00:35:04.984+0000] {dag.py:3089} INFO - Sync 1 DAGs
[2024-09-12T00:35:05.009+0000] {logging_mixin.py:188} INFO - [2024-09-12T00:35:05.009+0000] {dag.py:3947} INFO - Setting next_dagrun for example_branch_operator to 2024-09-11 00:00:00+00:00, run_after=2024-09-12 00:00:00+00:00
[2024-09-12T00:35:05.031+0000] {processor.py:183} INFO - Processing /home/airflow/.local/lib/python3.12/site-packages/airflow/example_dags/example_branch_operator.py took 0.100 seconds
[2024-09-12T00:35:35.413+0000] {processor.py:161} INFO - Started process (PID=1863) to work on /home/airflow/.local/lib/python3.12/site-packages/airflow/example_dags/example_branch_operator.py
[2024-09-12T00:35:35.414+0000] {processor.py:830} INFO - Processing file /home/airflow/.local/lib/python3.12/site-packages/airflow/example_dags/example_branch_operator.py for tasks to queue
[2024-09-12T00:35:35.416+0000] {logging_mixin.py:188} INFO - [2024-09-12T00:35:35.416+0000] {dagbag.py:545} INFO - Filling up the DagBag from /home/airflow/.local/lib/python3.12/site-packages/airflow/example_dags/example_branch_operator.py
[2024-09-12T00:35:35.435+0000] {processor.py:840} INFO - DAG(s) 'example_branch_operator' retrieved from /home/airflow/.local/lib/python3.12/site-packages/airflow/example_dags/example_branch_operator.py
[2024-09-12T00:35:35.467+0000] {logging_mixin.py:188} INFO - [2024-09-12T00:35:35.466+0000] {dag.py:3089} INFO - Sync 1 DAGs
[2024-09-12T00:35:35.493+0000] {logging_mixin.py:188} INFO - [2024-09-12T00:35:35.492+0000] {dag.py:3947} INFO - Setting next_dagrun for example_branch_operator to 2024-09-11 00:00:00+00:00, run_after=2024-09-12 00:00:00+00:00
[2024-09-12T00:35:35.518+0000] {processor.py:183} INFO - Processing /home/airflow/.local/lib/python3.12/site-packages/airflow/example_dags/example_branch_operator.py took 0.113 seconds
[2024-09-12T00:36:05.744+0000] {processor.py:161} INFO - Started process (PID=1923) to work on /home/airflow/.local/lib/python3.12/site-packages/airflow/example_dags/example_branch_operator.py
[2024-09-12T00:36:05.745+0000] {processor.py:830} INFO - Processing file /home/airflow/.local/lib/python3.12/site-packages/airflow/example_dags/example_branch_operator.py for tasks to queue
[2024-09-12T00:36:05.747+0000] {logging_mixin.py:188} INFO - [2024-09-12T00:36:05.746+0000] {dagbag.py:545} INFO - Filling up the DagBag from /home/airflow/.local/lib/python3.12/site-packages/airflow/example_dags/example_branch_operator.py
[2024-09-12T00:36:05.763+0000] {processor.py:840} INFO - DAG(s) 'example_branch_operator' retrieved from /home/airflow/.local/lib/python3.12/site-packages/airflow/example_dags/example_branch_operator.py
[2024-09-12T00:36:05.789+0000] {logging_mixin.py:188} INFO - [2024-09-12T00:36:05.789+0000] {dag.py:3089} INFO - Sync 1 DAGs
[2024-09-12T00:36:05.812+0000] {logging_mixin.py:188} INFO - [2024-09-12T00:36:05.812+0000] {dag.py:3947} INFO - Setting next_dagrun for example_branch_operator to 2024-09-11 00:00:00+00:00, run_after=2024-09-12 00:00:00+00:00
[2024-09-12T00:36:05.832+0000] {processor.py:183} INFO - Processing /home/airflow/.local/lib/python3.12/site-packages/airflow/example_dags/example_branch_operator.py took 0.094 seconds
[2024-09-12T00:36:35.962+0000] {processor.py:161} INFO - Started process (PID=1983) to work on /home/airflow/.local/lib/python3.12/site-packages/airflow/example_dags/example_branch_operator.py
[2024-09-12T00:36:35.963+0000] {processor.py:830} INFO - Processing file /home/airflow/.local/lib/python3.12/site-packages/airflow/example_dags/example_branch_operator.py for tasks to queue
[2024-09-12T00:36:35.964+0000] {logging_mixin.py:188} INFO - [2024-09-12T00:36:35.964+0000] {dagbag.py:545} INFO - Filling up the DagBag from /home/airflow/.local/lib/python3.12/site-packages/airflow/example_dags/example_branch_operator.py
[2024-09-12T00:36:35.986+0000] {processor.py:840} INFO - DAG(s) 'example_branch_operator' retrieved from /home/airflow/.local/lib/python3.12/site-packages/airflow/example_dags/example_branch_operator.py
[2024-09-12T00:36:36.018+0000] {logging_mixin.py:188} INFO - [2024-09-12T00:36:36.017+0000] {dag.py:3089} INFO - Sync 1 DAGs
[2024-09-12T00:36:36.044+0000] {logging_mixin.py:188} INFO - [2024-09-12T00:36:36.044+0000] {dag.py:3947} INFO - Setting next_dagrun for example_branch_operator to 2024-09-11 00:00:00+00:00, run_after=2024-09-12 00:00:00+00:00
[2024-09-12T00:36:36.069+0000] {processor.py:183} INFO - Processing /home/airflow/.local/lib/python3.12/site-packages/airflow/example_dags/example_branch_operator.py took 0.113 seconds
[2024-09-12T00:37:06.130+0000] {processor.py:161} INFO - Started process (PID=2043) to work on /home/airflow/.local/lib/python3.12/site-packages/airflow/example_dags/example_branch_operator.py
[2024-09-12T00:37:06.131+0000] {processor.py:830} INFO - Processing file /home/airflow/.local/lib/python3.12/site-packages/airflow/example_dags/example_branch_operator.py for tasks to queue
[2024-09-12T00:37:06.133+0000] {logging_mixin.py:188} INFO - [2024-09-12T00:37:06.132+0000] {dagbag.py:545} INFO - Filling up the DagBag from /home/airflow/.local/lib/python3.12/site-packages/airflow/example_dags/example_branch_operator.py
[2024-09-12T00:37:06.150+0000] {processor.py:840} INFO - DAG(s) 'example_branch_operator' retrieved from /home/airflow/.local/lib/python3.12/site-packages/airflow/example_dags/example_branch_operator.py
[2024-09-12T00:37:06.178+0000] {logging_mixin.py:188} INFO - [2024-09-12T00:37:06.178+0000] {dag.py:3089} INFO - Sync 1 DAGs
[2024-09-12T00:37:06.203+0000] {logging_mixin.py:188} INFO - [2024-09-12T00:37:06.202+0000] {dag.py:3947} INFO - Setting next_dagrun for example_branch_operator to 2024-09-11 00:00:00+00:00, run_after=2024-09-12 00:00:00+00:00
[2024-09-12T00:37:06.225+0000] {processor.py:183} INFO - Processing /home/airflow/.local/lib/python3.12/site-packages/airflow/example_dags/example_branch_operator.py took 0.101 seconds
[2024-09-12T00:37:36.824+0000] {processor.py:161} INFO - Started process (PID=2100) to work on /home/airflow/.local/lib/python3.12/site-packages/airflow/example_dags/example_branch_operator.py
[2024-09-12T00:37:36.825+0000] {processor.py:830} INFO - Processing file /home/airflow/.local/lib/python3.12/site-packages/airflow/example_dags/example_branch_operator.py for tasks to queue
[2024-09-12T00:37:36.827+0000] {logging_mixin.py:188} INFO - [2024-09-12T00:37:36.827+0000] {dagbag.py:545} INFO - Filling up the DagBag from /home/airflow/.local/lib/python3.12/site-packages/airflow/example_dags/example_branch_operator.py
[2024-09-12T00:37:36.844+0000] {processor.py:840} INFO - DAG(s) 'example_branch_operator' retrieved from /home/airflow/.local/lib/python3.12/site-packages/airflow/example_dags/example_branch_operator.py
[2024-09-12T00:37:36.873+0000] {logging_mixin.py:188} INFO - [2024-09-12T00:37:36.872+0000] {dag.py:3089} INFO - Sync 1 DAGs
[2024-09-12T00:37:36.899+0000] {logging_mixin.py:188} INFO - [2024-09-12T00:37:36.899+0000] {dag.py:3947} INFO - Setting next_dagrun for example_branch_operator to 2024-09-11 00:00:00+00:00, run_after=2024-09-12 00:00:00+00:00
[2024-09-12T00:37:36.918+0000] {processor.py:183} INFO - Processing /home/airflow/.local/lib/python3.12/site-packages/airflow/example_dags/example_branch_operator.py took 0.099 seconds
[2024-09-12T00:38:07.202+0000] {processor.py:161} INFO - Started process (PID=2160) to work on /home/airflow/.local/lib/python3.12/site-packages/airflow/example_dags/example_branch_operator.py
[2024-09-12T00:38:07.203+0000] {processor.py:830} INFO - Processing file /home/airflow/.local/lib/python3.12/site-packages/airflow/example_dags/example_branch_operator.py for tasks to queue
[2024-09-12T00:38:07.205+0000] {logging_mixin.py:188} INFO - [2024-09-12T00:38:07.205+0000] {dagbag.py:545} INFO - Filling up the DagBag from /home/airflow/.local/lib/python3.12/site-packages/airflow/example_dags/example_branch_operator.py
[2024-09-12T00:38:07.222+0000] {processor.py:840} INFO - DAG(s) 'example_branch_operator' retrieved from /home/airflow/.local/lib/python3.12/site-packages/airflow/example_dags/example_branch_operator.py
[2024-09-12T00:38:07.253+0000] {logging_mixin.py:188} INFO - [2024-09-12T00:38:07.253+0000] {dag.py:3089} INFO - Sync 1 DAGs
[2024-09-12T00:38:07.279+0000] {logging_mixin.py:188} INFO - [2024-09-12T00:38:07.278+0000] {dag.py:3947} INFO - Setting next_dagrun for example_branch_operator to 2024-09-11 00:00:00+00:00, run_after=2024-09-12 00:00:00+00:00
[2024-09-12T00:38:07.299+0000] {processor.py:183} INFO - Processing /home/airflow/.local/lib/python3.12/site-packages/airflow/example_dags/example_branch_operator.py took 0.103 seconds
