[2024-09-12T00:20:25.419+0000] {processor.py:161} INFO - Started process (PID=75) to work on /home/airflow/.local/lib/python3.12/site-packages/airflow/example_dags/example_xcomargs.py
[2024-09-12T00:20:25.462+0000] {processor.py:830} INFO - Processing file /home/airflow/.local/lib/python3.12/site-packages/airflow/example_dags/example_xcomargs.py for tasks to queue
[2024-09-12T00:20:25.529+0000] {logging_mixin.py:188} INFO - [2024-09-12T00:20:25.522+0000] {dagbag.py:545} INFO - Filling up the DagBag from /home/airflow/.local/lib/python3.12/site-packages/airflow/example_dags/example_xcomargs.py
[2024-09-12T00:20:25.663+0000] {processor.py:840} INFO - DAG(s) 'example_xcom_args', 'example_xcom_args_with_operators' retrieved from /home/airflow/.local/lib/python3.12/site-packages/airflow/example_dags/example_xcomargs.py
[2024-09-12T00:20:25.836+0000] {logging_mixin.py:188} INFO - [2024-09-12T00:20:25.835+0000] {dag.py:3089} INFO - Sync 2 DAGs
[2024-09-12T00:20:25.856+0000] {logging_mixin.py:188} INFO - [2024-09-12T00:20:25.856+0000] {dag.py:3947} INFO - Setting next_dagrun for example_xcom_args to None, run_after=None
[2024-09-12T00:20:25.861+0000] {logging_mixin.py:188} INFO - [2024-09-12T00:20:25.860+0000] {dag.py:3947} INFO - Setting next_dagrun for example_xcom_args_with_operators to None, run_after=None
[2024-09-12T00:20:26.112+0000] {processor.py:183} INFO - Processing /home/airflow/.local/lib/python3.12/site-packages/airflow/example_dags/example_xcomargs.py took 0.768 seconds
[2024-09-12T00:20:56.865+0000] {processor.py:161} INFO - Started process (PID=135) to work on /home/airflow/.local/lib/python3.12/site-packages/airflow/example_dags/example_xcomargs.py
[2024-09-12T00:20:56.866+0000] {processor.py:830} INFO - Processing file /home/airflow/.local/lib/python3.12/site-packages/airflow/example_dags/example_xcomargs.py for tasks to queue
[2024-09-12T00:20:56.869+0000] {logging_mixin.py:188} INFO - [2024-09-12T00:20:56.869+0000] {dagbag.py:545} INFO - Filling up the DagBag from /home/airflow/.local/lib/python3.12/site-packages/airflow/example_dags/example_xcomargs.py
[2024-09-12T00:20:56.879+0000] {processor.py:840} INFO - DAG(s) 'example_xcom_args_with_operators', 'example_xcom_args' retrieved from /home/airflow/.local/lib/python3.12/site-packages/airflow/example_dags/example_xcomargs.py
[2024-09-12T00:20:56.904+0000] {logging_mixin.py:188} INFO - [2024-09-12T00:20:56.903+0000] {dag.py:3089} INFO - Sync 2 DAGs
[2024-09-12T00:20:56.919+0000] {logging_mixin.py:188} INFO - [2024-09-12T00:20:56.919+0000] {dag.py:3947} INFO - Setting next_dagrun for example_xcom_args to None, run_after=None
[2024-09-12T00:20:56.923+0000] {logging_mixin.py:188} INFO - [2024-09-12T00:20:56.923+0000] {dag.py:3947} INFO - Setting next_dagrun for example_xcom_args_with_operators to None, run_after=None
[2024-09-12T00:20:56.940+0000] {processor.py:183} INFO - Processing /home/airflow/.local/lib/python3.12/site-packages/airflow/example_dags/example_xcomargs.py took 0.082 seconds
[2024-09-12T00:21:27.364+0000] {processor.py:161} INFO - Started process (PID=195) to work on /home/airflow/.local/lib/python3.12/site-packages/airflow/example_dags/example_xcomargs.py
[2024-09-12T00:21:27.365+0000] {processor.py:830} INFO - Processing file /home/airflow/.local/lib/python3.12/site-packages/airflow/example_dags/example_xcomargs.py for tasks to queue
[2024-09-12T00:21:27.367+0000] {logging_mixin.py:188} INFO - [2024-09-12T00:21:27.366+0000] {dagbag.py:545} INFO - Filling up the DagBag from /home/airflow/.local/lib/python3.12/site-packages/airflow/example_dags/example_xcomargs.py
[2024-09-12T00:21:27.376+0000] {processor.py:840} INFO - DAG(s) 'example_xcom_args', 'example_xcom_args_with_operators' retrieved from /home/airflow/.local/lib/python3.12/site-packages/airflow/example_dags/example_xcomargs.py
[2024-09-12T00:21:27.400+0000] {logging_mixin.py:188} INFO - [2024-09-12T00:21:27.400+0000] {dag.py:3089} INFO - Sync 2 DAGs
[2024-09-12T00:21:27.416+0000] {logging_mixin.py:188} INFO - [2024-09-12T00:21:27.415+0000] {dag.py:3947} INFO - Setting next_dagrun for example_xcom_args to None, run_after=None
[2024-09-12T00:21:27.420+0000] {logging_mixin.py:188} INFO - [2024-09-12T00:21:27.419+0000] {dag.py:3947} INFO - Setting next_dagrun for example_xcom_args_with_operators to None, run_after=None
[2024-09-12T00:21:27.441+0000] {processor.py:183} INFO - Processing /home/airflow/.local/lib/python3.12/site-packages/airflow/example_dags/example_xcomargs.py took 0.083 seconds
[2024-09-12T00:21:58.384+0000] {processor.py:161} INFO - Started process (PID=255) to work on /home/airflow/.local/lib/python3.12/site-packages/airflow/example_dags/example_xcomargs.py
[2024-09-12T00:21:58.385+0000] {processor.py:830} INFO - Processing file /home/airflow/.local/lib/python3.12/site-packages/airflow/example_dags/example_xcomargs.py for tasks to queue
[2024-09-12T00:21:58.388+0000] {logging_mixin.py:188} INFO - [2024-09-12T00:21:58.387+0000] {dagbag.py:545} INFO - Filling up the DagBag from /home/airflow/.local/lib/python3.12/site-packages/airflow/example_dags/example_xcomargs.py
[2024-09-12T00:21:58.395+0000] {processor.py:840} INFO - DAG(s) 'example_xcom_args', 'example_xcom_args_with_operators' retrieved from /home/airflow/.local/lib/python3.12/site-packages/airflow/example_dags/example_xcomargs.py
[2024-09-12T00:21:58.419+0000] {logging_mixin.py:188} INFO - [2024-09-12T00:21:58.419+0000] {dag.py:3089} INFO - Sync 2 DAGs
[2024-09-12T00:21:58.433+0000] {logging_mixin.py:188} INFO - [2024-09-12T00:21:58.433+0000] {dag.py:3947} INFO - Setting next_dagrun for example_xcom_args to None, run_after=None
[2024-09-12T00:21:58.437+0000] {logging_mixin.py:188} INFO - [2024-09-12T00:21:58.437+0000] {dag.py:3947} INFO - Setting next_dagrun for example_xcom_args_with_operators to None, run_after=None
[2024-09-12T00:21:58.457+0000] {processor.py:183} INFO - Processing /home/airflow/.local/lib/python3.12/site-packages/airflow/example_dags/example_xcomargs.py took 0.077 seconds
[2024-09-12T00:22:29.300+0000] {processor.py:161} INFO - Started process (PID=315) to work on /home/airflow/.local/lib/python3.12/site-packages/airflow/example_dags/example_xcomargs.py
[2024-09-12T00:22:29.300+0000] {processor.py:830} INFO - Processing file /home/airflow/.local/lib/python3.12/site-packages/airflow/example_dags/example_xcomargs.py for tasks to queue
[2024-09-12T00:22:29.303+0000] {logging_mixin.py:188} INFO - [2024-09-12T00:22:29.302+0000] {dagbag.py:545} INFO - Filling up the DagBag from /home/airflow/.local/lib/python3.12/site-packages/airflow/example_dags/example_xcomargs.py
[2024-09-12T00:22:29.311+0000] {processor.py:840} INFO - DAG(s) 'example_xcom_args_with_operators', 'example_xcom_args' retrieved from /home/airflow/.local/lib/python3.12/site-packages/airflow/example_dags/example_xcomargs.py
[2024-09-12T00:22:29.336+0000] {logging_mixin.py:188} INFO - [2024-09-12T00:22:29.336+0000] {dag.py:3089} INFO - Sync 2 DAGs
[2024-09-12T00:22:29.350+0000] {logging_mixin.py:188} INFO - [2024-09-12T00:22:29.350+0000] {dag.py:3947} INFO - Setting next_dagrun for example_xcom_args to None, run_after=None
[2024-09-12T00:22:29.355+0000] {logging_mixin.py:188} INFO - [2024-09-12T00:22:29.355+0000] {dag.py:3947} INFO - Setting next_dagrun for example_xcom_args_with_operators to None, run_after=None
[2024-09-12T00:22:29.373+0000] {processor.py:183} INFO - Processing /home/airflow/.local/lib/python3.12/site-packages/airflow/example_dags/example_xcomargs.py took 0.079 seconds
[2024-09-12T00:22:59.868+0000] {processor.py:161} INFO - Started process (PID=375) to work on /home/airflow/.local/lib/python3.12/site-packages/airflow/example_dags/example_xcomargs.py
[2024-09-12T00:22:59.869+0000] {processor.py:830} INFO - Processing file /home/airflow/.local/lib/python3.12/site-packages/airflow/example_dags/example_xcomargs.py for tasks to queue
[2024-09-12T00:22:59.871+0000] {logging_mixin.py:188} INFO - [2024-09-12T00:22:59.871+0000] {dagbag.py:545} INFO - Filling up the DagBag from /home/airflow/.local/lib/python3.12/site-packages/airflow/example_dags/example_xcomargs.py
[2024-09-12T00:22:59.879+0000] {processor.py:840} INFO - DAG(s) 'example_xcom_args_with_operators', 'example_xcom_args' retrieved from /home/airflow/.local/lib/python3.12/site-packages/airflow/example_dags/example_xcomargs.py
[2024-09-12T00:22:59.902+0000] {logging_mixin.py:188} INFO - [2024-09-12T00:22:59.902+0000] {dag.py:3089} INFO - Sync 2 DAGs
[2024-09-12T00:22:59.916+0000] {logging_mixin.py:188} INFO - [2024-09-12T00:22:59.916+0000] {dag.py:3947} INFO - Setting next_dagrun for example_xcom_args to None, run_after=None
[2024-09-12T00:22:59.920+0000] {logging_mixin.py:188} INFO - [2024-09-12T00:22:59.920+0000] {dag.py:3947} INFO - Setting next_dagrun for example_xcom_args_with_operators to None, run_after=None
[2024-09-12T00:22:59.940+0000] {processor.py:183} INFO - Processing /home/airflow/.local/lib/python3.12/site-packages/airflow/example_dags/example_xcomargs.py took 0.078 seconds
[2024-09-12T00:23:30.606+0000] {processor.py:161} INFO - Started process (PID=435) to work on /home/airflow/.local/lib/python3.12/site-packages/airflow/example_dags/example_xcomargs.py
[2024-09-12T00:23:30.607+0000] {processor.py:830} INFO - Processing file /home/airflow/.local/lib/python3.12/site-packages/airflow/example_dags/example_xcomargs.py for tasks to queue
[2024-09-12T00:23:30.609+0000] {logging_mixin.py:188} INFO - [2024-09-12T00:23:30.609+0000] {dagbag.py:545} INFO - Filling up the DagBag from /home/airflow/.local/lib/python3.12/site-packages/airflow/example_dags/example_xcomargs.py
[2024-09-12T00:23:30.617+0000] {processor.py:840} INFO - DAG(s) 'example_xcom_args_with_operators', 'example_xcom_args' retrieved from /home/airflow/.local/lib/python3.12/site-packages/airflow/example_dags/example_xcomargs.py
[2024-09-12T00:23:30.642+0000] {logging_mixin.py:188} INFO - [2024-09-12T00:23:30.642+0000] {dag.py:3089} INFO - Sync 2 DAGs
[2024-09-12T00:23:30.655+0000] {logging_mixin.py:188} INFO - [2024-09-12T00:23:30.655+0000] {dag.py:3947} INFO - Setting next_dagrun for example_xcom_args to None, run_after=None
[2024-09-12T00:23:30.659+0000] {logging_mixin.py:188} INFO - [2024-09-12T00:23:30.659+0000] {dag.py:3947} INFO - Setting next_dagrun for example_xcom_args_with_operators to None, run_after=None
[2024-09-12T00:23:30.678+0000] {processor.py:183} INFO - Processing /home/airflow/.local/lib/python3.12/site-packages/airflow/example_dags/example_xcomargs.py took 0.077 seconds
[2024-09-12T00:24:01.185+0000] {processor.py:161} INFO - Started process (PID=495) to work on /home/airflow/.local/lib/python3.12/site-packages/airflow/example_dags/example_xcomargs.py
[2024-09-12T00:24:01.186+0000] {processor.py:830} INFO - Processing file /home/airflow/.local/lib/python3.12/site-packages/airflow/example_dags/example_xcomargs.py for tasks to queue
[2024-09-12T00:24:01.187+0000] {logging_mixin.py:188} INFO - [2024-09-12T00:24:01.187+0000] {dagbag.py:545} INFO - Filling up the DagBag from /home/airflow/.local/lib/python3.12/site-packages/airflow/example_dags/example_xcomargs.py
[2024-09-12T00:24:01.196+0000] {processor.py:840} INFO - DAG(s) 'example_xcom_args', 'example_xcom_args_with_operators' retrieved from /home/airflow/.local/lib/python3.12/site-packages/airflow/example_dags/example_xcomargs.py
[2024-09-12T00:24:01.220+0000] {logging_mixin.py:188} INFO - [2024-09-12T00:24:01.220+0000] {dag.py:3089} INFO - Sync 2 DAGs
[2024-09-12T00:24:01.235+0000] {logging_mixin.py:188} INFO - [2024-09-12T00:24:01.234+0000] {dag.py:3947} INFO - Setting next_dagrun for example_xcom_args to None, run_after=None
[2024-09-12T00:24:01.239+0000] {logging_mixin.py:188} INFO - [2024-09-12T00:24:01.239+0000] {dag.py:3947} INFO - Setting next_dagrun for example_xcom_args_with_operators to None, run_after=None
[2024-09-12T00:24:01.257+0000] {processor.py:183} INFO - Processing /home/airflow/.local/lib/python3.12/site-packages/airflow/example_dags/example_xcomargs.py took 0.078 seconds
[2024-09-12T00:24:31.416+0000] {processor.py:161} INFO - Started process (PID=555) to work on /home/airflow/.local/lib/python3.12/site-packages/airflow/example_dags/example_xcomargs.py
[2024-09-12T00:24:31.417+0000] {processor.py:830} INFO - Processing file /home/airflow/.local/lib/python3.12/site-packages/airflow/example_dags/example_xcomargs.py for tasks to queue
[2024-09-12T00:24:31.419+0000] {logging_mixin.py:188} INFO - [2024-09-12T00:24:31.419+0000] {dagbag.py:545} INFO - Filling up the DagBag from /home/airflow/.local/lib/python3.12/site-packages/airflow/example_dags/example_xcomargs.py
[2024-09-12T00:24:31.431+0000] {processor.py:840} INFO - DAG(s) 'example_xcom_args', 'example_xcom_args_with_operators' retrieved from /home/airflow/.local/lib/python3.12/site-packages/airflow/example_dags/example_xcomargs.py
[2024-09-12T00:24:31.458+0000] {logging_mixin.py:188} INFO - [2024-09-12T00:24:31.458+0000] {dag.py:3089} INFO - Sync 2 DAGs
[2024-09-12T00:24:31.474+0000] {logging_mixin.py:188} INFO - [2024-09-12T00:24:31.474+0000] {dag.py:3947} INFO - Setting next_dagrun for example_xcom_args to None, run_after=None
[2024-09-12T00:24:31.478+0000] {logging_mixin.py:188} INFO - [2024-09-12T00:24:31.478+0000] {dag.py:3947} INFO - Setting next_dagrun for example_xcom_args_with_operators to None, run_after=None
[2024-09-12T00:24:31.495+0000] {processor.py:183} INFO - Processing /home/airflow/.local/lib/python3.12/site-packages/airflow/example_dags/example_xcomargs.py took 0.087 seconds
[2024-09-12T00:25:01.900+0000] {processor.py:161} INFO - Started process (PID=615) to work on /home/airflow/.local/lib/python3.12/site-packages/airflow/example_dags/example_xcomargs.py
[2024-09-12T00:25:01.901+0000] {processor.py:830} INFO - Processing file /home/airflow/.local/lib/python3.12/site-packages/airflow/example_dags/example_xcomargs.py for tasks to queue
[2024-09-12T00:25:01.902+0000] {logging_mixin.py:188} INFO - [2024-09-12T00:25:01.902+0000] {dagbag.py:545} INFO - Filling up the DagBag from /home/airflow/.local/lib/python3.12/site-packages/airflow/example_dags/example_xcomargs.py
[2024-09-12T00:25:01.910+0000] {processor.py:840} INFO - DAG(s) 'example_xcom_args', 'example_xcom_args_with_operators' retrieved from /home/airflow/.local/lib/python3.12/site-packages/airflow/example_dags/example_xcomargs.py
[2024-09-12T00:25:01.935+0000] {logging_mixin.py:188} INFO - [2024-09-12T00:25:01.935+0000] {dag.py:3089} INFO - Sync 2 DAGs
[2024-09-12T00:25:01.954+0000] {logging_mixin.py:188} INFO - [2024-09-12T00:25:01.954+0000] {dag.py:3947} INFO - Setting next_dagrun for example_xcom_args to None, run_after=None
[2024-09-12T00:25:01.960+0000] {logging_mixin.py:188} INFO - [2024-09-12T00:25:01.960+0000] {dag.py:3947} INFO - Setting next_dagrun for example_xcom_args_with_operators to None, run_after=None
[2024-09-12T00:25:01.980+0000] {processor.py:183} INFO - Processing /home/airflow/.local/lib/python3.12/site-packages/airflow/example_dags/example_xcomargs.py took 0.086 seconds
[2024-09-12T00:25:32.024+0000] {processor.py:161} INFO - Started process (PID=674) to work on /home/airflow/.local/lib/python3.12/site-packages/airflow/example_dags/example_xcomargs.py
[2024-09-12T00:25:32.025+0000] {processor.py:830} INFO - Processing file /home/airflow/.local/lib/python3.12/site-packages/airflow/example_dags/example_xcomargs.py for tasks to queue
[2024-09-12T00:25:32.027+0000] {logging_mixin.py:188} INFO - [2024-09-12T00:25:32.027+0000] {dagbag.py:545} INFO - Filling up the DagBag from /home/airflow/.local/lib/python3.12/site-packages/airflow/example_dags/example_xcomargs.py
[2024-09-12T00:25:32.035+0000] {processor.py:840} INFO - DAG(s) 'example_xcom_args_with_operators', 'example_xcom_args' retrieved from /home/airflow/.local/lib/python3.12/site-packages/airflow/example_dags/example_xcomargs.py
[2024-09-12T00:25:32.058+0000] {logging_mixin.py:188} INFO - [2024-09-12T00:25:32.057+0000] {dag.py:3089} INFO - Sync 2 DAGs
[2024-09-12T00:25:32.071+0000] {logging_mixin.py:188} INFO - [2024-09-12T00:25:32.071+0000] {dag.py:3947} INFO - Setting next_dagrun for example_xcom_args to None, run_after=None
[2024-09-12T00:25:32.075+0000] {logging_mixin.py:188} INFO - [2024-09-12T00:25:32.075+0000] {dag.py:3947} INFO - Setting next_dagrun for example_xcom_args_with_operators to None, run_after=None
[2024-09-12T00:25:32.093+0000] {processor.py:183} INFO - Processing /home/airflow/.local/lib/python3.12/site-packages/airflow/example_dags/example_xcomargs.py took 0.074 seconds
[2024-09-12T00:26:02.146+0000] {processor.py:161} INFO - Started process (PID=732) to work on /home/airflow/.local/lib/python3.12/site-packages/airflow/example_dags/example_xcomargs.py
[2024-09-12T00:26:02.147+0000] {processor.py:830} INFO - Processing file /home/airflow/.local/lib/python3.12/site-packages/airflow/example_dags/example_xcomargs.py for tasks to queue
[2024-09-12T00:26:02.149+0000] {logging_mixin.py:188} INFO - [2024-09-12T00:26:02.148+0000] {dagbag.py:545} INFO - Filling up the DagBag from /home/airflow/.local/lib/python3.12/site-packages/airflow/example_dags/example_xcomargs.py
[2024-09-12T00:26:02.158+0000] {processor.py:840} INFO - DAG(s) 'example_xcom_args', 'example_xcom_args_with_operators' retrieved from /home/airflow/.local/lib/python3.12/site-packages/airflow/example_dags/example_xcomargs.py
[2024-09-12T00:26:02.179+0000] {logging_mixin.py:188} INFO - [2024-09-12T00:26:02.179+0000] {dag.py:3089} INFO - Sync 2 DAGs
[2024-09-12T00:26:02.193+0000] {logging_mixin.py:188} INFO - [2024-09-12T00:26:02.193+0000] {dag.py:3947} INFO - Setting next_dagrun for example_xcom_args to None, run_after=None
[2024-09-12T00:26:02.197+0000] {logging_mixin.py:188} INFO - [2024-09-12T00:26:02.197+0000] {dag.py:3947} INFO - Setting next_dagrun for example_xcom_args_with_operators to None, run_after=None
[2024-09-12T00:26:02.214+0000] {processor.py:183} INFO - Processing /home/airflow/.local/lib/python3.12/site-packages/airflow/example_dags/example_xcomargs.py took 0.074 seconds
[2024-09-12T00:26:32.314+0000] {processor.py:161} INFO - Started process (PID=792) to work on /home/airflow/.local/lib/python3.12/site-packages/airflow/example_dags/example_xcomargs.py
[2024-09-12T00:26:32.315+0000] {processor.py:830} INFO - Processing file /home/airflow/.local/lib/python3.12/site-packages/airflow/example_dags/example_xcomargs.py for tasks to queue
[2024-09-12T00:26:32.317+0000] {logging_mixin.py:188} INFO - [2024-09-12T00:26:32.316+0000] {dagbag.py:545} INFO - Filling up the DagBag from /home/airflow/.local/lib/python3.12/site-packages/airflow/example_dags/example_xcomargs.py
[2024-09-12T00:26:32.325+0000] {processor.py:840} INFO - DAG(s) 'example_xcom_args_with_operators', 'example_xcom_args' retrieved from /home/airflow/.local/lib/python3.12/site-packages/airflow/example_dags/example_xcomargs.py
[2024-09-12T00:26:32.347+0000] {logging_mixin.py:188} INFO - [2024-09-12T00:26:32.347+0000] {dag.py:3089} INFO - Sync 2 DAGs
[2024-09-12T00:26:32.360+0000] {logging_mixin.py:188} INFO - [2024-09-12T00:26:32.360+0000] {dag.py:3947} INFO - Setting next_dagrun for example_xcom_args to None, run_after=None
[2024-09-12T00:26:32.365+0000] {logging_mixin.py:188} INFO - [2024-09-12T00:26:32.365+0000] {dag.py:3947} INFO - Setting next_dagrun for example_xcom_args_with_operators to None, run_after=None
[2024-09-12T00:26:32.384+0000] {processor.py:183} INFO - Processing /home/airflow/.local/lib/python3.12/site-packages/airflow/example_dags/example_xcomargs.py took 0.076 seconds
[2024-09-12T00:27:03.003+0000] {processor.py:161} INFO - Started process (PID=852) to work on /home/airflow/.local/lib/python3.12/site-packages/airflow/example_dags/example_xcomargs.py
[2024-09-12T00:27:03.004+0000] {processor.py:830} INFO - Processing file /home/airflow/.local/lib/python3.12/site-packages/airflow/example_dags/example_xcomargs.py for tasks to queue
[2024-09-12T00:27:03.006+0000] {logging_mixin.py:188} INFO - [2024-09-12T00:27:03.006+0000] {dagbag.py:545} INFO - Filling up the DagBag from /home/airflow/.local/lib/python3.12/site-packages/airflow/example_dags/example_xcomargs.py
[2024-09-12T00:27:03.015+0000] {processor.py:840} INFO - DAG(s) 'example_xcom_args', 'example_xcom_args_with_operators' retrieved from /home/airflow/.local/lib/python3.12/site-packages/airflow/example_dags/example_xcomargs.py
[2024-09-12T00:27:03.036+0000] {logging_mixin.py:188} INFO - [2024-09-12T00:27:03.036+0000] {dag.py:3089} INFO - Sync 2 DAGs
[2024-09-12T00:27:03.049+0000] {logging_mixin.py:188} INFO - [2024-09-12T00:27:03.049+0000] {dag.py:3947} INFO - Setting next_dagrun for example_xcom_args to None, run_after=None
[2024-09-12T00:27:03.054+0000] {logging_mixin.py:188} INFO - [2024-09-12T00:27:03.053+0000] {dag.py:3947} INFO - Setting next_dagrun for example_xcom_args_with_operators to None, run_after=None
[2024-09-12T00:27:03.070+0000] {processor.py:183} INFO - Processing /home/airflow/.local/lib/python3.12/site-packages/airflow/example_dags/example_xcomargs.py took 0.073 seconds
[2024-09-12T00:27:33.434+0000] {processor.py:161} INFO - Started process (PID=912) to work on /home/airflow/.local/lib/python3.12/site-packages/airflow/example_dags/example_xcomargs.py
[2024-09-12T00:27:33.435+0000] {processor.py:830} INFO - Processing file /home/airflow/.local/lib/python3.12/site-packages/airflow/example_dags/example_xcomargs.py for tasks to queue
[2024-09-12T00:27:33.436+0000] {logging_mixin.py:188} INFO - [2024-09-12T00:27:33.436+0000] {dagbag.py:545} INFO - Filling up the DagBag from /home/airflow/.local/lib/python3.12/site-packages/airflow/example_dags/example_xcomargs.py
[2024-09-12T00:27:33.445+0000] {processor.py:840} INFO - DAG(s) 'example_xcom_args', 'example_xcom_args_with_operators' retrieved from /home/airflow/.local/lib/python3.12/site-packages/airflow/example_dags/example_xcomargs.py
[2024-09-12T00:27:33.468+0000] {logging_mixin.py:188} INFO - [2024-09-12T00:27:33.467+0000] {dag.py:3089} INFO - Sync 2 DAGs
[2024-09-12T00:27:33.481+0000] {logging_mixin.py:188} INFO - [2024-09-12T00:27:33.481+0000] {dag.py:3947} INFO - Setting next_dagrun for example_xcom_args to None, run_after=None
[2024-09-12T00:27:33.485+0000] {logging_mixin.py:188} INFO - [2024-09-12T00:27:33.485+0000] {dag.py:3947} INFO - Setting next_dagrun for example_xcom_args_with_operators to None, run_after=None
[2024-09-12T00:27:33.502+0000] {processor.py:183} INFO - Processing /home/airflow/.local/lib/python3.12/site-packages/airflow/example_dags/example_xcomargs.py took 0.074 seconds
[2024-09-12T00:28:03.763+0000] {processor.py:161} INFO - Started process (PID=972) to work on /home/airflow/.local/lib/python3.12/site-packages/airflow/example_dags/example_xcomargs.py
[2024-09-12T00:28:03.764+0000] {processor.py:830} INFO - Processing file /home/airflow/.local/lib/python3.12/site-packages/airflow/example_dags/example_xcomargs.py for tasks to queue
[2024-09-12T00:28:03.766+0000] {logging_mixin.py:188} INFO - [2024-09-12T00:28:03.766+0000] {dagbag.py:545} INFO - Filling up the DagBag from /home/airflow/.local/lib/python3.12/site-packages/airflow/example_dags/example_xcomargs.py
[2024-09-12T00:28:03.774+0000] {processor.py:840} INFO - DAG(s) 'example_xcom_args_with_operators', 'example_xcom_args' retrieved from /home/airflow/.local/lib/python3.12/site-packages/airflow/example_dags/example_xcomargs.py
[2024-09-12T00:28:03.796+0000] {logging_mixin.py:188} INFO - [2024-09-12T00:28:03.796+0000] {dag.py:3089} INFO - Sync 2 DAGs
[2024-09-12T00:28:03.809+0000] {logging_mixin.py:188} INFO - [2024-09-12T00:28:03.809+0000] {dag.py:3947} INFO - Setting next_dagrun for example_xcom_args to None, run_after=None
[2024-09-12T00:28:03.813+0000] {logging_mixin.py:188} INFO - [2024-09-12T00:28:03.813+0000] {dag.py:3947} INFO - Setting next_dagrun for example_xcom_args_with_operators to None, run_after=None
[2024-09-12T00:28:03.829+0000] {processor.py:183} INFO - Processing /home/airflow/.local/lib/python3.12/site-packages/airflow/example_dags/example_xcomargs.py took 0.071 seconds
[2024-09-12T00:28:33.969+0000] {processor.py:161} INFO - Started process (PID=1032) to work on /home/airflow/.local/lib/python3.12/site-packages/airflow/example_dags/example_xcomargs.py
[2024-09-12T00:28:33.970+0000] {processor.py:830} INFO - Processing file /home/airflow/.local/lib/python3.12/site-packages/airflow/example_dags/example_xcomargs.py for tasks to queue
[2024-09-12T00:28:33.972+0000] {logging_mixin.py:188} INFO - [2024-09-12T00:28:33.972+0000] {dagbag.py:545} INFO - Filling up the DagBag from /home/airflow/.local/lib/python3.12/site-packages/airflow/example_dags/example_xcomargs.py
[2024-09-12T00:28:33.980+0000] {processor.py:840} INFO - DAG(s) 'example_xcom_args', 'example_xcom_args_with_operators' retrieved from /home/airflow/.local/lib/python3.12/site-packages/airflow/example_dags/example_xcomargs.py
[2024-09-12T00:28:34.003+0000] {logging_mixin.py:188} INFO - [2024-09-12T00:28:34.003+0000] {dag.py:3089} INFO - Sync 2 DAGs
[2024-09-12T00:28:34.017+0000] {logging_mixin.py:188} INFO - [2024-09-12T00:28:34.017+0000] {dag.py:3947} INFO - Setting next_dagrun for example_xcom_args to None, run_after=None
[2024-09-12T00:28:34.021+0000] {logging_mixin.py:188} INFO - [2024-09-12T00:28:34.021+0000] {dag.py:3947} INFO - Setting next_dagrun for example_xcom_args_with_operators to None, run_after=None
[2024-09-12T00:28:34.038+0000] {processor.py:183} INFO - Processing /home/airflow/.local/lib/python3.12/site-packages/airflow/example_dags/example_xcomargs.py took 0.074 seconds
[2024-09-12T00:29:04.347+0000] {processor.py:161} INFO - Started process (PID=1092) to work on /home/airflow/.local/lib/python3.12/site-packages/airflow/example_dags/example_xcomargs.py
[2024-09-12T00:29:04.348+0000] {processor.py:830} INFO - Processing file /home/airflow/.local/lib/python3.12/site-packages/airflow/example_dags/example_xcomargs.py for tasks to queue
[2024-09-12T00:29:04.350+0000] {logging_mixin.py:188} INFO - [2024-09-12T00:29:04.349+0000] {dagbag.py:545} INFO - Filling up the DagBag from /home/airflow/.local/lib/python3.12/site-packages/airflow/example_dags/example_xcomargs.py
[2024-09-12T00:29:04.358+0000] {processor.py:840} INFO - DAG(s) 'example_xcom_args', 'example_xcom_args_with_operators' retrieved from /home/airflow/.local/lib/python3.12/site-packages/airflow/example_dags/example_xcomargs.py
[2024-09-12T00:29:04.380+0000] {logging_mixin.py:188} INFO - [2024-09-12T00:29:04.380+0000] {dag.py:3089} INFO - Sync 2 DAGs
[2024-09-12T00:29:04.394+0000] {logging_mixin.py:188} INFO - [2024-09-12T00:29:04.394+0000] {dag.py:3947} INFO - Setting next_dagrun for example_xcom_args to None, run_after=None
[2024-09-12T00:29:04.399+0000] {logging_mixin.py:188} INFO - [2024-09-12T00:29:04.398+0000] {dag.py:3947} INFO - Setting next_dagrun for example_xcom_args_with_operators to None, run_after=None
[2024-09-12T00:29:04.416+0000] {processor.py:183} INFO - Processing /home/airflow/.local/lib/python3.12/site-packages/airflow/example_dags/example_xcomargs.py took 0.074 seconds
[2024-09-12T00:29:34.818+0000] {processor.py:161} INFO - Started process (PID=1152) to work on /home/airflow/.local/lib/python3.12/site-packages/airflow/example_dags/example_xcomargs.py
[2024-09-12T00:29:34.819+0000] {processor.py:830} INFO - Processing file /home/airflow/.local/lib/python3.12/site-packages/airflow/example_dags/example_xcomargs.py for tasks to queue
[2024-09-12T00:29:34.821+0000] {logging_mixin.py:188} INFO - [2024-09-12T00:29:34.820+0000] {dagbag.py:545} INFO - Filling up the DagBag from /home/airflow/.local/lib/python3.12/site-packages/airflow/example_dags/example_xcomargs.py
[2024-09-12T00:29:34.828+0000] {processor.py:840} INFO - DAG(s) 'example_xcom_args', 'example_xcom_args_with_operators' retrieved from /home/airflow/.local/lib/python3.12/site-packages/airflow/example_dags/example_xcomargs.py
[2024-09-12T00:29:34.850+0000] {logging_mixin.py:188} INFO - [2024-09-12T00:29:34.850+0000] {dag.py:3089} INFO - Sync 2 DAGs
[2024-09-12T00:29:34.863+0000] {logging_mixin.py:188} INFO - [2024-09-12T00:29:34.863+0000] {dag.py:3947} INFO - Setting next_dagrun for example_xcom_args to None, run_after=None
[2024-09-12T00:29:34.867+0000] {logging_mixin.py:188} INFO - [2024-09-12T00:29:34.867+0000] {dag.py:3947} INFO - Setting next_dagrun for example_xcom_args_with_operators to None, run_after=None
[2024-09-12T00:29:34.884+0000] {processor.py:183} INFO - Processing /home/airflow/.local/lib/python3.12/site-packages/airflow/example_dags/example_xcomargs.py took 0.072 seconds
[2024-09-12T00:30:05.298+0000] {processor.py:161} INFO - Started process (PID=1212) to work on /home/airflow/.local/lib/python3.12/site-packages/airflow/example_dags/example_xcomargs.py
[2024-09-12T00:30:05.299+0000] {processor.py:830} INFO - Processing file /home/airflow/.local/lib/python3.12/site-packages/airflow/example_dags/example_xcomargs.py for tasks to queue
[2024-09-12T00:30:05.301+0000] {logging_mixin.py:188} INFO - [2024-09-12T00:30:05.300+0000] {dagbag.py:545} INFO - Filling up the DagBag from /home/airflow/.local/lib/python3.12/site-packages/airflow/example_dags/example_xcomargs.py
[2024-09-12T00:30:05.309+0000] {processor.py:840} INFO - DAG(s) 'example_xcom_args_with_operators', 'example_xcom_args' retrieved from /home/airflow/.local/lib/python3.12/site-packages/airflow/example_dags/example_xcomargs.py
[2024-09-12T00:30:05.331+0000] {logging_mixin.py:188} INFO - [2024-09-12T00:30:05.331+0000] {dag.py:3089} INFO - Sync 2 DAGs
[2024-09-12T00:30:05.345+0000] {logging_mixin.py:188} INFO - [2024-09-12T00:30:05.345+0000] {dag.py:3947} INFO - Setting next_dagrun for example_xcom_args to None, run_after=None
[2024-09-12T00:30:05.349+0000] {logging_mixin.py:188} INFO - [2024-09-12T00:30:05.349+0000] {dag.py:3947} INFO - Setting next_dagrun for example_xcom_args_with_operators to None, run_after=None
[2024-09-12T00:30:05.365+0000] {processor.py:183} INFO - Processing /home/airflow/.local/lib/python3.12/site-packages/airflow/example_dags/example_xcomargs.py took 0.073 seconds
[2024-09-12T00:30:35.585+0000] {processor.py:161} INFO - Started process (PID=1272) to work on /home/airflow/.local/lib/python3.12/site-packages/airflow/example_dags/example_xcomargs.py
[2024-09-12T00:30:35.586+0000] {processor.py:830} INFO - Processing file /home/airflow/.local/lib/python3.12/site-packages/airflow/example_dags/example_xcomargs.py for tasks to queue
[2024-09-12T00:30:35.588+0000] {logging_mixin.py:188} INFO - [2024-09-12T00:30:35.588+0000] {dagbag.py:545} INFO - Filling up the DagBag from /home/airflow/.local/lib/python3.12/site-packages/airflow/example_dags/example_xcomargs.py
[2024-09-12T00:30:35.596+0000] {processor.py:840} INFO - DAG(s) 'example_xcom_args', 'example_xcom_args_with_operators' retrieved from /home/airflow/.local/lib/python3.12/site-packages/airflow/example_dags/example_xcomargs.py
[2024-09-12T00:30:35.617+0000] {logging_mixin.py:188} INFO - [2024-09-12T00:30:35.617+0000] {dag.py:3089} INFO - Sync 2 DAGs
[2024-09-12T00:30:35.630+0000] {logging_mixin.py:188} INFO - [2024-09-12T00:30:35.629+0000] {dag.py:3947} INFO - Setting next_dagrun for example_xcom_args to None, run_after=None
[2024-09-12T00:30:35.634+0000] {logging_mixin.py:188} INFO - [2024-09-12T00:30:35.634+0000] {dag.py:3947} INFO - Setting next_dagrun for example_xcom_args_with_operators to None, run_after=None
[2024-09-12T00:30:35.650+0000] {processor.py:183} INFO - Processing /home/airflow/.local/lib/python3.12/site-packages/airflow/example_dags/example_xcomargs.py took 0.070 seconds
[2024-09-12T00:31:05.852+0000] {processor.py:161} INFO - Started process (PID=1332) to work on /home/airflow/.local/lib/python3.12/site-packages/airflow/example_dags/example_xcomargs.py
[2024-09-12T00:31:05.853+0000] {processor.py:830} INFO - Processing file /home/airflow/.local/lib/python3.12/site-packages/airflow/example_dags/example_xcomargs.py for tasks to queue
[2024-09-12T00:31:05.855+0000] {logging_mixin.py:188} INFO - [2024-09-12T00:31:05.854+0000] {dagbag.py:545} INFO - Filling up the DagBag from /home/airflow/.local/lib/python3.12/site-packages/airflow/example_dags/example_xcomargs.py
[2024-09-12T00:31:05.862+0000] {processor.py:840} INFO - DAG(s) 'example_xcom_args', 'example_xcom_args_with_operators' retrieved from /home/airflow/.local/lib/python3.12/site-packages/airflow/example_dags/example_xcomargs.py
[2024-09-12T00:31:05.885+0000] {logging_mixin.py:188} INFO - [2024-09-12T00:31:05.885+0000] {dag.py:3089} INFO - Sync 2 DAGs
[2024-09-12T00:31:05.899+0000] {logging_mixin.py:188} INFO - [2024-09-12T00:31:05.899+0000] {dag.py:3947} INFO - Setting next_dagrun for example_xcom_args to None, run_after=None
[2024-09-12T00:31:05.903+0000] {logging_mixin.py:188} INFO - [2024-09-12T00:31:05.903+0000] {dag.py:3947} INFO - Setting next_dagrun for example_xcom_args_with_operators to None, run_after=None
[2024-09-12T00:31:05.918+0000] {processor.py:183} INFO - Processing /home/airflow/.local/lib/python3.12/site-packages/airflow/example_dags/example_xcomargs.py took 0.072 seconds
[2024-09-12T00:31:36.370+0000] {processor.py:161} INFO - Started process (PID=1392) to work on /home/airflow/.local/lib/python3.12/site-packages/airflow/example_dags/example_xcomargs.py
[2024-09-12T00:31:36.371+0000] {processor.py:830} INFO - Processing file /home/airflow/.local/lib/python3.12/site-packages/airflow/example_dags/example_xcomargs.py for tasks to queue
[2024-09-12T00:31:36.373+0000] {logging_mixin.py:188} INFO - [2024-09-12T00:31:36.373+0000] {dagbag.py:545} INFO - Filling up the DagBag from /home/airflow/.local/lib/python3.12/site-packages/airflow/example_dags/example_xcomargs.py
[2024-09-12T00:31:36.381+0000] {processor.py:840} INFO - DAG(s) 'example_xcom_args', 'example_xcom_args_with_operators' retrieved from /home/airflow/.local/lib/python3.12/site-packages/airflow/example_dags/example_xcomargs.py
[2024-09-12T00:31:36.404+0000] {logging_mixin.py:188} INFO - [2024-09-12T00:31:36.403+0000] {dag.py:3089} INFO - Sync 2 DAGs
[2024-09-12T00:31:36.417+0000] {logging_mixin.py:188} INFO - [2024-09-12T00:31:36.417+0000] {dag.py:3947} INFO - Setting next_dagrun for example_xcom_args to None, run_after=None
[2024-09-12T00:31:36.421+0000] {logging_mixin.py:188} INFO - [2024-09-12T00:31:36.421+0000] {dag.py:3947} INFO - Setting next_dagrun for example_xcom_args_with_operators to None, run_after=None
[2024-09-12T00:31:36.438+0000] {processor.py:183} INFO - Processing /home/airflow/.local/lib/python3.12/site-packages/airflow/example_dags/example_xcomargs.py took 0.073 seconds
[2024-09-12T00:32:06.562+0000] {processor.py:161} INFO - Started process (PID=1452) to work on /home/airflow/.local/lib/python3.12/site-packages/airflow/example_dags/example_xcomargs.py
[2024-09-12T00:32:06.563+0000] {processor.py:830} INFO - Processing file /home/airflow/.local/lib/python3.12/site-packages/airflow/example_dags/example_xcomargs.py for tasks to queue
[2024-09-12T00:32:06.565+0000] {logging_mixin.py:188} INFO - [2024-09-12T00:32:06.564+0000] {dagbag.py:545} INFO - Filling up the DagBag from /home/airflow/.local/lib/python3.12/site-packages/airflow/example_dags/example_xcomargs.py
[2024-09-12T00:32:06.573+0000] {processor.py:840} INFO - DAG(s) 'example_xcom_args_with_operators', 'example_xcom_args' retrieved from /home/airflow/.local/lib/python3.12/site-packages/airflow/example_dags/example_xcomargs.py
[2024-09-12T00:32:06.595+0000] {logging_mixin.py:188} INFO - [2024-09-12T00:32:06.595+0000] {dag.py:3089} INFO - Sync 2 DAGs
[2024-09-12T00:32:06.609+0000] {logging_mixin.py:188} INFO - [2024-09-12T00:32:06.609+0000] {dag.py:3947} INFO - Setting next_dagrun for example_xcom_args to None, run_after=None
[2024-09-12T00:32:06.613+0000] {logging_mixin.py:188} INFO - [2024-09-12T00:32:06.613+0000] {dag.py:3947} INFO - Setting next_dagrun for example_xcom_args_with_operators to None, run_after=None
[2024-09-12T00:32:06.631+0000] {processor.py:183} INFO - Processing /home/airflow/.local/lib/python3.12/site-packages/airflow/example_dags/example_xcomargs.py took 0.075 seconds
[2024-09-12T00:32:36.686+0000] {processor.py:161} INFO - Started process (PID=1512) to work on /home/airflow/.local/lib/python3.12/site-packages/airflow/example_dags/example_xcomargs.py
[2024-09-12T00:32:36.687+0000] {processor.py:830} INFO - Processing file /home/airflow/.local/lib/python3.12/site-packages/airflow/example_dags/example_xcomargs.py for tasks to queue
[2024-09-12T00:32:36.689+0000] {logging_mixin.py:188} INFO - [2024-09-12T00:32:36.689+0000] {dagbag.py:545} INFO - Filling up the DagBag from /home/airflow/.local/lib/python3.12/site-packages/airflow/example_dags/example_xcomargs.py
[2024-09-12T00:32:36.698+0000] {processor.py:840} INFO - DAG(s) 'example_xcom_args', 'example_xcom_args_with_operators' retrieved from /home/airflow/.local/lib/python3.12/site-packages/airflow/example_dags/example_xcomargs.py
[2024-09-12T00:32:36.721+0000] {logging_mixin.py:188} INFO - [2024-09-12T00:32:36.721+0000] {dag.py:3089} INFO - Sync 2 DAGs
[2024-09-12T00:32:36.735+0000] {logging_mixin.py:188} INFO - [2024-09-12T00:32:36.735+0000] {dag.py:3947} INFO - Setting next_dagrun for example_xcom_args to None, run_after=None
[2024-09-12T00:32:36.739+0000] {logging_mixin.py:188} INFO - [2024-09-12T00:32:36.739+0000] {dag.py:3947} INFO - Setting next_dagrun for example_xcom_args_with_operators to None, run_after=None
[2024-09-12T00:32:36.756+0000] {processor.py:183} INFO - Processing /home/airflow/.local/lib/python3.12/site-packages/airflow/example_dags/example_xcomargs.py took 0.076 seconds
[2024-09-12T00:33:06.919+0000] {processor.py:161} INFO - Started process (PID=1572) to work on /home/airflow/.local/lib/python3.12/site-packages/airflow/example_dags/example_xcomargs.py
[2024-09-12T00:33:06.920+0000] {processor.py:830} INFO - Processing file /home/airflow/.local/lib/python3.12/site-packages/airflow/example_dags/example_xcomargs.py for tasks to queue
[2024-09-12T00:33:06.922+0000] {logging_mixin.py:188} INFO - [2024-09-12T00:33:06.922+0000] {dagbag.py:545} INFO - Filling up the DagBag from /home/airflow/.local/lib/python3.12/site-packages/airflow/example_dags/example_xcomargs.py
[2024-09-12T00:33:06.930+0000] {processor.py:840} INFO - DAG(s) 'example_xcom_args', 'example_xcom_args_with_operators' retrieved from /home/airflow/.local/lib/python3.12/site-packages/airflow/example_dags/example_xcomargs.py
[2024-09-12T00:33:06.954+0000] {logging_mixin.py:188} INFO - [2024-09-12T00:33:06.954+0000] {dag.py:3089} INFO - Sync 2 DAGs
[2024-09-12T00:33:06.968+0000] {logging_mixin.py:188} INFO - [2024-09-12T00:33:06.967+0000] {dag.py:3947} INFO - Setting next_dagrun for example_xcom_args to None, run_after=None
[2024-09-12T00:33:06.972+0000] {logging_mixin.py:188} INFO - [2024-09-12T00:33:06.972+0000] {dag.py:3947} INFO - Setting next_dagrun for example_xcom_args_with_operators to None, run_after=None
[2024-09-12T00:33:06.988+0000] {processor.py:183} INFO - Processing /home/airflow/.local/lib/python3.12/site-packages/airflow/example_dags/example_xcomargs.py took 0.074 seconds
[2024-09-12T00:33:37.104+0000] {processor.py:161} INFO - Started process (PID=1632) to work on /home/airflow/.local/lib/python3.12/site-packages/airflow/example_dags/example_xcomargs.py
[2024-09-12T00:33:37.105+0000] {processor.py:830} INFO - Processing file /home/airflow/.local/lib/python3.12/site-packages/airflow/example_dags/example_xcomargs.py for tasks to queue
[2024-09-12T00:33:37.107+0000] {logging_mixin.py:188} INFO - [2024-09-12T00:33:37.106+0000] {dagbag.py:545} INFO - Filling up the DagBag from /home/airflow/.local/lib/python3.12/site-packages/airflow/example_dags/example_xcomargs.py
[2024-09-12T00:33:37.115+0000] {processor.py:840} INFO - DAG(s) 'example_xcom_args_with_operators', 'example_xcom_args' retrieved from /home/airflow/.local/lib/python3.12/site-packages/airflow/example_dags/example_xcomargs.py
[2024-09-12T00:33:37.137+0000] {logging_mixin.py:188} INFO - [2024-09-12T00:33:37.136+0000] {dag.py:3089} INFO - Sync 2 DAGs
[2024-09-12T00:33:37.151+0000] {logging_mixin.py:188} INFO - [2024-09-12T00:33:37.151+0000] {dag.py:3947} INFO - Setting next_dagrun for example_xcom_args to None, run_after=None
[2024-09-12T00:33:37.156+0000] {logging_mixin.py:188} INFO - [2024-09-12T00:33:37.155+0000] {dag.py:3947} INFO - Setting next_dagrun for example_xcom_args_with_operators to None, run_after=None
[2024-09-12T00:33:37.174+0000] {processor.py:183} INFO - Processing /home/airflow/.local/lib/python3.12/site-packages/airflow/example_dags/example_xcomargs.py took 0.075 seconds
[2024-09-12T00:34:07.846+0000] {processor.py:161} INFO - Started process (PID=1692) to work on /home/airflow/.local/lib/python3.12/site-packages/airflow/example_dags/example_xcomargs.py
[2024-09-12T00:34:07.846+0000] {processor.py:830} INFO - Processing file /home/airflow/.local/lib/python3.12/site-packages/airflow/example_dags/example_xcomargs.py for tasks to queue
[2024-09-12T00:34:07.848+0000] {logging_mixin.py:188} INFO - [2024-09-12T00:34:07.848+0000] {dagbag.py:545} INFO - Filling up the DagBag from /home/airflow/.local/lib/python3.12/site-packages/airflow/example_dags/example_xcomargs.py
[2024-09-12T00:34:07.857+0000] {processor.py:840} INFO - DAG(s) 'example_xcom_args', 'example_xcom_args_with_operators' retrieved from /home/airflow/.local/lib/python3.12/site-packages/airflow/example_dags/example_xcomargs.py
[2024-09-12T00:34:07.880+0000] {logging_mixin.py:188} INFO - [2024-09-12T00:34:07.880+0000] {dag.py:3089} INFO - Sync 2 DAGs
[2024-09-12T00:34:07.894+0000] {logging_mixin.py:188} INFO - [2024-09-12T00:34:07.894+0000] {dag.py:3947} INFO - Setting next_dagrun for example_xcom_args to None, run_after=None
[2024-09-12T00:34:07.899+0000] {logging_mixin.py:188} INFO - [2024-09-12T00:34:07.898+0000] {dag.py:3947} INFO - Setting next_dagrun for example_xcom_args_with_operators to None, run_after=None
[2024-09-12T00:34:07.916+0000] {processor.py:183} INFO - Processing /home/airflow/.local/lib/python3.12/site-packages/airflow/example_dags/example_xcomargs.py took 0.077 seconds
[2024-09-12T00:34:38.158+0000] {processor.py:161} INFO - Started process (PID=1752) to work on /home/airflow/.local/lib/python3.12/site-packages/airflow/example_dags/example_xcomargs.py
[2024-09-12T00:34:38.159+0000] {processor.py:830} INFO - Processing file /home/airflow/.local/lib/python3.12/site-packages/airflow/example_dags/example_xcomargs.py for tasks to queue
[2024-09-12T00:34:38.161+0000] {logging_mixin.py:188} INFO - [2024-09-12T00:34:38.161+0000] {dagbag.py:545} INFO - Filling up the DagBag from /home/airflow/.local/lib/python3.12/site-packages/airflow/example_dags/example_xcomargs.py
[2024-09-12T00:34:38.170+0000] {processor.py:840} INFO - DAG(s) 'example_xcom_args_with_operators', 'example_xcom_args' retrieved from /home/airflow/.local/lib/python3.12/site-packages/airflow/example_dags/example_xcomargs.py
[2024-09-12T00:34:38.194+0000] {logging_mixin.py:188} INFO - [2024-09-12T00:34:38.193+0000] {dag.py:3089} INFO - Sync 2 DAGs
[2024-09-12T00:34:38.208+0000] {logging_mixin.py:188} INFO - [2024-09-12T00:34:38.207+0000] {dag.py:3947} INFO - Setting next_dagrun for example_xcom_args to None, run_after=None
[2024-09-12T00:34:38.212+0000] {logging_mixin.py:188} INFO - [2024-09-12T00:34:38.212+0000] {dag.py:3947} INFO - Setting next_dagrun for example_xcom_args_with_operators to None, run_after=None
[2024-09-12T00:34:38.229+0000] {processor.py:183} INFO - Processing /home/airflow/.local/lib/python3.12/site-packages/airflow/example_dags/example_xcomargs.py took 0.076 seconds
[2024-09-12T00:35:08.375+0000] {processor.py:161} INFO - Started process (PID=1812) to work on /home/airflow/.local/lib/python3.12/site-packages/airflow/example_dags/example_xcomargs.py
[2024-09-12T00:35:08.376+0000] {processor.py:830} INFO - Processing file /home/airflow/.local/lib/python3.12/site-packages/airflow/example_dags/example_xcomargs.py for tasks to queue
[2024-09-12T00:35:08.378+0000] {logging_mixin.py:188} INFO - [2024-09-12T00:35:08.378+0000] {dagbag.py:545} INFO - Filling up the DagBag from /home/airflow/.local/lib/python3.12/site-packages/airflow/example_dags/example_xcomargs.py
[2024-09-12T00:35:08.386+0000] {processor.py:840} INFO - DAG(s) 'example_xcom_args', 'example_xcom_args_with_operators' retrieved from /home/airflow/.local/lib/python3.12/site-packages/airflow/example_dags/example_xcomargs.py
[2024-09-12T00:35:08.410+0000] {logging_mixin.py:188} INFO - [2024-09-12T00:35:08.409+0000] {dag.py:3089} INFO - Sync 2 DAGs
[2024-09-12T00:35:08.423+0000] {logging_mixin.py:188} INFO - [2024-09-12T00:35:08.423+0000] {dag.py:3947} INFO - Setting next_dagrun for example_xcom_args to None, run_after=None
[2024-09-12T00:35:08.428+0000] {logging_mixin.py:188} INFO - [2024-09-12T00:35:08.427+0000] {dag.py:3947} INFO - Setting next_dagrun for example_xcom_args_with_operators to None, run_after=None
[2024-09-12T00:35:08.446+0000] {processor.py:183} INFO - Processing /home/airflow/.local/lib/python3.12/site-packages/airflow/example_dags/example_xcomargs.py took 0.076 seconds
[2024-09-12T00:35:38.901+0000] {processor.py:161} INFO - Started process (PID=1872) to work on /home/airflow/.local/lib/python3.12/site-packages/airflow/example_dags/example_xcomargs.py
[2024-09-12T00:35:38.902+0000] {processor.py:830} INFO - Processing file /home/airflow/.local/lib/python3.12/site-packages/airflow/example_dags/example_xcomargs.py for tasks to queue
[2024-09-12T00:35:38.904+0000] {logging_mixin.py:188} INFO - [2024-09-12T00:35:38.904+0000] {dagbag.py:545} INFO - Filling up the DagBag from /home/airflow/.local/lib/python3.12/site-packages/airflow/example_dags/example_xcomargs.py
[2024-09-12T00:35:38.913+0000] {processor.py:840} INFO - DAG(s) 'example_xcom_args', 'example_xcom_args_with_operators' retrieved from /home/airflow/.local/lib/python3.12/site-packages/airflow/example_dags/example_xcomargs.py
[2024-09-12T00:35:38.940+0000] {logging_mixin.py:188} INFO - [2024-09-12T00:35:38.940+0000] {dag.py:3089} INFO - Sync 2 DAGs
[2024-09-12T00:35:38.955+0000] {logging_mixin.py:188} INFO - [2024-09-12T00:35:38.955+0000] {dag.py:3947} INFO - Setting next_dagrun for example_xcom_args to None, run_after=None
[2024-09-12T00:35:38.960+0000] {logging_mixin.py:188} INFO - [2024-09-12T00:35:38.959+0000] {dag.py:3947} INFO - Setting next_dagrun for example_xcom_args_with_operators to None, run_after=None
[2024-09-12T00:35:38.980+0000] {processor.py:183} INFO - Processing /home/airflow/.local/lib/python3.12/site-packages/airflow/example_dags/example_xcomargs.py took 0.085 seconds
[2024-09-12T00:36:09.175+0000] {processor.py:161} INFO - Started process (PID=1932) to work on /home/airflow/.local/lib/python3.12/site-packages/airflow/example_dags/example_xcomargs.py
[2024-09-12T00:36:09.176+0000] {processor.py:830} INFO - Processing file /home/airflow/.local/lib/python3.12/site-packages/airflow/example_dags/example_xcomargs.py for tasks to queue
[2024-09-12T00:36:09.178+0000] {logging_mixin.py:188} INFO - [2024-09-12T00:36:09.178+0000] {dagbag.py:545} INFO - Filling up the DagBag from /home/airflow/.local/lib/python3.12/site-packages/airflow/example_dags/example_xcomargs.py
[2024-09-12T00:36:09.186+0000] {processor.py:840} INFO - DAG(s) 'example_xcom_args', 'example_xcom_args_with_operators' retrieved from /home/airflow/.local/lib/python3.12/site-packages/airflow/example_dags/example_xcomargs.py
[2024-09-12T00:36:09.210+0000] {logging_mixin.py:188} INFO - [2024-09-12T00:36:09.210+0000] {dag.py:3089} INFO - Sync 2 DAGs
[2024-09-12T00:36:09.224+0000] {logging_mixin.py:188} INFO - [2024-09-12T00:36:09.224+0000] {dag.py:3947} INFO - Setting next_dagrun for example_xcom_args to None, run_after=None
[2024-09-12T00:36:09.229+0000] {logging_mixin.py:188} INFO - [2024-09-12T00:36:09.228+0000] {dag.py:3947} INFO - Setting next_dagrun for example_xcom_args_with_operators to None, run_after=None
[2024-09-12T00:36:09.249+0000] {processor.py:183} INFO - Processing /home/airflow/.local/lib/python3.12/site-packages/airflow/example_dags/example_xcomargs.py took 0.079 seconds
[2024-09-12T00:36:39.402+0000] {processor.py:161} INFO - Started process (PID=1992) to work on /home/airflow/.local/lib/python3.12/site-packages/airflow/example_dags/example_xcomargs.py
[2024-09-12T00:36:39.403+0000] {processor.py:830} INFO - Processing file /home/airflow/.local/lib/python3.12/site-packages/airflow/example_dags/example_xcomargs.py for tasks to queue
[2024-09-12T00:36:39.405+0000] {logging_mixin.py:188} INFO - [2024-09-12T00:36:39.404+0000] {dagbag.py:545} INFO - Filling up the DagBag from /home/airflow/.local/lib/python3.12/site-packages/airflow/example_dags/example_xcomargs.py
[2024-09-12T00:36:39.413+0000] {processor.py:840} INFO - DAG(s) 'example_xcom_args', 'example_xcom_args_with_operators' retrieved from /home/airflow/.local/lib/python3.12/site-packages/airflow/example_dags/example_xcomargs.py
[2024-09-12T00:36:39.436+0000] {logging_mixin.py:188} INFO - [2024-09-12T00:36:39.436+0000] {dag.py:3089} INFO - Sync 2 DAGs
[2024-09-12T00:36:39.450+0000] {logging_mixin.py:188} INFO - [2024-09-12T00:36:39.450+0000] {dag.py:3947} INFO - Setting next_dagrun for example_xcom_args to None, run_after=None
[2024-09-12T00:36:39.454+0000] {logging_mixin.py:188} INFO - [2024-09-12T00:36:39.454+0000] {dag.py:3947} INFO - Setting next_dagrun for example_xcom_args_with_operators to None, run_after=None
[2024-09-12T00:36:39.473+0000] {processor.py:183} INFO - Processing /home/airflow/.local/lib/python3.12/site-packages/airflow/example_dags/example_xcomargs.py took 0.076 seconds
[2024-09-12T00:37:09.570+0000] {processor.py:161} INFO - Started process (PID=2052) to work on /home/airflow/.local/lib/python3.12/site-packages/airflow/example_dags/example_xcomargs.py
[2024-09-12T00:37:09.570+0000] {processor.py:830} INFO - Processing file /home/airflow/.local/lib/python3.12/site-packages/airflow/example_dags/example_xcomargs.py for tasks to queue
[2024-09-12T00:37:09.572+0000] {logging_mixin.py:188} INFO - [2024-09-12T00:37:09.572+0000] {dagbag.py:545} INFO - Filling up the DagBag from /home/airflow/.local/lib/python3.12/site-packages/airflow/example_dags/example_xcomargs.py
[2024-09-12T00:37:09.580+0000] {processor.py:840} INFO - DAG(s) 'example_xcom_args', 'example_xcom_args_with_operators' retrieved from /home/airflow/.local/lib/python3.12/site-packages/airflow/example_dags/example_xcomargs.py
[2024-09-12T00:37:09.603+0000] {logging_mixin.py:188} INFO - [2024-09-12T00:37:09.603+0000] {dag.py:3089} INFO - Sync 2 DAGs
[2024-09-12T00:37:09.617+0000] {logging_mixin.py:188} INFO - [2024-09-12T00:37:09.617+0000] {dag.py:3947} INFO - Setting next_dagrun for example_xcom_args to None, run_after=None
[2024-09-12T00:37:09.621+0000] {logging_mixin.py:188} INFO - [2024-09-12T00:37:09.621+0000] {dag.py:3947} INFO - Setting next_dagrun for example_xcom_args_with_operators to None, run_after=None
[2024-09-12T00:37:09.638+0000] {processor.py:183} INFO - Processing /home/airflow/.local/lib/python3.12/site-packages/airflow/example_dags/example_xcomargs.py took 0.074 seconds
[2024-09-12T00:37:40.581+0000] {processor.py:161} INFO - Started process (PID=2112) to work on /home/airflow/.local/lib/python3.12/site-packages/airflow/example_dags/example_xcomargs.py
[2024-09-12T00:37:40.582+0000] {processor.py:830} INFO - Processing file /home/airflow/.local/lib/python3.12/site-packages/airflow/example_dags/example_xcomargs.py for tasks to queue
[2024-09-12T00:37:40.583+0000] {logging_mixin.py:188} INFO - [2024-09-12T00:37:40.583+0000] {dagbag.py:545} INFO - Filling up the DagBag from /home/airflow/.local/lib/python3.12/site-packages/airflow/example_dags/example_xcomargs.py
[2024-09-12T00:37:40.591+0000] {processor.py:840} INFO - DAG(s) 'example_xcom_args_with_operators', 'example_xcom_args' retrieved from /home/airflow/.local/lib/python3.12/site-packages/airflow/example_dags/example_xcomargs.py
[2024-09-12T00:37:40.616+0000] {logging_mixin.py:188} INFO - [2024-09-12T00:37:40.616+0000] {dag.py:3089} INFO - Sync 2 DAGs
[2024-09-12T00:37:40.631+0000] {logging_mixin.py:188} INFO - [2024-09-12T00:37:40.631+0000] {dag.py:3947} INFO - Setting next_dagrun for example_xcom_args to None, run_after=None
[2024-09-12T00:37:40.635+0000] {logging_mixin.py:188} INFO - [2024-09-12T00:37:40.635+0000] {dag.py:3947} INFO - Setting next_dagrun for example_xcom_args_with_operators to None, run_after=None
[2024-09-12T00:37:40.652+0000] {processor.py:183} INFO - Processing /home/airflow/.local/lib/python3.12/site-packages/airflow/example_dags/example_xcomargs.py took 0.077 seconds
[2024-09-12T00:38:10.942+0000] {processor.py:161} INFO - Started process (PID=2172) to work on /home/airflow/.local/lib/python3.12/site-packages/airflow/example_dags/example_xcomargs.py
[2024-09-12T00:38:10.943+0000] {processor.py:830} INFO - Processing file /home/airflow/.local/lib/python3.12/site-packages/airflow/example_dags/example_xcomargs.py for tasks to queue
[2024-09-12T00:38:10.945+0000] {logging_mixin.py:188} INFO - [2024-09-12T00:38:10.944+0000] {dagbag.py:545} INFO - Filling up the DagBag from /home/airflow/.local/lib/python3.12/site-packages/airflow/example_dags/example_xcomargs.py
[2024-09-12T00:38:10.953+0000] {processor.py:840} INFO - DAG(s) 'example_xcom_args', 'example_xcom_args_with_operators' retrieved from /home/airflow/.local/lib/python3.12/site-packages/airflow/example_dags/example_xcomargs.py
[2024-09-12T00:38:10.976+0000] {logging_mixin.py:188} INFO - [2024-09-12T00:38:10.976+0000] {dag.py:3089} INFO - Sync 2 DAGs
[2024-09-12T00:38:10.991+0000] {logging_mixin.py:188} INFO - [2024-09-12T00:38:10.990+0000] {dag.py:3947} INFO - Setting next_dagrun for example_xcom_args to None, run_after=None
[2024-09-12T00:38:10.996+0000] {logging_mixin.py:188} INFO - [2024-09-12T00:38:10.996+0000] {dag.py:3947} INFO - Setting next_dagrun for example_xcom_args_with_operators to None, run_after=None
[2024-09-12T00:38:11.017+0000] {processor.py:183} INFO - Processing /home/airflow/.local/lib/python3.12/site-packages/airflow/example_dags/example_xcomargs.py took 0.081 seconds
