[2024-09-12T00:20:32.031+0000] {processor.py:161} INFO - Started process (PID=89) to work on /home/airflow/.local/lib/python3.12/site-packages/airflow/example_dags/example_branch_datetime_operator.py
[2024-09-12T00:20:32.032+0000] {processor.py:830} INFO - Processing file /home/airflow/.local/lib/python3.12/site-packages/airflow/example_dags/example_branch_datetime_operator.py for tasks to queue
[2024-09-12T00:20:32.033+0000] {logging_mixin.py:188} INFO - [2024-09-12T00:20:32.033+0000] {dagbag.py:545} INFO - Filling up the DagBag from /home/airflow/.local/lib/python3.12/site-packages/airflow/example_dags/example_branch_datetime_operator.py
[2024-09-12T00:20:32.046+0000] {processor.py:840} INFO - DAG(s) 'example_branch_datetime_operator_3', 'example_branch_datetime_operator_2', 'example_branch_datetime_operator' retrieved from /home/airflow/.local/lib/python3.12/site-packages/airflow/example_dags/example_branch_datetime_operator.py
[2024-09-12T00:20:32.073+0000] {logging_mixin.py:188} INFO - [2024-09-12T00:20:32.072+0000] {dag.py:3089} INFO - Sync 3 DAGs
[2024-09-12T00:20:32.096+0000] {logging_mixin.py:188} INFO - [2024-09-12T00:20:32.095+0000] {dag.py:3947} INFO - Setting next_dagrun for example_branch_datetime_operator to 2024-09-11 00:00:00+00:00, run_after=2024-09-12 00:00:00+00:00
[2024-09-12T00:20:32.101+0000] {logging_mixin.py:188} INFO - [2024-09-12T00:20:32.101+0000] {dag.py:3947} INFO - Setting next_dagrun for example_branch_datetime_operator_2 to 2024-09-11 00:00:00+00:00, run_after=2024-09-12 00:00:00+00:00
[2024-09-12T00:20:32.104+0000] {logging_mixin.py:188} INFO - [2024-09-12T00:20:32.104+0000] {dag.py:3947} INFO - Setting next_dagrun for example_branch_datetime_operator_3 to 2024-09-11 00:00:00+00:00, run_after=2024-09-12 00:00:00+00:00
[2024-09-12T00:20:32.298+0000] {processor.py:183} INFO - Processing /home/airflow/.local/lib/python3.12/site-packages/airflow/example_dags/example_branch_datetime_operator.py took 0.272 seconds
[2024-09-12T00:21:02.608+0000] {processor.py:161} INFO - Started process (PID=149) to work on /home/airflow/.local/lib/python3.12/site-packages/airflow/example_dags/example_branch_datetime_operator.py
[2024-09-12T00:21:02.609+0000] {processor.py:830} INFO - Processing file /home/airflow/.local/lib/python3.12/site-packages/airflow/example_dags/example_branch_datetime_operator.py for tasks to queue
[2024-09-12T00:21:02.611+0000] {logging_mixin.py:188} INFO - [2024-09-12T00:21:02.611+0000] {dagbag.py:545} INFO - Filling up the DagBag from /home/airflow/.local/lib/python3.12/site-packages/airflow/example_dags/example_branch_datetime_operator.py
[2024-09-12T00:21:02.621+0000] {processor.py:840} INFO - DAG(s) 'example_branch_datetime_operator_2', 'example_branch_datetime_operator', 'example_branch_datetime_operator_3' retrieved from /home/airflow/.local/lib/python3.12/site-packages/airflow/example_dags/example_branch_datetime_operator.py
[2024-09-12T00:21:02.647+0000] {logging_mixin.py:188} INFO - [2024-09-12T00:21:02.646+0000] {dag.py:3089} INFO - Sync 3 DAGs
[2024-09-12T00:21:02.672+0000] {logging_mixin.py:188} INFO - [2024-09-12T00:21:02.671+0000] {dag.py:3947} INFO - Setting next_dagrun for example_branch_datetime_operator to 2024-09-11 00:00:00+00:00, run_after=2024-09-12 00:00:00+00:00
[2024-09-12T00:21:02.677+0000] {logging_mixin.py:188} INFO - [2024-09-12T00:21:02.677+0000] {dag.py:3947} INFO - Setting next_dagrun for example_branch_datetime_operator_2 to 2024-09-11 00:00:00+00:00, run_after=2024-09-12 00:00:00+00:00
[2024-09-12T00:21:02.679+0000] {logging_mixin.py:188} INFO - [2024-09-12T00:21:02.679+0000] {dag.py:3947} INFO - Setting next_dagrun for example_branch_datetime_operator_3 to 2024-09-11 00:00:00+00:00, run_after=2024-09-12 00:00:00+00:00
[2024-09-12T00:21:02.695+0000] {processor.py:183} INFO - Processing /home/airflow/.local/lib/python3.12/site-packages/airflow/example_dags/example_branch_datetime_operator.py took 0.092 seconds
[2024-09-12T00:21:33.156+0000] {processor.py:161} INFO - Started process (PID=209) to work on /home/airflow/.local/lib/python3.12/site-packages/airflow/example_dags/example_branch_datetime_operator.py
[2024-09-12T00:21:33.157+0000] {processor.py:830} INFO - Processing file /home/airflow/.local/lib/python3.12/site-packages/airflow/example_dags/example_branch_datetime_operator.py for tasks to queue
[2024-09-12T00:21:33.159+0000] {logging_mixin.py:188} INFO - [2024-09-12T00:21:33.159+0000] {dagbag.py:545} INFO - Filling up the DagBag from /home/airflow/.local/lib/python3.12/site-packages/airflow/example_dags/example_branch_datetime_operator.py
[2024-09-12T00:21:33.174+0000] {processor.py:840} INFO - DAG(s) 'example_branch_datetime_operator_2', 'example_branch_datetime_operator', 'example_branch_datetime_operator_3' retrieved from /home/airflow/.local/lib/python3.12/site-packages/airflow/example_dags/example_branch_datetime_operator.py
[2024-09-12T00:21:33.202+0000] {logging_mixin.py:188} INFO - [2024-09-12T00:21:33.201+0000] {dag.py:3089} INFO - Sync 3 DAGs
[2024-09-12T00:21:33.229+0000] {logging_mixin.py:188} INFO - [2024-09-12T00:21:33.229+0000] {dag.py:3947} INFO - Setting next_dagrun for example_branch_datetime_operator to 2024-09-11 00:00:00+00:00, run_after=2024-09-12 00:00:00+00:00
[2024-09-12T00:21:33.238+0000] {logging_mixin.py:188} INFO - [2024-09-12T00:21:33.238+0000] {dag.py:3947} INFO - Setting next_dagrun for example_branch_datetime_operator_2 to 2024-09-11 00:00:00+00:00, run_after=2024-09-12 00:00:00+00:00
[2024-09-12T00:21:33.244+0000] {logging_mixin.py:188} INFO - [2024-09-12T00:21:33.243+0000] {dag.py:3947} INFO - Setting next_dagrun for example_branch_datetime_operator_3 to 2024-09-11 00:00:00+00:00, run_after=2024-09-12 00:00:00+00:00
[2024-09-12T00:21:33.264+0000] {processor.py:183} INFO - Processing /home/airflow/.local/lib/python3.12/site-packages/airflow/example_dags/example_branch_datetime_operator.py took 0.115 seconds
[2024-09-12T00:22:04.148+0000] {processor.py:161} INFO - Started process (PID=269) to work on /home/airflow/.local/lib/python3.12/site-packages/airflow/example_dags/example_branch_datetime_operator.py
[2024-09-12T00:22:04.149+0000] {processor.py:830} INFO - Processing file /home/airflow/.local/lib/python3.12/site-packages/airflow/example_dags/example_branch_datetime_operator.py for tasks to queue
[2024-09-12T00:22:04.150+0000] {logging_mixin.py:188} INFO - [2024-09-12T00:22:04.150+0000] {dagbag.py:545} INFO - Filling up the DagBag from /home/airflow/.local/lib/python3.12/site-packages/airflow/example_dags/example_branch_datetime_operator.py
[2024-09-12T00:22:04.160+0000] {processor.py:840} INFO - DAG(s) 'example_branch_datetime_operator', 'example_branch_datetime_operator_2', 'example_branch_datetime_operator_3' retrieved from /home/airflow/.local/lib/python3.12/site-packages/airflow/example_dags/example_branch_datetime_operator.py
[2024-09-12T00:22:04.185+0000] {logging_mixin.py:188} INFO - [2024-09-12T00:22:04.185+0000] {dag.py:3089} INFO - Sync 3 DAGs
[2024-09-12T00:22:04.209+0000] {logging_mixin.py:188} INFO - [2024-09-12T00:22:04.209+0000] {dag.py:3947} INFO - Setting next_dagrun for example_branch_datetime_operator to 2024-09-11 00:00:00+00:00, run_after=2024-09-12 00:00:00+00:00
[2024-09-12T00:22:04.215+0000] {logging_mixin.py:188} INFO - [2024-09-12T00:22:04.215+0000] {dag.py:3947} INFO - Setting next_dagrun for example_branch_datetime_operator_2 to 2024-09-11 00:00:00+00:00, run_after=2024-09-12 00:00:00+00:00
[2024-09-12T00:22:04.218+0000] {logging_mixin.py:188} INFO - [2024-09-12T00:22:04.218+0000] {dag.py:3947} INFO - Setting next_dagrun for example_branch_datetime_operator_3 to 2024-09-11 00:00:00+00:00, run_after=2024-09-12 00:00:00+00:00
[2024-09-12T00:22:04.240+0000] {processor.py:183} INFO - Processing /home/airflow/.local/lib/python3.12/site-packages/airflow/example_dags/example_branch_datetime_operator.py took 0.097 seconds
[2024-09-12T00:22:35.070+0000] {processor.py:161} INFO - Started process (PID=329) to work on /home/airflow/.local/lib/python3.12/site-packages/airflow/example_dags/example_branch_datetime_operator.py
[2024-09-12T00:22:35.071+0000] {processor.py:830} INFO - Processing file /home/airflow/.local/lib/python3.12/site-packages/airflow/example_dags/example_branch_datetime_operator.py for tasks to queue
[2024-09-12T00:22:35.073+0000] {logging_mixin.py:188} INFO - [2024-09-12T00:22:35.073+0000] {dagbag.py:545} INFO - Filling up the DagBag from /home/airflow/.local/lib/python3.12/site-packages/airflow/example_dags/example_branch_datetime_operator.py
[2024-09-12T00:22:35.083+0000] {processor.py:840} INFO - DAG(s) 'example_branch_datetime_operator', 'example_branch_datetime_operator_2', 'example_branch_datetime_operator_3' retrieved from /home/airflow/.local/lib/python3.12/site-packages/airflow/example_dags/example_branch_datetime_operator.py
[2024-09-12T00:22:35.110+0000] {logging_mixin.py:188} INFO - [2024-09-12T00:22:35.110+0000] {dag.py:3089} INFO - Sync 3 DAGs
[2024-09-12T00:22:35.135+0000] {logging_mixin.py:188} INFO - [2024-09-12T00:22:35.135+0000] {dag.py:3947} INFO - Setting next_dagrun for example_branch_datetime_operator to 2024-09-11 00:00:00+00:00, run_after=2024-09-12 00:00:00+00:00
[2024-09-12T00:22:35.141+0000] {logging_mixin.py:188} INFO - [2024-09-12T00:22:35.141+0000] {dag.py:3947} INFO - Setting next_dagrun for example_branch_datetime_operator_2 to 2024-09-11 00:00:00+00:00, run_after=2024-09-12 00:00:00+00:00
[2024-09-12T00:22:35.143+0000] {logging_mixin.py:188} INFO - [2024-09-12T00:22:35.143+0000] {dag.py:3947} INFO - Setting next_dagrun for example_branch_datetime_operator_3 to 2024-09-11 00:00:00+00:00, run_after=2024-09-12 00:00:00+00:00
[2024-09-12T00:22:35.160+0000] {processor.py:183} INFO - Processing /home/airflow/.local/lib/python3.12/site-packages/airflow/example_dags/example_branch_datetime_operator.py took 0.096 seconds
[2024-09-12T00:23:05.644+0000] {processor.py:161} INFO - Started process (PID=389) to work on /home/airflow/.local/lib/python3.12/site-packages/airflow/example_dags/example_branch_datetime_operator.py
[2024-09-12T00:23:05.645+0000] {processor.py:830} INFO - Processing file /home/airflow/.local/lib/python3.12/site-packages/airflow/example_dags/example_branch_datetime_operator.py for tasks to queue
[2024-09-12T00:23:05.647+0000] {logging_mixin.py:188} INFO - [2024-09-12T00:23:05.646+0000] {dagbag.py:545} INFO - Filling up the DagBag from /home/airflow/.local/lib/python3.12/site-packages/airflow/example_dags/example_branch_datetime_operator.py
[2024-09-12T00:23:05.656+0000] {processor.py:840} INFO - DAG(s) 'example_branch_datetime_operator_2', 'example_branch_datetime_operator_3', 'example_branch_datetime_operator' retrieved from /home/airflow/.local/lib/python3.12/site-packages/airflow/example_dags/example_branch_datetime_operator.py
[2024-09-12T00:23:05.683+0000] {logging_mixin.py:188} INFO - [2024-09-12T00:23:05.683+0000] {dag.py:3089} INFO - Sync 3 DAGs
[2024-09-12T00:23:05.707+0000] {logging_mixin.py:188} INFO - [2024-09-12T00:23:05.707+0000] {dag.py:3947} INFO - Setting next_dagrun for example_branch_datetime_operator to 2024-09-11 00:00:00+00:00, run_after=2024-09-12 00:00:00+00:00
[2024-09-12T00:23:05.713+0000] {logging_mixin.py:188} INFO - [2024-09-12T00:23:05.713+0000] {dag.py:3947} INFO - Setting next_dagrun for example_branch_datetime_operator_2 to 2024-09-11 00:00:00+00:00, run_after=2024-09-12 00:00:00+00:00
[2024-09-12T00:23:05.716+0000] {logging_mixin.py:188} INFO - [2024-09-12T00:23:05.715+0000] {dag.py:3947} INFO - Setting next_dagrun for example_branch_datetime_operator_3 to 2024-09-11 00:00:00+00:00, run_after=2024-09-12 00:00:00+00:00
[2024-09-12T00:23:05.732+0000] {processor.py:183} INFO - Processing /home/airflow/.local/lib/python3.12/site-packages/airflow/example_dags/example_branch_datetime_operator.py took 0.094 seconds
[2024-09-12T00:23:36.339+0000] {processor.py:161} INFO - Started process (PID=449) to work on /home/airflow/.local/lib/python3.12/site-packages/airflow/example_dags/example_branch_datetime_operator.py
[2024-09-12T00:23:36.340+0000] {processor.py:830} INFO - Processing file /home/airflow/.local/lib/python3.12/site-packages/airflow/example_dags/example_branch_datetime_operator.py for tasks to queue
[2024-09-12T00:23:36.341+0000] {logging_mixin.py:188} INFO - [2024-09-12T00:23:36.341+0000] {dagbag.py:545} INFO - Filling up the DagBag from /home/airflow/.local/lib/python3.12/site-packages/airflow/example_dags/example_branch_datetime_operator.py
[2024-09-12T00:23:36.351+0000] {processor.py:840} INFO - DAG(s) 'example_branch_datetime_operator', 'example_branch_datetime_operator_3', 'example_branch_datetime_operator_2' retrieved from /home/airflow/.local/lib/python3.12/site-packages/airflow/example_dags/example_branch_datetime_operator.py
[2024-09-12T00:23:36.378+0000] {logging_mixin.py:188} INFO - [2024-09-12T00:23:36.377+0000] {dag.py:3089} INFO - Sync 3 DAGs
[2024-09-12T00:23:36.401+0000] {logging_mixin.py:188} INFO - [2024-09-12T00:23:36.401+0000] {dag.py:3947} INFO - Setting next_dagrun for example_branch_datetime_operator to 2024-09-11 00:00:00+00:00, run_after=2024-09-12 00:00:00+00:00
[2024-09-12T00:23:36.408+0000] {logging_mixin.py:188} INFO - [2024-09-12T00:23:36.408+0000] {dag.py:3947} INFO - Setting next_dagrun for example_branch_datetime_operator_2 to 2024-09-11 00:00:00+00:00, run_after=2024-09-12 00:00:00+00:00
[2024-09-12T00:23:36.411+0000] {logging_mixin.py:188} INFO - [2024-09-12T00:23:36.411+0000] {dag.py:3947} INFO - Setting next_dagrun for example_branch_datetime_operator_3 to 2024-09-11 00:00:00+00:00, run_after=2024-09-12 00:00:00+00:00
[2024-09-12T00:23:36.428+0000] {processor.py:183} INFO - Processing /home/airflow/.local/lib/python3.12/site-packages/airflow/example_dags/example_branch_datetime_operator.py took 0.095 seconds
[2024-09-12T00:24:06.983+0000] {processor.py:161} INFO - Started process (PID=509) to work on /home/airflow/.local/lib/python3.12/site-packages/airflow/example_dags/example_branch_datetime_operator.py
[2024-09-12T00:24:06.984+0000] {processor.py:830} INFO - Processing file /home/airflow/.local/lib/python3.12/site-packages/airflow/example_dags/example_branch_datetime_operator.py for tasks to queue
[2024-09-12T00:24:06.986+0000] {logging_mixin.py:188} INFO - [2024-09-12T00:24:06.986+0000] {dagbag.py:545} INFO - Filling up the DagBag from /home/airflow/.local/lib/python3.12/site-packages/airflow/example_dags/example_branch_datetime_operator.py
[2024-09-12T00:24:06.996+0000] {processor.py:840} INFO - DAG(s) 'example_branch_datetime_operator_3', 'example_branch_datetime_operator', 'example_branch_datetime_operator_2' retrieved from /home/airflow/.local/lib/python3.12/site-packages/airflow/example_dags/example_branch_datetime_operator.py
[2024-09-12T00:24:07.023+0000] {logging_mixin.py:188} INFO - [2024-09-12T00:24:07.023+0000] {dag.py:3089} INFO - Sync 3 DAGs
[2024-09-12T00:24:07.047+0000] {logging_mixin.py:188} INFO - [2024-09-12T00:24:07.047+0000] {dag.py:3947} INFO - Setting next_dagrun for example_branch_datetime_operator to 2024-09-11 00:00:00+00:00, run_after=2024-09-12 00:00:00+00:00
[2024-09-12T00:24:07.053+0000] {logging_mixin.py:188} INFO - [2024-09-12T00:24:07.053+0000] {dag.py:3947} INFO - Setting next_dagrun for example_branch_datetime_operator_2 to 2024-09-11 00:00:00+00:00, run_after=2024-09-12 00:00:00+00:00
[2024-09-12T00:24:07.056+0000] {logging_mixin.py:188} INFO - [2024-09-12T00:24:07.056+0000] {dag.py:3947} INFO - Setting next_dagrun for example_branch_datetime_operator_3 to 2024-09-11 00:00:00+00:00, run_after=2024-09-12 00:00:00+00:00
[2024-09-12T00:24:07.073+0000] {processor.py:183} INFO - Processing /home/airflow/.local/lib/python3.12/site-packages/airflow/example_dags/example_branch_datetime_operator.py took 0.095 seconds
[2024-09-12T00:24:37.194+0000] {processor.py:161} INFO - Started process (PID=569) to work on /home/airflow/.local/lib/python3.12/site-packages/airflow/example_dags/example_branch_datetime_operator.py
[2024-09-12T00:24:37.195+0000] {processor.py:830} INFO - Processing file /home/airflow/.local/lib/python3.12/site-packages/airflow/example_dags/example_branch_datetime_operator.py for tasks to queue
[2024-09-12T00:24:37.198+0000] {logging_mixin.py:188} INFO - [2024-09-12T00:24:37.197+0000] {dagbag.py:545} INFO - Filling up the DagBag from /home/airflow/.local/lib/python3.12/site-packages/airflow/example_dags/example_branch_datetime_operator.py
[2024-09-12T00:24:37.210+0000] {processor.py:840} INFO - DAG(s) 'example_branch_datetime_operator', 'example_branch_datetime_operator_2', 'example_branch_datetime_operator_3' retrieved from /home/airflow/.local/lib/python3.12/site-packages/airflow/example_dags/example_branch_datetime_operator.py
[2024-09-12T00:24:37.246+0000] {logging_mixin.py:188} INFO - [2024-09-12T00:24:37.246+0000] {dag.py:3089} INFO - Sync 3 DAGs
[2024-09-12T00:24:37.279+0000] {logging_mixin.py:188} INFO - [2024-09-12T00:24:37.279+0000] {dag.py:3947} INFO - Setting next_dagrun for example_branch_datetime_operator to 2024-09-11 00:00:00+00:00, run_after=2024-09-12 00:00:00+00:00
[2024-09-12T00:24:37.285+0000] {logging_mixin.py:188} INFO - [2024-09-12T00:24:37.285+0000] {dag.py:3947} INFO - Setting next_dagrun for example_branch_datetime_operator_2 to 2024-09-11 00:00:00+00:00, run_after=2024-09-12 00:00:00+00:00
[2024-09-12T00:24:37.288+0000] {logging_mixin.py:188} INFO - [2024-09-12T00:24:37.288+0000] {dag.py:3947} INFO - Setting next_dagrun for example_branch_datetime_operator_3 to 2024-09-11 00:00:00+00:00, run_after=2024-09-12 00:00:00+00:00
[2024-09-12T00:24:37.310+0000] {processor.py:183} INFO - Processing /home/airflow/.local/lib/python3.12/site-packages/airflow/example_dags/example_branch_datetime_operator.py took 0.122 seconds
[2024-09-12T00:25:07.665+0000] {processor.py:161} INFO - Started process (PID=629) to work on /home/airflow/.local/lib/python3.12/site-packages/airflow/example_dags/example_branch_datetime_operator.py
[2024-09-12T00:25:07.666+0000] {processor.py:830} INFO - Processing file /home/airflow/.local/lib/python3.12/site-packages/airflow/example_dags/example_branch_datetime_operator.py for tasks to queue
[2024-09-12T00:25:07.668+0000] {logging_mixin.py:188} INFO - [2024-09-12T00:25:07.668+0000] {dagbag.py:545} INFO - Filling up the DagBag from /home/airflow/.local/lib/python3.12/site-packages/airflow/example_dags/example_branch_datetime_operator.py
[2024-09-12T00:25:07.678+0000] {processor.py:840} INFO - DAG(s) 'example_branch_datetime_operator_3', 'example_branch_datetime_operator_2', 'example_branch_datetime_operator' retrieved from /home/airflow/.local/lib/python3.12/site-packages/airflow/example_dags/example_branch_datetime_operator.py
[2024-09-12T00:25:07.705+0000] {logging_mixin.py:188} INFO - [2024-09-12T00:25:07.704+0000] {dag.py:3089} INFO - Sync 3 DAGs
[2024-09-12T00:25:07.729+0000] {logging_mixin.py:188} INFO - [2024-09-12T00:25:07.729+0000] {dag.py:3947} INFO - Setting next_dagrun for example_branch_datetime_operator to 2024-09-11 00:00:00+00:00, run_after=2024-09-12 00:00:00+00:00
[2024-09-12T00:25:07.735+0000] {logging_mixin.py:188} INFO - [2024-09-12T00:25:07.734+0000] {dag.py:3947} INFO - Setting next_dagrun for example_branch_datetime_operator_2 to 2024-09-11 00:00:00+00:00, run_after=2024-09-12 00:00:00+00:00
[2024-09-12T00:25:07.738+0000] {logging_mixin.py:188} INFO - [2024-09-12T00:25:07.738+0000] {dag.py:3947} INFO - Setting next_dagrun for example_branch_datetime_operator_3 to 2024-09-11 00:00:00+00:00, run_after=2024-09-12 00:00:00+00:00
[2024-09-12T00:25:07.755+0000] {processor.py:183} INFO - Processing /home/airflow/.local/lib/python3.12/site-packages/airflow/example_dags/example_branch_datetime_operator.py took 0.095 seconds
[2024-09-12T00:25:37.953+0000] {processor.py:161} INFO - Started process (PID=689) to work on /home/airflow/.local/lib/python3.12/site-packages/airflow/example_dags/example_branch_datetime_operator.py
[2024-09-12T00:25:37.954+0000] {processor.py:830} INFO - Processing file /home/airflow/.local/lib/python3.12/site-packages/airflow/example_dags/example_branch_datetime_operator.py for tasks to queue
[2024-09-12T00:25:37.956+0000] {logging_mixin.py:188} INFO - [2024-09-12T00:25:37.955+0000] {dagbag.py:545} INFO - Filling up the DagBag from /home/airflow/.local/lib/python3.12/site-packages/airflow/example_dags/example_branch_datetime_operator.py
[2024-09-12T00:25:37.966+0000] {processor.py:840} INFO - DAG(s) 'example_branch_datetime_operator_2', 'example_branch_datetime_operator', 'example_branch_datetime_operator_3' retrieved from /home/airflow/.local/lib/python3.12/site-packages/airflow/example_dags/example_branch_datetime_operator.py
[2024-09-12T00:25:37.992+0000] {logging_mixin.py:188} INFO - [2024-09-12T00:25:37.992+0000] {dag.py:3089} INFO - Sync 3 DAGs
[2024-09-12T00:25:38.016+0000] {logging_mixin.py:188} INFO - [2024-09-12T00:25:38.016+0000] {dag.py:3947} INFO - Setting next_dagrun for example_branch_datetime_operator to 2024-09-11 00:00:00+00:00, run_after=2024-09-12 00:00:00+00:00
[2024-09-12T00:25:38.022+0000] {logging_mixin.py:188} INFO - [2024-09-12T00:25:38.022+0000] {dag.py:3947} INFO - Setting next_dagrun for example_branch_datetime_operator_2 to 2024-09-11 00:00:00+00:00, run_after=2024-09-12 00:00:00+00:00
[2024-09-12T00:25:38.025+0000] {logging_mixin.py:188} INFO - [2024-09-12T00:25:38.025+0000] {dag.py:3947} INFO - Setting next_dagrun for example_branch_datetime_operator_3 to 2024-09-11 00:00:00+00:00, run_after=2024-09-12 00:00:00+00:00
[2024-09-12T00:25:38.043+0000] {processor.py:183} INFO - Processing /home/airflow/.local/lib/python3.12/site-packages/airflow/example_dags/example_branch_datetime_operator.py took 0.096 seconds
[2024-09-12T00:26:08.130+0000] {processor.py:161} INFO - Started process (PID=749) to work on /home/airflow/.local/lib/python3.12/site-packages/airflow/example_dags/example_branch_datetime_operator.py
[2024-09-12T00:26:08.131+0000] {processor.py:830} INFO - Processing file /home/airflow/.local/lib/python3.12/site-packages/airflow/example_dags/example_branch_datetime_operator.py for tasks to queue
[2024-09-12T00:26:08.133+0000] {logging_mixin.py:188} INFO - [2024-09-12T00:26:08.133+0000] {dagbag.py:545} INFO - Filling up the DagBag from /home/airflow/.local/lib/python3.12/site-packages/airflow/example_dags/example_branch_datetime_operator.py
[2024-09-12T00:26:08.144+0000] {processor.py:840} INFO - DAG(s) 'example_branch_datetime_operator', 'example_branch_datetime_operator_2', 'example_branch_datetime_operator_3' retrieved from /home/airflow/.local/lib/python3.12/site-packages/airflow/example_dags/example_branch_datetime_operator.py
[2024-09-12T00:26:08.171+0000] {logging_mixin.py:188} INFO - [2024-09-12T00:26:08.171+0000] {dag.py:3089} INFO - Sync 3 DAGs
[2024-09-12T00:26:08.195+0000] {logging_mixin.py:188} INFO - [2024-09-12T00:26:08.195+0000] {dag.py:3947} INFO - Setting next_dagrun for example_branch_datetime_operator to 2024-09-11 00:00:00+00:00, run_after=2024-09-12 00:00:00+00:00
[2024-09-12T00:26:08.201+0000] {logging_mixin.py:188} INFO - [2024-09-12T00:26:08.201+0000] {dag.py:3947} INFO - Setting next_dagrun for example_branch_datetime_operator_2 to 2024-09-11 00:00:00+00:00, run_after=2024-09-12 00:00:00+00:00
[2024-09-12T00:26:08.203+0000] {logging_mixin.py:188} INFO - [2024-09-12T00:26:08.203+0000] {dag.py:3947} INFO - Setting next_dagrun for example_branch_datetime_operator_3 to 2024-09-11 00:00:00+00:00, run_after=2024-09-12 00:00:00+00:00
[2024-09-12T00:26:08.219+0000] {processor.py:183} INFO - Processing /home/airflow/.local/lib/python3.12/site-packages/airflow/example_dags/example_branch_datetime_operator.py took 0.094 seconds
[2024-09-12T00:26:38.735+0000] {processor.py:161} INFO - Started process (PID=809) to work on /home/airflow/.local/lib/python3.12/site-packages/airflow/example_dags/example_branch_datetime_operator.py
[2024-09-12T00:26:38.735+0000] {processor.py:830} INFO - Processing file /home/airflow/.local/lib/python3.12/site-packages/airflow/example_dags/example_branch_datetime_operator.py for tasks to queue
[2024-09-12T00:26:38.737+0000] {logging_mixin.py:188} INFO - [2024-09-12T00:26:38.737+0000] {dagbag.py:545} INFO - Filling up the DagBag from /home/airflow/.local/lib/python3.12/site-packages/airflow/example_dags/example_branch_datetime_operator.py
[2024-09-12T00:26:38.747+0000] {processor.py:840} INFO - DAG(s) 'example_branch_datetime_operator', 'example_branch_datetime_operator_2', 'example_branch_datetime_operator_3' retrieved from /home/airflow/.local/lib/python3.12/site-packages/airflow/example_dags/example_branch_datetime_operator.py
[2024-09-12T00:26:38.773+0000] {logging_mixin.py:188} INFO - [2024-09-12T00:26:38.772+0000] {dag.py:3089} INFO - Sync 3 DAGs
[2024-09-12T00:26:38.796+0000] {logging_mixin.py:188} INFO - [2024-09-12T00:26:38.796+0000] {dag.py:3947} INFO - Setting next_dagrun for example_branch_datetime_operator to 2024-09-11 00:00:00+00:00, run_after=2024-09-12 00:00:00+00:00
[2024-09-12T00:26:38.802+0000] {logging_mixin.py:188} INFO - [2024-09-12T00:26:38.801+0000] {dag.py:3947} INFO - Setting next_dagrun for example_branch_datetime_operator_2 to 2024-09-11 00:00:00+00:00, run_after=2024-09-12 00:00:00+00:00
[2024-09-12T00:26:38.804+0000] {logging_mixin.py:188} INFO - [2024-09-12T00:26:38.804+0000] {dag.py:3947} INFO - Setting next_dagrun for example_branch_datetime_operator_3 to 2024-09-11 00:00:00+00:00, run_after=2024-09-12 00:00:00+00:00
[2024-09-12T00:26:38.822+0000] {processor.py:183} INFO - Processing /home/airflow/.local/lib/python3.12/site-packages/airflow/example_dags/example_branch_datetime_operator.py took 0.093 seconds
[2024-09-12T00:27:09.266+0000] {processor.py:161} INFO - Started process (PID=869) to work on /home/airflow/.local/lib/python3.12/site-packages/airflow/example_dags/example_branch_datetime_operator.py
[2024-09-12T00:27:09.267+0000] {processor.py:830} INFO - Processing file /home/airflow/.local/lib/python3.12/site-packages/airflow/example_dags/example_branch_datetime_operator.py for tasks to queue
[2024-09-12T00:27:09.269+0000] {logging_mixin.py:188} INFO - [2024-09-12T00:27:09.269+0000] {dagbag.py:545} INFO - Filling up the DagBag from /home/airflow/.local/lib/python3.12/site-packages/airflow/example_dags/example_branch_datetime_operator.py
[2024-09-12T00:27:09.279+0000] {processor.py:840} INFO - DAG(s) 'example_branch_datetime_operator_2', 'example_branch_datetime_operator', 'example_branch_datetime_operator_3' retrieved from /home/airflow/.local/lib/python3.12/site-packages/airflow/example_dags/example_branch_datetime_operator.py
[2024-09-12T00:27:09.304+0000] {logging_mixin.py:188} INFO - [2024-09-12T00:27:09.304+0000] {dag.py:3089} INFO - Sync 3 DAGs
[2024-09-12T00:27:09.330+0000] {logging_mixin.py:188} INFO - [2024-09-12T00:27:09.329+0000] {dag.py:3947} INFO - Setting next_dagrun for example_branch_datetime_operator to 2024-09-11 00:00:00+00:00, run_after=2024-09-12 00:00:00+00:00
[2024-09-12T00:27:09.335+0000] {logging_mixin.py:188} INFO - [2024-09-12T00:27:09.335+0000] {dag.py:3947} INFO - Setting next_dagrun for example_branch_datetime_operator_2 to 2024-09-11 00:00:00+00:00, run_after=2024-09-12 00:00:00+00:00
[2024-09-12T00:27:09.338+0000] {logging_mixin.py:188} INFO - [2024-09-12T00:27:09.338+0000] {dag.py:3947} INFO - Setting next_dagrun for example_branch_datetime_operator_3 to 2024-09-11 00:00:00+00:00, run_after=2024-09-12 00:00:00+00:00
[2024-09-12T00:27:09.354+0000] {processor.py:183} INFO - Processing /home/airflow/.local/lib/python3.12/site-packages/airflow/example_dags/example_branch_datetime_operator.py took 0.093 seconds
[2024-09-12T00:27:39.453+0000] {processor.py:161} INFO - Started process (PID=929) to work on /home/airflow/.local/lib/python3.12/site-packages/airflow/example_dags/example_branch_datetime_operator.py
[2024-09-12T00:27:39.454+0000] {processor.py:830} INFO - Processing file /home/airflow/.local/lib/python3.12/site-packages/airflow/example_dags/example_branch_datetime_operator.py for tasks to queue
[2024-09-12T00:27:39.456+0000] {logging_mixin.py:188} INFO - [2024-09-12T00:27:39.455+0000] {dagbag.py:545} INFO - Filling up the DagBag from /home/airflow/.local/lib/python3.12/site-packages/airflow/example_dags/example_branch_datetime_operator.py
[2024-09-12T00:27:39.466+0000] {processor.py:840} INFO - DAG(s) 'example_branch_datetime_operator_3', 'example_branch_datetime_operator_2', 'example_branch_datetime_operator' retrieved from /home/airflow/.local/lib/python3.12/site-packages/airflow/example_dags/example_branch_datetime_operator.py
[2024-09-12T00:27:39.492+0000] {logging_mixin.py:188} INFO - [2024-09-12T00:27:39.492+0000] {dag.py:3089} INFO - Sync 3 DAGs
[2024-09-12T00:27:39.516+0000] {logging_mixin.py:188} INFO - [2024-09-12T00:27:39.516+0000] {dag.py:3947} INFO - Setting next_dagrun for example_branch_datetime_operator to 2024-09-11 00:00:00+00:00, run_after=2024-09-12 00:00:00+00:00
[2024-09-12T00:27:39.521+0000] {logging_mixin.py:188} INFO - [2024-09-12T00:27:39.521+0000] {dag.py:3947} INFO - Setting next_dagrun for example_branch_datetime_operator_2 to 2024-09-11 00:00:00+00:00, run_after=2024-09-12 00:00:00+00:00
[2024-09-12T00:27:39.524+0000] {logging_mixin.py:188} INFO - [2024-09-12T00:27:39.524+0000] {dag.py:3947} INFO - Setting next_dagrun for example_branch_datetime_operator_3 to 2024-09-11 00:00:00+00:00, run_after=2024-09-12 00:00:00+00:00
[2024-09-12T00:27:39.539+0000] {processor.py:183} INFO - Processing /home/airflow/.local/lib/python3.12/site-packages/airflow/example_dags/example_branch_datetime_operator.py took 0.092 seconds
[2024-09-12T00:28:09.961+0000] {processor.py:161} INFO - Started process (PID=989) to work on /home/airflow/.local/lib/python3.12/site-packages/airflow/example_dags/example_branch_datetime_operator.py
[2024-09-12T00:28:09.962+0000] {processor.py:830} INFO - Processing file /home/airflow/.local/lib/python3.12/site-packages/airflow/example_dags/example_branch_datetime_operator.py for tasks to queue
[2024-09-12T00:28:09.964+0000] {logging_mixin.py:188} INFO - [2024-09-12T00:28:09.964+0000] {dagbag.py:545} INFO - Filling up the DagBag from /home/airflow/.local/lib/python3.12/site-packages/airflow/example_dags/example_branch_datetime_operator.py
[2024-09-12T00:28:09.974+0000] {processor.py:840} INFO - DAG(s) 'example_branch_datetime_operator_2', 'example_branch_datetime_operator_3', 'example_branch_datetime_operator' retrieved from /home/airflow/.local/lib/python3.12/site-packages/airflow/example_dags/example_branch_datetime_operator.py
[2024-09-12T00:28:10.000+0000] {logging_mixin.py:188} INFO - [2024-09-12T00:28:10.000+0000] {dag.py:3089} INFO - Sync 3 DAGs
[2024-09-12T00:28:10.025+0000] {logging_mixin.py:188} INFO - [2024-09-12T00:28:10.025+0000] {dag.py:3947} INFO - Setting next_dagrun for example_branch_datetime_operator to 2024-09-11 00:00:00+00:00, run_after=2024-09-12 00:00:00+00:00
[2024-09-12T00:28:10.031+0000] {logging_mixin.py:188} INFO - [2024-09-12T00:28:10.031+0000] {dag.py:3947} INFO - Setting next_dagrun for example_branch_datetime_operator_2 to 2024-09-11 00:00:00+00:00, run_after=2024-09-12 00:00:00+00:00
[2024-09-12T00:28:10.034+0000] {logging_mixin.py:188} INFO - [2024-09-12T00:28:10.034+0000] {dag.py:3947} INFO - Setting next_dagrun for example_branch_datetime_operator_3 to 2024-09-11 00:00:00+00:00, run_after=2024-09-12 00:00:00+00:00
[2024-09-12T00:28:10.052+0000] {processor.py:183} INFO - Processing /home/airflow/.local/lib/python3.12/site-packages/airflow/example_dags/example_branch_datetime_operator.py took 0.096 seconds
[2024-09-12T00:28:40.113+0000] {processor.py:161} INFO - Started process (PID=1049) to work on /home/airflow/.local/lib/python3.12/site-packages/airflow/example_dags/example_branch_datetime_operator.py
[2024-09-12T00:28:40.114+0000] {processor.py:830} INFO - Processing file /home/airflow/.local/lib/python3.12/site-packages/airflow/example_dags/example_branch_datetime_operator.py for tasks to queue
[2024-09-12T00:28:40.116+0000] {logging_mixin.py:188} INFO - [2024-09-12T00:28:40.116+0000] {dagbag.py:545} INFO - Filling up the DagBag from /home/airflow/.local/lib/python3.12/site-packages/airflow/example_dags/example_branch_datetime_operator.py
[2024-09-12T00:28:40.126+0000] {processor.py:840} INFO - DAG(s) 'example_branch_datetime_operator_3', 'example_branch_datetime_operator', 'example_branch_datetime_operator_2' retrieved from /home/airflow/.local/lib/python3.12/site-packages/airflow/example_dags/example_branch_datetime_operator.py
[2024-09-12T00:28:40.152+0000] {logging_mixin.py:188} INFO - [2024-09-12T00:28:40.152+0000] {dag.py:3089} INFO - Sync 3 DAGs
[2024-09-12T00:28:40.175+0000] {logging_mixin.py:188} INFO - [2024-09-12T00:28:40.175+0000] {dag.py:3947} INFO - Setting next_dagrun for example_branch_datetime_operator to 2024-09-11 00:00:00+00:00, run_after=2024-09-12 00:00:00+00:00
[2024-09-12T00:28:40.181+0000] {logging_mixin.py:188} INFO - [2024-09-12T00:28:40.181+0000] {dag.py:3947} INFO - Setting next_dagrun for example_branch_datetime_operator_2 to 2024-09-11 00:00:00+00:00, run_after=2024-09-12 00:00:00+00:00
[2024-09-12T00:28:40.184+0000] {logging_mixin.py:188} INFO - [2024-09-12T00:28:40.183+0000] {dag.py:3947} INFO - Setting next_dagrun for example_branch_datetime_operator_3 to 2024-09-11 00:00:00+00:00, run_after=2024-09-12 00:00:00+00:00
[2024-09-12T00:28:40.201+0000] {processor.py:183} INFO - Processing /home/airflow/.local/lib/python3.12/site-packages/airflow/example_dags/example_branch_datetime_operator.py took 0.094 seconds
[2024-09-12T00:29:10.499+0000] {processor.py:161} INFO - Started process (PID=1109) to work on /home/airflow/.local/lib/python3.12/site-packages/airflow/example_dags/example_branch_datetime_operator.py
[2024-09-12T00:29:10.500+0000] {processor.py:830} INFO - Processing file /home/airflow/.local/lib/python3.12/site-packages/airflow/example_dags/example_branch_datetime_operator.py for tasks to queue
[2024-09-12T00:29:10.502+0000] {logging_mixin.py:188} INFO - [2024-09-12T00:29:10.502+0000] {dagbag.py:545} INFO - Filling up the DagBag from /home/airflow/.local/lib/python3.12/site-packages/airflow/example_dags/example_branch_datetime_operator.py
[2024-09-12T00:29:10.512+0000] {processor.py:840} INFO - DAG(s) 'example_branch_datetime_operator', 'example_branch_datetime_operator_3', 'example_branch_datetime_operator_2' retrieved from /home/airflow/.local/lib/python3.12/site-packages/airflow/example_dags/example_branch_datetime_operator.py
[2024-09-12T00:29:10.540+0000] {logging_mixin.py:188} INFO - [2024-09-12T00:29:10.540+0000] {dag.py:3089} INFO - Sync 3 DAGs
[2024-09-12T00:29:10.569+0000] {logging_mixin.py:188} INFO - [2024-09-12T00:29:10.569+0000] {dag.py:3947} INFO - Setting next_dagrun for example_branch_datetime_operator to 2024-09-11 00:00:00+00:00, run_after=2024-09-12 00:00:00+00:00
[2024-09-12T00:29:10.574+0000] {logging_mixin.py:188} INFO - [2024-09-12T00:29:10.574+0000] {dag.py:3947} INFO - Setting next_dagrun for example_branch_datetime_operator_2 to 2024-09-11 00:00:00+00:00, run_after=2024-09-12 00:00:00+00:00
[2024-09-12T00:29:10.577+0000] {logging_mixin.py:188} INFO - [2024-09-12T00:29:10.577+0000] {dag.py:3947} INFO - Setting next_dagrun for example_branch_datetime_operator_3 to 2024-09-11 00:00:00+00:00, run_after=2024-09-12 00:00:00+00:00
[2024-09-12T00:29:10.596+0000] {processor.py:183} INFO - Processing /home/airflow/.local/lib/python3.12/site-packages/airflow/example_dags/example_branch_datetime_operator.py took 0.102 seconds
[2024-09-12T00:29:41.041+0000] {processor.py:161} INFO - Started process (PID=1169) to work on /home/airflow/.local/lib/python3.12/site-packages/airflow/example_dags/example_branch_datetime_operator.py
[2024-09-12T00:29:41.042+0000] {processor.py:830} INFO - Processing file /home/airflow/.local/lib/python3.12/site-packages/airflow/example_dags/example_branch_datetime_operator.py for tasks to queue
[2024-09-12T00:29:41.044+0000] {logging_mixin.py:188} INFO - [2024-09-12T00:29:41.043+0000] {dagbag.py:545} INFO - Filling up the DagBag from /home/airflow/.local/lib/python3.12/site-packages/airflow/example_dags/example_branch_datetime_operator.py
[2024-09-12T00:29:41.053+0000] {processor.py:840} INFO - DAG(s) 'example_branch_datetime_operator', 'example_branch_datetime_operator_3', 'example_branch_datetime_operator_2' retrieved from /home/airflow/.local/lib/python3.12/site-packages/airflow/example_dags/example_branch_datetime_operator.py
[2024-09-12T00:29:41.082+0000] {logging_mixin.py:188} INFO - [2024-09-12T00:29:41.082+0000] {dag.py:3089} INFO - Sync 3 DAGs
[2024-09-12T00:29:41.108+0000] {logging_mixin.py:188} INFO - [2024-09-12T00:29:41.107+0000] {dag.py:3947} INFO - Setting next_dagrun for example_branch_datetime_operator to 2024-09-11 00:00:00+00:00, run_after=2024-09-12 00:00:00+00:00
[2024-09-12T00:29:41.114+0000] {logging_mixin.py:188} INFO - [2024-09-12T00:29:41.113+0000] {dag.py:3947} INFO - Setting next_dagrun for example_branch_datetime_operator_2 to 2024-09-11 00:00:00+00:00, run_after=2024-09-12 00:00:00+00:00
[2024-09-12T00:29:41.116+0000] {logging_mixin.py:188} INFO - [2024-09-12T00:29:41.116+0000] {dag.py:3947} INFO - Setting next_dagrun for example_branch_datetime_operator_3 to 2024-09-11 00:00:00+00:00, run_after=2024-09-12 00:00:00+00:00
[2024-09-12T00:29:41.135+0000] {processor.py:183} INFO - Processing /home/airflow/.local/lib/python3.12/site-packages/airflow/example_dags/example_branch_datetime_operator.py took 0.100 seconds
[2024-09-12T00:30:11.447+0000] {processor.py:161} INFO - Started process (PID=1229) to work on /home/airflow/.local/lib/python3.12/site-packages/airflow/example_dags/example_branch_datetime_operator.py
[2024-09-12T00:30:11.448+0000] {processor.py:830} INFO - Processing file /home/airflow/.local/lib/python3.12/site-packages/airflow/example_dags/example_branch_datetime_operator.py for tasks to queue
[2024-09-12T00:30:11.450+0000] {logging_mixin.py:188} INFO - [2024-09-12T00:30:11.450+0000] {dagbag.py:545} INFO - Filling up the DagBag from /home/airflow/.local/lib/python3.12/site-packages/airflow/example_dags/example_branch_datetime_operator.py
[2024-09-12T00:30:11.460+0000] {processor.py:840} INFO - DAG(s) 'example_branch_datetime_operator_2', 'example_branch_datetime_operator_3', 'example_branch_datetime_operator' retrieved from /home/airflow/.local/lib/python3.12/site-packages/airflow/example_dags/example_branch_datetime_operator.py
[2024-09-12T00:30:11.485+0000] {logging_mixin.py:188} INFO - [2024-09-12T00:30:11.485+0000] {dag.py:3089} INFO - Sync 3 DAGs
[2024-09-12T00:30:11.510+0000] {logging_mixin.py:188} INFO - [2024-09-12T00:30:11.510+0000] {dag.py:3947} INFO - Setting next_dagrun for example_branch_datetime_operator to 2024-09-11 00:00:00+00:00, run_after=2024-09-12 00:00:00+00:00
[2024-09-12T00:30:11.516+0000] {logging_mixin.py:188} INFO - [2024-09-12T00:30:11.515+0000] {dag.py:3947} INFO - Setting next_dagrun for example_branch_datetime_operator_2 to 2024-09-11 00:00:00+00:00, run_after=2024-09-12 00:00:00+00:00
[2024-09-12T00:30:11.518+0000] {logging_mixin.py:188} INFO - [2024-09-12T00:30:11.518+0000] {dag.py:3947} INFO - Setting next_dagrun for example_branch_datetime_operator_3 to 2024-09-11 00:00:00+00:00, run_after=2024-09-12 00:00:00+00:00
[2024-09-12T00:30:11.535+0000] {processor.py:183} INFO - Processing /home/airflow/.local/lib/python3.12/site-packages/airflow/example_dags/example_branch_datetime_operator.py took 0.093 seconds
[2024-09-12T00:30:41.937+0000] {processor.py:161} INFO - Started process (PID=1289) to work on /home/airflow/.local/lib/python3.12/site-packages/airflow/example_dags/example_branch_datetime_operator.py
[2024-09-12T00:30:41.937+0000] {processor.py:830} INFO - Processing file /home/airflow/.local/lib/python3.12/site-packages/airflow/example_dags/example_branch_datetime_operator.py for tasks to queue
[2024-09-12T00:30:41.939+0000] {logging_mixin.py:188} INFO - [2024-09-12T00:30:41.939+0000] {dagbag.py:545} INFO - Filling up the DagBag from /home/airflow/.local/lib/python3.12/site-packages/airflow/example_dags/example_branch_datetime_operator.py
[2024-09-12T00:30:41.950+0000] {processor.py:840} INFO - DAG(s) 'example_branch_datetime_operator_2', 'example_branch_datetime_operator', 'example_branch_datetime_operator_3' retrieved from /home/airflow/.local/lib/python3.12/site-packages/airflow/example_dags/example_branch_datetime_operator.py
[2024-09-12T00:30:41.977+0000] {logging_mixin.py:188} INFO - [2024-09-12T00:30:41.977+0000] {dag.py:3089} INFO - Sync 3 DAGs
[2024-09-12T00:30:42.002+0000] {logging_mixin.py:188} INFO - [2024-09-12T00:30:42.002+0000] {dag.py:3947} INFO - Setting next_dagrun for example_branch_datetime_operator to 2024-09-11 00:00:00+00:00, run_after=2024-09-12 00:00:00+00:00
[2024-09-12T00:30:42.007+0000] {logging_mixin.py:188} INFO - [2024-09-12T00:30:42.007+0000] {dag.py:3947} INFO - Setting next_dagrun for example_branch_datetime_operator_2 to 2024-09-11 00:00:00+00:00, run_after=2024-09-12 00:00:00+00:00
[2024-09-12T00:30:42.010+0000] {logging_mixin.py:188} INFO - [2024-09-12T00:30:42.010+0000] {dag.py:3947} INFO - Setting next_dagrun for example_branch_datetime_operator_3 to 2024-09-11 00:00:00+00:00, run_after=2024-09-12 00:00:00+00:00
[2024-09-12T00:30:42.027+0000] {processor.py:183} INFO - Processing /home/airflow/.local/lib/python3.12/site-packages/airflow/example_dags/example_branch_datetime_operator.py took 0.096 seconds
[2024-09-12T00:31:12.240+0000] {processor.py:161} INFO - Started process (PID=1349) to work on /home/airflow/.local/lib/python3.12/site-packages/airflow/example_dags/example_branch_datetime_operator.py
[2024-09-12T00:31:12.241+0000] {processor.py:830} INFO - Processing file /home/airflow/.local/lib/python3.12/site-packages/airflow/example_dags/example_branch_datetime_operator.py for tasks to queue
[2024-09-12T00:31:12.243+0000] {logging_mixin.py:188} INFO - [2024-09-12T00:31:12.242+0000] {dagbag.py:545} INFO - Filling up the DagBag from /home/airflow/.local/lib/python3.12/site-packages/airflow/example_dags/example_branch_datetime_operator.py
[2024-09-12T00:31:12.252+0000] {processor.py:840} INFO - DAG(s) 'example_branch_datetime_operator_2', 'example_branch_datetime_operator_3', 'example_branch_datetime_operator' retrieved from /home/airflow/.local/lib/python3.12/site-packages/airflow/example_dags/example_branch_datetime_operator.py
[2024-09-12T00:31:12.282+0000] {logging_mixin.py:188} INFO - [2024-09-12T00:31:12.282+0000] {dag.py:3089} INFO - Sync 3 DAGs
[2024-09-12T00:31:12.307+0000] {logging_mixin.py:188} INFO - [2024-09-12T00:31:12.306+0000] {dag.py:3947} INFO - Setting next_dagrun for example_branch_datetime_operator to 2024-09-11 00:00:00+00:00, run_after=2024-09-12 00:00:00+00:00
[2024-09-12T00:31:12.312+0000] {logging_mixin.py:188} INFO - [2024-09-12T00:31:12.312+0000] {dag.py:3947} INFO - Setting next_dagrun for example_branch_datetime_operator_2 to 2024-09-11 00:00:00+00:00, run_after=2024-09-12 00:00:00+00:00
[2024-09-12T00:31:12.315+0000] {logging_mixin.py:188} INFO - [2024-09-12T00:31:12.315+0000] {dag.py:3947} INFO - Setting next_dagrun for example_branch_datetime_operator_3 to 2024-09-11 00:00:00+00:00, run_after=2024-09-12 00:00:00+00:00
[2024-09-12T00:31:12.332+0000] {processor.py:183} INFO - Processing /home/airflow/.local/lib/python3.12/site-packages/airflow/example_dags/example_branch_datetime_operator.py took 0.098 seconds
[2024-09-12T00:31:42.965+0000] {processor.py:161} INFO - Started process (PID=1409) to work on /home/airflow/.local/lib/python3.12/site-packages/airflow/example_dags/example_branch_datetime_operator.py
[2024-09-12T00:31:42.966+0000] {processor.py:830} INFO - Processing file /home/airflow/.local/lib/python3.12/site-packages/airflow/example_dags/example_branch_datetime_operator.py for tasks to queue
[2024-09-12T00:31:42.968+0000] {logging_mixin.py:188} INFO - [2024-09-12T00:31:42.968+0000] {dagbag.py:545} INFO - Filling up the DagBag from /home/airflow/.local/lib/python3.12/site-packages/airflow/example_dags/example_branch_datetime_operator.py
[2024-09-12T00:31:42.979+0000] {processor.py:840} INFO - DAG(s) 'example_branch_datetime_operator_3', 'example_branch_datetime_operator_2', 'example_branch_datetime_operator' retrieved from /home/airflow/.local/lib/python3.12/site-packages/airflow/example_dags/example_branch_datetime_operator.py
[2024-09-12T00:31:43.005+0000] {logging_mixin.py:188} INFO - [2024-09-12T00:31:43.004+0000] {dag.py:3089} INFO - Sync 3 DAGs
[2024-09-12T00:31:43.151+0000] {logging_mixin.py:188} INFO - [2024-09-12T00:31:43.150+0000] {dag.py:3947} INFO - Setting next_dagrun for example_branch_datetime_operator to 2024-09-11 00:00:00+00:00, run_after=2024-09-12 00:00:00+00:00
[2024-09-12T00:31:43.156+0000] {logging_mixin.py:188} INFO - [2024-09-12T00:31:43.155+0000] {dag.py:3947} INFO - Setting next_dagrun for example_branch_datetime_operator_2 to 2024-09-11 00:00:00+00:00, run_after=2024-09-12 00:00:00+00:00
[2024-09-12T00:31:43.158+0000] {logging_mixin.py:188} INFO - [2024-09-12T00:31:43.158+0000] {dag.py:3947} INFO - Setting next_dagrun for example_branch_datetime_operator_3 to 2024-09-11 00:00:00+00:00, run_after=2024-09-12 00:00:00+00:00
[2024-09-12T00:31:43.176+0000] {processor.py:183} INFO - Processing /home/airflow/.local/lib/python3.12/site-packages/airflow/example_dags/example_branch_datetime_operator.py took 0.217 seconds
[2024-09-12T00:32:13.458+0000] {processor.py:161} INFO - Started process (PID=1469) to work on /home/airflow/.local/lib/python3.12/site-packages/airflow/example_dags/example_branch_datetime_operator.py
[2024-09-12T00:32:13.459+0000] {processor.py:830} INFO - Processing file /home/airflow/.local/lib/python3.12/site-packages/airflow/example_dags/example_branch_datetime_operator.py for tasks to queue
[2024-09-12T00:32:13.461+0000] {logging_mixin.py:188} INFO - [2024-09-12T00:32:13.461+0000] {dagbag.py:545} INFO - Filling up the DagBag from /home/airflow/.local/lib/python3.12/site-packages/airflow/example_dags/example_branch_datetime_operator.py
[2024-09-12T00:32:13.471+0000] {processor.py:840} INFO - DAG(s) 'example_branch_datetime_operator', 'example_branch_datetime_operator_2', 'example_branch_datetime_operator_3' retrieved from /home/airflow/.local/lib/python3.12/site-packages/airflow/example_dags/example_branch_datetime_operator.py
[2024-09-12T00:32:13.501+0000] {logging_mixin.py:188} INFO - [2024-09-12T00:32:13.500+0000] {dag.py:3089} INFO - Sync 3 DAGs
[2024-09-12T00:32:13.653+0000] {logging_mixin.py:188} INFO - [2024-09-12T00:32:13.652+0000] {dag.py:3947} INFO - Setting next_dagrun for example_branch_datetime_operator to 2024-09-11 00:00:00+00:00, run_after=2024-09-12 00:00:00+00:00
[2024-09-12T00:32:13.660+0000] {logging_mixin.py:188} INFO - [2024-09-12T00:32:13.659+0000] {dag.py:3947} INFO - Setting next_dagrun for example_branch_datetime_operator_2 to 2024-09-11 00:00:00+00:00, run_after=2024-09-12 00:00:00+00:00
[2024-09-12T00:32:13.663+0000] {logging_mixin.py:188} INFO - [2024-09-12T00:32:13.662+0000] {dag.py:3947} INFO - Setting next_dagrun for example_branch_datetime_operator_3 to 2024-09-11 00:00:00+00:00, run_after=2024-09-12 00:00:00+00:00
[2024-09-12T00:32:13.679+0000] {processor.py:183} INFO - Processing /home/airflow/.local/lib/python3.12/site-packages/airflow/example_dags/example_branch_datetime_operator.py took 0.227 seconds
[2024-09-12T00:32:43.854+0000] {processor.py:161} INFO - Started process (PID=1529) to work on /home/airflow/.local/lib/python3.12/site-packages/airflow/example_dags/example_branch_datetime_operator.py
[2024-09-12T00:32:43.855+0000] {processor.py:830} INFO - Processing file /home/airflow/.local/lib/python3.12/site-packages/airflow/example_dags/example_branch_datetime_operator.py for tasks to queue
[2024-09-12T00:32:43.856+0000] {logging_mixin.py:188} INFO - [2024-09-12T00:32:43.856+0000] {dagbag.py:545} INFO - Filling up the DagBag from /home/airflow/.local/lib/python3.12/site-packages/airflow/example_dags/example_branch_datetime_operator.py
[2024-09-12T00:32:43.868+0000] {processor.py:840} INFO - DAG(s) 'example_branch_datetime_operator_2', 'example_branch_datetime_operator_3', 'example_branch_datetime_operator' retrieved from /home/airflow/.local/lib/python3.12/site-packages/airflow/example_dags/example_branch_datetime_operator.py
[2024-09-12T00:32:43.898+0000] {logging_mixin.py:188} INFO - [2024-09-12T00:32:43.898+0000] {dag.py:3089} INFO - Sync 3 DAGs
[2024-09-12T00:32:43.926+0000] {logging_mixin.py:188} INFO - [2024-09-12T00:32:43.926+0000] {dag.py:3947} INFO - Setting next_dagrun for example_branch_datetime_operator to 2024-09-11 00:00:00+00:00, run_after=2024-09-12 00:00:00+00:00
[2024-09-12T00:32:43.932+0000] {logging_mixin.py:188} INFO - [2024-09-12T00:32:43.931+0000] {dag.py:3947} INFO - Setting next_dagrun for example_branch_datetime_operator_2 to 2024-09-11 00:00:00+00:00, run_after=2024-09-12 00:00:00+00:00
[2024-09-12T00:32:43.935+0000] {logging_mixin.py:188} INFO - [2024-09-12T00:32:43.935+0000] {dag.py:3947} INFO - Setting next_dagrun for example_branch_datetime_operator_3 to 2024-09-11 00:00:00+00:00, run_after=2024-09-12 00:00:00+00:00
[2024-09-12T00:32:43.952+0000] {processor.py:183} INFO - Processing /home/airflow/.local/lib/python3.12/site-packages/airflow/example_dags/example_branch_datetime_operator.py took 0.104 seconds
[2024-09-12T00:33:14.184+0000] {processor.py:161} INFO - Started process (PID=1589) to work on /home/airflow/.local/lib/python3.12/site-packages/airflow/example_dags/example_branch_datetime_operator.py
[2024-09-12T00:33:14.185+0000] {processor.py:830} INFO - Processing file /home/airflow/.local/lib/python3.12/site-packages/airflow/example_dags/example_branch_datetime_operator.py for tasks to queue
[2024-09-12T00:33:14.187+0000] {logging_mixin.py:188} INFO - [2024-09-12T00:33:14.187+0000] {dagbag.py:545} INFO - Filling up the DagBag from /home/airflow/.local/lib/python3.12/site-packages/airflow/example_dags/example_branch_datetime_operator.py
[2024-09-12T00:33:14.197+0000] {processor.py:840} INFO - DAG(s) 'example_branch_datetime_operator_3', 'example_branch_datetime_operator', 'example_branch_datetime_operator_2' retrieved from /home/airflow/.local/lib/python3.12/site-packages/airflow/example_dags/example_branch_datetime_operator.py
[2024-09-12T00:33:14.225+0000] {logging_mixin.py:188} INFO - [2024-09-12T00:33:14.225+0000] {dag.py:3089} INFO - Sync 3 DAGs
[2024-09-12T00:33:14.251+0000] {logging_mixin.py:188} INFO - [2024-09-12T00:33:14.250+0000] {dag.py:3947} INFO - Setting next_dagrun for example_branch_datetime_operator to 2024-09-11 00:00:00+00:00, run_after=2024-09-12 00:00:00+00:00
[2024-09-12T00:33:14.256+0000] {logging_mixin.py:188} INFO - [2024-09-12T00:33:14.256+0000] {dag.py:3947} INFO - Setting next_dagrun for example_branch_datetime_operator_2 to 2024-09-11 00:00:00+00:00, run_after=2024-09-12 00:00:00+00:00
[2024-09-12T00:33:14.259+0000] {logging_mixin.py:188} INFO - [2024-09-12T00:33:14.258+0000] {dag.py:3947} INFO - Setting next_dagrun for example_branch_datetime_operator_3 to 2024-09-11 00:00:00+00:00, run_after=2024-09-12 00:00:00+00:00
[2024-09-12T00:33:14.276+0000] {processor.py:183} INFO - Processing /home/airflow/.local/lib/python3.12/site-packages/airflow/example_dags/example_branch_datetime_operator.py took 0.098 seconds
[2024-09-12T00:33:44.794+0000] {processor.py:161} INFO - Started process (PID=1649) to work on /home/airflow/.local/lib/python3.12/site-packages/airflow/example_dags/example_branch_datetime_operator.py
[2024-09-12T00:33:44.795+0000] {processor.py:830} INFO - Processing file /home/airflow/.local/lib/python3.12/site-packages/airflow/example_dags/example_branch_datetime_operator.py for tasks to queue
[2024-09-12T00:33:44.797+0000] {logging_mixin.py:188} INFO - [2024-09-12T00:33:44.797+0000] {dagbag.py:545} INFO - Filling up the DagBag from /home/airflow/.local/lib/python3.12/site-packages/airflow/example_dags/example_branch_datetime_operator.py
[2024-09-12T00:33:44.811+0000] {processor.py:840} INFO - DAG(s) 'example_branch_datetime_operator_3', 'example_branch_datetime_operator', 'example_branch_datetime_operator_2' retrieved from /home/airflow/.local/lib/python3.12/site-packages/airflow/example_dags/example_branch_datetime_operator.py
[2024-09-12T00:33:44.842+0000] {logging_mixin.py:188} INFO - [2024-09-12T00:33:44.842+0000] {dag.py:3089} INFO - Sync 3 DAGs
[2024-09-12T00:33:44.872+0000] {logging_mixin.py:188} INFO - [2024-09-12T00:33:44.872+0000] {dag.py:3947} INFO - Setting next_dagrun for example_branch_datetime_operator to 2024-09-11 00:00:00+00:00, run_after=2024-09-12 00:00:00+00:00
[2024-09-12T00:33:44.878+0000] {logging_mixin.py:188} INFO - [2024-09-12T00:33:44.878+0000] {dag.py:3947} INFO - Setting next_dagrun for example_branch_datetime_operator_2 to 2024-09-11 00:00:00+00:00, run_after=2024-09-12 00:00:00+00:00
[2024-09-12T00:33:44.882+0000] {logging_mixin.py:188} INFO - [2024-09-12T00:33:44.882+0000] {dag.py:3947} INFO - Setting next_dagrun for example_branch_datetime_operator_3 to 2024-09-11 00:00:00+00:00, run_after=2024-09-12 00:00:00+00:00
[2024-09-12T00:33:44.901+0000] {processor.py:183} INFO - Processing /home/airflow/.local/lib/python3.12/site-packages/airflow/example_dags/example_branch_datetime_operator.py took 0.114 seconds
[2024-09-12T00:34:15.776+0000] {processor.py:161} INFO - Started process (PID=1709) to work on /home/airflow/.local/lib/python3.12/site-packages/airflow/example_dags/example_branch_datetime_operator.py
[2024-09-12T00:34:15.777+0000] {processor.py:830} INFO - Processing file /home/airflow/.local/lib/python3.12/site-packages/airflow/example_dags/example_branch_datetime_operator.py for tasks to queue
[2024-09-12T00:34:15.779+0000] {logging_mixin.py:188} INFO - [2024-09-12T00:34:15.779+0000] {dagbag.py:545} INFO - Filling up the DagBag from /home/airflow/.local/lib/python3.12/site-packages/airflow/example_dags/example_branch_datetime_operator.py
[2024-09-12T00:34:15.789+0000] {processor.py:840} INFO - DAG(s) 'example_branch_datetime_operator_3', 'example_branch_datetime_operator', 'example_branch_datetime_operator_2' retrieved from /home/airflow/.local/lib/python3.12/site-packages/airflow/example_dags/example_branch_datetime_operator.py
[2024-09-12T00:34:15.815+0000] {logging_mixin.py:188} INFO - [2024-09-12T00:34:15.815+0000] {dag.py:3089} INFO - Sync 3 DAGs
[2024-09-12T00:34:15.840+0000] {logging_mixin.py:188} INFO - [2024-09-12T00:34:15.840+0000] {dag.py:3947} INFO - Setting next_dagrun for example_branch_datetime_operator to 2024-09-11 00:00:00+00:00, run_after=2024-09-12 00:00:00+00:00
[2024-09-12T00:34:15.847+0000] {logging_mixin.py:188} INFO - [2024-09-12T00:34:15.847+0000] {dag.py:3947} INFO - Setting next_dagrun for example_branch_datetime_operator_2 to 2024-09-11 00:00:00+00:00, run_after=2024-09-12 00:00:00+00:00
[2024-09-12T00:34:15.850+0000] {logging_mixin.py:188} INFO - [2024-09-12T00:34:15.850+0000] {dag.py:3947} INFO - Setting next_dagrun for example_branch_datetime_operator_3 to 2024-09-11 00:00:00+00:00, run_after=2024-09-12 00:00:00+00:00
[2024-09-12T00:34:15.868+0000] {processor.py:183} INFO - Processing /home/airflow/.local/lib/python3.12/site-packages/airflow/example_dags/example_branch_datetime_operator.py took 0.097 seconds
[2024-09-12T00:34:45.992+0000] {processor.py:161} INFO - Started process (PID=1767) to work on /home/airflow/.local/lib/python3.12/site-packages/airflow/example_dags/example_branch_datetime_operator.py
[2024-09-12T00:34:45.993+0000] {processor.py:830} INFO - Processing file /home/airflow/.local/lib/python3.12/site-packages/airflow/example_dags/example_branch_datetime_operator.py for tasks to queue
[2024-09-12T00:34:45.996+0000] {logging_mixin.py:188} INFO - [2024-09-12T00:34:45.995+0000] {dagbag.py:545} INFO - Filling up the DagBag from /home/airflow/.local/lib/python3.12/site-packages/airflow/example_dags/example_branch_datetime_operator.py
[2024-09-12T00:34:46.007+0000] {processor.py:840} INFO - DAG(s) 'example_branch_datetime_operator', 'example_branch_datetime_operator_3', 'example_branch_datetime_operator_2' retrieved from /home/airflow/.local/lib/python3.12/site-packages/airflow/example_dags/example_branch_datetime_operator.py
[2024-09-12T00:34:46.033+0000] {logging_mixin.py:188} INFO - [2024-09-12T00:34:46.033+0000] {dag.py:3089} INFO - Sync 3 DAGs
[2024-09-12T00:34:46.057+0000] {logging_mixin.py:188} INFO - [2024-09-12T00:34:46.057+0000] {dag.py:3947} INFO - Setting next_dagrun for example_branch_datetime_operator to 2024-09-11 00:00:00+00:00, run_after=2024-09-12 00:00:00+00:00
[2024-09-12T00:34:46.063+0000] {logging_mixin.py:188} INFO - [2024-09-12T00:34:46.063+0000] {dag.py:3947} INFO - Setting next_dagrun for example_branch_datetime_operator_2 to 2024-09-11 00:00:00+00:00, run_after=2024-09-12 00:00:00+00:00
[2024-09-12T00:34:46.066+0000] {logging_mixin.py:188} INFO - [2024-09-12T00:34:46.065+0000] {dag.py:3947} INFO - Setting next_dagrun for example_branch_datetime_operator_3 to 2024-09-11 00:00:00+00:00, run_after=2024-09-12 00:00:00+00:00
[2024-09-12T00:34:46.083+0000] {processor.py:183} INFO - Processing /home/airflow/.local/lib/python3.12/site-packages/airflow/example_dags/example_branch_datetime_operator.py took 0.098 seconds
[2024-09-12T00:35:16.194+0000] {processor.py:161} INFO - Started process (PID=1827) to work on /home/airflow/.local/lib/python3.12/site-packages/airflow/example_dags/example_branch_datetime_operator.py
[2024-09-12T00:35:16.195+0000] {processor.py:830} INFO - Processing file /home/airflow/.local/lib/python3.12/site-packages/airflow/example_dags/example_branch_datetime_operator.py for tasks to queue
[2024-09-12T00:35:16.197+0000] {logging_mixin.py:188} INFO - [2024-09-12T00:35:16.197+0000] {dagbag.py:545} INFO - Filling up the DagBag from /home/airflow/.local/lib/python3.12/site-packages/airflow/example_dags/example_branch_datetime_operator.py
[2024-09-12T00:35:16.208+0000] {processor.py:840} INFO - DAG(s) 'example_branch_datetime_operator', 'example_branch_datetime_operator_3', 'example_branch_datetime_operator_2' retrieved from /home/airflow/.local/lib/python3.12/site-packages/airflow/example_dags/example_branch_datetime_operator.py
[2024-09-12T00:35:16.236+0000] {logging_mixin.py:188} INFO - [2024-09-12T00:35:16.236+0000] {dag.py:3089} INFO - Sync 3 DAGs
[2024-09-12T00:35:16.261+0000] {logging_mixin.py:188} INFO - [2024-09-12T00:35:16.261+0000] {dag.py:3947} INFO - Setting next_dagrun for example_branch_datetime_operator to 2024-09-11 00:00:00+00:00, run_after=2024-09-12 00:00:00+00:00
[2024-09-12T00:35:16.267+0000] {logging_mixin.py:188} INFO - [2024-09-12T00:35:16.266+0000] {dag.py:3947} INFO - Setting next_dagrun for example_branch_datetime_operator_2 to 2024-09-11 00:00:00+00:00, run_after=2024-09-12 00:00:00+00:00
[2024-09-12T00:35:16.269+0000] {logging_mixin.py:188} INFO - [2024-09-12T00:35:16.269+0000] {dag.py:3947} INFO - Setting next_dagrun for example_branch_datetime_operator_3 to 2024-09-11 00:00:00+00:00, run_after=2024-09-12 00:00:00+00:00
[2024-09-12T00:35:16.285+0000] {processor.py:183} INFO - Processing /home/airflow/.local/lib/python3.12/site-packages/airflow/example_dags/example_branch_datetime_operator.py took 0.099 seconds
[2024-09-12T00:35:46.745+0000] {processor.py:161} INFO - Started process (PID=1887) to work on /home/airflow/.local/lib/python3.12/site-packages/airflow/example_dags/example_branch_datetime_operator.py
[2024-09-12T00:35:46.746+0000] {processor.py:830} INFO - Processing file /home/airflow/.local/lib/python3.12/site-packages/airflow/example_dags/example_branch_datetime_operator.py for tasks to queue
[2024-09-12T00:35:46.748+0000] {logging_mixin.py:188} INFO - [2024-09-12T00:35:46.747+0000] {dagbag.py:545} INFO - Filling up the DagBag from /home/airflow/.local/lib/python3.12/site-packages/airflow/example_dags/example_branch_datetime_operator.py
[2024-09-12T00:35:46.758+0000] {processor.py:840} INFO - DAG(s) 'example_branch_datetime_operator_2', 'example_branch_datetime_operator_3', 'example_branch_datetime_operator' retrieved from /home/airflow/.local/lib/python3.12/site-packages/airflow/example_dags/example_branch_datetime_operator.py
[2024-09-12T00:35:46.786+0000] {logging_mixin.py:188} INFO - [2024-09-12T00:35:46.785+0000] {dag.py:3089} INFO - Sync 3 DAGs
[2024-09-12T00:35:46.811+0000] {logging_mixin.py:188} INFO - [2024-09-12T00:35:46.811+0000] {dag.py:3947} INFO - Setting next_dagrun for example_branch_datetime_operator to 2024-09-11 00:00:00+00:00, run_after=2024-09-12 00:00:00+00:00
[2024-09-12T00:35:46.817+0000] {logging_mixin.py:188} INFO - [2024-09-12T00:35:46.816+0000] {dag.py:3947} INFO - Setting next_dagrun for example_branch_datetime_operator_2 to 2024-09-11 00:00:00+00:00, run_after=2024-09-12 00:00:00+00:00
[2024-09-12T00:35:46.819+0000] {logging_mixin.py:188} INFO - [2024-09-12T00:35:46.819+0000] {dag.py:3947} INFO - Setting next_dagrun for example_branch_datetime_operator_3 to 2024-09-11 00:00:00+00:00, run_after=2024-09-12 00:00:00+00:00
[2024-09-12T00:35:46.837+0000] {processor.py:183} INFO - Processing /home/airflow/.local/lib/python3.12/site-packages/airflow/example_dags/example_branch_datetime_operator.py took 0.099 seconds
[2024-09-12T00:36:17.011+0000] {processor.py:161} INFO - Started process (PID=1947) to work on /home/airflow/.local/lib/python3.12/site-packages/airflow/example_dags/example_branch_datetime_operator.py
[2024-09-12T00:36:17.012+0000] {processor.py:830} INFO - Processing file /home/airflow/.local/lib/python3.12/site-packages/airflow/example_dags/example_branch_datetime_operator.py for tasks to queue
[2024-09-12T00:36:17.014+0000] {logging_mixin.py:188} INFO - [2024-09-12T00:36:17.013+0000] {dagbag.py:545} INFO - Filling up the DagBag from /home/airflow/.local/lib/python3.12/site-packages/airflow/example_dags/example_branch_datetime_operator.py
[2024-09-12T00:36:17.024+0000] {processor.py:840} INFO - DAG(s) 'example_branch_datetime_operator_3', 'example_branch_datetime_operator', 'example_branch_datetime_operator_2' retrieved from /home/airflow/.local/lib/python3.12/site-packages/airflow/example_dags/example_branch_datetime_operator.py
[2024-09-12T00:36:17.051+0000] {logging_mixin.py:188} INFO - [2024-09-12T00:36:17.051+0000] {dag.py:3089} INFO - Sync 3 DAGs
[2024-09-12T00:36:17.075+0000] {logging_mixin.py:188} INFO - [2024-09-12T00:36:17.075+0000] {dag.py:3947} INFO - Setting next_dagrun for example_branch_datetime_operator to 2024-09-11 00:00:00+00:00, run_after=2024-09-12 00:00:00+00:00
[2024-09-12T00:36:17.081+0000] {logging_mixin.py:188} INFO - [2024-09-12T00:36:17.081+0000] {dag.py:3947} INFO - Setting next_dagrun for example_branch_datetime_operator_2 to 2024-09-11 00:00:00+00:00, run_after=2024-09-12 00:00:00+00:00
[2024-09-12T00:36:17.083+0000] {logging_mixin.py:188} INFO - [2024-09-12T00:36:17.083+0000] {dag.py:3947} INFO - Setting next_dagrun for example_branch_datetime_operator_3 to 2024-09-11 00:00:00+00:00, run_after=2024-09-12 00:00:00+00:00
[2024-09-12T00:36:17.100+0000] {processor.py:183} INFO - Processing /home/airflow/.local/lib/python3.12/site-packages/airflow/example_dags/example_branch_datetime_operator.py took 0.095 seconds
[2024-09-12T00:36:47.194+0000] {processor.py:161} INFO - Started process (PID=2007) to work on /home/airflow/.local/lib/python3.12/site-packages/airflow/example_dags/example_branch_datetime_operator.py
[2024-09-12T00:36:47.195+0000] {processor.py:830} INFO - Processing file /home/airflow/.local/lib/python3.12/site-packages/airflow/example_dags/example_branch_datetime_operator.py for tasks to queue
[2024-09-12T00:36:47.197+0000] {logging_mixin.py:188} INFO - [2024-09-12T00:36:47.197+0000] {dagbag.py:545} INFO - Filling up the DagBag from /home/airflow/.local/lib/python3.12/site-packages/airflow/example_dags/example_branch_datetime_operator.py
[2024-09-12T00:36:47.207+0000] {processor.py:840} INFO - DAG(s) 'example_branch_datetime_operator_2', 'example_branch_datetime_operator_3', 'example_branch_datetime_operator' retrieved from /home/airflow/.local/lib/python3.12/site-packages/airflow/example_dags/example_branch_datetime_operator.py
[2024-09-12T00:36:47.232+0000] {logging_mixin.py:188} INFO - [2024-09-12T00:36:47.232+0000] {dag.py:3089} INFO - Sync 3 DAGs
[2024-09-12T00:36:47.255+0000] {logging_mixin.py:188} INFO - [2024-09-12T00:36:47.255+0000] {dag.py:3947} INFO - Setting next_dagrun for example_branch_datetime_operator to 2024-09-11 00:00:00+00:00, run_after=2024-09-12 00:00:00+00:00
[2024-09-12T00:36:47.260+0000] {logging_mixin.py:188} INFO - [2024-09-12T00:36:47.260+0000] {dag.py:3947} INFO - Setting next_dagrun for example_branch_datetime_operator_2 to 2024-09-11 00:00:00+00:00, run_after=2024-09-12 00:00:00+00:00
[2024-09-12T00:36:47.263+0000] {logging_mixin.py:188} INFO - [2024-09-12T00:36:47.263+0000] {dag.py:3947} INFO - Setting next_dagrun for example_branch_datetime_operator_3 to 2024-09-11 00:00:00+00:00, run_after=2024-09-12 00:00:00+00:00
[2024-09-12T00:36:47.280+0000] {processor.py:183} INFO - Processing /home/airflow/.local/lib/python3.12/site-packages/airflow/example_dags/example_branch_datetime_operator.py took 0.092 seconds
[2024-09-12T00:37:17.383+0000] {processor.py:161} INFO - Started process (PID=2067) to work on /home/airflow/.local/lib/python3.12/site-packages/airflow/example_dags/example_branch_datetime_operator.py
[2024-09-12T00:37:17.384+0000] {processor.py:830} INFO - Processing file /home/airflow/.local/lib/python3.12/site-packages/airflow/example_dags/example_branch_datetime_operator.py for tasks to queue
[2024-09-12T00:37:17.386+0000] {logging_mixin.py:188} INFO - [2024-09-12T00:37:17.386+0000] {dagbag.py:545} INFO - Filling up the DagBag from /home/airflow/.local/lib/python3.12/site-packages/airflow/example_dags/example_branch_datetime_operator.py
[2024-09-12T00:37:17.397+0000] {processor.py:840} INFO - DAG(s) 'example_branch_datetime_operator_3', 'example_branch_datetime_operator', 'example_branch_datetime_operator_2' retrieved from /home/airflow/.local/lib/python3.12/site-packages/airflow/example_dags/example_branch_datetime_operator.py
[2024-09-12T00:37:17.424+0000] {logging_mixin.py:188} INFO - [2024-09-12T00:37:17.424+0000] {dag.py:3089} INFO - Sync 3 DAGs
[2024-09-12T00:37:17.450+0000] {logging_mixin.py:188} INFO - [2024-09-12T00:37:17.450+0000] {dag.py:3947} INFO - Setting next_dagrun for example_branch_datetime_operator to 2024-09-11 00:00:00+00:00, run_after=2024-09-12 00:00:00+00:00
[2024-09-12T00:37:17.455+0000] {logging_mixin.py:188} INFO - [2024-09-12T00:37:17.455+0000] {dag.py:3947} INFO - Setting next_dagrun for example_branch_datetime_operator_2 to 2024-09-11 00:00:00+00:00, run_after=2024-09-12 00:00:00+00:00
[2024-09-12T00:37:17.458+0000] {logging_mixin.py:188} INFO - [2024-09-12T00:37:17.458+0000] {dag.py:3947} INFO - Setting next_dagrun for example_branch_datetime_operator_3 to 2024-09-11 00:00:00+00:00, run_after=2024-09-12 00:00:00+00:00
[2024-09-12T00:37:17.475+0000] {processor.py:183} INFO - Processing /home/airflow/.local/lib/python3.12/site-packages/airflow/example_dags/example_branch_datetime_operator.py took 0.098 seconds
[2024-09-12T00:37:48.397+0000] {processor.py:161} INFO - Started process (PID=2127) to work on /home/airflow/.local/lib/python3.12/site-packages/airflow/example_dags/example_branch_datetime_operator.py
[2024-09-12T00:37:48.398+0000] {processor.py:830} INFO - Processing file /home/airflow/.local/lib/python3.12/site-packages/airflow/example_dags/example_branch_datetime_operator.py for tasks to queue
[2024-09-12T00:37:48.400+0000] {logging_mixin.py:188} INFO - [2024-09-12T00:37:48.400+0000] {dagbag.py:545} INFO - Filling up the DagBag from /home/airflow/.local/lib/python3.12/site-packages/airflow/example_dags/example_branch_datetime_operator.py
[2024-09-12T00:37:48.410+0000] {processor.py:840} INFO - DAG(s) 'example_branch_datetime_operator_2', 'example_branch_datetime_operator_3', 'example_branch_datetime_operator' retrieved from /home/airflow/.local/lib/python3.12/site-packages/airflow/example_dags/example_branch_datetime_operator.py
[2024-09-12T00:37:48.436+0000] {logging_mixin.py:188} INFO - [2024-09-12T00:37:48.436+0000] {dag.py:3089} INFO - Sync 3 DAGs
[2024-09-12T00:37:48.461+0000] {logging_mixin.py:188} INFO - [2024-09-12T00:37:48.461+0000] {dag.py:3947} INFO - Setting next_dagrun for example_branch_datetime_operator to 2024-09-11 00:00:00+00:00, run_after=2024-09-12 00:00:00+00:00
[2024-09-12T00:37:48.467+0000] {logging_mixin.py:188} INFO - [2024-09-12T00:37:48.467+0000] {dag.py:3947} INFO - Setting next_dagrun for example_branch_datetime_operator_2 to 2024-09-11 00:00:00+00:00, run_after=2024-09-12 00:00:00+00:00
[2024-09-12T00:37:48.469+0000] {logging_mixin.py:188} INFO - [2024-09-12T00:37:48.469+0000] {dag.py:3947} INFO - Setting next_dagrun for example_branch_datetime_operator_3 to 2024-09-11 00:00:00+00:00, run_after=2024-09-12 00:00:00+00:00
[2024-09-12T00:37:48.486+0000] {processor.py:183} INFO - Processing /home/airflow/.local/lib/python3.12/site-packages/airflow/example_dags/example_branch_datetime_operator.py took 0.095 seconds
