[2024-09-12T00:20:22.326+0000] {processor.py:161} INFO - Started process (PID=56) to work on /home/airflow/.local/lib/python3.12/site-packages/airflow/example_dags/example_task_group.py
[2024-09-12T00:20:22.327+0000] {processor.py:830} INFO - Processing file /home/airflow/.local/lib/python3.12/site-packages/airflow/example_dags/example_task_group.py for tasks to queue
[2024-09-12T00:20:22.329+0000] {logging_mixin.py:188} INFO - [2024-09-12T00:20:22.329+0000] {dagbag.py:545} INFO - Filling up the DagBag from /home/airflow/.local/lib/python3.12/site-packages/airflow/example_dags/example_task_group.py
[2024-09-12T00:20:22.339+0000] {processor.py:840} INFO - DAG(s) 'example_task_group' retrieved from /home/airflow/.local/lib/python3.12/site-packages/airflow/example_dags/example_task_group.py
[2024-09-12T00:20:22.383+0000] {logging_mixin.py:188} INFO - [2024-09-12T00:20:22.382+0000] {dag.py:3089} INFO - Sync 1 DAGs
[2024-09-12T00:20:22.421+0000] {logging_mixin.py:188} INFO - [2024-09-12T00:20:22.421+0000] {dag.py:3947} INFO - Setting next_dagrun for example_task_group to 2024-09-11 00:00:00+00:00, run_after=2024-09-12 00:00:00+00:00
[2024-09-12T00:20:22.446+0000] {processor.py:183} INFO - Processing /home/airflow/.local/lib/python3.12/site-packages/airflow/example_dags/example_task_group.py took 0.126 seconds
[2024-09-12T00:20:52.855+0000] {processor.py:161} INFO - Started process (PID=114) to work on /home/airflow/.local/lib/python3.12/site-packages/airflow/example_dags/example_task_group.py
[2024-09-12T00:20:52.857+0000] {processor.py:830} INFO - Processing file /home/airflow/.local/lib/python3.12/site-packages/airflow/example_dags/example_task_group.py for tasks to queue
[2024-09-12T00:20:52.860+0000] {logging_mixin.py:188} INFO - [2024-09-12T00:20:52.859+0000] {dagbag.py:545} INFO - Filling up the DagBag from /home/airflow/.local/lib/python3.12/site-packages/airflow/example_dags/example_task_group.py
[2024-09-12T00:20:52.870+0000] {processor.py:840} INFO - DAG(s) 'example_task_group' retrieved from /home/airflow/.local/lib/python3.12/site-packages/airflow/example_dags/example_task_group.py
[2024-09-12T00:20:52.910+0000] {logging_mixin.py:188} INFO - [2024-09-12T00:20:52.910+0000] {dag.py:3089} INFO - Sync 1 DAGs
[2024-09-12T00:20:52.951+0000] {logging_mixin.py:188} INFO - [2024-09-12T00:20:52.951+0000] {dag.py:3947} INFO - Setting next_dagrun for example_task_group to 2024-09-11 00:00:00+00:00, run_after=2024-09-12 00:00:00+00:00
[2024-09-12T00:20:52.986+0000] {processor.py:183} INFO - Processing /home/airflow/.local/lib/python3.12/site-packages/airflow/example_dags/example_task_group.py took 0.140 seconds
[2024-09-12T00:21:23.117+0000] {processor.py:161} INFO - Started process (PID=174) to work on /home/airflow/.local/lib/python3.12/site-packages/airflow/example_dags/example_task_group.py
[2024-09-12T00:21:23.118+0000] {processor.py:830} INFO - Processing file /home/airflow/.local/lib/python3.12/site-packages/airflow/example_dags/example_task_group.py for tasks to queue
[2024-09-12T00:21:23.120+0000] {logging_mixin.py:188} INFO - [2024-09-12T00:21:23.119+0000] {dagbag.py:545} INFO - Filling up the DagBag from /home/airflow/.local/lib/python3.12/site-packages/airflow/example_dags/example_task_group.py
[2024-09-12T00:21:23.128+0000] {processor.py:840} INFO - DAG(s) 'example_task_group' retrieved from /home/airflow/.local/lib/python3.12/site-packages/airflow/example_dags/example_task_group.py
[2024-09-12T00:21:23.148+0000] {logging_mixin.py:188} INFO - [2024-09-12T00:21:23.148+0000] {dag.py:3089} INFO - Sync 1 DAGs
[2024-09-12T00:21:23.171+0000] {logging_mixin.py:188} INFO - [2024-09-12T00:21:23.171+0000] {dag.py:3947} INFO - Setting next_dagrun for example_task_group to 2024-09-11 00:00:00+00:00, run_after=2024-09-12 00:00:00+00:00
[2024-09-12T00:21:23.190+0000] {processor.py:183} INFO - Processing /home/airflow/.local/lib/python3.12/site-packages/airflow/example_dags/example_task_group.py took 0.079 seconds
[2024-09-12T00:21:53.416+0000] {processor.py:161} INFO - Started process (PID=234) to work on /home/airflow/.local/lib/python3.12/site-packages/airflow/example_dags/example_task_group.py
[2024-09-12T00:21:53.417+0000] {processor.py:830} INFO - Processing file /home/airflow/.local/lib/python3.12/site-packages/airflow/example_dags/example_task_group.py for tasks to queue
[2024-09-12T00:21:53.419+0000] {logging_mixin.py:188} INFO - [2024-09-12T00:21:53.419+0000] {dagbag.py:545} INFO - Filling up the DagBag from /home/airflow/.local/lib/python3.12/site-packages/airflow/example_dags/example_task_group.py
[2024-09-12T00:21:53.428+0000] {processor.py:840} INFO - DAG(s) 'example_task_group' retrieved from /home/airflow/.local/lib/python3.12/site-packages/airflow/example_dags/example_task_group.py
[2024-09-12T00:21:53.448+0000] {logging_mixin.py:188} INFO - [2024-09-12T00:21:53.448+0000] {dag.py:3089} INFO - Sync 1 DAGs
[2024-09-12T00:21:53.471+0000] {logging_mixin.py:188} INFO - [2024-09-12T00:21:53.471+0000] {dag.py:3947} INFO - Setting next_dagrun for example_task_group to 2024-09-11 00:00:00+00:00, run_after=2024-09-12 00:00:00+00:00
[2024-09-12T00:21:53.491+0000] {processor.py:183} INFO - Processing /home/airflow/.local/lib/python3.12/site-packages/airflow/example_dags/example_task_group.py took 0.081 seconds
[2024-09-12T00:22:23.918+0000] {processor.py:161} INFO - Started process (PID=294) to work on /home/airflow/.local/lib/python3.12/site-packages/airflow/example_dags/example_task_group.py
[2024-09-12T00:22:23.919+0000] {processor.py:830} INFO - Processing file /home/airflow/.local/lib/python3.12/site-packages/airflow/example_dags/example_task_group.py for tasks to queue
[2024-09-12T00:22:23.922+0000] {logging_mixin.py:188} INFO - [2024-09-12T00:22:23.922+0000] {dagbag.py:545} INFO - Filling up the DagBag from /home/airflow/.local/lib/python3.12/site-packages/airflow/example_dags/example_task_group.py
[2024-09-12T00:22:23.932+0000] {processor.py:840} INFO - DAG(s) 'example_task_group' retrieved from /home/airflow/.local/lib/python3.12/site-packages/airflow/example_dags/example_task_group.py
[2024-09-12T00:22:23.957+0000] {logging_mixin.py:188} INFO - [2024-09-12T00:22:23.956+0000] {dag.py:3089} INFO - Sync 1 DAGs
[2024-09-12T00:22:23.984+0000] {logging_mixin.py:188} INFO - [2024-09-12T00:22:23.984+0000] {dag.py:3947} INFO - Setting next_dagrun for example_task_group to 2024-09-11 00:00:00+00:00, run_after=2024-09-12 00:00:00+00:00
[2024-09-12T00:22:24.011+0000] {processor.py:183} INFO - Processing /home/airflow/.local/lib/python3.12/site-packages/airflow/example_dags/example_task_group.py took 0.100 seconds
[2024-09-12T00:22:54.790+0000] {processor.py:161} INFO - Started process (PID=360) to work on /home/airflow/.local/lib/python3.12/site-packages/airflow/example_dags/example_task_group.py
[2024-09-12T00:22:54.791+0000] {processor.py:830} INFO - Processing file /home/airflow/.local/lib/python3.12/site-packages/airflow/example_dags/example_task_group.py for tasks to queue
[2024-09-12T00:22:54.793+0000] {logging_mixin.py:188} INFO - [2024-09-12T00:22:54.792+0000] {dagbag.py:545} INFO - Filling up the DagBag from /home/airflow/.local/lib/python3.12/site-packages/airflow/example_dags/example_task_group.py
[2024-09-12T00:22:54.800+0000] {processor.py:840} INFO - DAG(s) 'example_task_group' retrieved from /home/airflow/.local/lib/python3.12/site-packages/airflow/example_dags/example_task_group.py
[2024-09-12T00:22:54.819+0000] {logging_mixin.py:188} INFO - [2024-09-12T00:22:54.819+0000] {dag.py:3089} INFO - Sync 1 DAGs
[2024-09-12T00:22:54.843+0000] {logging_mixin.py:188} INFO - [2024-09-12T00:22:54.843+0000] {dag.py:3947} INFO - Setting next_dagrun for example_task_group to 2024-09-11 00:00:00+00:00, run_after=2024-09-12 00:00:00+00:00
[2024-09-12T00:22:54.862+0000] {processor.py:183} INFO - Processing /home/airflow/.local/lib/python3.12/site-packages/airflow/example_dags/example_task_group.py took 0.078 seconds
[2024-09-12T00:23:24.919+0000] {processor.py:161} INFO - Started process (PID=420) to work on /home/airflow/.local/lib/python3.12/site-packages/airflow/example_dags/example_task_group.py
[2024-09-12T00:23:24.920+0000] {processor.py:830} INFO - Processing file /home/airflow/.local/lib/python3.12/site-packages/airflow/example_dags/example_task_group.py for tasks to queue
[2024-09-12T00:23:24.922+0000] {logging_mixin.py:188} INFO - [2024-09-12T00:23:24.922+0000] {dagbag.py:545} INFO - Filling up the DagBag from /home/airflow/.local/lib/python3.12/site-packages/airflow/example_dags/example_task_group.py
[2024-09-12T00:23:24.929+0000] {processor.py:840} INFO - DAG(s) 'example_task_group' retrieved from /home/airflow/.local/lib/python3.12/site-packages/airflow/example_dags/example_task_group.py
[2024-09-12T00:23:24.948+0000] {logging_mixin.py:188} INFO - [2024-09-12T00:23:24.948+0000] {dag.py:3089} INFO - Sync 1 DAGs
[2024-09-12T00:23:24.969+0000] {logging_mixin.py:188} INFO - [2024-09-12T00:23:24.969+0000] {dag.py:3947} INFO - Setting next_dagrun for example_task_group to 2024-09-11 00:00:00+00:00, run_after=2024-09-12 00:00:00+00:00
[2024-09-12T00:23:24.989+0000] {processor.py:183} INFO - Processing /home/airflow/.local/lib/python3.12/site-packages/airflow/example_dags/example_task_group.py took 0.076 seconds
[2024-09-12T00:23:55.474+0000] {processor.py:161} INFO - Started process (PID=480) to work on /home/airflow/.local/lib/python3.12/site-packages/airflow/example_dags/example_task_group.py
[2024-09-12T00:23:55.475+0000] {processor.py:830} INFO - Processing file /home/airflow/.local/lib/python3.12/site-packages/airflow/example_dags/example_task_group.py for tasks to queue
[2024-09-12T00:23:55.477+0000] {logging_mixin.py:188} INFO - [2024-09-12T00:23:55.477+0000] {dagbag.py:545} INFO - Filling up the DagBag from /home/airflow/.local/lib/python3.12/site-packages/airflow/example_dags/example_task_group.py
[2024-09-12T00:23:55.485+0000] {processor.py:840} INFO - DAG(s) 'example_task_group' retrieved from /home/airflow/.local/lib/python3.12/site-packages/airflow/example_dags/example_task_group.py
[2024-09-12T00:23:55.506+0000] {logging_mixin.py:188} INFO - [2024-09-12T00:23:55.505+0000] {dag.py:3089} INFO - Sync 1 DAGs
[2024-09-12T00:23:55.528+0000] {logging_mixin.py:188} INFO - [2024-09-12T00:23:55.527+0000] {dag.py:3947} INFO - Setting next_dagrun for example_task_group to 2024-09-11 00:00:00+00:00, run_after=2024-09-12 00:00:00+00:00
[2024-09-12T00:23:55.550+0000] {processor.py:183} INFO - Processing /home/airflow/.local/lib/python3.12/site-packages/airflow/example_dags/example_task_group.py took 0.083 seconds
[2024-09-12T00:24:25.702+0000] {processor.py:161} INFO - Started process (PID=540) to work on /home/airflow/.local/lib/python3.12/site-packages/airflow/example_dags/example_task_group.py
[2024-09-12T00:24:25.703+0000] {processor.py:830} INFO - Processing file /home/airflow/.local/lib/python3.12/site-packages/airflow/example_dags/example_task_group.py for tasks to queue
[2024-09-12T00:24:25.705+0000] {logging_mixin.py:188} INFO - [2024-09-12T00:24:25.705+0000] {dagbag.py:545} INFO - Filling up the DagBag from /home/airflow/.local/lib/python3.12/site-packages/airflow/example_dags/example_task_group.py
[2024-09-12T00:24:25.712+0000] {processor.py:840} INFO - DAG(s) 'example_task_group' retrieved from /home/airflow/.local/lib/python3.12/site-packages/airflow/example_dags/example_task_group.py
[2024-09-12T00:24:25.732+0000] {logging_mixin.py:188} INFO - [2024-09-12T00:24:25.732+0000] {dag.py:3089} INFO - Sync 1 DAGs
[2024-09-12T00:24:25.754+0000] {logging_mixin.py:188} INFO - [2024-09-12T00:24:25.754+0000] {dag.py:3947} INFO - Setting next_dagrun for example_task_group to 2024-09-11 00:00:00+00:00, run_after=2024-09-12 00:00:00+00:00
[2024-09-12T00:24:25.775+0000] {processor.py:183} INFO - Processing /home/airflow/.local/lib/python3.12/site-packages/airflow/example_dags/example_task_group.py took 0.079 seconds
[2024-09-12T00:24:55.818+0000] {processor.py:161} INFO - Started process (PID=600) to work on /home/airflow/.local/lib/python3.12/site-packages/airflow/example_dags/example_task_group.py
[2024-09-12T00:24:55.819+0000] {processor.py:830} INFO - Processing file /home/airflow/.local/lib/python3.12/site-packages/airflow/example_dags/example_task_group.py for tasks to queue
[2024-09-12T00:24:55.822+0000] {logging_mixin.py:188} INFO - [2024-09-12T00:24:55.821+0000] {dagbag.py:545} INFO - Filling up the DagBag from /home/airflow/.local/lib/python3.12/site-packages/airflow/example_dags/example_task_group.py
[2024-09-12T00:24:55.828+0000] {processor.py:840} INFO - DAG(s) 'example_task_group' retrieved from /home/airflow/.local/lib/python3.12/site-packages/airflow/example_dags/example_task_group.py
[2024-09-12T00:24:55.852+0000] {logging_mixin.py:188} INFO - [2024-09-12T00:24:55.852+0000] {dag.py:3089} INFO - Sync 1 DAGs
[2024-09-12T00:24:55.875+0000] {logging_mixin.py:188} INFO - [2024-09-12T00:24:55.875+0000] {dag.py:3947} INFO - Setting next_dagrun for example_task_group to 2024-09-11 00:00:00+00:00, run_after=2024-09-12 00:00:00+00:00
[2024-09-12T00:24:55.894+0000] {processor.py:183} INFO - Processing /home/airflow/.local/lib/python3.12/site-packages/airflow/example_dags/example_task_group.py took 0.081 seconds
[2024-09-12T00:25:26.358+0000] {processor.py:161} INFO - Started process (PID=660) to work on /home/airflow/.local/lib/python3.12/site-packages/airflow/example_dags/example_task_group.py
[2024-09-12T00:25:26.359+0000] {processor.py:830} INFO - Processing file /home/airflow/.local/lib/python3.12/site-packages/airflow/example_dags/example_task_group.py for tasks to queue
[2024-09-12T00:25:26.361+0000] {logging_mixin.py:188} INFO - [2024-09-12T00:25:26.361+0000] {dagbag.py:545} INFO - Filling up the DagBag from /home/airflow/.local/lib/python3.12/site-packages/airflow/example_dags/example_task_group.py
[2024-09-12T00:25:26.368+0000] {processor.py:840} INFO - DAG(s) 'example_task_group' retrieved from /home/airflow/.local/lib/python3.12/site-packages/airflow/example_dags/example_task_group.py
[2024-09-12T00:25:26.389+0000] {logging_mixin.py:188} INFO - [2024-09-12T00:25:26.389+0000] {dag.py:3089} INFO - Sync 1 DAGs
[2024-09-12T00:25:26.411+0000] {logging_mixin.py:188} INFO - [2024-09-12T00:25:26.410+0000] {dag.py:3947} INFO - Setting next_dagrun for example_task_group to 2024-09-11 00:00:00+00:00, run_after=2024-09-12 00:00:00+00:00
[2024-09-12T00:25:26.431+0000] {processor.py:183} INFO - Processing /home/airflow/.local/lib/python3.12/site-packages/airflow/example_dags/example_task_group.py took 0.078 seconds
[2024-09-12T00:25:56.476+0000] {processor.py:161} INFO - Started process (PID=720) to work on /home/airflow/.local/lib/python3.12/site-packages/airflow/example_dags/example_task_group.py
[2024-09-12T00:25:56.477+0000] {processor.py:830} INFO - Processing file /home/airflow/.local/lib/python3.12/site-packages/airflow/example_dags/example_task_group.py for tasks to queue
[2024-09-12T00:25:56.479+0000] {logging_mixin.py:188} INFO - [2024-09-12T00:25:56.479+0000] {dagbag.py:545} INFO - Filling up the DagBag from /home/airflow/.local/lib/python3.12/site-packages/airflow/example_dags/example_task_group.py
[2024-09-12T00:25:56.486+0000] {processor.py:840} INFO - DAG(s) 'example_task_group' retrieved from /home/airflow/.local/lib/python3.12/site-packages/airflow/example_dags/example_task_group.py
[2024-09-12T00:25:56.506+0000] {logging_mixin.py:188} INFO - [2024-09-12T00:25:56.505+0000] {dag.py:3089} INFO - Sync 1 DAGs
[2024-09-12T00:25:56.529+0000] {logging_mixin.py:188} INFO - [2024-09-12T00:25:56.529+0000] {dag.py:3947} INFO - Setting next_dagrun for example_task_group to 2024-09-11 00:00:00+00:00, run_after=2024-09-12 00:00:00+00:00
[2024-09-12T00:25:56.555+0000] {processor.py:183} INFO - Processing /home/airflow/.local/lib/python3.12/site-packages/airflow/example_dags/example_task_group.py took 0.084 seconds
[2024-09-12T00:26:26.735+0000] {processor.py:161} INFO - Started process (PID=780) to work on /home/airflow/.local/lib/python3.12/site-packages/airflow/example_dags/example_task_group.py
[2024-09-12T00:26:26.736+0000] {processor.py:830} INFO - Processing file /home/airflow/.local/lib/python3.12/site-packages/airflow/example_dags/example_task_group.py for tasks to queue
[2024-09-12T00:26:26.738+0000] {logging_mixin.py:188} INFO - [2024-09-12T00:26:26.738+0000] {dagbag.py:545} INFO - Filling up the DagBag from /home/airflow/.local/lib/python3.12/site-packages/airflow/example_dags/example_task_group.py
[2024-09-12T00:26:26.745+0000] {processor.py:840} INFO - DAG(s) 'example_task_group' retrieved from /home/airflow/.local/lib/python3.12/site-packages/airflow/example_dags/example_task_group.py
[2024-09-12T00:26:26.765+0000] {logging_mixin.py:188} INFO - [2024-09-12T00:26:26.765+0000] {dag.py:3089} INFO - Sync 1 DAGs
[2024-09-12T00:26:26.788+0000] {logging_mixin.py:188} INFO - [2024-09-12T00:26:26.788+0000] {dag.py:3947} INFO - Setting next_dagrun for example_task_group to 2024-09-11 00:00:00+00:00, run_after=2024-09-12 00:00:00+00:00
[2024-09-12T00:26:26.810+0000] {processor.py:183} INFO - Processing /home/airflow/.local/lib/python3.12/site-packages/airflow/example_dags/example_task_group.py took 0.081 seconds
[2024-09-12T00:26:57.332+0000] {processor.py:161} INFO - Started process (PID=840) to work on /home/airflow/.local/lib/python3.12/site-packages/airflow/example_dags/example_task_group.py
[2024-09-12T00:26:57.333+0000] {processor.py:830} INFO - Processing file /home/airflow/.local/lib/python3.12/site-packages/airflow/example_dags/example_task_group.py for tasks to queue
[2024-09-12T00:26:57.335+0000] {logging_mixin.py:188} INFO - [2024-09-12T00:26:57.335+0000] {dagbag.py:545} INFO - Filling up the DagBag from /home/airflow/.local/lib/python3.12/site-packages/airflow/example_dags/example_task_group.py
[2024-09-12T00:26:57.342+0000] {processor.py:840} INFO - DAG(s) 'example_task_group' retrieved from /home/airflow/.local/lib/python3.12/site-packages/airflow/example_dags/example_task_group.py
[2024-09-12T00:26:57.361+0000] {logging_mixin.py:188} INFO - [2024-09-12T00:26:57.361+0000] {dag.py:3089} INFO - Sync 1 DAGs
[2024-09-12T00:26:57.383+0000] {logging_mixin.py:188} INFO - [2024-09-12T00:26:57.383+0000] {dag.py:3947} INFO - Setting next_dagrun for example_task_group to 2024-09-11 00:00:00+00:00, run_after=2024-09-12 00:00:00+00:00
[2024-09-12T00:26:57.402+0000] {processor.py:183} INFO - Processing /home/airflow/.local/lib/python3.12/site-packages/airflow/example_dags/example_task_group.py took 0.076 seconds
[2024-09-12T00:27:27.857+0000] {processor.py:161} INFO - Started process (PID=900) to work on /home/airflow/.local/lib/python3.12/site-packages/airflow/example_dags/example_task_group.py
[2024-09-12T00:27:27.858+0000] {processor.py:830} INFO - Processing file /home/airflow/.local/lib/python3.12/site-packages/airflow/example_dags/example_task_group.py for tasks to queue
[2024-09-12T00:27:27.860+0000] {logging_mixin.py:188} INFO - [2024-09-12T00:27:27.860+0000] {dagbag.py:545} INFO - Filling up the DagBag from /home/airflow/.local/lib/python3.12/site-packages/airflow/example_dags/example_task_group.py
[2024-09-12T00:27:27.867+0000] {processor.py:840} INFO - DAG(s) 'example_task_group' retrieved from /home/airflow/.local/lib/python3.12/site-packages/airflow/example_dags/example_task_group.py
[2024-09-12T00:27:27.887+0000] {logging_mixin.py:188} INFO - [2024-09-12T00:27:27.887+0000] {dag.py:3089} INFO - Sync 1 DAGs
[2024-09-12T00:27:27.913+0000] {logging_mixin.py:188} INFO - [2024-09-12T00:27:27.912+0000] {dag.py:3947} INFO - Setting next_dagrun for example_task_group to 2024-09-11 00:00:00+00:00, run_after=2024-09-12 00:00:00+00:00
[2024-09-12T00:27:27.939+0000] {processor.py:183} INFO - Processing /home/airflow/.local/lib/python3.12/site-packages/airflow/example_dags/example_task_group.py took 0.087 seconds
[2024-09-12T00:27:58.103+0000] {processor.py:161} INFO - Started process (PID=960) to work on /home/airflow/.local/lib/python3.12/site-packages/airflow/example_dags/example_task_group.py
[2024-09-12T00:27:58.104+0000] {processor.py:830} INFO - Processing file /home/airflow/.local/lib/python3.12/site-packages/airflow/example_dags/example_task_group.py for tasks to queue
[2024-09-12T00:27:58.107+0000] {logging_mixin.py:188} INFO - [2024-09-12T00:27:58.106+0000] {dagbag.py:545} INFO - Filling up the DagBag from /home/airflow/.local/lib/python3.12/site-packages/airflow/example_dags/example_task_group.py
[2024-09-12T00:27:58.115+0000] {processor.py:840} INFO - DAG(s) 'example_task_group' retrieved from /home/airflow/.local/lib/python3.12/site-packages/airflow/example_dags/example_task_group.py
[2024-09-12T00:27:58.136+0000] {logging_mixin.py:188} INFO - [2024-09-12T00:27:58.135+0000] {dag.py:3089} INFO - Sync 1 DAGs
[2024-09-12T00:27:58.158+0000] {logging_mixin.py:188} INFO - [2024-09-12T00:27:58.158+0000] {dag.py:3947} INFO - Setting next_dagrun for example_task_group to 2024-09-11 00:00:00+00:00, run_after=2024-09-12 00:00:00+00:00
[2024-09-12T00:27:58.178+0000] {processor.py:183} INFO - Processing /home/airflow/.local/lib/python3.12/site-packages/airflow/example_dags/example_task_group.py took 0.082 seconds
[2024-09-12T00:28:28.284+0000] {processor.py:161} INFO - Started process (PID=1020) to work on /home/airflow/.local/lib/python3.12/site-packages/airflow/example_dags/example_task_group.py
[2024-09-12T00:28:28.285+0000] {processor.py:830} INFO - Processing file /home/airflow/.local/lib/python3.12/site-packages/airflow/example_dags/example_task_group.py for tasks to queue
[2024-09-12T00:28:28.287+0000] {logging_mixin.py:188} INFO - [2024-09-12T00:28:28.287+0000] {dagbag.py:545} INFO - Filling up the DagBag from /home/airflow/.local/lib/python3.12/site-packages/airflow/example_dags/example_task_group.py
[2024-09-12T00:28:28.294+0000] {processor.py:840} INFO - DAG(s) 'example_task_group' retrieved from /home/airflow/.local/lib/python3.12/site-packages/airflow/example_dags/example_task_group.py
[2024-09-12T00:28:28.315+0000] {logging_mixin.py:188} INFO - [2024-09-12T00:28:28.315+0000] {dag.py:3089} INFO - Sync 1 DAGs
[2024-09-12T00:28:28.336+0000] {logging_mixin.py:188} INFO - [2024-09-12T00:28:28.336+0000] {dag.py:3947} INFO - Setting next_dagrun for example_task_group to 2024-09-11 00:00:00+00:00, run_after=2024-09-12 00:00:00+00:00
[2024-09-12T00:28:28.357+0000] {processor.py:183} INFO - Processing /home/airflow/.local/lib/python3.12/site-packages/airflow/example_dags/example_task_group.py took 0.078 seconds
[2024-09-12T00:28:58.775+0000] {processor.py:161} INFO - Started process (PID=1080) to work on /home/airflow/.local/lib/python3.12/site-packages/airflow/example_dags/example_task_group.py
[2024-09-12T00:28:58.776+0000] {processor.py:830} INFO - Processing file /home/airflow/.local/lib/python3.12/site-packages/airflow/example_dags/example_task_group.py for tasks to queue
[2024-09-12T00:28:58.778+0000] {logging_mixin.py:188} INFO - [2024-09-12T00:28:58.778+0000] {dagbag.py:545} INFO - Filling up the DagBag from /home/airflow/.local/lib/python3.12/site-packages/airflow/example_dags/example_task_group.py
[2024-09-12T00:28:58.785+0000] {processor.py:840} INFO - DAG(s) 'example_task_group' retrieved from /home/airflow/.local/lib/python3.12/site-packages/airflow/example_dags/example_task_group.py
[2024-09-12T00:28:58.806+0000] {logging_mixin.py:188} INFO - [2024-09-12T00:28:58.805+0000] {dag.py:3089} INFO - Sync 1 DAGs
[2024-09-12T00:28:58.827+0000] {logging_mixin.py:188} INFO - [2024-09-12T00:28:58.827+0000] {dag.py:3947} INFO - Setting next_dagrun for example_task_group to 2024-09-11 00:00:00+00:00, run_after=2024-09-12 00:00:00+00:00
[2024-09-12T00:28:58.846+0000] {processor.py:183} INFO - Processing /home/airflow/.local/lib/python3.12/site-packages/airflow/example_dags/example_task_group.py took 0.077 seconds
[2024-09-12T00:29:29.202+0000] {processor.py:161} INFO - Started process (PID=1140) to work on /home/airflow/.local/lib/python3.12/site-packages/airflow/example_dags/example_task_group.py
[2024-09-12T00:29:29.203+0000] {processor.py:830} INFO - Processing file /home/airflow/.local/lib/python3.12/site-packages/airflow/example_dags/example_task_group.py for tasks to queue
[2024-09-12T00:29:29.204+0000] {logging_mixin.py:188} INFO - [2024-09-12T00:29:29.204+0000] {dagbag.py:545} INFO - Filling up the DagBag from /home/airflow/.local/lib/python3.12/site-packages/airflow/example_dags/example_task_group.py
[2024-09-12T00:29:29.211+0000] {processor.py:840} INFO - DAG(s) 'example_task_group' retrieved from /home/airflow/.local/lib/python3.12/site-packages/airflow/example_dags/example_task_group.py
[2024-09-12T00:29:29.231+0000] {logging_mixin.py:188} INFO - [2024-09-12T00:29:29.230+0000] {dag.py:3089} INFO - Sync 1 DAGs
[2024-09-12T00:29:29.251+0000] {logging_mixin.py:188} INFO - [2024-09-12T00:29:29.251+0000] {dag.py:3947} INFO - Setting next_dagrun for example_task_group to 2024-09-11 00:00:00+00:00, run_after=2024-09-12 00:00:00+00:00
[2024-09-12T00:29:29.271+0000] {processor.py:183} INFO - Processing /home/airflow/.local/lib/python3.12/site-packages/airflow/example_dags/example_task_group.py took 0.075 seconds
[2024-09-12T00:29:59.726+0000] {processor.py:161} INFO - Started process (PID=1200) to work on /home/airflow/.local/lib/python3.12/site-packages/airflow/example_dags/example_task_group.py
[2024-09-12T00:29:59.727+0000] {processor.py:830} INFO - Processing file /home/airflow/.local/lib/python3.12/site-packages/airflow/example_dags/example_task_group.py for tasks to queue
[2024-09-12T00:29:59.729+0000] {logging_mixin.py:188} INFO - [2024-09-12T00:29:59.729+0000] {dagbag.py:545} INFO - Filling up the DagBag from /home/airflow/.local/lib/python3.12/site-packages/airflow/example_dags/example_task_group.py
[2024-09-12T00:29:59.736+0000] {processor.py:840} INFO - DAG(s) 'example_task_group' retrieved from /home/airflow/.local/lib/python3.12/site-packages/airflow/example_dags/example_task_group.py
[2024-09-12T00:29:59.756+0000] {logging_mixin.py:188} INFO - [2024-09-12T00:29:59.756+0000] {dag.py:3089} INFO - Sync 1 DAGs
[2024-09-12T00:29:59.779+0000] {logging_mixin.py:188} INFO - [2024-09-12T00:29:59.779+0000] {dag.py:3947} INFO - Setting next_dagrun for example_task_group to 2024-09-11 00:00:00+00:00, run_after=2024-09-12 00:00:00+00:00
[2024-09-12T00:29:59.797+0000] {processor.py:183} INFO - Processing /home/airflow/.local/lib/python3.12/site-packages/airflow/example_dags/example_task_group.py took 0.077 seconds
[2024-09-12T00:30:30.006+0000] {processor.py:161} INFO - Started process (PID=1260) to work on /home/airflow/.local/lib/python3.12/site-packages/airflow/example_dags/example_task_group.py
[2024-09-12T00:30:30.007+0000] {processor.py:830} INFO - Processing file /home/airflow/.local/lib/python3.12/site-packages/airflow/example_dags/example_task_group.py for tasks to queue
[2024-09-12T00:30:30.009+0000] {logging_mixin.py:188} INFO - [2024-09-12T00:30:30.009+0000] {dagbag.py:545} INFO - Filling up the DagBag from /home/airflow/.local/lib/python3.12/site-packages/airflow/example_dags/example_task_group.py
[2024-09-12T00:30:30.016+0000] {processor.py:840} INFO - DAG(s) 'example_task_group' retrieved from /home/airflow/.local/lib/python3.12/site-packages/airflow/example_dags/example_task_group.py
[2024-09-12T00:30:30.035+0000] {logging_mixin.py:188} INFO - [2024-09-12T00:30:30.035+0000] {dag.py:3089} INFO - Sync 1 DAGs
[2024-09-12T00:30:30.056+0000] {logging_mixin.py:188} INFO - [2024-09-12T00:30:30.056+0000] {dag.py:3947} INFO - Setting next_dagrun for example_task_group to 2024-09-11 00:00:00+00:00, run_after=2024-09-12 00:00:00+00:00
[2024-09-12T00:30:30.075+0000] {processor.py:183} INFO - Processing /home/airflow/.local/lib/python3.12/site-packages/airflow/example_dags/example_task_group.py took 0.076 seconds
[2024-09-12T00:31:00.217+0000] {processor.py:161} INFO - Started process (PID=1320) to work on /home/airflow/.local/lib/python3.12/site-packages/airflow/example_dags/example_task_group.py
[2024-09-12T00:31:00.218+0000] {processor.py:830} INFO - Processing file /home/airflow/.local/lib/python3.12/site-packages/airflow/example_dags/example_task_group.py for tasks to queue
[2024-09-12T00:31:00.220+0000] {logging_mixin.py:188} INFO - [2024-09-12T00:31:00.219+0000] {dagbag.py:545} INFO - Filling up the DagBag from /home/airflow/.local/lib/python3.12/site-packages/airflow/example_dags/example_task_group.py
[2024-09-12T00:31:00.227+0000] {processor.py:840} INFO - DAG(s) 'example_task_group' retrieved from /home/airflow/.local/lib/python3.12/site-packages/airflow/example_dags/example_task_group.py
[2024-09-12T00:31:00.247+0000] {logging_mixin.py:188} INFO - [2024-09-12T00:31:00.247+0000] {dag.py:3089} INFO - Sync 1 DAGs
[2024-09-12T00:31:00.268+0000] {logging_mixin.py:188} INFO - [2024-09-12T00:31:00.268+0000] {dag.py:3947} INFO - Setting next_dagrun for example_task_group to 2024-09-11 00:00:00+00:00, run_after=2024-09-12 00:00:00+00:00
[2024-09-12T00:31:00.288+0000] {processor.py:183} INFO - Processing /home/airflow/.local/lib/python3.12/site-packages/airflow/example_dags/example_task_group.py took 0.076 seconds
[2024-09-12T00:31:30.791+0000] {processor.py:161} INFO - Started process (PID=1380) to work on /home/airflow/.local/lib/python3.12/site-packages/airflow/example_dags/example_task_group.py
[2024-09-12T00:31:30.792+0000] {processor.py:830} INFO - Processing file /home/airflow/.local/lib/python3.12/site-packages/airflow/example_dags/example_task_group.py for tasks to queue
[2024-09-12T00:31:30.794+0000] {logging_mixin.py:188} INFO - [2024-09-12T00:31:30.793+0000] {dagbag.py:545} INFO - Filling up the DagBag from /home/airflow/.local/lib/python3.12/site-packages/airflow/example_dags/example_task_group.py
[2024-09-12T00:31:30.801+0000] {processor.py:840} INFO - DAG(s) 'example_task_group' retrieved from /home/airflow/.local/lib/python3.12/site-packages/airflow/example_dags/example_task_group.py
[2024-09-12T00:31:30.821+0000] {logging_mixin.py:188} INFO - [2024-09-12T00:31:30.820+0000] {dag.py:3089} INFO - Sync 1 DAGs
[2024-09-12T00:31:30.845+0000] {logging_mixin.py:188} INFO - [2024-09-12T00:31:30.845+0000] {dag.py:3947} INFO - Setting next_dagrun for example_task_group to 2024-09-11 00:00:00+00:00, run_after=2024-09-12 00:00:00+00:00
[2024-09-12T00:31:30.868+0000] {processor.py:183} INFO - Processing /home/airflow/.local/lib/python3.12/site-packages/airflow/example_dags/example_task_group.py took 0.083 seconds
[2024-09-12T00:32:01.681+0000] {processor.py:161} INFO - Started process (PID=1440) to work on /home/airflow/.local/lib/python3.12/site-packages/airflow/example_dags/example_task_group.py
[2024-09-12T00:32:01.682+0000] {processor.py:830} INFO - Processing file /home/airflow/.local/lib/python3.12/site-packages/airflow/example_dags/example_task_group.py for tasks to queue
[2024-09-12T00:32:01.684+0000] {logging_mixin.py:188} INFO - [2024-09-12T00:32:01.683+0000] {dagbag.py:545} INFO - Filling up the DagBag from /home/airflow/.local/lib/python3.12/site-packages/airflow/example_dags/example_task_group.py
[2024-09-12T00:32:01.693+0000] {processor.py:840} INFO - DAG(s) 'example_task_group' retrieved from /home/airflow/.local/lib/python3.12/site-packages/airflow/example_dags/example_task_group.py
[2024-09-12T00:32:01.716+0000] {logging_mixin.py:188} INFO - [2024-09-12T00:32:01.716+0000] {dag.py:3089} INFO - Sync 1 DAGs
[2024-09-12T00:32:01.745+0000] {logging_mixin.py:188} INFO - [2024-09-12T00:32:01.745+0000] {dag.py:3947} INFO - Setting next_dagrun for example_task_group to 2024-09-11 00:00:00+00:00, run_after=2024-09-12 00:00:00+00:00
[2024-09-12T00:32:01.782+0000] {processor.py:183} INFO - Processing /home/airflow/.local/lib/python3.12/site-packages/airflow/example_dags/example_task_group.py took 0.108 seconds
[2024-09-12T00:32:32.010+0000] {processor.py:161} INFO - Started process (PID=1500) to work on /home/airflow/.local/lib/python3.12/site-packages/airflow/example_dags/example_task_group.py
[2024-09-12T00:32:32.011+0000] {processor.py:830} INFO - Processing file /home/airflow/.local/lib/python3.12/site-packages/airflow/example_dags/example_task_group.py for tasks to queue
[2024-09-12T00:32:32.013+0000] {logging_mixin.py:188} INFO - [2024-09-12T00:32:32.013+0000] {dagbag.py:545} INFO - Filling up the DagBag from /home/airflow/.local/lib/python3.12/site-packages/airflow/example_dags/example_task_group.py
[2024-09-12T00:32:32.021+0000] {processor.py:840} INFO - DAG(s) 'example_task_group' retrieved from /home/airflow/.local/lib/python3.12/site-packages/airflow/example_dags/example_task_group.py
[2024-09-12T00:32:32.041+0000] {logging_mixin.py:188} INFO - [2024-09-12T00:32:32.041+0000] {dag.py:3089} INFO - Sync 1 DAGs
[2024-09-12T00:32:32.063+0000] {logging_mixin.py:188} INFO - [2024-09-12T00:32:32.063+0000] {dag.py:3947} INFO - Setting next_dagrun for example_task_group to 2024-09-11 00:00:00+00:00, run_after=2024-09-12 00:00:00+00:00
[2024-09-12T00:32:32.082+0000] {processor.py:183} INFO - Processing /home/airflow/.local/lib/python3.12/site-packages/airflow/example_dags/example_task_group.py took 0.077 seconds
[2024-09-12T00:33:02.332+0000] {processor.py:161} INFO - Started process (PID=1560) to work on /home/airflow/.local/lib/python3.12/site-packages/airflow/example_dags/example_task_group.py
[2024-09-12T00:33:02.333+0000] {processor.py:830} INFO - Processing file /home/airflow/.local/lib/python3.12/site-packages/airflow/example_dags/example_task_group.py for tasks to queue
[2024-09-12T00:33:02.335+0000] {logging_mixin.py:188} INFO - [2024-09-12T00:33:02.335+0000] {dagbag.py:545} INFO - Filling up the DagBag from /home/airflow/.local/lib/python3.12/site-packages/airflow/example_dags/example_task_group.py
[2024-09-12T00:33:02.342+0000] {processor.py:840} INFO - DAG(s) 'example_task_group' retrieved from /home/airflow/.local/lib/python3.12/site-packages/airflow/example_dags/example_task_group.py
[2024-09-12T00:33:02.362+0000] {logging_mixin.py:188} INFO - [2024-09-12T00:33:02.362+0000] {dag.py:3089} INFO - Sync 1 DAGs
[2024-09-12T00:33:02.384+0000] {logging_mixin.py:188} INFO - [2024-09-12T00:33:02.384+0000] {dag.py:3947} INFO - Setting next_dagrun for example_task_group to 2024-09-11 00:00:00+00:00, run_after=2024-09-12 00:00:00+00:00
[2024-09-12T00:33:02.404+0000] {processor.py:183} INFO - Processing /home/airflow/.local/lib/python3.12/site-packages/airflow/example_dags/example_task_group.py took 0.078 seconds
[2024-09-12T00:33:32.525+0000] {processor.py:161} INFO - Started process (PID=1620) to work on /home/airflow/.local/lib/python3.12/site-packages/airflow/example_dags/example_task_group.py
[2024-09-12T00:33:32.526+0000] {processor.py:830} INFO - Processing file /home/airflow/.local/lib/python3.12/site-packages/airflow/example_dags/example_task_group.py for tasks to queue
[2024-09-12T00:33:32.528+0000] {logging_mixin.py:188} INFO - [2024-09-12T00:33:32.528+0000] {dagbag.py:545} INFO - Filling up the DagBag from /home/airflow/.local/lib/python3.12/site-packages/airflow/example_dags/example_task_group.py
[2024-09-12T00:33:32.536+0000] {processor.py:840} INFO - DAG(s) 'example_task_group' retrieved from /home/airflow/.local/lib/python3.12/site-packages/airflow/example_dags/example_task_group.py
[2024-09-12T00:33:32.556+0000] {logging_mixin.py:188} INFO - [2024-09-12T00:33:32.555+0000] {dag.py:3089} INFO - Sync 1 DAGs
[2024-09-12T00:33:32.579+0000] {logging_mixin.py:188} INFO - [2024-09-12T00:33:32.579+0000] {dag.py:3947} INFO - Setting next_dagrun for example_task_group to 2024-09-11 00:00:00+00:00, run_after=2024-09-12 00:00:00+00:00
[2024-09-12T00:33:32.598+0000] {processor.py:183} INFO - Processing /home/airflow/.local/lib/python3.12/site-packages/airflow/example_dags/example_task_group.py took 0.078 seconds
[2024-09-12T00:34:03.239+0000] {processor.py:161} INFO - Started process (PID=1680) to work on /home/airflow/.local/lib/python3.12/site-packages/airflow/example_dags/example_task_group.py
[2024-09-12T00:34:03.240+0000] {processor.py:830} INFO - Processing file /home/airflow/.local/lib/python3.12/site-packages/airflow/example_dags/example_task_group.py for tasks to queue
[2024-09-12T00:34:03.243+0000] {logging_mixin.py:188} INFO - [2024-09-12T00:34:03.242+0000] {dagbag.py:545} INFO - Filling up the DagBag from /home/airflow/.local/lib/python3.12/site-packages/airflow/example_dags/example_task_group.py
[2024-09-12T00:34:03.250+0000] {processor.py:840} INFO - DAG(s) 'example_task_group' retrieved from /home/airflow/.local/lib/python3.12/site-packages/airflow/example_dags/example_task_group.py
[2024-09-12T00:34:03.271+0000] {logging_mixin.py:188} INFO - [2024-09-12T00:34:03.271+0000] {dag.py:3089} INFO - Sync 1 DAGs
[2024-09-12T00:34:03.295+0000] {logging_mixin.py:188} INFO - [2024-09-12T00:34:03.295+0000] {dag.py:3947} INFO - Setting next_dagrun for example_task_group to 2024-09-11 00:00:00+00:00, run_after=2024-09-12 00:00:00+00:00
[2024-09-12T00:34:03.314+0000] {processor.py:183} INFO - Processing /home/airflow/.local/lib/python3.12/site-packages/airflow/example_dags/example_task_group.py took 0.081 seconds
[2024-09-12T00:34:33.546+0000] {processor.py:161} INFO - Started process (PID=1740) to work on /home/airflow/.local/lib/python3.12/site-packages/airflow/example_dags/example_task_group.py
[2024-09-12T00:34:33.547+0000] {processor.py:830} INFO - Processing file /home/airflow/.local/lib/python3.12/site-packages/airflow/example_dags/example_task_group.py for tasks to queue
[2024-09-12T00:34:33.549+0000] {logging_mixin.py:188} INFO - [2024-09-12T00:34:33.549+0000] {dagbag.py:545} INFO - Filling up the DagBag from /home/airflow/.local/lib/python3.12/site-packages/airflow/example_dags/example_task_group.py
[2024-09-12T00:34:33.556+0000] {processor.py:840} INFO - DAG(s) 'example_task_group' retrieved from /home/airflow/.local/lib/python3.12/site-packages/airflow/example_dags/example_task_group.py
[2024-09-12T00:34:33.579+0000] {logging_mixin.py:188} INFO - [2024-09-12T00:34:33.579+0000] {dag.py:3089} INFO - Sync 1 DAGs
[2024-09-12T00:34:33.618+0000] {logging_mixin.py:188} INFO - [2024-09-12T00:34:33.618+0000] {dag.py:3947} INFO - Setting next_dagrun for example_task_group to 2024-09-11 00:00:00+00:00, run_after=2024-09-12 00:00:00+00:00
[2024-09-12T00:34:33.642+0000] {processor.py:183} INFO - Processing /home/airflow/.local/lib/python3.12/site-packages/airflow/example_dags/example_task_group.py took 0.102 seconds
[2024-09-12T00:35:03.765+0000] {processor.py:161} INFO - Started process (PID=1800) to work on /home/airflow/.local/lib/python3.12/site-packages/airflow/example_dags/example_task_group.py
[2024-09-12T00:35:03.766+0000] {processor.py:830} INFO - Processing file /home/airflow/.local/lib/python3.12/site-packages/airflow/example_dags/example_task_group.py for tasks to queue
[2024-09-12T00:35:03.768+0000] {logging_mixin.py:188} INFO - [2024-09-12T00:35:03.768+0000] {dagbag.py:545} INFO - Filling up the DagBag from /home/airflow/.local/lib/python3.12/site-packages/airflow/example_dags/example_task_group.py
[2024-09-12T00:35:03.777+0000] {processor.py:840} INFO - DAG(s) 'example_task_group' retrieved from /home/airflow/.local/lib/python3.12/site-packages/airflow/example_dags/example_task_group.py
[2024-09-12T00:35:03.801+0000] {logging_mixin.py:188} INFO - [2024-09-12T00:35:03.801+0000] {dag.py:3089} INFO - Sync 1 DAGs
[2024-09-12T00:35:03.841+0000] {logging_mixin.py:188} INFO - [2024-09-12T00:35:03.840+0000] {dag.py:3947} INFO - Setting next_dagrun for example_task_group to 2024-09-11 00:00:00+00:00, run_after=2024-09-12 00:00:00+00:00
[2024-09-12T00:35:03.865+0000] {processor.py:183} INFO - Processing /home/airflow/.local/lib/python3.12/site-packages/airflow/example_dags/example_task_group.py took 0.108 seconds
[2024-09-12T00:35:34.207+0000] {processor.py:161} INFO - Started process (PID=1860) to work on /home/airflow/.local/lib/python3.12/site-packages/airflow/example_dags/example_task_group.py
[2024-09-12T00:35:34.209+0000] {processor.py:830} INFO - Processing file /home/airflow/.local/lib/python3.12/site-packages/airflow/example_dags/example_task_group.py for tasks to queue
[2024-09-12T00:35:34.212+0000] {logging_mixin.py:188} INFO - [2024-09-12T00:35:34.211+0000] {dagbag.py:545} INFO - Filling up the DagBag from /home/airflow/.local/lib/python3.12/site-packages/airflow/example_dags/example_task_group.py
[2024-09-12T00:35:34.220+0000] {processor.py:840} INFO - DAG(s) 'example_task_group' retrieved from /home/airflow/.local/lib/python3.12/site-packages/airflow/example_dags/example_task_group.py
[2024-09-12T00:35:34.247+0000] {logging_mixin.py:188} INFO - [2024-09-12T00:35:34.247+0000] {dag.py:3089} INFO - Sync 1 DAGs
[2024-09-12T00:35:34.271+0000] {logging_mixin.py:188} INFO - [2024-09-12T00:35:34.271+0000] {dag.py:3947} INFO - Setting next_dagrun for example_task_group to 2024-09-11 00:00:00+00:00, run_after=2024-09-12 00:00:00+00:00
[2024-09-12T00:35:34.295+0000] {processor.py:183} INFO - Processing /home/airflow/.local/lib/python3.12/site-packages/airflow/example_dags/example_task_group.py took 0.095 seconds
[2024-09-12T00:36:04.419+0000] {processor.py:161} INFO - Started process (PID=1919) to work on /home/airflow/.local/lib/python3.12/site-packages/airflow/example_dags/example_task_group.py
[2024-09-12T00:36:04.420+0000] {processor.py:830} INFO - Processing file /home/airflow/.local/lib/python3.12/site-packages/airflow/example_dags/example_task_group.py for tasks to queue
[2024-09-12T00:36:04.421+0000] {logging_mixin.py:188} INFO - [2024-09-12T00:36:04.421+0000] {dagbag.py:545} INFO - Filling up the DagBag from /home/airflow/.local/lib/python3.12/site-packages/airflow/example_dags/example_task_group.py
[2024-09-12T00:36:04.429+0000] {processor.py:840} INFO - DAG(s) 'example_task_group' retrieved from /home/airflow/.local/lib/python3.12/site-packages/airflow/example_dags/example_task_group.py
[2024-09-12T00:36:04.450+0000] {logging_mixin.py:188} INFO - [2024-09-12T00:36:04.449+0000] {dag.py:3089} INFO - Sync 1 DAGs
[2024-09-12T00:36:04.473+0000] {logging_mixin.py:188} INFO - [2024-09-12T00:36:04.472+0000] {dag.py:3947} INFO - Setting next_dagrun for example_task_group to 2024-09-11 00:00:00+00:00, run_after=2024-09-12 00:00:00+00:00
[2024-09-12T00:36:04.493+0000] {processor.py:183} INFO - Processing /home/airflow/.local/lib/python3.12/site-packages/airflow/example_dags/example_task_group.py took 0.080 seconds
[2024-09-12T00:36:34.739+0000] {processor.py:161} INFO - Started process (PID=1978) to work on /home/airflow/.local/lib/python3.12/site-packages/airflow/example_dags/example_task_group.py
[2024-09-12T00:36:34.740+0000] {processor.py:830} INFO - Processing file /home/airflow/.local/lib/python3.12/site-packages/airflow/example_dags/example_task_group.py for tasks to queue
[2024-09-12T00:36:34.742+0000] {logging_mixin.py:188} INFO - [2024-09-12T00:36:34.742+0000] {dagbag.py:545} INFO - Filling up the DagBag from /home/airflow/.local/lib/python3.12/site-packages/airflow/example_dags/example_task_group.py
[2024-09-12T00:36:34.750+0000] {processor.py:840} INFO - DAG(s) 'example_task_group' retrieved from /home/airflow/.local/lib/python3.12/site-packages/airflow/example_dags/example_task_group.py
[2024-09-12T00:36:34.769+0000] {logging_mixin.py:188} INFO - [2024-09-12T00:36:34.769+0000] {dag.py:3089} INFO - Sync 1 DAGs
[2024-09-12T00:36:34.795+0000] {logging_mixin.py:188} INFO - [2024-09-12T00:36:34.795+0000] {dag.py:3947} INFO - Setting next_dagrun for example_task_group to 2024-09-11 00:00:00+00:00, run_after=2024-09-12 00:00:00+00:00
[2024-09-12T00:36:34.814+0000] {processor.py:183} INFO - Processing /home/airflow/.local/lib/python3.12/site-packages/airflow/example_dags/example_task_group.py took 0.080 seconds
[2024-09-12T00:37:05.709+0000] {processor.py:161} INFO - Started process (PID=2037) to work on /home/airflow/.local/lib/python3.12/site-packages/airflow/example_dags/example_task_group.py
[2024-09-12T00:37:05.710+0000] {processor.py:830} INFO - Processing file /home/airflow/.local/lib/python3.12/site-packages/airflow/example_dags/example_task_group.py for tasks to queue
[2024-09-12T00:37:05.712+0000] {logging_mixin.py:188} INFO - [2024-09-12T00:37:05.712+0000] {dagbag.py:545} INFO - Filling up the DagBag from /home/airflow/.local/lib/python3.12/site-packages/airflow/example_dags/example_task_group.py
[2024-09-12T00:37:05.719+0000] {processor.py:840} INFO - DAG(s) 'example_task_group' retrieved from /home/airflow/.local/lib/python3.12/site-packages/airflow/example_dags/example_task_group.py
[2024-09-12T00:37:05.739+0000] {logging_mixin.py:188} INFO - [2024-09-12T00:37:05.739+0000] {dag.py:3089} INFO - Sync 1 DAGs
[2024-09-12T00:37:05.761+0000] {logging_mixin.py:188} INFO - [2024-09-12T00:37:05.761+0000] {dag.py:3947} INFO - Setting next_dagrun for example_task_group to 2024-09-11 00:00:00+00:00, run_after=2024-09-12 00:00:00+00:00
[2024-09-12T00:37:05.780+0000] {processor.py:183} INFO - Processing /home/airflow/.local/lib/python3.12/site-packages/airflow/example_dags/example_task_group.py took 0.077 seconds
[2024-09-12T00:37:36.681+0000] {processor.py:161} INFO - Started process (PID=2097) to work on /home/airflow/.local/lib/python3.12/site-packages/airflow/example_dags/example_task_group.py
[2024-09-12T00:37:36.682+0000] {processor.py:830} INFO - Processing file /home/airflow/.local/lib/python3.12/site-packages/airflow/example_dags/example_task_group.py for tasks to queue
[2024-09-12T00:37:36.684+0000] {logging_mixin.py:188} INFO - [2024-09-12T00:37:36.683+0000] {dagbag.py:545} INFO - Filling up the DagBag from /home/airflow/.local/lib/python3.12/site-packages/airflow/example_dags/example_task_group.py
[2024-09-12T00:37:36.691+0000] {processor.py:840} INFO - DAG(s) 'example_task_group' retrieved from /home/airflow/.local/lib/python3.12/site-packages/airflow/example_dags/example_task_group.py
[2024-09-12T00:37:36.711+0000] {logging_mixin.py:188} INFO - [2024-09-12T00:37:36.711+0000] {dag.py:3089} INFO - Sync 1 DAGs
[2024-09-12T00:37:36.735+0000] {logging_mixin.py:188} INFO - [2024-09-12T00:37:36.734+0000] {dag.py:3947} INFO - Setting next_dagrun for example_task_group to 2024-09-11 00:00:00+00:00, run_after=2024-09-12 00:00:00+00:00
[2024-09-12T00:37:36.756+0000] {processor.py:183} INFO - Processing /home/airflow/.local/lib/python3.12/site-packages/airflow/example_dags/example_task_group.py took 0.082 seconds
[2024-09-12T00:38:07.057+0000] {processor.py:161} INFO - Started process (PID=2157) to work on /home/airflow/.local/lib/python3.12/site-packages/airflow/example_dags/example_task_group.py
[2024-09-12T00:38:07.057+0000] {processor.py:830} INFO - Processing file /home/airflow/.local/lib/python3.12/site-packages/airflow/example_dags/example_task_group.py for tasks to queue
[2024-09-12T00:38:07.060+0000] {logging_mixin.py:188} INFO - [2024-09-12T00:38:07.059+0000] {dagbag.py:545} INFO - Filling up the DagBag from /home/airflow/.local/lib/python3.12/site-packages/airflow/example_dags/example_task_group.py
[2024-09-12T00:38:07.068+0000] {processor.py:840} INFO - DAG(s) 'example_task_group' retrieved from /home/airflow/.local/lib/python3.12/site-packages/airflow/example_dags/example_task_group.py
[2024-09-12T00:38:07.089+0000] {logging_mixin.py:188} INFO - [2024-09-12T00:38:07.089+0000] {dag.py:3089} INFO - Sync 1 DAGs
[2024-09-12T00:38:07.113+0000] {logging_mixin.py:188} INFO - [2024-09-12T00:38:07.113+0000] {dag.py:3947} INFO - Setting next_dagrun for example_task_group to 2024-09-11 00:00:00+00:00, run_after=2024-09-12 00:00:00+00:00
[2024-09-12T00:38:07.134+0000] {processor.py:183} INFO - Processing /home/airflow/.local/lib/python3.12/site-packages/airflow/example_dags/example_task_group.py took 0.084 seconds
