[2024-09-12T00:20:30.681+0000] {processor.py:161} INFO - Started process (PID=85) to work on /home/airflow/.local/lib/python3.12/site-packages/airflow/example_dags/example_setup_teardown.py
[2024-09-12T00:20:30.682+0000] {processor.py:830} INFO - Processing file /home/airflow/.local/lib/python3.12/site-packages/airflow/example_dags/example_setup_teardown.py for tasks to queue
[2024-09-12T00:20:30.684+0000] {logging_mixin.py:188} INFO - [2024-09-12T00:20:30.683+0000] {dagbag.py:545} INFO - Filling up the DagBag from /home/airflow/.local/lib/python3.12/site-packages/airflow/example_dags/example_setup_teardown.py
[2024-09-12T00:20:30.693+0000] {processor.py:840} INFO - DAG(s) 'example_setup_teardown' retrieved from /home/airflow/.local/lib/python3.12/site-packages/airflow/example_dags/example_setup_teardown.py
[2024-09-12T00:20:30.717+0000] {logging_mixin.py:188} INFO - [2024-09-12T00:20:30.717+0000] {dag.py:3089} INFO - Sync 1 DAGs
[2024-09-12T00:20:30.740+0000] {logging_mixin.py:188} INFO - [2024-09-12T00:20:30.739+0000] {dag.py:3947} INFO - Setting next_dagrun for example_setup_teardown to 2024-09-11 00:00:00+00:00, run_after=2024-09-12 00:00:00+00:00
[2024-09-12T00:20:31.548+0000] {processor.py:183} INFO - Processing /home/airflow/.local/lib/python3.12/site-packages/airflow/example_dags/example_setup_teardown.py took 0.873 seconds
[2024-09-12T00:21:02.385+0000] {processor.py:161} INFO - Started process (PID=145) to work on /home/airflow/.local/lib/python3.12/site-packages/airflow/example_dags/example_setup_teardown.py
[2024-09-12T00:21:02.387+0000] {processor.py:830} INFO - Processing file /home/airflow/.local/lib/python3.12/site-packages/airflow/example_dags/example_setup_teardown.py for tasks to queue
[2024-09-12T00:21:02.389+0000] {logging_mixin.py:188} INFO - [2024-09-12T00:21:02.389+0000] {dagbag.py:545} INFO - Filling up the DagBag from /home/airflow/.local/lib/python3.12/site-packages/airflow/example_dags/example_setup_teardown.py
[2024-09-12T00:21:02.395+0000] {processor.py:840} INFO - DAG(s) 'example_setup_teardown' retrieved from /home/airflow/.local/lib/python3.12/site-packages/airflow/example_dags/example_setup_teardown.py
[2024-09-12T00:21:02.415+0000] {logging_mixin.py:188} INFO - [2024-09-12T00:21:02.414+0000] {dag.py:3089} INFO - Sync 1 DAGs
[2024-09-12T00:21:02.437+0000] {logging_mixin.py:188} INFO - [2024-09-12T00:21:02.436+0000] {dag.py:3947} INFO - Setting next_dagrun for example_setup_teardown to 2024-09-11 00:00:00+00:00, run_after=2024-09-12 00:00:00+00:00
[2024-09-12T00:21:02.456+0000] {processor.py:183} INFO - Processing /home/airflow/.local/lib/python3.12/site-packages/airflow/example_dags/example_setup_teardown.py took 0.076 seconds
[2024-09-12T00:21:32.912+0000] {processor.py:161} INFO - Started process (PID=205) to work on /home/airflow/.local/lib/python3.12/site-packages/airflow/example_dags/example_setup_teardown.py
[2024-09-12T00:21:32.913+0000] {processor.py:830} INFO - Processing file /home/airflow/.local/lib/python3.12/site-packages/airflow/example_dags/example_setup_teardown.py for tasks to queue
[2024-09-12T00:21:32.914+0000] {logging_mixin.py:188} INFO - [2024-09-12T00:21:32.914+0000] {dagbag.py:545} INFO - Filling up the DagBag from /home/airflow/.local/lib/python3.12/site-packages/airflow/example_dags/example_setup_teardown.py
[2024-09-12T00:21:32.921+0000] {processor.py:840} INFO - DAG(s) 'example_setup_teardown' retrieved from /home/airflow/.local/lib/python3.12/site-packages/airflow/example_dags/example_setup_teardown.py
[2024-09-12T00:21:32.941+0000] {logging_mixin.py:188} INFO - [2024-09-12T00:21:32.940+0000] {dag.py:3089} INFO - Sync 1 DAGs
[2024-09-12T00:21:32.963+0000] {logging_mixin.py:188} INFO - [2024-09-12T00:21:32.962+0000] {dag.py:3947} INFO - Setting next_dagrun for example_setup_teardown to 2024-09-11 00:00:00+00:00, run_after=2024-09-12 00:00:00+00:00
[2024-09-12T00:21:32.985+0000] {processor.py:183} INFO - Processing /home/airflow/.local/lib/python3.12/site-packages/airflow/example_dags/example_setup_teardown.py took 0.078 seconds
[2024-09-12T00:22:03.921+0000] {processor.py:161} INFO - Started process (PID=265) to work on /home/airflow/.local/lib/python3.12/site-packages/airflow/example_dags/example_setup_teardown.py
[2024-09-12T00:22:03.922+0000] {processor.py:830} INFO - Processing file /home/airflow/.local/lib/python3.12/site-packages/airflow/example_dags/example_setup_teardown.py for tasks to queue
[2024-09-12T00:22:03.924+0000] {logging_mixin.py:188} INFO - [2024-09-12T00:22:03.923+0000] {dagbag.py:545} INFO - Filling up the DagBag from /home/airflow/.local/lib/python3.12/site-packages/airflow/example_dags/example_setup_teardown.py
[2024-09-12T00:22:03.930+0000] {processor.py:840} INFO - DAG(s) 'example_setup_teardown' retrieved from /home/airflow/.local/lib/python3.12/site-packages/airflow/example_dags/example_setup_teardown.py
[2024-09-12T00:22:03.951+0000] {logging_mixin.py:188} INFO - [2024-09-12T00:22:03.951+0000] {dag.py:3089} INFO - Sync 1 DAGs
[2024-09-12T00:22:03.974+0000] {logging_mixin.py:188} INFO - [2024-09-12T00:22:03.974+0000] {dag.py:3947} INFO - Setting next_dagrun for example_setup_teardown to 2024-09-11 00:00:00+00:00, run_after=2024-09-12 00:00:00+00:00
[2024-09-12T00:22:03.996+0000] {processor.py:183} INFO - Processing /home/airflow/.local/lib/python3.12/site-packages/airflow/example_dags/example_setup_teardown.py took 0.080 seconds
[2024-09-12T00:22:34.843+0000] {processor.py:161} INFO - Started process (PID=325) to work on /home/airflow/.local/lib/python3.12/site-packages/airflow/example_dags/example_setup_teardown.py
[2024-09-12T00:22:34.844+0000] {processor.py:830} INFO - Processing file /home/airflow/.local/lib/python3.12/site-packages/airflow/example_dags/example_setup_teardown.py for tasks to queue
[2024-09-12T00:22:34.845+0000] {logging_mixin.py:188} INFO - [2024-09-12T00:22:34.845+0000] {dagbag.py:545} INFO - Filling up the DagBag from /home/airflow/.local/lib/python3.12/site-packages/airflow/example_dags/example_setup_teardown.py
[2024-09-12T00:22:34.852+0000] {processor.py:840} INFO - DAG(s) 'example_setup_teardown' retrieved from /home/airflow/.local/lib/python3.12/site-packages/airflow/example_dags/example_setup_teardown.py
[2024-09-12T00:22:34.872+0000] {logging_mixin.py:188} INFO - [2024-09-12T00:22:34.871+0000] {dag.py:3089} INFO - Sync 1 DAGs
[2024-09-12T00:22:34.894+0000] {logging_mixin.py:188} INFO - [2024-09-12T00:22:34.894+0000] {dag.py:3947} INFO - Setting next_dagrun for example_setup_teardown to 2024-09-11 00:00:00+00:00, run_after=2024-09-12 00:00:00+00:00
[2024-09-12T00:22:34.914+0000] {processor.py:183} INFO - Processing /home/airflow/.local/lib/python3.12/site-packages/airflow/example_dags/example_setup_teardown.py took 0.077 seconds
[2024-09-12T00:23:05.429+0000] {processor.py:161} INFO - Started process (PID=385) to work on /home/airflow/.local/lib/python3.12/site-packages/airflow/example_dags/example_setup_teardown.py
[2024-09-12T00:23:05.430+0000] {processor.py:830} INFO - Processing file /home/airflow/.local/lib/python3.12/site-packages/airflow/example_dags/example_setup_teardown.py for tasks to queue
[2024-09-12T00:23:05.432+0000] {logging_mixin.py:188} INFO - [2024-09-12T00:23:05.432+0000] {dagbag.py:545} INFO - Filling up the DagBag from /home/airflow/.local/lib/python3.12/site-packages/airflow/example_dags/example_setup_teardown.py
[2024-09-12T00:23:05.438+0000] {processor.py:840} INFO - DAG(s) 'example_setup_teardown' retrieved from /home/airflow/.local/lib/python3.12/site-packages/airflow/example_dags/example_setup_teardown.py
[2024-09-12T00:23:05.458+0000] {logging_mixin.py:188} INFO - [2024-09-12T00:23:05.457+0000] {dag.py:3089} INFO - Sync 1 DAGs
[2024-09-12T00:23:05.479+0000] {logging_mixin.py:188} INFO - [2024-09-12T00:23:05.479+0000] {dag.py:3947} INFO - Setting next_dagrun for example_setup_teardown to 2024-09-11 00:00:00+00:00, run_after=2024-09-12 00:00:00+00:00
[2024-09-12T00:23:05.499+0000] {processor.py:183} INFO - Processing /home/airflow/.local/lib/python3.12/site-packages/airflow/example_dags/example_setup_teardown.py took 0.075 seconds
[2024-09-12T00:23:36.117+0000] {processor.py:161} INFO - Started process (PID=445) to work on /home/airflow/.local/lib/python3.12/site-packages/airflow/example_dags/example_setup_teardown.py
[2024-09-12T00:23:36.118+0000] {processor.py:830} INFO - Processing file /home/airflow/.local/lib/python3.12/site-packages/airflow/example_dags/example_setup_teardown.py for tasks to queue
[2024-09-12T00:23:36.120+0000] {logging_mixin.py:188} INFO - [2024-09-12T00:23:36.119+0000] {dagbag.py:545} INFO - Filling up the DagBag from /home/airflow/.local/lib/python3.12/site-packages/airflow/example_dags/example_setup_teardown.py
[2024-09-12T00:23:36.126+0000] {processor.py:840} INFO - DAG(s) 'example_setup_teardown' retrieved from /home/airflow/.local/lib/python3.12/site-packages/airflow/example_dags/example_setup_teardown.py
[2024-09-12T00:23:36.147+0000] {logging_mixin.py:188} INFO - [2024-09-12T00:23:36.147+0000] {dag.py:3089} INFO - Sync 1 DAGs
[2024-09-12T00:23:36.168+0000] {logging_mixin.py:188} INFO - [2024-09-12T00:23:36.168+0000] {dag.py:3947} INFO - Setting next_dagrun for example_setup_teardown to 2024-09-11 00:00:00+00:00, run_after=2024-09-12 00:00:00+00:00
[2024-09-12T00:23:36.188+0000] {processor.py:183} INFO - Processing /home/airflow/.local/lib/python3.12/site-packages/airflow/example_dags/example_setup_teardown.py took 0.076 seconds
[2024-09-12T00:24:06.756+0000] {processor.py:161} INFO - Started process (PID=505) to work on /home/airflow/.local/lib/python3.12/site-packages/airflow/example_dags/example_setup_teardown.py
[2024-09-12T00:24:06.756+0000] {processor.py:830} INFO - Processing file /home/airflow/.local/lib/python3.12/site-packages/airflow/example_dags/example_setup_teardown.py for tasks to queue
[2024-09-12T00:24:06.758+0000] {logging_mixin.py:188} INFO - [2024-09-12T00:24:06.758+0000] {dagbag.py:545} INFO - Filling up the DagBag from /home/airflow/.local/lib/python3.12/site-packages/airflow/example_dags/example_setup_teardown.py
[2024-09-12T00:24:06.765+0000] {processor.py:840} INFO - DAG(s) 'example_setup_teardown' retrieved from /home/airflow/.local/lib/python3.12/site-packages/airflow/example_dags/example_setup_teardown.py
[2024-09-12T00:24:06.786+0000] {logging_mixin.py:188} INFO - [2024-09-12T00:24:06.785+0000] {dag.py:3089} INFO - Sync 1 DAGs
[2024-09-12T00:24:06.808+0000] {logging_mixin.py:188} INFO - [2024-09-12T00:24:06.808+0000] {dag.py:3947} INFO - Setting next_dagrun for example_setup_teardown to 2024-09-11 00:00:00+00:00, run_after=2024-09-12 00:00:00+00:00
[2024-09-12T00:24:06.828+0000] {processor.py:183} INFO - Processing /home/airflow/.local/lib/python3.12/site-packages/airflow/example_dags/example_setup_teardown.py took 0.078 seconds
[2024-09-12T00:24:36.944+0000] {processor.py:161} INFO - Started process (PID=565) to work on /home/airflow/.local/lib/python3.12/site-packages/airflow/example_dags/example_setup_teardown.py
[2024-09-12T00:24:36.945+0000] {processor.py:830} INFO - Processing file /home/airflow/.local/lib/python3.12/site-packages/airflow/example_dags/example_setup_teardown.py for tasks to queue
[2024-09-12T00:24:36.947+0000] {logging_mixin.py:188} INFO - [2024-09-12T00:24:36.947+0000] {dagbag.py:545} INFO - Filling up the DagBag from /home/airflow/.local/lib/python3.12/site-packages/airflow/example_dags/example_setup_teardown.py
[2024-09-12T00:24:36.955+0000] {processor.py:840} INFO - DAG(s) 'example_setup_teardown' retrieved from /home/airflow/.local/lib/python3.12/site-packages/airflow/example_dags/example_setup_teardown.py
[2024-09-12T00:24:36.977+0000] {logging_mixin.py:188} INFO - [2024-09-12T00:24:36.977+0000] {dag.py:3089} INFO - Sync 1 DAGs
[2024-09-12T00:24:37.001+0000] {logging_mixin.py:188} INFO - [2024-09-12T00:24:37.001+0000] {dag.py:3947} INFO - Setting next_dagrun for example_setup_teardown to 2024-09-11 00:00:00+00:00, run_after=2024-09-12 00:00:00+00:00
[2024-09-12T00:24:37.026+0000] {processor.py:183} INFO - Processing /home/airflow/.local/lib/python3.12/site-packages/airflow/example_dags/example_setup_teardown.py took 0.088 seconds
[2024-09-12T00:25:07.450+0000] {processor.py:161} INFO - Started process (PID=625) to work on /home/airflow/.local/lib/python3.12/site-packages/airflow/example_dags/example_setup_teardown.py
[2024-09-12T00:25:07.451+0000] {processor.py:830} INFO - Processing file /home/airflow/.local/lib/python3.12/site-packages/airflow/example_dags/example_setup_teardown.py for tasks to queue
[2024-09-12T00:25:07.453+0000] {logging_mixin.py:188} INFO - [2024-09-12T00:25:07.452+0000] {dagbag.py:545} INFO - Filling up the DagBag from /home/airflow/.local/lib/python3.12/site-packages/airflow/example_dags/example_setup_teardown.py
[2024-09-12T00:25:07.459+0000] {processor.py:840} INFO - DAG(s) 'example_setup_teardown' retrieved from /home/airflow/.local/lib/python3.12/site-packages/airflow/example_dags/example_setup_teardown.py
[2024-09-12T00:25:07.480+0000] {logging_mixin.py:188} INFO - [2024-09-12T00:25:07.479+0000] {dag.py:3089} INFO - Sync 1 DAGs
[2024-09-12T00:25:07.502+0000] {logging_mixin.py:188} INFO - [2024-09-12T00:25:07.502+0000] {dag.py:3947} INFO - Setting next_dagrun for example_setup_teardown to 2024-09-11 00:00:00+00:00, run_after=2024-09-12 00:00:00+00:00
[2024-09-12T00:25:07.523+0000] {processor.py:183} INFO - Processing /home/airflow/.local/lib/python3.12/site-packages/airflow/example_dags/example_setup_teardown.py took 0.078 seconds
[2024-09-12T00:25:37.729+0000] {processor.py:161} INFO - Started process (PID=685) to work on /home/airflow/.local/lib/python3.12/site-packages/airflow/example_dags/example_setup_teardown.py
[2024-09-12T00:25:37.730+0000] {processor.py:830} INFO - Processing file /home/airflow/.local/lib/python3.12/site-packages/airflow/example_dags/example_setup_teardown.py for tasks to queue
[2024-09-12T00:25:37.731+0000] {logging_mixin.py:188} INFO - [2024-09-12T00:25:37.731+0000] {dagbag.py:545} INFO - Filling up the DagBag from /home/airflow/.local/lib/python3.12/site-packages/airflow/example_dags/example_setup_teardown.py
[2024-09-12T00:25:37.738+0000] {processor.py:840} INFO - DAG(s) 'example_setup_teardown' retrieved from /home/airflow/.local/lib/python3.12/site-packages/airflow/example_dags/example_setup_teardown.py
[2024-09-12T00:25:37.757+0000] {logging_mixin.py:188} INFO - [2024-09-12T00:25:37.757+0000] {dag.py:3089} INFO - Sync 1 DAGs
[2024-09-12T00:25:37.780+0000] {logging_mixin.py:188} INFO - [2024-09-12T00:25:37.779+0000] {dag.py:3947} INFO - Setting next_dagrun for example_setup_teardown to 2024-09-11 00:00:00+00:00, run_after=2024-09-12 00:00:00+00:00
[2024-09-12T00:25:37.800+0000] {processor.py:183} INFO - Processing /home/airflow/.local/lib/python3.12/site-packages/airflow/example_dags/example_setup_teardown.py took 0.076 seconds
[2024-09-12T00:26:07.911+0000] {processor.py:161} INFO - Started process (PID=745) to work on /home/airflow/.local/lib/python3.12/site-packages/airflow/example_dags/example_setup_teardown.py
[2024-09-12T00:26:07.911+0000] {processor.py:830} INFO - Processing file /home/airflow/.local/lib/python3.12/site-packages/airflow/example_dags/example_setup_teardown.py for tasks to queue
[2024-09-12T00:26:07.913+0000] {logging_mixin.py:188} INFO - [2024-09-12T00:26:07.913+0000] {dagbag.py:545} INFO - Filling up the DagBag from /home/airflow/.local/lib/python3.12/site-packages/airflow/example_dags/example_setup_teardown.py
[2024-09-12T00:26:07.919+0000] {processor.py:840} INFO - DAG(s) 'example_setup_teardown' retrieved from /home/airflow/.local/lib/python3.12/site-packages/airflow/example_dags/example_setup_teardown.py
[2024-09-12T00:26:07.939+0000] {logging_mixin.py:188} INFO - [2024-09-12T00:26:07.939+0000] {dag.py:3089} INFO - Sync 1 DAGs
[2024-09-12T00:26:07.961+0000] {logging_mixin.py:188} INFO - [2024-09-12T00:26:07.961+0000] {dag.py:3947} INFO - Setting next_dagrun for example_setup_teardown to 2024-09-11 00:00:00+00:00, run_after=2024-09-12 00:00:00+00:00
[2024-09-12T00:26:07.979+0000] {processor.py:183} INFO - Processing /home/airflow/.local/lib/python3.12/site-packages/airflow/example_dags/example_setup_teardown.py took 0.074 seconds
[2024-09-12T00:26:38.517+0000] {processor.py:161} INFO - Started process (PID=805) to work on /home/airflow/.local/lib/python3.12/site-packages/airflow/example_dags/example_setup_teardown.py
[2024-09-12T00:26:38.518+0000] {processor.py:830} INFO - Processing file /home/airflow/.local/lib/python3.12/site-packages/airflow/example_dags/example_setup_teardown.py for tasks to queue
[2024-09-12T00:26:38.520+0000] {logging_mixin.py:188} INFO - [2024-09-12T00:26:38.520+0000] {dagbag.py:545} INFO - Filling up the DagBag from /home/airflow/.local/lib/python3.12/site-packages/airflow/example_dags/example_setup_teardown.py
[2024-09-12T00:26:38.527+0000] {processor.py:840} INFO - DAG(s) 'example_setup_teardown' retrieved from /home/airflow/.local/lib/python3.12/site-packages/airflow/example_dags/example_setup_teardown.py
[2024-09-12T00:26:38.547+0000] {logging_mixin.py:188} INFO - [2024-09-12T00:26:38.546+0000] {dag.py:3089} INFO - Sync 1 DAGs
[2024-09-12T00:26:38.567+0000] {logging_mixin.py:188} INFO - [2024-09-12T00:26:38.567+0000] {dag.py:3947} INFO - Setting next_dagrun for example_setup_teardown to 2024-09-11 00:00:00+00:00, run_after=2024-09-12 00:00:00+00:00
[2024-09-12T00:26:38.585+0000] {processor.py:183} INFO - Processing /home/airflow/.local/lib/python3.12/site-packages/airflow/example_dags/example_setup_teardown.py took 0.073 seconds
[2024-09-12T00:27:09.038+0000] {processor.py:161} INFO - Started process (PID=865) to work on /home/airflow/.local/lib/python3.12/site-packages/airflow/example_dags/example_setup_teardown.py
[2024-09-12T00:27:09.039+0000] {processor.py:830} INFO - Processing file /home/airflow/.local/lib/python3.12/site-packages/airflow/example_dags/example_setup_teardown.py for tasks to queue
[2024-09-12T00:27:09.041+0000] {logging_mixin.py:188} INFO - [2024-09-12T00:27:09.040+0000] {dagbag.py:545} INFO - Filling up the DagBag from /home/airflow/.local/lib/python3.12/site-packages/airflow/example_dags/example_setup_teardown.py
[2024-09-12T00:27:09.047+0000] {processor.py:840} INFO - DAG(s) 'example_setup_teardown' retrieved from /home/airflow/.local/lib/python3.12/site-packages/airflow/example_dags/example_setup_teardown.py
[2024-09-12T00:27:09.067+0000] {logging_mixin.py:188} INFO - [2024-09-12T00:27:09.067+0000] {dag.py:3089} INFO - Sync 1 DAGs
[2024-09-12T00:27:09.090+0000] {logging_mixin.py:188} INFO - [2024-09-12T00:27:09.089+0000] {dag.py:3947} INFO - Setting next_dagrun for example_setup_teardown to 2024-09-11 00:00:00+00:00, run_after=2024-09-12 00:00:00+00:00
[2024-09-12T00:27:09.110+0000] {processor.py:183} INFO - Processing /home/airflow/.local/lib/python3.12/site-packages/airflow/example_dags/example_setup_teardown.py took 0.077 seconds
[2024-09-12T00:27:39.233+0000] {processor.py:161} INFO - Started process (PID=925) to work on /home/airflow/.local/lib/python3.12/site-packages/airflow/example_dags/example_setup_teardown.py
[2024-09-12T00:27:39.234+0000] {processor.py:830} INFO - Processing file /home/airflow/.local/lib/python3.12/site-packages/airflow/example_dags/example_setup_teardown.py for tasks to queue
[2024-09-12T00:27:39.235+0000] {logging_mixin.py:188} INFO - [2024-09-12T00:27:39.235+0000] {dagbag.py:545} INFO - Filling up the DagBag from /home/airflow/.local/lib/python3.12/site-packages/airflow/example_dags/example_setup_teardown.py
[2024-09-12T00:27:39.242+0000] {processor.py:840} INFO - DAG(s) 'example_setup_teardown' retrieved from /home/airflow/.local/lib/python3.12/site-packages/airflow/example_dags/example_setup_teardown.py
[2024-09-12T00:27:39.261+0000] {logging_mixin.py:188} INFO - [2024-09-12T00:27:39.261+0000] {dag.py:3089} INFO - Sync 1 DAGs
[2024-09-12T00:27:39.284+0000] {logging_mixin.py:188} INFO - [2024-09-12T00:27:39.283+0000] {dag.py:3947} INFO - Setting next_dagrun for example_setup_teardown to 2024-09-11 00:00:00+00:00, run_after=2024-09-12 00:00:00+00:00
[2024-09-12T00:27:39.303+0000] {processor.py:183} INFO - Processing /home/airflow/.local/lib/python3.12/site-packages/airflow/example_dags/example_setup_teardown.py took 0.075 seconds
[2024-09-12T00:28:09.743+0000] {processor.py:161} INFO - Started process (PID=985) to work on /home/airflow/.local/lib/python3.12/site-packages/airflow/example_dags/example_setup_teardown.py
[2024-09-12T00:28:09.743+0000] {processor.py:830} INFO - Processing file /home/airflow/.local/lib/python3.12/site-packages/airflow/example_dags/example_setup_teardown.py for tasks to queue
[2024-09-12T00:28:09.745+0000] {logging_mixin.py:188} INFO - [2024-09-12T00:28:09.745+0000] {dagbag.py:545} INFO - Filling up the DagBag from /home/airflow/.local/lib/python3.12/site-packages/airflow/example_dags/example_setup_teardown.py
[2024-09-12T00:28:09.751+0000] {processor.py:840} INFO - DAG(s) 'example_setup_teardown' retrieved from /home/airflow/.local/lib/python3.12/site-packages/airflow/example_dags/example_setup_teardown.py
[2024-09-12T00:28:09.770+0000] {logging_mixin.py:188} INFO - [2024-09-12T00:28:09.769+0000] {dag.py:3089} INFO - Sync 1 DAGs
[2024-09-12T00:28:09.793+0000] {logging_mixin.py:188} INFO - [2024-09-12T00:28:09.793+0000] {dag.py:3947} INFO - Setting next_dagrun for example_setup_teardown to 2024-09-11 00:00:00+00:00, run_after=2024-09-12 00:00:00+00:00
[2024-09-12T00:28:09.813+0000] {processor.py:183} INFO - Processing /home/airflow/.local/lib/python3.12/site-packages/airflow/example_dags/example_setup_teardown.py took 0.076 seconds
[2024-09-12T00:28:39.899+0000] {processor.py:161} INFO - Started process (PID=1045) to work on /home/airflow/.local/lib/python3.12/site-packages/airflow/example_dags/example_setup_teardown.py
[2024-09-12T00:28:39.900+0000] {processor.py:830} INFO - Processing file /home/airflow/.local/lib/python3.12/site-packages/airflow/example_dags/example_setup_teardown.py for tasks to queue
[2024-09-12T00:28:39.902+0000] {logging_mixin.py:188} INFO - [2024-09-12T00:28:39.901+0000] {dagbag.py:545} INFO - Filling up the DagBag from /home/airflow/.local/lib/python3.12/site-packages/airflow/example_dags/example_setup_teardown.py
[2024-09-12T00:28:39.908+0000] {processor.py:840} INFO - DAG(s) 'example_setup_teardown' retrieved from /home/airflow/.local/lib/python3.12/site-packages/airflow/example_dags/example_setup_teardown.py
[2024-09-12T00:28:39.928+0000] {logging_mixin.py:188} INFO - [2024-09-12T00:28:39.928+0000] {dag.py:3089} INFO - Sync 1 DAGs
[2024-09-12T00:28:39.949+0000] {logging_mixin.py:188} INFO - [2024-09-12T00:28:39.949+0000] {dag.py:3947} INFO - Setting next_dagrun for example_setup_teardown to 2024-09-11 00:00:00+00:00, run_after=2024-09-12 00:00:00+00:00
[2024-09-12T00:28:39.968+0000] {processor.py:183} INFO - Processing /home/airflow/.local/lib/python3.12/site-packages/airflow/example_dags/example_setup_teardown.py took 0.074 seconds
[2024-09-12T00:29:10.277+0000] {processor.py:161} INFO - Started process (PID=1105) to work on /home/airflow/.local/lib/python3.12/site-packages/airflow/example_dags/example_setup_teardown.py
[2024-09-12T00:29:10.278+0000] {processor.py:830} INFO - Processing file /home/airflow/.local/lib/python3.12/site-packages/airflow/example_dags/example_setup_teardown.py for tasks to queue
[2024-09-12T00:29:10.279+0000] {logging_mixin.py:188} INFO - [2024-09-12T00:29:10.279+0000] {dagbag.py:545} INFO - Filling up the DagBag from /home/airflow/.local/lib/python3.12/site-packages/airflow/example_dags/example_setup_teardown.py
[2024-09-12T00:29:10.286+0000] {processor.py:840} INFO - DAG(s) 'example_setup_teardown' retrieved from /home/airflow/.local/lib/python3.12/site-packages/airflow/example_dags/example_setup_teardown.py
[2024-09-12T00:29:10.307+0000] {logging_mixin.py:188} INFO - [2024-09-12T00:29:10.306+0000] {dag.py:3089} INFO - Sync 1 DAGs
[2024-09-12T00:29:10.329+0000] {logging_mixin.py:188} INFO - [2024-09-12T00:29:10.329+0000] {dag.py:3947} INFO - Setting next_dagrun for example_setup_teardown to 2024-09-11 00:00:00+00:00, run_after=2024-09-12 00:00:00+00:00
[2024-09-12T00:29:10.351+0000] {processor.py:183} INFO - Processing /home/airflow/.local/lib/python3.12/site-packages/airflow/example_dags/example_setup_teardown.py took 0.079 seconds
[2024-09-12T00:29:40.816+0000] {processor.py:161} INFO - Started process (PID=1165) to work on /home/airflow/.local/lib/python3.12/site-packages/airflow/example_dags/example_setup_teardown.py
[2024-09-12T00:29:40.817+0000] {processor.py:830} INFO - Processing file /home/airflow/.local/lib/python3.12/site-packages/airflow/example_dags/example_setup_teardown.py for tasks to queue
[2024-09-12T00:29:40.819+0000] {logging_mixin.py:188} INFO - [2024-09-12T00:29:40.818+0000] {dagbag.py:545} INFO - Filling up the DagBag from /home/airflow/.local/lib/python3.12/site-packages/airflow/example_dags/example_setup_teardown.py
[2024-09-12T00:29:40.825+0000] {processor.py:840} INFO - DAG(s) 'example_setup_teardown' retrieved from /home/airflow/.local/lib/python3.12/site-packages/airflow/example_dags/example_setup_teardown.py
[2024-09-12T00:29:40.845+0000] {logging_mixin.py:188} INFO - [2024-09-12T00:29:40.844+0000] {dag.py:3089} INFO - Sync 1 DAGs
[2024-09-12T00:29:40.867+0000] {logging_mixin.py:188} INFO - [2024-09-12T00:29:40.867+0000] {dag.py:3947} INFO - Setting next_dagrun for example_setup_teardown to 2024-09-11 00:00:00+00:00, run_after=2024-09-12 00:00:00+00:00
[2024-09-12T00:29:40.887+0000] {processor.py:183} INFO - Processing /home/airflow/.local/lib/python3.12/site-packages/airflow/example_dags/example_setup_teardown.py took 0.077 seconds
[2024-09-12T00:30:11.225+0000] {processor.py:161} INFO - Started process (PID=1225) to work on /home/airflow/.local/lib/python3.12/site-packages/airflow/example_dags/example_setup_teardown.py
[2024-09-12T00:30:11.226+0000] {processor.py:830} INFO - Processing file /home/airflow/.local/lib/python3.12/site-packages/airflow/example_dags/example_setup_teardown.py for tasks to queue
[2024-09-12T00:30:11.228+0000] {logging_mixin.py:188} INFO - [2024-09-12T00:30:11.228+0000] {dagbag.py:545} INFO - Filling up the DagBag from /home/airflow/.local/lib/python3.12/site-packages/airflow/example_dags/example_setup_teardown.py
[2024-09-12T00:30:11.234+0000] {processor.py:840} INFO - DAG(s) 'example_setup_teardown' retrieved from /home/airflow/.local/lib/python3.12/site-packages/airflow/example_dags/example_setup_teardown.py
[2024-09-12T00:30:11.256+0000] {logging_mixin.py:188} INFO - [2024-09-12T00:30:11.256+0000] {dag.py:3089} INFO - Sync 1 DAGs
[2024-09-12T00:30:11.278+0000] {logging_mixin.py:188} INFO - [2024-09-12T00:30:11.277+0000] {dag.py:3947} INFO - Setting next_dagrun for example_setup_teardown to 2024-09-11 00:00:00+00:00, run_after=2024-09-12 00:00:00+00:00
[2024-09-12T00:30:11.296+0000] {processor.py:183} INFO - Processing /home/airflow/.local/lib/python3.12/site-packages/airflow/example_dags/example_setup_teardown.py took 0.076 seconds
[2024-09-12T00:30:41.708+0000] {processor.py:161} INFO - Started process (PID=1285) to work on /home/airflow/.local/lib/python3.12/site-packages/airflow/example_dags/example_setup_teardown.py
[2024-09-12T00:30:41.709+0000] {processor.py:830} INFO - Processing file /home/airflow/.local/lib/python3.12/site-packages/airflow/example_dags/example_setup_teardown.py for tasks to queue
[2024-09-12T00:30:41.710+0000] {logging_mixin.py:188} INFO - [2024-09-12T00:30:41.710+0000] {dagbag.py:545} INFO - Filling up the DagBag from /home/airflow/.local/lib/python3.12/site-packages/airflow/example_dags/example_setup_teardown.py
[2024-09-12T00:30:41.717+0000] {processor.py:840} INFO - DAG(s) 'example_setup_teardown' retrieved from /home/airflow/.local/lib/python3.12/site-packages/airflow/example_dags/example_setup_teardown.py
[2024-09-12T00:30:41.737+0000] {logging_mixin.py:188} INFO - [2024-09-12T00:30:41.737+0000] {dag.py:3089} INFO - Sync 1 DAGs
[2024-09-12T00:30:41.760+0000] {logging_mixin.py:188} INFO - [2024-09-12T00:30:41.760+0000] {dag.py:3947} INFO - Setting next_dagrun for example_setup_teardown to 2024-09-11 00:00:00+00:00, run_after=2024-09-12 00:00:00+00:00
[2024-09-12T00:30:41.780+0000] {processor.py:183} INFO - Processing /home/airflow/.local/lib/python3.12/site-packages/airflow/example_dags/example_setup_teardown.py took 0.078 seconds
[2024-09-12T00:31:12.004+0000] {processor.py:161} INFO - Started process (PID=1345) to work on /home/airflow/.local/lib/python3.12/site-packages/airflow/example_dags/example_setup_teardown.py
[2024-09-12T00:31:12.005+0000] {processor.py:830} INFO - Processing file /home/airflow/.local/lib/python3.12/site-packages/airflow/example_dags/example_setup_teardown.py for tasks to queue
[2024-09-12T00:31:12.007+0000] {logging_mixin.py:188} INFO - [2024-09-12T00:31:12.007+0000] {dagbag.py:545} INFO - Filling up the DagBag from /home/airflow/.local/lib/python3.12/site-packages/airflow/example_dags/example_setup_teardown.py
[2024-09-12T00:31:12.014+0000] {processor.py:840} INFO - DAG(s) 'example_setup_teardown' retrieved from /home/airflow/.local/lib/python3.12/site-packages/airflow/example_dags/example_setup_teardown.py
[2024-09-12T00:31:12.038+0000] {logging_mixin.py:188} INFO - [2024-09-12T00:31:12.038+0000] {dag.py:3089} INFO - Sync 1 DAGs
[2024-09-12T00:31:12.060+0000] {logging_mixin.py:188} INFO - [2024-09-12T00:31:12.060+0000] {dag.py:3947} INFO - Setting next_dagrun for example_setup_teardown to 2024-09-11 00:00:00+00:00, run_after=2024-09-12 00:00:00+00:00
[2024-09-12T00:31:12.081+0000] {processor.py:183} INFO - Processing /home/airflow/.local/lib/python3.12/site-packages/airflow/example_dags/example_setup_teardown.py took 0.083 seconds
[2024-09-12T00:31:42.487+0000] {processor.py:161} INFO - Started process (PID=1405) to work on /home/airflow/.local/lib/python3.12/site-packages/airflow/example_dags/example_setup_teardown.py
[2024-09-12T00:31:42.487+0000] {processor.py:830} INFO - Processing file /home/airflow/.local/lib/python3.12/site-packages/airflow/example_dags/example_setup_teardown.py for tasks to queue
[2024-09-12T00:31:42.489+0000] {logging_mixin.py:188} INFO - [2024-09-12T00:31:42.489+0000] {dagbag.py:545} INFO - Filling up the DagBag from /home/airflow/.local/lib/python3.12/site-packages/airflow/example_dags/example_setup_teardown.py
[2024-09-12T00:31:42.496+0000] {processor.py:840} INFO - DAG(s) 'example_setup_teardown' retrieved from /home/airflow/.local/lib/python3.12/site-packages/airflow/example_dags/example_setup_teardown.py
[2024-09-12T00:31:42.517+0000] {logging_mixin.py:188} INFO - [2024-09-12T00:31:42.517+0000] {dag.py:3089} INFO - Sync 1 DAGs
[2024-09-12T00:31:42.660+0000] {logging_mixin.py:188} INFO - [2024-09-12T00:31:42.660+0000] {dag.py:3947} INFO - Setting next_dagrun for example_setup_teardown to 2024-09-11 00:00:00+00:00, run_after=2024-09-12 00:00:00+00:00
[2024-09-12T00:31:42.678+0000] {processor.py:183} INFO - Processing /home/airflow/.local/lib/python3.12/site-packages/airflow/example_dags/example_setup_teardown.py took 0.197 seconds
[2024-09-12T00:32:12.985+0000] {processor.py:161} INFO - Started process (PID=1465) to work on /home/airflow/.local/lib/python3.12/site-packages/airflow/example_dags/example_setup_teardown.py
[2024-09-12T00:32:12.986+0000] {processor.py:830} INFO - Processing file /home/airflow/.local/lib/python3.12/site-packages/airflow/example_dags/example_setup_teardown.py for tasks to queue
[2024-09-12T00:32:12.988+0000] {logging_mixin.py:188} INFO - [2024-09-12T00:32:12.987+0000] {dagbag.py:545} INFO - Filling up the DagBag from /home/airflow/.local/lib/python3.12/site-packages/airflow/example_dags/example_setup_teardown.py
[2024-09-12T00:32:12.995+0000] {processor.py:840} INFO - DAG(s) 'example_setup_teardown' retrieved from /home/airflow/.local/lib/python3.12/site-packages/airflow/example_dags/example_setup_teardown.py
[2024-09-12T00:32:13.015+0000] {logging_mixin.py:188} INFO - [2024-09-12T00:32:13.015+0000] {dag.py:3089} INFO - Sync 1 DAGs
[2024-09-12T00:32:13.156+0000] {logging_mixin.py:188} INFO - [2024-09-12T00:32:13.156+0000] {dag.py:3947} INFO - Setting next_dagrun for example_setup_teardown to 2024-09-11 00:00:00+00:00, run_after=2024-09-12 00:00:00+00:00
[2024-09-12T00:32:13.174+0000] {processor.py:183} INFO - Processing /home/airflow/.local/lib/python3.12/site-packages/airflow/example_dags/example_setup_teardown.py took 0.195 seconds
[2024-09-12T00:32:43.584+0000] {processor.py:161} INFO - Started process (PID=1525) to work on /home/airflow/.local/lib/python3.12/site-packages/airflow/example_dags/example_setup_teardown.py
[2024-09-12T00:32:43.585+0000] {processor.py:830} INFO - Processing file /home/airflow/.local/lib/python3.12/site-packages/airflow/example_dags/example_setup_teardown.py for tasks to queue
[2024-09-12T00:32:43.588+0000] {logging_mixin.py:188} INFO - [2024-09-12T00:32:43.587+0000] {dagbag.py:545} INFO - Filling up the DagBag from /home/airflow/.local/lib/python3.12/site-packages/airflow/example_dags/example_setup_teardown.py
[2024-09-12T00:32:43.596+0000] {processor.py:840} INFO - DAG(s) 'example_setup_teardown' retrieved from /home/airflow/.local/lib/python3.12/site-packages/airflow/example_dags/example_setup_teardown.py
[2024-09-12T00:32:43.618+0000] {logging_mixin.py:188} INFO - [2024-09-12T00:32:43.618+0000] {dag.py:3089} INFO - Sync 1 DAGs
[2024-09-12T00:32:43.643+0000] {logging_mixin.py:188} INFO - [2024-09-12T00:32:43.643+0000] {dag.py:3947} INFO - Setting next_dagrun for example_setup_teardown to 2024-09-11 00:00:00+00:00, run_after=2024-09-12 00:00:00+00:00
[2024-09-12T00:32:43.664+0000] {processor.py:183} INFO - Processing /home/airflow/.local/lib/python3.12/site-packages/airflow/example_dags/example_setup_teardown.py took 0.088 seconds
[2024-09-12T00:33:13.804+0000] {processor.py:161} INFO - Started process (PID=1584) to work on /home/airflow/.local/lib/python3.12/site-packages/airflow/example_dags/example_setup_teardown.py
[2024-09-12T00:33:13.805+0000] {processor.py:830} INFO - Processing file /home/airflow/.local/lib/python3.12/site-packages/airflow/example_dags/example_setup_teardown.py for tasks to queue
[2024-09-12T00:33:13.808+0000] {logging_mixin.py:188} INFO - [2024-09-12T00:33:13.807+0000] {dagbag.py:545} INFO - Filling up the DagBag from /home/airflow/.local/lib/python3.12/site-packages/airflow/example_dags/example_setup_teardown.py
[2024-09-12T00:33:13.821+0000] {processor.py:840} INFO - DAG(s) 'example_setup_teardown' retrieved from /home/airflow/.local/lib/python3.12/site-packages/airflow/example_dags/example_setup_teardown.py
[2024-09-12T00:33:13.844+0000] {logging_mixin.py:188} INFO - [2024-09-12T00:33:13.844+0000] {dag.py:3089} INFO - Sync 1 DAGs
[2024-09-12T00:33:13.868+0000] {logging_mixin.py:188} INFO - [2024-09-12T00:33:13.867+0000] {dag.py:3947} INFO - Setting next_dagrun for example_setup_teardown to 2024-09-11 00:00:00+00:00, run_after=2024-09-12 00:00:00+00:00
[2024-09-12T00:33:13.887+0000] {processor.py:183} INFO - Processing /home/airflow/.local/lib/python3.12/site-packages/airflow/example_dags/example_setup_teardown.py took 0.092 seconds
[2024-09-12T00:33:44.085+0000] {processor.py:161} INFO - Started process (PID=1643) to work on /home/airflow/.local/lib/python3.12/site-packages/airflow/example_dags/example_setup_teardown.py
[2024-09-12T00:33:44.086+0000] {processor.py:830} INFO - Processing file /home/airflow/.local/lib/python3.12/site-packages/airflow/example_dags/example_setup_teardown.py for tasks to queue
[2024-09-12T00:33:44.088+0000] {logging_mixin.py:188} INFO - [2024-09-12T00:33:44.088+0000] {dagbag.py:545} INFO - Filling up the DagBag from /home/airflow/.local/lib/python3.12/site-packages/airflow/example_dags/example_setup_teardown.py
[2024-09-12T00:33:44.097+0000] {processor.py:840} INFO - DAG(s) 'example_setup_teardown' retrieved from /home/airflow/.local/lib/python3.12/site-packages/airflow/example_dags/example_setup_teardown.py
[2024-09-12T00:33:44.117+0000] {logging_mixin.py:188} INFO - [2024-09-12T00:33:44.117+0000] {dag.py:3089} INFO - Sync 1 DAGs
[2024-09-12T00:33:44.140+0000] {logging_mixin.py:188} INFO - [2024-09-12T00:33:44.140+0000] {dag.py:3947} INFO - Setting next_dagrun for example_setup_teardown to 2024-09-11 00:00:00+00:00, run_after=2024-09-12 00:00:00+00:00
[2024-09-12T00:33:44.163+0000] {processor.py:183} INFO - Processing /home/airflow/.local/lib/python3.12/site-packages/airflow/example_dags/example_setup_teardown.py took 0.085 seconds
[2024-09-12T00:34:14.444+0000] {processor.py:161} INFO - Started process (PID=1703) to work on /home/airflow/.local/lib/python3.12/site-packages/airflow/example_dags/example_setup_teardown.py
[2024-09-12T00:34:14.446+0000] {processor.py:830} INFO - Processing file /home/airflow/.local/lib/python3.12/site-packages/airflow/example_dags/example_setup_teardown.py for tasks to queue
[2024-09-12T00:34:14.450+0000] {logging_mixin.py:188} INFO - [2024-09-12T00:34:14.450+0000] {dagbag.py:545} INFO - Filling up the DagBag from /home/airflow/.local/lib/python3.12/site-packages/airflow/example_dags/example_setup_teardown.py
[2024-09-12T00:34:14.459+0000] {processor.py:840} INFO - DAG(s) 'example_setup_teardown' retrieved from /home/airflow/.local/lib/python3.12/site-packages/airflow/example_dags/example_setup_teardown.py
[2024-09-12T00:34:14.480+0000] {logging_mixin.py:188} INFO - [2024-09-12T00:34:14.479+0000] {dag.py:3089} INFO - Sync 1 DAGs
[2024-09-12T00:34:14.503+0000] {logging_mixin.py:188} INFO - [2024-09-12T00:34:14.503+0000] {dag.py:3947} INFO - Setting next_dagrun for example_setup_teardown to 2024-09-11 00:00:00+00:00, run_after=2024-09-12 00:00:00+00:00
[2024-09-12T00:34:14.525+0000] {processor.py:183} INFO - Processing /home/airflow/.local/lib/python3.12/site-packages/airflow/example_dags/example_setup_teardown.py took 0.088 seconds
[2024-09-12T00:34:44.770+0000] {processor.py:161} INFO - Started process (PID=1763) to work on /home/airflow/.local/lib/python3.12/site-packages/airflow/example_dags/example_setup_teardown.py
[2024-09-12T00:34:44.771+0000] {processor.py:830} INFO - Processing file /home/airflow/.local/lib/python3.12/site-packages/airflow/example_dags/example_setup_teardown.py for tasks to queue
[2024-09-12T00:34:44.773+0000] {logging_mixin.py:188} INFO - [2024-09-12T00:34:44.773+0000] {dagbag.py:545} INFO - Filling up the DagBag from /home/airflow/.local/lib/python3.12/site-packages/airflow/example_dags/example_setup_teardown.py
[2024-09-12T00:34:44.782+0000] {processor.py:840} INFO - DAG(s) 'example_setup_teardown' retrieved from /home/airflow/.local/lib/python3.12/site-packages/airflow/example_dags/example_setup_teardown.py
[2024-09-12T00:34:44.802+0000] {logging_mixin.py:188} INFO - [2024-09-12T00:34:44.802+0000] {dag.py:3089} INFO - Sync 1 DAGs
[2024-09-12T00:34:44.827+0000] {logging_mixin.py:188} INFO - [2024-09-12T00:34:44.827+0000] {dag.py:3947} INFO - Setting next_dagrun for example_setup_teardown to 2024-09-11 00:00:00+00:00, run_after=2024-09-12 00:00:00+00:00
[2024-09-12T00:34:44.849+0000] {processor.py:183} INFO - Processing /home/airflow/.local/lib/python3.12/site-packages/airflow/example_dags/example_setup_teardown.py took 0.084 seconds
[2024-09-12T00:35:14.977+0000] {processor.py:161} INFO - Started process (PID=1823) to work on /home/airflow/.local/lib/python3.12/site-packages/airflow/example_dags/example_setup_teardown.py
[2024-09-12T00:35:14.978+0000] {processor.py:830} INFO - Processing file /home/airflow/.local/lib/python3.12/site-packages/airflow/example_dags/example_setup_teardown.py for tasks to queue
[2024-09-12T00:35:14.980+0000] {logging_mixin.py:188} INFO - [2024-09-12T00:35:14.980+0000] {dagbag.py:545} INFO - Filling up the DagBag from /home/airflow/.local/lib/python3.12/site-packages/airflow/example_dags/example_setup_teardown.py
[2024-09-12T00:35:14.987+0000] {processor.py:840} INFO - DAG(s) 'example_setup_teardown' retrieved from /home/airflow/.local/lib/python3.12/site-packages/airflow/example_dags/example_setup_teardown.py
[2024-09-12T00:35:15.007+0000] {logging_mixin.py:188} INFO - [2024-09-12T00:35:15.007+0000] {dag.py:3089} INFO - Sync 1 DAGs
[2024-09-12T00:35:15.030+0000] {logging_mixin.py:188} INFO - [2024-09-12T00:35:15.029+0000] {dag.py:3947} INFO - Setting next_dagrun for example_setup_teardown to 2024-09-11 00:00:00+00:00, run_after=2024-09-12 00:00:00+00:00
[2024-09-12T00:35:15.050+0000] {processor.py:183} INFO - Processing /home/airflow/.local/lib/python3.12/site-packages/airflow/example_dags/example_setup_teardown.py took 0.079 seconds
[2024-09-12T00:35:45.517+0000] {processor.py:161} INFO - Started process (PID=1883) to work on /home/airflow/.local/lib/python3.12/site-packages/airflow/example_dags/example_setup_teardown.py
[2024-09-12T00:35:45.518+0000] {processor.py:830} INFO - Processing file /home/airflow/.local/lib/python3.12/site-packages/airflow/example_dags/example_setup_teardown.py for tasks to queue
[2024-09-12T00:35:45.521+0000] {logging_mixin.py:188} INFO - [2024-09-12T00:35:45.520+0000] {dagbag.py:545} INFO - Filling up the DagBag from /home/airflow/.local/lib/python3.12/site-packages/airflow/example_dags/example_setup_teardown.py
[2024-09-12T00:35:45.530+0000] {processor.py:840} INFO - DAG(s) 'example_setup_teardown' retrieved from /home/airflow/.local/lib/python3.12/site-packages/airflow/example_dags/example_setup_teardown.py
[2024-09-12T00:35:45.550+0000] {logging_mixin.py:188} INFO - [2024-09-12T00:35:45.550+0000] {dag.py:3089} INFO - Sync 1 DAGs
[2024-09-12T00:35:45.574+0000] {logging_mixin.py:188} INFO - [2024-09-12T00:35:45.574+0000] {dag.py:3947} INFO - Setting next_dagrun for example_setup_teardown to 2024-09-11 00:00:00+00:00, run_after=2024-09-12 00:00:00+00:00
[2024-09-12T00:35:45.595+0000] {processor.py:183} INFO - Processing /home/airflow/.local/lib/python3.12/site-packages/airflow/example_dags/example_setup_teardown.py took 0.084 seconds
[2024-09-12T00:36:15.789+0000] {processor.py:161} INFO - Started process (PID=1943) to work on /home/airflow/.local/lib/python3.12/site-packages/airflow/example_dags/example_setup_teardown.py
[2024-09-12T00:36:15.790+0000] {processor.py:830} INFO - Processing file /home/airflow/.local/lib/python3.12/site-packages/airflow/example_dags/example_setup_teardown.py for tasks to queue
[2024-09-12T00:36:15.792+0000] {logging_mixin.py:188} INFO - [2024-09-12T00:36:15.792+0000] {dagbag.py:545} INFO - Filling up the DagBag from /home/airflow/.local/lib/python3.12/site-packages/airflow/example_dags/example_setup_teardown.py
[2024-09-12T00:36:15.807+0000] {processor.py:840} INFO - DAG(s) 'example_setup_teardown' retrieved from /home/airflow/.local/lib/python3.12/site-packages/airflow/example_dags/example_setup_teardown.py
[2024-09-12T00:36:15.830+0000] {logging_mixin.py:188} INFO - [2024-09-12T00:36:15.830+0000] {dag.py:3089} INFO - Sync 1 DAGs
[2024-09-12T00:36:15.853+0000] {logging_mixin.py:188} INFO - [2024-09-12T00:36:15.853+0000] {dag.py:3947} INFO - Setting next_dagrun for example_setup_teardown to 2024-09-11 00:00:00+00:00, run_after=2024-09-12 00:00:00+00:00
[2024-09-12T00:36:15.872+0000] {processor.py:183} INFO - Processing /home/airflow/.local/lib/python3.12/site-packages/airflow/example_dags/example_setup_teardown.py took 0.090 seconds
[2024-09-12T00:36:45.980+0000] {processor.py:161} INFO - Started process (PID=2003) to work on /home/airflow/.local/lib/python3.12/site-packages/airflow/example_dags/example_setup_teardown.py
[2024-09-12T00:36:45.981+0000] {processor.py:830} INFO - Processing file /home/airflow/.local/lib/python3.12/site-packages/airflow/example_dags/example_setup_teardown.py for tasks to queue
[2024-09-12T00:36:45.983+0000] {logging_mixin.py:188} INFO - [2024-09-12T00:36:45.982+0000] {dagbag.py:545} INFO - Filling up the DagBag from /home/airflow/.local/lib/python3.12/site-packages/airflow/example_dags/example_setup_teardown.py
[2024-09-12T00:36:45.990+0000] {processor.py:840} INFO - DAG(s) 'example_setup_teardown' retrieved from /home/airflow/.local/lib/python3.12/site-packages/airflow/example_dags/example_setup_teardown.py
[2024-09-12T00:36:46.009+0000] {logging_mixin.py:188} INFO - [2024-09-12T00:36:46.009+0000] {dag.py:3089} INFO - Sync 1 DAGs
[2024-09-12T00:36:46.031+0000] {logging_mixin.py:188} INFO - [2024-09-12T00:36:46.031+0000] {dag.py:3947} INFO - Setting next_dagrun for example_setup_teardown to 2024-09-11 00:00:00+00:00, run_after=2024-09-12 00:00:00+00:00
[2024-09-12T00:36:46.050+0000] {processor.py:183} INFO - Processing /home/airflow/.local/lib/python3.12/site-packages/airflow/example_dags/example_setup_teardown.py took 0.077 seconds
[2024-09-12T00:37:16.163+0000] {processor.py:161} INFO - Started process (PID=2063) to work on /home/airflow/.local/lib/python3.12/site-packages/airflow/example_dags/example_setup_teardown.py
[2024-09-12T00:37:16.164+0000] {processor.py:830} INFO - Processing file /home/airflow/.local/lib/python3.12/site-packages/airflow/example_dags/example_setup_teardown.py for tasks to queue
[2024-09-12T00:37:16.166+0000] {logging_mixin.py:188} INFO - [2024-09-12T00:37:16.166+0000] {dagbag.py:545} INFO - Filling up the DagBag from /home/airflow/.local/lib/python3.12/site-packages/airflow/example_dags/example_setup_teardown.py
[2024-09-12T00:37:16.172+0000] {processor.py:840} INFO - DAG(s) 'example_setup_teardown' retrieved from /home/airflow/.local/lib/python3.12/site-packages/airflow/example_dags/example_setup_teardown.py
[2024-09-12T00:37:16.192+0000] {logging_mixin.py:188} INFO - [2024-09-12T00:37:16.192+0000] {dag.py:3089} INFO - Sync 1 DAGs
[2024-09-12T00:37:16.217+0000] {logging_mixin.py:188} INFO - [2024-09-12T00:37:16.217+0000] {dag.py:3947} INFO - Setting next_dagrun for example_setup_teardown to 2024-09-11 00:00:00+00:00, run_after=2024-09-12 00:00:00+00:00
[2024-09-12T00:37:16.238+0000] {processor.py:183} INFO - Processing /home/airflow/.local/lib/python3.12/site-packages/airflow/example_dags/example_setup_teardown.py took 0.081 seconds
[2024-09-12T00:37:47.165+0000] {processor.py:161} INFO - Started process (PID=2123) to work on /home/airflow/.local/lib/python3.12/site-packages/airflow/example_dags/example_setup_teardown.py
[2024-09-12T00:37:47.166+0000] {processor.py:830} INFO - Processing file /home/airflow/.local/lib/python3.12/site-packages/airflow/example_dags/example_setup_teardown.py for tasks to queue
[2024-09-12T00:37:47.168+0000] {logging_mixin.py:188} INFO - [2024-09-12T00:37:47.167+0000] {dagbag.py:545} INFO - Filling up the DagBag from /home/airflow/.local/lib/python3.12/site-packages/airflow/example_dags/example_setup_teardown.py
[2024-09-12T00:37:47.175+0000] {processor.py:840} INFO - DAG(s) 'example_setup_teardown' retrieved from /home/airflow/.local/lib/python3.12/site-packages/airflow/example_dags/example_setup_teardown.py
[2024-09-12T00:37:47.195+0000] {logging_mixin.py:188} INFO - [2024-09-12T00:37:47.195+0000] {dag.py:3089} INFO - Sync 1 DAGs
[2024-09-12T00:37:47.218+0000] {logging_mixin.py:188} INFO - [2024-09-12T00:37:47.218+0000] {dag.py:3947} INFO - Setting next_dagrun for example_setup_teardown to 2024-09-11 00:00:00+00:00, run_after=2024-09-12 00:00:00+00:00
[2024-09-12T00:37:47.239+0000] {processor.py:183} INFO - Processing /home/airflow/.local/lib/python3.12/site-packages/airflow/example_dags/example_setup_teardown.py took 0.081 seconds
