[2024-09-12T00:20:22.480+0000] {processor.py:161} INFO - Started process (PID=57) to work on /home/airflow/.local/lib/python3.12/site-packages/airflow/example_dags/example_kubernetes_executor.py
[2024-09-12T00:20:22.481+0000] {processor.py:830} INFO - Processing file /home/airflow/.local/lib/python3.12/site-packages/airflow/example_dags/example_kubernetes_executor.py for tasks to queue
[2024-09-12T00:20:22.483+0000] {logging_mixin.py:188} INFO - [2024-09-12T00:20:22.482+0000] {dagbag.py:545} INFO - Filling up the DagBag from /home/airflow/.local/lib/python3.12/site-packages/airflow/example_dags/example_kubernetes_executor.py
[2024-09-12T00:20:22.510+0000] {processor.py:840} INFO - DAG(s) 'example_kubernetes_executor' retrieved from /home/airflow/.local/lib/python3.12/site-packages/airflow/example_dags/example_kubernetes_executor.py
[2024-09-12T00:20:22.581+0000] {logging_mixin.py:188} INFO - [2024-09-12T00:20:22.581+0000] {dag.py:3089} INFO - Sync 1 DAGs
[2024-09-12T00:20:22.597+0000] {logging_mixin.py:188} INFO - [2024-09-12T00:20:22.597+0000] {dag.py:3947} INFO - Setting next_dagrun for example_kubernetes_executor to None, run_after=None
[2024-09-12T00:20:22.623+0000] {processor.py:183} INFO - Processing /home/airflow/.local/lib/python3.12/site-packages/airflow/example_dags/example_kubernetes_executor.py took 0.152 seconds
[2024-09-12T00:20:52.996+0000] {processor.py:161} INFO - Started process (PID=115) to work on /home/airflow/.local/lib/python3.12/site-packages/airflow/example_dags/example_kubernetes_executor.py
[2024-09-12T00:20:52.998+0000] {processor.py:830} INFO - Processing file /home/airflow/.local/lib/python3.12/site-packages/airflow/example_dags/example_kubernetes_executor.py for tasks to queue
[2024-09-12T00:20:53.001+0000] {logging_mixin.py:188} INFO - [2024-09-12T00:20:53.000+0000] {dagbag.py:545} INFO - Filling up the DagBag from /home/airflow/.local/lib/python3.12/site-packages/airflow/example_dags/example_kubernetes_executor.py
[2024-09-12T00:20:53.032+0000] {processor.py:840} INFO - DAG(s) 'example_kubernetes_executor' retrieved from /home/airflow/.local/lib/python3.12/site-packages/airflow/example_dags/example_kubernetes_executor.py
[2024-09-12T00:20:53.089+0000] {logging_mixin.py:188} INFO - [2024-09-12T00:20:53.089+0000] {dag.py:3089} INFO - Sync 1 DAGs
[2024-09-12T00:20:53.107+0000] {logging_mixin.py:188} INFO - [2024-09-12T00:20:53.107+0000] {dag.py:3947} INFO - Setting next_dagrun for example_kubernetes_executor to None, run_after=None
[2024-09-12T00:20:53.135+0000] {processor.py:183} INFO - Processing /home/airflow/.local/lib/python3.12/site-packages/airflow/example_dags/example_kubernetes_executor.py took 0.150 seconds
[2024-09-12T00:21:23.236+0000] {processor.py:161} INFO - Started process (PID=175) to work on /home/airflow/.local/lib/python3.12/site-packages/airflow/example_dags/example_kubernetes_executor.py
[2024-09-12T00:21:23.238+0000] {processor.py:830} INFO - Processing file /home/airflow/.local/lib/python3.12/site-packages/airflow/example_dags/example_kubernetes_executor.py for tasks to queue
[2024-09-12T00:21:23.240+0000] {logging_mixin.py:188} INFO - [2024-09-12T00:21:23.240+0000] {dagbag.py:545} INFO - Filling up the DagBag from /home/airflow/.local/lib/python3.12/site-packages/airflow/example_dags/example_kubernetes_executor.py
[2024-09-12T00:21:23.256+0000] {processor.py:840} INFO - DAG(s) 'example_kubernetes_executor' retrieved from /home/airflow/.local/lib/python3.12/site-packages/airflow/example_dags/example_kubernetes_executor.py
[2024-09-12T00:21:23.295+0000] {logging_mixin.py:188} INFO - [2024-09-12T00:21:23.295+0000] {dag.py:3089} INFO - Sync 1 DAGs
[2024-09-12T00:21:23.309+0000] {logging_mixin.py:188} INFO - [2024-09-12T00:21:23.309+0000] {dag.py:3947} INFO - Setting next_dagrun for example_kubernetes_executor to None, run_after=None
[2024-09-12T00:21:23.330+0000] {processor.py:183} INFO - Processing /home/airflow/.local/lib/python3.12/site-packages/airflow/example_dags/example_kubernetes_executor.py took 0.108 seconds
[2024-09-12T00:21:53.435+0000] {processor.py:161} INFO - Started process (PID=235) to work on /home/airflow/.local/lib/python3.12/site-packages/airflow/example_dags/example_kubernetes_executor.py
[2024-09-12T00:21:53.437+0000] {processor.py:830} INFO - Processing file /home/airflow/.local/lib/python3.12/site-packages/airflow/example_dags/example_kubernetes_executor.py for tasks to queue
[2024-09-12T00:21:53.439+0000] {logging_mixin.py:188} INFO - [2024-09-12T00:21:53.438+0000] {dagbag.py:545} INFO - Filling up the DagBag from /home/airflow/.local/lib/python3.12/site-packages/airflow/example_dags/example_kubernetes_executor.py
[2024-09-12T00:21:53.451+0000] {processor.py:840} INFO - DAG(s) 'example_kubernetes_executor' retrieved from /home/airflow/.local/lib/python3.12/site-packages/airflow/example_dags/example_kubernetes_executor.py
[2024-09-12T00:21:53.487+0000] {logging_mixin.py:188} INFO - [2024-09-12T00:21:53.487+0000] {dag.py:3089} INFO - Sync 1 DAGs
[2024-09-12T00:21:53.501+0000] {logging_mixin.py:188} INFO - [2024-09-12T00:21:53.500+0000] {dag.py:3947} INFO - Setting next_dagrun for example_kubernetes_executor to None, run_after=None
[2024-09-12T00:21:53.521+0000] {processor.py:183} INFO - Processing /home/airflow/.local/lib/python3.12/site-packages/airflow/example_dags/example_kubernetes_executor.py took 0.092 seconds
[2024-09-12T00:22:23.962+0000] {processor.py:161} INFO - Started process (PID=295) to work on /home/airflow/.local/lib/python3.12/site-packages/airflow/example_dags/example_kubernetes_executor.py
[2024-09-12T00:22:23.963+0000] {processor.py:830} INFO - Processing file /home/airflow/.local/lib/python3.12/site-packages/airflow/example_dags/example_kubernetes_executor.py for tasks to queue
[2024-09-12T00:22:23.965+0000] {logging_mixin.py:188} INFO - [2024-09-12T00:22:23.965+0000] {dagbag.py:545} INFO - Filling up the DagBag from /home/airflow/.local/lib/python3.12/site-packages/airflow/example_dags/example_kubernetes_executor.py
[2024-09-12T00:22:23.980+0000] {processor.py:840} INFO - DAG(s) 'example_kubernetes_executor' retrieved from /home/airflow/.local/lib/python3.12/site-packages/airflow/example_dags/example_kubernetes_executor.py
[2024-09-12T00:22:24.032+0000] {logging_mixin.py:188} INFO - [2024-09-12T00:22:24.032+0000] {dag.py:3089} INFO - Sync 1 DAGs
[2024-09-12T00:22:24.048+0000] {logging_mixin.py:188} INFO - [2024-09-12T00:22:24.048+0000] {dag.py:3947} INFO - Setting next_dagrun for example_kubernetes_executor to None, run_after=None
[2024-09-12T00:22:24.071+0000] {processor.py:183} INFO - Processing /home/airflow/.local/lib/python3.12/site-packages/airflow/example_dags/example_kubernetes_executor.py took 0.115 seconds
[2024-09-12T00:22:54.809+0000] {processor.py:161} INFO - Started process (PID=361) to work on /home/airflow/.local/lib/python3.12/site-packages/airflow/example_dags/example_kubernetes_executor.py
[2024-09-12T00:22:54.810+0000] {processor.py:830} INFO - Processing file /home/airflow/.local/lib/python3.12/site-packages/airflow/example_dags/example_kubernetes_executor.py for tasks to queue
[2024-09-12T00:22:54.811+0000] {logging_mixin.py:188} INFO - [2024-09-12T00:22:54.811+0000] {dagbag.py:545} INFO - Filling up the DagBag from /home/airflow/.local/lib/python3.12/site-packages/airflow/example_dags/example_kubernetes_executor.py
[2024-09-12T00:22:54.826+0000] {processor.py:840} INFO - DAG(s) 'example_kubernetes_executor' retrieved from /home/airflow/.local/lib/python3.12/site-packages/airflow/example_dags/example_kubernetes_executor.py
[2024-09-12T00:22:54.862+0000] {logging_mixin.py:188} INFO - [2024-09-12T00:22:54.861+0000] {dag.py:3089} INFO - Sync 1 DAGs
[2024-09-12T00:22:54.875+0000] {logging_mixin.py:188} INFO - [2024-09-12T00:22:54.875+0000] {dag.py:3947} INFO - Setting next_dagrun for example_kubernetes_executor to None, run_after=None
[2024-09-12T00:22:54.895+0000] {processor.py:183} INFO - Processing /home/airflow/.local/lib/python3.12/site-packages/airflow/example_dags/example_kubernetes_executor.py took 0.092 seconds
[2024-09-12T00:23:24.942+0000] {processor.py:161} INFO - Started process (PID=421) to work on /home/airflow/.local/lib/python3.12/site-packages/airflow/example_dags/example_kubernetes_executor.py
[2024-09-12T00:23:24.943+0000] {processor.py:830} INFO - Processing file /home/airflow/.local/lib/python3.12/site-packages/airflow/example_dags/example_kubernetes_executor.py for tasks to queue
[2024-09-12T00:23:24.945+0000] {logging_mixin.py:188} INFO - [2024-09-12T00:23:24.944+0000] {dagbag.py:545} INFO - Filling up the DagBag from /home/airflow/.local/lib/python3.12/site-packages/airflow/example_dags/example_kubernetes_executor.py
[2024-09-12T00:23:24.956+0000] {processor.py:840} INFO - DAG(s) 'example_kubernetes_executor' retrieved from /home/airflow/.local/lib/python3.12/site-packages/airflow/example_dags/example_kubernetes_executor.py
[2024-09-12T00:23:24.991+0000] {logging_mixin.py:188} INFO - [2024-09-12T00:23:24.991+0000] {dag.py:3089} INFO - Sync 1 DAGs
[2024-09-12T00:23:25.005+0000] {logging_mixin.py:188} INFO - [2024-09-12T00:23:25.005+0000] {dag.py:3947} INFO - Setting next_dagrun for example_kubernetes_executor to None, run_after=None
[2024-09-12T00:23:25.024+0000] {processor.py:183} INFO - Processing /home/airflow/.local/lib/python3.12/site-packages/airflow/example_dags/example_kubernetes_executor.py took 0.088 seconds
[2024-09-12T00:23:55.494+0000] {processor.py:161} INFO - Started process (PID=481) to work on /home/airflow/.local/lib/python3.12/site-packages/airflow/example_dags/example_kubernetes_executor.py
[2024-09-12T00:23:55.495+0000] {processor.py:830} INFO - Processing file /home/airflow/.local/lib/python3.12/site-packages/airflow/example_dags/example_kubernetes_executor.py for tasks to queue
[2024-09-12T00:23:55.497+0000] {logging_mixin.py:188} INFO - [2024-09-12T00:23:55.497+0000] {dagbag.py:545} INFO - Filling up the DagBag from /home/airflow/.local/lib/python3.12/site-packages/airflow/example_dags/example_kubernetes_executor.py
[2024-09-12T00:23:55.510+0000] {processor.py:840} INFO - DAG(s) 'example_kubernetes_executor' retrieved from /home/airflow/.local/lib/python3.12/site-packages/airflow/example_dags/example_kubernetes_executor.py
[2024-09-12T00:23:55.545+0000] {logging_mixin.py:188} INFO - [2024-09-12T00:23:55.545+0000] {dag.py:3089} INFO - Sync 1 DAGs
[2024-09-12T00:23:55.560+0000] {logging_mixin.py:188} INFO - [2024-09-12T00:23:55.560+0000] {dag.py:3947} INFO - Setting next_dagrun for example_kubernetes_executor to None, run_after=None
[2024-09-12T00:23:55.581+0000] {processor.py:183} INFO - Processing /home/airflow/.local/lib/python3.12/site-packages/airflow/example_dags/example_kubernetes_executor.py took 0.093 seconds
[2024-09-12T00:24:25.724+0000] {processor.py:161} INFO - Started process (PID=541) to work on /home/airflow/.local/lib/python3.12/site-packages/airflow/example_dags/example_kubernetes_executor.py
[2024-09-12T00:24:25.725+0000] {processor.py:830} INFO - Processing file /home/airflow/.local/lib/python3.12/site-packages/airflow/example_dags/example_kubernetes_executor.py for tasks to queue
[2024-09-12T00:24:25.727+0000] {logging_mixin.py:188} INFO - [2024-09-12T00:24:25.727+0000] {dagbag.py:545} INFO - Filling up the DagBag from /home/airflow/.local/lib/python3.12/site-packages/airflow/example_dags/example_kubernetes_executor.py
[2024-09-12T00:24:25.739+0000] {processor.py:840} INFO - DAG(s) 'example_kubernetes_executor' retrieved from /home/airflow/.local/lib/python3.12/site-packages/airflow/example_dags/example_kubernetes_executor.py
[2024-09-12T00:24:25.774+0000] {logging_mixin.py:188} INFO - [2024-09-12T00:24:25.774+0000] {dag.py:3089} INFO - Sync 1 DAGs
[2024-09-12T00:24:25.788+0000] {logging_mixin.py:188} INFO - [2024-09-12T00:24:25.787+0000] {dag.py:3947} INFO - Setting next_dagrun for example_kubernetes_executor to None, run_after=None
[2024-09-12T00:24:25.810+0000] {processor.py:183} INFO - Processing /home/airflow/.local/lib/python3.12/site-packages/airflow/example_dags/example_kubernetes_executor.py took 0.091 seconds
[2024-09-12T00:24:55.839+0000] {processor.py:161} INFO - Started process (PID=601) to work on /home/airflow/.local/lib/python3.12/site-packages/airflow/example_dags/example_kubernetes_executor.py
[2024-09-12T00:24:55.840+0000] {processor.py:830} INFO - Processing file /home/airflow/.local/lib/python3.12/site-packages/airflow/example_dags/example_kubernetes_executor.py for tasks to queue
[2024-09-12T00:24:55.842+0000] {logging_mixin.py:188} INFO - [2024-09-12T00:24:55.842+0000] {dagbag.py:545} INFO - Filling up the DagBag from /home/airflow/.local/lib/python3.12/site-packages/airflow/example_dags/example_kubernetes_executor.py
[2024-09-12T00:24:55.854+0000] {processor.py:840} INFO - DAG(s) 'example_kubernetes_executor' retrieved from /home/airflow/.local/lib/python3.12/site-packages/airflow/example_dags/example_kubernetes_executor.py
[2024-09-12T00:24:55.888+0000] {logging_mixin.py:188} INFO - [2024-09-12T00:24:55.888+0000] {dag.py:3089} INFO - Sync 1 DAGs
[2024-09-12T00:24:55.903+0000] {logging_mixin.py:188} INFO - [2024-09-12T00:24:55.902+0000] {dag.py:3947} INFO - Setting next_dagrun for example_kubernetes_executor to None, run_after=None
[2024-09-12T00:24:55.922+0000] {processor.py:183} INFO - Processing /home/airflow/.local/lib/python3.12/site-packages/airflow/example_dags/example_kubernetes_executor.py took 0.088 seconds
[2024-09-12T00:25:26.376+0000] {processor.py:161} INFO - Started process (PID=661) to work on /home/airflow/.local/lib/python3.12/site-packages/airflow/example_dags/example_kubernetes_executor.py
[2024-09-12T00:25:26.377+0000] {processor.py:830} INFO - Processing file /home/airflow/.local/lib/python3.12/site-packages/airflow/example_dags/example_kubernetes_executor.py for tasks to queue
[2024-09-12T00:25:26.379+0000] {logging_mixin.py:188} INFO - [2024-09-12T00:25:26.379+0000] {dagbag.py:545} INFO - Filling up the DagBag from /home/airflow/.local/lib/python3.12/site-packages/airflow/example_dags/example_kubernetes_executor.py
[2024-09-12T00:25:26.391+0000] {processor.py:840} INFO - DAG(s) 'example_kubernetes_executor' retrieved from /home/airflow/.local/lib/python3.12/site-packages/airflow/example_dags/example_kubernetes_executor.py
[2024-09-12T00:25:26.426+0000] {logging_mixin.py:188} INFO - [2024-09-12T00:25:26.426+0000] {dag.py:3089} INFO - Sync 1 DAGs
[2024-09-12T00:25:26.441+0000] {logging_mixin.py:188} INFO - [2024-09-12T00:25:26.440+0000] {dag.py:3947} INFO - Setting next_dagrun for example_kubernetes_executor to None, run_after=None
[2024-09-12T00:25:26.459+0000] {processor.py:183} INFO - Processing /home/airflow/.local/lib/python3.12/site-packages/airflow/example_dags/example_kubernetes_executor.py took 0.089 seconds
[2024-09-12T00:25:56.498+0000] {processor.py:161} INFO - Started process (PID=721) to work on /home/airflow/.local/lib/python3.12/site-packages/airflow/example_dags/example_kubernetes_executor.py
[2024-09-12T00:25:56.499+0000] {processor.py:830} INFO - Processing file /home/airflow/.local/lib/python3.12/site-packages/airflow/example_dags/example_kubernetes_executor.py for tasks to queue
[2024-09-12T00:25:56.500+0000] {logging_mixin.py:188} INFO - [2024-09-12T00:25:56.500+0000] {dagbag.py:545} INFO - Filling up the DagBag from /home/airflow/.local/lib/python3.12/site-packages/airflow/example_dags/example_kubernetes_executor.py
[2024-09-12T00:25:56.513+0000] {processor.py:840} INFO - DAG(s) 'example_kubernetes_executor' retrieved from /home/airflow/.local/lib/python3.12/site-packages/airflow/example_dags/example_kubernetes_executor.py
[2024-09-12T00:25:56.557+0000] {logging_mixin.py:188} INFO - [2024-09-12T00:25:56.557+0000] {dag.py:3089} INFO - Sync 1 DAGs
[2024-09-12T00:25:56.575+0000] {logging_mixin.py:188} INFO - [2024-09-12T00:25:56.575+0000] {dag.py:3947} INFO - Setting next_dagrun for example_kubernetes_executor to None, run_after=None
[2024-09-12T00:25:56.595+0000] {processor.py:183} INFO - Processing /home/airflow/.local/lib/python3.12/site-packages/airflow/example_dags/example_kubernetes_executor.py took 0.103 seconds
[2024-09-12T00:26:26.757+0000] {processor.py:161} INFO - Started process (PID=781) to work on /home/airflow/.local/lib/python3.12/site-packages/airflow/example_dags/example_kubernetes_executor.py
[2024-09-12T00:26:26.758+0000] {processor.py:830} INFO - Processing file /home/airflow/.local/lib/python3.12/site-packages/airflow/example_dags/example_kubernetes_executor.py for tasks to queue
[2024-09-12T00:26:26.760+0000] {logging_mixin.py:188} INFO - [2024-09-12T00:26:26.760+0000] {dagbag.py:545} INFO - Filling up the DagBag from /home/airflow/.local/lib/python3.12/site-packages/airflow/example_dags/example_kubernetes_executor.py
[2024-09-12T00:26:26.773+0000] {processor.py:840} INFO - DAG(s) 'example_kubernetes_executor' retrieved from /home/airflow/.local/lib/python3.12/site-packages/airflow/example_dags/example_kubernetes_executor.py
[2024-09-12T00:26:26.809+0000] {logging_mixin.py:188} INFO - [2024-09-12T00:26:26.809+0000] {dag.py:3089} INFO - Sync 1 DAGs
[2024-09-12T00:26:26.822+0000] {logging_mixin.py:188} INFO - [2024-09-12T00:26:26.822+0000] {dag.py:3947} INFO - Setting next_dagrun for example_kubernetes_executor to None, run_after=None
[2024-09-12T00:26:26.841+0000] {processor.py:183} INFO - Processing /home/airflow/.local/lib/python3.12/site-packages/airflow/example_dags/example_kubernetes_executor.py took 0.091 seconds
[2024-09-12T00:26:57.353+0000] {processor.py:161} INFO - Started process (PID=841) to work on /home/airflow/.local/lib/python3.12/site-packages/airflow/example_dags/example_kubernetes_executor.py
[2024-09-12T00:26:57.354+0000] {processor.py:830} INFO - Processing file /home/airflow/.local/lib/python3.12/site-packages/airflow/example_dags/example_kubernetes_executor.py for tasks to queue
[2024-09-12T00:26:57.356+0000] {logging_mixin.py:188} INFO - [2024-09-12T00:26:57.355+0000] {dagbag.py:545} INFO - Filling up the DagBag from /home/airflow/.local/lib/python3.12/site-packages/airflow/example_dags/example_kubernetes_executor.py
[2024-09-12T00:26:57.368+0000] {processor.py:840} INFO - DAG(s) 'example_kubernetes_executor' retrieved from /home/airflow/.local/lib/python3.12/site-packages/airflow/example_dags/example_kubernetes_executor.py
[2024-09-12T00:26:57.404+0000] {logging_mixin.py:188} INFO - [2024-09-12T00:26:57.403+0000] {dag.py:3089} INFO - Sync 1 DAGs
[2024-09-12T00:26:57.417+0000] {logging_mixin.py:188} INFO - [2024-09-12T00:26:57.416+0000] {dag.py:3947} INFO - Setting next_dagrun for example_kubernetes_executor to None, run_after=None
[2024-09-12T00:26:57.436+0000] {processor.py:183} INFO - Processing /home/airflow/.local/lib/python3.12/site-packages/airflow/example_dags/example_kubernetes_executor.py took 0.089 seconds
[2024-09-12T00:27:27.876+0000] {processor.py:161} INFO - Started process (PID=901) to work on /home/airflow/.local/lib/python3.12/site-packages/airflow/example_dags/example_kubernetes_executor.py
[2024-09-12T00:27:27.877+0000] {processor.py:830} INFO - Processing file /home/airflow/.local/lib/python3.12/site-packages/airflow/example_dags/example_kubernetes_executor.py for tasks to queue
[2024-09-12T00:27:27.879+0000] {logging_mixin.py:188} INFO - [2024-09-12T00:27:27.878+0000] {dagbag.py:545} INFO - Filling up the DagBag from /home/airflow/.local/lib/python3.12/site-packages/airflow/example_dags/example_kubernetes_executor.py
[2024-09-12T00:27:27.892+0000] {processor.py:840} INFO - DAG(s) 'example_kubernetes_executor' retrieved from /home/airflow/.local/lib/python3.12/site-packages/airflow/example_dags/example_kubernetes_executor.py
[2024-09-12T00:27:27.933+0000] {logging_mixin.py:188} INFO - [2024-09-12T00:27:27.933+0000] {dag.py:3089} INFO - Sync 1 DAGs
[2024-09-12T00:27:27.949+0000] {logging_mixin.py:188} INFO - [2024-09-12T00:27:27.949+0000] {dag.py:3947} INFO - Setting next_dagrun for example_kubernetes_executor to None, run_after=None
[2024-09-12T00:27:27.970+0000] {processor.py:183} INFO - Processing /home/airflow/.local/lib/python3.12/site-packages/airflow/example_dags/example_kubernetes_executor.py took 0.100 seconds
[2024-09-12T00:27:58.119+0000] {processor.py:161} INFO - Started process (PID=961) to work on /home/airflow/.local/lib/python3.12/site-packages/airflow/example_dags/example_kubernetes_executor.py
[2024-09-12T00:27:58.120+0000] {processor.py:830} INFO - Processing file /home/airflow/.local/lib/python3.12/site-packages/airflow/example_dags/example_kubernetes_executor.py for tasks to queue
[2024-09-12T00:27:58.122+0000] {logging_mixin.py:188} INFO - [2024-09-12T00:27:58.122+0000] {dagbag.py:545} INFO - Filling up the DagBag from /home/airflow/.local/lib/python3.12/site-packages/airflow/example_dags/example_kubernetes_executor.py
[2024-09-12T00:27:58.134+0000] {processor.py:840} INFO - DAG(s) 'example_kubernetes_executor' retrieved from /home/airflow/.local/lib/python3.12/site-packages/airflow/example_dags/example_kubernetes_executor.py
[2024-09-12T00:27:58.170+0000] {logging_mixin.py:188} INFO - [2024-09-12T00:27:58.170+0000] {dag.py:3089} INFO - Sync 1 DAGs
[2024-09-12T00:27:58.184+0000] {logging_mixin.py:188} INFO - [2024-09-12T00:27:58.184+0000] {dag.py:3947} INFO - Setting next_dagrun for example_kubernetes_executor to None, run_after=None
[2024-09-12T00:27:58.204+0000] {processor.py:183} INFO - Processing /home/airflow/.local/lib/python3.12/site-packages/airflow/example_dags/example_kubernetes_executor.py took 0.091 seconds
[2024-09-12T00:28:28.390+0000] {processor.py:161} INFO - Started process (PID=1021) to work on /home/airflow/.local/lib/python3.12/site-packages/airflow/example_dags/example_kubernetes_executor.py
[2024-09-12T00:28:28.391+0000] {processor.py:830} INFO - Processing file /home/airflow/.local/lib/python3.12/site-packages/airflow/example_dags/example_kubernetes_executor.py for tasks to queue
[2024-09-12T00:28:28.393+0000] {logging_mixin.py:188} INFO - [2024-09-12T00:28:28.392+0000] {dagbag.py:545} INFO - Filling up the DagBag from /home/airflow/.local/lib/python3.12/site-packages/airflow/example_dags/example_kubernetes_executor.py
[2024-09-12T00:28:28.405+0000] {processor.py:840} INFO - DAG(s) 'example_kubernetes_executor' retrieved from /home/airflow/.local/lib/python3.12/site-packages/airflow/example_dags/example_kubernetes_executor.py
[2024-09-12T00:28:28.440+0000] {logging_mixin.py:188} INFO - [2024-09-12T00:28:28.440+0000] {dag.py:3089} INFO - Sync 1 DAGs
[2024-09-12T00:28:28.453+0000] {logging_mixin.py:188} INFO - [2024-09-12T00:28:28.453+0000] {dag.py:3947} INFO - Setting next_dagrun for example_kubernetes_executor to None, run_after=None
[2024-09-12T00:28:28.473+0000] {processor.py:183} INFO - Processing /home/airflow/.local/lib/python3.12/site-packages/airflow/example_dags/example_kubernetes_executor.py took 0.089 seconds
[2024-09-12T00:28:58.795+0000] {processor.py:161} INFO - Started process (PID=1081) to work on /home/airflow/.local/lib/python3.12/site-packages/airflow/example_dags/example_kubernetes_executor.py
[2024-09-12T00:28:58.796+0000] {processor.py:830} INFO - Processing file /home/airflow/.local/lib/python3.12/site-packages/airflow/example_dags/example_kubernetes_executor.py for tasks to queue
[2024-09-12T00:28:58.798+0000] {logging_mixin.py:188} INFO - [2024-09-12T00:28:58.797+0000] {dagbag.py:545} INFO - Filling up the DagBag from /home/airflow/.local/lib/python3.12/site-packages/airflow/example_dags/example_kubernetes_executor.py
[2024-09-12T00:28:58.809+0000] {processor.py:840} INFO - DAG(s) 'example_kubernetes_executor' retrieved from /home/airflow/.local/lib/python3.12/site-packages/airflow/example_dags/example_kubernetes_executor.py
[2024-09-12T00:28:58.844+0000] {logging_mixin.py:188} INFO - [2024-09-12T00:28:58.843+0000] {dag.py:3089} INFO - Sync 1 DAGs
[2024-09-12T00:28:58.858+0000] {logging_mixin.py:188} INFO - [2024-09-12T00:28:58.858+0000] {dag.py:3947} INFO - Setting next_dagrun for example_kubernetes_executor to None, run_after=None
[2024-09-12T00:28:58.876+0000] {processor.py:183} INFO - Processing /home/airflow/.local/lib/python3.12/site-packages/airflow/example_dags/example_kubernetes_executor.py took 0.087 seconds
[2024-09-12T00:29:29.221+0000] {processor.py:161} INFO - Started process (PID=1141) to work on /home/airflow/.local/lib/python3.12/site-packages/airflow/example_dags/example_kubernetes_executor.py
[2024-09-12T00:29:29.222+0000] {processor.py:830} INFO - Processing file /home/airflow/.local/lib/python3.12/site-packages/airflow/example_dags/example_kubernetes_executor.py for tasks to queue
[2024-09-12T00:29:29.224+0000] {logging_mixin.py:188} INFO - [2024-09-12T00:29:29.223+0000] {dagbag.py:545} INFO - Filling up the DagBag from /home/airflow/.local/lib/python3.12/site-packages/airflow/example_dags/example_kubernetes_executor.py
[2024-09-12T00:29:29.236+0000] {processor.py:840} INFO - DAG(s) 'example_kubernetes_executor' retrieved from /home/airflow/.local/lib/python3.12/site-packages/airflow/example_dags/example_kubernetes_executor.py
[2024-09-12T00:29:29.270+0000] {logging_mixin.py:188} INFO - [2024-09-12T00:29:29.269+0000] {dag.py:3089} INFO - Sync 1 DAGs
[2024-09-12T00:29:29.283+0000] {logging_mixin.py:188} INFO - [2024-09-12T00:29:29.283+0000] {dag.py:3947} INFO - Setting next_dagrun for example_kubernetes_executor to None, run_after=None
[2024-09-12T00:29:29.302+0000] {processor.py:183} INFO - Processing /home/airflow/.local/lib/python3.12/site-packages/airflow/example_dags/example_kubernetes_executor.py took 0.087 seconds
[2024-09-12T00:29:59.749+0000] {processor.py:161} INFO - Started process (PID=1201) to work on /home/airflow/.local/lib/python3.12/site-packages/airflow/example_dags/example_kubernetes_executor.py
[2024-09-12T00:29:59.750+0000] {processor.py:830} INFO - Processing file /home/airflow/.local/lib/python3.12/site-packages/airflow/example_dags/example_kubernetes_executor.py for tasks to queue
[2024-09-12T00:29:59.752+0000] {logging_mixin.py:188} INFO - [2024-09-12T00:29:59.752+0000] {dagbag.py:545} INFO - Filling up the DagBag from /home/airflow/.local/lib/python3.12/site-packages/airflow/example_dags/example_kubernetes_executor.py
[2024-09-12T00:29:59.764+0000] {processor.py:840} INFO - DAG(s) 'example_kubernetes_executor' retrieved from /home/airflow/.local/lib/python3.12/site-packages/airflow/example_dags/example_kubernetes_executor.py
[2024-09-12T00:29:59.799+0000] {logging_mixin.py:188} INFO - [2024-09-12T00:29:59.799+0000] {dag.py:3089} INFO - Sync 1 DAGs
[2024-09-12T00:29:59.813+0000] {logging_mixin.py:188} INFO - [2024-09-12T00:29:59.812+0000] {dag.py:3947} INFO - Setting next_dagrun for example_kubernetes_executor to None, run_after=None
[2024-09-12T00:29:59.832+0000] {processor.py:183} INFO - Processing /home/airflow/.local/lib/python3.12/site-packages/airflow/example_dags/example_kubernetes_executor.py took 0.088 seconds
[2024-09-12T00:30:30.027+0000] {processor.py:161} INFO - Started process (PID=1261) to work on /home/airflow/.local/lib/python3.12/site-packages/airflow/example_dags/example_kubernetes_executor.py
[2024-09-12T00:30:30.028+0000] {processor.py:830} INFO - Processing file /home/airflow/.local/lib/python3.12/site-packages/airflow/example_dags/example_kubernetes_executor.py for tasks to queue
[2024-09-12T00:30:30.030+0000] {logging_mixin.py:188} INFO - [2024-09-12T00:30:30.029+0000] {dagbag.py:545} INFO - Filling up the DagBag from /home/airflow/.local/lib/python3.12/site-packages/airflow/example_dags/example_kubernetes_executor.py
[2024-09-12T00:30:30.042+0000] {processor.py:840} INFO - DAG(s) 'example_kubernetes_executor' retrieved from /home/airflow/.local/lib/python3.12/site-packages/airflow/example_dags/example_kubernetes_executor.py
[2024-09-12T00:30:30.078+0000] {logging_mixin.py:188} INFO - [2024-09-12T00:30:30.078+0000] {dag.py:3089} INFO - Sync 1 DAGs
[2024-09-12T00:30:30.097+0000] {logging_mixin.py:188} INFO - [2024-09-12T00:30:30.096+0000] {dag.py:3947} INFO - Setting next_dagrun for example_kubernetes_executor to None, run_after=None
[2024-09-12T00:30:30.125+0000] {processor.py:183} INFO - Processing /home/airflow/.local/lib/python3.12/site-packages/airflow/example_dags/example_kubernetes_executor.py took 0.104 seconds
[2024-09-12T00:31:00.322+0000] {processor.py:161} INFO - Started process (PID=1321) to work on /home/airflow/.local/lib/python3.12/site-packages/airflow/example_dags/example_kubernetes_executor.py
[2024-09-12T00:31:00.323+0000] {processor.py:830} INFO - Processing file /home/airflow/.local/lib/python3.12/site-packages/airflow/example_dags/example_kubernetes_executor.py for tasks to queue
[2024-09-12T00:31:00.325+0000] {logging_mixin.py:188} INFO - [2024-09-12T00:31:00.325+0000] {dagbag.py:545} INFO - Filling up the DagBag from /home/airflow/.local/lib/python3.12/site-packages/airflow/example_dags/example_kubernetes_executor.py
[2024-09-12T00:31:00.336+0000] {processor.py:840} INFO - DAG(s) 'example_kubernetes_executor' retrieved from /home/airflow/.local/lib/python3.12/site-packages/airflow/example_dags/example_kubernetes_executor.py
[2024-09-12T00:31:00.370+0000] {logging_mixin.py:188} INFO - [2024-09-12T00:31:00.369+0000] {dag.py:3089} INFO - Sync 1 DAGs
[2024-09-12T00:31:00.382+0000] {logging_mixin.py:188} INFO - [2024-09-12T00:31:00.382+0000] {dag.py:3947} INFO - Setting next_dagrun for example_kubernetes_executor to None, run_after=None
[2024-09-12T00:31:00.403+0000] {processor.py:183} INFO - Processing /home/airflow/.local/lib/python3.12/site-packages/airflow/example_dags/example_kubernetes_executor.py took 0.086 seconds
[2024-09-12T00:31:30.812+0000] {processor.py:161} INFO - Started process (PID=1381) to work on /home/airflow/.local/lib/python3.12/site-packages/airflow/example_dags/example_kubernetes_executor.py
[2024-09-12T00:31:30.812+0000] {processor.py:830} INFO - Processing file /home/airflow/.local/lib/python3.12/site-packages/airflow/example_dags/example_kubernetes_executor.py for tasks to queue
[2024-09-12T00:31:30.814+0000] {logging_mixin.py:188} INFO - [2024-09-12T00:31:30.814+0000] {dagbag.py:545} INFO - Filling up the DagBag from /home/airflow/.local/lib/python3.12/site-packages/airflow/example_dags/example_kubernetes_executor.py
[2024-09-12T00:31:30.827+0000] {processor.py:840} INFO - DAG(s) 'example_kubernetes_executor' retrieved from /home/airflow/.local/lib/python3.12/site-packages/airflow/example_dags/example_kubernetes_executor.py
[2024-09-12T00:31:30.865+0000] {logging_mixin.py:188} INFO - [2024-09-12T00:31:30.865+0000] {dag.py:3089} INFO - Sync 1 DAGs
[2024-09-12T00:31:30.879+0000] {logging_mixin.py:188} INFO - [2024-09-12T00:31:30.879+0000] {dag.py:3947} INFO - Setting next_dagrun for example_kubernetes_executor to None, run_after=None
[2024-09-12T00:31:30.898+0000] {processor.py:183} INFO - Processing /home/airflow/.local/lib/python3.12/site-packages/airflow/example_dags/example_kubernetes_executor.py took 0.092 seconds
[2024-09-12T00:32:01.710+0000] {processor.py:161} INFO - Started process (PID=1441) to work on /home/airflow/.local/lib/python3.12/site-packages/airflow/example_dags/example_kubernetes_executor.py
[2024-09-12T00:32:01.711+0000] {processor.py:830} INFO - Processing file /home/airflow/.local/lib/python3.12/site-packages/airflow/example_dags/example_kubernetes_executor.py for tasks to queue
[2024-09-12T00:32:01.714+0000] {logging_mixin.py:188} INFO - [2024-09-12T00:32:01.713+0000] {dagbag.py:545} INFO - Filling up the DagBag from /home/airflow/.local/lib/python3.12/site-packages/airflow/example_dags/example_kubernetes_executor.py
[2024-09-12T00:32:01.730+0000] {processor.py:840} INFO - DAG(s) 'example_kubernetes_executor' retrieved from /home/airflow/.local/lib/python3.12/site-packages/airflow/example_dags/example_kubernetes_executor.py
[2024-09-12T00:32:01.782+0000] {logging_mixin.py:188} INFO - [2024-09-12T00:32:01.782+0000] {dag.py:3089} INFO - Sync 1 DAGs
[2024-09-12T00:32:01.799+0000] {logging_mixin.py:188} INFO - [2024-09-12T00:32:01.798+0000] {dag.py:3947} INFO - Setting next_dagrun for example_kubernetes_executor to None, run_after=None
[2024-09-12T00:32:01.845+0000] {processor.py:183} INFO - Processing /home/airflow/.local/lib/python3.12/site-packages/airflow/example_dags/example_kubernetes_executor.py took 0.142 seconds
[2024-09-12T00:32:32.035+0000] {processor.py:161} INFO - Started process (PID=1501) to work on /home/airflow/.local/lib/python3.12/site-packages/airflow/example_dags/example_kubernetes_executor.py
[2024-09-12T00:32:32.036+0000] {processor.py:830} INFO - Processing file /home/airflow/.local/lib/python3.12/site-packages/airflow/example_dags/example_kubernetes_executor.py for tasks to queue
[2024-09-12T00:32:32.038+0000] {logging_mixin.py:188} INFO - [2024-09-12T00:32:32.037+0000] {dagbag.py:545} INFO - Filling up the DagBag from /home/airflow/.local/lib/python3.12/site-packages/airflow/example_dags/example_kubernetes_executor.py
[2024-09-12T00:32:32.049+0000] {processor.py:840} INFO - DAG(s) 'example_kubernetes_executor' retrieved from /home/airflow/.local/lib/python3.12/site-packages/airflow/example_dags/example_kubernetes_executor.py
[2024-09-12T00:32:32.084+0000] {logging_mixin.py:188} INFO - [2024-09-12T00:32:32.083+0000] {dag.py:3089} INFO - Sync 1 DAGs
[2024-09-12T00:32:32.097+0000] {logging_mixin.py:188} INFO - [2024-09-12T00:32:32.097+0000] {dag.py:3947} INFO - Setting next_dagrun for example_kubernetes_executor to None, run_after=None
[2024-09-12T00:32:32.116+0000] {processor.py:183} INFO - Processing /home/airflow/.local/lib/python3.12/site-packages/airflow/example_dags/example_kubernetes_executor.py took 0.087 seconds
[2024-09-12T00:33:02.351+0000] {processor.py:161} INFO - Started process (PID=1561) to work on /home/airflow/.local/lib/python3.12/site-packages/airflow/example_dags/example_kubernetes_executor.py
[2024-09-12T00:33:02.352+0000] {processor.py:830} INFO - Processing file /home/airflow/.local/lib/python3.12/site-packages/airflow/example_dags/example_kubernetes_executor.py for tasks to queue
[2024-09-12T00:33:02.354+0000] {logging_mixin.py:188} INFO - [2024-09-12T00:33:02.354+0000] {dagbag.py:545} INFO - Filling up the DagBag from /home/airflow/.local/lib/python3.12/site-packages/airflow/example_dags/example_kubernetes_executor.py
[2024-09-12T00:33:02.366+0000] {processor.py:840} INFO - DAG(s) 'example_kubernetes_executor' retrieved from /home/airflow/.local/lib/python3.12/site-packages/airflow/example_dags/example_kubernetes_executor.py
[2024-09-12T00:33:02.402+0000] {logging_mixin.py:188} INFO - [2024-09-12T00:33:02.402+0000] {dag.py:3089} INFO - Sync 1 DAGs
[2024-09-12T00:33:02.417+0000] {logging_mixin.py:188} INFO - [2024-09-12T00:33:02.416+0000] {dag.py:3947} INFO - Setting next_dagrun for example_kubernetes_executor to None, run_after=None
[2024-09-12T00:33:02.438+0000] {processor.py:183} INFO - Processing /home/airflow/.local/lib/python3.12/site-packages/airflow/example_dags/example_kubernetes_executor.py took 0.093 seconds
[2024-09-12T00:33:32.545+0000] {processor.py:161} INFO - Started process (PID=1621) to work on /home/airflow/.local/lib/python3.12/site-packages/airflow/example_dags/example_kubernetes_executor.py
[2024-09-12T00:33:32.546+0000] {processor.py:830} INFO - Processing file /home/airflow/.local/lib/python3.12/site-packages/airflow/example_dags/example_kubernetes_executor.py for tasks to queue
[2024-09-12T00:33:32.548+0000] {logging_mixin.py:188} INFO - [2024-09-12T00:33:32.548+0000] {dagbag.py:545} INFO - Filling up the DagBag from /home/airflow/.local/lib/python3.12/site-packages/airflow/example_dags/example_kubernetes_executor.py
[2024-09-12T00:33:32.561+0000] {processor.py:840} INFO - DAG(s) 'example_kubernetes_executor' retrieved from /home/airflow/.local/lib/python3.12/site-packages/airflow/example_dags/example_kubernetes_executor.py
[2024-09-12T00:33:32.597+0000] {logging_mixin.py:188} INFO - [2024-09-12T00:33:32.596+0000] {dag.py:3089} INFO - Sync 1 DAGs
[2024-09-12T00:33:32.611+0000] {logging_mixin.py:188} INFO - [2024-09-12T00:33:32.611+0000] {dag.py:3947} INFO - Setting next_dagrun for example_kubernetes_executor to None, run_after=None
[2024-09-12T00:33:32.634+0000] {processor.py:183} INFO - Processing /home/airflow/.local/lib/python3.12/site-packages/airflow/example_dags/example_kubernetes_executor.py took 0.095 seconds
[2024-09-12T00:34:03.259+0000] {processor.py:161} INFO - Started process (PID=1681) to work on /home/airflow/.local/lib/python3.12/site-packages/airflow/example_dags/example_kubernetes_executor.py
[2024-09-12T00:34:03.260+0000] {processor.py:830} INFO - Processing file /home/airflow/.local/lib/python3.12/site-packages/airflow/example_dags/example_kubernetes_executor.py for tasks to queue
[2024-09-12T00:34:03.262+0000] {logging_mixin.py:188} INFO - [2024-09-12T00:34:03.262+0000] {dagbag.py:545} INFO - Filling up the DagBag from /home/airflow/.local/lib/python3.12/site-packages/airflow/example_dags/example_kubernetes_executor.py
[2024-09-12T00:34:03.275+0000] {processor.py:840} INFO - DAG(s) 'example_kubernetes_executor' retrieved from /home/airflow/.local/lib/python3.12/site-packages/airflow/example_dags/example_kubernetes_executor.py
[2024-09-12T00:34:03.311+0000] {logging_mixin.py:188} INFO - [2024-09-12T00:34:03.311+0000] {dag.py:3089} INFO - Sync 1 DAGs
[2024-09-12T00:34:03.326+0000] {logging_mixin.py:188} INFO - [2024-09-12T00:34:03.325+0000] {dag.py:3947} INFO - Setting next_dagrun for example_kubernetes_executor to None, run_after=None
[2024-09-12T00:34:03.349+0000] {processor.py:183} INFO - Processing /home/airflow/.local/lib/python3.12/site-packages/airflow/example_dags/example_kubernetes_executor.py took 0.096 seconds
[2024-09-12T00:34:33.567+0000] {processor.py:161} INFO - Started process (PID=1741) to work on /home/airflow/.local/lib/python3.12/site-packages/airflow/example_dags/example_kubernetes_executor.py
[2024-09-12T00:34:33.568+0000] {processor.py:830} INFO - Processing file /home/airflow/.local/lib/python3.12/site-packages/airflow/example_dags/example_kubernetes_executor.py for tasks to queue
[2024-09-12T00:34:33.570+0000] {logging_mixin.py:188} INFO - [2024-09-12T00:34:33.569+0000] {dagbag.py:545} INFO - Filling up the DagBag from /home/airflow/.local/lib/python3.12/site-packages/airflow/example_dags/example_kubernetes_executor.py
[2024-09-12T00:34:33.596+0000] {processor.py:840} INFO - DAG(s) 'example_kubernetes_executor' retrieved from /home/airflow/.local/lib/python3.12/site-packages/airflow/example_dags/example_kubernetes_executor.py
[2024-09-12T00:34:33.645+0000] {logging_mixin.py:188} INFO - [2024-09-12T00:34:33.645+0000] {dag.py:3089} INFO - Sync 1 DAGs
[2024-09-12T00:34:33.661+0000] {logging_mixin.py:188} INFO - [2024-09-12T00:34:33.661+0000] {dag.py:3947} INFO - Setting next_dagrun for example_kubernetes_executor to None, run_after=None
[2024-09-12T00:34:33.683+0000] {processor.py:183} INFO - Processing /home/airflow/.local/lib/python3.12/site-packages/airflow/example_dags/example_kubernetes_executor.py took 0.123 seconds
[2024-09-12T00:35:03.787+0000] {processor.py:161} INFO - Started process (PID=1801) to work on /home/airflow/.local/lib/python3.12/site-packages/airflow/example_dags/example_kubernetes_executor.py
[2024-09-12T00:35:03.788+0000] {processor.py:830} INFO - Processing file /home/airflow/.local/lib/python3.12/site-packages/airflow/example_dags/example_kubernetes_executor.py for tasks to queue
[2024-09-12T00:35:03.790+0000] {logging_mixin.py:188} INFO - [2024-09-12T00:35:03.790+0000] {dagbag.py:545} INFO - Filling up the DagBag from /home/airflow/.local/lib/python3.12/site-packages/airflow/example_dags/example_kubernetes_executor.py
[2024-09-12T00:35:03.806+0000] {processor.py:840} INFO - DAG(s) 'example_kubernetes_executor' retrieved from /home/airflow/.local/lib/python3.12/site-packages/airflow/example_dags/example_kubernetes_executor.py
[2024-09-12T00:35:03.863+0000] {logging_mixin.py:188} INFO - [2024-09-12T00:35:03.863+0000] {dag.py:3089} INFO - Sync 1 DAGs
[2024-09-12T00:35:03.880+0000] {logging_mixin.py:188} INFO - [2024-09-12T00:35:03.880+0000] {dag.py:3947} INFO - Setting next_dagrun for example_kubernetes_executor to None, run_after=None
[2024-09-12T00:35:03.900+0000] {processor.py:183} INFO - Processing /home/airflow/.local/lib/python3.12/site-packages/airflow/example_dags/example_kubernetes_executor.py took 0.121 seconds
[2024-09-12T00:35:34.251+0000] {processor.py:161} INFO - Started process (PID=1861) to work on /home/airflow/.local/lib/python3.12/site-packages/airflow/example_dags/example_kubernetes_executor.py
[2024-09-12T00:35:34.252+0000] {processor.py:830} INFO - Processing file /home/airflow/.local/lib/python3.12/site-packages/airflow/example_dags/example_kubernetes_executor.py for tasks to queue
[2024-09-12T00:35:34.254+0000] {logging_mixin.py:188} INFO - [2024-09-12T00:35:34.254+0000] {dagbag.py:545} INFO - Filling up the DagBag from /home/airflow/.local/lib/python3.12/site-packages/airflow/example_dags/example_kubernetes_executor.py
[2024-09-12T00:35:34.268+0000] {processor.py:840} INFO - DAG(s) 'example_kubernetes_executor' retrieved from /home/airflow/.local/lib/python3.12/site-packages/airflow/example_dags/example_kubernetes_executor.py
[2024-09-12T00:35:34.310+0000] {logging_mixin.py:188} INFO - [2024-09-12T00:35:34.309+0000] {dag.py:3089} INFO - Sync 1 DAGs
[2024-09-12T00:35:34.331+0000] {logging_mixin.py:188} INFO - [2024-09-12T00:35:34.330+0000] {dag.py:3947} INFO - Setting next_dagrun for example_kubernetes_executor to None, run_after=None
[2024-09-12T00:35:34.361+0000] {processor.py:183} INFO - Processing /home/airflow/.local/lib/python3.12/site-packages/airflow/example_dags/example_kubernetes_executor.py took 0.116 seconds
[2024-09-12T00:36:04.521+0000] {processor.py:161} INFO - Started process (PID=1921) to work on /home/airflow/.local/lib/python3.12/site-packages/airflow/example_dags/example_kubernetes_executor.py
[2024-09-12T00:36:04.522+0000] {processor.py:830} INFO - Processing file /home/airflow/.local/lib/python3.12/site-packages/airflow/example_dags/example_kubernetes_executor.py for tasks to queue
[2024-09-12T00:36:04.524+0000] {logging_mixin.py:188} INFO - [2024-09-12T00:36:04.524+0000] {dagbag.py:545} INFO - Filling up the DagBag from /home/airflow/.local/lib/python3.12/site-packages/airflow/example_dags/example_kubernetes_executor.py
[2024-09-12T00:36:04.536+0000] {processor.py:840} INFO - DAG(s) 'example_kubernetes_executor' retrieved from /home/airflow/.local/lib/python3.12/site-packages/airflow/example_dags/example_kubernetes_executor.py
[2024-09-12T00:36:04.573+0000] {logging_mixin.py:188} INFO - [2024-09-12T00:36:04.573+0000] {dag.py:3089} INFO - Sync 1 DAGs
[2024-09-12T00:36:04.590+0000] {logging_mixin.py:188} INFO - [2024-09-12T00:36:04.590+0000] {dag.py:3947} INFO - Setting next_dagrun for example_kubernetes_executor to None, run_after=None
[2024-09-12T00:36:04.612+0000] {processor.py:183} INFO - Processing /home/airflow/.local/lib/python3.12/site-packages/airflow/example_dags/example_kubernetes_executor.py took 0.097 seconds
[2024-09-12T00:36:34.759+0000] {processor.py:161} INFO - Started process (PID=1979) to work on /home/airflow/.local/lib/python3.12/site-packages/airflow/example_dags/example_kubernetes_executor.py
[2024-09-12T00:36:34.760+0000] {processor.py:830} INFO - Processing file /home/airflow/.local/lib/python3.12/site-packages/airflow/example_dags/example_kubernetes_executor.py for tasks to queue
[2024-09-12T00:36:34.762+0000] {logging_mixin.py:188} INFO - [2024-09-12T00:36:34.761+0000] {dagbag.py:545} INFO - Filling up the DagBag from /home/airflow/.local/lib/python3.12/site-packages/airflow/example_dags/example_kubernetes_executor.py
[2024-09-12T00:36:34.774+0000] {processor.py:840} INFO - DAG(s) 'example_kubernetes_executor' retrieved from /home/airflow/.local/lib/python3.12/site-packages/airflow/example_dags/example_kubernetes_executor.py
[2024-09-12T00:36:34.810+0000] {logging_mixin.py:188} INFO - [2024-09-12T00:36:34.810+0000] {dag.py:3089} INFO - Sync 1 DAGs
[2024-09-12T00:36:34.823+0000] {logging_mixin.py:188} INFO - [2024-09-12T00:36:34.823+0000] {dag.py:3947} INFO - Setting next_dagrun for example_kubernetes_executor to None, run_after=None
[2024-09-12T00:36:34.842+0000] {processor.py:183} INFO - Processing /home/airflow/.local/lib/python3.12/site-packages/airflow/example_dags/example_kubernetes_executor.py took 0.089 seconds
[2024-09-12T00:37:05.730+0000] {processor.py:161} INFO - Started process (PID=2038) to work on /home/airflow/.local/lib/python3.12/site-packages/airflow/example_dags/example_kubernetes_executor.py
[2024-09-12T00:37:05.731+0000] {processor.py:830} INFO - Processing file /home/airflow/.local/lib/python3.12/site-packages/airflow/example_dags/example_kubernetes_executor.py for tasks to queue
[2024-09-12T00:37:05.733+0000] {logging_mixin.py:188} INFO - [2024-09-12T00:37:05.733+0000] {dagbag.py:545} INFO - Filling up the DagBag from /home/airflow/.local/lib/python3.12/site-packages/airflow/example_dags/example_kubernetes_executor.py
[2024-09-12T00:37:05.745+0000] {processor.py:840} INFO - DAG(s) 'example_kubernetes_executor' retrieved from /home/airflow/.local/lib/python3.12/site-packages/airflow/example_dags/example_kubernetes_executor.py
[2024-09-12T00:37:05.784+0000] {logging_mixin.py:188} INFO - [2024-09-12T00:37:05.783+0000] {dag.py:3089} INFO - Sync 1 DAGs
[2024-09-12T00:37:05.798+0000] {logging_mixin.py:188} INFO - [2024-09-12T00:37:05.797+0000] {dag.py:3947} INFO - Setting next_dagrun for example_kubernetes_executor to None, run_after=None
[2024-09-12T00:37:05.819+0000] {processor.py:183} INFO - Processing /home/airflow/.local/lib/python3.12/site-packages/airflow/example_dags/example_kubernetes_executor.py took 0.095 seconds
[2024-09-12T00:37:36.702+0000] {processor.py:161} INFO - Started process (PID=2098) to work on /home/airflow/.local/lib/python3.12/site-packages/airflow/example_dags/example_kubernetes_executor.py
[2024-09-12T00:37:36.703+0000] {processor.py:830} INFO - Processing file /home/airflow/.local/lib/python3.12/site-packages/airflow/example_dags/example_kubernetes_executor.py for tasks to queue
[2024-09-12T00:37:36.705+0000] {logging_mixin.py:188} INFO - [2024-09-12T00:37:36.704+0000] {dagbag.py:545} INFO - Filling up the DagBag from /home/airflow/.local/lib/python3.12/site-packages/airflow/example_dags/example_kubernetes_executor.py
[2024-09-12T00:37:36.717+0000] {processor.py:840} INFO - DAG(s) 'example_kubernetes_executor' retrieved from /home/airflow/.local/lib/python3.12/site-packages/airflow/example_dags/example_kubernetes_executor.py
[2024-09-12T00:37:36.754+0000] {logging_mixin.py:188} INFO - [2024-09-12T00:37:36.754+0000] {dag.py:3089} INFO - Sync 1 DAGs
[2024-09-12T00:37:36.773+0000] {logging_mixin.py:188} INFO - [2024-09-12T00:37:36.772+0000] {dag.py:3947} INFO - Setting next_dagrun for example_kubernetes_executor to None, run_after=None
[2024-09-12T00:37:36.796+0000] {processor.py:183} INFO - Processing /home/airflow/.local/lib/python3.12/site-packages/airflow/example_dags/example_kubernetes_executor.py took 0.099 seconds
[2024-09-12T00:38:07.084+0000] {processor.py:161} INFO - Started process (PID=2158) to work on /home/airflow/.local/lib/python3.12/site-packages/airflow/example_dags/example_kubernetes_executor.py
[2024-09-12T00:38:07.085+0000] {processor.py:830} INFO - Processing file /home/airflow/.local/lib/python3.12/site-packages/airflow/example_dags/example_kubernetes_executor.py for tasks to queue
[2024-09-12T00:38:07.087+0000] {logging_mixin.py:188} INFO - [2024-09-12T00:38:07.086+0000] {dagbag.py:545} INFO - Filling up the DagBag from /home/airflow/.local/lib/python3.12/site-packages/airflow/example_dags/example_kubernetes_executor.py
[2024-09-12T00:38:07.100+0000] {processor.py:840} INFO - DAG(s) 'example_kubernetes_executor' retrieved from /home/airflow/.local/lib/python3.12/site-packages/airflow/example_dags/example_kubernetes_executor.py
[2024-09-12T00:38:07.136+0000] {logging_mixin.py:188} INFO - [2024-09-12T00:38:07.136+0000] {dag.py:3089} INFO - Sync 1 DAGs
[2024-09-12T00:38:07.151+0000] {logging_mixin.py:188} INFO - [2024-09-12T00:38:07.151+0000] {dag.py:3947} INFO - Setting next_dagrun for example_kubernetes_executor to None, run_after=None
[2024-09-12T00:38:07.173+0000] {processor.py:183} INFO - Processing /home/airflow/.local/lib/python3.12/site-packages/airflow/example_dags/example_kubernetes_executor.py took 0.095 seconds
