[2024-09-12T00:20:22.975+0000] {processor.py:161} INFO - Started process (PID=60) to work on /home/airflow/.local/lib/python3.12/site-packages/airflow/example_dags/example_python_decorator.py
[2024-09-12T00:20:22.977+0000] {processor.py:830} INFO - Processing file /home/airflow/.local/lib/python3.12/site-packages/airflow/example_dags/example_python_decorator.py for tasks to queue
[2024-09-12T00:20:22.979+0000] {logging_mixin.py:188} INFO - [2024-09-12T00:20:22.979+0000] {dagbag.py:545} INFO - Filling up the DagBag from /home/airflow/.local/lib/python3.12/site-packages/airflow/example_dags/example_python_decorator.py
[2024-09-12T00:20:22.998+0000] {processor.py:840} INFO - DAG(s) 'example_python_decorator' retrieved from /home/airflow/.local/lib/python3.12/site-packages/airflow/example_dags/example_python_decorator.py
[2024-09-12T00:20:23.136+0000] {logging_mixin.py:188} INFO - [2024-09-12T00:20:23.136+0000] {dag.py:3089} INFO - Sync 1 DAGs
[2024-09-12T00:20:23.148+0000] {logging_mixin.py:188} INFO - [2024-09-12T00:20:23.148+0000] {dag.py:3947} INFO - Setting next_dagrun for example_python_decorator to None, run_after=None
[2024-09-12T00:20:23.174+0000] {processor.py:183} INFO - Processing /home/airflow/.local/lib/python3.12/site-packages/airflow/example_dags/example_python_decorator.py took 0.205 seconds
[2024-09-12T00:20:54.286+0000] {processor.py:161} INFO - Started process (PID=126) to work on /home/airflow/.local/lib/python3.12/site-packages/airflow/example_dags/example_python_decorator.py
[2024-09-12T00:20:54.287+0000] {processor.py:830} INFO - Processing file /home/airflow/.local/lib/python3.12/site-packages/airflow/example_dags/example_python_decorator.py for tasks to queue
[2024-09-12T00:20:54.290+0000] {logging_mixin.py:188} INFO - [2024-09-12T00:20:54.289+0000] {dagbag.py:545} INFO - Filling up the DagBag from /home/airflow/.local/lib/python3.12/site-packages/airflow/example_dags/example_python_decorator.py
[2024-09-12T00:20:54.303+0000] {processor.py:840} INFO - DAG(s) 'example_python_decorator' retrieved from /home/airflow/.local/lib/python3.12/site-packages/airflow/example_dags/example_python_decorator.py
[2024-09-12T00:20:54.328+0000] {logging_mixin.py:188} INFO - [2024-09-12T00:20:54.328+0000] {dag.py:3089} INFO - Sync 1 DAGs
[2024-09-12T00:20:54.354+0000] {logging_mixin.py:188} INFO - [2024-09-12T00:20:54.353+0000] {dag.py:3947} INFO - Setting next_dagrun for example_python_decorator to None, run_after=None
[2024-09-12T00:20:54.390+0000] {processor.py:183} INFO - Processing /home/airflow/.local/lib/python3.12/site-packages/airflow/example_dags/example_python_decorator.py took 0.111 seconds
[2024-09-12T00:21:24.476+0000] {processor.py:161} INFO - Started process (PID=184) to work on /home/airflow/.local/lib/python3.12/site-packages/airflow/example_dags/example_python_decorator.py
[2024-09-12T00:21:24.477+0000] {processor.py:830} INFO - Processing file /home/airflow/.local/lib/python3.12/site-packages/airflow/example_dags/example_python_decorator.py for tasks to queue
[2024-09-12T00:21:24.479+0000] {logging_mixin.py:188} INFO - [2024-09-12T00:21:24.479+0000] {dagbag.py:545} INFO - Filling up the DagBag from /home/airflow/.local/lib/python3.12/site-packages/airflow/example_dags/example_python_decorator.py
[2024-09-12T00:21:24.492+0000] {processor.py:840} INFO - DAG(s) 'example_python_decorator' retrieved from /home/airflow/.local/lib/python3.12/site-packages/airflow/example_dags/example_python_decorator.py
[2024-09-12T00:21:24.514+0000] {logging_mixin.py:188} INFO - [2024-09-12T00:21:24.514+0000] {dag.py:3089} INFO - Sync 1 DAGs
[2024-09-12T00:21:24.531+0000] {logging_mixin.py:188} INFO - [2024-09-12T00:21:24.531+0000] {dag.py:3947} INFO - Setting next_dagrun for example_python_decorator to None, run_after=None
[2024-09-12T00:21:24.552+0000] {processor.py:183} INFO - Processing /home/airflow/.local/lib/python3.12/site-packages/airflow/example_dags/example_python_decorator.py took 0.082 seconds
[2024-09-12T00:21:54.626+0000] {processor.py:161} INFO - Started process (PID=244) to work on /home/airflow/.local/lib/python3.12/site-packages/airflow/example_dags/example_python_decorator.py
[2024-09-12T00:21:54.627+0000] {processor.py:830} INFO - Processing file /home/airflow/.local/lib/python3.12/site-packages/airflow/example_dags/example_python_decorator.py for tasks to queue
[2024-09-12T00:21:54.629+0000] {logging_mixin.py:188} INFO - [2024-09-12T00:21:54.628+0000] {dagbag.py:545} INFO - Filling up the DagBag from /home/airflow/.local/lib/python3.12/site-packages/airflow/example_dags/example_python_decorator.py
[2024-09-12T00:21:54.644+0000] {processor.py:840} INFO - DAG(s) 'example_python_decorator' retrieved from /home/airflow/.local/lib/python3.12/site-packages/airflow/example_dags/example_python_decorator.py
[2024-09-12T00:21:54.668+0000] {logging_mixin.py:188} INFO - [2024-09-12T00:21:54.668+0000] {dag.py:3089} INFO - Sync 1 DAGs
[2024-09-12T00:21:54.681+0000] {logging_mixin.py:188} INFO - [2024-09-12T00:21:54.681+0000] {dag.py:3947} INFO - Setting next_dagrun for example_python_decorator to None, run_after=None
[2024-09-12T00:21:54.701+0000] {processor.py:183} INFO - Processing /home/airflow/.local/lib/python3.12/site-packages/airflow/example_dags/example_python_decorator.py took 0.081 seconds
[2024-09-12T00:22:25.117+0000] {processor.py:161} INFO - Started process (PID=304) to work on /home/airflow/.local/lib/python3.12/site-packages/airflow/example_dags/example_python_decorator.py
[2024-09-12T00:22:25.119+0000] {processor.py:830} INFO - Processing file /home/airflow/.local/lib/python3.12/site-packages/airflow/example_dags/example_python_decorator.py for tasks to queue
[2024-09-12T00:22:25.122+0000] {logging_mixin.py:188} INFO - [2024-09-12T00:22:25.121+0000] {dagbag.py:545} INFO - Filling up the DagBag from /home/airflow/.local/lib/python3.12/site-packages/airflow/example_dags/example_python_decorator.py
[2024-09-12T00:22:25.136+0000] {processor.py:840} INFO - DAG(s) 'example_python_decorator' retrieved from /home/airflow/.local/lib/python3.12/site-packages/airflow/example_dags/example_python_decorator.py
[2024-09-12T00:22:25.164+0000] {logging_mixin.py:188} INFO - [2024-09-12T00:22:25.164+0000] {dag.py:3089} INFO - Sync 1 DAGs
[2024-09-12T00:22:25.178+0000] {logging_mixin.py:188} INFO - [2024-09-12T00:22:25.178+0000] {dag.py:3947} INFO - Setting next_dagrun for example_python_decorator to None, run_after=None
[2024-09-12T00:22:25.199+0000] {processor.py:183} INFO - Processing /home/airflow/.local/lib/python3.12/site-packages/airflow/example_dags/example_python_decorator.py took 0.088 seconds
[2024-09-12T00:22:55.932+0000] {processor.py:161} INFO - Started process (PID=364) to work on /home/airflow/.local/lib/python3.12/site-packages/airflow/example_dags/example_python_decorator.py
[2024-09-12T00:22:55.932+0000] {processor.py:830} INFO - Processing file /home/airflow/.local/lib/python3.12/site-packages/airflow/example_dags/example_python_decorator.py for tasks to queue
[2024-09-12T00:22:55.934+0000] {logging_mixin.py:188} INFO - [2024-09-12T00:22:55.934+0000] {dagbag.py:545} INFO - Filling up the DagBag from /home/airflow/.local/lib/python3.12/site-packages/airflow/example_dags/example_python_decorator.py
[2024-09-12T00:22:55.947+0000] {processor.py:840} INFO - DAG(s) 'example_python_decorator' retrieved from /home/airflow/.local/lib/python3.12/site-packages/airflow/example_dags/example_python_decorator.py
[2024-09-12T00:22:55.969+0000] {logging_mixin.py:188} INFO - [2024-09-12T00:22:55.969+0000] {dag.py:3089} INFO - Sync 1 DAGs
[2024-09-12T00:22:55.982+0000] {logging_mixin.py:188} INFO - [2024-09-12T00:22:55.982+0000] {dag.py:3947} INFO - Setting next_dagrun for example_python_decorator to None, run_after=None
[2024-09-12T00:22:56.001+0000] {processor.py:183} INFO - Processing /home/airflow/.local/lib/python3.12/site-packages/airflow/example_dags/example_python_decorator.py took 0.075 seconds
[2024-09-12T00:23:26.063+0000] {processor.py:161} INFO - Started process (PID=424) to work on /home/airflow/.local/lib/python3.12/site-packages/airflow/example_dags/example_python_decorator.py
[2024-09-12T00:23:26.064+0000] {processor.py:830} INFO - Processing file /home/airflow/.local/lib/python3.12/site-packages/airflow/example_dags/example_python_decorator.py for tasks to queue
[2024-09-12T00:23:26.066+0000] {logging_mixin.py:188} INFO - [2024-09-12T00:23:26.066+0000] {dagbag.py:545} INFO - Filling up the DagBag from /home/airflow/.local/lib/python3.12/site-packages/airflow/example_dags/example_python_decorator.py
[2024-09-12T00:23:26.079+0000] {processor.py:840} INFO - DAG(s) 'example_python_decorator' retrieved from /home/airflow/.local/lib/python3.12/site-packages/airflow/example_dags/example_python_decorator.py
[2024-09-12T00:23:26.103+0000] {logging_mixin.py:188} INFO - [2024-09-12T00:23:26.102+0000] {dag.py:3089} INFO - Sync 1 DAGs
[2024-09-12T00:23:26.115+0000] {logging_mixin.py:188} INFO - [2024-09-12T00:23:26.115+0000] {dag.py:3947} INFO - Setting next_dagrun for example_python_decorator to None, run_after=None
[2024-09-12T00:23:26.135+0000] {processor.py:183} INFO - Processing /home/airflow/.local/lib/python3.12/site-packages/airflow/example_dags/example_python_decorator.py took 0.078 seconds
[2024-09-12T00:23:56.622+0000] {processor.py:161} INFO - Started process (PID=484) to work on /home/airflow/.local/lib/python3.12/site-packages/airflow/example_dags/example_python_decorator.py
[2024-09-12T00:23:56.623+0000] {processor.py:830} INFO - Processing file /home/airflow/.local/lib/python3.12/site-packages/airflow/example_dags/example_python_decorator.py for tasks to queue
[2024-09-12T00:23:56.624+0000] {logging_mixin.py:188} INFO - [2024-09-12T00:23:56.624+0000] {dagbag.py:545} INFO - Filling up the DagBag from /home/airflow/.local/lib/python3.12/site-packages/airflow/example_dags/example_python_decorator.py
[2024-09-12T00:23:56.637+0000] {processor.py:840} INFO - DAG(s) 'example_python_decorator' retrieved from /home/airflow/.local/lib/python3.12/site-packages/airflow/example_dags/example_python_decorator.py
[2024-09-12T00:23:56.662+0000] {logging_mixin.py:188} INFO - [2024-09-12T00:23:56.661+0000] {dag.py:3089} INFO - Sync 1 DAGs
[2024-09-12T00:23:56.675+0000] {logging_mixin.py:188} INFO - [2024-09-12T00:23:56.675+0000] {dag.py:3947} INFO - Setting next_dagrun for example_python_decorator to None, run_after=None
[2024-09-12T00:23:56.697+0000] {processor.py:183} INFO - Processing /home/airflow/.local/lib/python3.12/site-packages/airflow/example_dags/example_python_decorator.py took 0.080 seconds
[2024-09-12T00:24:26.850+0000] {processor.py:161} INFO - Started process (PID=544) to work on /home/airflow/.local/lib/python3.12/site-packages/airflow/example_dags/example_python_decorator.py
[2024-09-12T00:24:26.851+0000] {processor.py:830} INFO - Processing file /home/airflow/.local/lib/python3.12/site-packages/airflow/example_dags/example_python_decorator.py for tasks to queue
[2024-09-12T00:24:26.853+0000] {logging_mixin.py:188} INFO - [2024-09-12T00:24:26.852+0000] {dagbag.py:545} INFO - Filling up the DagBag from /home/airflow/.local/lib/python3.12/site-packages/airflow/example_dags/example_python_decorator.py
[2024-09-12T00:24:26.866+0000] {processor.py:840} INFO - DAG(s) 'example_python_decorator' retrieved from /home/airflow/.local/lib/python3.12/site-packages/airflow/example_dags/example_python_decorator.py
[2024-09-12T00:24:26.889+0000] {logging_mixin.py:188} INFO - [2024-09-12T00:24:26.889+0000] {dag.py:3089} INFO - Sync 1 DAGs
[2024-09-12T00:24:26.902+0000] {logging_mixin.py:188} INFO - [2024-09-12T00:24:26.902+0000] {dag.py:3947} INFO - Setting next_dagrun for example_python_decorator to None, run_after=None
[2024-09-12T00:24:26.922+0000] {processor.py:183} INFO - Processing /home/airflow/.local/lib/python3.12/site-packages/airflow/example_dags/example_python_decorator.py took 0.078 seconds
[2024-09-12T00:24:56.962+0000] {processor.py:161} INFO - Started process (PID=603) to work on /home/airflow/.local/lib/python3.12/site-packages/airflow/example_dags/example_python_decorator.py
[2024-09-12T00:24:56.962+0000] {processor.py:830} INFO - Processing file /home/airflow/.local/lib/python3.12/site-packages/airflow/example_dags/example_python_decorator.py for tasks to queue
[2024-09-12T00:24:56.964+0000] {logging_mixin.py:188} INFO - [2024-09-12T00:24:56.964+0000] {dagbag.py:545} INFO - Filling up the DagBag from /home/airflow/.local/lib/python3.12/site-packages/airflow/example_dags/example_python_decorator.py
[2024-09-12T00:24:56.976+0000] {processor.py:840} INFO - DAG(s) 'example_python_decorator' retrieved from /home/airflow/.local/lib/python3.12/site-packages/airflow/example_dags/example_python_decorator.py
[2024-09-12T00:24:57.000+0000] {logging_mixin.py:188} INFO - [2024-09-12T00:24:57.000+0000] {dag.py:3089} INFO - Sync 1 DAGs
[2024-09-12T00:24:57.014+0000] {logging_mixin.py:188} INFO - [2024-09-12T00:24:57.014+0000] {dag.py:3947} INFO - Setting next_dagrun for example_python_decorator to None, run_after=None
[2024-09-12T00:24:57.035+0000] {processor.py:183} INFO - Processing /home/airflow/.local/lib/python3.12/site-packages/airflow/example_dags/example_python_decorator.py took 0.079 seconds
[2024-09-12T00:25:27.498+0000] {processor.py:161} INFO - Started process (PID=664) to work on /home/airflow/.local/lib/python3.12/site-packages/airflow/example_dags/example_python_decorator.py
[2024-09-12T00:25:27.498+0000] {processor.py:830} INFO - Processing file /home/airflow/.local/lib/python3.12/site-packages/airflow/example_dags/example_python_decorator.py for tasks to queue
[2024-09-12T00:25:27.500+0000] {logging_mixin.py:188} INFO - [2024-09-12T00:25:27.500+0000] {dagbag.py:545} INFO - Filling up the DagBag from /home/airflow/.local/lib/python3.12/site-packages/airflow/example_dags/example_python_decorator.py
[2024-09-12T00:25:27.513+0000] {processor.py:840} INFO - DAG(s) 'example_python_decorator' retrieved from /home/airflow/.local/lib/python3.12/site-packages/airflow/example_dags/example_python_decorator.py
[2024-09-12T00:25:27.535+0000] {logging_mixin.py:188} INFO - [2024-09-12T00:25:27.535+0000] {dag.py:3089} INFO - Sync 1 DAGs
[2024-09-12T00:25:27.549+0000] {logging_mixin.py:188} INFO - [2024-09-12T00:25:27.548+0000] {dag.py:3947} INFO - Setting next_dagrun for example_python_decorator to None, run_after=None
[2024-09-12T00:25:27.566+0000] {processor.py:183} INFO - Processing /home/airflow/.local/lib/python3.12/site-packages/airflow/example_dags/example_python_decorator.py took 0.075 seconds
[2024-09-12T00:25:57.634+0000] {processor.py:161} INFO - Started process (PID=724) to work on /home/airflow/.local/lib/python3.12/site-packages/airflow/example_dags/example_python_decorator.py
[2024-09-12T00:25:57.635+0000] {processor.py:830} INFO - Processing file /home/airflow/.local/lib/python3.12/site-packages/airflow/example_dags/example_python_decorator.py for tasks to queue
[2024-09-12T00:25:57.636+0000] {logging_mixin.py:188} INFO - [2024-09-12T00:25:57.636+0000] {dagbag.py:545} INFO - Filling up the DagBag from /home/airflow/.local/lib/python3.12/site-packages/airflow/example_dags/example_python_decorator.py
[2024-09-12T00:25:57.648+0000] {processor.py:840} INFO - DAG(s) 'example_python_decorator' retrieved from /home/airflow/.local/lib/python3.12/site-packages/airflow/example_dags/example_python_decorator.py
[2024-09-12T00:25:57.670+0000] {logging_mixin.py:188} INFO - [2024-09-12T00:25:57.670+0000] {dag.py:3089} INFO - Sync 1 DAGs
[2024-09-12T00:25:57.684+0000] {logging_mixin.py:188} INFO - [2024-09-12T00:25:57.683+0000] {dag.py:3947} INFO - Setting next_dagrun for example_python_decorator to None, run_after=None
[2024-09-12T00:25:57.703+0000] {processor.py:183} INFO - Processing /home/airflow/.local/lib/python3.12/site-packages/airflow/example_dags/example_python_decorator.py took 0.075 seconds
[2024-09-12T00:26:27.880+0000] {processor.py:161} INFO - Started process (PID=784) to work on /home/airflow/.local/lib/python3.12/site-packages/airflow/example_dags/example_python_decorator.py
[2024-09-12T00:26:27.881+0000] {processor.py:830} INFO - Processing file /home/airflow/.local/lib/python3.12/site-packages/airflow/example_dags/example_python_decorator.py for tasks to queue
[2024-09-12T00:26:27.883+0000] {logging_mixin.py:188} INFO - [2024-09-12T00:26:27.883+0000] {dagbag.py:545} INFO - Filling up the DagBag from /home/airflow/.local/lib/python3.12/site-packages/airflow/example_dags/example_python_decorator.py
[2024-09-12T00:26:27.899+0000] {processor.py:840} INFO - DAG(s) 'example_python_decorator' retrieved from /home/airflow/.local/lib/python3.12/site-packages/airflow/example_dags/example_python_decorator.py
[2024-09-12T00:26:27.923+0000] {logging_mixin.py:188} INFO - [2024-09-12T00:26:27.923+0000] {dag.py:3089} INFO - Sync 1 DAGs
[2024-09-12T00:26:27.937+0000] {logging_mixin.py:188} INFO - [2024-09-12T00:26:27.936+0000] {dag.py:3947} INFO - Setting next_dagrun for example_python_decorator to None, run_after=None
[2024-09-12T00:26:27.957+0000] {processor.py:183} INFO - Processing /home/airflow/.local/lib/python3.12/site-packages/airflow/example_dags/example_python_decorator.py took 0.082 seconds
[2024-09-12T00:26:58.476+0000] {processor.py:161} INFO - Started process (PID=844) to work on /home/airflow/.local/lib/python3.12/site-packages/airflow/example_dags/example_python_decorator.py
[2024-09-12T00:26:58.477+0000] {processor.py:830} INFO - Processing file /home/airflow/.local/lib/python3.12/site-packages/airflow/example_dags/example_python_decorator.py for tasks to queue
[2024-09-12T00:26:58.479+0000] {logging_mixin.py:188} INFO - [2024-09-12T00:26:58.479+0000] {dagbag.py:545} INFO - Filling up the DagBag from /home/airflow/.local/lib/python3.12/site-packages/airflow/example_dags/example_python_decorator.py
[2024-09-12T00:26:58.492+0000] {processor.py:840} INFO - DAG(s) 'example_python_decorator' retrieved from /home/airflow/.local/lib/python3.12/site-packages/airflow/example_dags/example_python_decorator.py
[2024-09-12T00:26:58.513+0000] {logging_mixin.py:188} INFO - [2024-09-12T00:26:58.513+0000] {dag.py:3089} INFO - Sync 1 DAGs
[2024-09-12T00:26:58.527+0000] {logging_mixin.py:188} INFO - [2024-09-12T00:26:58.526+0000] {dag.py:3947} INFO - Setting next_dagrun for example_python_decorator to None, run_after=None
[2024-09-12T00:26:58.546+0000] {processor.py:183} INFO - Processing /home/airflow/.local/lib/python3.12/site-packages/airflow/example_dags/example_python_decorator.py took 0.076 seconds
[2024-09-12T00:27:29.011+0000] {processor.py:161} INFO - Started process (PID=904) to work on /home/airflow/.local/lib/python3.12/site-packages/airflow/example_dags/example_python_decorator.py
[2024-09-12T00:27:29.012+0000] {processor.py:830} INFO - Processing file /home/airflow/.local/lib/python3.12/site-packages/airflow/example_dags/example_python_decorator.py for tasks to queue
[2024-09-12T00:27:29.014+0000] {logging_mixin.py:188} INFO - [2024-09-12T00:27:29.014+0000] {dagbag.py:545} INFO - Filling up the DagBag from /home/airflow/.local/lib/python3.12/site-packages/airflow/example_dags/example_python_decorator.py
[2024-09-12T00:27:29.026+0000] {processor.py:840} INFO - DAG(s) 'example_python_decorator' retrieved from /home/airflow/.local/lib/python3.12/site-packages/airflow/example_dags/example_python_decorator.py
[2024-09-12T00:27:29.050+0000] {logging_mixin.py:188} INFO - [2024-09-12T00:27:29.049+0000] {dag.py:3089} INFO - Sync 1 DAGs
[2024-09-12T00:27:29.063+0000] {logging_mixin.py:188} INFO - [2024-09-12T00:27:29.063+0000] {dag.py:3947} INFO - Setting next_dagrun for example_python_decorator to None, run_after=None
[2024-09-12T00:27:29.082+0000] {processor.py:183} INFO - Processing /home/airflow/.local/lib/python3.12/site-packages/airflow/example_dags/example_python_decorator.py took 0.076 seconds
[2024-09-12T00:27:59.243+0000] {processor.py:161} INFO - Started process (PID=964) to work on /home/airflow/.local/lib/python3.12/site-packages/airflow/example_dags/example_python_decorator.py
[2024-09-12T00:27:59.243+0000] {processor.py:830} INFO - Processing file /home/airflow/.local/lib/python3.12/site-packages/airflow/example_dags/example_python_decorator.py for tasks to queue
[2024-09-12T00:27:59.245+0000] {logging_mixin.py:188} INFO - [2024-09-12T00:27:59.245+0000] {dagbag.py:545} INFO - Filling up the DagBag from /home/airflow/.local/lib/python3.12/site-packages/airflow/example_dags/example_python_decorator.py
[2024-09-12T00:27:59.258+0000] {processor.py:840} INFO - DAG(s) 'example_python_decorator' retrieved from /home/airflow/.local/lib/python3.12/site-packages/airflow/example_dags/example_python_decorator.py
[2024-09-12T00:27:59.280+0000] {logging_mixin.py:188} INFO - [2024-09-12T00:27:59.280+0000] {dag.py:3089} INFO - Sync 1 DAGs
[2024-09-12T00:27:59.293+0000] {logging_mixin.py:188} INFO - [2024-09-12T00:27:59.293+0000] {dag.py:3947} INFO - Setting next_dagrun for example_python_decorator to None, run_after=None
[2024-09-12T00:27:59.313+0000] {processor.py:183} INFO - Processing /home/airflow/.local/lib/python3.12/site-packages/airflow/example_dags/example_python_decorator.py took 0.075 seconds
[2024-09-12T00:28:29.522+0000] {processor.py:161} INFO - Started process (PID=1024) to work on /home/airflow/.local/lib/python3.12/site-packages/airflow/example_dags/example_python_decorator.py
[2024-09-12T00:28:29.523+0000] {processor.py:830} INFO - Processing file /home/airflow/.local/lib/python3.12/site-packages/airflow/example_dags/example_python_decorator.py for tasks to queue
[2024-09-12T00:28:29.524+0000] {logging_mixin.py:188} INFO - [2024-09-12T00:28:29.524+0000] {dagbag.py:545} INFO - Filling up the DagBag from /home/airflow/.local/lib/python3.12/site-packages/airflow/example_dags/example_python_decorator.py
[2024-09-12T00:28:29.537+0000] {processor.py:840} INFO - DAG(s) 'example_python_decorator' retrieved from /home/airflow/.local/lib/python3.12/site-packages/airflow/example_dags/example_python_decorator.py
[2024-09-12T00:28:29.560+0000] {logging_mixin.py:188} INFO - [2024-09-12T00:28:29.560+0000] {dag.py:3089} INFO - Sync 1 DAGs
[2024-09-12T00:28:29.573+0000] {logging_mixin.py:188} INFO - [2024-09-12T00:28:29.573+0000] {dag.py:3947} INFO - Setting next_dagrun for example_python_decorator to None, run_after=None
[2024-09-12T00:28:29.593+0000] {processor.py:183} INFO - Processing /home/airflow/.local/lib/python3.12/site-packages/airflow/example_dags/example_python_decorator.py took 0.077 seconds
[2024-09-12T00:28:59.915+0000] {processor.py:161} INFO - Started process (PID=1084) to work on /home/airflow/.local/lib/python3.12/site-packages/airflow/example_dags/example_python_decorator.py
[2024-09-12T00:28:59.916+0000] {processor.py:830} INFO - Processing file /home/airflow/.local/lib/python3.12/site-packages/airflow/example_dags/example_python_decorator.py for tasks to queue
[2024-09-12T00:28:59.918+0000] {logging_mixin.py:188} INFO - [2024-09-12T00:28:59.918+0000] {dagbag.py:545} INFO - Filling up the DagBag from /home/airflow/.local/lib/python3.12/site-packages/airflow/example_dags/example_python_decorator.py
[2024-09-12T00:28:59.930+0000] {processor.py:840} INFO - DAG(s) 'example_python_decorator' retrieved from /home/airflow/.local/lib/python3.12/site-packages/airflow/example_dags/example_python_decorator.py
[2024-09-12T00:28:59.952+0000] {logging_mixin.py:188} INFO - [2024-09-12T00:28:59.952+0000] {dag.py:3089} INFO - Sync 1 DAGs
[2024-09-12T00:28:59.965+0000] {logging_mixin.py:188} INFO - [2024-09-12T00:28:59.965+0000] {dag.py:3947} INFO - Setting next_dagrun for example_python_decorator to None, run_after=None
[2024-09-12T00:28:59.985+0000] {processor.py:183} INFO - Processing /home/airflow/.local/lib/python3.12/site-packages/airflow/example_dags/example_python_decorator.py took 0.075 seconds
[2024-09-12T00:29:30.343+0000] {processor.py:161} INFO - Started process (PID=1144) to work on /home/airflow/.local/lib/python3.12/site-packages/airflow/example_dags/example_python_decorator.py
[2024-09-12T00:29:30.344+0000] {processor.py:830} INFO - Processing file /home/airflow/.local/lib/python3.12/site-packages/airflow/example_dags/example_python_decorator.py for tasks to queue
[2024-09-12T00:29:30.346+0000] {logging_mixin.py:188} INFO - [2024-09-12T00:29:30.346+0000] {dagbag.py:545} INFO - Filling up the DagBag from /home/airflow/.local/lib/python3.12/site-packages/airflow/example_dags/example_python_decorator.py
[2024-09-12T00:29:30.358+0000] {processor.py:840} INFO - DAG(s) 'example_python_decorator' retrieved from /home/airflow/.local/lib/python3.12/site-packages/airflow/example_dags/example_python_decorator.py
[2024-09-12T00:29:30.381+0000] {logging_mixin.py:188} INFO - [2024-09-12T00:29:30.381+0000] {dag.py:3089} INFO - Sync 1 DAGs
[2024-09-12T00:29:30.395+0000] {logging_mixin.py:188} INFO - [2024-09-12T00:29:30.394+0000] {dag.py:3947} INFO - Setting next_dagrun for example_python_decorator to None, run_after=None
[2024-09-12T00:29:30.415+0000] {processor.py:183} INFO - Processing /home/airflow/.local/lib/python3.12/site-packages/airflow/example_dags/example_python_decorator.py took 0.078 seconds
[2024-09-12T00:30:00.872+0000] {processor.py:161} INFO - Started process (PID=1204) to work on /home/airflow/.local/lib/python3.12/site-packages/airflow/example_dags/example_python_decorator.py
[2024-09-12T00:30:00.873+0000] {processor.py:830} INFO - Processing file /home/airflow/.local/lib/python3.12/site-packages/airflow/example_dags/example_python_decorator.py for tasks to queue
[2024-09-12T00:30:00.875+0000] {logging_mixin.py:188} INFO - [2024-09-12T00:30:00.874+0000] {dagbag.py:545} INFO - Filling up the DagBag from /home/airflow/.local/lib/python3.12/site-packages/airflow/example_dags/example_python_decorator.py
[2024-09-12T00:30:00.888+0000] {processor.py:840} INFO - DAG(s) 'example_python_decorator' retrieved from /home/airflow/.local/lib/python3.12/site-packages/airflow/example_dags/example_python_decorator.py
[2024-09-12T00:30:00.910+0000] {logging_mixin.py:188} INFO - [2024-09-12T00:30:00.910+0000] {dag.py:3089} INFO - Sync 1 DAGs
[2024-09-12T00:30:00.923+0000] {logging_mixin.py:188} INFO - [2024-09-12T00:30:00.923+0000] {dag.py:3947} INFO - Setting next_dagrun for example_python_decorator to None, run_after=None
[2024-09-12T00:30:00.943+0000] {processor.py:183} INFO - Processing /home/airflow/.local/lib/python3.12/site-packages/airflow/example_dags/example_python_decorator.py took 0.076 seconds
[2024-09-12T00:30:31.167+0000] {processor.py:161} INFO - Started process (PID=1264) to work on /home/airflow/.local/lib/python3.12/site-packages/airflow/example_dags/example_python_decorator.py
[2024-09-12T00:30:31.167+0000] {processor.py:830} INFO - Processing file /home/airflow/.local/lib/python3.12/site-packages/airflow/example_dags/example_python_decorator.py for tasks to queue
[2024-09-12T00:30:31.169+0000] {logging_mixin.py:188} INFO - [2024-09-12T00:30:31.169+0000] {dagbag.py:545} INFO - Filling up the DagBag from /home/airflow/.local/lib/python3.12/site-packages/airflow/example_dags/example_python_decorator.py
[2024-09-12T00:30:31.182+0000] {processor.py:840} INFO - DAG(s) 'example_python_decorator' retrieved from /home/airflow/.local/lib/python3.12/site-packages/airflow/example_dags/example_python_decorator.py
[2024-09-12T00:30:31.204+0000] {logging_mixin.py:188} INFO - [2024-09-12T00:30:31.204+0000] {dag.py:3089} INFO - Sync 1 DAGs
[2024-09-12T00:30:31.217+0000] {logging_mixin.py:188} INFO - [2024-09-12T00:30:31.217+0000] {dag.py:3947} INFO - Setting next_dagrun for example_python_decorator to None, run_after=None
[2024-09-12T00:30:31.237+0000] {processor.py:183} INFO - Processing /home/airflow/.local/lib/python3.12/site-packages/airflow/example_dags/example_python_decorator.py took 0.076 seconds
[2024-09-12T00:31:01.433+0000] {processor.py:161} INFO - Started process (PID=1324) to work on /home/airflow/.local/lib/python3.12/site-packages/airflow/example_dags/example_python_decorator.py
[2024-09-12T00:31:01.434+0000] {processor.py:830} INFO - Processing file /home/airflow/.local/lib/python3.12/site-packages/airflow/example_dags/example_python_decorator.py for tasks to queue
[2024-09-12T00:31:01.436+0000] {logging_mixin.py:188} INFO - [2024-09-12T00:31:01.435+0000] {dagbag.py:545} INFO - Filling up the DagBag from /home/airflow/.local/lib/python3.12/site-packages/airflow/example_dags/example_python_decorator.py
[2024-09-12T00:31:01.448+0000] {processor.py:840} INFO - DAG(s) 'example_python_decorator' retrieved from /home/airflow/.local/lib/python3.12/site-packages/airflow/example_dags/example_python_decorator.py
[2024-09-12T00:31:01.471+0000] {logging_mixin.py:188} INFO - [2024-09-12T00:31:01.470+0000] {dag.py:3089} INFO - Sync 1 DAGs
[2024-09-12T00:31:01.483+0000] {logging_mixin.py:188} INFO - [2024-09-12T00:31:01.483+0000] {dag.py:3947} INFO - Setting next_dagrun for example_python_decorator to None, run_after=None
[2024-09-12T00:31:01.501+0000] {processor.py:183} INFO - Processing /home/airflow/.local/lib/python3.12/site-packages/airflow/example_dags/example_python_decorator.py took 0.073 seconds
[2024-09-12T00:31:31.938+0000] {processor.py:161} INFO - Started process (PID=1384) to work on /home/airflow/.local/lib/python3.12/site-packages/airflow/example_dags/example_python_decorator.py
[2024-09-12T00:31:31.939+0000] {processor.py:830} INFO - Processing file /home/airflow/.local/lib/python3.12/site-packages/airflow/example_dags/example_python_decorator.py for tasks to queue
[2024-09-12T00:31:31.940+0000] {logging_mixin.py:188} INFO - [2024-09-12T00:31:31.940+0000] {dagbag.py:545} INFO - Filling up the DagBag from /home/airflow/.local/lib/python3.12/site-packages/airflow/example_dags/example_python_decorator.py
[2024-09-12T00:31:31.953+0000] {processor.py:840} INFO - DAG(s) 'example_python_decorator' retrieved from /home/airflow/.local/lib/python3.12/site-packages/airflow/example_dags/example_python_decorator.py
[2024-09-12T00:31:31.978+0000] {logging_mixin.py:188} INFO - [2024-09-12T00:31:31.977+0000] {dag.py:3089} INFO - Sync 1 DAGs
[2024-09-12T00:31:31.991+0000] {logging_mixin.py:188} INFO - [2024-09-12T00:31:31.990+0000] {dag.py:3947} INFO - Setting next_dagrun for example_python_decorator to None, run_after=None
[2024-09-12T00:31:32.009+0000] {processor.py:183} INFO - Processing /home/airflow/.local/lib/python3.12/site-packages/airflow/example_dags/example_python_decorator.py took 0.076 seconds
[2024-09-12T00:32:02.883+0000] {processor.py:161} INFO - Started process (PID=1444) to work on /home/airflow/.local/lib/python3.12/site-packages/airflow/example_dags/example_python_decorator.py
[2024-09-12T00:32:02.884+0000] {processor.py:830} INFO - Processing file /home/airflow/.local/lib/python3.12/site-packages/airflow/example_dags/example_python_decorator.py for tasks to queue
[2024-09-12T00:32:02.885+0000] {logging_mixin.py:188} INFO - [2024-09-12T00:32:02.885+0000] {dagbag.py:545} INFO - Filling up the DagBag from /home/airflow/.local/lib/python3.12/site-packages/airflow/example_dags/example_python_decorator.py
[2024-09-12T00:32:02.899+0000] {processor.py:840} INFO - DAG(s) 'example_python_decorator' retrieved from /home/airflow/.local/lib/python3.12/site-packages/airflow/example_dags/example_python_decorator.py
[2024-09-12T00:32:02.922+0000] {logging_mixin.py:188} INFO - [2024-09-12T00:32:02.921+0000] {dag.py:3089} INFO - Sync 1 DAGs
[2024-09-12T00:32:02.935+0000] {logging_mixin.py:188} INFO - [2024-09-12T00:32:02.935+0000] {dag.py:3947} INFO - Setting next_dagrun for example_python_decorator to None, run_after=None
[2024-09-12T00:32:02.965+0000] {processor.py:183} INFO - Processing /home/airflow/.local/lib/python3.12/site-packages/airflow/example_dags/example_python_decorator.py took 0.088 seconds
[2024-09-12T00:32:33.159+0000] {processor.py:161} INFO - Started process (PID=1504) to work on /home/airflow/.local/lib/python3.12/site-packages/airflow/example_dags/example_python_decorator.py
[2024-09-12T00:32:33.160+0000] {processor.py:830} INFO - Processing file /home/airflow/.local/lib/python3.12/site-packages/airflow/example_dags/example_python_decorator.py for tasks to queue
[2024-09-12T00:32:33.162+0000] {logging_mixin.py:188} INFO - [2024-09-12T00:32:33.161+0000] {dagbag.py:545} INFO - Filling up the DagBag from /home/airflow/.local/lib/python3.12/site-packages/airflow/example_dags/example_python_decorator.py
[2024-09-12T00:32:33.174+0000] {processor.py:840} INFO - DAG(s) 'example_python_decorator' retrieved from /home/airflow/.local/lib/python3.12/site-packages/airflow/example_dags/example_python_decorator.py
[2024-09-12T00:32:33.196+0000] {logging_mixin.py:188} INFO - [2024-09-12T00:32:33.195+0000] {dag.py:3089} INFO - Sync 1 DAGs
[2024-09-12T00:32:33.208+0000] {logging_mixin.py:188} INFO - [2024-09-12T00:32:33.208+0000] {dag.py:3947} INFO - Setting next_dagrun for example_python_decorator to None, run_after=None
[2024-09-12T00:32:33.227+0000] {processor.py:183} INFO - Processing /home/airflow/.local/lib/python3.12/site-packages/airflow/example_dags/example_python_decorator.py took 0.074 seconds
[2024-09-12T00:33:03.479+0000] {processor.py:161} INFO - Started process (PID=1564) to work on /home/airflow/.local/lib/python3.12/site-packages/airflow/example_dags/example_python_decorator.py
[2024-09-12T00:33:03.480+0000] {processor.py:830} INFO - Processing file /home/airflow/.local/lib/python3.12/site-packages/airflow/example_dags/example_python_decorator.py for tasks to queue
[2024-09-12T00:33:03.482+0000] {logging_mixin.py:188} INFO - [2024-09-12T00:33:03.482+0000] {dagbag.py:545} INFO - Filling up the DagBag from /home/airflow/.local/lib/python3.12/site-packages/airflow/example_dags/example_python_decorator.py
[2024-09-12T00:33:03.495+0000] {processor.py:840} INFO - DAG(s) 'example_python_decorator' retrieved from /home/airflow/.local/lib/python3.12/site-packages/airflow/example_dags/example_python_decorator.py
[2024-09-12T00:33:03.517+0000] {logging_mixin.py:188} INFO - [2024-09-12T00:33:03.516+0000] {dag.py:3089} INFO - Sync 1 DAGs
[2024-09-12T00:33:03.530+0000] {logging_mixin.py:188} INFO - [2024-09-12T00:33:03.530+0000] {dag.py:3947} INFO - Setting next_dagrun for example_python_decorator to None, run_after=None
[2024-09-12T00:33:03.549+0000] {processor.py:183} INFO - Processing /home/airflow/.local/lib/python3.12/site-packages/airflow/example_dags/example_python_decorator.py took 0.076 seconds
[2024-09-12T00:33:33.676+0000] {processor.py:161} INFO - Started process (PID=1624) to work on /home/airflow/.local/lib/python3.12/site-packages/airflow/example_dags/example_python_decorator.py
[2024-09-12T00:33:33.676+0000] {processor.py:830} INFO - Processing file /home/airflow/.local/lib/python3.12/site-packages/airflow/example_dags/example_python_decorator.py for tasks to queue
[2024-09-12T00:33:33.678+0000] {logging_mixin.py:188} INFO - [2024-09-12T00:33:33.678+0000] {dagbag.py:545} INFO - Filling up the DagBag from /home/airflow/.local/lib/python3.12/site-packages/airflow/example_dags/example_python_decorator.py
[2024-09-12T00:33:33.691+0000] {processor.py:840} INFO - DAG(s) 'example_python_decorator' retrieved from /home/airflow/.local/lib/python3.12/site-packages/airflow/example_dags/example_python_decorator.py
[2024-09-12T00:33:33.713+0000] {logging_mixin.py:188} INFO - [2024-09-12T00:33:33.712+0000] {dag.py:3089} INFO - Sync 1 DAGs
[2024-09-12T00:33:33.728+0000] {logging_mixin.py:188} INFO - [2024-09-12T00:33:33.728+0000] {dag.py:3947} INFO - Setting next_dagrun for example_python_decorator to None, run_after=None
[2024-09-12T00:33:33.750+0000] {processor.py:183} INFO - Processing /home/airflow/.local/lib/python3.12/site-packages/airflow/example_dags/example_python_decorator.py took 0.080 seconds
[2024-09-12T00:34:04.397+0000] {processor.py:161} INFO - Started process (PID=1684) to work on /home/airflow/.local/lib/python3.12/site-packages/airflow/example_dags/example_python_decorator.py
[2024-09-12T00:34:04.398+0000] {processor.py:830} INFO - Processing file /home/airflow/.local/lib/python3.12/site-packages/airflow/example_dags/example_python_decorator.py for tasks to queue
[2024-09-12T00:34:04.400+0000] {logging_mixin.py:188} INFO - [2024-09-12T00:34:04.399+0000] {dagbag.py:545} INFO - Filling up the DagBag from /home/airflow/.local/lib/python3.12/site-packages/airflow/example_dags/example_python_decorator.py
[2024-09-12T00:34:04.414+0000] {processor.py:840} INFO - DAG(s) 'example_python_decorator' retrieved from /home/airflow/.local/lib/python3.12/site-packages/airflow/example_dags/example_python_decorator.py
[2024-09-12T00:34:04.440+0000] {logging_mixin.py:188} INFO - [2024-09-12T00:34:04.439+0000] {dag.py:3089} INFO - Sync 1 DAGs
[2024-09-12T00:34:04.455+0000] {logging_mixin.py:188} INFO - [2024-09-12T00:34:04.454+0000] {dag.py:3947} INFO - Setting next_dagrun for example_python_decorator to None, run_after=None
[2024-09-12T00:34:04.483+0000] {processor.py:183} INFO - Processing /home/airflow/.local/lib/python3.12/site-packages/airflow/example_dags/example_python_decorator.py took 0.093 seconds
[2024-09-12T00:34:34.728+0000] {processor.py:161} INFO - Started process (PID=1744) to work on /home/airflow/.local/lib/python3.12/site-packages/airflow/example_dags/example_python_decorator.py
[2024-09-12T00:34:34.729+0000] {processor.py:830} INFO - Processing file /home/airflow/.local/lib/python3.12/site-packages/airflow/example_dags/example_python_decorator.py for tasks to queue
[2024-09-12T00:34:34.730+0000] {logging_mixin.py:188} INFO - [2024-09-12T00:34:34.730+0000] {dagbag.py:545} INFO - Filling up the DagBag from /home/airflow/.local/lib/python3.12/site-packages/airflow/example_dags/example_python_decorator.py
[2024-09-12T00:34:34.743+0000] {processor.py:840} INFO - DAG(s) 'example_python_decorator' retrieved from /home/airflow/.local/lib/python3.12/site-packages/airflow/example_dags/example_python_decorator.py
[2024-09-12T00:34:34.764+0000] {logging_mixin.py:188} INFO - [2024-09-12T00:34:34.764+0000] {dag.py:3089} INFO - Sync 1 DAGs
[2024-09-12T00:34:34.778+0000] {logging_mixin.py:188} INFO - [2024-09-12T00:34:34.778+0000] {dag.py:3947} INFO - Setting next_dagrun for example_python_decorator to None, run_after=None
[2024-09-12T00:34:34.798+0000] {processor.py:183} INFO - Processing /home/airflow/.local/lib/python3.12/site-packages/airflow/example_dags/example_python_decorator.py took 0.076 seconds
[2024-09-12T00:35:04.938+0000] {processor.py:161} INFO - Started process (PID=1804) to work on /home/airflow/.local/lib/python3.12/site-packages/airflow/example_dags/example_python_decorator.py
[2024-09-12T00:35:04.939+0000] {processor.py:830} INFO - Processing file /home/airflow/.local/lib/python3.12/site-packages/airflow/example_dags/example_python_decorator.py for tasks to queue
[2024-09-12T00:35:04.941+0000] {logging_mixin.py:188} INFO - [2024-09-12T00:35:04.941+0000] {dagbag.py:545} INFO - Filling up the DagBag from /home/airflow/.local/lib/python3.12/site-packages/airflow/example_dags/example_python_decorator.py
[2024-09-12T00:35:04.954+0000] {processor.py:840} INFO - DAG(s) 'example_python_decorator' retrieved from /home/airflow/.local/lib/python3.12/site-packages/airflow/example_dags/example_python_decorator.py
[2024-09-12T00:35:04.978+0000] {logging_mixin.py:188} INFO - [2024-09-12T00:35:04.978+0000] {dag.py:3089} INFO - Sync 1 DAGs
[2024-09-12T00:35:04.991+0000] {logging_mixin.py:188} INFO - [2024-09-12T00:35:04.991+0000] {dag.py:3947} INFO - Setting next_dagrun for example_python_decorator to None, run_after=None
[2024-09-12T00:35:05.013+0000] {processor.py:183} INFO - Processing /home/airflow/.local/lib/python3.12/site-packages/airflow/example_dags/example_python_decorator.py took 0.081 seconds
[2024-09-12T00:35:35.415+0000] {processor.py:161} INFO - Started process (PID=1864) to work on /home/airflow/.local/lib/python3.12/site-packages/airflow/example_dags/example_python_decorator.py
[2024-09-12T00:35:35.416+0000] {processor.py:830} INFO - Processing file /home/airflow/.local/lib/python3.12/site-packages/airflow/example_dags/example_python_decorator.py for tasks to queue
[2024-09-12T00:35:35.418+0000] {logging_mixin.py:188} INFO - [2024-09-12T00:35:35.418+0000] {dagbag.py:545} INFO - Filling up the DagBag from /home/airflow/.local/lib/python3.12/site-packages/airflow/example_dags/example_python_decorator.py
[2024-09-12T00:35:35.435+0000] {processor.py:840} INFO - DAG(s) 'example_python_decorator' retrieved from /home/airflow/.local/lib/python3.12/site-packages/airflow/example_dags/example_python_decorator.py
[2024-09-12T00:35:35.460+0000] {logging_mixin.py:188} INFO - [2024-09-12T00:35:35.460+0000] {dag.py:3089} INFO - Sync 1 DAGs
[2024-09-12T00:35:35.474+0000] {logging_mixin.py:188} INFO - [2024-09-12T00:35:35.473+0000] {dag.py:3947} INFO - Setting next_dagrun for example_python_decorator to None, run_after=None
[2024-09-12T00:35:35.501+0000] {processor.py:183} INFO - Processing /home/airflow/.local/lib/python3.12/site-packages/airflow/example_dags/example_python_decorator.py took 0.093 seconds
[2024-09-12T00:36:05.744+0000] {processor.py:161} INFO - Started process (PID=1924) to work on /home/airflow/.local/lib/python3.12/site-packages/airflow/example_dags/example_python_decorator.py
[2024-09-12T00:36:05.745+0000] {processor.py:830} INFO - Processing file /home/airflow/.local/lib/python3.12/site-packages/airflow/example_dags/example_python_decorator.py for tasks to queue
[2024-09-12T00:36:05.747+0000] {logging_mixin.py:188} INFO - [2024-09-12T00:36:05.746+0000] {dagbag.py:545} INFO - Filling up the DagBag from /home/airflow/.local/lib/python3.12/site-packages/airflow/example_dags/example_python_decorator.py
[2024-09-12T00:36:05.759+0000] {processor.py:840} INFO - DAG(s) 'example_python_decorator' retrieved from /home/airflow/.local/lib/python3.12/site-packages/airflow/example_dags/example_python_decorator.py
[2024-09-12T00:36:05.782+0000] {logging_mixin.py:188} INFO - [2024-09-12T00:36:05.781+0000] {dag.py:3089} INFO - Sync 1 DAGs
[2024-09-12T00:36:05.794+0000] {logging_mixin.py:188} INFO - [2024-09-12T00:36:05.794+0000] {dag.py:3947} INFO - Setting next_dagrun for example_python_decorator to None, run_after=None
[2024-09-12T00:36:05.813+0000] {processor.py:183} INFO - Processing /home/airflow/.local/lib/python3.12/site-packages/airflow/example_dags/example_python_decorator.py took 0.075 seconds
[2024-09-12T00:36:35.963+0000] {processor.py:161} INFO - Started process (PID=1984) to work on /home/airflow/.local/lib/python3.12/site-packages/airflow/example_dags/example_python_decorator.py
[2024-09-12T00:36:35.964+0000] {processor.py:830} INFO - Processing file /home/airflow/.local/lib/python3.12/site-packages/airflow/example_dags/example_python_decorator.py for tasks to queue
[2024-09-12T00:36:35.965+0000] {logging_mixin.py:188} INFO - [2024-09-12T00:36:35.965+0000] {dagbag.py:545} INFO - Filling up the DagBag from /home/airflow/.local/lib/python3.12/site-packages/airflow/example_dags/example_python_decorator.py
[2024-09-12T00:36:35.983+0000] {processor.py:840} INFO - DAG(s) 'example_python_decorator' retrieved from /home/airflow/.local/lib/python3.12/site-packages/airflow/example_dags/example_python_decorator.py
[2024-09-12T00:36:36.005+0000] {logging_mixin.py:188} INFO - [2024-09-12T00:36:36.005+0000] {dag.py:3089} INFO - Sync 1 DAGs
[2024-09-12T00:36:36.019+0000] {logging_mixin.py:188} INFO - [2024-09-12T00:36:36.019+0000] {dag.py:3947} INFO - Setting next_dagrun for example_python_decorator to None, run_after=None
[2024-09-12T00:36:36.040+0000] {processor.py:183} INFO - Processing /home/airflow/.local/lib/python3.12/site-packages/airflow/example_dags/example_python_decorator.py took 0.083 seconds
[2024-09-12T00:37:06.241+0000] {processor.py:161} INFO - Started process (PID=2044) to work on /home/airflow/.local/lib/python3.12/site-packages/airflow/example_dags/example_python_decorator.py
[2024-09-12T00:37:06.242+0000] {processor.py:830} INFO - Processing file /home/airflow/.local/lib/python3.12/site-packages/airflow/example_dags/example_python_decorator.py for tasks to queue
[2024-09-12T00:37:06.244+0000] {logging_mixin.py:188} INFO - [2024-09-12T00:37:06.244+0000] {dagbag.py:545} INFO - Filling up the DagBag from /home/airflow/.local/lib/python3.12/site-packages/airflow/example_dags/example_python_decorator.py
[2024-09-12T00:37:06.258+0000] {processor.py:840} INFO - DAG(s) 'example_python_decorator' retrieved from /home/airflow/.local/lib/python3.12/site-packages/airflow/example_dags/example_python_decorator.py
[2024-09-12T00:37:06.280+0000] {logging_mixin.py:188} INFO - [2024-09-12T00:37:06.280+0000] {dag.py:3089} INFO - Sync 1 DAGs
[2024-09-12T00:37:06.293+0000] {logging_mixin.py:188} INFO - [2024-09-12T00:37:06.293+0000] {dag.py:3947} INFO - Setting next_dagrun for example_python_decorator to None, run_after=None
[2024-09-12T00:37:06.313+0000] {processor.py:183} INFO - Processing /home/airflow/.local/lib/python3.12/site-packages/airflow/example_dags/example_python_decorator.py took 0.078 seconds
[2024-09-12T00:37:36.890+0000] {processor.py:161} INFO - Started process (PID=2101) to work on /home/airflow/.local/lib/python3.12/site-packages/airflow/example_dags/example_python_decorator.py
[2024-09-12T00:37:36.891+0000] {processor.py:830} INFO - Processing file /home/airflow/.local/lib/python3.12/site-packages/airflow/example_dags/example_python_decorator.py for tasks to queue
[2024-09-12T00:37:36.894+0000] {logging_mixin.py:188} INFO - [2024-09-12T00:37:36.894+0000] {dagbag.py:545} INFO - Filling up the DagBag from /home/airflow/.local/lib/python3.12/site-packages/airflow/example_dags/example_python_decorator.py
[2024-09-12T00:37:36.907+0000] {processor.py:840} INFO - DAG(s) 'example_python_decorator' retrieved from /home/airflow/.local/lib/python3.12/site-packages/airflow/example_dags/example_python_decorator.py
[2024-09-12T00:37:36.929+0000] {logging_mixin.py:188} INFO - [2024-09-12T00:37:36.929+0000] {dag.py:3089} INFO - Sync 1 DAGs
[2024-09-12T00:37:36.943+0000] {logging_mixin.py:188} INFO - [2024-09-12T00:37:36.943+0000] {dag.py:3947} INFO - Setting next_dagrun for example_python_decorator to None, run_after=None
[2024-09-12T00:37:36.964+0000] {processor.py:183} INFO - Processing /home/airflow/.local/lib/python3.12/site-packages/airflow/example_dags/example_python_decorator.py took 0.079 seconds
[2024-09-12T00:38:07.269+0000] {processor.py:161} INFO - Started process (PID=2161) to work on /home/airflow/.local/lib/python3.12/site-packages/airflow/example_dags/example_python_decorator.py
[2024-09-12T00:38:07.270+0000] {processor.py:830} INFO - Processing file /home/airflow/.local/lib/python3.12/site-packages/airflow/example_dags/example_python_decorator.py for tasks to queue
[2024-09-12T00:38:07.272+0000] {logging_mixin.py:188} INFO - [2024-09-12T00:38:07.272+0000] {dagbag.py:545} INFO - Filling up the DagBag from /home/airflow/.local/lib/python3.12/site-packages/airflow/example_dags/example_python_decorator.py
[2024-09-12T00:38:07.286+0000] {processor.py:840} INFO - DAG(s) 'example_python_decorator' retrieved from /home/airflow/.local/lib/python3.12/site-packages/airflow/example_dags/example_python_decorator.py
[2024-09-12T00:38:07.308+0000] {logging_mixin.py:188} INFO - [2024-09-12T00:38:07.308+0000] {dag.py:3089} INFO - Sync 1 DAGs
[2024-09-12T00:38:07.323+0000] {logging_mixin.py:188} INFO - [2024-09-12T00:38:07.323+0000] {dag.py:3947} INFO - Setting next_dagrun for example_python_decorator to None, run_after=None
[2024-09-12T00:38:07.344+0000] {processor.py:183} INFO - Processing /home/airflow/.local/lib/python3.12/site-packages/airflow/example_dags/example_python_decorator.py took 0.081 seconds
