[2024-09-12T00:20:32.955+0000] {processor.py:161} INFO - Started process (PID=95) to work on /home/airflow/.local/lib/python3.12/site-packages/airflow/example_dags/example_branch_day_of_week_operator.py
[2024-09-12T00:20:32.956+0000] {processor.py:830} INFO - Processing file /home/airflow/.local/lib/python3.12/site-packages/airflow/example_dags/example_branch_day_of_week_operator.py for tasks to queue
[2024-09-12T00:20:32.958+0000] {logging_mixin.py:188} INFO - [2024-09-12T00:20:32.958+0000] {dagbag.py:545} INFO - Filling up the DagBag from /home/airflow/.local/lib/python3.12/site-packages/airflow/example_dags/example_branch_day_of_week_operator.py
[2024-09-12T00:20:32.966+0000] {processor.py:840} INFO - DAG(s) 'example_weekday_branch_operator' retrieved from /home/airflow/.local/lib/python3.12/site-packages/airflow/example_dags/example_branch_day_of_week_operator.py
[2024-09-12T00:20:32.987+0000] {logging_mixin.py:188} INFO - [2024-09-12T00:20:32.986+0000] {dag.py:3089} INFO - Sync 1 DAGs
[2024-09-12T00:20:33.009+0000] {logging_mixin.py:188} INFO - [2024-09-12T00:20:33.009+0000] {dag.py:3947} INFO - Setting next_dagrun for example_weekday_branch_operator to 2024-09-11 00:00:00+00:00, run_after=2024-09-12 00:00:00+00:00
[2024-09-12T00:20:33.092+0000] {processor.py:183} INFO - Processing /home/airflow/.local/lib/python3.12/site-packages/airflow/example_dags/example_branch_day_of_week_operator.py took 0.142 seconds
[2024-09-12T00:21:03.957+0000] {processor.py:161} INFO - Started process (PID=155) to work on /home/airflow/.local/lib/python3.12/site-packages/airflow/example_dags/example_branch_day_of_week_operator.py
[2024-09-12T00:21:03.958+0000] {processor.py:830} INFO - Processing file /home/airflow/.local/lib/python3.12/site-packages/airflow/example_dags/example_branch_day_of_week_operator.py for tasks to queue
[2024-09-12T00:21:03.959+0000] {logging_mixin.py:188} INFO - [2024-09-12T00:21:03.959+0000] {dagbag.py:545} INFO - Filling up the DagBag from /home/airflow/.local/lib/python3.12/site-packages/airflow/example_dags/example_branch_day_of_week_operator.py
[2024-09-12T00:21:03.967+0000] {processor.py:840} INFO - DAG(s) 'example_weekday_branch_operator' retrieved from /home/airflow/.local/lib/python3.12/site-packages/airflow/example_dags/example_branch_day_of_week_operator.py
[2024-09-12T00:21:03.987+0000] {logging_mixin.py:188} INFO - [2024-09-12T00:21:03.987+0000] {dag.py:3089} INFO - Sync 1 DAGs
[2024-09-12T00:21:04.010+0000] {logging_mixin.py:188} INFO - [2024-09-12T00:21:04.010+0000] {dag.py:3947} INFO - Setting next_dagrun for example_weekday_branch_operator to 2024-09-11 00:00:00+00:00, run_after=2024-09-12 00:00:00+00:00
[2024-09-12T00:21:04.029+0000] {processor.py:183} INFO - Processing /home/airflow/.local/lib/python3.12/site-packages/airflow/example_dags/example_branch_day_of_week_operator.py took 0.079 seconds
[2024-09-12T00:21:34.542+0000] {processor.py:161} INFO - Started process (PID=215) to work on /home/airflow/.local/lib/python3.12/site-packages/airflow/example_dags/example_branch_day_of_week_operator.py
[2024-09-12T00:21:34.543+0000] {processor.py:830} INFO - Processing file /home/airflow/.local/lib/python3.12/site-packages/airflow/example_dags/example_branch_day_of_week_operator.py for tasks to queue
[2024-09-12T00:21:34.546+0000] {logging_mixin.py:188} INFO - [2024-09-12T00:21:34.545+0000] {dagbag.py:545} INFO - Filling up the DagBag from /home/airflow/.local/lib/python3.12/site-packages/airflow/example_dags/example_branch_day_of_week_operator.py
[2024-09-12T00:21:34.556+0000] {processor.py:840} INFO - DAG(s) 'example_weekday_branch_operator' retrieved from /home/airflow/.local/lib/python3.12/site-packages/airflow/example_dags/example_branch_day_of_week_operator.py
[2024-09-12T00:21:34.579+0000] {logging_mixin.py:188} INFO - [2024-09-12T00:21:34.579+0000] {dag.py:3089} INFO - Sync 1 DAGs
[2024-09-12T00:21:34.605+0000] {logging_mixin.py:188} INFO - [2024-09-12T00:21:34.604+0000] {dag.py:3947} INFO - Setting next_dagrun for example_weekday_branch_operator to 2024-09-11 00:00:00+00:00, run_after=2024-09-12 00:00:00+00:00
[2024-09-12T00:21:34.629+0000] {processor.py:183} INFO - Processing /home/airflow/.local/lib/python3.12/site-packages/airflow/example_dags/example_branch_day_of_week_operator.py took 0.095 seconds
[2024-09-12T00:22:05.492+0000] {processor.py:161} INFO - Started process (PID=275) to work on /home/airflow/.local/lib/python3.12/site-packages/airflow/example_dags/example_branch_day_of_week_operator.py
[2024-09-12T00:22:05.493+0000] {processor.py:830} INFO - Processing file /home/airflow/.local/lib/python3.12/site-packages/airflow/example_dags/example_branch_day_of_week_operator.py for tasks to queue
[2024-09-12T00:22:05.495+0000] {logging_mixin.py:188} INFO - [2024-09-12T00:22:05.495+0000] {dagbag.py:545} INFO - Filling up the DagBag from /home/airflow/.local/lib/python3.12/site-packages/airflow/example_dags/example_branch_day_of_week_operator.py
[2024-09-12T00:22:05.503+0000] {processor.py:840} INFO - DAG(s) 'example_weekday_branch_operator' retrieved from /home/airflow/.local/lib/python3.12/site-packages/airflow/example_dags/example_branch_day_of_week_operator.py
[2024-09-12T00:22:05.526+0000] {logging_mixin.py:188} INFO - [2024-09-12T00:22:05.525+0000] {dag.py:3089} INFO - Sync 1 DAGs
[2024-09-12T00:22:05.552+0000] {logging_mixin.py:188} INFO - [2024-09-12T00:22:05.552+0000] {dag.py:3947} INFO - Setting next_dagrun for example_weekday_branch_operator to 2024-09-11 00:00:00+00:00, run_after=2024-09-12 00:00:00+00:00
[2024-09-12T00:22:05.573+0000] {processor.py:183} INFO - Processing /home/airflow/.local/lib/python3.12/site-packages/airflow/example_dags/example_branch_day_of_week_operator.py took 0.087 seconds
[2024-09-12T00:22:36.410+0000] {processor.py:161} INFO - Started process (PID=335) to work on /home/airflow/.local/lib/python3.12/site-packages/airflow/example_dags/example_branch_day_of_week_operator.py
[2024-09-12T00:22:36.411+0000] {processor.py:830} INFO - Processing file /home/airflow/.local/lib/python3.12/site-packages/airflow/example_dags/example_branch_day_of_week_operator.py for tasks to queue
[2024-09-12T00:22:36.413+0000] {logging_mixin.py:188} INFO - [2024-09-12T00:22:36.412+0000] {dagbag.py:545} INFO - Filling up the DagBag from /home/airflow/.local/lib/python3.12/site-packages/airflow/example_dags/example_branch_day_of_week_operator.py
[2024-09-12T00:22:36.421+0000] {processor.py:840} INFO - DAG(s) 'example_weekday_branch_operator' retrieved from /home/airflow/.local/lib/python3.12/site-packages/airflow/example_dags/example_branch_day_of_week_operator.py
[2024-09-12T00:22:36.441+0000] {logging_mixin.py:188} INFO - [2024-09-12T00:22:36.440+0000] {dag.py:3089} INFO - Sync 1 DAGs
[2024-09-12T00:22:36.464+0000] {logging_mixin.py:188} INFO - [2024-09-12T00:22:36.464+0000] {dag.py:3947} INFO - Setting next_dagrun for example_weekday_branch_operator to 2024-09-11 00:00:00+00:00, run_after=2024-09-12 00:00:00+00:00
[2024-09-12T00:22:36.485+0000] {processor.py:183} INFO - Processing /home/airflow/.local/lib/python3.12/site-packages/airflow/example_dags/example_branch_day_of_week_operator.py took 0.081 seconds
[2024-09-12T00:23:06.989+0000] {processor.py:161} INFO - Started process (PID=395) to work on /home/airflow/.local/lib/python3.12/site-packages/airflow/example_dags/example_branch_day_of_week_operator.py
[2024-09-12T00:23:06.990+0000] {processor.py:830} INFO - Processing file /home/airflow/.local/lib/python3.12/site-packages/airflow/example_dags/example_branch_day_of_week_operator.py for tasks to queue
[2024-09-12T00:23:06.992+0000] {logging_mixin.py:188} INFO - [2024-09-12T00:23:06.991+0000] {dagbag.py:545} INFO - Filling up the DagBag from /home/airflow/.local/lib/python3.12/site-packages/airflow/example_dags/example_branch_day_of_week_operator.py
[2024-09-12T00:23:06.999+0000] {processor.py:840} INFO - DAG(s) 'example_weekday_branch_operator' retrieved from /home/airflow/.local/lib/python3.12/site-packages/airflow/example_dags/example_branch_day_of_week_operator.py
[2024-09-12T00:23:07.020+0000] {logging_mixin.py:188} INFO - [2024-09-12T00:23:07.019+0000] {dag.py:3089} INFO - Sync 1 DAGs
[2024-09-12T00:23:07.044+0000] {logging_mixin.py:188} INFO - [2024-09-12T00:23:07.043+0000] {dag.py:3947} INFO - Setting next_dagrun for example_weekday_branch_operator to 2024-09-11 00:00:00+00:00, run_after=2024-09-12 00:00:00+00:00
[2024-09-12T00:23:07.063+0000] {processor.py:183} INFO - Processing /home/airflow/.local/lib/python3.12/site-packages/airflow/example_dags/example_branch_day_of_week_operator.py took 0.080 seconds
[2024-09-12T00:23:37.678+0000] {processor.py:161} INFO - Started process (PID=455) to work on /home/airflow/.local/lib/python3.12/site-packages/airflow/example_dags/example_branch_day_of_week_operator.py
[2024-09-12T00:23:37.679+0000] {processor.py:830} INFO - Processing file /home/airflow/.local/lib/python3.12/site-packages/airflow/example_dags/example_branch_day_of_week_operator.py for tasks to queue
[2024-09-12T00:23:37.681+0000] {logging_mixin.py:188} INFO - [2024-09-12T00:23:37.681+0000] {dagbag.py:545} INFO - Filling up the DagBag from /home/airflow/.local/lib/python3.12/site-packages/airflow/example_dags/example_branch_day_of_week_operator.py
[2024-09-12T00:23:37.691+0000] {processor.py:840} INFO - DAG(s) 'example_weekday_branch_operator' retrieved from /home/airflow/.local/lib/python3.12/site-packages/airflow/example_dags/example_branch_day_of_week_operator.py
[2024-09-12T00:23:37.712+0000] {logging_mixin.py:188} INFO - [2024-09-12T00:23:37.711+0000] {dag.py:3089} INFO - Sync 1 DAGs
[2024-09-12T00:23:37.735+0000] {logging_mixin.py:188} INFO - [2024-09-12T00:23:37.735+0000] {dag.py:3947} INFO - Setting next_dagrun for example_weekday_branch_operator to 2024-09-11 00:00:00+00:00, run_after=2024-09-12 00:00:00+00:00
[2024-09-12T00:23:37.756+0000] {processor.py:183} INFO - Processing /home/airflow/.local/lib/python3.12/site-packages/airflow/example_dags/example_branch_day_of_week_operator.py took 0.083 seconds
[2024-09-12T00:24:08.331+0000] {processor.py:161} INFO - Started process (PID=515) to work on /home/airflow/.local/lib/python3.12/site-packages/airflow/example_dags/example_branch_day_of_week_operator.py
[2024-09-12T00:24:08.332+0000] {processor.py:830} INFO - Processing file /home/airflow/.local/lib/python3.12/site-packages/airflow/example_dags/example_branch_day_of_week_operator.py for tasks to queue
[2024-09-12T00:24:08.334+0000] {logging_mixin.py:188} INFO - [2024-09-12T00:24:08.333+0000] {dagbag.py:545} INFO - Filling up the DagBag from /home/airflow/.local/lib/python3.12/site-packages/airflow/example_dags/example_branch_day_of_week_operator.py
[2024-09-12T00:24:08.342+0000] {processor.py:840} INFO - DAG(s) 'example_weekday_branch_operator' retrieved from /home/airflow/.local/lib/python3.12/site-packages/airflow/example_dags/example_branch_day_of_week_operator.py
[2024-09-12T00:24:08.365+0000] {logging_mixin.py:188} INFO - [2024-09-12T00:24:08.365+0000] {dag.py:3089} INFO - Sync 1 DAGs
[2024-09-12T00:24:08.389+0000] {logging_mixin.py:188} INFO - [2024-09-12T00:24:08.388+0000] {dag.py:3947} INFO - Setting next_dagrun for example_weekday_branch_operator to 2024-09-11 00:00:00+00:00, run_after=2024-09-12 00:00:00+00:00
[2024-09-12T00:24:08.408+0000] {processor.py:183} INFO - Processing /home/airflow/.local/lib/python3.12/site-packages/airflow/example_dags/example_branch_day_of_week_operator.py took 0.083 seconds
[2024-09-12T00:24:38.578+0000] {processor.py:161} INFO - Started process (PID=575) to work on /home/airflow/.local/lib/python3.12/site-packages/airflow/example_dags/example_branch_day_of_week_operator.py
[2024-09-12T00:24:38.579+0000] {processor.py:830} INFO - Processing file /home/airflow/.local/lib/python3.12/site-packages/airflow/example_dags/example_branch_day_of_week_operator.py for tasks to queue
[2024-09-12T00:24:38.581+0000] {logging_mixin.py:188} INFO - [2024-09-12T00:24:38.581+0000] {dagbag.py:545} INFO - Filling up the DagBag from /home/airflow/.local/lib/python3.12/site-packages/airflow/example_dags/example_branch_day_of_week_operator.py
[2024-09-12T00:24:38.589+0000] {processor.py:840} INFO - DAG(s) 'example_weekday_branch_operator' retrieved from /home/airflow/.local/lib/python3.12/site-packages/airflow/example_dags/example_branch_day_of_week_operator.py
[2024-09-12T00:24:38.609+0000] {logging_mixin.py:188} INFO - [2024-09-12T00:24:38.608+0000] {dag.py:3089} INFO - Sync 1 DAGs
[2024-09-12T00:24:38.631+0000] {logging_mixin.py:188} INFO - [2024-09-12T00:24:38.631+0000] {dag.py:3947} INFO - Setting next_dagrun for example_weekday_branch_operator to 2024-09-11 00:00:00+00:00, run_after=2024-09-12 00:00:00+00:00
[2024-09-12T00:24:38.650+0000] {processor.py:183} INFO - Processing /home/airflow/.local/lib/python3.12/site-packages/airflow/example_dags/example_branch_day_of_week_operator.py took 0.077 seconds
[2024-09-12T00:25:09.000+0000] {processor.py:161} INFO - Started process (PID=635) to work on /home/airflow/.local/lib/python3.12/site-packages/airflow/example_dags/example_branch_day_of_week_operator.py
[2024-09-12T00:25:09.001+0000] {processor.py:830} INFO - Processing file /home/airflow/.local/lib/python3.12/site-packages/airflow/example_dags/example_branch_day_of_week_operator.py for tasks to queue
[2024-09-12T00:25:09.003+0000] {logging_mixin.py:188} INFO - [2024-09-12T00:25:09.003+0000] {dagbag.py:545} INFO - Filling up the DagBag from /home/airflow/.local/lib/python3.12/site-packages/airflow/example_dags/example_branch_day_of_week_operator.py
[2024-09-12T00:25:09.010+0000] {processor.py:840} INFO - DAG(s) 'example_weekday_branch_operator' retrieved from /home/airflow/.local/lib/python3.12/site-packages/airflow/example_dags/example_branch_day_of_week_operator.py
[2024-09-12T00:25:09.030+0000] {logging_mixin.py:188} INFO - [2024-09-12T00:25:09.030+0000] {dag.py:3089} INFO - Sync 1 DAGs
[2024-09-12T00:25:09.052+0000] {logging_mixin.py:188} INFO - [2024-09-12T00:25:09.052+0000] {dag.py:3947} INFO - Setting next_dagrun for example_weekday_branch_operator to 2024-09-11 00:00:00+00:00, run_after=2024-09-12 00:00:00+00:00
[2024-09-12T00:25:09.071+0000] {processor.py:183} INFO - Processing /home/airflow/.local/lib/python3.12/site-packages/airflow/example_dags/example_branch_day_of_week_operator.py took 0.077 seconds
[2024-09-12T00:25:39.307+0000] {processor.py:161} INFO - Started process (PID=695) to work on /home/airflow/.local/lib/python3.12/site-packages/airflow/example_dags/example_branch_day_of_week_operator.py
[2024-09-12T00:25:39.308+0000] {processor.py:830} INFO - Processing file /home/airflow/.local/lib/python3.12/site-packages/airflow/example_dags/example_branch_day_of_week_operator.py for tasks to queue
[2024-09-12T00:25:39.311+0000] {logging_mixin.py:188} INFO - [2024-09-12T00:25:39.310+0000] {dagbag.py:545} INFO - Filling up the DagBag from /home/airflow/.local/lib/python3.12/site-packages/airflow/example_dags/example_branch_day_of_week_operator.py
[2024-09-12T00:25:39.320+0000] {processor.py:840} INFO - DAG(s) 'example_weekday_branch_operator' retrieved from /home/airflow/.local/lib/python3.12/site-packages/airflow/example_dags/example_branch_day_of_week_operator.py
[2024-09-12T00:25:39.343+0000] {logging_mixin.py:188} INFO - [2024-09-12T00:25:39.343+0000] {dag.py:3089} INFO - Sync 1 DAGs
[2024-09-12T00:25:39.367+0000] {logging_mixin.py:188} INFO - [2024-09-12T00:25:39.367+0000] {dag.py:3947} INFO - Setting next_dagrun for example_weekday_branch_operator to 2024-09-11 00:00:00+00:00, run_after=2024-09-12 00:00:00+00:00
[2024-09-12T00:25:39.389+0000] {processor.py:183} INFO - Processing /home/airflow/.local/lib/python3.12/site-packages/airflow/example_dags/example_branch_day_of_week_operator.py took 0.089 seconds
[2024-09-12T00:26:09.464+0000] {processor.py:161} INFO - Started process (PID=755) to work on /home/airflow/.local/lib/python3.12/site-packages/airflow/example_dags/example_branch_day_of_week_operator.py
[2024-09-12T00:26:09.466+0000] {processor.py:830} INFO - Processing file /home/airflow/.local/lib/python3.12/site-packages/airflow/example_dags/example_branch_day_of_week_operator.py for tasks to queue
[2024-09-12T00:26:09.468+0000] {logging_mixin.py:188} INFO - [2024-09-12T00:26:09.467+0000] {dagbag.py:545} INFO - Filling up the DagBag from /home/airflow/.local/lib/python3.12/site-packages/airflow/example_dags/example_branch_day_of_week_operator.py
[2024-09-12T00:26:09.476+0000] {processor.py:840} INFO - DAG(s) 'example_weekday_branch_operator' retrieved from /home/airflow/.local/lib/python3.12/site-packages/airflow/example_dags/example_branch_day_of_week_operator.py
[2024-09-12T00:26:09.495+0000] {logging_mixin.py:188} INFO - [2024-09-12T00:26:09.495+0000] {dag.py:3089} INFO - Sync 1 DAGs
[2024-09-12T00:26:09.517+0000] {logging_mixin.py:188} INFO - [2024-09-12T00:26:09.517+0000] {dag.py:3947} INFO - Setting next_dagrun for example_weekday_branch_operator to 2024-09-11 00:00:00+00:00, run_after=2024-09-12 00:00:00+00:00
[2024-09-12T00:26:09.537+0000] {processor.py:183} INFO - Processing /home/airflow/.local/lib/python3.12/site-packages/airflow/example_dags/example_branch_day_of_week_operator.py took 0.079 seconds
[2024-09-12T00:26:40.070+0000] {processor.py:161} INFO - Started process (PID=815) to work on /home/airflow/.local/lib/python3.12/site-packages/airflow/example_dags/example_branch_day_of_week_operator.py
[2024-09-12T00:26:40.071+0000] {processor.py:830} INFO - Processing file /home/airflow/.local/lib/python3.12/site-packages/airflow/example_dags/example_branch_day_of_week_operator.py for tasks to queue
[2024-09-12T00:26:40.073+0000] {logging_mixin.py:188} INFO - [2024-09-12T00:26:40.073+0000] {dagbag.py:545} INFO - Filling up the DagBag from /home/airflow/.local/lib/python3.12/site-packages/airflow/example_dags/example_branch_day_of_week_operator.py
[2024-09-12T00:26:40.081+0000] {processor.py:840} INFO - DAG(s) 'example_weekday_branch_operator' retrieved from /home/airflow/.local/lib/python3.12/site-packages/airflow/example_dags/example_branch_day_of_week_operator.py
[2024-09-12T00:26:40.101+0000] {logging_mixin.py:188} INFO - [2024-09-12T00:26:40.101+0000] {dag.py:3089} INFO - Sync 1 DAGs
[2024-09-12T00:26:40.127+0000] {logging_mixin.py:188} INFO - [2024-09-12T00:26:40.127+0000] {dag.py:3947} INFO - Setting next_dagrun for example_weekday_branch_operator to 2024-09-11 00:00:00+00:00, run_after=2024-09-12 00:00:00+00:00
[2024-09-12T00:26:40.148+0000] {processor.py:183} INFO - Processing /home/airflow/.local/lib/python3.12/site-packages/airflow/example_dags/example_branch_day_of_week_operator.py took 0.084 seconds
[2024-09-12T00:27:10.599+0000] {processor.py:161} INFO - Started process (PID=875) to work on /home/airflow/.local/lib/python3.12/site-packages/airflow/example_dags/example_branch_day_of_week_operator.py
[2024-09-12T00:27:10.600+0000] {processor.py:830} INFO - Processing file /home/airflow/.local/lib/python3.12/site-packages/airflow/example_dags/example_branch_day_of_week_operator.py for tasks to queue
[2024-09-12T00:27:10.602+0000] {logging_mixin.py:188} INFO - [2024-09-12T00:27:10.602+0000] {dagbag.py:545} INFO - Filling up the DagBag from /home/airflow/.local/lib/python3.12/site-packages/airflow/example_dags/example_branch_day_of_week_operator.py
[2024-09-12T00:27:10.610+0000] {processor.py:840} INFO - DAG(s) 'example_weekday_branch_operator' retrieved from /home/airflow/.local/lib/python3.12/site-packages/airflow/example_dags/example_branch_day_of_week_operator.py
[2024-09-12T00:27:10.630+0000] {logging_mixin.py:188} INFO - [2024-09-12T00:27:10.630+0000] {dag.py:3089} INFO - Sync 1 DAGs
[2024-09-12T00:27:10.653+0000] {logging_mixin.py:188} INFO - [2024-09-12T00:27:10.653+0000] {dag.py:3947} INFO - Setting next_dagrun for example_weekday_branch_operator to 2024-09-11 00:00:00+00:00, run_after=2024-09-12 00:00:00+00:00
[2024-09-12T00:27:10.671+0000] {processor.py:183} INFO - Processing /home/airflow/.local/lib/python3.12/site-packages/airflow/example_dags/example_branch_day_of_week_operator.py took 0.077 seconds
[2024-09-12T00:27:40.791+0000] {processor.py:161} INFO - Started process (PID=935) to work on /home/airflow/.local/lib/python3.12/site-packages/airflow/example_dags/example_branch_day_of_week_operator.py
[2024-09-12T00:27:40.791+0000] {processor.py:830} INFO - Processing file /home/airflow/.local/lib/python3.12/site-packages/airflow/example_dags/example_branch_day_of_week_operator.py for tasks to queue
[2024-09-12T00:27:40.793+0000] {logging_mixin.py:188} INFO - [2024-09-12T00:27:40.793+0000] {dagbag.py:545} INFO - Filling up the DagBag from /home/airflow/.local/lib/python3.12/site-packages/airflow/example_dags/example_branch_day_of_week_operator.py
[2024-09-12T00:27:40.801+0000] {processor.py:840} INFO - DAG(s) 'example_weekday_branch_operator' retrieved from /home/airflow/.local/lib/python3.12/site-packages/airflow/example_dags/example_branch_day_of_week_operator.py
[2024-09-12T00:27:40.821+0000] {logging_mixin.py:188} INFO - [2024-09-12T00:27:40.821+0000] {dag.py:3089} INFO - Sync 1 DAGs
[2024-09-12T00:27:40.843+0000] {logging_mixin.py:188} INFO - [2024-09-12T00:27:40.843+0000] {dag.py:3947} INFO - Setting next_dagrun for example_weekday_branch_operator to 2024-09-11 00:00:00+00:00, run_after=2024-09-12 00:00:00+00:00
[2024-09-12T00:27:40.861+0000] {processor.py:183} INFO - Processing /home/airflow/.local/lib/python3.12/site-packages/airflow/example_dags/example_branch_day_of_week_operator.py took 0.077 seconds
[2024-09-12T00:28:11.305+0000] {processor.py:161} INFO - Started process (PID=995) to work on /home/airflow/.local/lib/python3.12/site-packages/airflow/example_dags/example_branch_day_of_week_operator.py
[2024-09-12T00:28:11.306+0000] {processor.py:830} INFO - Processing file /home/airflow/.local/lib/python3.12/site-packages/airflow/example_dags/example_branch_day_of_week_operator.py for tasks to queue
[2024-09-12T00:28:11.308+0000] {logging_mixin.py:188} INFO - [2024-09-12T00:28:11.307+0000] {dagbag.py:545} INFO - Filling up the DagBag from /home/airflow/.local/lib/python3.12/site-packages/airflow/example_dags/example_branch_day_of_week_operator.py
[2024-09-12T00:28:11.315+0000] {processor.py:840} INFO - DAG(s) 'example_weekday_branch_operator' retrieved from /home/airflow/.local/lib/python3.12/site-packages/airflow/example_dags/example_branch_day_of_week_operator.py
[2024-09-12T00:28:11.336+0000] {logging_mixin.py:188} INFO - [2024-09-12T00:28:11.335+0000] {dag.py:3089} INFO - Sync 1 DAGs
[2024-09-12T00:28:11.358+0000] {logging_mixin.py:188} INFO - [2024-09-12T00:28:11.358+0000] {dag.py:3947} INFO - Setting next_dagrun for example_weekday_branch_operator to 2024-09-11 00:00:00+00:00, run_after=2024-09-12 00:00:00+00:00
[2024-09-12T00:28:11.377+0000] {processor.py:183} INFO - Processing /home/airflow/.local/lib/python3.12/site-packages/airflow/example_dags/example_branch_day_of_week_operator.py took 0.077 seconds
[2024-09-12T00:28:41.446+0000] {processor.py:161} INFO - Started process (PID=1055) to work on /home/airflow/.local/lib/python3.12/site-packages/airflow/example_dags/example_branch_day_of_week_operator.py
[2024-09-12T00:28:41.447+0000] {processor.py:830} INFO - Processing file /home/airflow/.local/lib/python3.12/site-packages/airflow/example_dags/example_branch_day_of_week_operator.py for tasks to queue
[2024-09-12T00:28:41.449+0000] {logging_mixin.py:188} INFO - [2024-09-12T00:28:41.449+0000] {dagbag.py:545} INFO - Filling up the DagBag from /home/airflow/.local/lib/python3.12/site-packages/airflow/example_dags/example_branch_day_of_week_operator.py
[2024-09-12T00:28:41.457+0000] {processor.py:840} INFO - DAG(s) 'example_weekday_branch_operator' retrieved from /home/airflow/.local/lib/python3.12/site-packages/airflow/example_dags/example_branch_day_of_week_operator.py
[2024-09-12T00:28:41.477+0000] {logging_mixin.py:188} INFO - [2024-09-12T00:28:41.477+0000] {dag.py:3089} INFO - Sync 1 DAGs
[2024-09-12T00:28:41.499+0000] {logging_mixin.py:188} INFO - [2024-09-12T00:28:41.499+0000] {dag.py:3947} INFO - Setting next_dagrun for example_weekday_branch_operator to 2024-09-11 00:00:00+00:00, run_after=2024-09-12 00:00:00+00:00
[2024-09-12T00:28:41.518+0000] {processor.py:183} INFO - Processing /home/airflow/.local/lib/python3.12/site-packages/airflow/example_dags/example_branch_day_of_week_operator.py took 0.077 seconds
[2024-09-12T00:29:11.856+0000] {processor.py:161} INFO - Started process (PID=1115) to work on /home/airflow/.local/lib/python3.12/site-packages/airflow/example_dags/example_branch_day_of_week_operator.py
[2024-09-12T00:29:11.857+0000] {processor.py:830} INFO - Processing file /home/airflow/.local/lib/python3.12/site-packages/airflow/example_dags/example_branch_day_of_week_operator.py for tasks to queue
[2024-09-12T00:29:11.858+0000] {logging_mixin.py:188} INFO - [2024-09-12T00:29:11.858+0000] {dagbag.py:545} INFO - Filling up the DagBag from /home/airflow/.local/lib/python3.12/site-packages/airflow/example_dags/example_branch_day_of_week_operator.py
[2024-09-12T00:29:11.866+0000] {processor.py:840} INFO - DAG(s) 'example_weekday_branch_operator' retrieved from /home/airflow/.local/lib/python3.12/site-packages/airflow/example_dags/example_branch_day_of_week_operator.py
[2024-09-12T00:29:11.887+0000] {logging_mixin.py:188} INFO - [2024-09-12T00:29:11.887+0000] {dag.py:3089} INFO - Sync 1 DAGs
[2024-09-12T00:29:11.909+0000] {logging_mixin.py:188} INFO - [2024-09-12T00:29:11.909+0000] {dag.py:3947} INFO - Setting next_dagrun for example_weekday_branch_operator to 2024-09-11 00:00:00+00:00, run_after=2024-09-12 00:00:00+00:00
[2024-09-12T00:29:11.927+0000] {processor.py:183} INFO - Processing /home/airflow/.local/lib/python3.12/site-packages/airflow/example_dags/example_branch_day_of_week_operator.py took 0.077 seconds
[2024-09-12T00:29:42.393+0000] {processor.py:161} INFO - Started process (PID=1175) to work on /home/airflow/.local/lib/python3.12/site-packages/airflow/example_dags/example_branch_day_of_week_operator.py
[2024-09-12T00:29:42.394+0000] {processor.py:830} INFO - Processing file /home/airflow/.local/lib/python3.12/site-packages/airflow/example_dags/example_branch_day_of_week_operator.py for tasks to queue
[2024-09-12T00:29:42.396+0000] {logging_mixin.py:188} INFO - [2024-09-12T00:29:42.395+0000] {dagbag.py:545} INFO - Filling up the DagBag from /home/airflow/.local/lib/python3.12/site-packages/airflow/example_dags/example_branch_day_of_week_operator.py
[2024-09-12T00:29:42.403+0000] {processor.py:840} INFO - DAG(s) 'example_weekday_branch_operator' retrieved from /home/airflow/.local/lib/python3.12/site-packages/airflow/example_dags/example_branch_day_of_week_operator.py
[2024-09-12T00:29:42.422+0000] {logging_mixin.py:188} INFO - [2024-09-12T00:29:42.422+0000] {dag.py:3089} INFO - Sync 1 DAGs
[2024-09-12T00:29:42.446+0000] {logging_mixin.py:188} INFO - [2024-09-12T00:29:42.446+0000] {dag.py:3947} INFO - Setting next_dagrun for example_weekday_branch_operator to 2024-09-11 00:00:00+00:00, run_after=2024-09-12 00:00:00+00:00
[2024-09-12T00:29:42.466+0000] {processor.py:183} INFO - Processing /home/airflow/.local/lib/python3.12/site-packages/airflow/example_dags/example_branch_day_of_week_operator.py took 0.079 seconds
[2024-09-12T00:30:12.795+0000] {processor.py:161} INFO - Started process (PID=1235) to work on /home/airflow/.local/lib/python3.12/site-packages/airflow/example_dags/example_branch_day_of_week_operator.py
[2024-09-12T00:30:12.796+0000] {processor.py:830} INFO - Processing file /home/airflow/.local/lib/python3.12/site-packages/airflow/example_dags/example_branch_day_of_week_operator.py for tasks to queue
[2024-09-12T00:30:12.797+0000] {logging_mixin.py:188} INFO - [2024-09-12T00:30:12.797+0000] {dagbag.py:545} INFO - Filling up the DagBag from /home/airflow/.local/lib/python3.12/site-packages/airflow/example_dags/example_branch_day_of_week_operator.py
[2024-09-12T00:30:12.805+0000] {processor.py:840} INFO - DAG(s) 'example_weekday_branch_operator' retrieved from /home/airflow/.local/lib/python3.12/site-packages/airflow/example_dags/example_branch_day_of_week_operator.py
[2024-09-12T00:30:12.826+0000] {logging_mixin.py:188} INFO - [2024-09-12T00:30:12.825+0000] {dag.py:3089} INFO - Sync 1 DAGs
[2024-09-12T00:30:12.848+0000] {logging_mixin.py:188} INFO - [2024-09-12T00:30:12.848+0000] {dag.py:3947} INFO - Setting next_dagrun for example_weekday_branch_operator to 2024-09-11 00:00:00+00:00, run_after=2024-09-12 00:00:00+00:00
[2024-09-12T00:30:12.868+0000] {processor.py:183} INFO - Processing /home/airflow/.local/lib/python3.12/site-packages/airflow/example_dags/example_branch_day_of_week_operator.py took 0.078 seconds
[2024-09-12T00:30:43.273+0000] {processor.py:161} INFO - Started process (PID=1295) to work on /home/airflow/.local/lib/python3.12/site-packages/airflow/example_dags/example_branch_day_of_week_operator.py
[2024-09-12T00:30:43.274+0000] {processor.py:830} INFO - Processing file /home/airflow/.local/lib/python3.12/site-packages/airflow/example_dags/example_branch_day_of_week_operator.py for tasks to queue
[2024-09-12T00:30:43.275+0000] {logging_mixin.py:188} INFO - [2024-09-12T00:30:43.275+0000] {dagbag.py:545} INFO - Filling up the DagBag from /home/airflow/.local/lib/python3.12/site-packages/airflow/example_dags/example_branch_day_of_week_operator.py
[2024-09-12T00:30:43.283+0000] {processor.py:840} INFO - DAG(s) 'example_weekday_branch_operator' retrieved from /home/airflow/.local/lib/python3.12/site-packages/airflow/example_dags/example_branch_day_of_week_operator.py
[2024-09-12T00:30:43.303+0000] {logging_mixin.py:188} INFO - [2024-09-12T00:30:43.303+0000] {dag.py:3089} INFO - Sync 1 DAGs
[2024-09-12T00:30:43.325+0000] {logging_mixin.py:188} INFO - [2024-09-12T00:30:43.325+0000] {dag.py:3947} INFO - Setting next_dagrun for example_weekday_branch_operator to 2024-09-11 00:00:00+00:00, run_after=2024-09-12 00:00:00+00:00
[2024-09-12T00:30:43.342+0000] {processor.py:183} INFO - Processing /home/airflow/.local/lib/python3.12/site-packages/airflow/example_dags/example_branch_day_of_week_operator.py took 0.075 seconds
[2024-09-12T00:31:13.585+0000] {processor.py:161} INFO - Started process (PID=1355) to work on /home/airflow/.local/lib/python3.12/site-packages/airflow/example_dags/example_branch_day_of_week_operator.py
[2024-09-12T00:31:13.586+0000] {processor.py:830} INFO - Processing file /home/airflow/.local/lib/python3.12/site-packages/airflow/example_dags/example_branch_day_of_week_operator.py for tasks to queue
[2024-09-12T00:31:13.588+0000] {logging_mixin.py:188} INFO - [2024-09-12T00:31:13.587+0000] {dagbag.py:545} INFO - Filling up the DagBag from /home/airflow/.local/lib/python3.12/site-packages/airflow/example_dags/example_branch_day_of_week_operator.py
[2024-09-12T00:31:13.595+0000] {processor.py:840} INFO - DAG(s) 'example_weekday_branch_operator' retrieved from /home/airflow/.local/lib/python3.12/site-packages/airflow/example_dags/example_branch_day_of_week_operator.py
[2024-09-12T00:31:13.615+0000] {logging_mixin.py:188} INFO - [2024-09-12T00:31:13.614+0000] {dag.py:3089} INFO - Sync 1 DAGs
[2024-09-12T00:31:13.638+0000] {logging_mixin.py:188} INFO - [2024-09-12T00:31:13.638+0000] {dag.py:3947} INFO - Setting next_dagrun for example_weekday_branch_operator to 2024-09-11 00:00:00+00:00, run_after=2024-09-12 00:00:00+00:00
[2024-09-12T00:31:13.658+0000] {processor.py:183} INFO - Processing /home/airflow/.local/lib/python3.12/site-packages/airflow/example_dags/example_branch_day_of_week_operator.py took 0.079 seconds
[2024-09-12T00:31:43.872+0000] {processor.py:161} INFO - Started process (PID=1415) to work on /home/airflow/.local/lib/python3.12/site-packages/airflow/example_dags/example_branch_day_of_week_operator.py
[2024-09-12T00:31:43.873+0000] {processor.py:830} INFO - Processing file /home/airflow/.local/lib/python3.12/site-packages/airflow/example_dags/example_branch_day_of_week_operator.py for tasks to queue
[2024-09-12T00:31:43.875+0000] {logging_mixin.py:188} INFO - [2024-09-12T00:31:43.875+0000] {dagbag.py:545} INFO - Filling up the DagBag from /home/airflow/.local/lib/python3.12/site-packages/airflow/example_dags/example_branch_day_of_week_operator.py
[2024-09-12T00:31:43.886+0000] {processor.py:840} INFO - DAG(s) 'example_weekday_branch_operator' retrieved from /home/airflow/.local/lib/python3.12/site-packages/airflow/example_dags/example_branch_day_of_week_operator.py
[2024-09-12T00:31:43.909+0000] {logging_mixin.py:188} INFO - [2024-09-12T00:31:43.908+0000] {dag.py:3089} INFO - Sync 1 DAGs
[2024-09-12T00:31:44.084+0000] {logging_mixin.py:188} INFO - [2024-09-12T00:31:44.084+0000] {dag.py:3947} INFO - Setting next_dagrun for example_weekday_branch_operator to 2024-09-11 00:00:00+00:00, run_after=2024-09-12 00:00:00+00:00
[2024-09-12T00:31:44.126+0000] {processor.py:183} INFO - Processing /home/airflow/.local/lib/python3.12/site-packages/airflow/example_dags/example_branch_day_of_week_operator.py took 0.260 seconds
[2024-09-12T00:32:14.166+0000] {processor.py:161} INFO - Started process (PID=1475) to work on /home/airflow/.local/lib/python3.12/site-packages/airflow/example_dags/example_branch_day_of_week_operator.py
[2024-09-12T00:32:14.167+0000] {processor.py:830} INFO - Processing file /home/airflow/.local/lib/python3.12/site-packages/airflow/example_dags/example_branch_day_of_week_operator.py for tasks to queue
[2024-09-12T00:32:14.169+0000] {logging_mixin.py:188} INFO - [2024-09-12T00:32:14.169+0000] {dagbag.py:545} INFO - Filling up the DagBag from /home/airflow/.local/lib/python3.12/site-packages/airflow/example_dags/example_branch_day_of_week_operator.py
[2024-09-12T00:32:14.178+0000] {processor.py:840} INFO - DAG(s) 'example_weekday_branch_operator' retrieved from /home/airflow/.local/lib/python3.12/site-packages/airflow/example_dags/example_branch_day_of_week_operator.py
[2024-09-12T00:32:14.200+0000] {logging_mixin.py:188} INFO - [2024-09-12T00:32:14.200+0000] {dag.py:3089} INFO - Sync 1 DAGs
[2024-09-12T00:32:14.353+0000] {logging_mixin.py:188} INFO - [2024-09-12T00:32:14.352+0000] {dag.py:3947} INFO - Setting next_dagrun for example_weekday_branch_operator to 2024-09-11 00:00:00+00:00, run_after=2024-09-12 00:00:00+00:00
[2024-09-12T00:32:14.378+0000] {processor.py:183} INFO - Processing /home/airflow/.local/lib/python3.12/site-packages/airflow/example_dags/example_branch_day_of_week_operator.py took 0.217 seconds
[2024-09-12T00:32:45.124+0000] {processor.py:161} INFO - Started process (PID=1535) to work on /home/airflow/.local/lib/python3.12/site-packages/airflow/example_dags/example_branch_day_of_week_operator.py
[2024-09-12T00:32:45.125+0000] {processor.py:830} INFO - Processing file /home/airflow/.local/lib/python3.12/site-packages/airflow/example_dags/example_branch_day_of_week_operator.py for tasks to queue
[2024-09-12T00:32:45.128+0000] {logging_mixin.py:188} INFO - [2024-09-12T00:32:45.127+0000] {dagbag.py:545} INFO - Filling up the DagBag from /home/airflow/.local/lib/python3.12/site-packages/airflow/example_dags/example_branch_day_of_week_operator.py
[2024-09-12T00:32:45.135+0000] {processor.py:840} INFO - DAG(s) 'example_weekday_branch_operator' retrieved from /home/airflow/.local/lib/python3.12/site-packages/airflow/example_dags/example_branch_day_of_week_operator.py
[2024-09-12T00:32:45.155+0000] {logging_mixin.py:188} INFO - [2024-09-12T00:32:45.155+0000] {dag.py:3089} INFO - Sync 1 DAGs
[2024-09-12T00:32:45.179+0000] {logging_mixin.py:188} INFO - [2024-09-12T00:32:45.178+0000] {dag.py:3947} INFO - Setting next_dagrun for example_weekday_branch_operator to 2024-09-11 00:00:00+00:00, run_after=2024-09-12 00:00:00+00:00
[2024-09-12T00:32:45.199+0000] {processor.py:183} INFO - Processing /home/airflow/.local/lib/python3.12/site-packages/airflow/example_dags/example_branch_day_of_week_operator.py took 0.080 seconds
[2024-09-12T00:33:15.524+0000] {processor.py:161} INFO - Started process (PID=1595) to work on /home/airflow/.local/lib/python3.12/site-packages/airflow/example_dags/example_branch_day_of_week_operator.py
[2024-09-12T00:33:15.525+0000] {processor.py:830} INFO - Processing file /home/airflow/.local/lib/python3.12/site-packages/airflow/example_dags/example_branch_day_of_week_operator.py for tasks to queue
[2024-09-12T00:33:15.527+0000] {logging_mixin.py:188} INFO - [2024-09-12T00:33:15.527+0000] {dagbag.py:545} INFO - Filling up the DagBag from /home/airflow/.local/lib/python3.12/site-packages/airflow/example_dags/example_branch_day_of_week_operator.py
[2024-09-12T00:33:15.535+0000] {processor.py:840} INFO - DAG(s) 'example_weekday_branch_operator' retrieved from /home/airflow/.local/lib/python3.12/site-packages/airflow/example_dags/example_branch_day_of_week_operator.py
[2024-09-12T00:33:15.555+0000] {logging_mixin.py:188} INFO - [2024-09-12T00:33:15.555+0000] {dag.py:3089} INFO - Sync 1 DAGs
[2024-09-12T00:33:15.579+0000] {logging_mixin.py:188} INFO - [2024-09-12T00:33:15.579+0000] {dag.py:3947} INFO - Setting next_dagrun for example_weekday_branch_operator to 2024-09-11 00:00:00+00:00, run_after=2024-09-12 00:00:00+00:00
[2024-09-12T00:33:15.598+0000] {processor.py:183} INFO - Processing /home/airflow/.local/lib/python3.12/site-packages/airflow/example_dags/example_branch_day_of_week_operator.py took 0.079 seconds
[2024-09-12T00:33:46.120+0000] {processor.py:161} INFO - Started process (PID=1655) to work on /home/airflow/.local/lib/python3.12/site-packages/airflow/example_dags/example_branch_day_of_week_operator.py
[2024-09-12T00:33:46.120+0000] {processor.py:830} INFO - Processing file /home/airflow/.local/lib/python3.12/site-packages/airflow/example_dags/example_branch_day_of_week_operator.py for tasks to queue
[2024-09-12T00:33:46.122+0000] {logging_mixin.py:188} INFO - [2024-09-12T00:33:46.122+0000] {dagbag.py:545} INFO - Filling up the DagBag from /home/airflow/.local/lib/python3.12/site-packages/airflow/example_dags/example_branch_day_of_week_operator.py
[2024-09-12T00:33:46.130+0000] {processor.py:840} INFO - DAG(s) 'example_weekday_branch_operator' retrieved from /home/airflow/.local/lib/python3.12/site-packages/airflow/example_dags/example_branch_day_of_week_operator.py
[2024-09-12T00:33:46.150+0000] {logging_mixin.py:188} INFO - [2024-09-12T00:33:46.150+0000] {dag.py:3089} INFO - Sync 1 DAGs
[2024-09-12T00:33:46.173+0000] {logging_mixin.py:188} INFO - [2024-09-12T00:33:46.173+0000] {dag.py:3947} INFO - Setting next_dagrun for example_weekday_branch_operator to 2024-09-11 00:00:00+00:00, run_after=2024-09-12 00:00:00+00:00
[2024-09-12T00:33:46.193+0000] {processor.py:183} INFO - Processing /home/airflow/.local/lib/python3.12/site-packages/airflow/example_dags/example_branch_day_of_week_operator.py took 0.079 seconds
[2024-09-12T00:34:17.234+0000] {processor.py:161} INFO - Started process (PID=1715) to work on /home/airflow/.local/lib/python3.12/site-packages/airflow/example_dags/example_branch_day_of_week_operator.py
[2024-09-12T00:34:17.236+0000] {processor.py:830} INFO - Processing file /home/airflow/.local/lib/python3.12/site-packages/airflow/example_dags/example_branch_day_of_week_operator.py for tasks to queue
[2024-09-12T00:34:17.238+0000] {logging_mixin.py:188} INFO - [2024-09-12T00:34:17.237+0000] {dagbag.py:545} INFO - Filling up the DagBag from /home/airflow/.local/lib/python3.12/site-packages/airflow/example_dags/example_branch_day_of_week_operator.py
[2024-09-12T00:34:17.247+0000] {processor.py:840} INFO - DAG(s) 'example_weekday_branch_operator' retrieved from /home/airflow/.local/lib/python3.12/site-packages/airflow/example_dags/example_branch_day_of_week_operator.py
[2024-09-12T00:34:17.273+0000] {logging_mixin.py:188} INFO - [2024-09-12T00:34:17.273+0000] {dag.py:3089} INFO - Sync 1 DAGs
[2024-09-12T00:34:17.300+0000] {logging_mixin.py:188} INFO - [2024-09-12T00:34:17.300+0000] {dag.py:3947} INFO - Setting next_dagrun for example_weekday_branch_operator to 2024-09-11 00:00:00+00:00, run_after=2024-09-12 00:00:00+00:00
[2024-09-12T00:34:17.322+0000] {processor.py:183} INFO - Processing /home/airflow/.local/lib/python3.12/site-packages/airflow/example_dags/example_branch_day_of_week_operator.py took 0.094 seconds
[2024-09-12T00:34:47.551+0000] {processor.py:161} INFO - Started process (PID=1775) to work on /home/airflow/.local/lib/python3.12/site-packages/airflow/example_dags/example_branch_day_of_week_operator.py
[2024-09-12T00:34:47.552+0000] {processor.py:830} INFO - Processing file /home/airflow/.local/lib/python3.12/site-packages/airflow/example_dags/example_branch_day_of_week_operator.py for tasks to queue
[2024-09-12T00:34:47.554+0000] {logging_mixin.py:188} INFO - [2024-09-12T00:34:47.554+0000] {dagbag.py:545} INFO - Filling up the DagBag from /home/airflow/.local/lib/python3.12/site-packages/airflow/example_dags/example_branch_day_of_week_operator.py
[2024-09-12T00:34:47.562+0000] {processor.py:840} INFO - DAG(s) 'example_weekday_branch_operator' retrieved from /home/airflow/.local/lib/python3.12/site-packages/airflow/example_dags/example_branch_day_of_week_operator.py
[2024-09-12T00:34:47.582+0000] {logging_mixin.py:188} INFO - [2024-09-12T00:34:47.582+0000] {dag.py:3089} INFO - Sync 1 DAGs
[2024-09-12T00:34:47.606+0000] {logging_mixin.py:188} INFO - [2024-09-12T00:34:47.606+0000] {dag.py:3947} INFO - Setting next_dagrun for example_weekday_branch_operator to 2024-09-11 00:00:00+00:00, run_after=2024-09-12 00:00:00+00:00
[2024-09-12T00:34:47.625+0000] {processor.py:183} INFO - Processing /home/airflow/.local/lib/python3.12/site-packages/airflow/example_dags/example_branch_day_of_week_operator.py took 0.079 seconds
[2024-09-12T00:35:17.742+0000] {processor.py:161} INFO - Started process (PID=1835) to work on /home/airflow/.local/lib/python3.12/site-packages/airflow/example_dags/example_branch_day_of_week_operator.py
[2024-09-12T00:35:17.743+0000] {processor.py:830} INFO - Processing file /home/airflow/.local/lib/python3.12/site-packages/airflow/example_dags/example_branch_day_of_week_operator.py for tasks to queue
[2024-09-12T00:35:17.745+0000] {logging_mixin.py:188} INFO - [2024-09-12T00:35:17.744+0000] {dagbag.py:545} INFO - Filling up the DagBag from /home/airflow/.local/lib/python3.12/site-packages/airflow/example_dags/example_branch_day_of_week_operator.py
[2024-09-12T00:35:17.752+0000] {processor.py:840} INFO - DAG(s) 'example_weekday_branch_operator' retrieved from /home/airflow/.local/lib/python3.12/site-packages/airflow/example_dags/example_branch_day_of_week_operator.py
[2024-09-12T00:35:17.773+0000] {logging_mixin.py:188} INFO - [2024-09-12T00:35:17.773+0000] {dag.py:3089} INFO - Sync 1 DAGs
[2024-09-12T00:35:17.796+0000] {logging_mixin.py:188} INFO - [2024-09-12T00:35:17.796+0000] {dag.py:3947} INFO - Setting next_dagrun for example_weekday_branch_operator to 2024-09-11 00:00:00+00:00, run_after=2024-09-12 00:00:00+00:00
[2024-09-12T00:35:17.816+0000] {processor.py:183} INFO - Processing /home/airflow/.local/lib/python3.12/site-packages/airflow/example_dags/example_branch_day_of_week_operator.py took 0.080 seconds
[2024-09-12T00:35:48.225+0000] {processor.py:161} INFO - Started process (PID=1895) to work on /home/airflow/.local/lib/python3.12/site-packages/airflow/example_dags/example_branch_day_of_week_operator.py
[2024-09-12T00:35:48.226+0000] {processor.py:830} INFO - Processing file /home/airflow/.local/lib/python3.12/site-packages/airflow/example_dags/example_branch_day_of_week_operator.py for tasks to queue
[2024-09-12T00:35:48.228+0000] {logging_mixin.py:188} INFO - [2024-09-12T00:35:48.228+0000] {dagbag.py:545} INFO - Filling up the DagBag from /home/airflow/.local/lib/python3.12/site-packages/airflow/example_dags/example_branch_day_of_week_operator.py
[2024-09-12T00:35:48.237+0000] {processor.py:840} INFO - DAG(s) 'example_weekday_branch_operator' retrieved from /home/airflow/.local/lib/python3.12/site-packages/airflow/example_dags/example_branch_day_of_week_operator.py
[2024-09-12T00:35:48.261+0000] {logging_mixin.py:188} INFO - [2024-09-12T00:35:48.261+0000] {dag.py:3089} INFO - Sync 1 DAGs
[2024-09-12T00:35:48.290+0000] {logging_mixin.py:188} INFO - [2024-09-12T00:35:48.290+0000] {dag.py:3947} INFO - Setting next_dagrun for example_weekday_branch_operator to 2024-09-11 00:00:00+00:00, run_after=2024-09-12 00:00:00+00:00
[2024-09-12T00:35:48.319+0000] {processor.py:183} INFO - Processing /home/airflow/.local/lib/python3.12/site-packages/airflow/example_dags/example_branch_day_of_week_operator.py took 0.102 seconds
[2024-09-12T00:36:18.548+0000] {processor.py:161} INFO - Started process (PID=1955) to work on /home/airflow/.local/lib/python3.12/site-packages/airflow/example_dags/example_branch_day_of_week_operator.py
[2024-09-12T00:36:18.548+0000] {processor.py:830} INFO - Processing file /home/airflow/.local/lib/python3.12/site-packages/airflow/example_dags/example_branch_day_of_week_operator.py for tasks to queue
[2024-09-12T00:36:18.551+0000] {logging_mixin.py:188} INFO - [2024-09-12T00:36:18.551+0000] {dagbag.py:545} INFO - Filling up the DagBag from /home/airflow/.local/lib/python3.12/site-packages/airflow/example_dags/example_branch_day_of_week_operator.py
[2024-09-12T00:36:18.558+0000] {processor.py:840} INFO - DAG(s) 'example_weekday_branch_operator' retrieved from /home/airflow/.local/lib/python3.12/site-packages/airflow/example_dags/example_branch_day_of_week_operator.py
[2024-09-12T00:36:18.579+0000] {logging_mixin.py:188} INFO - [2024-09-12T00:36:18.578+0000] {dag.py:3089} INFO - Sync 1 DAGs
[2024-09-12T00:36:18.602+0000] {logging_mixin.py:188} INFO - [2024-09-12T00:36:18.602+0000] {dag.py:3947} INFO - Setting next_dagrun for example_weekday_branch_operator to 2024-09-11 00:00:00+00:00, run_after=2024-09-12 00:00:00+00:00
[2024-09-12T00:36:18.622+0000] {processor.py:183} INFO - Processing /home/airflow/.local/lib/python3.12/site-packages/airflow/example_dags/example_branch_day_of_week_operator.py took 0.080 seconds
[2024-09-12T00:36:48.717+0000] {processor.py:161} INFO - Started process (PID=2014) to work on /home/airflow/.local/lib/python3.12/site-packages/airflow/example_dags/example_branch_day_of_week_operator.py
[2024-09-12T00:36:48.718+0000] {processor.py:830} INFO - Processing file /home/airflow/.local/lib/python3.12/site-packages/airflow/example_dags/example_branch_day_of_week_operator.py for tasks to queue
[2024-09-12T00:36:48.720+0000] {logging_mixin.py:188} INFO - [2024-09-12T00:36:48.720+0000] {dagbag.py:545} INFO - Filling up the DagBag from /home/airflow/.local/lib/python3.12/site-packages/airflow/example_dags/example_branch_day_of_week_operator.py
[2024-09-12T00:36:48.727+0000] {processor.py:840} INFO - DAG(s) 'example_weekday_branch_operator' retrieved from /home/airflow/.local/lib/python3.12/site-packages/airflow/example_dags/example_branch_day_of_week_operator.py
[2024-09-12T00:36:48.748+0000] {logging_mixin.py:188} INFO - [2024-09-12T00:36:48.748+0000] {dag.py:3089} INFO - Sync 1 DAGs
[2024-09-12T00:36:48.773+0000] {logging_mixin.py:188} INFO - [2024-09-12T00:36:48.772+0000] {dag.py:3947} INFO - Setting next_dagrun for example_weekday_branch_operator to 2024-09-11 00:00:00+00:00, run_after=2024-09-12 00:00:00+00:00
[2024-09-12T00:36:48.794+0000] {processor.py:183} INFO - Processing /home/airflow/.local/lib/python3.12/site-packages/airflow/example_dags/example_branch_day_of_week_operator.py took 0.082 seconds
[2024-09-12T00:37:19.732+0000] {processor.py:161} INFO - Started process (PID=2074) to work on /home/airflow/.local/lib/python3.12/site-packages/airflow/example_dags/example_branch_day_of_week_operator.py
[2024-09-12T00:37:19.733+0000] {processor.py:830} INFO - Processing file /home/airflow/.local/lib/python3.12/site-packages/airflow/example_dags/example_branch_day_of_week_operator.py for tasks to queue
[2024-09-12T00:37:19.734+0000] {logging_mixin.py:188} INFO - [2024-09-12T00:37:19.734+0000] {dagbag.py:545} INFO - Filling up the DagBag from /home/airflow/.local/lib/python3.12/site-packages/airflow/example_dags/example_branch_day_of_week_operator.py
[2024-09-12T00:37:19.743+0000] {processor.py:840} INFO - DAG(s) 'example_weekday_branch_operator' retrieved from /home/airflow/.local/lib/python3.12/site-packages/airflow/example_dags/example_branch_day_of_week_operator.py
[2024-09-12T00:37:19.763+0000] {logging_mixin.py:188} INFO - [2024-09-12T00:37:19.763+0000] {dag.py:3089} INFO - Sync 1 DAGs
[2024-09-12T00:37:19.787+0000] {logging_mixin.py:188} INFO - [2024-09-12T00:37:19.786+0000] {dag.py:3947} INFO - Setting next_dagrun for example_weekday_branch_operator to 2024-09-11 00:00:00+00:00, run_after=2024-09-12 00:00:00+00:00
[2024-09-12T00:37:19.807+0000] {processor.py:183} INFO - Processing /home/airflow/.local/lib/python3.12/site-packages/airflow/example_dags/example_branch_day_of_week_operator.py took 0.081 seconds
[2024-09-12T00:37:49.850+0000] {processor.py:161} INFO - Started process (PID=2133) to work on /home/airflow/.local/lib/python3.12/site-packages/airflow/example_dags/example_branch_day_of_week_operator.py
[2024-09-12T00:37:49.851+0000] {processor.py:830} INFO - Processing file /home/airflow/.local/lib/python3.12/site-packages/airflow/example_dags/example_branch_day_of_week_operator.py for tasks to queue
[2024-09-12T00:37:49.853+0000] {logging_mixin.py:188} INFO - [2024-09-12T00:37:49.852+0000] {dagbag.py:545} INFO - Filling up the DagBag from /home/airflow/.local/lib/python3.12/site-packages/airflow/example_dags/example_branch_day_of_week_operator.py
[2024-09-12T00:37:49.861+0000] {processor.py:840} INFO - DAG(s) 'example_weekday_branch_operator' retrieved from /home/airflow/.local/lib/python3.12/site-packages/airflow/example_dags/example_branch_day_of_week_operator.py
[2024-09-12T00:37:49.882+0000] {logging_mixin.py:188} INFO - [2024-09-12T00:37:49.882+0000] {dag.py:3089} INFO - Sync 1 DAGs
[2024-09-12T00:37:49.910+0000] {logging_mixin.py:188} INFO - [2024-09-12T00:37:49.909+0000] {dag.py:3947} INFO - Setting next_dagrun for example_weekday_branch_operator to 2024-09-11 00:00:00+00:00, run_after=2024-09-12 00:00:00+00:00
[2024-09-12T00:37:49.937+0000] {processor.py:183} INFO - Processing /home/airflow/.local/lib/python3.12/site-packages/airflow/example_dags/example_branch_day_of_week_operator.py took 0.094 seconds
