[2024-09-12T00:20:27.447+0000] {processor.py:161} INFO - Started process (PID=80) to work on /home/airflow/.local/lib/python3.12/site-packages/airflow/example_dags/example_branch_labels.py
[2024-09-12T00:20:27.448+0000] {processor.py:830} INFO - Processing file /home/airflow/.local/lib/python3.12/site-packages/airflow/example_dags/example_branch_labels.py for tasks to queue
[2024-09-12T00:20:27.450+0000] {logging_mixin.py:188} INFO - [2024-09-12T00:20:27.449+0000] {dagbag.py:545} INFO - Filling up the DagBag from /home/airflow/.local/lib/python3.12/site-packages/airflow/example_dags/example_branch_labels.py
[2024-09-12T00:20:27.462+0000] {processor.py:840} INFO - DAG(s) 'example_branch_labels' retrieved from /home/airflow/.local/lib/python3.12/site-packages/airflow/example_dags/example_branch_labels.py
[2024-09-12T00:20:27.482+0000] {logging_mixin.py:188} INFO - [2024-09-12T00:20:27.482+0000] {dag.py:3089} INFO - Sync 1 DAGs
[2024-09-12T00:20:27.503+0000] {logging_mixin.py:188} INFO - [2024-09-12T00:20:27.503+0000] {dag.py:3947} INFO - Setting next_dagrun for example_branch_labels to 2024-09-11 00:00:00+00:00, run_after=2024-09-12 00:00:00+00:00
[2024-09-12T00:20:27.986+0000] {processor.py:183} INFO - Processing /home/airflow/.local/lib/python3.12/site-packages/airflow/example_dags/example_branch_labels.py took 0.547 seconds
[2024-09-12T00:20:58.160+0000] {processor.py:161} INFO - Started process (PID=140) to work on /home/airflow/.local/lib/python3.12/site-packages/airflow/example_dags/example_branch_labels.py
[2024-09-12T00:20:58.162+0000] {processor.py:830} INFO - Processing file /home/airflow/.local/lib/python3.12/site-packages/airflow/example_dags/example_branch_labels.py for tasks to queue
[2024-09-12T00:20:58.164+0000] {logging_mixin.py:188} INFO - [2024-09-12T00:20:58.163+0000] {dagbag.py:545} INFO - Filling up the DagBag from /home/airflow/.local/lib/python3.12/site-packages/airflow/example_dags/example_branch_labels.py
[2024-09-12T00:20:58.171+0000] {processor.py:840} INFO - DAG(s) 'example_branch_labels' retrieved from /home/airflow/.local/lib/python3.12/site-packages/airflow/example_dags/example_branch_labels.py
[2024-09-12T00:20:58.191+0000] {logging_mixin.py:188} INFO - [2024-09-12T00:20:58.190+0000] {dag.py:3089} INFO - Sync 1 DAGs
[2024-09-12T00:20:58.213+0000] {logging_mixin.py:188} INFO - [2024-09-12T00:20:58.212+0000] {dag.py:3947} INFO - Setting next_dagrun for example_branch_labels to 2024-09-11 00:00:00+00:00, run_after=2024-09-12 00:00:00+00:00
[2024-09-12T00:20:58.231+0000] {processor.py:183} INFO - Processing /home/airflow/.local/lib/python3.12/site-packages/airflow/example_dags/example_branch_labels.py took 0.076 seconds
[2024-09-12T00:21:28.680+0000] {processor.py:161} INFO - Started process (PID=200) to work on /home/airflow/.local/lib/python3.12/site-packages/airflow/example_dags/example_branch_labels.py
[2024-09-12T00:21:28.681+0000] {processor.py:830} INFO - Processing file /home/airflow/.local/lib/python3.12/site-packages/airflow/example_dags/example_branch_labels.py for tasks to queue
[2024-09-12T00:21:28.683+0000] {logging_mixin.py:188} INFO - [2024-09-12T00:21:28.682+0000] {dagbag.py:545} INFO - Filling up the DagBag from /home/airflow/.local/lib/python3.12/site-packages/airflow/example_dags/example_branch_labels.py
[2024-09-12T00:21:28.691+0000] {processor.py:840} INFO - DAG(s) 'example_branch_labels' retrieved from /home/airflow/.local/lib/python3.12/site-packages/airflow/example_dags/example_branch_labels.py
[2024-09-12T00:21:28.715+0000] {logging_mixin.py:188} INFO - [2024-09-12T00:21:28.715+0000] {dag.py:3089} INFO - Sync 1 DAGs
[2024-09-12T00:21:28.741+0000] {logging_mixin.py:188} INFO - [2024-09-12T00:21:28.741+0000] {dag.py:3947} INFO - Setting next_dagrun for example_branch_labels to 2024-09-11 00:00:00+00:00, run_after=2024-09-12 00:00:00+00:00
[2024-09-12T00:21:28.761+0000] {processor.py:183} INFO - Processing /home/airflow/.local/lib/python3.12/site-packages/airflow/example_dags/example_branch_labels.py took 0.087 seconds
[2024-09-12T00:21:59.687+0000] {processor.py:161} INFO - Started process (PID=260) to work on /home/airflow/.local/lib/python3.12/site-packages/airflow/example_dags/example_branch_labels.py
[2024-09-12T00:21:59.688+0000] {processor.py:830} INFO - Processing file /home/airflow/.local/lib/python3.12/site-packages/airflow/example_dags/example_branch_labels.py for tasks to queue
[2024-09-12T00:21:59.690+0000] {logging_mixin.py:188} INFO - [2024-09-12T00:21:59.690+0000] {dagbag.py:545} INFO - Filling up the DagBag from /home/airflow/.local/lib/python3.12/site-packages/airflow/example_dags/example_branch_labels.py
[2024-09-12T00:21:59.698+0000] {processor.py:840} INFO - DAG(s) 'example_branch_labels' retrieved from /home/airflow/.local/lib/python3.12/site-packages/airflow/example_dags/example_branch_labels.py
[2024-09-12T00:21:59.721+0000] {logging_mixin.py:188} INFO - [2024-09-12T00:21:59.720+0000] {dag.py:3089} INFO - Sync 1 DAGs
[2024-09-12T00:21:59.745+0000] {logging_mixin.py:188} INFO - [2024-09-12T00:21:59.744+0000] {dag.py:3947} INFO - Setting next_dagrun for example_branch_labels to 2024-09-11 00:00:00+00:00, run_after=2024-09-12 00:00:00+00:00
[2024-09-12T00:21:59.763+0000] {processor.py:183} INFO - Processing /home/airflow/.local/lib/python3.12/site-packages/airflow/example_dags/example_branch_labels.py took 0.082 seconds
[2024-09-12T00:22:30.619+0000] {processor.py:161} INFO - Started process (PID=320) to work on /home/airflow/.local/lib/python3.12/site-packages/airflow/example_dags/example_branch_labels.py
[2024-09-12T00:22:30.620+0000] {processor.py:830} INFO - Processing file /home/airflow/.local/lib/python3.12/site-packages/airflow/example_dags/example_branch_labels.py for tasks to queue
[2024-09-12T00:22:30.622+0000] {logging_mixin.py:188} INFO - [2024-09-12T00:22:30.622+0000] {dagbag.py:545} INFO - Filling up the DagBag from /home/airflow/.local/lib/python3.12/site-packages/airflow/example_dags/example_branch_labels.py
[2024-09-12T00:22:30.630+0000] {processor.py:840} INFO - DAG(s) 'example_branch_labels' retrieved from /home/airflow/.local/lib/python3.12/site-packages/airflow/example_dags/example_branch_labels.py
[2024-09-12T00:22:30.650+0000] {logging_mixin.py:188} INFO - [2024-09-12T00:22:30.650+0000] {dag.py:3089} INFO - Sync 1 DAGs
[2024-09-12T00:22:30.673+0000] {logging_mixin.py:188} INFO - [2024-09-12T00:22:30.673+0000] {dag.py:3947} INFO - Setting next_dagrun for example_branch_labels to 2024-09-11 00:00:00+00:00, run_after=2024-09-12 00:00:00+00:00
[2024-09-12T00:22:30.692+0000] {processor.py:183} INFO - Processing /home/airflow/.local/lib/python3.12/site-packages/airflow/example_dags/example_branch_labels.py took 0.079 seconds
[2024-09-12T00:23:01.189+0000] {processor.py:161} INFO - Started process (PID=380) to work on /home/airflow/.local/lib/python3.12/site-packages/airflow/example_dags/example_branch_labels.py
[2024-09-12T00:23:01.190+0000] {processor.py:830} INFO - Processing file /home/airflow/.local/lib/python3.12/site-packages/airflow/example_dags/example_branch_labels.py for tasks to queue
[2024-09-12T00:23:01.192+0000] {logging_mixin.py:188} INFO - [2024-09-12T00:23:01.192+0000] {dagbag.py:545} INFO - Filling up the DagBag from /home/airflow/.local/lib/python3.12/site-packages/airflow/example_dags/example_branch_labels.py
[2024-09-12T00:23:01.201+0000] {processor.py:840} INFO - DAG(s) 'example_branch_labels' retrieved from /home/airflow/.local/lib/python3.12/site-packages/airflow/example_dags/example_branch_labels.py
[2024-09-12T00:23:01.221+0000] {logging_mixin.py:188} INFO - [2024-09-12T00:23:01.221+0000] {dag.py:3089} INFO - Sync 1 DAGs
[2024-09-12T00:23:01.248+0000] {logging_mixin.py:188} INFO - [2024-09-12T00:23:01.248+0000] {dag.py:3947} INFO - Setting next_dagrun for example_branch_labels to 2024-09-11 00:00:00+00:00, run_after=2024-09-12 00:00:00+00:00
[2024-09-12T00:23:01.274+0000] {processor.py:183} INFO - Processing /home/airflow/.local/lib/python3.12/site-packages/airflow/example_dags/example_branch_labels.py took 0.092 seconds
[2024-09-12T00:23:31.897+0000] {processor.py:161} INFO - Started process (PID=440) to work on /home/airflow/.local/lib/python3.12/site-packages/airflow/example_dags/example_branch_labels.py
[2024-09-12T00:23:31.898+0000] {processor.py:830} INFO - Processing file /home/airflow/.local/lib/python3.12/site-packages/airflow/example_dags/example_branch_labels.py for tasks to queue
[2024-09-12T00:23:31.900+0000] {logging_mixin.py:188} INFO - [2024-09-12T00:23:31.900+0000] {dagbag.py:545} INFO - Filling up the DagBag from /home/airflow/.local/lib/python3.12/site-packages/airflow/example_dags/example_branch_labels.py
[2024-09-12T00:23:31.908+0000] {processor.py:840} INFO - DAG(s) 'example_branch_labels' retrieved from /home/airflow/.local/lib/python3.12/site-packages/airflow/example_dags/example_branch_labels.py
[2024-09-12T00:23:31.928+0000] {logging_mixin.py:188} INFO - [2024-09-12T00:23:31.928+0000] {dag.py:3089} INFO - Sync 1 DAGs
[2024-09-12T00:23:31.951+0000] {logging_mixin.py:188} INFO - [2024-09-12T00:23:31.950+0000] {dag.py:3947} INFO - Setting next_dagrun for example_branch_labels to 2024-09-11 00:00:00+00:00, run_after=2024-09-12 00:00:00+00:00
[2024-09-12T00:23:31.968+0000] {processor.py:183} INFO - Processing /home/airflow/.local/lib/python3.12/site-packages/airflow/example_dags/example_branch_labels.py took 0.077 seconds
[2024-09-12T00:24:02.521+0000] {processor.py:161} INFO - Started process (PID=500) to work on /home/airflow/.local/lib/python3.12/site-packages/airflow/example_dags/example_branch_labels.py
[2024-09-12T00:24:02.522+0000] {processor.py:830} INFO - Processing file /home/airflow/.local/lib/python3.12/site-packages/airflow/example_dags/example_branch_labels.py for tasks to queue
[2024-09-12T00:24:02.524+0000] {logging_mixin.py:188} INFO - [2024-09-12T00:24:02.524+0000] {dagbag.py:545} INFO - Filling up the DagBag from /home/airflow/.local/lib/python3.12/site-packages/airflow/example_dags/example_branch_labels.py
[2024-09-12T00:24:02.532+0000] {processor.py:840} INFO - DAG(s) 'example_branch_labels' retrieved from /home/airflow/.local/lib/python3.12/site-packages/airflow/example_dags/example_branch_labels.py
[2024-09-12T00:24:02.552+0000] {logging_mixin.py:188} INFO - [2024-09-12T00:24:02.552+0000] {dag.py:3089} INFO - Sync 1 DAGs
[2024-09-12T00:24:02.577+0000] {logging_mixin.py:188} INFO - [2024-09-12T00:24:02.576+0000] {dag.py:3947} INFO - Setting next_dagrun for example_branch_labels to 2024-09-11 00:00:00+00:00, run_after=2024-09-12 00:00:00+00:00
[2024-09-12T00:24:02.597+0000] {processor.py:183} INFO - Processing /home/airflow/.local/lib/python3.12/site-packages/airflow/example_dags/example_branch_labels.py took 0.082 seconds
[2024-09-12T00:24:32.719+0000] {processor.py:161} INFO - Started process (PID=560) to work on /home/airflow/.local/lib/python3.12/site-packages/airflow/example_dags/example_branch_labels.py
[2024-09-12T00:24:32.720+0000] {processor.py:830} INFO - Processing file /home/airflow/.local/lib/python3.12/site-packages/airflow/example_dags/example_branch_labels.py for tasks to queue
[2024-09-12T00:24:32.722+0000] {logging_mixin.py:188} INFO - [2024-09-12T00:24:32.721+0000] {dagbag.py:545} INFO - Filling up the DagBag from /home/airflow/.local/lib/python3.12/site-packages/airflow/example_dags/example_branch_labels.py
[2024-09-12T00:24:32.729+0000] {processor.py:840} INFO - DAG(s) 'example_branch_labels' retrieved from /home/airflow/.local/lib/python3.12/site-packages/airflow/example_dags/example_branch_labels.py
[2024-09-12T00:24:32.751+0000] {logging_mixin.py:188} INFO - [2024-09-12T00:24:32.751+0000] {dag.py:3089} INFO - Sync 1 DAGs
[2024-09-12T00:24:32.773+0000] {logging_mixin.py:188} INFO - [2024-09-12T00:24:32.773+0000] {dag.py:3947} INFO - Setting next_dagrun for example_branch_labels to 2024-09-11 00:00:00+00:00, run_after=2024-09-12 00:00:00+00:00
[2024-09-12T00:24:32.791+0000] {processor.py:183} INFO - Processing /home/airflow/.local/lib/python3.12/site-packages/airflow/example_dags/example_branch_labels.py took 0.078 seconds
[2024-09-12T00:25:03.226+0000] {processor.py:161} INFO - Started process (PID=620) to work on /home/airflow/.local/lib/python3.12/site-packages/airflow/example_dags/example_branch_labels.py
[2024-09-12T00:25:03.227+0000] {processor.py:830} INFO - Processing file /home/airflow/.local/lib/python3.12/site-packages/airflow/example_dags/example_branch_labels.py for tasks to queue
[2024-09-12T00:25:03.229+0000] {logging_mixin.py:188} INFO - [2024-09-12T00:25:03.229+0000] {dagbag.py:545} INFO - Filling up the DagBag from /home/airflow/.local/lib/python3.12/site-packages/airflow/example_dags/example_branch_labels.py
[2024-09-12T00:25:03.236+0000] {processor.py:840} INFO - DAG(s) 'example_branch_labels' retrieved from /home/airflow/.local/lib/python3.12/site-packages/airflow/example_dags/example_branch_labels.py
[2024-09-12T00:25:03.260+0000] {logging_mixin.py:188} INFO - [2024-09-12T00:25:03.260+0000] {dag.py:3089} INFO - Sync 1 DAGs
[2024-09-12T00:25:03.283+0000] {logging_mixin.py:188} INFO - [2024-09-12T00:25:03.283+0000] {dag.py:3947} INFO - Setting next_dagrun for example_branch_labels to 2024-09-11 00:00:00+00:00, run_after=2024-09-12 00:00:00+00:00
[2024-09-12T00:25:03.303+0000] {processor.py:183} INFO - Processing /home/airflow/.local/lib/python3.12/site-packages/airflow/example_dags/example_branch_labels.py took 0.082 seconds
[2024-09-12T00:25:33.510+0000] {processor.py:161} INFO - Started process (PID=680) to work on /home/airflow/.local/lib/python3.12/site-packages/airflow/example_dags/example_branch_labels.py
[2024-09-12T00:25:33.511+0000] {processor.py:830} INFO - Processing file /home/airflow/.local/lib/python3.12/site-packages/airflow/example_dags/example_branch_labels.py for tasks to queue
[2024-09-12T00:25:33.513+0000] {logging_mixin.py:188} INFO - [2024-09-12T00:25:33.512+0000] {dagbag.py:545} INFO - Filling up the DagBag from /home/airflow/.local/lib/python3.12/site-packages/airflow/example_dags/example_branch_labels.py
[2024-09-12T00:25:33.521+0000] {processor.py:840} INFO - DAG(s) 'example_branch_labels' retrieved from /home/airflow/.local/lib/python3.12/site-packages/airflow/example_dags/example_branch_labels.py
[2024-09-12T00:25:33.542+0000] {logging_mixin.py:188} INFO - [2024-09-12T00:25:33.541+0000] {dag.py:3089} INFO - Sync 1 DAGs
[2024-09-12T00:25:33.564+0000] {logging_mixin.py:188} INFO - [2024-09-12T00:25:33.564+0000] {dag.py:3947} INFO - Setting next_dagrun for example_branch_labels to 2024-09-11 00:00:00+00:00, run_after=2024-09-12 00:00:00+00:00
[2024-09-12T00:25:33.583+0000] {processor.py:183} INFO - Processing /home/airflow/.local/lib/python3.12/site-packages/airflow/example_dags/example_branch_labels.py took 0.079 seconds
[2024-09-12T00:26:03.690+0000] {processor.py:161} INFO - Started process (PID=740) to work on /home/airflow/.local/lib/python3.12/site-packages/airflow/example_dags/example_branch_labels.py
[2024-09-12T00:26:03.691+0000] {processor.py:830} INFO - Processing file /home/airflow/.local/lib/python3.12/site-packages/airflow/example_dags/example_branch_labels.py for tasks to queue
[2024-09-12T00:26:03.693+0000] {logging_mixin.py:188} INFO - [2024-09-12T00:26:03.693+0000] {dagbag.py:545} INFO - Filling up the DagBag from /home/airflow/.local/lib/python3.12/site-packages/airflow/example_dags/example_branch_labels.py
[2024-09-12T00:26:03.700+0000] {processor.py:840} INFO - DAG(s) 'example_branch_labels' retrieved from /home/airflow/.local/lib/python3.12/site-packages/airflow/example_dags/example_branch_labels.py
[2024-09-12T00:26:03.720+0000] {logging_mixin.py:188} INFO - [2024-09-12T00:26:03.720+0000] {dag.py:3089} INFO - Sync 1 DAGs
[2024-09-12T00:26:03.742+0000] {logging_mixin.py:188} INFO - [2024-09-12T00:26:03.742+0000] {dag.py:3947} INFO - Setting next_dagrun for example_branch_labels to 2024-09-11 00:00:00+00:00, run_after=2024-09-12 00:00:00+00:00
[2024-09-12T00:26:03.761+0000] {processor.py:183} INFO - Processing /home/airflow/.local/lib/python3.12/site-packages/airflow/example_dags/example_branch_labels.py took 0.077 seconds
[2024-09-12T00:26:34.280+0000] {processor.py:161} INFO - Started process (PID=800) to work on /home/airflow/.local/lib/python3.12/site-packages/airflow/example_dags/example_branch_labels.py
[2024-09-12T00:26:34.281+0000] {processor.py:830} INFO - Processing file /home/airflow/.local/lib/python3.12/site-packages/airflow/example_dags/example_branch_labels.py for tasks to queue
[2024-09-12T00:26:34.282+0000] {logging_mixin.py:188} INFO - [2024-09-12T00:26:34.282+0000] {dagbag.py:545} INFO - Filling up the DagBag from /home/airflow/.local/lib/python3.12/site-packages/airflow/example_dags/example_branch_labels.py
[2024-09-12T00:26:34.290+0000] {processor.py:840} INFO - DAG(s) 'example_branch_labels' retrieved from /home/airflow/.local/lib/python3.12/site-packages/airflow/example_dags/example_branch_labels.py
[2024-09-12T00:26:34.311+0000] {logging_mixin.py:188} INFO - [2024-09-12T00:26:34.311+0000] {dag.py:3089} INFO - Sync 1 DAGs
[2024-09-12T00:26:34.334+0000] {logging_mixin.py:188} INFO - [2024-09-12T00:26:34.333+0000] {dag.py:3947} INFO - Setting next_dagrun for example_branch_labels to 2024-09-11 00:00:00+00:00, run_after=2024-09-12 00:00:00+00:00
[2024-09-12T00:26:34.354+0000] {processor.py:183} INFO - Processing /home/airflow/.local/lib/python3.12/site-packages/airflow/example_dags/example_branch_labels.py took 0.079 seconds
[2024-09-12T00:27:04.813+0000] {processor.py:161} INFO - Started process (PID=860) to work on /home/airflow/.local/lib/python3.12/site-packages/airflow/example_dags/example_branch_labels.py
[2024-09-12T00:27:04.814+0000] {processor.py:830} INFO - Processing file /home/airflow/.local/lib/python3.12/site-packages/airflow/example_dags/example_branch_labels.py for tasks to queue
[2024-09-12T00:27:04.815+0000] {logging_mixin.py:188} INFO - [2024-09-12T00:27:04.815+0000] {dagbag.py:545} INFO - Filling up the DagBag from /home/airflow/.local/lib/python3.12/site-packages/airflow/example_dags/example_branch_labels.py
[2024-09-12T00:27:04.823+0000] {processor.py:840} INFO - DAG(s) 'example_branch_labels' retrieved from /home/airflow/.local/lib/python3.12/site-packages/airflow/example_dags/example_branch_labels.py
[2024-09-12T00:27:04.844+0000] {logging_mixin.py:188} INFO - [2024-09-12T00:27:04.844+0000] {dag.py:3089} INFO - Sync 1 DAGs
[2024-09-12T00:27:04.866+0000] {logging_mixin.py:188} INFO - [2024-09-12T00:27:04.866+0000] {dag.py:3947} INFO - Setting next_dagrun for example_branch_labels to 2024-09-11 00:00:00+00:00, run_after=2024-09-12 00:00:00+00:00
[2024-09-12T00:27:04.884+0000] {processor.py:183} INFO - Processing /home/airflow/.local/lib/python3.12/site-packages/airflow/example_dags/example_branch_labels.py took 0.077 seconds
[2024-09-12T00:27:35.833+0000] {processor.py:161} INFO - Started process (PID=920) to work on /home/airflow/.local/lib/python3.12/site-packages/airflow/example_dags/example_branch_labels.py
[2024-09-12T00:27:35.834+0000] {processor.py:830} INFO - Processing file /home/airflow/.local/lib/python3.12/site-packages/airflow/example_dags/example_branch_labels.py for tasks to queue
[2024-09-12T00:27:35.836+0000] {logging_mixin.py:188} INFO - [2024-09-12T00:27:35.835+0000] {dagbag.py:545} INFO - Filling up the DagBag from /home/airflow/.local/lib/python3.12/site-packages/airflow/example_dags/example_branch_labels.py
[2024-09-12T00:27:35.843+0000] {processor.py:840} INFO - DAG(s) 'example_branch_labels' retrieved from /home/airflow/.local/lib/python3.12/site-packages/airflow/example_dags/example_branch_labels.py
[2024-09-12T00:27:35.862+0000] {logging_mixin.py:188} INFO - [2024-09-12T00:27:35.862+0000] {dag.py:3089} INFO - Sync 1 DAGs
[2024-09-12T00:27:35.887+0000] {logging_mixin.py:188} INFO - [2024-09-12T00:27:35.887+0000] {dag.py:3947} INFO - Setting next_dagrun for example_branch_labels to 2024-09-11 00:00:00+00:00, run_after=2024-09-12 00:00:00+00:00
[2024-09-12T00:27:35.907+0000] {processor.py:183} INFO - Processing /home/airflow/.local/lib/python3.12/site-packages/airflow/example_dags/example_branch_labels.py took 0.080 seconds
[2024-09-12T00:28:06.048+0000] {processor.py:161} INFO - Started process (PID=978) to work on /home/airflow/.local/lib/python3.12/site-packages/airflow/example_dags/example_branch_labels.py
[2024-09-12T00:28:06.049+0000] {processor.py:830} INFO - Processing file /home/airflow/.local/lib/python3.12/site-packages/airflow/example_dags/example_branch_labels.py for tasks to queue
[2024-09-12T00:28:06.051+0000] {logging_mixin.py:188} INFO - [2024-09-12T00:28:06.051+0000] {dagbag.py:545} INFO - Filling up the DagBag from /home/airflow/.local/lib/python3.12/site-packages/airflow/example_dags/example_branch_labels.py
[2024-09-12T00:28:06.059+0000] {processor.py:840} INFO - DAG(s) 'example_branch_labels' retrieved from /home/airflow/.local/lib/python3.12/site-packages/airflow/example_dags/example_branch_labels.py
[2024-09-12T00:28:06.080+0000] {logging_mixin.py:188} INFO - [2024-09-12T00:28:06.080+0000] {dag.py:3089} INFO - Sync 1 DAGs
[2024-09-12T00:28:06.102+0000] {logging_mixin.py:188} INFO - [2024-09-12T00:28:06.102+0000] {dag.py:3947} INFO - Setting next_dagrun for example_branch_labels to 2024-09-11 00:00:00+00:00, run_after=2024-09-12 00:00:00+00:00
[2024-09-12T00:28:06.120+0000] {processor.py:183} INFO - Processing /home/airflow/.local/lib/python3.12/site-packages/airflow/example_dags/example_branch_labels.py took 0.078 seconds
[2024-09-12T00:28:36.238+0000] {processor.py:161} INFO - Started process (PID=1038) to work on /home/airflow/.local/lib/python3.12/site-packages/airflow/example_dags/example_branch_labels.py
[2024-09-12T00:28:36.239+0000] {processor.py:830} INFO - Processing file /home/airflow/.local/lib/python3.12/site-packages/airflow/example_dags/example_branch_labels.py for tasks to queue
[2024-09-12T00:28:36.242+0000] {logging_mixin.py:188} INFO - [2024-09-12T00:28:36.241+0000] {dagbag.py:545} INFO - Filling up the DagBag from /home/airflow/.local/lib/python3.12/site-packages/airflow/example_dags/example_branch_labels.py
[2024-09-12T00:28:36.250+0000] {processor.py:840} INFO - DAG(s) 'example_branch_labels' retrieved from /home/airflow/.local/lib/python3.12/site-packages/airflow/example_dags/example_branch_labels.py
[2024-09-12T00:28:36.272+0000] {logging_mixin.py:188} INFO - [2024-09-12T00:28:36.272+0000] {dag.py:3089} INFO - Sync 1 DAGs
[2024-09-12T00:28:36.296+0000] {logging_mixin.py:188} INFO - [2024-09-12T00:28:36.296+0000] {dag.py:3947} INFO - Setting next_dagrun for example_branch_labels to 2024-09-11 00:00:00+00:00, run_after=2024-09-12 00:00:00+00:00
[2024-09-12T00:28:36.315+0000] {processor.py:183} INFO - Processing /home/airflow/.local/lib/python3.12/site-packages/airflow/example_dags/example_branch_labels.py took 0.084 seconds
[2024-09-12T00:29:06.620+0000] {processor.py:161} INFO - Started process (PID=1098) to work on /home/airflow/.local/lib/python3.12/site-packages/airflow/example_dags/example_branch_labels.py
[2024-09-12T00:29:06.620+0000] {processor.py:830} INFO - Processing file /home/airflow/.local/lib/python3.12/site-packages/airflow/example_dags/example_branch_labels.py for tasks to queue
[2024-09-12T00:29:06.622+0000] {logging_mixin.py:188} INFO - [2024-09-12T00:29:06.622+0000] {dagbag.py:545} INFO - Filling up the DagBag from /home/airflow/.local/lib/python3.12/site-packages/airflow/example_dags/example_branch_labels.py
[2024-09-12T00:29:06.630+0000] {processor.py:840} INFO - DAG(s) 'example_branch_labels' retrieved from /home/airflow/.local/lib/python3.12/site-packages/airflow/example_dags/example_branch_labels.py
[2024-09-12T00:29:06.649+0000] {logging_mixin.py:188} INFO - [2024-09-12T00:29:06.649+0000] {dag.py:3089} INFO - Sync 1 DAGs
[2024-09-12T00:29:06.672+0000] {logging_mixin.py:188} INFO - [2024-09-12T00:29:06.671+0000] {dag.py:3947} INFO - Setting next_dagrun for example_branch_labels to 2024-09-11 00:00:00+00:00, run_after=2024-09-12 00:00:00+00:00
[2024-09-12T00:29:06.689+0000] {processor.py:183} INFO - Processing /home/airflow/.local/lib/python3.12/site-packages/airflow/example_dags/example_branch_labels.py took 0.076 seconds
[2024-09-12T00:29:37.097+0000] {processor.py:161} INFO - Started process (PID=1158) to work on /home/airflow/.local/lib/python3.12/site-packages/airflow/example_dags/example_branch_labels.py
[2024-09-12T00:29:37.098+0000] {processor.py:830} INFO - Processing file /home/airflow/.local/lib/python3.12/site-packages/airflow/example_dags/example_branch_labels.py for tasks to queue
[2024-09-12T00:29:37.100+0000] {logging_mixin.py:188} INFO - [2024-09-12T00:29:37.100+0000] {dagbag.py:545} INFO - Filling up the DagBag from /home/airflow/.local/lib/python3.12/site-packages/airflow/example_dags/example_branch_labels.py
[2024-09-12T00:29:37.108+0000] {processor.py:840} INFO - DAG(s) 'example_branch_labels' retrieved from /home/airflow/.local/lib/python3.12/site-packages/airflow/example_dags/example_branch_labels.py
[2024-09-12T00:29:37.128+0000] {logging_mixin.py:188} INFO - [2024-09-12T00:29:37.128+0000] {dag.py:3089} INFO - Sync 1 DAGs
[2024-09-12T00:29:37.150+0000] {logging_mixin.py:188} INFO - [2024-09-12T00:29:37.150+0000] {dag.py:3947} INFO - Setting next_dagrun for example_branch_labels to 2024-09-11 00:00:00+00:00, run_after=2024-09-12 00:00:00+00:00
[2024-09-12T00:29:37.169+0000] {processor.py:183} INFO - Processing /home/airflow/.local/lib/python3.12/site-packages/airflow/example_dags/example_branch_labels.py took 0.077 seconds
[2024-09-12T00:30:07.715+0000] {processor.py:161} INFO - Started process (PID=1218) to work on /home/airflow/.local/lib/python3.12/site-packages/airflow/example_dags/example_branch_labels.py
[2024-09-12T00:30:07.715+0000] {processor.py:830} INFO - Processing file /home/airflow/.local/lib/python3.12/site-packages/airflow/example_dags/example_branch_labels.py for tasks to queue
[2024-09-12T00:30:07.717+0000] {logging_mixin.py:188} INFO - [2024-09-12T00:30:07.717+0000] {dagbag.py:545} INFO - Filling up the DagBag from /home/airflow/.local/lib/python3.12/site-packages/airflow/example_dags/example_branch_labels.py
[2024-09-12T00:30:07.725+0000] {processor.py:840} INFO - DAG(s) 'example_branch_labels' retrieved from /home/airflow/.local/lib/python3.12/site-packages/airflow/example_dags/example_branch_labels.py
[2024-09-12T00:30:07.747+0000] {logging_mixin.py:188} INFO - [2024-09-12T00:30:07.746+0000] {dag.py:3089} INFO - Sync 1 DAGs
[2024-09-12T00:30:07.775+0000] {logging_mixin.py:188} INFO - [2024-09-12T00:30:07.775+0000] {dag.py:3947} INFO - Setting next_dagrun for example_branch_labels to 2024-09-11 00:00:00+00:00, run_after=2024-09-12 00:00:00+00:00
[2024-09-12T00:30:07.950+0000] {processor.py:183} INFO - Processing /home/airflow/.local/lib/python3.12/site-packages/airflow/example_dags/example_branch_labels.py took 0.241 seconds
[2024-09-12T00:30:38.071+0000] {processor.py:161} INFO - Started process (PID=1278) to work on /home/airflow/.local/lib/python3.12/site-packages/airflow/example_dags/example_branch_labels.py
[2024-09-12T00:30:38.072+0000] {processor.py:830} INFO - Processing file /home/airflow/.local/lib/python3.12/site-packages/airflow/example_dags/example_branch_labels.py for tasks to queue
[2024-09-12T00:30:38.074+0000] {logging_mixin.py:188} INFO - [2024-09-12T00:30:38.074+0000] {dagbag.py:545} INFO - Filling up the DagBag from /home/airflow/.local/lib/python3.12/site-packages/airflow/example_dags/example_branch_labels.py
[2024-09-12T00:30:38.081+0000] {processor.py:840} INFO - DAG(s) 'example_branch_labels' retrieved from /home/airflow/.local/lib/python3.12/site-packages/airflow/example_dags/example_branch_labels.py
[2024-09-12T00:30:38.103+0000] {logging_mixin.py:188} INFO - [2024-09-12T00:30:38.103+0000] {dag.py:3089} INFO - Sync 1 DAGs
[2024-09-12T00:30:38.127+0000] {logging_mixin.py:188} INFO - [2024-09-12T00:30:38.127+0000] {dag.py:3947} INFO - Setting next_dagrun for example_branch_labels to 2024-09-11 00:00:00+00:00, run_after=2024-09-12 00:00:00+00:00
[2024-09-12T00:30:38.255+0000] {processor.py:183} INFO - Processing /home/airflow/.local/lib/python3.12/site-packages/airflow/example_dags/example_branch_labels.py took 0.190 seconds
[2024-09-12T00:31:08.394+0000] {processor.py:161} INFO - Started process (PID=1338) to work on /home/airflow/.local/lib/python3.12/site-packages/airflow/example_dags/example_branch_labels.py
[2024-09-12T00:31:08.395+0000] {processor.py:830} INFO - Processing file /home/airflow/.local/lib/python3.12/site-packages/airflow/example_dags/example_branch_labels.py for tasks to queue
[2024-09-12T00:31:08.397+0000] {logging_mixin.py:188} INFO - [2024-09-12T00:31:08.397+0000] {dagbag.py:545} INFO - Filling up the DagBag from /home/airflow/.local/lib/python3.12/site-packages/airflow/example_dags/example_branch_labels.py
[2024-09-12T00:31:08.404+0000] {processor.py:840} INFO - DAG(s) 'example_branch_labels' retrieved from /home/airflow/.local/lib/python3.12/site-packages/airflow/example_dags/example_branch_labels.py
[2024-09-12T00:31:08.425+0000] {logging_mixin.py:188} INFO - [2024-09-12T00:31:08.425+0000] {dag.py:3089} INFO - Sync 1 DAGs
[2024-09-12T00:31:08.450+0000] {logging_mixin.py:188} INFO - [2024-09-12T00:31:08.449+0000] {dag.py:3947} INFO - Setting next_dagrun for example_branch_labels to 2024-09-11 00:00:00+00:00, run_after=2024-09-12 00:00:00+00:00
[2024-09-12T00:31:08.579+0000] {processor.py:183} INFO - Processing /home/airflow/.local/lib/python3.12/site-packages/airflow/example_dags/example_branch_labels.py took 0.191 seconds
[2024-09-12T00:31:38.846+0000] {processor.py:161} INFO - Started process (PID=1398) to work on /home/airflow/.local/lib/python3.12/site-packages/airflow/example_dags/example_branch_labels.py
[2024-09-12T00:31:38.847+0000] {processor.py:830} INFO - Processing file /home/airflow/.local/lib/python3.12/site-packages/airflow/example_dags/example_branch_labels.py for tasks to queue
[2024-09-12T00:31:38.849+0000] {logging_mixin.py:188} INFO - [2024-09-12T00:31:38.849+0000] {dagbag.py:545} INFO - Filling up the DagBag from /home/airflow/.local/lib/python3.12/site-packages/airflow/example_dags/example_branch_labels.py
[2024-09-12T00:31:38.857+0000] {processor.py:840} INFO - DAG(s) 'example_branch_labels' retrieved from /home/airflow/.local/lib/python3.12/site-packages/airflow/example_dags/example_branch_labels.py
[2024-09-12T00:31:38.878+0000] {logging_mixin.py:188} INFO - [2024-09-12T00:31:38.878+0000] {dag.py:3089} INFO - Sync 1 DAGs
[2024-09-12T00:31:38.902+0000] {logging_mixin.py:188} INFO - [2024-09-12T00:31:38.902+0000] {dag.py:3947} INFO - Setting next_dagrun for example_branch_labels to 2024-09-11 00:00:00+00:00, run_after=2024-09-12 00:00:00+00:00
[2024-09-12T00:31:39.035+0000] {processor.py:183} INFO - Processing /home/airflow/.local/lib/python3.12/site-packages/airflow/example_dags/example_branch_labels.py took 0.194 seconds
[2024-09-12T00:32:09.889+0000] {processor.py:161} INFO - Started process (PID=1458) to work on /home/airflow/.local/lib/python3.12/site-packages/airflow/example_dags/example_branch_labels.py
[2024-09-12T00:32:09.890+0000] {processor.py:830} INFO - Processing file /home/airflow/.local/lib/python3.12/site-packages/airflow/example_dags/example_branch_labels.py for tasks to queue
[2024-09-12T00:32:09.892+0000] {logging_mixin.py:188} INFO - [2024-09-12T00:32:09.892+0000] {dagbag.py:545} INFO - Filling up the DagBag from /home/airflow/.local/lib/python3.12/site-packages/airflow/example_dags/example_branch_labels.py
[2024-09-12T00:32:09.901+0000] {processor.py:840} INFO - DAG(s) 'example_branch_labels' retrieved from /home/airflow/.local/lib/python3.12/site-packages/airflow/example_dags/example_branch_labels.py
[2024-09-12T00:32:09.924+0000] {logging_mixin.py:188} INFO - [2024-09-12T00:32:09.924+0000] {dag.py:3089} INFO - Sync 1 DAGs
[2024-09-12T00:32:09.947+0000] {logging_mixin.py:188} INFO - [2024-09-12T00:32:09.947+0000] {dag.py:3947} INFO - Setting next_dagrun for example_branch_labels to 2024-09-11 00:00:00+00:00, run_after=2024-09-12 00:00:00+00:00
[2024-09-12T00:32:09.967+0000] {processor.py:183} INFO - Processing /home/airflow/.local/lib/python3.12/site-packages/airflow/example_dags/example_branch_labels.py took 0.083 seconds
[2024-09-12T00:32:40.122+0000] {processor.py:161} INFO - Started process (PID=1517) to work on /home/airflow/.local/lib/python3.12/site-packages/airflow/example_dags/example_branch_labels.py
[2024-09-12T00:32:40.123+0000] {processor.py:830} INFO - Processing file /home/airflow/.local/lib/python3.12/site-packages/airflow/example_dags/example_branch_labels.py for tasks to queue
[2024-09-12T00:32:40.125+0000] {logging_mixin.py:188} INFO - [2024-09-12T00:32:40.125+0000] {dagbag.py:545} INFO - Filling up the DagBag from /home/airflow/.local/lib/python3.12/site-packages/airflow/example_dags/example_branch_labels.py
[2024-09-12T00:32:40.134+0000] {processor.py:840} INFO - DAG(s) 'example_branch_labels' retrieved from /home/airflow/.local/lib/python3.12/site-packages/airflow/example_dags/example_branch_labels.py
[2024-09-12T00:32:40.154+0000] {logging_mixin.py:188} INFO - [2024-09-12T00:32:40.154+0000] {dag.py:3089} INFO - Sync 1 DAGs
[2024-09-12T00:32:40.178+0000] {logging_mixin.py:188} INFO - [2024-09-12T00:32:40.178+0000] {dag.py:3947} INFO - Setting next_dagrun for example_branch_labels to 2024-09-11 00:00:00+00:00, run_after=2024-09-12 00:00:00+00:00
[2024-09-12T00:32:40.199+0000] {processor.py:183} INFO - Processing /home/airflow/.local/lib/python3.12/site-packages/airflow/example_dags/example_branch_labels.py took 0.083 seconds
[2024-09-12T00:33:10.317+0000] {processor.py:161} INFO - Started process (PID=1577) to work on /home/airflow/.local/lib/python3.12/site-packages/airflow/example_dags/example_branch_labels.py
[2024-09-12T00:33:10.318+0000] {processor.py:830} INFO - Processing file /home/airflow/.local/lib/python3.12/site-packages/airflow/example_dags/example_branch_labels.py for tasks to queue
[2024-09-12T00:33:10.320+0000] {logging_mixin.py:188} INFO - [2024-09-12T00:33:10.319+0000] {dagbag.py:545} INFO - Filling up the DagBag from /home/airflow/.local/lib/python3.12/site-packages/airflow/example_dags/example_branch_labels.py
[2024-09-12T00:33:10.331+0000] {processor.py:840} INFO - DAG(s) 'example_branch_labels' retrieved from /home/airflow/.local/lib/python3.12/site-packages/airflow/example_dags/example_branch_labels.py
[2024-09-12T00:33:10.354+0000] {logging_mixin.py:188} INFO - [2024-09-12T00:33:10.354+0000] {dag.py:3089} INFO - Sync 1 DAGs
[2024-09-12T00:33:10.378+0000] {logging_mixin.py:188} INFO - [2024-09-12T00:33:10.377+0000] {dag.py:3947} INFO - Setting next_dagrun for example_branch_labels to 2024-09-11 00:00:00+00:00, run_after=2024-09-12 00:00:00+00:00
[2024-09-12T00:33:10.397+0000] {processor.py:183} INFO - Processing /home/airflow/.local/lib/python3.12/site-packages/airflow/example_dags/example_branch_labels.py took 0.087 seconds
[2024-09-12T00:33:40.498+0000] {processor.py:161} INFO - Started process (PID=1637) to work on /home/airflow/.local/lib/python3.12/site-packages/airflow/example_dags/example_branch_labels.py
[2024-09-12T00:33:40.499+0000] {processor.py:830} INFO - Processing file /home/airflow/.local/lib/python3.12/site-packages/airflow/example_dags/example_branch_labels.py for tasks to queue
[2024-09-12T00:33:40.501+0000] {logging_mixin.py:188} INFO - [2024-09-12T00:33:40.500+0000] {dagbag.py:545} INFO - Filling up the DagBag from /home/airflow/.local/lib/python3.12/site-packages/airflow/example_dags/example_branch_labels.py
[2024-09-12T00:33:40.508+0000] {processor.py:840} INFO - DAG(s) 'example_branch_labels' retrieved from /home/airflow/.local/lib/python3.12/site-packages/airflow/example_dags/example_branch_labels.py
[2024-09-12T00:33:40.532+0000] {logging_mixin.py:188} INFO - [2024-09-12T00:33:40.531+0000] {dag.py:3089} INFO - Sync 1 DAGs
[2024-09-12T00:33:40.556+0000] {logging_mixin.py:188} INFO - [2024-09-12T00:33:40.556+0000] {dag.py:3947} INFO - Setting next_dagrun for example_branch_labels to 2024-09-11 00:00:00+00:00, run_after=2024-09-12 00:00:00+00:00
[2024-09-12T00:33:40.575+0000] {processor.py:183} INFO - Processing /home/airflow/.local/lib/python3.12/site-packages/airflow/example_dags/example_branch_labels.py took 0.084 seconds
[2024-09-12T00:34:11.181+0000] {processor.py:161} INFO - Started process (PID=1698) to work on /home/airflow/.local/lib/python3.12/site-packages/airflow/example_dags/example_branch_labels.py
[2024-09-12T00:34:11.181+0000] {processor.py:830} INFO - Processing file /home/airflow/.local/lib/python3.12/site-packages/airflow/example_dags/example_branch_labels.py for tasks to queue
[2024-09-12T00:34:11.183+0000] {logging_mixin.py:188} INFO - [2024-09-12T00:34:11.183+0000] {dagbag.py:545} INFO - Filling up the DagBag from /home/airflow/.local/lib/python3.12/site-packages/airflow/example_dags/example_branch_labels.py
[2024-09-12T00:34:11.191+0000] {processor.py:840} INFO - DAG(s) 'example_branch_labels' retrieved from /home/airflow/.local/lib/python3.12/site-packages/airflow/example_dags/example_branch_labels.py
[2024-09-12T00:34:11.212+0000] {logging_mixin.py:188} INFO - [2024-09-12T00:34:11.212+0000] {dag.py:3089} INFO - Sync 1 DAGs
[2024-09-12T00:34:11.236+0000] {logging_mixin.py:188} INFO - [2024-09-12T00:34:11.236+0000] {dag.py:3947} INFO - Setting next_dagrun for example_branch_labels to 2024-09-11 00:00:00+00:00, run_after=2024-09-12 00:00:00+00:00
[2024-09-12T00:34:11.257+0000] {processor.py:183} INFO - Processing /home/airflow/.local/lib/python3.12/site-packages/airflow/example_dags/example_branch_labels.py took 0.082 seconds
[2024-09-12T00:34:41.511+0000] {processor.py:161} INFO - Started process (PID=1758) to work on /home/airflow/.local/lib/python3.12/site-packages/airflow/example_dags/example_branch_labels.py
[2024-09-12T00:34:41.512+0000] {processor.py:830} INFO - Processing file /home/airflow/.local/lib/python3.12/site-packages/airflow/example_dags/example_branch_labels.py for tasks to queue
[2024-09-12T00:34:41.514+0000] {logging_mixin.py:188} INFO - [2024-09-12T00:34:41.514+0000] {dagbag.py:545} INFO - Filling up the DagBag from /home/airflow/.local/lib/python3.12/site-packages/airflow/example_dags/example_branch_labels.py
[2024-09-12T00:34:41.525+0000] {processor.py:840} INFO - DAG(s) 'example_branch_labels' retrieved from /home/airflow/.local/lib/python3.12/site-packages/airflow/example_dags/example_branch_labels.py
[2024-09-12T00:34:41.546+0000] {logging_mixin.py:188} INFO - [2024-09-12T00:34:41.546+0000] {dag.py:3089} INFO - Sync 1 DAGs
[2024-09-12T00:34:41.575+0000] {logging_mixin.py:188} INFO - [2024-09-12T00:34:41.574+0000] {dag.py:3947} INFO - Setting next_dagrun for example_branch_labels to 2024-09-11 00:00:00+00:00, run_after=2024-09-12 00:00:00+00:00
[2024-09-12T00:34:41.594+0000] {processor.py:183} INFO - Processing /home/airflow/.local/lib/python3.12/site-packages/airflow/example_dags/example_branch_labels.py took 0.091 seconds
[2024-09-12T00:35:11.725+0000] {processor.py:161} INFO - Started process (PID=1818) to work on /home/airflow/.local/lib/python3.12/site-packages/airflow/example_dags/example_branch_labels.py
[2024-09-12T00:35:11.726+0000] {processor.py:830} INFO - Processing file /home/airflow/.local/lib/python3.12/site-packages/airflow/example_dags/example_branch_labels.py for tasks to queue
[2024-09-12T00:35:11.729+0000] {logging_mixin.py:188} INFO - [2024-09-12T00:35:11.728+0000] {dagbag.py:545} INFO - Filling up the DagBag from /home/airflow/.local/lib/python3.12/site-packages/airflow/example_dags/example_branch_labels.py
[2024-09-12T00:35:11.736+0000] {processor.py:840} INFO - DAG(s) 'example_branch_labels' retrieved from /home/airflow/.local/lib/python3.12/site-packages/airflow/example_dags/example_branch_labels.py
[2024-09-12T00:35:11.757+0000] {logging_mixin.py:188} INFO - [2024-09-12T00:35:11.757+0000] {dag.py:3089} INFO - Sync 1 DAGs
[2024-09-12T00:35:11.783+0000] {logging_mixin.py:188} INFO - [2024-09-12T00:35:11.783+0000] {dag.py:3947} INFO - Setting next_dagrun for example_branch_labels to 2024-09-11 00:00:00+00:00, run_after=2024-09-12 00:00:00+00:00
[2024-09-12T00:35:11.804+0000] {processor.py:183} INFO - Processing /home/airflow/.local/lib/python3.12/site-packages/airflow/example_dags/example_branch_labels.py took 0.084 seconds
[2024-09-12T00:35:42.262+0000] {processor.py:161} INFO - Started process (PID=1878) to work on /home/airflow/.local/lib/python3.12/site-packages/airflow/example_dags/example_branch_labels.py
[2024-09-12T00:35:42.263+0000] {processor.py:830} INFO - Processing file /home/airflow/.local/lib/python3.12/site-packages/airflow/example_dags/example_branch_labels.py for tasks to queue
[2024-09-12T00:35:42.265+0000] {logging_mixin.py:188} INFO - [2024-09-12T00:35:42.265+0000] {dagbag.py:545} INFO - Filling up the DagBag from /home/airflow/.local/lib/python3.12/site-packages/airflow/example_dags/example_branch_labels.py
[2024-09-12T00:35:42.272+0000] {processor.py:840} INFO - DAG(s) 'example_branch_labels' retrieved from /home/airflow/.local/lib/python3.12/site-packages/airflow/example_dags/example_branch_labels.py
[2024-09-12T00:35:42.295+0000] {logging_mixin.py:188} INFO - [2024-09-12T00:35:42.294+0000] {dag.py:3089} INFO - Sync 1 DAGs
[2024-09-12T00:35:42.320+0000] {logging_mixin.py:188} INFO - [2024-09-12T00:35:42.320+0000] {dag.py:3947} INFO - Setting next_dagrun for example_branch_labels to 2024-09-11 00:00:00+00:00, run_after=2024-09-12 00:00:00+00:00
[2024-09-12T00:35:42.341+0000] {processor.py:183} INFO - Processing /home/airflow/.local/lib/python3.12/site-packages/airflow/example_dags/example_branch_labels.py took 0.084 seconds
[2024-09-12T00:36:12.540+0000] {processor.py:161} INFO - Started process (PID=1938) to work on /home/airflow/.local/lib/python3.12/site-packages/airflow/example_dags/example_branch_labels.py
[2024-09-12T00:36:12.542+0000] {processor.py:830} INFO - Processing file /home/airflow/.local/lib/python3.12/site-packages/airflow/example_dags/example_branch_labels.py for tasks to queue
[2024-09-12T00:36:12.544+0000] {logging_mixin.py:188} INFO - [2024-09-12T00:36:12.543+0000] {dagbag.py:545} INFO - Filling up the DagBag from /home/airflow/.local/lib/python3.12/site-packages/airflow/example_dags/example_branch_labels.py
[2024-09-12T00:36:12.551+0000] {processor.py:840} INFO - DAG(s) 'example_branch_labels' retrieved from /home/airflow/.local/lib/python3.12/site-packages/airflow/example_dags/example_branch_labels.py
[2024-09-12T00:36:12.574+0000] {logging_mixin.py:188} INFO - [2024-09-12T00:36:12.574+0000] {dag.py:3089} INFO - Sync 1 DAGs
[2024-09-12T00:36:12.598+0000] {logging_mixin.py:188} INFO - [2024-09-12T00:36:12.598+0000] {dag.py:3947} INFO - Setting next_dagrun for example_branch_labels to 2024-09-11 00:00:00+00:00, run_after=2024-09-12 00:00:00+00:00
[2024-09-12T00:36:12.617+0000] {processor.py:183} INFO - Processing /home/airflow/.local/lib/python3.12/site-packages/airflow/example_dags/example_branch_labels.py took 0.082 seconds
[2024-09-12T00:36:42.736+0000] {processor.py:161} INFO - Started process (PID=1998) to work on /home/airflow/.local/lib/python3.12/site-packages/airflow/example_dags/example_branch_labels.py
[2024-09-12T00:36:42.737+0000] {processor.py:830} INFO - Processing file /home/airflow/.local/lib/python3.12/site-packages/airflow/example_dags/example_branch_labels.py for tasks to queue
[2024-09-12T00:36:42.739+0000] {logging_mixin.py:188} INFO - [2024-09-12T00:36:42.738+0000] {dagbag.py:545} INFO - Filling up the DagBag from /home/airflow/.local/lib/python3.12/site-packages/airflow/example_dags/example_branch_labels.py
[2024-09-12T00:36:42.747+0000] {processor.py:840} INFO - DAG(s) 'example_branch_labels' retrieved from /home/airflow/.local/lib/python3.12/site-packages/airflow/example_dags/example_branch_labels.py
[2024-09-12T00:36:42.767+0000] {logging_mixin.py:188} INFO - [2024-09-12T00:36:42.767+0000] {dag.py:3089} INFO - Sync 1 DAGs
[2024-09-12T00:36:42.791+0000] {logging_mixin.py:188} INFO - [2024-09-12T00:36:42.791+0000] {dag.py:3947} INFO - Setting next_dagrun for example_branch_labels to 2024-09-11 00:00:00+00:00, run_after=2024-09-12 00:00:00+00:00
[2024-09-12T00:36:42.813+0000] {processor.py:183} INFO - Processing /home/airflow/.local/lib/python3.12/site-packages/airflow/example_dags/example_branch_labels.py took 0.082 seconds
[2024-09-12T00:37:12.906+0000] {processor.py:161} INFO - Started process (PID=2058) to work on /home/airflow/.local/lib/python3.12/site-packages/airflow/example_dags/example_branch_labels.py
[2024-09-12T00:37:12.907+0000] {processor.py:830} INFO - Processing file /home/airflow/.local/lib/python3.12/site-packages/airflow/example_dags/example_branch_labels.py for tasks to queue
[2024-09-12T00:37:12.909+0000] {logging_mixin.py:188} INFO - [2024-09-12T00:37:12.908+0000] {dagbag.py:545} INFO - Filling up the DagBag from /home/airflow/.local/lib/python3.12/site-packages/airflow/example_dags/example_branch_labels.py
[2024-09-12T00:37:12.917+0000] {processor.py:840} INFO - DAG(s) 'example_branch_labels' retrieved from /home/airflow/.local/lib/python3.12/site-packages/airflow/example_dags/example_branch_labels.py
[2024-09-12T00:37:12.941+0000] {logging_mixin.py:188} INFO - [2024-09-12T00:37:12.941+0000] {dag.py:3089} INFO - Sync 1 DAGs
[2024-09-12T00:37:12.966+0000] {logging_mixin.py:188} INFO - [2024-09-12T00:37:12.966+0000] {dag.py:3947} INFO - Setting next_dagrun for example_branch_labels to 2024-09-11 00:00:00+00:00, run_after=2024-09-12 00:00:00+00:00
[2024-09-12T00:37:12.984+0000] {processor.py:183} INFO - Processing /home/airflow/.local/lib/python3.12/site-packages/airflow/example_dags/example_branch_labels.py took 0.084 seconds
[2024-09-12T00:37:43.917+0000] {processor.py:161} INFO - Started process (PID=2118) to work on /home/airflow/.local/lib/python3.12/site-packages/airflow/example_dags/example_branch_labels.py
[2024-09-12T00:37:43.917+0000] {processor.py:830} INFO - Processing file /home/airflow/.local/lib/python3.12/site-packages/airflow/example_dags/example_branch_labels.py for tasks to queue
[2024-09-12T00:37:43.919+0000] {logging_mixin.py:188} INFO - [2024-09-12T00:37:43.919+0000] {dagbag.py:545} INFO - Filling up the DagBag from /home/airflow/.local/lib/python3.12/site-packages/airflow/example_dags/example_branch_labels.py
[2024-09-12T00:37:43.927+0000] {processor.py:840} INFO - DAG(s) 'example_branch_labels' retrieved from /home/airflow/.local/lib/python3.12/site-packages/airflow/example_dags/example_branch_labels.py
[2024-09-12T00:37:43.948+0000] {logging_mixin.py:188} INFO - [2024-09-12T00:37:43.947+0000] {dag.py:3089} INFO - Sync 1 DAGs
[2024-09-12T00:37:43.971+0000] {logging_mixin.py:188} INFO - [2024-09-12T00:37:43.970+0000] {dag.py:3947} INFO - Setting next_dagrun for example_branch_labels to 2024-09-11 00:00:00+00:00, run_after=2024-09-12 00:00:00+00:00
[2024-09-12T00:37:43.990+0000] {processor.py:183} INFO - Processing /home/airflow/.local/lib/python3.12/site-packages/airflow/example_dags/example_branch_labels.py took 0.079 seconds
[2024-09-12T00:38:14.353+0000] {processor.py:161} INFO - Started process (PID=2178) to work on /home/airflow/.local/lib/python3.12/site-packages/airflow/example_dags/example_branch_labels.py
[2024-09-12T00:38:14.354+0000] {processor.py:830} INFO - Processing file /home/airflow/.local/lib/python3.12/site-packages/airflow/example_dags/example_branch_labels.py for tasks to queue
[2024-09-12T00:38:14.358+0000] {logging_mixin.py:188} INFO - [2024-09-12T00:38:14.357+0000] {dagbag.py:545} INFO - Filling up the DagBag from /home/airflow/.local/lib/python3.12/site-packages/airflow/example_dags/example_branch_labels.py
[2024-09-12T00:38:14.372+0000] {processor.py:840} INFO - DAG(s) 'example_branch_labels' retrieved from /home/airflow/.local/lib/python3.12/site-packages/airflow/example_dags/example_branch_labels.py
[2024-09-12T00:38:14.408+0000] {logging_mixin.py:188} INFO - [2024-09-12T00:38:14.408+0000] {dag.py:3089} INFO - Sync 1 DAGs
[2024-09-12T00:38:14.454+0000] {logging_mixin.py:188} INFO - [2024-09-12T00:38:14.453+0000] {dag.py:3947} INFO - Setting next_dagrun for example_branch_labels to 2024-09-11 00:00:00+00:00, run_after=2024-09-12 00:00:00+00:00
[2024-09-12T00:38:14.480+0000] {processor.py:183} INFO - Processing /home/airflow/.local/lib/python3.12/site-packages/airflow/example_dags/example_branch_labels.py took 0.139 seconds
