[2024-09-12T00:20:30.247+0000] {processor.py:161} INFO - Started process (PID=83) to work on /home/airflow/.local/lib/python3.12/site-packages/airflow/example_dags/example_short_circuit_decorator.py
[2024-09-12T00:20:30.248+0000] {processor.py:830} INFO - Processing file /home/airflow/.local/lib/python3.12/site-packages/airflow/example_dags/example_short_circuit_decorator.py for tasks to queue
[2024-09-12T00:20:30.251+0000] {logging_mixin.py:188} INFO - [2024-09-12T00:20:30.250+0000] {dagbag.py:545} INFO - Filling up the DagBag from /home/airflow/.local/lib/python3.12/site-packages/airflow/example_dags/example_short_circuit_decorator.py
[2024-09-12T00:20:30.266+0000] {processor.py:840} INFO - DAG(s) 'example_short_circuit_decorator' retrieved from /home/airflow/.local/lib/python3.12/site-packages/airflow/example_dags/example_short_circuit_decorator.py
[2024-09-12T00:20:30.306+0000] {logging_mixin.py:188} INFO - [2024-09-12T00:20:30.306+0000] {dag.py:3089} INFO - Sync 1 DAGs
[2024-09-12T00:20:30.344+0000] {logging_mixin.py:188} INFO - [2024-09-12T00:20:30.344+0000] {dag.py:3947} INFO - Setting next_dagrun for example_short_circuit_decorator to 2024-09-11 00:00:00+00:00, run_after=2024-09-12 00:00:00+00:00
[2024-09-12T00:20:30.644+0000] {processor.py:183} INFO - Processing /home/airflow/.local/lib/python3.12/site-packages/airflow/example_dags/example_short_circuit_decorator.py took 0.404 seconds
[2024-09-12T00:21:01.280+0000] {processor.py:161} INFO - Started process (PID=143) to work on /home/airflow/.local/lib/python3.12/site-packages/airflow/example_dags/example_short_circuit_decorator.py
[2024-09-12T00:21:01.281+0000] {processor.py:830} INFO - Processing file /home/airflow/.local/lib/python3.12/site-packages/airflow/example_dags/example_short_circuit_decorator.py for tasks to queue
[2024-09-12T00:21:01.283+0000] {logging_mixin.py:188} INFO - [2024-09-12T00:21:01.282+0000] {dagbag.py:545} INFO - Filling up the DagBag from /home/airflow/.local/lib/python3.12/site-packages/airflow/example_dags/example_short_circuit_decorator.py
[2024-09-12T00:21:01.292+0000] {processor.py:840} INFO - DAG(s) 'example_short_circuit_decorator' retrieved from /home/airflow/.local/lib/python3.12/site-packages/airflow/example_dags/example_short_circuit_decorator.py
[2024-09-12T00:21:01.314+0000] {logging_mixin.py:188} INFO - [2024-09-12T00:21:01.314+0000] {dag.py:3089} INFO - Sync 1 DAGs
[2024-09-12T00:21:01.338+0000] {logging_mixin.py:188} INFO - [2024-09-12T00:21:01.338+0000] {dag.py:3947} INFO - Setting next_dagrun for example_short_circuit_decorator to 2024-09-11 00:00:00+00:00, run_after=2024-09-12 00:00:00+00:00
[2024-09-12T00:21:01.357+0000] {processor.py:183} INFO - Processing /home/airflow/.local/lib/python3.12/site-packages/airflow/example_dags/example_short_circuit_decorator.py took 0.082 seconds
[2024-09-12T00:21:31.808+0000] {processor.py:161} INFO - Started process (PID=203) to work on /home/airflow/.local/lib/python3.12/site-packages/airflow/example_dags/example_short_circuit_decorator.py
[2024-09-12T00:21:31.809+0000] {processor.py:830} INFO - Processing file /home/airflow/.local/lib/python3.12/site-packages/airflow/example_dags/example_short_circuit_decorator.py for tasks to queue
[2024-09-12T00:21:31.811+0000] {logging_mixin.py:188} INFO - [2024-09-12T00:21:31.811+0000] {dagbag.py:545} INFO - Filling up the DagBag from /home/airflow/.local/lib/python3.12/site-packages/airflow/example_dags/example_short_circuit_decorator.py
[2024-09-12T00:21:31.820+0000] {processor.py:840} INFO - DAG(s) 'example_short_circuit_decorator' retrieved from /home/airflow/.local/lib/python3.12/site-packages/airflow/example_dags/example_short_circuit_decorator.py
[2024-09-12T00:21:31.842+0000] {logging_mixin.py:188} INFO - [2024-09-12T00:21:31.842+0000] {dag.py:3089} INFO - Sync 1 DAGs
[2024-09-12T00:21:31.864+0000] {logging_mixin.py:188} INFO - [2024-09-12T00:21:31.864+0000] {dag.py:3947} INFO - Setting next_dagrun for example_short_circuit_decorator to 2024-09-11 00:00:00+00:00, run_after=2024-09-12 00:00:00+00:00
[2024-09-12T00:21:31.887+0000] {processor.py:183} INFO - Processing /home/airflow/.local/lib/python3.12/site-packages/airflow/example_dags/example_short_circuit_decorator.py took 0.085 seconds
[2024-09-12T00:22:02.813+0000] {processor.py:161} INFO - Started process (PID=263) to work on /home/airflow/.local/lib/python3.12/site-packages/airflow/example_dags/example_short_circuit_decorator.py
[2024-09-12T00:22:02.814+0000] {processor.py:830} INFO - Processing file /home/airflow/.local/lib/python3.12/site-packages/airflow/example_dags/example_short_circuit_decorator.py for tasks to queue
[2024-09-12T00:22:02.816+0000] {logging_mixin.py:188} INFO - [2024-09-12T00:22:02.815+0000] {dagbag.py:545} INFO - Filling up the DagBag from /home/airflow/.local/lib/python3.12/site-packages/airflow/example_dags/example_short_circuit_decorator.py
[2024-09-12T00:22:02.824+0000] {processor.py:840} INFO - DAG(s) 'example_short_circuit_decorator' retrieved from /home/airflow/.local/lib/python3.12/site-packages/airflow/example_dags/example_short_circuit_decorator.py
[2024-09-12T00:22:02.846+0000] {logging_mixin.py:188} INFO - [2024-09-12T00:22:02.846+0000] {dag.py:3089} INFO - Sync 1 DAGs
[2024-09-12T00:22:02.868+0000] {logging_mixin.py:188} INFO - [2024-09-12T00:22:02.868+0000] {dag.py:3947} INFO - Setting next_dagrun for example_short_circuit_decorator to 2024-09-11 00:00:00+00:00, run_after=2024-09-12 00:00:00+00:00
[2024-09-12T00:22:02.890+0000] {processor.py:183} INFO - Processing /home/airflow/.local/lib/python3.12/site-packages/airflow/example_dags/example_short_circuit_decorator.py took 0.082 seconds
[2024-09-12T00:22:33.738+0000] {processor.py:161} INFO - Started process (PID=323) to work on /home/airflow/.local/lib/python3.12/site-packages/airflow/example_dags/example_short_circuit_decorator.py
[2024-09-12T00:22:33.739+0000] {processor.py:830} INFO - Processing file /home/airflow/.local/lib/python3.12/site-packages/airflow/example_dags/example_short_circuit_decorator.py for tasks to queue
[2024-09-12T00:22:33.740+0000] {logging_mixin.py:188} INFO - [2024-09-12T00:22:33.740+0000] {dagbag.py:545} INFO - Filling up the DagBag from /home/airflow/.local/lib/python3.12/site-packages/airflow/example_dags/example_short_circuit_decorator.py
[2024-09-12T00:22:33.749+0000] {processor.py:840} INFO - DAG(s) 'example_short_circuit_decorator' retrieved from /home/airflow/.local/lib/python3.12/site-packages/airflow/example_dags/example_short_circuit_decorator.py
[2024-09-12T00:22:33.771+0000] {logging_mixin.py:188} INFO - [2024-09-12T00:22:33.771+0000] {dag.py:3089} INFO - Sync 1 DAGs
[2024-09-12T00:22:33.793+0000] {logging_mixin.py:188} INFO - [2024-09-12T00:22:33.793+0000] {dag.py:3947} INFO - Setting next_dagrun for example_short_circuit_decorator to 2024-09-11 00:00:00+00:00, run_after=2024-09-12 00:00:00+00:00
[2024-09-12T00:22:33.816+0000] {processor.py:183} INFO - Processing /home/airflow/.local/lib/python3.12/site-packages/airflow/example_dags/example_short_circuit_decorator.py took 0.084 seconds
[2024-09-12T00:23:04.322+0000] {processor.py:161} INFO - Started process (PID=383) to work on /home/airflow/.local/lib/python3.12/site-packages/airflow/example_dags/example_short_circuit_decorator.py
[2024-09-12T00:23:04.323+0000] {processor.py:830} INFO - Processing file /home/airflow/.local/lib/python3.12/site-packages/airflow/example_dags/example_short_circuit_decorator.py for tasks to queue
[2024-09-12T00:23:04.325+0000] {logging_mixin.py:188} INFO - [2024-09-12T00:23:04.325+0000] {dagbag.py:545} INFO - Filling up the DagBag from /home/airflow/.local/lib/python3.12/site-packages/airflow/example_dags/example_short_circuit_decorator.py
[2024-09-12T00:23:04.337+0000] {processor.py:840} INFO - DAG(s) 'example_short_circuit_decorator' retrieved from /home/airflow/.local/lib/python3.12/site-packages/airflow/example_dags/example_short_circuit_decorator.py
[2024-09-12T00:23:04.359+0000] {logging_mixin.py:188} INFO - [2024-09-12T00:23:04.358+0000] {dag.py:3089} INFO - Sync 1 DAGs
[2024-09-12T00:23:04.381+0000] {logging_mixin.py:188} INFO - [2024-09-12T00:23:04.381+0000] {dag.py:3947} INFO - Setting next_dagrun for example_short_circuit_decorator to 2024-09-11 00:00:00+00:00, run_after=2024-09-12 00:00:00+00:00
[2024-09-12T00:23:04.400+0000] {processor.py:183} INFO - Processing /home/airflow/.local/lib/python3.12/site-packages/airflow/example_dags/example_short_circuit_decorator.py took 0.084 seconds
[2024-09-12T00:23:35.014+0000] {processor.py:161} INFO - Started process (PID=443) to work on /home/airflow/.local/lib/python3.12/site-packages/airflow/example_dags/example_short_circuit_decorator.py
[2024-09-12T00:23:35.015+0000] {processor.py:830} INFO - Processing file /home/airflow/.local/lib/python3.12/site-packages/airflow/example_dags/example_short_circuit_decorator.py for tasks to queue
[2024-09-12T00:23:35.017+0000] {logging_mixin.py:188} INFO - [2024-09-12T00:23:35.016+0000] {dagbag.py:545} INFO - Filling up the DagBag from /home/airflow/.local/lib/python3.12/site-packages/airflow/example_dags/example_short_circuit_decorator.py
[2024-09-12T00:23:35.025+0000] {processor.py:840} INFO - DAG(s) 'example_short_circuit_decorator' retrieved from /home/airflow/.local/lib/python3.12/site-packages/airflow/example_dags/example_short_circuit_decorator.py
[2024-09-12T00:23:35.048+0000] {logging_mixin.py:188} INFO - [2024-09-12T00:23:35.047+0000] {dag.py:3089} INFO - Sync 1 DAGs
[2024-09-12T00:23:35.070+0000] {logging_mixin.py:188} INFO - [2024-09-12T00:23:35.070+0000] {dag.py:3947} INFO - Setting next_dagrun for example_short_circuit_decorator to 2024-09-11 00:00:00+00:00, run_after=2024-09-12 00:00:00+00:00
[2024-09-12T00:23:35.089+0000] {processor.py:183} INFO - Processing /home/airflow/.local/lib/python3.12/site-packages/airflow/example_dags/example_short_circuit_decorator.py took 0.080 seconds
[2024-09-12T00:24:05.647+0000] {processor.py:161} INFO - Started process (PID=503) to work on /home/airflow/.local/lib/python3.12/site-packages/airflow/example_dags/example_short_circuit_decorator.py
[2024-09-12T00:24:05.648+0000] {processor.py:830} INFO - Processing file /home/airflow/.local/lib/python3.12/site-packages/airflow/example_dags/example_short_circuit_decorator.py for tasks to queue
[2024-09-12T00:24:05.650+0000] {logging_mixin.py:188} INFO - [2024-09-12T00:24:05.649+0000] {dagbag.py:545} INFO - Filling up the DagBag from /home/airflow/.local/lib/python3.12/site-packages/airflow/example_dags/example_short_circuit_decorator.py
[2024-09-12T00:24:05.659+0000] {processor.py:840} INFO - DAG(s) 'example_short_circuit_decorator' retrieved from /home/airflow/.local/lib/python3.12/site-packages/airflow/example_dags/example_short_circuit_decorator.py
[2024-09-12T00:24:05.682+0000] {logging_mixin.py:188} INFO - [2024-09-12T00:24:05.682+0000] {dag.py:3089} INFO - Sync 1 DAGs
[2024-09-12T00:24:05.706+0000] {logging_mixin.py:188} INFO - [2024-09-12T00:24:05.705+0000] {dag.py:3947} INFO - Setting next_dagrun for example_short_circuit_decorator to 2024-09-11 00:00:00+00:00, run_after=2024-09-12 00:00:00+00:00
[2024-09-12T00:24:05.726+0000] {processor.py:183} INFO - Processing /home/airflow/.local/lib/python3.12/site-packages/airflow/example_dags/example_short_circuit_decorator.py took 0.085 seconds
[2024-09-12T00:24:35.838+0000] {processor.py:161} INFO - Started process (PID=563) to work on /home/airflow/.local/lib/python3.12/site-packages/airflow/example_dags/example_short_circuit_decorator.py
[2024-09-12T00:24:35.838+0000] {processor.py:830} INFO - Processing file /home/airflow/.local/lib/python3.12/site-packages/airflow/example_dags/example_short_circuit_decorator.py for tasks to queue
[2024-09-12T00:24:35.840+0000] {logging_mixin.py:188} INFO - [2024-09-12T00:24:35.840+0000] {dagbag.py:545} INFO - Filling up the DagBag from /home/airflow/.local/lib/python3.12/site-packages/airflow/example_dags/example_short_circuit_decorator.py
[2024-09-12T00:24:35.849+0000] {processor.py:840} INFO - DAG(s) 'example_short_circuit_decorator' retrieved from /home/airflow/.local/lib/python3.12/site-packages/airflow/example_dags/example_short_circuit_decorator.py
[2024-09-12T00:24:35.869+0000] {logging_mixin.py:188} INFO - [2024-09-12T00:24:35.869+0000] {dag.py:3089} INFO - Sync 1 DAGs
[2024-09-12T00:24:35.891+0000] {logging_mixin.py:188} INFO - [2024-09-12T00:24:35.890+0000] {dag.py:3947} INFO - Setting next_dagrun for example_short_circuit_decorator to 2024-09-11 00:00:00+00:00, run_after=2024-09-12 00:00:00+00:00
[2024-09-12T00:24:35.910+0000] {processor.py:183} INFO - Processing /home/airflow/.local/lib/python3.12/site-packages/airflow/example_dags/example_short_circuit_decorator.py took 0.078 seconds
[2024-09-12T00:25:06.348+0000] {processor.py:161} INFO - Started process (PID=623) to work on /home/airflow/.local/lib/python3.12/site-packages/airflow/example_dags/example_short_circuit_decorator.py
[2024-09-12T00:25:06.348+0000] {processor.py:830} INFO - Processing file /home/airflow/.local/lib/python3.12/site-packages/airflow/example_dags/example_short_circuit_decorator.py for tasks to queue
[2024-09-12T00:25:06.350+0000] {logging_mixin.py:188} INFO - [2024-09-12T00:25:06.350+0000] {dagbag.py:545} INFO - Filling up the DagBag from /home/airflow/.local/lib/python3.12/site-packages/airflow/example_dags/example_short_circuit_decorator.py
[2024-09-12T00:25:06.359+0000] {processor.py:840} INFO - DAG(s) 'example_short_circuit_decorator' retrieved from /home/airflow/.local/lib/python3.12/site-packages/airflow/example_dags/example_short_circuit_decorator.py
[2024-09-12T00:25:06.381+0000] {logging_mixin.py:188} INFO - [2024-09-12T00:25:06.381+0000] {dag.py:3089} INFO - Sync 1 DAGs
[2024-09-12T00:25:06.402+0000] {logging_mixin.py:188} INFO - [2024-09-12T00:25:06.402+0000] {dag.py:3947} INFO - Setting next_dagrun for example_short_circuit_decorator to 2024-09-11 00:00:00+00:00, run_after=2024-09-12 00:00:00+00:00
[2024-09-12T00:25:06.422+0000] {processor.py:183} INFO - Processing /home/airflow/.local/lib/python3.12/site-packages/airflow/example_dags/example_short_circuit_decorator.py took 0.079 seconds
[2024-09-12T00:25:36.629+0000] {processor.py:161} INFO - Started process (PID=683) to work on /home/airflow/.local/lib/python3.12/site-packages/airflow/example_dags/example_short_circuit_decorator.py
[2024-09-12T00:25:36.630+0000] {processor.py:830} INFO - Processing file /home/airflow/.local/lib/python3.12/site-packages/airflow/example_dags/example_short_circuit_decorator.py for tasks to queue
[2024-09-12T00:25:36.632+0000] {logging_mixin.py:188} INFO - [2024-09-12T00:25:36.631+0000] {dagbag.py:545} INFO - Filling up the DagBag from /home/airflow/.local/lib/python3.12/site-packages/airflow/example_dags/example_short_circuit_decorator.py
[2024-09-12T00:25:36.640+0000] {processor.py:840} INFO - DAG(s) 'example_short_circuit_decorator' retrieved from /home/airflow/.local/lib/python3.12/site-packages/airflow/example_dags/example_short_circuit_decorator.py
[2024-09-12T00:25:36.661+0000] {logging_mixin.py:188} INFO - [2024-09-12T00:25:36.661+0000] {dag.py:3089} INFO - Sync 1 DAGs
[2024-09-12T00:25:36.683+0000] {logging_mixin.py:188} INFO - [2024-09-12T00:25:36.683+0000] {dag.py:3947} INFO - Setting next_dagrun for example_short_circuit_decorator to 2024-09-11 00:00:00+00:00, run_after=2024-09-12 00:00:00+00:00
[2024-09-12T00:25:36.702+0000] {processor.py:183} INFO - Processing /home/airflow/.local/lib/python3.12/site-packages/airflow/example_dags/example_short_circuit_decorator.py took 0.078 seconds
[2024-09-12T00:26:06.807+0000] {processor.py:161} INFO - Started process (PID=743) to work on /home/airflow/.local/lib/python3.12/site-packages/airflow/example_dags/example_short_circuit_decorator.py
[2024-09-12T00:26:06.808+0000] {processor.py:830} INFO - Processing file /home/airflow/.local/lib/python3.12/site-packages/airflow/example_dags/example_short_circuit_decorator.py for tasks to queue
[2024-09-12T00:26:06.809+0000] {logging_mixin.py:188} INFO - [2024-09-12T00:26:06.809+0000] {dagbag.py:545} INFO - Filling up the DagBag from /home/airflow/.local/lib/python3.12/site-packages/airflow/example_dags/example_short_circuit_decorator.py
[2024-09-12T00:26:06.818+0000] {processor.py:840} INFO - DAG(s) 'example_short_circuit_decorator' retrieved from /home/airflow/.local/lib/python3.12/site-packages/airflow/example_dags/example_short_circuit_decorator.py
[2024-09-12T00:26:06.841+0000] {logging_mixin.py:188} INFO - [2024-09-12T00:26:06.841+0000] {dag.py:3089} INFO - Sync 1 DAGs
[2024-09-12T00:26:06.863+0000] {logging_mixin.py:188} INFO - [2024-09-12T00:26:06.863+0000] {dag.py:3947} INFO - Setting next_dagrun for example_short_circuit_decorator to 2024-09-11 00:00:00+00:00, run_after=2024-09-12 00:00:00+00:00
[2024-09-12T00:26:06.883+0000] {processor.py:183} INFO - Processing /home/airflow/.local/lib/python3.12/site-packages/airflow/example_dags/example_short_circuit_decorator.py took 0.082 seconds
[2024-09-12T00:26:37.414+0000] {processor.py:161} INFO - Started process (PID=803) to work on /home/airflow/.local/lib/python3.12/site-packages/airflow/example_dags/example_short_circuit_decorator.py
[2024-09-12T00:26:37.415+0000] {processor.py:830} INFO - Processing file /home/airflow/.local/lib/python3.12/site-packages/airflow/example_dags/example_short_circuit_decorator.py for tasks to queue
[2024-09-12T00:26:37.417+0000] {logging_mixin.py:188} INFO - [2024-09-12T00:26:37.417+0000] {dagbag.py:545} INFO - Filling up the DagBag from /home/airflow/.local/lib/python3.12/site-packages/airflow/example_dags/example_short_circuit_decorator.py
[2024-09-12T00:26:37.426+0000] {processor.py:840} INFO - DAG(s) 'example_short_circuit_decorator' retrieved from /home/airflow/.local/lib/python3.12/site-packages/airflow/example_dags/example_short_circuit_decorator.py
[2024-09-12T00:26:37.448+0000] {logging_mixin.py:188} INFO - [2024-09-12T00:26:37.447+0000] {dag.py:3089} INFO - Sync 1 DAGs
[2024-09-12T00:26:37.471+0000] {logging_mixin.py:188} INFO - [2024-09-12T00:26:37.471+0000] {dag.py:3947} INFO - Setting next_dagrun for example_short_circuit_decorator to 2024-09-11 00:00:00+00:00, run_after=2024-09-12 00:00:00+00:00
[2024-09-12T00:26:37.491+0000] {processor.py:183} INFO - Processing /home/airflow/.local/lib/python3.12/site-packages/airflow/example_dags/example_short_circuit_decorator.py took 0.082 seconds
[2024-09-12T00:27:07.931+0000] {processor.py:161} INFO - Started process (PID=863) to work on /home/airflow/.local/lib/python3.12/site-packages/airflow/example_dags/example_short_circuit_decorator.py
[2024-09-12T00:27:07.932+0000] {processor.py:830} INFO - Processing file /home/airflow/.local/lib/python3.12/site-packages/airflow/example_dags/example_short_circuit_decorator.py for tasks to queue
[2024-09-12T00:27:07.934+0000] {logging_mixin.py:188} INFO - [2024-09-12T00:27:07.934+0000] {dagbag.py:545} INFO - Filling up the DagBag from /home/airflow/.local/lib/python3.12/site-packages/airflow/example_dags/example_short_circuit_decorator.py
[2024-09-12T00:27:07.944+0000] {processor.py:840} INFO - DAG(s) 'example_short_circuit_decorator' retrieved from /home/airflow/.local/lib/python3.12/site-packages/airflow/example_dags/example_short_circuit_decorator.py
[2024-09-12T00:27:07.966+0000] {logging_mixin.py:188} INFO - [2024-09-12T00:27:07.966+0000] {dag.py:3089} INFO - Sync 1 DAGs
[2024-09-12T00:27:07.989+0000] {logging_mixin.py:188} INFO - [2024-09-12T00:27:07.989+0000] {dag.py:3947} INFO - Setting next_dagrun for example_short_circuit_decorator to 2024-09-11 00:00:00+00:00, run_after=2024-09-12 00:00:00+00:00
[2024-09-12T00:27:08.010+0000] {processor.py:183} INFO - Processing /home/airflow/.local/lib/python3.12/site-packages/airflow/example_dags/example_short_circuit_decorator.py took 0.086 seconds
[2024-09-12T00:27:38.129+0000] {processor.py:161} INFO - Started process (PID=923) to work on /home/airflow/.local/lib/python3.12/site-packages/airflow/example_dags/example_short_circuit_decorator.py
[2024-09-12T00:27:38.130+0000] {processor.py:830} INFO - Processing file /home/airflow/.local/lib/python3.12/site-packages/airflow/example_dags/example_short_circuit_decorator.py for tasks to queue
[2024-09-12T00:27:38.132+0000] {logging_mixin.py:188} INFO - [2024-09-12T00:27:38.132+0000] {dagbag.py:545} INFO - Filling up the DagBag from /home/airflow/.local/lib/python3.12/site-packages/airflow/example_dags/example_short_circuit_decorator.py
[2024-09-12T00:27:38.140+0000] {processor.py:840} INFO - DAG(s) 'example_short_circuit_decorator' retrieved from /home/airflow/.local/lib/python3.12/site-packages/airflow/example_dags/example_short_circuit_decorator.py
[2024-09-12T00:27:38.163+0000] {logging_mixin.py:188} INFO - [2024-09-12T00:27:38.163+0000] {dag.py:3089} INFO - Sync 1 DAGs
[2024-09-12T00:27:38.184+0000] {logging_mixin.py:188} INFO - [2024-09-12T00:27:38.184+0000] {dag.py:3947} INFO - Setting next_dagrun for example_short_circuit_decorator to 2024-09-11 00:00:00+00:00, run_after=2024-09-12 00:00:00+00:00
[2024-09-12T00:27:38.203+0000] {processor.py:183} INFO - Processing /home/airflow/.local/lib/python3.12/site-packages/airflow/example_dags/example_short_circuit_decorator.py took 0.079 seconds
[2024-09-12T00:28:08.641+0000] {processor.py:161} INFO - Started process (PID=983) to work on /home/airflow/.local/lib/python3.12/site-packages/airflow/example_dags/example_short_circuit_decorator.py
[2024-09-12T00:28:08.641+0000] {processor.py:830} INFO - Processing file /home/airflow/.local/lib/python3.12/site-packages/airflow/example_dags/example_short_circuit_decorator.py for tasks to queue
[2024-09-12T00:28:08.643+0000] {logging_mixin.py:188} INFO - [2024-09-12T00:28:08.643+0000] {dagbag.py:545} INFO - Filling up the DagBag from /home/airflow/.local/lib/python3.12/site-packages/airflow/example_dags/example_short_circuit_decorator.py
[2024-09-12T00:28:08.652+0000] {processor.py:840} INFO - DAG(s) 'example_short_circuit_decorator' retrieved from /home/airflow/.local/lib/python3.12/site-packages/airflow/example_dags/example_short_circuit_decorator.py
[2024-09-12T00:28:08.674+0000] {logging_mixin.py:188} INFO - [2024-09-12T00:28:08.674+0000] {dag.py:3089} INFO - Sync 1 DAGs
[2024-09-12T00:28:08.696+0000] {logging_mixin.py:188} INFO - [2024-09-12T00:28:08.695+0000] {dag.py:3947} INFO - Setting next_dagrun for example_short_circuit_decorator to 2024-09-11 00:00:00+00:00, run_after=2024-09-12 00:00:00+00:00
[2024-09-12T00:28:08.715+0000] {processor.py:183} INFO - Processing /home/airflow/.local/lib/python3.12/site-packages/airflow/example_dags/example_short_circuit_decorator.py took 0.080 seconds
[2024-09-12T00:28:38.786+0000] {processor.py:161} INFO - Started process (PID=1043) to work on /home/airflow/.local/lib/python3.12/site-packages/airflow/example_dags/example_short_circuit_decorator.py
[2024-09-12T00:28:38.787+0000] {processor.py:830} INFO - Processing file /home/airflow/.local/lib/python3.12/site-packages/airflow/example_dags/example_short_circuit_decorator.py for tasks to queue
[2024-09-12T00:28:38.789+0000] {logging_mixin.py:188} INFO - [2024-09-12T00:28:38.789+0000] {dagbag.py:545} INFO - Filling up the DagBag from /home/airflow/.local/lib/python3.12/site-packages/airflow/example_dags/example_short_circuit_decorator.py
[2024-09-12T00:28:38.798+0000] {processor.py:840} INFO - DAG(s) 'example_short_circuit_decorator' retrieved from /home/airflow/.local/lib/python3.12/site-packages/airflow/example_dags/example_short_circuit_decorator.py
[2024-09-12T00:28:38.821+0000] {logging_mixin.py:188} INFO - [2024-09-12T00:28:38.821+0000] {dag.py:3089} INFO - Sync 1 DAGs
[2024-09-12T00:28:38.842+0000] {logging_mixin.py:188} INFO - [2024-09-12T00:28:38.842+0000] {dag.py:3947} INFO - Setting next_dagrun for example_short_circuit_decorator to 2024-09-11 00:00:00+00:00, run_after=2024-09-12 00:00:00+00:00
[2024-09-12T00:28:38.863+0000] {processor.py:183} INFO - Processing /home/airflow/.local/lib/python3.12/site-packages/airflow/example_dags/example_short_circuit_decorator.py took 0.082 seconds
[2024-09-12T00:29:09.171+0000] {processor.py:161} INFO - Started process (PID=1103) to work on /home/airflow/.local/lib/python3.12/site-packages/airflow/example_dags/example_short_circuit_decorator.py
[2024-09-12T00:29:09.171+0000] {processor.py:830} INFO - Processing file /home/airflow/.local/lib/python3.12/site-packages/airflow/example_dags/example_short_circuit_decorator.py for tasks to queue
[2024-09-12T00:29:09.173+0000] {logging_mixin.py:188} INFO - [2024-09-12T00:29:09.173+0000] {dagbag.py:545} INFO - Filling up the DagBag from /home/airflow/.local/lib/python3.12/site-packages/airflow/example_dags/example_short_circuit_decorator.py
[2024-09-12T00:29:09.182+0000] {processor.py:840} INFO - DAG(s) 'example_short_circuit_decorator' retrieved from /home/airflow/.local/lib/python3.12/site-packages/airflow/example_dags/example_short_circuit_decorator.py
[2024-09-12T00:29:09.204+0000] {logging_mixin.py:188} INFO - [2024-09-12T00:29:09.204+0000] {dag.py:3089} INFO - Sync 1 DAGs
[2024-09-12T00:29:09.227+0000] {logging_mixin.py:188} INFO - [2024-09-12T00:29:09.227+0000] {dag.py:3947} INFO - Setting next_dagrun for example_short_circuit_decorator to 2024-09-11 00:00:00+00:00, run_after=2024-09-12 00:00:00+00:00
[2024-09-12T00:29:09.246+0000] {processor.py:183} INFO - Processing /home/airflow/.local/lib/python3.12/site-packages/airflow/example_dags/example_short_circuit_decorator.py took 0.081 seconds
[2024-09-12T00:29:39.710+0000] {processor.py:161} INFO - Started process (PID=1163) to work on /home/airflow/.local/lib/python3.12/site-packages/airflow/example_dags/example_short_circuit_decorator.py
[2024-09-12T00:29:39.711+0000] {processor.py:830} INFO - Processing file /home/airflow/.local/lib/python3.12/site-packages/airflow/example_dags/example_short_circuit_decorator.py for tasks to queue
[2024-09-12T00:29:39.713+0000] {logging_mixin.py:188} INFO - [2024-09-12T00:29:39.713+0000] {dagbag.py:545} INFO - Filling up the DagBag from /home/airflow/.local/lib/python3.12/site-packages/airflow/example_dags/example_short_circuit_decorator.py
[2024-09-12T00:29:39.722+0000] {processor.py:840} INFO - DAG(s) 'example_short_circuit_decorator' retrieved from /home/airflow/.local/lib/python3.12/site-packages/airflow/example_dags/example_short_circuit_decorator.py
[2024-09-12T00:29:39.744+0000] {logging_mixin.py:188} INFO - [2024-09-12T00:29:39.744+0000] {dag.py:3089} INFO - Sync 1 DAGs
[2024-09-12T00:29:39.765+0000] {logging_mixin.py:188} INFO - [2024-09-12T00:29:39.765+0000] {dag.py:3947} INFO - Setting next_dagrun for example_short_circuit_decorator to 2024-09-11 00:00:00+00:00, run_after=2024-09-12 00:00:00+00:00
[2024-09-12T00:29:39.785+0000] {processor.py:183} INFO - Processing /home/airflow/.local/lib/python3.12/site-packages/airflow/example_dags/example_short_circuit_decorator.py took 0.081 seconds
[2024-09-12T00:30:10.112+0000] {processor.py:161} INFO - Started process (PID=1223) to work on /home/airflow/.local/lib/python3.12/site-packages/airflow/example_dags/example_short_circuit_decorator.py
[2024-09-12T00:30:10.113+0000] {processor.py:830} INFO - Processing file /home/airflow/.local/lib/python3.12/site-packages/airflow/example_dags/example_short_circuit_decorator.py for tasks to queue
[2024-09-12T00:30:10.115+0000] {logging_mixin.py:188} INFO - [2024-09-12T00:30:10.115+0000] {dagbag.py:545} INFO - Filling up the DagBag from /home/airflow/.local/lib/python3.12/site-packages/airflow/example_dags/example_short_circuit_decorator.py
[2024-09-12T00:30:10.123+0000] {processor.py:840} INFO - DAG(s) 'example_short_circuit_decorator' retrieved from /home/airflow/.local/lib/python3.12/site-packages/airflow/example_dags/example_short_circuit_decorator.py
[2024-09-12T00:30:10.146+0000] {logging_mixin.py:188} INFO - [2024-09-12T00:30:10.146+0000] {dag.py:3089} INFO - Sync 1 DAGs
[2024-09-12T00:30:10.169+0000] {logging_mixin.py:188} INFO - [2024-09-12T00:30:10.169+0000] {dag.py:3947} INFO - Setting next_dagrun for example_short_circuit_decorator to 2024-09-11 00:00:00+00:00, run_after=2024-09-12 00:00:00+00:00
[2024-09-12T00:30:10.188+0000] {processor.py:183} INFO - Processing /home/airflow/.local/lib/python3.12/site-packages/airflow/example_dags/example_short_circuit_decorator.py took 0.082 seconds
[2024-09-12T00:30:40.471+0000] {processor.py:161} INFO - Started process (PID=1281) to work on /home/airflow/.local/lib/python3.12/site-packages/airflow/example_dags/example_short_circuit_decorator.py
[2024-09-12T00:30:40.472+0000] {processor.py:830} INFO - Processing file /home/airflow/.local/lib/python3.12/site-packages/airflow/example_dags/example_short_circuit_decorator.py for tasks to queue
[2024-09-12T00:30:40.473+0000] {logging_mixin.py:188} INFO - [2024-09-12T00:30:40.473+0000] {dagbag.py:545} INFO - Filling up the DagBag from /home/airflow/.local/lib/python3.12/site-packages/airflow/example_dags/example_short_circuit_decorator.py
[2024-09-12T00:30:40.482+0000] {processor.py:840} INFO - DAG(s) 'example_short_circuit_decorator' retrieved from /home/airflow/.local/lib/python3.12/site-packages/airflow/example_dags/example_short_circuit_decorator.py
[2024-09-12T00:30:40.504+0000] {logging_mixin.py:188} INFO - [2024-09-12T00:30:40.504+0000] {dag.py:3089} INFO - Sync 1 DAGs
[2024-09-12T00:30:40.647+0000] {logging_mixin.py:188} INFO - [2024-09-12T00:30:40.647+0000] {dag.py:3947} INFO - Setting next_dagrun for example_short_circuit_decorator to 2024-09-11 00:00:00+00:00, run_after=2024-09-12 00:00:00+00:00
[2024-09-12T00:30:40.669+0000] {processor.py:183} INFO - Processing /home/airflow/.local/lib/python3.12/site-packages/airflow/example_dags/example_short_circuit_decorator.py took 0.203 seconds
[2024-09-12T00:31:10.773+0000] {processor.py:161} INFO - Started process (PID=1341) to work on /home/airflow/.local/lib/python3.12/site-packages/airflow/example_dags/example_short_circuit_decorator.py
[2024-09-12T00:31:10.774+0000] {processor.py:830} INFO - Processing file /home/airflow/.local/lib/python3.12/site-packages/airflow/example_dags/example_short_circuit_decorator.py for tasks to queue
[2024-09-12T00:31:10.776+0000] {logging_mixin.py:188} INFO - [2024-09-12T00:31:10.776+0000] {dagbag.py:545} INFO - Filling up the DagBag from /home/airflow/.local/lib/python3.12/site-packages/airflow/example_dags/example_short_circuit_decorator.py
[2024-09-12T00:31:10.785+0000] {processor.py:840} INFO - DAG(s) 'example_short_circuit_decorator' retrieved from /home/airflow/.local/lib/python3.12/site-packages/airflow/example_dags/example_short_circuit_decorator.py
[2024-09-12T00:31:10.807+0000] {logging_mixin.py:188} INFO - [2024-09-12T00:31:10.807+0000] {dag.py:3089} INFO - Sync 1 DAGs
[2024-09-12T00:31:10.935+0000] {logging_mixin.py:188} INFO - [2024-09-12T00:31:10.935+0000] {dag.py:3947} INFO - Setting next_dagrun for example_short_circuit_decorator to 2024-09-11 00:00:00+00:00, run_after=2024-09-12 00:00:00+00:00
[2024-09-12T00:31:10.952+0000] {processor.py:183} INFO - Processing /home/airflow/.local/lib/python3.12/site-packages/airflow/example_dags/example_short_circuit_decorator.py took 0.185 seconds
[2024-09-12T00:31:41.241+0000] {processor.py:161} INFO - Started process (PID=1401) to work on /home/airflow/.local/lib/python3.12/site-packages/airflow/example_dags/example_short_circuit_decorator.py
[2024-09-12T00:31:41.242+0000] {processor.py:830} INFO - Processing file /home/airflow/.local/lib/python3.12/site-packages/airflow/example_dags/example_short_circuit_decorator.py for tasks to queue
[2024-09-12T00:31:41.244+0000] {logging_mixin.py:188} INFO - [2024-09-12T00:31:41.244+0000] {dagbag.py:545} INFO - Filling up the DagBag from /home/airflow/.local/lib/python3.12/site-packages/airflow/example_dags/example_short_circuit_decorator.py
[2024-09-12T00:31:41.257+0000] {processor.py:840} INFO - DAG(s) 'example_short_circuit_decorator' retrieved from /home/airflow/.local/lib/python3.12/site-packages/airflow/example_dags/example_short_circuit_decorator.py
[2024-09-12T00:31:41.281+0000] {logging_mixin.py:188} INFO - [2024-09-12T00:31:41.281+0000] {dag.py:3089} INFO - Sync 1 DAGs
[2024-09-12T00:31:41.416+0000] {logging_mixin.py:188} INFO - [2024-09-12T00:31:41.416+0000] {dag.py:3947} INFO - Setting next_dagrun for example_short_circuit_decorator to 2024-09-11 00:00:00+00:00, run_after=2024-09-12 00:00:00+00:00
[2024-09-12T00:31:41.435+0000] {processor.py:183} INFO - Processing /home/airflow/.local/lib/python3.12/site-packages/airflow/example_dags/example_short_circuit_decorator.py took 0.201 seconds
[2024-09-12T00:32:12.244+0000] {processor.py:161} INFO - Started process (PID=1461) to work on /home/airflow/.local/lib/python3.12/site-packages/airflow/example_dags/example_short_circuit_decorator.py
[2024-09-12T00:32:12.245+0000] {processor.py:830} INFO - Processing file /home/airflow/.local/lib/python3.12/site-packages/airflow/example_dags/example_short_circuit_decorator.py for tasks to queue
[2024-09-12T00:32:12.247+0000] {logging_mixin.py:188} INFO - [2024-09-12T00:32:12.246+0000] {dagbag.py:545} INFO - Filling up the DagBag from /home/airflow/.local/lib/python3.12/site-packages/airflow/example_dags/example_short_circuit_decorator.py
[2024-09-12T00:32:12.259+0000] {processor.py:840} INFO - DAG(s) 'example_short_circuit_decorator' retrieved from /home/airflow/.local/lib/python3.12/site-packages/airflow/example_dags/example_short_circuit_decorator.py
[2024-09-12T00:32:12.289+0000] {logging_mixin.py:188} INFO - [2024-09-12T00:32:12.289+0000] {dag.py:3089} INFO - Sync 1 DAGs
[2024-09-12T00:32:12.315+0000] {logging_mixin.py:188} INFO - [2024-09-12T00:32:12.314+0000] {dag.py:3947} INFO - Setting next_dagrun for example_short_circuit_decorator to 2024-09-11 00:00:00+00:00, run_after=2024-09-12 00:00:00+00:00
[2024-09-12T00:32:12.456+0000] {processor.py:183} INFO - Processing /home/airflow/.local/lib/python3.12/site-packages/airflow/example_dags/example_short_circuit_decorator.py took 0.218 seconds
[2024-09-12T00:32:43.352+0000] {processor.py:161} INFO - Started process (PID=1522) to work on /home/airflow/.local/lib/python3.12/site-packages/airflow/example_dags/example_short_circuit_decorator.py
[2024-09-12T00:32:43.353+0000] {processor.py:830} INFO - Processing file /home/airflow/.local/lib/python3.12/site-packages/airflow/example_dags/example_short_circuit_decorator.py for tasks to queue
[2024-09-12T00:32:43.354+0000] {logging_mixin.py:188} INFO - [2024-09-12T00:32:43.354+0000] {dagbag.py:545} INFO - Filling up the DagBag from /home/airflow/.local/lib/python3.12/site-packages/airflow/example_dags/example_short_circuit_decorator.py
[2024-09-12T00:32:43.363+0000] {processor.py:840} INFO - DAG(s) 'example_short_circuit_decorator' retrieved from /home/airflow/.local/lib/python3.12/site-packages/airflow/example_dags/example_short_circuit_decorator.py
[2024-09-12T00:32:43.385+0000] {logging_mixin.py:188} INFO - [2024-09-12T00:32:43.385+0000] {dag.py:3089} INFO - Sync 1 DAGs
[2024-09-12T00:32:43.408+0000] {logging_mixin.py:188} INFO - [2024-09-12T00:32:43.408+0000] {dag.py:3947} INFO - Setting next_dagrun for example_short_circuit_decorator to 2024-09-11 00:00:00+00:00, run_after=2024-09-12 00:00:00+00:00
[2024-09-12T00:32:43.428+0000] {processor.py:183} INFO - Processing /home/airflow/.local/lib/python3.12/site-packages/airflow/example_dags/example_short_circuit_decorator.py took 0.082 seconds
[2024-09-12T00:33:13.547+0000] {processor.py:161} INFO - Started process (PID=1581) to work on /home/airflow/.local/lib/python3.12/site-packages/airflow/example_dags/example_short_circuit_decorator.py
[2024-09-12T00:33:13.548+0000] {processor.py:830} INFO - Processing file /home/airflow/.local/lib/python3.12/site-packages/airflow/example_dags/example_short_circuit_decorator.py for tasks to queue
[2024-09-12T00:33:13.550+0000] {logging_mixin.py:188} INFO - [2024-09-12T00:33:13.549+0000] {dagbag.py:545} INFO - Filling up the DagBag from /home/airflow/.local/lib/python3.12/site-packages/airflow/example_dags/example_short_circuit_decorator.py
[2024-09-12T00:33:13.559+0000] {processor.py:840} INFO - DAG(s) 'example_short_circuit_decorator' retrieved from /home/airflow/.local/lib/python3.12/site-packages/airflow/example_dags/example_short_circuit_decorator.py
[2024-09-12T00:33:13.581+0000] {logging_mixin.py:188} INFO - [2024-09-12T00:33:13.581+0000] {dag.py:3089} INFO - Sync 1 DAGs
[2024-09-12T00:33:13.602+0000] {logging_mixin.py:188} INFO - [2024-09-12T00:33:13.602+0000] {dag.py:3947} INFO - Setting next_dagrun for example_short_circuit_decorator to 2024-09-11 00:00:00+00:00, run_after=2024-09-12 00:00:00+00:00
[2024-09-12T00:33:13.621+0000] {processor.py:183} INFO - Processing /home/airflow/.local/lib/python3.12/site-packages/airflow/example_dags/example_short_circuit_decorator.py took 0.080 seconds
[2024-09-12T00:33:43.740+0000] {processor.py:161} INFO - Started process (PID=1641) to work on /home/airflow/.local/lib/python3.12/site-packages/airflow/example_dags/example_short_circuit_decorator.py
[2024-09-12T00:33:43.741+0000] {processor.py:830} INFO - Processing file /home/airflow/.local/lib/python3.12/site-packages/airflow/example_dags/example_short_circuit_decorator.py for tasks to queue
[2024-09-12T00:33:43.744+0000] {logging_mixin.py:188} INFO - [2024-09-12T00:33:43.743+0000] {dagbag.py:545} INFO - Filling up the DagBag from /home/airflow/.local/lib/python3.12/site-packages/airflow/example_dags/example_short_circuit_decorator.py
[2024-09-12T00:33:43.755+0000] {processor.py:840} INFO - DAG(s) 'example_short_circuit_decorator' retrieved from /home/airflow/.local/lib/python3.12/site-packages/airflow/example_dags/example_short_circuit_decorator.py
[2024-09-12T00:33:43.782+0000] {logging_mixin.py:188} INFO - [2024-09-12T00:33:43.782+0000] {dag.py:3089} INFO - Sync 1 DAGs
[2024-09-12T00:33:43.806+0000] {logging_mixin.py:188} INFO - [2024-09-12T00:33:43.806+0000] {dag.py:3947} INFO - Setting next_dagrun for example_short_circuit_decorator to 2024-09-11 00:00:00+00:00, run_after=2024-09-12 00:00:00+00:00
[2024-09-12T00:33:43.831+0000] {processor.py:183} INFO - Processing /home/airflow/.local/lib/python3.12/site-packages/airflow/example_dags/example_short_circuit_decorator.py took 0.097 seconds
[2024-09-12T00:34:14.333+0000] {processor.py:161} INFO - Started process (PID=1701) to work on /home/airflow/.local/lib/python3.12/site-packages/airflow/example_dags/example_short_circuit_decorator.py
[2024-09-12T00:34:14.333+0000] {processor.py:830} INFO - Processing file /home/airflow/.local/lib/python3.12/site-packages/airflow/example_dags/example_short_circuit_decorator.py for tasks to queue
[2024-09-12T00:34:14.335+0000] {logging_mixin.py:188} INFO - [2024-09-12T00:34:14.335+0000] {dagbag.py:545} INFO - Filling up the DagBag from /home/airflow/.local/lib/python3.12/site-packages/airflow/example_dags/example_short_circuit_decorator.py
[2024-09-12T00:34:14.344+0000] {processor.py:840} INFO - DAG(s) 'example_short_circuit_decorator' retrieved from /home/airflow/.local/lib/python3.12/site-packages/airflow/example_dags/example_short_circuit_decorator.py
[2024-09-12T00:34:14.367+0000] {logging_mixin.py:188} INFO - [2024-09-12T00:34:14.366+0000] {dag.py:3089} INFO - Sync 1 DAGs
[2024-09-12T00:34:14.390+0000] {logging_mixin.py:188} INFO - [2024-09-12T00:34:14.389+0000] {dag.py:3947} INFO - Setting next_dagrun for example_short_circuit_decorator to 2024-09-11 00:00:00+00:00, run_after=2024-09-12 00:00:00+00:00
[2024-09-12T00:34:14.413+0000] {processor.py:183} INFO - Processing /home/airflow/.local/lib/python3.12/site-packages/airflow/example_dags/example_short_circuit_decorator.py took 0.086 seconds
[2024-09-12T00:34:44.661+0000] {processor.py:161} INFO - Started process (PID=1761) to work on /home/airflow/.local/lib/python3.12/site-packages/airflow/example_dags/example_short_circuit_decorator.py
[2024-09-12T00:34:44.662+0000] {processor.py:830} INFO - Processing file /home/airflow/.local/lib/python3.12/site-packages/airflow/example_dags/example_short_circuit_decorator.py for tasks to queue
[2024-09-12T00:34:44.665+0000] {logging_mixin.py:188} INFO - [2024-09-12T00:34:44.665+0000] {dagbag.py:545} INFO - Filling up the DagBag from /home/airflow/.local/lib/python3.12/site-packages/airflow/example_dags/example_short_circuit_decorator.py
[2024-09-12T00:34:44.675+0000] {processor.py:840} INFO - DAG(s) 'example_short_circuit_decorator' retrieved from /home/airflow/.local/lib/python3.12/site-packages/airflow/example_dags/example_short_circuit_decorator.py
[2024-09-12T00:34:44.698+0000] {logging_mixin.py:188} INFO - [2024-09-12T00:34:44.697+0000] {dag.py:3089} INFO - Sync 1 DAGs
[2024-09-12T00:34:44.721+0000] {logging_mixin.py:188} INFO - [2024-09-12T00:34:44.721+0000] {dag.py:3947} INFO - Setting next_dagrun for example_short_circuit_decorator to 2024-09-11 00:00:00+00:00, run_after=2024-09-12 00:00:00+00:00
[2024-09-12T00:34:44.743+0000] {processor.py:183} INFO - Processing /home/airflow/.local/lib/python3.12/site-packages/airflow/example_dags/example_short_circuit_decorator.py took 0.088 seconds
[2024-09-12T00:35:14.869+0000] {processor.py:161} INFO - Started process (PID=1821) to work on /home/airflow/.local/lib/python3.12/site-packages/airflow/example_dags/example_short_circuit_decorator.py
[2024-09-12T00:35:14.870+0000] {processor.py:830} INFO - Processing file /home/airflow/.local/lib/python3.12/site-packages/airflow/example_dags/example_short_circuit_decorator.py for tasks to queue
[2024-09-12T00:35:14.872+0000] {logging_mixin.py:188} INFO - [2024-09-12T00:35:14.871+0000] {dagbag.py:545} INFO - Filling up the DagBag from /home/airflow/.local/lib/python3.12/site-packages/airflow/example_dags/example_short_circuit_decorator.py
[2024-09-12T00:35:14.882+0000] {processor.py:840} INFO - DAG(s) 'example_short_circuit_decorator' retrieved from /home/airflow/.local/lib/python3.12/site-packages/airflow/example_dags/example_short_circuit_decorator.py
[2024-09-12T00:35:14.903+0000] {logging_mixin.py:188} INFO - [2024-09-12T00:35:14.903+0000] {dag.py:3089} INFO - Sync 1 DAGs
[2024-09-12T00:35:14.931+0000] {logging_mixin.py:188} INFO - [2024-09-12T00:35:14.931+0000] {dag.py:3947} INFO - Setting next_dagrun for example_short_circuit_decorator to 2024-09-11 00:00:00+00:00, run_after=2024-09-12 00:00:00+00:00
[2024-09-12T00:35:14.950+0000] {processor.py:183} INFO - Processing /home/airflow/.local/lib/python3.12/site-packages/airflow/example_dags/example_short_circuit_decorator.py took 0.087 seconds
[2024-09-12T00:35:45.408+0000] {processor.py:161} INFO - Started process (PID=1881) to work on /home/airflow/.local/lib/python3.12/site-packages/airflow/example_dags/example_short_circuit_decorator.py
[2024-09-12T00:35:45.409+0000] {processor.py:830} INFO - Processing file /home/airflow/.local/lib/python3.12/site-packages/airflow/example_dags/example_short_circuit_decorator.py for tasks to queue
[2024-09-12T00:35:45.412+0000] {logging_mixin.py:188} INFO - [2024-09-12T00:35:45.412+0000] {dagbag.py:545} INFO - Filling up the DagBag from /home/airflow/.local/lib/python3.12/site-packages/airflow/example_dags/example_short_circuit_decorator.py
[2024-09-12T00:35:45.421+0000] {processor.py:840} INFO - DAG(s) 'example_short_circuit_decorator' retrieved from /home/airflow/.local/lib/python3.12/site-packages/airflow/example_dags/example_short_circuit_decorator.py
[2024-09-12T00:35:45.445+0000] {logging_mixin.py:188} INFO - [2024-09-12T00:35:45.445+0000] {dag.py:3089} INFO - Sync 1 DAGs
[2024-09-12T00:35:45.468+0000] {logging_mixin.py:188} INFO - [2024-09-12T00:35:45.468+0000] {dag.py:3947} INFO - Setting next_dagrun for example_short_circuit_decorator to 2024-09-11 00:00:00+00:00, run_after=2024-09-12 00:00:00+00:00
[2024-09-12T00:35:45.489+0000] {processor.py:183} INFO - Processing /home/airflow/.local/lib/python3.12/site-packages/airflow/example_dags/example_short_circuit_decorator.py took 0.088 seconds
[2024-09-12T00:36:15.682+0000] {processor.py:161} INFO - Started process (PID=1941) to work on /home/airflow/.local/lib/python3.12/site-packages/airflow/example_dags/example_short_circuit_decorator.py
[2024-09-12T00:36:15.683+0000] {processor.py:830} INFO - Processing file /home/airflow/.local/lib/python3.12/site-packages/airflow/example_dags/example_short_circuit_decorator.py for tasks to queue
[2024-09-12T00:36:15.685+0000] {logging_mixin.py:188} INFO - [2024-09-12T00:36:15.685+0000] {dagbag.py:545} INFO - Filling up the DagBag from /home/airflow/.local/lib/python3.12/site-packages/airflow/example_dags/example_short_circuit_decorator.py
[2024-09-12T00:36:15.694+0000] {processor.py:840} INFO - DAG(s) 'example_short_circuit_decorator' retrieved from /home/airflow/.local/lib/python3.12/site-packages/airflow/example_dags/example_short_circuit_decorator.py
[2024-09-12T00:36:15.717+0000] {logging_mixin.py:188} INFO - [2024-09-12T00:36:15.717+0000] {dag.py:3089} INFO - Sync 1 DAGs
[2024-09-12T00:36:15.740+0000] {logging_mixin.py:188} INFO - [2024-09-12T00:36:15.739+0000] {dag.py:3947} INFO - Setting next_dagrun for example_short_circuit_decorator to 2024-09-11 00:00:00+00:00, run_after=2024-09-12 00:00:00+00:00
[2024-09-12T00:36:15.759+0000] {processor.py:183} INFO - Processing /home/airflow/.local/lib/python3.12/site-packages/airflow/example_dags/example_short_circuit_decorator.py took 0.083 seconds
[2024-09-12T00:36:45.877+0000] {processor.py:161} INFO - Started process (PID=2001) to work on /home/airflow/.local/lib/python3.12/site-packages/airflow/example_dags/example_short_circuit_decorator.py
[2024-09-12T00:36:45.877+0000] {processor.py:830} INFO - Processing file /home/airflow/.local/lib/python3.12/site-packages/airflow/example_dags/example_short_circuit_decorator.py for tasks to queue
[2024-09-12T00:36:45.880+0000] {logging_mixin.py:188} INFO - [2024-09-12T00:36:45.879+0000] {dagbag.py:545} INFO - Filling up the DagBag from /home/airflow/.local/lib/python3.12/site-packages/airflow/example_dags/example_short_circuit_decorator.py
[2024-09-12T00:36:45.889+0000] {processor.py:840} INFO - DAG(s) 'example_short_circuit_decorator' retrieved from /home/airflow/.local/lib/python3.12/site-packages/airflow/example_dags/example_short_circuit_decorator.py
[2024-09-12T00:36:45.910+0000] {logging_mixin.py:188} INFO - [2024-09-12T00:36:45.910+0000] {dag.py:3089} INFO - Sync 1 DAGs
[2024-09-12T00:36:45.932+0000] {logging_mixin.py:188} INFO - [2024-09-12T00:36:45.932+0000] {dag.py:3947} INFO - Setting next_dagrun for example_short_circuit_decorator to 2024-09-11 00:00:00+00:00, run_after=2024-09-12 00:00:00+00:00
[2024-09-12T00:36:45.951+0000] {processor.py:183} INFO - Processing /home/airflow/.local/lib/python3.12/site-packages/airflow/example_dags/example_short_circuit_decorator.py took 0.080 seconds
[2024-09-12T00:37:16.049+0000] {processor.py:161} INFO - Started process (PID=2061) to work on /home/airflow/.local/lib/python3.12/site-packages/airflow/example_dags/example_short_circuit_decorator.py
[2024-09-12T00:37:16.050+0000] {processor.py:830} INFO - Processing file /home/airflow/.local/lib/python3.12/site-packages/airflow/example_dags/example_short_circuit_decorator.py for tasks to queue
[2024-09-12T00:37:16.052+0000] {logging_mixin.py:188} INFO - [2024-09-12T00:37:16.052+0000] {dagbag.py:545} INFO - Filling up the DagBag from /home/airflow/.local/lib/python3.12/site-packages/airflow/example_dags/example_short_circuit_decorator.py
[2024-09-12T00:37:16.062+0000] {processor.py:840} INFO - DAG(s) 'example_short_circuit_decorator' retrieved from /home/airflow/.local/lib/python3.12/site-packages/airflow/example_dags/example_short_circuit_decorator.py
[2024-09-12T00:37:16.088+0000] {logging_mixin.py:188} INFO - [2024-09-12T00:37:16.087+0000] {dag.py:3089} INFO - Sync 1 DAGs
[2024-09-12T00:37:16.115+0000] {logging_mixin.py:188} INFO - [2024-09-12T00:37:16.115+0000] {dag.py:3947} INFO - Setting next_dagrun for example_short_circuit_decorator to 2024-09-11 00:00:00+00:00, run_after=2024-09-12 00:00:00+00:00
[2024-09-12T00:37:16.135+0000] {processor.py:183} INFO - Processing /home/airflow/.local/lib/python3.12/site-packages/airflow/example_dags/example_short_circuit_decorator.py took 0.092 seconds
[2024-09-12T00:37:47.056+0000] {processor.py:161} INFO - Started process (PID=2121) to work on /home/airflow/.local/lib/python3.12/site-packages/airflow/example_dags/example_short_circuit_decorator.py
[2024-09-12T00:37:47.057+0000] {processor.py:830} INFO - Processing file /home/airflow/.local/lib/python3.12/site-packages/airflow/example_dags/example_short_circuit_decorator.py for tasks to queue
[2024-09-12T00:37:47.059+0000] {logging_mixin.py:188} INFO - [2024-09-12T00:37:47.059+0000] {dagbag.py:545} INFO - Filling up the DagBag from /home/airflow/.local/lib/python3.12/site-packages/airflow/example_dags/example_short_circuit_decorator.py
[2024-09-12T00:37:47.069+0000] {processor.py:840} INFO - DAG(s) 'example_short_circuit_decorator' retrieved from /home/airflow/.local/lib/python3.12/site-packages/airflow/example_dags/example_short_circuit_decorator.py
[2024-09-12T00:37:47.092+0000] {logging_mixin.py:188} INFO - [2024-09-12T00:37:47.092+0000] {dag.py:3089} INFO - Sync 1 DAGs
[2024-09-12T00:37:47.115+0000] {logging_mixin.py:188} INFO - [2024-09-12T00:37:47.115+0000] {dag.py:3947} INFO - Setting next_dagrun for example_short_circuit_decorator to 2024-09-11 00:00:00+00:00, run_after=2024-09-12 00:00:00+00:00
[2024-09-12T00:37:47.136+0000] {processor.py:183} INFO - Processing /home/airflow/.local/lib/python3.12/site-packages/airflow/example_dags/example_short_circuit_decorator.py took 0.086 seconds
