[2024-09-12T00:20:22.006+0000] {processor.py:161} INFO - Started process (PID=53) to work on /home/airflow/.local/lib/python3.12/site-packages/airflow/example_dags/example_nested_branch_dag.py
[2024-09-12T00:20:22.007+0000] {processor.py:830} INFO - Processing file /home/airflow/.local/lib/python3.12/site-packages/airflow/example_dags/example_nested_branch_dag.py for tasks to queue
[2024-09-12T00:20:22.010+0000] {logging_mixin.py:188} INFO - [2024-09-12T00:20:22.010+0000] {dagbag.py:545} INFO - Filling up the DagBag from /home/airflow/.local/lib/python3.12/site-packages/airflow/example_dags/example_nested_branch_dag.py
[2024-09-12T00:20:22.026+0000] {processor.py:840} INFO - DAG(s) 'example_nested_branch_dag' retrieved from /home/airflow/.local/lib/python3.12/site-packages/airflow/example_dags/example_nested_branch_dag.py
[2024-09-12T00:20:22.084+0000] {logging_mixin.py:188} INFO - [2024-09-12T00:20:22.084+0000] {dag.py:3089} INFO - Sync 1 DAGs
[2024-09-12T00:20:22.123+0000] {logging_mixin.py:188} INFO - [2024-09-12T00:20:22.123+0000] {dag.py:3947} INFO - Setting next_dagrun for example_nested_branch_dag to 2024-09-11 00:00:00+00:00, run_after=2024-09-12 00:00:00+00:00
[2024-09-12T00:20:22.146+0000] {processor.py:183} INFO - Processing /home/airflow/.local/lib/python3.12/site-packages/airflow/example_dags/example_nested_branch_dag.py took 0.151 seconds
[2024-09-12T00:20:52.482+0000] {processor.py:161} INFO - Started process (PID=112) to work on /home/airflow/.local/lib/python3.12/site-packages/airflow/example_dags/example_nested_branch_dag.py
[2024-09-12T00:20:52.484+0000] {processor.py:830} INFO - Processing file /home/airflow/.local/lib/python3.12/site-packages/airflow/example_dags/example_nested_branch_dag.py for tasks to queue
[2024-09-12T00:20:52.520+0000] {logging_mixin.py:188} INFO - [2024-09-12T00:20:52.519+0000] {dagbag.py:545} INFO - Filling up the DagBag from /home/airflow/.local/lib/python3.12/site-packages/airflow/example_dags/example_nested_branch_dag.py
[2024-09-12T00:20:52.620+0000] {processor.py:840} INFO - DAG(s) 'example_nested_branch_dag' retrieved from /home/airflow/.local/lib/python3.12/site-packages/airflow/example_dags/example_nested_branch_dag.py
[2024-09-12T00:20:52.711+0000] {logging_mixin.py:188} INFO - [2024-09-12T00:20:52.711+0000] {dag.py:3089} INFO - Sync 1 DAGs
[2024-09-12T00:20:52.763+0000] {logging_mixin.py:188} INFO - [2024-09-12T00:20:52.762+0000] {dag.py:3947} INFO - Setting next_dagrun for example_nested_branch_dag to 2024-09-11 00:00:00+00:00, run_after=2024-09-12 00:00:00+00:00
[2024-09-12T00:20:52.799+0000] {processor.py:183} INFO - Processing /home/airflow/.local/lib/python3.12/site-packages/airflow/example_dags/example_nested_branch_dag.py took 0.421 seconds
[2024-09-12T00:21:23.024+0000] {processor.py:161} INFO - Started process (PID=172) to work on /home/airflow/.local/lib/python3.12/site-packages/airflow/example_dags/example_nested_branch_dag.py
[2024-09-12T00:21:23.025+0000] {processor.py:830} INFO - Processing file /home/airflow/.local/lib/python3.12/site-packages/airflow/example_dags/example_nested_branch_dag.py for tasks to queue
[2024-09-12T00:21:23.027+0000] {logging_mixin.py:188} INFO - [2024-09-12T00:21:23.026+0000] {dagbag.py:545} INFO - Filling up the DagBag from /home/airflow/.local/lib/python3.12/site-packages/airflow/example_dags/example_nested_branch_dag.py
[2024-09-12T00:21:23.037+0000] {processor.py:840} INFO - DAG(s) 'example_nested_branch_dag' retrieved from /home/airflow/.local/lib/python3.12/site-packages/airflow/example_dags/example_nested_branch_dag.py
[2024-09-12T00:21:23.059+0000] {logging_mixin.py:188} INFO - [2024-09-12T00:21:23.058+0000] {dag.py:3089} INFO - Sync 1 DAGs
[2024-09-12T00:21:23.083+0000] {logging_mixin.py:188} INFO - [2024-09-12T00:21:23.082+0000] {dag.py:3947} INFO - Setting next_dagrun for example_nested_branch_dag to 2024-09-11 00:00:00+00:00, run_after=2024-09-12 00:00:00+00:00
[2024-09-12T00:21:23.103+0000] {processor.py:183} INFO - Processing /home/airflow/.local/lib/python3.12/site-packages/airflow/example_dags/example_nested_branch_dag.py took 0.086 seconds
[2024-09-12T00:21:53.325+0000] {processor.py:161} INFO - Started process (PID=232) to work on /home/airflow/.local/lib/python3.12/site-packages/airflow/example_dags/example_nested_branch_dag.py
[2024-09-12T00:21:53.326+0000] {processor.py:830} INFO - Processing file /home/airflow/.local/lib/python3.12/site-packages/airflow/example_dags/example_nested_branch_dag.py for tasks to queue
[2024-09-12T00:21:53.328+0000] {logging_mixin.py:188} INFO - [2024-09-12T00:21:53.328+0000] {dagbag.py:545} INFO - Filling up the DagBag from /home/airflow/.local/lib/python3.12/site-packages/airflow/example_dags/example_nested_branch_dag.py
[2024-09-12T00:21:53.338+0000] {processor.py:840} INFO - DAG(s) 'example_nested_branch_dag' retrieved from /home/airflow/.local/lib/python3.12/site-packages/airflow/example_dags/example_nested_branch_dag.py
[2024-09-12T00:21:53.360+0000] {logging_mixin.py:188} INFO - [2024-09-12T00:21:53.360+0000] {dag.py:3089} INFO - Sync 1 DAGs
[2024-09-12T00:21:53.384+0000] {logging_mixin.py:188} INFO - [2024-09-12T00:21:53.384+0000] {dag.py:3947} INFO - Setting next_dagrun for example_nested_branch_dag to 2024-09-11 00:00:00+00:00, run_after=2024-09-12 00:00:00+00:00
[2024-09-12T00:21:53.405+0000] {processor.py:183} INFO - Processing /home/airflow/.local/lib/python3.12/site-packages/airflow/example_dags/example_nested_branch_dag.py took 0.087 seconds
[2024-09-12T00:22:23.811+0000] {processor.py:161} INFO - Started process (PID=292) to work on /home/airflow/.local/lib/python3.12/site-packages/airflow/example_dags/example_nested_branch_dag.py
[2024-09-12T00:22:23.812+0000] {processor.py:830} INFO - Processing file /home/airflow/.local/lib/python3.12/site-packages/airflow/example_dags/example_nested_branch_dag.py for tasks to queue
[2024-09-12T00:22:23.814+0000] {logging_mixin.py:188} INFO - [2024-09-12T00:22:23.814+0000] {dagbag.py:545} INFO - Filling up the DagBag from /home/airflow/.local/lib/python3.12/site-packages/airflow/example_dags/example_nested_branch_dag.py
[2024-09-12T00:22:23.828+0000] {processor.py:840} INFO - DAG(s) 'example_nested_branch_dag' retrieved from /home/airflow/.local/lib/python3.12/site-packages/airflow/example_dags/example_nested_branch_dag.py
[2024-09-12T00:22:23.855+0000] {logging_mixin.py:188} INFO - [2024-09-12T00:22:23.855+0000] {dag.py:3089} INFO - Sync 1 DAGs
[2024-09-12T00:22:23.882+0000] {logging_mixin.py:188} INFO - [2024-09-12T00:22:23.882+0000] {dag.py:3947} INFO - Setting next_dagrun for example_nested_branch_dag to 2024-09-11 00:00:00+00:00, run_after=2024-09-12 00:00:00+00:00
[2024-09-12T00:22:23.924+0000] {processor.py:183} INFO - Processing /home/airflow/.local/lib/python3.12/site-packages/airflow/example_dags/example_nested_branch_dag.py took 0.121 seconds
[2024-09-12T00:22:54.703+0000] {processor.py:161} INFO - Started process (PID=358) to work on /home/airflow/.local/lib/python3.12/site-packages/airflow/example_dags/example_nested_branch_dag.py
[2024-09-12T00:22:54.704+0000] {processor.py:830} INFO - Processing file /home/airflow/.local/lib/python3.12/site-packages/airflow/example_dags/example_nested_branch_dag.py for tasks to queue
[2024-09-12T00:22:54.706+0000] {logging_mixin.py:188} INFO - [2024-09-12T00:22:54.706+0000] {dagbag.py:545} INFO - Filling up the DagBag from /home/airflow/.local/lib/python3.12/site-packages/airflow/example_dags/example_nested_branch_dag.py
[2024-09-12T00:22:54.717+0000] {processor.py:840} INFO - DAG(s) 'example_nested_branch_dag' retrieved from /home/airflow/.local/lib/python3.12/site-packages/airflow/example_dags/example_nested_branch_dag.py
[2024-09-12T00:22:54.738+0000] {logging_mixin.py:188} INFO - [2024-09-12T00:22:54.738+0000] {dag.py:3089} INFO - Sync 1 DAGs
[2024-09-12T00:22:54.761+0000] {logging_mixin.py:188} INFO - [2024-09-12T00:22:54.760+0000] {dag.py:3947} INFO - Setting next_dagrun for example_nested_branch_dag to 2024-09-11 00:00:00+00:00, run_after=2024-09-12 00:00:00+00:00
[2024-09-12T00:22:54.780+0000] {processor.py:183} INFO - Processing /home/airflow/.local/lib/python3.12/site-packages/airflow/example_dags/example_nested_branch_dag.py took 0.082 seconds
[2024-09-12T00:23:24.832+0000] {processor.py:161} INFO - Started process (PID=418) to work on /home/airflow/.local/lib/python3.12/site-packages/airflow/example_dags/example_nested_branch_dag.py
[2024-09-12T00:23:24.833+0000] {processor.py:830} INFO - Processing file /home/airflow/.local/lib/python3.12/site-packages/airflow/example_dags/example_nested_branch_dag.py for tasks to queue
[2024-09-12T00:23:24.835+0000] {logging_mixin.py:188} INFO - [2024-09-12T00:23:24.835+0000] {dagbag.py:545} INFO - Filling up the DagBag from /home/airflow/.local/lib/python3.12/site-packages/airflow/example_dags/example_nested_branch_dag.py
[2024-09-12T00:23:24.845+0000] {processor.py:840} INFO - DAG(s) 'example_nested_branch_dag' retrieved from /home/airflow/.local/lib/python3.12/site-packages/airflow/example_dags/example_nested_branch_dag.py
[2024-09-12T00:23:24.867+0000] {logging_mixin.py:188} INFO - [2024-09-12T00:23:24.867+0000] {dag.py:3089} INFO - Sync 1 DAGs
[2024-09-12T00:23:24.891+0000] {logging_mixin.py:188} INFO - [2024-09-12T00:23:24.890+0000] {dag.py:3947} INFO - Setting next_dagrun for example_nested_branch_dag to 2024-09-11 00:00:00+00:00, run_after=2024-09-12 00:00:00+00:00
[2024-09-12T00:23:24.911+0000] {processor.py:183} INFO - Processing /home/airflow/.local/lib/python3.12/site-packages/airflow/example_dags/example_nested_branch_dag.py took 0.085 seconds
[2024-09-12T00:23:55.384+0000] {processor.py:161} INFO - Started process (PID=478) to work on /home/airflow/.local/lib/python3.12/site-packages/airflow/example_dags/example_nested_branch_dag.py
[2024-09-12T00:23:55.385+0000] {processor.py:830} INFO - Processing file /home/airflow/.local/lib/python3.12/site-packages/airflow/example_dags/example_nested_branch_dag.py for tasks to queue
[2024-09-12T00:23:55.387+0000] {logging_mixin.py:188} INFO - [2024-09-12T00:23:55.386+0000] {dagbag.py:545} INFO - Filling up the DagBag from /home/airflow/.local/lib/python3.12/site-packages/airflow/example_dags/example_nested_branch_dag.py
[2024-09-12T00:23:55.397+0000] {processor.py:840} INFO - DAG(s) 'example_nested_branch_dag' retrieved from /home/airflow/.local/lib/python3.12/site-packages/airflow/example_dags/example_nested_branch_dag.py
[2024-09-12T00:23:55.419+0000] {logging_mixin.py:188} INFO - [2024-09-12T00:23:55.418+0000] {dag.py:3089} INFO - Sync 1 DAGs
[2024-09-12T00:23:55.442+0000] {logging_mixin.py:188} INFO - [2024-09-12T00:23:55.442+0000] {dag.py:3947} INFO - Setting next_dagrun for example_nested_branch_dag to 2024-09-11 00:00:00+00:00, run_after=2024-09-12 00:00:00+00:00
[2024-09-12T00:23:55.463+0000] {processor.py:183} INFO - Processing /home/airflow/.local/lib/python3.12/site-packages/airflow/example_dags/example_nested_branch_dag.py took 0.084 seconds
[2024-09-12T00:24:25.615+0000] {processor.py:161} INFO - Started process (PID=538) to work on /home/airflow/.local/lib/python3.12/site-packages/airflow/example_dags/example_nested_branch_dag.py
[2024-09-12T00:24:25.616+0000] {processor.py:830} INFO - Processing file /home/airflow/.local/lib/python3.12/site-packages/airflow/example_dags/example_nested_branch_dag.py for tasks to queue
[2024-09-12T00:24:25.618+0000] {logging_mixin.py:188} INFO - [2024-09-12T00:24:25.617+0000] {dagbag.py:545} INFO - Filling up the DagBag from /home/airflow/.local/lib/python3.12/site-packages/airflow/example_dags/example_nested_branch_dag.py
[2024-09-12T00:24:25.628+0000] {processor.py:840} INFO - DAG(s) 'example_nested_branch_dag' retrieved from /home/airflow/.local/lib/python3.12/site-packages/airflow/example_dags/example_nested_branch_dag.py
[2024-09-12T00:24:25.649+0000] {logging_mixin.py:188} INFO - [2024-09-12T00:24:25.649+0000] {dag.py:3089} INFO - Sync 1 DAGs
[2024-09-12T00:24:25.672+0000] {logging_mixin.py:188} INFO - [2024-09-12T00:24:25.672+0000] {dag.py:3947} INFO - Setting next_dagrun for example_nested_branch_dag to 2024-09-11 00:00:00+00:00, run_after=2024-09-12 00:00:00+00:00
[2024-09-12T00:24:25.694+0000] {processor.py:183} INFO - Processing /home/airflow/.local/lib/python3.12/site-packages/airflow/example_dags/example_nested_branch_dag.py took 0.085 seconds
[2024-09-12T00:24:55.733+0000] {processor.py:161} INFO - Started process (PID=598) to work on /home/airflow/.local/lib/python3.12/site-packages/airflow/example_dags/example_nested_branch_dag.py
[2024-09-12T00:24:55.734+0000] {processor.py:830} INFO - Processing file /home/airflow/.local/lib/python3.12/site-packages/airflow/example_dags/example_nested_branch_dag.py for tasks to queue
[2024-09-12T00:24:55.736+0000] {logging_mixin.py:188} INFO - [2024-09-12T00:24:55.735+0000] {dagbag.py:545} INFO - Filling up the DagBag from /home/airflow/.local/lib/python3.12/site-packages/airflow/example_dags/example_nested_branch_dag.py
[2024-09-12T00:24:55.745+0000] {processor.py:840} INFO - DAG(s) 'example_nested_branch_dag' retrieved from /home/airflow/.local/lib/python3.12/site-packages/airflow/example_dags/example_nested_branch_dag.py
[2024-09-12T00:24:55.766+0000] {logging_mixin.py:188} INFO - [2024-09-12T00:24:55.765+0000] {dag.py:3089} INFO - Sync 1 DAGs
[2024-09-12T00:24:55.788+0000] {logging_mixin.py:188} INFO - [2024-09-12T00:24:55.788+0000] {dag.py:3947} INFO - Setting next_dagrun for example_nested_branch_dag to 2024-09-11 00:00:00+00:00, run_after=2024-09-12 00:00:00+00:00
[2024-09-12T00:24:55.809+0000] {processor.py:183} INFO - Processing /home/airflow/.local/lib/python3.12/site-packages/airflow/example_dags/example_nested_branch_dag.py took 0.081 seconds
[2024-09-12T00:25:26.270+0000] {processor.py:161} INFO - Started process (PID=658) to work on /home/airflow/.local/lib/python3.12/site-packages/airflow/example_dags/example_nested_branch_dag.py
[2024-09-12T00:25:26.271+0000] {processor.py:830} INFO - Processing file /home/airflow/.local/lib/python3.12/site-packages/airflow/example_dags/example_nested_branch_dag.py for tasks to queue
[2024-09-12T00:25:26.273+0000] {logging_mixin.py:188} INFO - [2024-09-12T00:25:26.273+0000] {dagbag.py:545} INFO - Filling up the DagBag from /home/airflow/.local/lib/python3.12/site-packages/airflow/example_dags/example_nested_branch_dag.py
[2024-09-12T00:25:26.283+0000] {processor.py:840} INFO - DAG(s) 'example_nested_branch_dag' retrieved from /home/airflow/.local/lib/python3.12/site-packages/airflow/example_dags/example_nested_branch_dag.py
[2024-09-12T00:25:26.305+0000] {logging_mixin.py:188} INFO - [2024-09-12T00:25:26.304+0000] {dag.py:3089} INFO - Sync 1 DAGs
[2024-09-12T00:25:26.327+0000] {logging_mixin.py:188} INFO - [2024-09-12T00:25:26.326+0000] {dag.py:3947} INFO - Setting next_dagrun for example_nested_branch_dag to 2024-09-11 00:00:00+00:00, run_after=2024-09-12 00:00:00+00:00
[2024-09-12T00:25:26.349+0000] {processor.py:183} INFO - Processing /home/airflow/.local/lib/python3.12/site-packages/airflow/example_dags/example_nested_branch_dag.py took 0.083 seconds
[2024-09-12T00:25:56.389+0000] {processor.py:161} INFO - Started process (PID=718) to work on /home/airflow/.local/lib/python3.12/site-packages/airflow/example_dags/example_nested_branch_dag.py
[2024-09-12T00:25:56.390+0000] {processor.py:830} INFO - Processing file /home/airflow/.local/lib/python3.12/site-packages/airflow/example_dags/example_nested_branch_dag.py for tasks to queue
[2024-09-12T00:25:56.392+0000] {logging_mixin.py:188} INFO - [2024-09-12T00:25:56.392+0000] {dagbag.py:545} INFO - Filling up the DagBag from /home/airflow/.local/lib/python3.12/site-packages/airflow/example_dags/example_nested_branch_dag.py
[2024-09-12T00:25:56.401+0000] {processor.py:840} INFO - DAG(s) 'example_nested_branch_dag' retrieved from /home/airflow/.local/lib/python3.12/site-packages/airflow/example_dags/example_nested_branch_dag.py
[2024-09-12T00:25:56.422+0000] {logging_mixin.py:188} INFO - [2024-09-12T00:25:56.422+0000] {dag.py:3089} INFO - Sync 1 DAGs
[2024-09-12T00:25:56.445+0000] {logging_mixin.py:188} INFO - [2024-09-12T00:25:56.445+0000] {dag.py:3947} INFO - Setting next_dagrun for example_nested_branch_dag to 2024-09-11 00:00:00+00:00, run_after=2024-09-12 00:00:00+00:00
[2024-09-12T00:25:56.466+0000] {processor.py:183} INFO - Processing /home/airflow/.local/lib/python3.12/site-packages/airflow/example_dags/example_nested_branch_dag.py took 0.082 seconds
[2024-09-12T00:26:26.647+0000] {processor.py:161} INFO - Started process (PID=778) to work on /home/airflow/.local/lib/python3.12/site-packages/airflow/example_dags/example_nested_branch_dag.py
[2024-09-12T00:26:26.648+0000] {processor.py:830} INFO - Processing file /home/airflow/.local/lib/python3.12/site-packages/airflow/example_dags/example_nested_branch_dag.py for tasks to queue
[2024-09-12T00:26:26.650+0000] {logging_mixin.py:188} INFO - [2024-09-12T00:26:26.650+0000] {dagbag.py:545} INFO - Filling up the DagBag from /home/airflow/.local/lib/python3.12/site-packages/airflow/example_dags/example_nested_branch_dag.py
[2024-09-12T00:26:26.661+0000] {processor.py:840} INFO - DAG(s) 'example_nested_branch_dag' retrieved from /home/airflow/.local/lib/python3.12/site-packages/airflow/example_dags/example_nested_branch_dag.py
[2024-09-12T00:26:26.683+0000] {logging_mixin.py:188} INFO - [2024-09-12T00:26:26.683+0000] {dag.py:3089} INFO - Sync 1 DAGs
[2024-09-12T00:26:26.707+0000] {logging_mixin.py:188} INFO - [2024-09-12T00:26:26.706+0000] {dag.py:3947} INFO - Setting next_dagrun for example_nested_branch_dag to 2024-09-11 00:00:00+00:00, run_after=2024-09-12 00:00:00+00:00
[2024-09-12T00:26:26.728+0000] {processor.py:183} INFO - Processing /home/airflow/.local/lib/python3.12/site-packages/airflow/example_dags/example_nested_branch_dag.py took 0.086 seconds
[2024-09-12T00:26:57.247+0000] {processor.py:161} INFO - Started process (PID=838) to work on /home/airflow/.local/lib/python3.12/site-packages/airflow/example_dags/example_nested_branch_dag.py
[2024-09-12T00:26:57.247+0000] {processor.py:830} INFO - Processing file /home/airflow/.local/lib/python3.12/site-packages/airflow/example_dags/example_nested_branch_dag.py for tasks to queue
[2024-09-12T00:26:57.250+0000] {logging_mixin.py:188} INFO - [2024-09-12T00:26:57.250+0000] {dagbag.py:545} INFO - Filling up the DagBag from /home/airflow/.local/lib/python3.12/site-packages/airflow/example_dags/example_nested_branch_dag.py
[2024-09-12T00:26:57.259+0000] {processor.py:840} INFO - DAG(s) 'example_nested_branch_dag' retrieved from /home/airflow/.local/lib/python3.12/site-packages/airflow/example_dags/example_nested_branch_dag.py
[2024-09-12T00:26:57.280+0000] {logging_mixin.py:188} INFO - [2024-09-12T00:26:57.280+0000] {dag.py:3089} INFO - Sync 1 DAGs
[2024-09-12T00:26:57.303+0000] {logging_mixin.py:188} INFO - [2024-09-12T00:26:57.303+0000] {dag.py:3947} INFO - Setting next_dagrun for example_nested_branch_dag to 2024-09-11 00:00:00+00:00, run_after=2024-09-12 00:00:00+00:00
[2024-09-12T00:26:57.324+0000] {processor.py:183} INFO - Processing /home/airflow/.local/lib/python3.12/site-packages/airflow/example_dags/example_nested_branch_dag.py took 0.084 seconds
[2024-09-12T00:27:27.767+0000] {processor.py:161} INFO - Started process (PID=898) to work on /home/airflow/.local/lib/python3.12/site-packages/airflow/example_dags/example_nested_branch_dag.py
[2024-09-12T00:27:27.768+0000] {processor.py:830} INFO - Processing file /home/airflow/.local/lib/python3.12/site-packages/airflow/example_dags/example_nested_branch_dag.py for tasks to queue
[2024-09-12T00:27:27.771+0000] {logging_mixin.py:188} INFO - [2024-09-12T00:27:27.770+0000] {dagbag.py:545} INFO - Filling up the DagBag from /home/airflow/.local/lib/python3.12/site-packages/airflow/example_dags/example_nested_branch_dag.py
[2024-09-12T00:27:27.780+0000] {processor.py:840} INFO - DAG(s) 'example_nested_branch_dag' retrieved from /home/airflow/.local/lib/python3.12/site-packages/airflow/example_dags/example_nested_branch_dag.py
[2024-09-12T00:27:27.801+0000] {logging_mixin.py:188} INFO - [2024-09-12T00:27:27.801+0000] {dag.py:3089} INFO - Sync 1 DAGs
[2024-09-12T00:27:27.825+0000] {logging_mixin.py:188} INFO - [2024-09-12T00:27:27.825+0000] {dag.py:3947} INFO - Setting next_dagrun for example_nested_branch_dag to 2024-09-11 00:00:00+00:00, run_after=2024-09-12 00:00:00+00:00
[2024-09-12T00:27:27.846+0000] {processor.py:183} INFO - Processing /home/airflow/.local/lib/python3.12/site-packages/airflow/example_dags/example_nested_branch_dag.py took 0.084 seconds
[2024-09-12T00:27:58.010+0000] {processor.py:161} INFO - Started process (PID=958) to work on /home/airflow/.local/lib/python3.12/site-packages/airflow/example_dags/example_nested_branch_dag.py
[2024-09-12T00:27:58.011+0000] {processor.py:830} INFO - Processing file /home/airflow/.local/lib/python3.12/site-packages/airflow/example_dags/example_nested_branch_dag.py for tasks to queue
[2024-09-12T00:27:58.013+0000] {logging_mixin.py:188} INFO - [2024-09-12T00:27:58.013+0000] {dagbag.py:545} INFO - Filling up the DagBag from /home/airflow/.local/lib/python3.12/site-packages/airflow/example_dags/example_nested_branch_dag.py
[2024-09-12T00:27:58.024+0000] {processor.py:840} INFO - DAG(s) 'example_nested_branch_dag' retrieved from /home/airflow/.local/lib/python3.12/site-packages/airflow/example_dags/example_nested_branch_dag.py
[2024-09-12T00:27:58.046+0000] {logging_mixin.py:188} INFO - [2024-09-12T00:27:58.046+0000] {dag.py:3089} INFO - Sync 1 DAGs
[2024-09-12T00:27:58.069+0000] {logging_mixin.py:188} INFO - [2024-09-12T00:27:58.069+0000] {dag.py:3947} INFO - Setting next_dagrun for example_nested_branch_dag to 2024-09-11 00:00:00+00:00, run_after=2024-09-12 00:00:00+00:00
[2024-09-12T00:27:58.090+0000] {processor.py:183} INFO - Processing /home/airflow/.local/lib/python3.12/site-packages/airflow/example_dags/example_nested_branch_dag.py took 0.086 seconds
[2024-09-12T00:28:28.180+0000] {processor.py:161} INFO - Started process (PID=1018) to work on /home/airflow/.local/lib/python3.12/site-packages/airflow/example_dags/example_nested_branch_dag.py
[2024-09-12T00:28:28.181+0000] {processor.py:830} INFO - Processing file /home/airflow/.local/lib/python3.12/site-packages/airflow/example_dags/example_nested_branch_dag.py for tasks to queue
[2024-09-12T00:28:28.183+0000] {logging_mixin.py:188} INFO - [2024-09-12T00:28:28.183+0000] {dagbag.py:545} INFO - Filling up the DagBag from /home/airflow/.local/lib/python3.12/site-packages/airflow/example_dags/example_nested_branch_dag.py
[2024-09-12T00:28:28.193+0000] {processor.py:840} INFO - DAG(s) 'example_nested_branch_dag' retrieved from /home/airflow/.local/lib/python3.12/site-packages/airflow/example_dags/example_nested_branch_dag.py
[2024-09-12T00:28:28.213+0000] {logging_mixin.py:188} INFO - [2024-09-12T00:28:28.213+0000] {dag.py:3089} INFO - Sync 1 DAGs
[2024-09-12T00:28:28.236+0000] {logging_mixin.py:188} INFO - [2024-09-12T00:28:28.236+0000] {dag.py:3947} INFO - Setting next_dagrun for example_nested_branch_dag to 2024-09-11 00:00:00+00:00, run_after=2024-09-12 00:00:00+00:00
[2024-09-12T00:28:28.255+0000] {processor.py:183} INFO - Processing /home/airflow/.local/lib/python3.12/site-packages/airflow/example_dags/example_nested_branch_dag.py took 0.080 seconds
[2024-09-12T00:28:58.691+0000] {processor.py:161} INFO - Started process (PID=1078) to work on /home/airflow/.local/lib/python3.12/site-packages/airflow/example_dags/example_nested_branch_dag.py
[2024-09-12T00:28:58.692+0000] {processor.py:830} INFO - Processing file /home/airflow/.local/lib/python3.12/site-packages/airflow/example_dags/example_nested_branch_dag.py for tasks to queue
[2024-09-12T00:28:58.693+0000] {logging_mixin.py:188} INFO - [2024-09-12T00:28:58.693+0000] {dagbag.py:545} INFO - Filling up the DagBag from /home/airflow/.local/lib/python3.12/site-packages/airflow/example_dags/example_nested_branch_dag.py
[2024-09-12T00:28:58.703+0000] {processor.py:840} INFO - DAG(s) 'example_nested_branch_dag' retrieved from /home/airflow/.local/lib/python3.12/site-packages/airflow/example_dags/example_nested_branch_dag.py
[2024-09-12T00:28:58.724+0000] {logging_mixin.py:188} INFO - [2024-09-12T00:28:58.724+0000] {dag.py:3089} INFO - Sync 1 DAGs
[2024-09-12T00:28:58.746+0000] {logging_mixin.py:188} INFO - [2024-09-12T00:28:58.746+0000] {dag.py:3947} INFO - Setting next_dagrun for example_nested_branch_dag to 2024-09-11 00:00:00+00:00, run_after=2024-09-12 00:00:00+00:00
[2024-09-12T00:28:58.766+0000] {processor.py:183} INFO - Processing /home/airflow/.local/lib/python3.12/site-packages/airflow/example_dags/example_nested_branch_dag.py took 0.080 seconds
[2024-09-12T00:29:29.115+0000] {processor.py:161} INFO - Started process (PID=1138) to work on /home/airflow/.local/lib/python3.12/site-packages/airflow/example_dags/example_nested_branch_dag.py
[2024-09-12T00:29:29.116+0000] {processor.py:830} INFO - Processing file /home/airflow/.local/lib/python3.12/site-packages/airflow/example_dags/example_nested_branch_dag.py for tasks to queue
[2024-09-12T00:29:29.118+0000] {logging_mixin.py:188} INFO - [2024-09-12T00:29:29.118+0000] {dagbag.py:545} INFO - Filling up the DagBag from /home/airflow/.local/lib/python3.12/site-packages/airflow/example_dags/example_nested_branch_dag.py
[2024-09-12T00:29:29.128+0000] {processor.py:840} INFO - DAG(s) 'example_nested_branch_dag' retrieved from /home/airflow/.local/lib/python3.12/site-packages/airflow/example_dags/example_nested_branch_dag.py
[2024-09-12T00:29:29.149+0000] {logging_mixin.py:188} INFO - [2024-09-12T00:29:29.149+0000] {dag.py:3089} INFO - Sync 1 DAGs
[2024-09-12T00:29:29.171+0000] {logging_mixin.py:188} INFO - [2024-09-12T00:29:29.171+0000] {dag.py:3947} INFO - Setting next_dagrun for example_nested_branch_dag to 2024-09-11 00:00:00+00:00, run_after=2024-09-12 00:00:00+00:00
[2024-09-12T00:29:29.191+0000] {processor.py:183} INFO - Processing /home/airflow/.local/lib/python3.12/site-packages/airflow/example_dags/example_nested_branch_dag.py took 0.082 seconds
[2024-09-12T00:29:59.643+0000] {processor.py:161} INFO - Started process (PID=1198) to work on /home/airflow/.local/lib/python3.12/site-packages/airflow/example_dags/example_nested_branch_dag.py
[2024-09-12T00:29:59.644+0000] {processor.py:830} INFO - Processing file /home/airflow/.local/lib/python3.12/site-packages/airflow/example_dags/example_nested_branch_dag.py for tasks to queue
[2024-09-12T00:29:59.646+0000] {logging_mixin.py:188} INFO - [2024-09-12T00:29:59.645+0000] {dagbag.py:545} INFO - Filling up the DagBag from /home/airflow/.local/lib/python3.12/site-packages/airflow/example_dags/example_nested_branch_dag.py
[2024-09-12T00:29:59.655+0000] {processor.py:840} INFO - DAG(s) 'example_nested_branch_dag' retrieved from /home/airflow/.local/lib/python3.12/site-packages/airflow/example_dags/example_nested_branch_dag.py
[2024-09-12T00:29:59.677+0000] {logging_mixin.py:188} INFO - [2024-09-12T00:29:59.676+0000] {dag.py:3089} INFO - Sync 1 DAGs
[2024-09-12T00:29:59.699+0000] {logging_mixin.py:188} INFO - [2024-09-12T00:29:59.699+0000] {dag.py:3947} INFO - Setting next_dagrun for example_nested_branch_dag to 2024-09-11 00:00:00+00:00, run_after=2024-09-12 00:00:00+00:00
[2024-09-12T00:29:59.720+0000] {processor.py:183} INFO - Processing /home/airflow/.local/lib/python3.12/site-packages/airflow/example_dags/example_nested_branch_dag.py took 0.083 seconds
[2024-09-12T00:30:29.918+0000] {processor.py:161} INFO - Started process (PID=1258) to work on /home/airflow/.local/lib/python3.12/site-packages/airflow/example_dags/example_nested_branch_dag.py
[2024-09-12T00:30:29.919+0000] {processor.py:830} INFO - Processing file /home/airflow/.local/lib/python3.12/site-packages/airflow/example_dags/example_nested_branch_dag.py for tasks to queue
[2024-09-12T00:30:29.921+0000] {logging_mixin.py:188} INFO - [2024-09-12T00:30:29.920+0000] {dagbag.py:545} INFO - Filling up the DagBag from /home/airflow/.local/lib/python3.12/site-packages/airflow/example_dags/example_nested_branch_dag.py
[2024-09-12T00:30:29.930+0000] {processor.py:840} INFO - DAG(s) 'example_nested_branch_dag' retrieved from /home/airflow/.local/lib/python3.12/site-packages/airflow/example_dags/example_nested_branch_dag.py
[2024-09-12T00:30:29.952+0000] {logging_mixin.py:188} INFO - [2024-09-12T00:30:29.951+0000] {dag.py:3089} INFO - Sync 1 DAGs
[2024-09-12T00:30:29.973+0000] {logging_mixin.py:188} INFO - [2024-09-12T00:30:29.973+0000] {dag.py:3947} INFO - Setting next_dagrun for example_nested_branch_dag to 2024-09-11 00:00:00+00:00, run_after=2024-09-12 00:00:00+00:00
[2024-09-12T00:30:29.995+0000] {processor.py:183} INFO - Processing /home/airflow/.local/lib/python3.12/site-packages/airflow/example_dags/example_nested_branch_dag.py took 0.083 seconds
[2024-09-12T00:31:00.120+0000] {processor.py:161} INFO - Started process (PID=1318) to work on /home/airflow/.local/lib/python3.12/site-packages/airflow/example_dags/example_nested_branch_dag.py
[2024-09-12T00:31:00.121+0000] {processor.py:830} INFO - Processing file /home/airflow/.local/lib/python3.12/site-packages/airflow/example_dags/example_nested_branch_dag.py for tasks to queue
[2024-09-12T00:31:00.122+0000] {logging_mixin.py:188} INFO - [2024-09-12T00:31:00.122+0000] {dagbag.py:545} INFO - Filling up the DagBag from /home/airflow/.local/lib/python3.12/site-packages/airflow/example_dags/example_nested_branch_dag.py
[2024-09-12T00:31:00.133+0000] {processor.py:840} INFO - DAG(s) 'example_nested_branch_dag' retrieved from /home/airflow/.local/lib/python3.12/site-packages/airflow/example_dags/example_nested_branch_dag.py
[2024-09-12T00:31:00.153+0000] {logging_mixin.py:188} INFO - [2024-09-12T00:31:00.153+0000] {dag.py:3089} INFO - Sync 1 DAGs
[2024-09-12T00:31:00.175+0000] {logging_mixin.py:188} INFO - [2024-09-12T00:31:00.175+0000] {dag.py:3947} INFO - Setting next_dagrun for example_nested_branch_dag to 2024-09-11 00:00:00+00:00, run_after=2024-09-12 00:00:00+00:00
[2024-09-12T00:31:00.194+0000] {processor.py:183} INFO - Processing /home/airflow/.local/lib/python3.12/site-packages/airflow/example_dags/example_nested_branch_dag.py took 0.080 seconds
[2024-09-12T00:31:30.707+0000] {processor.py:161} INFO - Started process (PID=1378) to work on /home/airflow/.local/lib/python3.12/site-packages/airflow/example_dags/example_nested_branch_dag.py
[2024-09-12T00:31:30.708+0000] {processor.py:830} INFO - Processing file /home/airflow/.local/lib/python3.12/site-packages/airflow/example_dags/example_nested_branch_dag.py for tasks to queue
[2024-09-12T00:31:30.709+0000] {logging_mixin.py:188} INFO - [2024-09-12T00:31:30.709+0000] {dagbag.py:545} INFO - Filling up the DagBag from /home/airflow/.local/lib/python3.12/site-packages/airflow/example_dags/example_nested_branch_dag.py
[2024-09-12T00:31:30.720+0000] {processor.py:840} INFO - DAG(s) 'example_nested_branch_dag' retrieved from /home/airflow/.local/lib/python3.12/site-packages/airflow/example_dags/example_nested_branch_dag.py
[2024-09-12T00:31:30.741+0000] {logging_mixin.py:188} INFO - [2024-09-12T00:31:30.740+0000] {dag.py:3089} INFO - Sync 1 DAGs
[2024-09-12T00:31:30.763+0000] {logging_mixin.py:188} INFO - [2024-09-12T00:31:30.762+0000] {dag.py:3947} INFO - Setting next_dagrun for example_nested_branch_dag to 2024-09-11 00:00:00+00:00, run_after=2024-09-12 00:00:00+00:00
[2024-09-12T00:31:30.784+0000] {processor.py:183} INFO - Processing /home/airflow/.local/lib/python3.12/site-packages/airflow/example_dags/example_nested_branch_dag.py took 0.086 seconds
[2024-09-12T00:32:01.287+0000] {processor.py:161} INFO - Started process (PID=1438) to work on /home/airflow/.local/lib/python3.12/site-packages/airflow/example_dags/example_nested_branch_dag.py
[2024-09-12T00:32:01.289+0000] {processor.py:830} INFO - Processing file /home/airflow/.local/lib/python3.12/site-packages/airflow/example_dags/example_nested_branch_dag.py for tasks to queue
[2024-09-12T00:32:01.292+0000] {logging_mixin.py:188} INFO - [2024-09-12T00:32:01.292+0000] {dagbag.py:545} INFO - Filling up the DagBag from /home/airflow/.local/lib/python3.12/site-packages/airflow/example_dags/example_nested_branch_dag.py
[2024-09-12T00:32:01.303+0000] {processor.py:840} INFO - DAG(s) 'example_nested_branch_dag' retrieved from /home/airflow/.local/lib/python3.12/site-packages/airflow/example_dags/example_nested_branch_dag.py
[2024-09-12T00:32:01.327+0000] {logging_mixin.py:188} INFO - [2024-09-12T00:32:01.326+0000] {dag.py:3089} INFO - Sync 1 DAGs
[2024-09-12T00:32:01.353+0000] {logging_mixin.py:188} INFO - [2024-09-12T00:32:01.353+0000] {dag.py:3947} INFO - Setting next_dagrun for example_nested_branch_dag to 2024-09-11 00:00:00+00:00, run_after=2024-09-12 00:00:00+00:00
[2024-09-12T00:32:01.680+0000] {processor.py:183} INFO - Processing /home/airflow/.local/lib/python3.12/site-packages/airflow/example_dags/example_nested_branch_dag.py took 0.399 seconds
[2024-09-12T00:32:31.919+0000] {processor.py:161} INFO - Started process (PID=1498) to work on /home/airflow/.local/lib/python3.12/site-packages/airflow/example_dags/example_nested_branch_dag.py
[2024-09-12T00:32:31.920+0000] {processor.py:830} INFO - Processing file /home/airflow/.local/lib/python3.12/site-packages/airflow/example_dags/example_nested_branch_dag.py for tasks to queue
[2024-09-12T00:32:31.922+0000] {logging_mixin.py:188} INFO - [2024-09-12T00:32:31.922+0000] {dagbag.py:545} INFO - Filling up the DagBag from /home/airflow/.local/lib/python3.12/site-packages/airflow/example_dags/example_nested_branch_dag.py
[2024-09-12T00:32:31.933+0000] {processor.py:840} INFO - DAG(s) 'example_nested_branch_dag' retrieved from /home/airflow/.local/lib/python3.12/site-packages/airflow/example_dags/example_nested_branch_dag.py
[2024-09-12T00:32:31.954+0000] {logging_mixin.py:188} INFO - [2024-09-12T00:32:31.954+0000] {dag.py:3089} INFO - Sync 1 DAGs
[2024-09-12T00:32:31.982+0000] {logging_mixin.py:188} INFO - [2024-09-12T00:32:31.982+0000] {dag.py:3947} INFO - Setting next_dagrun for example_nested_branch_dag to 2024-09-11 00:00:00+00:00, run_after=2024-09-12 00:00:00+00:00
[2024-09-12T00:32:32.005+0000] {processor.py:183} INFO - Processing /home/airflow/.local/lib/python3.12/site-packages/airflow/example_dags/example_nested_branch_dag.py took 0.091 seconds
[2024-09-12T00:33:02.244+0000] {processor.py:161} INFO - Started process (PID=1558) to work on /home/airflow/.local/lib/python3.12/site-packages/airflow/example_dags/example_nested_branch_dag.py
[2024-09-12T00:33:02.245+0000] {processor.py:830} INFO - Processing file /home/airflow/.local/lib/python3.12/site-packages/airflow/example_dags/example_nested_branch_dag.py for tasks to queue
[2024-09-12T00:33:02.247+0000] {logging_mixin.py:188} INFO - [2024-09-12T00:33:02.247+0000] {dagbag.py:545} INFO - Filling up the DagBag from /home/airflow/.local/lib/python3.12/site-packages/airflow/example_dags/example_nested_branch_dag.py
[2024-09-12T00:33:02.257+0000] {processor.py:840} INFO - DAG(s) 'example_nested_branch_dag' retrieved from /home/airflow/.local/lib/python3.12/site-packages/airflow/example_dags/example_nested_branch_dag.py
[2024-09-12T00:33:02.278+0000] {logging_mixin.py:188} INFO - [2024-09-12T00:33:02.278+0000] {dag.py:3089} INFO - Sync 1 DAGs
[2024-09-12T00:33:02.301+0000] {logging_mixin.py:188} INFO - [2024-09-12T00:33:02.301+0000] {dag.py:3947} INFO - Setting next_dagrun for example_nested_branch_dag to 2024-09-11 00:00:00+00:00, run_after=2024-09-12 00:00:00+00:00
[2024-09-12T00:33:02.320+0000] {processor.py:183} INFO - Processing /home/airflow/.local/lib/python3.12/site-packages/airflow/example_dags/example_nested_branch_dag.py took 0.082 seconds
[2024-09-12T00:33:32.437+0000] {processor.py:161} INFO - Started process (PID=1618) to work on /home/airflow/.local/lib/python3.12/site-packages/airflow/example_dags/example_nested_branch_dag.py
[2024-09-12T00:33:32.438+0000] {processor.py:830} INFO - Processing file /home/airflow/.local/lib/python3.12/site-packages/airflow/example_dags/example_nested_branch_dag.py for tasks to queue
[2024-09-12T00:33:32.440+0000] {logging_mixin.py:188} INFO - [2024-09-12T00:33:32.440+0000] {dagbag.py:545} INFO - Filling up the DagBag from /home/airflow/.local/lib/python3.12/site-packages/airflow/example_dags/example_nested_branch_dag.py
[2024-09-12T00:33:32.450+0000] {processor.py:840} INFO - DAG(s) 'example_nested_branch_dag' retrieved from /home/airflow/.local/lib/python3.12/site-packages/airflow/example_dags/example_nested_branch_dag.py
[2024-09-12T00:33:32.471+0000] {logging_mixin.py:188} INFO - [2024-09-12T00:33:32.471+0000] {dag.py:3089} INFO - Sync 1 DAGs
[2024-09-12T00:33:32.494+0000] {logging_mixin.py:188} INFO - [2024-09-12T00:33:32.494+0000] {dag.py:3947} INFO - Setting next_dagrun for example_nested_branch_dag to 2024-09-11 00:00:00+00:00, run_after=2024-09-12 00:00:00+00:00
[2024-09-12T00:33:32.513+0000] {processor.py:183} INFO - Processing /home/airflow/.local/lib/python3.12/site-packages/airflow/example_dags/example_nested_branch_dag.py took 0.082 seconds
[2024-09-12T00:34:03.147+0000] {processor.py:161} INFO - Started process (PID=1678) to work on /home/airflow/.local/lib/python3.12/site-packages/airflow/example_dags/example_nested_branch_dag.py
[2024-09-12T00:34:03.148+0000] {processor.py:830} INFO - Processing file /home/airflow/.local/lib/python3.12/site-packages/airflow/example_dags/example_nested_branch_dag.py for tasks to queue
[2024-09-12T00:34:03.150+0000] {logging_mixin.py:188} INFO - [2024-09-12T00:34:03.150+0000] {dagbag.py:545} INFO - Filling up the DagBag from /home/airflow/.local/lib/python3.12/site-packages/airflow/example_dags/example_nested_branch_dag.py
[2024-09-12T00:34:03.160+0000] {processor.py:840} INFO - DAG(s) 'example_nested_branch_dag' retrieved from /home/airflow/.local/lib/python3.12/site-packages/airflow/example_dags/example_nested_branch_dag.py
[2024-09-12T00:34:03.182+0000] {logging_mixin.py:188} INFO - [2024-09-12T00:34:03.182+0000] {dag.py:3089} INFO - Sync 1 DAGs
[2024-09-12T00:34:03.205+0000] {logging_mixin.py:188} INFO - [2024-09-12T00:34:03.205+0000] {dag.py:3947} INFO - Setting next_dagrun for example_nested_branch_dag to 2024-09-11 00:00:00+00:00, run_after=2024-09-12 00:00:00+00:00
[2024-09-12T00:34:03.227+0000] {processor.py:183} INFO - Processing /home/airflow/.local/lib/python3.12/site-packages/airflow/example_dags/example_nested_branch_dag.py took 0.087 seconds
[2024-09-12T00:34:33.452+0000] {processor.py:161} INFO - Started process (PID=1738) to work on /home/airflow/.local/lib/python3.12/site-packages/airflow/example_dags/example_nested_branch_dag.py
[2024-09-12T00:34:33.453+0000] {processor.py:830} INFO - Processing file /home/airflow/.local/lib/python3.12/site-packages/airflow/example_dags/example_nested_branch_dag.py for tasks to queue
[2024-09-12T00:34:33.455+0000] {logging_mixin.py:188} INFO - [2024-09-12T00:34:33.454+0000] {dagbag.py:545} INFO - Filling up the DagBag from /home/airflow/.local/lib/python3.12/site-packages/airflow/example_dags/example_nested_branch_dag.py
[2024-09-12T00:34:33.466+0000] {processor.py:840} INFO - DAG(s) 'example_nested_branch_dag' retrieved from /home/airflow/.local/lib/python3.12/site-packages/airflow/example_dags/example_nested_branch_dag.py
[2024-09-12T00:34:33.488+0000] {logging_mixin.py:188} INFO - [2024-09-12T00:34:33.488+0000] {dag.py:3089} INFO - Sync 1 DAGs
[2024-09-12T00:34:33.514+0000] {logging_mixin.py:188} INFO - [2024-09-12T00:34:33.513+0000] {dag.py:3947} INFO - Setting next_dagrun for example_nested_branch_dag to 2024-09-11 00:00:00+00:00, run_after=2024-09-12 00:00:00+00:00
[2024-09-12T00:34:33.535+0000] {processor.py:183} INFO - Processing /home/airflow/.local/lib/python3.12/site-packages/airflow/example_dags/example_nested_branch_dag.py took 0.090 seconds
[2024-09-12T00:35:03.670+0000] {processor.py:161} INFO - Started process (PID=1798) to work on /home/airflow/.local/lib/python3.12/site-packages/airflow/example_dags/example_nested_branch_dag.py
[2024-09-12T00:35:03.671+0000] {processor.py:830} INFO - Processing file /home/airflow/.local/lib/python3.12/site-packages/airflow/example_dags/example_nested_branch_dag.py for tasks to queue
[2024-09-12T00:35:03.673+0000] {logging_mixin.py:188} INFO - [2024-09-12T00:35:03.673+0000] {dagbag.py:545} INFO - Filling up the DagBag from /home/airflow/.local/lib/python3.12/site-packages/airflow/example_dags/example_nested_branch_dag.py
[2024-09-12T00:35:03.683+0000] {processor.py:840} INFO - DAG(s) 'example_nested_branch_dag' retrieved from /home/airflow/.local/lib/python3.12/site-packages/airflow/example_dags/example_nested_branch_dag.py
[2024-09-12T00:35:03.705+0000] {logging_mixin.py:188} INFO - [2024-09-12T00:35:03.704+0000] {dag.py:3089} INFO - Sync 1 DAGs
[2024-09-12T00:35:03.729+0000] {logging_mixin.py:188} INFO - [2024-09-12T00:35:03.729+0000] {dag.py:3947} INFO - Setting next_dagrun for example_nested_branch_dag to 2024-09-11 00:00:00+00:00, run_after=2024-09-12 00:00:00+00:00
[2024-09-12T00:35:03.753+0000] {processor.py:183} INFO - Processing /home/airflow/.local/lib/python3.12/site-packages/airflow/example_dags/example_nested_branch_dag.py took 0.089 seconds
[2024-09-12T00:35:34.059+0000] {processor.py:161} INFO - Started process (PID=1858) to work on /home/airflow/.local/lib/python3.12/site-packages/airflow/example_dags/example_nested_branch_dag.py
[2024-09-12T00:35:34.061+0000] {processor.py:830} INFO - Processing file /home/airflow/.local/lib/python3.12/site-packages/airflow/example_dags/example_nested_branch_dag.py for tasks to queue
[2024-09-12T00:35:34.064+0000] {logging_mixin.py:188} INFO - [2024-09-12T00:35:34.064+0000] {dagbag.py:545} INFO - Filling up the DagBag from /home/airflow/.local/lib/python3.12/site-packages/airflow/example_dags/example_nested_branch_dag.py
[2024-09-12T00:35:34.077+0000] {processor.py:840} INFO - DAG(s) 'example_nested_branch_dag' retrieved from /home/airflow/.local/lib/python3.12/site-packages/airflow/example_dags/example_nested_branch_dag.py
[2024-09-12T00:35:34.107+0000] {logging_mixin.py:188} INFO - [2024-09-12T00:35:34.107+0000] {dag.py:3089} INFO - Sync 1 DAGs
[2024-09-12T00:35:34.148+0000] {logging_mixin.py:188} INFO - [2024-09-12T00:35:34.148+0000] {dag.py:3947} INFO - Setting next_dagrun for example_nested_branch_dag to 2024-09-11 00:00:00+00:00, run_after=2024-09-12 00:00:00+00:00
[2024-09-12T00:35:34.172+0000] {processor.py:183} INFO - Processing /home/airflow/.local/lib/python3.12/site-packages/airflow/example_dags/example_nested_branch_dag.py took 0.126 seconds
[2024-09-12T00:36:04.312+0000] {processor.py:161} INFO - Started process (PID=1916) to work on /home/airflow/.local/lib/python3.12/site-packages/airflow/example_dags/example_nested_branch_dag.py
[2024-09-12T00:36:04.313+0000] {processor.py:830} INFO - Processing file /home/airflow/.local/lib/python3.12/site-packages/airflow/example_dags/example_nested_branch_dag.py for tasks to queue
[2024-09-12T00:36:04.315+0000] {logging_mixin.py:188} INFO - [2024-09-12T00:36:04.314+0000] {dagbag.py:545} INFO - Filling up the DagBag from /home/airflow/.local/lib/python3.12/site-packages/airflow/example_dags/example_nested_branch_dag.py
[2024-09-12T00:36:04.325+0000] {processor.py:840} INFO - DAG(s) 'example_nested_branch_dag' retrieved from /home/airflow/.local/lib/python3.12/site-packages/airflow/example_dags/example_nested_branch_dag.py
[2024-09-12T00:36:04.346+0000] {logging_mixin.py:188} INFO - [2024-09-12T00:36:04.346+0000] {dag.py:3089} INFO - Sync 1 DAGs
[2024-09-12T00:36:04.369+0000] {logging_mixin.py:188} INFO - [2024-09-12T00:36:04.369+0000] {dag.py:3947} INFO - Setting next_dagrun for example_nested_branch_dag to 2024-09-11 00:00:00+00:00, run_after=2024-09-12 00:00:00+00:00
[2024-09-12T00:36:04.390+0000] {processor.py:183} INFO - Processing /home/airflow/.local/lib/python3.12/site-packages/airflow/example_dags/example_nested_branch_dag.py took 0.083 seconds
[2024-09-12T00:36:34.644+0000] {processor.py:161} INFO - Started process (PID=1976) to work on /home/airflow/.local/lib/python3.12/site-packages/airflow/example_dags/example_nested_branch_dag.py
[2024-09-12T00:36:34.645+0000] {processor.py:830} INFO - Processing file /home/airflow/.local/lib/python3.12/site-packages/airflow/example_dags/example_nested_branch_dag.py for tasks to queue
[2024-09-12T00:36:34.647+0000] {logging_mixin.py:188} INFO - [2024-09-12T00:36:34.647+0000] {dagbag.py:545} INFO - Filling up the DagBag from /home/airflow/.local/lib/python3.12/site-packages/airflow/example_dags/example_nested_branch_dag.py
[2024-09-12T00:36:34.658+0000] {processor.py:840} INFO - DAG(s) 'example_nested_branch_dag' retrieved from /home/airflow/.local/lib/python3.12/site-packages/airflow/example_dags/example_nested_branch_dag.py
[2024-09-12T00:36:34.680+0000] {logging_mixin.py:188} INFO - [2024-09-12T00:36:34.680+0000] {dag.py:3089} INFO - Sync 1 DAGs
[2024-09-12T00:36:34.707+0000] {logging_mixin.py:188} INFO - [2024-09-12T00:36:34.706+0000] {dag.py:3947} INFO - Setting next_dagrun for example_nested_branch_dag to 2024-09-11 00:00:00+00:00, run_after=2024-09-12 00:00:00+00:00
[2024-09-12T00:36:34.728+0000] {processor.py:183} INFO - Processing /home/airflow/.local/lib/python3.12/site-packages/airflow/example_dags/example_nested_branch_dag.py took 0.090 seconds
[2024-09-12T00:37:05.623+0000] {processor.py:161} INFO - Started process (PID=2035) to work on /home/airflow/.local/lib/python3.12/site-packages/airflow/example_dags/example_nested_branch_dag.py
[2024-09-12T00:37:05.624+0000] {processor.py:830} INFO - Processing file /home/airflow/.local/lib/python3.12/site-packages/airflow/example_dags/example_nested_branch_dag.py for tasks to queue
[2024-09-12T00:37:05.626+0000] {logging_mixin.py:188} INFO - [2024-09-12T00:37:05.625+0000] {dagbag.py:545} INFO - Filling up the DagBag from /home/airflow/.local/lib/python3.12/site-packages/airflow/example_dags/example_nested_branch_dag.py
[2024-09-12T00:37:05.635+0000] {processor.py:840} INFO - DAG(s) 'example_nested_branch_dag' retrieved from /home/airflow/.local/lib/python3.12/site-packages/airflow/example_dags/example_nested_branch_dag.py
[2024-09-12T00:37:05.656+0000] {logging_mixin.py:188} INFO - [2024-09-12T00:37:05.656+0000] {dag.py:3089} INFO - Sync 1 DAGs
[2024-09-12T00:37:05.679+0000] {logging_mixin.py:188} INFO - [2024-09-12T00:37:05.679+0000] {dag.py:3947} INFO - Setting next_dagrun for example_nested_branch_dag to 2024-09-11 00:00:00+00:00, run_after=2024-09-12 00:00:00+00:00
[2024-09-12T00:37:05.700+0000] {processor.py:183} INFO - Processing /home/airflow/.local/lib/python3.12/site-packages/airflow/example_dags/example_nested_branch_dag.py took 0.083 seconds
[2024-09-12T00:37:36.594+0000] {processor.py:161} INFO - Started process (PID=2095) to work on /home/airflow/.local/lib/python3.12/site-packages/airflow/example_dags/example_nested_branch_dag.py
[2024-09-12T00:37:36.595+0000] {processor.py:830} INFO - Processing file /home/airflow/.local/lib/python3.12/site-packages/airflow/example_dags/example_nested_branch_dag.py for tasks to queue
[2024-09-12T00:37:36.597+0000] {logging_mixin.py:188} INFO - [2024-09-12T00:37:36.597+0000] {dagbag.py:545} INFO - Filling up the DagBag from /home/airflow/.local/lib/python3.12/site-packages/airflow/example_dags/example_nested_branch_dag.py
[2024-09-12T00:37:36.607+0000] {processor.py:840} INFO - DAG(s) 'example_nested_branch_dag' retrieved from /home/airflow/.local/lib/python3.12/site-packages/airflow/example_dags/example_nested_branch_dag.py
[2024-09-12T00:37:36.629+0000] {logging_mixin.py:188} INFO - [2024-09-12T00:37:36.628+0000] {dag.py:3089} INFO - Sync 1 DAGs
[2024-09-12T00:37:36.652+0000] {logging_mixin.py:188} INFO - [2024-09-12T00:37:36.652+0000] {dag.py:3947} INFO - Setting next_dagrun for example_nested_branch_dag to 2024-09-11 00:00:00+00:00, run_after=2024-09-12 00:00:00+00:00
[2024-09-12T00:37:36.672+0000] {processor.py:183} INFO - Processing /home/airflow/.local/lib/python3.12/site-packages/airflow/example_dags/example_nested_branch_dag.py took 0.085 seconds
[2024-09-12T00:38:06.964+0000] {processor.py:161} INFO - Started process (PID=2155) to work on /home/airflow/.local/lib/python3.12/site-packages/airflow/example_dags/example_nested_branch_dag.py
[2024-09-12T00:38:06.965+0000] {processor.py:830} INFO - Processing file /home/airflow/.local/lib/python3.12/site-packages/airflow/example_dags/example_nested_branch_dag.py for tasks to queue
[2024-09-12T00:38:06.967+0000] {logging_mixin.py:188} INFO - [2024-09-12T00:38:06.967+0000] {dagbag.py:545} INFO - Filling up the DagBag from /home/airflow/.local/lib/python3.12/site-packages/airflow/example_dags/example_nested_branch_dag.py
[2024-09-12T00:38:06.978+0000] {processor.py:840} INFO - DAG(s) 'example_nested_branch_dag' retrieved from /home/airflow/.local/lib/python3.12/site-packages/airflow/example_dags/example_nested_branch_dag.py
[2024-09-12T00:38:07.004+0000] {logging_mixin.py:188} INFO - [2024-09-12T00:38:07.004+0000] {dag.py:3089} INFO - Sync 1 DAGs
[2024-09-12T00:38:07.030+0000] {logging_mixin.py:188} INFO - [2024-09-12T00:38:07.029+0000] {dag.py:3947} INFO - Setting next_dagrun for example_nested_branch_dag to 2024-09-11 00:00:00+00:00, run_after=2024-09-12 00:00:00+00:00
[2024-09-12T00:38:07.053+0000] {processor.py:183} INFO - Processing /home/airflow/.local/lib/python3.12/site-packages/airflow/example_dags/example_nested_branch_dag.py took 0.096 seconds
