[2024-09-12T00:20:23.501+0000] {processor.py:161} INFO - Started process (PID=65) to work on /home/airflow/.local/lib/python3.12/site-packages/airflow/example_dags/example_latest_only_with_trigger.py
[2024-09-12T00:20:23.502+0000] {processor.py:830} INFO - Processing file /home/airflow/.local/lib/python3.12/site-packages/airflow/example_dags/example_latest_only_with_trigger.py for tasks to queue
[2024-09-12T00:20:23.505+0000] {logging_mixin.py:188} INFO - [2024-09-12T00:20:23.505+0000] {dagbag.py:545} INFO - Filling up the DagBag from /home/airflow/.local/lib/python3.12/site-packages/airflow/example_dags/example_latest_only_with_trigger.py
[2024-09-12T00:20:23.516+0000] {processor.py:840} INFO - DAG(s) 'latest_only_with_trigger' retrieved from /home/airflow/.local/lib/python3.12/site-packages/airflow/example_dags/example_latest_only_with_trigger.py
[2024-09-12T00:20:23.539+0000] {logging_mixin.py:188} INFO - [2024-09-12T00:20:23.539+0000] {dag.py:3089} INFO - Sync 1 DAGs
[2024-09-12T00:20:23.573+0000] {logging_mixin.py:188} INFO - [2024-09-12T00:20:23.572+0000] {dag.py:3947} INFO - Setting next_dagrun for latest_only_with_trigger to 2024-09-11 20:00:00+00:00, run_after=2024-09-12 00:00:00+00:00
[2024-09-12T00:20:23.606+0000] {processor.py:183} INFO - Processing /home/airflow/.local/lib/python3.12/site-packages/airflow/example_dags/example_latest_only_with_trigger.py took 0.111 seconds
[2024-09-12T00:20:54.705+0000] {processor.py:161} INFO - Started process (PID=131) to work on /home/airflow/.local/lib/python3.12/site-packages/airflow/example_dags/example_latest_only_with_trigger.py
[2024-09-12T00:20:54.707+0000] {processor.py:830} INFO - Processing file /home/airflow/.local/lib/python3.12/site-packages/airflow/example_dags/example_latest_only_with_trigger.py for tasks to queue
[2024-09-12T00:20:54.708+0000] {logging_mixin.py:188} INFO - [2024-09-12T00:20:54.708+0000] {dagbag.py:545} INFO - Filling up the DagBag from /home/airflow/.local/lib/python3.12/site-packages/airflow/example_dags/example_latest_only_with_trigger.py
[2024-09-12T00:20:54.714+0000] {processor.py:840} INFO - DAG(s) 'latest_only_with_trigger' retrieved from /home/airflow/.local/lib/python3.12/site-packages/airflow/example_dags/example_latest_only_with_trigger.py
[2024-09-12T00:20:54.735+0000] {logging_mixin.py:188} INFO - [2024-09-12T00:20:54.735+0000] {dag.py:3089} INFO - Sync 1 DAGs
[2024-09-12T00:20:54.760+0000] {logging_mixin.py:188} INFO - [2024-09-12T00:20:54.760+0000] {dag.py:3947} INFO - Setting next_dagrun for latest_only_with_trigger to 2024-09-11 20:00:00+00:00, run_after=2024-09-12 00:00:00+00:00
[2024-09-12T00:20:54.780+0000] {processor.py:183} INFO - Processing /home/airflow/.local/lib/python3.12/site-packages/airflow/example_dags/example_latest_only_with_trigger.py took 0.080 seconds
[2024-09-12T00:21:25.085+0000] {processor.py:161} INFO - Started process (PID=191) to work on /home/airflow/.local/lib/python3.12/site-packages/airflow/example_dags/example_latest_only_with_trigger.py
[2024-09-12T00:21:25.086+0000] {processor.py:830} INFO - Processing file /home/airflow/.local/lib/python3.12/site-packages/airflow/example_dags/example_latest_only_with_trigger.py for tasks to queue
[2024-09-12T00:21:25.089+0000] {logging_mixin.py:188} INFO - [2024-09-12T00:21:25.089+0000] {dagbag.py:545} INFO - Filling up the DagBag from /home/airflow/.local/lib/python3.12/site-packages/airflow/example_dags/example_latest_only_with_trigger.py
[2024-09-12T00:21:25.096+0000] {processor.py:840} INFO - DAG(s) 'latest_only_with_trigger' retrieved from /home/airflow/.local/lib/python3.12/site-packages/airflow/example_dags/example_latest_only_with_trigger.py
[2024-09-12T00:21:25.117+0000] {logging_mixin.py:188} INFO - [2024-09-12T00:21:25.117+0000] {dag.py:3089} INFO - Sync 1 DAGs
[2024-09-12T00:21:25.146+0000] {logging_mixin.py:188} INFO - [2024-09-12T00:21:25.146+0000] {dag.py:3947} INFO - Setting next_dagrun for latest_only_with_trigger to 2024-09-11 20:00:00+00:00, run_after=2024-09-12 00:00:00+00:00
[2024-09-12T00:21:25.175+0000] {processor.py:183} INFO - Processing /home/airflow/.local/lib/python3.12/site-packages/airflow/example_dags/example_latest_only_with_trigger.py took 0.096 seconds
[2024-09-12T00:21:56.071+0000] {processor.py:161} INFO - Started process (PID=251) to work on /home/airflow/.local/lib/python3.12/site-packages/airflow/example_dags/example_latest_only_with_trigger.py
[2024-09-12T00:21:56.073+0000] {processor.py:830} INFO - Processing file /home/airflow/.local/lib/python3.12/site-packages/airflow/example_dags/example_latest_only_with_trigger.py for tasks to queue
[2024-09-12T00:21:56.075+0000] {logging_mixin.py:188} INFO - [2024-09-12T00:21:56.075+0000] {dagbag.py:545} INFO - Filling up the DagBag from /home/airflow/.local/lib/python3.12/site-packages/airflow/example_dags/example_latest_only_with_trigger.py
[2024-09-12T00:21:56.082+0000] {processor.py:840} INFO - DAG(s) 'latest_only_with_trigger' retrieved from /home/airflow/.local/lib/python3.12/site-packages/airflow/example_dags/example_latest_only_with_trigger.py
[2024-09-12T00:21:56.104+0000] {logging_mixin.py:188} INFO - [2024-09-12T00:21:56.103+0000] {dag.py:3089} INFO - Sync 1 DAGs
[2024-09-12T00:21:56.129+0000] {logging_mixin.py:188} INFO - [2024-09-12T00:21:56.128+0000] {dag.py:3947} INFO - Setting next_dagrun for latest_only_with_trigger to 2024-09-11 20:00:00+00:00, run_after=2024-09-12 00:00:00+00:00
[2024-09-12T00:21:56.149+0000] {processor.py:183} INFO - Processing /home/airflow/.local/lib/python3.12/site-packages/airflow/example_dags/example_latest_only_with_trigger.py took 0.086 seconds
[2024-09-12T00:22:26.467+0000] {processor.py:161} INFO - Started process (PID=309) to work on /home/airflow/.local/lib/python3.12/site-packages/airflow/example_dags/example_latest_only_with_trigger.py
[2024-09-12T00:22:26.468+0000] {processor.py:830} INFO - Processing file /home/airflow/.local/lib/python3.12/site-packages/airflow/example_dags/example_latest_only_with_trigger.py for tasks to queue
[2024-09-12T00:22:26.470+0000] {logging_mixin.py:188} INFO - [2024-09-12T00:22:26.470+0000] {dagbag.py:545} INFO - Filling up the DagBag from /home/airflow/.local/lib/python3.12/site-packages/airflow/example_dags/example_latest_only_with_trigger.py
[2024-09-12T00:22:26.477+0000] {processor.py:840} INFO - DAG(s) 'latest_only_with_trigger' retrieved from /home/airflow/.local/lib/python3.12/site-packages/airflow/example_dags/example_latest_only_with_trigger.py
[2024-09-12T00:22:26.498+0000] {logging_mixin.py:188} INFO - [2024-09-12T00:22:26.498+0000] {dag.py:3089} INFO - Sync 1 DAGs
[2024-09-12T00:22:26.527+0000] {logging_mixin.py:188} INFO - [2024-09-12T00:22:26.527+0000] {dag.py:3947} INFO - Setting next_dagrun for latest_only_with_trigger to 2024-09-11 20:00:00+00:00, run_after=2024-09-12 00:00:00+00:00
[2024-09-12T00:22:26.550+0000] {processor.py:183} INFO - Processing /home/airflow/.local/lib/python3.12/site-packages/airflow/example_dags/example_latest_only_with_trigger.py took 0.090 seconds
[2024-09-12T00:22:57.224+0000] {processor.py:161} INFO - Started process (PID=369) to work on /home/airflow/.local/lib/python3.12/site-packages/airflow/example_dags/example_latest_only_with_trigger.py
[2024-09-12T00:22:57.225+0000] {processor.py:830} INFO - Processing file /home/airflow/.local/lib/python3.12/site-packages/airflow/example_dags/example_latest_only_with_trigger.py for tasks to queue
[2024-09-12T00:22:57.227+0000] {logging_mixin.py:188} INFO - [2024-09-12T00:22:57.226+0000] {dagbag.py:545} INFO - Filling up the DagBag from /home/airflow/.local/lib/python3.12/site-packages/airflow/example_dags/example_latest_only_with_trigger.py
[2024-09-12T00:22:57.232+0000] {processor.py:840} INFO - DAG(s) 'latest_only_with_trigger' retrieved from /home/airflow/.local/lib/python3.12/site-packages/airflow/example_dags/example_latest_only_with_trigger.py
[2024-09-12T00:22:57.252+0000] {logging_mixin.py:188} INFO - [2024-09-12T00:22:57.252+0000] {dag.py:3089} INFO - Sync 1 DAGs
[2024-09-12T00:22:57.274+0000] {logging_mixin.py:188} INFO - [2024-09-12T00:22:57.274+0000] {dag.py:3947} INFO - Setting next_dagrun for latest_only_with_trigger to 2024-09-11 20:00:00+00:00, run_after=2024-09-12 00:00:00+00:00
[2024-09-12T00:22:57.295+0000] {processor.py:183} INFO - Processing /home/airflow/.local/lib/python3.12/site-packages/airflow/example_dags/example_latest_only_with_trigger.py took 0.077 seconds
[2024-09-12T00:23:27.366+0000] {processor.py:161} INFO - Started process (PID=429) to work on /home/airflow/.local/lib/python3.12/site-packages/airflow/example_dags/example_latest_only_with_trigger.py
[2024-09-12T00:23:27.367+0000] {processor.py:830} INFO - Processing file /home/airflow/.local/lib/python3.12/site-packages/airflow/example_dags/example_latest_only_with_trigger.py for tasks to queue
[2024-09-12T00:23:27.368+0000] {logging_mixin.py:188} INFO - [2024-09-12T00:23:27.368+0000] {dagbag.py:545} INFO - Filling up the DagBag from /home/airflow/.local/lib/python3.12/site-packages/airflow/example_dags/example_latest_only_with_trigger.py
[2024-09-12T00:23:27.374+0000] {processor.py:840} INFO - DAG(s) 'latest_only_with_trigger' retrieved from /home/airflow/.local/lib/python3.12/site-packages/airflow/example_dags/example_latest_only_with_trigger.py
[2024-09-12T00:23:27.393+0000] {logging_mixin.py:188} INFO - [2024-09-12T00:23:27.393+0000] {dag.py:3089} INFO - Sync 1 DAGs
[2024-09-12T00:23:27.414+0000] {logging_mixin.py:188} INFO - [2024-09-12T00:23:27.413+0000] {dag.py:3947} INFO - Setting next_dagrun for latest_only_with_trigger to 2024-09-11 20:00:00+00:00, run_after=2024-09-12 00:00:00+00:00
[2024-09-12T00:23:27.432+0000] {processor.py:183} INFO - Processing /home/airflow/.local/lib/python3.12/site-packages/airflow/example_dags/example_latest_only_with_trigger.py took 0.072 seconds
[2024-09-12T00:23:57.931+0000] {processor.py:161} INFO - Started process (PID=489) to work on /home/airflow/.local/lib/python3.12/site-packages/airflow/example_dags/example_latest_only_with_trigger.py
[2024-09-12T00:23:57.932+0000] {processor.py:830} INFO - Processing file /home/airflow/.local/lib/python3.12/site-packages/airflow/example_dags/example_latest_only_with_trigger.py for tasks to queue
[2024-09-12T00:23:57.934+0000] {logging_mixin.py:188} INFO - [2024-09-12T00:23:57.934+0000] {dagbag.py:545} INFO - Filling up the DagBag from /home/airflow/.local/lib/python3.12/site-packages/airflow/example_dags/example_latest_only_with_trigger.py
[2024-09-12T00:23:57.940+0000] {processor.py:840} INFO - DAG(s) 'latest_only_with_trigger' retrieved from /home/airflow/.local/lib/python3.12/site-packages/airflow/example_dags/example_latest_only_with_trigger.py
[2024-09-12T00:23:57.961+0000] {logging_mixin.py:188} INFO - [2024-09-12T00:23:57.960+0000] {dag.py:3089} INFO - Sync 1 DAGs
[2024-09-12T00:23:57.984+0000] {logging_mixin.py:188} INFO - [2024-09-12T00:23:57.983+0000] {dag.py:3947} INFO - Setting next_dagrun for latest_only_with_trigger to 2024-09-11 20:00:00+00:00, run_after=2024-09-12 00:00:00+00:00
[2024-09-12T00:23:58.005+0000] {processor.py:183} INFO - Processing /home/airflow/.local/lib/python3.12/site-packages/airflow/example_dags/example_latest_only_with_trigger.py took 0.079 seconds
[2024-09-12T00:24:28.156+0000] {processor.py:161} INFO - Started process (PID=549) to work on /home/airflow/.local/lib/python3.12/site-packages/airflow/example_dags/example_latest_only_with_trigger.py
[2024-09-12T00:24:28.157+0000] {processor.py:830} INFO - Processing file /home/airflow/.local/lib/python3.12/site-packages/airflow/example_dags/example_latest_only_with_trigger.py for tasks to queue
[2024-09-12T00:24:28.159+0000] {logging_mixin.py:188} INFO - [2024-09-12T00:24:28.158+0000] {dagbag.py:545} INFO - Filling up the DagBag from /home/airflow/.local/lib/python3.12/site-packages/airflow/example_dags/example_latest_only_with_trigger.py
[2024-09-12T00:24:28.164+0000] {processor.py:840} INFO - DAG(s) 'latest_only_with_trigger' retrieved from /home/airflow/.local/lib/python3.12/site-packages/airflow/example_dags/example_latest_only_with_trigger.py
[2024-09-12T00:24:28.183+0000] {logging_mixin.py:188} INFO - [2024-09-12T00:24:28.182+0000] {dag.py:3089} INFO - Sync 1 DAGs
[2024-09-12T00:24:28.204+0000] {logging_mixin.py:188} INFO - [2024-09-12T00:24:28.204+0000] {dag.py:3947} INFO - Setting next_dagrun for latest_only_with_trigger to 2024-09-11 20:00:00+00:00, run_after=2024-09-12 00:00:00+00:00
[2024-09-12T00:24:28.224+0000] {processor.py:183} INFO - Processing /home/airflow/.local/lib/python3.12/site-packages/airflow/example_dags/example_latest_only_with_trigger.py took 0.073 seconds
[2024-09-12T00:24:58.267+0000] {processor.py:161} INFO - Started process (PID=609) to work on /home/airflow/.local/lib/python3.12/site-packages/airflow/example_dags/example_latest_only_with_trigger.py
[2024-09-12T00:24:58.268+0000] {processor.py:830} INFO - Processing file /home/airflow/.local/lib/python3.12/site-packages/airflow/example_dags/example_latest_only_with_trigger.py for tasks to queue
[2024-09-12T00:24:58.270+0000] {logging_mixin.py:188} INFO - [2024-09-12T00:24:58.270+0000] {dagbag.py:545} INFO - Filling up the DagBag from /home/airflow/.local/lib/python3.12/site-packages/airflow/example_dags/example_latest_only_with_trigger.py
[2024-09-12T00:24:58.275+0000] {processor.py:840} INFO - DAG(s) 'latest_only_with_trigger' retrieved from /home/airflow/.local/lib/python3.12/site-packages/airflow/example_dags/example_latest_only_with_trigger.py
[2024-09-12T00:24:58.294+0000] {logging_mixin.py:188} INFO - [2024-09-12T00:24:58.294+0000] {dag.py:3089} INFO - Sync 1 DAGs
[2024-09-12T00:24:58.316+0000] {logging_mixin.py:188} INFO - [2024-09-12T00:24:58.316+0000] {dag.py:3947} INFO - Setting next_dagrun for latest_only_with_trigger to 2024-09-11 20:00:00+00:00, run_after=2024-09-12 00:00:00+00:00
[2024-09-12T00:24:58.337+0000] {processor.py:183} INFO - Processing /home/airflow/.local/lib/python3.12/site-packages/airflow/example_dags/example_latest_only_with_trigger.py took 0.075 seconds
[2024-09-12T00:25:28.792+0000] {processor.py:161} INFO - Started process (PID=669) to work on /home/airflow/.local/lib/python3.12/site-packages/airflow/example_dags/example_latest_only_with_trigger.py
[2024-09-12T00:25:28.793+0000] {processor.py:830} INFO - Processing file /home/airflow/.local/lib/python3.12/site-packages/airflow/example_dags/example_latest_only_with_trigger.py for tasks to queue
[2024-09-12T00:25:28.795+0000] {logging_mixin.py:188} INFO - [2024-09-12T00:25:28.794+0000] {dagbag.py:545} INFO - Filling up the DagBag from /home/airflow/.local/lib/python3.12/site-packages/airflow/example_dags/example_latest_only_with_trigger.py
[2024-09-12T00:25:28.800+0000] {processor.py:840} INFO - DAG(s) 'latest_only_with_trigger' retrieved from /home/airflow/.local/lib/python3.12/site-packages/airflow/example_dags/example_latest_only_with_trigger.py
[2024-09-12T00:25:28.819+0000] {logging_mixin.py:188} INFO - [2024-09-12T00:25:28.819+0000] {dag.py:3089} INFO - Sync 1 DAGs
[2024-09-12T00:25:28.841+0000] {logging_mixin.py:188} INFO - [2024-09-12T00:25:28.841+0000] {dag.py:3947} INFO - Setting next_dagrun for latest_only_with_trigger to 2024-09-11 20:00:00+00:00, run_after=2024-09-12 00:00:00+00:00
[2024-09-12T00:25:28.861+0000] {processor.py:183} INFO - Processing /home/airflow/.local/lib/python3.12/site-packages/airflow/example_dags/example_latest_only_with_trigger.py took 0.075 seconds
[2024-09-12T00:25:58.934+0000] {processor.py:161} INFO - Started process (PID=729) to work on /home/airflow/.local/lib/python3.12/site-packages/airflow/example_dags/example_latest_only_with_trigger.py
[2024-09-12T00:25:58.935+0000] {processor.py:830} INFO - Processing file /home/airflow/.local/lib/python3.12/site-packages/airflow/example_dags/example_latest_only_with_trigger.py for tasks to queue
[2024-09-12T00:25:58.936+0000] {logging_mixin.py:188} INFO - [2024-09-12T00:25:58.936+0000] {dagbag.py:545} INFO - Filling up the DagBag from /home/airflow/.local/lib/python3.12/site-packages/airflow/example_dags/example_latest_only_with_trigger.py
[2024-09-12T00:25:58.942+0000] {processor.py:840} INFO - DAG(s) 'latest_only_with_trigger' retrieved from /home/airflow/.local/lib/python3.12/site-packages/airflow/example_dags/example_latest_only_with_trigger.py
[2024-09-12T00:25:58.962+0000] {logging_mixin.py:188} INFO - [2024-09-12T00:25:58.962+0000] {dag.py:3089} INFO - Sync 1 DAGs
[2024-09-12T00:25:58.985+0000] {logging_mixin.py:188} INFO - [2024-09-12T00:25:58.985+0000] {dag.py:3947} INFO - Setting next_dagrun for latest_only_with_trigger to 2024-09-11 20:00:00+00:00, run_after=2024-09-12 00:00:00+00:00
[2024-09-12T00:25:59.002+0000] {processor.py:183} INFO - Processing /home/airflow/.local/lib/python3.12/site-packages/airflow/example_dags/example_latest_only_with_trigger.py took 0.074 seconds
[2024-09-12T00:26:29.184+0000] {processor.py:161} INFO - Started process (PID=789) to work on /home/airflow/.local/lib/python3.12/site-packages/airflow/example_dags/example_latest_only_with_trigger.py
[2024-09-12T00:26:29.185+0000] {processor.py:830} INFO - Processing file /home/airflow/.local/lib/python3.12/site-packages/airflow/example_dags/example_latest_only_with_trigger.py for tasks to queue
[2024-09-12T00:26:29.186+0000] {logging_mixin.py:188} INFO - [2024-09-12T00:26:29.186+0000] {dagbag.py:545} INFO - Filling up the DagBag from /home/airflow/.local/lib/python3.12/site-packages/airflow/example_dags/example_latest_only_with_trigger.py
[2024-09-12T00:26:29.192+0000] {processor.py:840} INFO - DAG(s) 'latest_only_with_trigger' retrieved from /home/airflow/.local/lib/python3.12/site-packages/airflow/example_dags/example_latest_only_with_trigger.py
[2024-09-12T00:26:29.211+0000] {logging_mixin.py:188} INFO - [2024-09-12T00:26:29.211+0000] {dag.py:3089} INFO - Sync 1 DAGs
[2024-09-12T00:26:29.232+0000] {logging_mixin.py:188} INFO - [2024-09-12T00:26:29.232+0000] {dag.py:3947} INFO - Setting next_dagrun for latest_only_with_trigger to 2024-09-11 20:00:00+00:00, run_after=2024-09-12 00:00:00+00:00
[2024-09-12T00:26:29.252+0000] {processor.py:183} INFO - Processing /home/airflow/.local/lib/python3.12/site-packages/airflow/example_dags/example_latest_only_with_trigger.py took 0.074 seconds
[2024-09-12T00:26:59.785+0000] {processor.py:161} INFO - Started process (PID=849) to work on /home/airflow/.local/lib/python3.12/site-packages/airflow/example_dags/example_latest_only_with_trigger.py
[2024-09-12T00:26:59.786+0000] {processor.py:830} INFO - Processing file /home/airflow/.local/lib/python3.12/site-packages/airflow/example_dags/example_latest_only_with_trigger.py for tasks to queue
[2024-09-12T00:26:59.788+0000] {logging_mixin.py:188} INFO - [2024-09-12T00:26:59.788+0000] {dagbag.py:545} INFO - Filling up the DagBag from /home/airflow/.local/lib/python3.12/site-packages/airflow/example_dags/example_latest_only_with_trigger.py
[2024-09-12T00:26:59.794+0000] {processor.py:840} INFO - DAG(s) 'latest_only_with_trigger' retrieved from /home/airflow/.local/lib/python3.12/site-packages/airflow/example_dags/example_latest_only_with_trigger.py
[2024-09-12T00:26:59.814+0000] {logging_mixin.py:188} INFO - [2024-09-12T00:26:59.813+0000] {dag.py:3089} INFO - Sync 1 DAGs
[2024-09-12T00:26:59.836+0000] {logging_mixin.py:188} INFO - [2024-09-12T00:26:59.836+0000] {dag.py:3947} INFO - Setting next_dagrun for latest_only_with_trigger to 2024-09-11 20:00:00+00:00, run_after=2024-09-12 00:00:00+00:00
[2024-09-12T00:26:59.856+0000] {processor.py:183} INFO - Processing /home/airflow/.local/lib/python3.12/site-packages/airflow/example_dags/example_latest_only_with_trigger.py took 0.076 seconds
[2024-09-12T00:27:30.309+0000] {processor.py:161} INFO - Started process (PID=909) to work on /home/airflow/.local/lib/python3.12/site-packages/airflow/example_dags/example_latest_only_with_trigger.py
[2024-09-12T00:27:30.310+0000] {processor.py:830} INFO - Processing file /home/airflow/.local/lib/python3.12/site-packages/airflow/example_dags/example_latest_only_with_trigger.py for tasks to queue
[2024-09-12T00:27:30.312+0000] {logging_mixin.py:188} INFO - [2024-09-12T00:27:30.311+0000] {dagbag.py:545} INFO - Filling up the DagBag from /home/airflow/.local/lib/python3.12/site-packages/airflow/example_dags/example_latest_only_with_trigger.py
[2024-09-12T00:27:30.317+0000] {processor.py:840} INFO - DAG(s) 'latest_only_with_trigger' retrieved from /home/airflow/.local/lib/python3.12/site-packages/airflow/example_dags/example_latest_only_with_trigger.py
[2024-09-12T00:27:30.336+0000] {logging_mixin.py:188} INFO - [2024-09-12T00:27:30.336+0000] {dag.py:3089} INFO - Sync 1 DAGs
[2024-09-12T00:27:30.357+0000] {logging_mixin.py:188} INFO - [2024-09-12T00:27:30.357+0000] {dag.py:3947} INFO - Setting next_dagrun for latest_only_with_trigger to 2024-09-11 20:00:00+00:00, run_after=2024-09-12 00:00:00+00:00
[2024-09-12T00:27:30.376+0000] {processor.py:183} INFO - Processing /home/airflow/.local/lib/python3.12/site-packages/airflow/example_dags/example_latest_only_with_trigger.py took 0.072 seconds
[2024-09-12T00:28:00.542+0000] {processor.py:161} INFO - Started process (PID=969) to work on /home/airflow/.local/lib/python3.12/site-packages/airflow/example_dags/example_latest_only_with_trigger.py
[2024-09-12T00:28:00.543+0000] {processor.py:830} INFO - Processing file /home/airflow/.local/lib/python3.12/site-packages/airflow/example_dags/example_latest_only_with_trigger.py for tasks to queue
[2024-09-12T00:28:00.545+0000] {logging_mixin.py:188} INFO - [2024-09-12T00:28:00.544+0000] {dagbag.py:545} INFO - Filling up the DagBag from /home/airflow/.local/lib/python3.12/site-packages/airflow/example_dags/example_latest_only_with_trigger.py
[2024-09-12T00:28:00.550+0000] {processor.py:840} INFO - DAG(s) 'latest_only_with_trigger' retrieved from /home/airflow/.local/lib/python3.12/site-packages/airflow/example_dags/example_latest_only_with_trigger.py
[2024-09-12T00:28:00.570+0000] {logging_mixin.py:188} INFO - [2024-09-12T00:28:00.570+0000] {dag.py:3089} INFO - Sync 1 DAGs
[2024-09-12T00:28:00.592+0000] {logging_mixin.py:188} INFO - [2024-09-12T00:28:00.592+0000] {dag.py:3947} INFO - Setting next_dagrun for latest_only_with_trigger to 2024-09-11 20:00:00+00:00, run_after=2024-09-12 00:00:00+00:00
[2024-09-12T00:28:00.612+0000] {processor.py:183} INFO - Processing /home/airflow/.local/lib/python3.12/site-packages/airflow/example_dags/example_latest_only_with_trigger.py took 0.076 seconds
[2024-09-12T00:28:30.836+0000] {processor.py:161} INFO - Started process (PID=1029) to work on /home/airflow/.local/lib/python3.12/site-packages/airflow/example_dags/example_latest_only_with_trigger.py
[2024-09-12T00:28:30.837+0000] {processor.py:830} INFO - Processing file /home/airflow/.local/lib/python3.12/site-packages/airflow/example_dags/example_latest_only_with_trigger.py for tasks to queue
[2024-09-12T00:28:30.839+0000] {logging_mixin.py:188} INFO - [2024-09-12T00:28:30.838+0000] {dagbag.py:545} INFO - Filling up the DagBag from /home/airflow/.local/lib/python3.12/site-packages/airflow/example_dags/example_latest_only_with_trigger.py
[2024-09-12T00:28:30.844+0000] {processor.py:840} INFO - DAG(s) 'latest_only_with_trigger' retrieved from /home/airflow/.local/lib/python3.12/site-packages/airflow/example_dags/example_latest_only_with_trigger.py
[2024-09-12T00:28:30.864+0000] {logging_mixin.py:188} INFO - [2024-09-12T00:28:30.864+0000] {dag.py:3089} INFO - Sync 1 DAGs
[2024-09-12T00:28:30.888+0000] {logging_mixin.py:188} INFO - [2024-09-12T00:28:30.887+0000] {dag.py:3947} INFO - Setting next_dagrun for latest_only_with_trigger to 2024-09-11 20:00:00+00:00, run_after=2024-09-12 00:00:00+00:00
[2024-09-12T00:28:30.909+0000] {processor.py:183} INFO - Processing /home/airflow/.local/lib/python3.12/site-packages/airflow/example_dags/example_latest_only_with_trigger.py took 0.078 seconds
[2024-09-12T00:29:01.218+0000] {processor.py:161} INFO - Started process (PID=1089) to work on /home/airflow/.local/lib/python3.12/site-packages/airflow/example_dags/example_latest_only_with_trigger.py
[2024-09-12T00:29:01.218+0000] {processor.py:830} INFO - Processing file /home/airflow/.local/lib/python3.12/site-packages/airflow/example_dags/example_latest_only_with_trigger.py for tasks to queue
[2024-09-12T00:29:01.220+0000] {logging_mixin.py:188} INFO - [2024-09-12T00:29:01.220+0000] {dagbag.py:545} INFO - Filling up the DagBag from /home/airflow/.local/lib/python3.12/site-packages/airflow/example_dags/example_latest_only_with_trigger.py
[2024-09-12T00:29:01.225+0000] {processor.py:840} INFO - DAG(s) 'latest_only_with_trigger' retrieved from /home/airflow/.local/lib/python3.12/site-packages/airflow/example_dags/example_latest_only_with_trigger.py
[2024-09-12T00:29:01.244+0000] {logging_mixin.py:188} INFO - [2024-09-12T00:29:01.244+0000] {dag.py:3089} INFO - Sync 1 DAGs
[2024-09-12T00:29:01.266+0000] {logging_mixin.py:188} INFO - [2024-09-12T00:29:01.266+0000] {dag.py:3947} INFO - Setting next_dagrun for latest_only_with_trigger to 2024-09-11 20:00:00+00:00, run_after=2024-09-12 00:00:00+00:00
[2024-09-12T00:29:01.287+0000] {processor.py:183} INFO - Processing /home/airflow/.local/lib/python3.12/site-packages/airflow/example_dags/example_latest_only_with_trigger.py took 0.074 seconds
[2024-09-12T00:29:31.686+0000] {processor.py:161} INFO - Started process (PID=1149) to work on /home/airflow/.local/lib/python3.12/site-packages/airflow/example_dags/example_latest_only_with_trigger.py
[2024-09-12T00:29:31.687+0000] {processor.py:830} INFO - Processing file /home/airflow/.local/lib/python3.12/site-packages/airflow/example_dags/example_latest_only_with_trigger.py for tasks to queue
[2024-09-12T00:29:31.689+0000] {logging_mixin.py:188} INFO - [2024-09-12T00:29:31.688+0000] {dagbag.py:545} INFO - Filling up the DagBag from /home/airflow/.local/lib/python3.12/site-packages/airflow/example_dags/example_latest_only_with_trigger.py
[2024-09-12T00:29:31.694+0000] {processor.py:840} INFO - DAG(s) 'latest_only_with_trigger' retrieved from /home/airflow/.local/lib/python3.12/site-packages/airflow/example_dags/example_latest_only_with_trigger.py
[2024-09-12T00:29:31.713+0000] {logging_mixin.py:188} INFO - [2024-09-12T00:29:31.713+0000] {dag.py:3089} INFO - Sync 1 DAGs
[2024-09-12T00:29:31.735+0000] {logging_mixin.py:188} INFO - [2024-09-12T00:29:31.735+0000] {dag.py:3947} INFO - Setting next_dagrun for latest_only_with_trigger to 2024-09-11 20:00:00+00:00, run_after=2024-09-12 00:00:00+00:00
[2024-09-12T00:29:31.755+0000] {processor.py:183} INFO - Processing /home/airflow/.local/lib/python3.12/site-packages/airflow/example_dags/example_latest_only_with_trigger.py took 0.076 seconds
[2024-09-12T00:30:02.173+0000] {processor.py:161} INFO - Started process (PID=1209) to work on /home/airflow/.local/lib/python3.12/site-packages/airflow/example_dags/example_latest_only_with_trigger.py
[2024-09-12T00:30:02.174+0000] {processor.py:830} INFO - Processing file /home/airflow/.local/lib/python3.12/site-packages/airflow/example_dags/example_latest_only_with_trigger.py for tasks to queue
[2024-09-12T00:30:02.175+0000] {logging_mixin.py:188} INFO - [2024-09-12T00:30:02.175+0000] {dagbag.py:545} INFO - Filling up the DagBag from /home/airflow/.local/lib/python3.12/site-packages/airflow/example_dags/example_latest_only_with_trigger.py
[2024-09-12T00:30:02.181+0000] {processor.py:840} INFO - DAG(s) 'latest_only_with_trigger' retrieved from /home/airflow/.local/lib/python3.12/site-packages/airflow/example_dags/example_latest_only_with_trigger.py
[2024-09-12T00:30:02.199+0000] {logging_mixin.py:188} INFO - [2024-09-12T00:30:02.199+0000] {dag.py:3089} INFO - Sync 1 DAGs
[2024-09-12T00:30:02.221+0000] {logging_mixin.py:188} INFO - [2024-09-12T00:30:02.221+0000] {dag.py:3947} INFO - Setting next_dagrun for latest_only_with_trigger to 2024-09-11 20:00:00+00:00, run_after=2024-09-12 00:00:00+00:00
[2024-09-12T00:30:02.239+0000] {processor.py:183} INFO - Processing /home/airflow/.local/lib/python3.12/site-packages/airflow/example_dags/example_latest_only_with_trigger.py took 0.072 seconds
[2024-09-12T00:30:32.458+0000] {processor.py:161} INFO - Started process (PID=1269) to work on /home/airflow/.local/lib/python3.12/site-packages/airflow/example_dags/example_latest_only_with_trigger.py
[2024-09-12T00:30:32.459+0000] {processor.py:830} INFO - Processing file /home/airflow/.local/lib/python3.12/site-packages/airflow/example_dags/example_latest_only_with_trigger.py for tasks to queue
[2024-09-12T00:30:32.461+0000] {logging_mixin.py:188} INFO - [2024-09-12T00:30:32.461+0000] {dagbag.py:545} INFO - Filling up the DagBag from /home/airflow/.local/lib/python3.12/site-packages/airflow/example_dags/example_latest_only_with_trigger.py
[2024-09-12T00:30:32.466+0000] {processor.py:840} INFO - DAG(s) 'latest_only_with_trigger' retrieved from /home/airflow/.local/lib/python3.12/site-packages/airflow/example_dags/example_latest_only_with_trigger.py
[2024-09-12T00:30:32.485+0000] {logging_mixin.py:188} INFO - [2024-09-12T00:30:32.485+0000] {dag.py:3089} INFO - Sync 1 DAGs
[2024-09-12T00:30:32.507+0000] {logging_mixin.py:188} INFO - [2024-09-12T00:30:32.506+0000] {dag.py:3947} INFO - Setting next_dagrun for latest_only_with_trigger to 2024-09-11 20:00:00+00:00, run_after=2024-09-12 00:00:00+00:00
[2024-09-12T00:30:32.526+0000] {processor.py:183} INFO - Processing /home/airflow/.local/lib/python3.12/site-packages/airflow/example_dags/example_latest_only_with_trigger.py took 0.074 seconds
[2024-09-12T00:31:02.721+0000] {processor.py:161} INFO - Started process (PID=1329) to work on /home/airflow/.local/lib/python3.12/site-packages/airflow/example_dags/example_latest_only_with_trigger.py
[2024-09-12T00:31:02.722+0000] {processor.py:830} INFO - Processing file /home/airflow/.local/lib/python3.12/site-packages/airflow/example_dags/example_latest_only_with_trigger.py for tasks to queue
[2024-09-12T00:31:02.724+0000] {logging_mixin.py:188} INFO - [2024-09-12T00:31:02.723+0000] {dagbag.py:545} INFO - Filling up the DagBag from /home/airflow/.local/lib/python3.12/site-packages/airflow/example_dags/example_latest_only_with_trigger.py
[2024-09-12T00:31:02.729+0000] {processor.py:840} INFO - DAG(s) 'latest_only_with_trigger' retrieved from /home/airflow/.local/lib/python3.12/site-packages/airflow/example_dags/example_latest_only_with_trigger.py
[2024-09-12T00:31:02.747+0000] {logging_mixin.py:188} INFO - [2024-09-12T00:31:02.747+0000] {dag.py:3089} INFO - Sync 1 DAGs
[2024-09-12T00:31:02.768+0000] {logging_mixin.py:188} INFO - [2024-09-12T00:31:02.768+0000] {dag.py:3947} INFO - Setting next_dagrun for latest_only_with_trigger to 2024-09-11 20:00:00+00:00, run_after=2024-09-12 00:00:00+00:00
[2024-09-12T00:31:02.788+0000] {processor.py:183} INFO - Processing /home/airflow/.local/lib/python3.12/site-packages/airflow/example_dags/example_latest_only_with_trigger.py took 0.072 seconds
[2024-09-12T00:31:33.232+0000] {processor.py:161} INFO - Started process (PID=1389) to work on /home/airflow/.local/lib/python3.12/site-packages/airflow/example_dags/example_latest_only_with_trigger.py
[2024-09-12T00:31:33.233+0000] {processor.py:830} INFO - Processing file /home/airflow/.local/lib/python3.12/site-packages/airflow/example_dags/example_latest_only_with_trigger.py for tasks to queue
[2024-09-12T00:31:33.235+0000] {logging_mixin.py:188} INFO - [2024-09-12T00:31:33.235+0000] {dagbag.py:545} INFO - Filling up the DagBag from /home/airflow/.local/lib/python3.12/site-packages/airflow/example_dags/example_latest_only_with_trigger.py
[2024-09-12T00:31:33.241+0000] {processor.py:840} INFO - DAG(s) 'latest_only_with_trigger' retrieved from /home/airflow/.local/lib/python3.12/site-packages/airflow/example_dags/example_latest_only_with_trigger.py
[2024-09-12T00:31:33.260+0000] {logging_mixin.py:188} INFO - [2024-09-12T00:31:33.260+0000] {dag.py:3089} INFO - Sync 1 DAGs
[2024-09-12T00:31:33.282+0000] {logging_mixin.py:188} INFO - [2024-09-12T00:31:33.282+0000] {dag.py:3947} INFO - Setting next_dagrun for latest_only_with_trigger to 2024-09-11 20:00:00+00:00, run_after=2024-09-12 00:00:00+00:00
[2024-09-12T00:31:33.299+0000] {processor.py:183} INFO - Processing /home/airflow/.local/lib/python3.12/site-packages/airflow/example_dags/example_latest_only_with_trigger.py took 0.073 seconds
[2024-09-12T00:32:04.256+0000] {processor.py:161} INFO - Started process (PID=1449) to work on /home/airflow/.local/lib/python3.12/site-packages/airflow/example_dags/example_latest_only_with_trigger.py
[2024-09-12T00:32:04.258+0000] {processor.py:830} INFO - Processing file /home/airflow/.local/lib/python3.12/site-packages/airflow/example_dags/example_latest_only_with_trigger.py for tasks to queue
[2024-09-12T00:32:04.260+0000] {logging_mixin.py:188} INFO - [2024-09-12T00:32:04.260+0000] {dagbag.py:545} INFO - Filling up the DagBag from /home/airflow/.local/lib/python3.12/site-packages/airflow/example_dags/example_latest_only_with_trigger.py
[2024-09-12T00:32:04.266+0000] {processor.py:840} INFO - DAG(s) 'latest_only_with_trigger' retrieved from /home/airflow/.local/lib/python3.12/site-packages/airflow/example_dags/example_latest_only_with_trigger.py
[2024-09-12T00:32:04.289+0000] {logging_mixin.py:188} INFO - [2024-09-12T00:32:04.288+0000] {dag.py:3089} INFO - Sync 1 DAGs
[2024-09-12T00:32:04.317+0000] {logging_mixin.py:188} INFO - [2024-09-12T00:32:04.317+0000] {dag.py:3947} INFO - Setting next_dagrun for latest_only_with_trigger to 2024-09-11 20:00:00+00:00, run_after=2024-09-12 00:00:00+00:00
[2024-09-12T00:32:04.396+0000] {processor.py:183} INFO - Processing /home/airflow/.local/lib/python3.12/site-packages/airflow/example_dags/example_latest_only_with_trigger.py took 0.147 seconds
[2024-09-12T00:32:34.479+0000] {processor.py:161} INFO - Started process (PID=1509) to work on /home/airflow/.local/lib/python3.12/site-packages/airflow/example_dags/example_latest_only_with_trigger.py
[2024-09-12T00:32:34.479+0000] {processor.py:830} INFO - Processing file /home/airflow/.local/lib/python3.12/site-packages/airflow/example_dags/example_latest_only_with_trigger.py for tasks to queue
[2024-09-12T00:32:34.481+0000] {logging_mixin.py:188} INFO - [2024-09-12T00:32:34.481+0000] {dagbag.py:545} INFO - Filling up the DagBag from /home/airflow/.local/lib/python3.12/site-packages/airflow/example_dags/example_latest_only_with_trigger.py
[2024-09-12T00:32:34.487+0000] {processor.py:840} INFO - DAG(s) 'latest_only_with_trigger' retrieved from /home/airflow/.local/lib/python3.12/site-packages/airflow/example_dags/example_latest_only_with_trigger.py
[2024-09-12T00:32:34.507+0000] {logging_mixin.py:188} INFO - [2024-09-12T00:32:34.507+0000] {dag.py:3089} INFO - Sync 1 DAGs
[2024-09-12T00:32:34.529+0000] {logging_mixin.py:188} INFO - [2024-09-12T00:32:34.529+0000] {dag.py:3947} INFO - Setting next_dagrun for latest_only_with_trigger to 2024-09-11 20:00:00+00:00, run_after=2024-09-12 00:00:00+00:00
[2024-09-12T00:32:34.547+0000] {processor.py:183} INFO - Processing /home/airflow/.local/lib/python3.12/site-packages/airflow/example_dags/example_latest_only_with_trigger.py took 0.075 seconds
[2024-09-12T00:33:04.795+0000] {processor.py:161} INFO - Started process (PID=1569) to work on /home/airflow/.local/lib/python3.12/site-packages/airflow/example_dags/example_latest_only_with_trigger.py
[2024-09-12T00:33:04.796+0000] {processor.py:830} INFO - Processing file /home/airflow/.local/lib/python3.12/site-packages/airflow/example_dags/example_latest_only_with_trigger.py for tasks to queue
[2024-09-12T00:33:04.798+0000] {logging_mixin.py:188} INFO - [2024-09-12T00:33:04.798+0000] {dagbag.py:545} INFO - Filling up the DagBag from /home/airflow/.local/lib/python3.12/site-packages/airflow/example_dags/example_latest_only_with_trigger.py
[2024-09-12T00:33:04.804+0000] {processor.py:840} INFO - DAG(s) 'latest_only_with_trigger' retrieved from /home/airflow/.local/lib/python3.12/site-packages/airflow/example_dags/example_latest_only_with_trigger.py
[2024-09-12T00:33:04.825+0000] {logging_mixin.py:188} INFO - [2024-09-12T00:33:04.825+0000] {dag.py:3089} INFO - Sync 1 DAGs
[2024-09-12T00:33:04.853+0000] {logging_mixin.py:188} INFO - [2024-09-12T00:33:04.853+0000] {dag.py:3947} INFO - Setting next_dagrun for latest_only_with_trigger to 2024-09-11 20:00:00+00:00, run_after=2024-09-12 00:00:00+00:00
[2024-09-12T00:33:04.873+0000] {processor.py:183} INFO - Processing /home/airflow/.local/lib/python3.12/site-packages/airflow/example_dags/example_latest_only_with_trigger.py took 0.085 seconds
[2024-09-12T00:33:34.990+0000] {processor.py:161} INFO - Started process (PID=1629) to work on /home/airflow/.local/lib/python3.12/site-packages/airflow/example_dags/example_latest_only_with_trigger.py
[2024-09-12T00:33:34.991+0000] {processor.py:830} INFO - Processing file /home/airflow/.local/lib/python3.12/site-packages/airflow/example_dags/example_latest_only_with_trigger.py for tasks to queue
[2024-09-12T00:33:34.993+0000] {logging_mixin.py:188} INFO - [2024-09-12T00:33:34.993+0000] {dagbag.py:545} INFO - Filling up the DagBag from /home/airflow/.local/lib/python3.12/site-packages/airflow/example_dags/example_latest_only_with_trigger.py
[2024-09-12T00:33:34.999+0000] {processor.py:840} INFO - DAG(s) 'latest_only_with_trigger' retrieved from /home/airflow/.local/lib/python3.12/site-packages/airflow/example_dags/example_latest_only_with_trigger.py
[2024-09-12T00:33:35.019+0000] {logging_mixin.py:188} INFO - [2024-09-12T00:33:35.019+0000] {dag.py:3089} INFO - Sync 1 DAGs
[2024-09-12T00:33:35.041+0000] {logging_mixin.py:188} INFO - [2024-09-12T00:33:35.041+0000] {dag.py:3947} INFO - Setting next_dagrun for latest_only_with_trigger to 2024-09-11 20:00:00+00:00, run_after=2024-09-12 00:00:00+00:00
[2024-09-12T00:33:35.062+0000] {processor.py:183} INFO - Processing /home/airflow/.local/lib/python3.12/site-packages/airflow/example_dags/example_latest_only_with_trigger.py took 0.077 seconds
[2024-09-12T00:34:05.730+0000] {processor.py:161} INFO - Started process (PID=1689) to work on /home/airflow/.local/lib/python3.12/site-packages/airflow/example_dags/example_latest_only_with_trigger.py
[2024-09-12T00:34:05.731+0000] {processor.py:830} INFO - Processing file /home/airflow/.local/lib/python3.12/site-packages/airflow/example_dags/example_latest_only_with_trigger.py for tasks to queue
[2024-09-12T00:34:05.733+0000] {logging_mixin.py:188} INFO - [2024-09-12T00:34:05.732+0000] {dagbag.py:545} INFO - Filling up the DagBag from /home/airflow/.local/lib/python3.12/site-packages/airflow/example_dags/example_latest_only_with_trigger.py
[2024-09-12T00:34:05.738+0000] {processor.py:840} INFO - DAG(s) 'latest_only_with_trigger' retrieved from /home/airflow/.local/lib/python3.12/site-packages/airflow/example_dags/example_latest_only_with_trigger.py
[2024-09-12T00:34:05.758+0000] {logging_mixin.py:188} INFO - [2024-09-12T00:34:05.758+0000] {dag.py:3089} INFO - Sync 1 DAGs
[2024-09-12T00:34:05.781+0000] {logging_mixin.py:188} INFO - [2024-09-12T00:34:05.781+0000] {dag.py:3947} INFO - Setting next_dagrun for latest_only_with_trigger to 2024-09-11 20:00:00+00:00, run_after=2024-09-12 00:00:00+00:00
[2024-09-12T00:34:05.801+0000] {processor.py:183} INFO - Processing /home/airflow/.local/lib/python3.12/site-packages/airflow/example_dags/example_latest_only_with_trigger.py took 0.077 seconds
[2024-09-12T00:34:36.039+0000] {processor.py:161} INFO - Started process (PID=1749) to work on /home/airflow/.local/lib/python3.12/site-packages/airflow/example_dags/example_latest_only_with_trigger.py
[2024-09-12T00:34:36.040+0000] {processor.py:830} INFO - Processing file /home/airflow/.local/lib/python3.12/site-packages/airflow/example_dags/example_latest_only_with_trigger.py for tasks to queue
[2024-09-12T00:34:36.042+0000] {logging_mixin.py:188} INFO - [2024-09-12T00:34:36.042+0000] {dagbag.py:545} INFO - Filling up the DagBag from /home/airflow/.local/lib/python3.12/site-packages/airflow/example_dags/example_latest_only_with_trigger.py
[2024-09-12T00:34:36.048+0000] {processor.py:840} INFO - DAG(s) 'latest_only_with_trigger' retrieved from /home/airflow/.local/lib/python3.12/site-packages/airflow/example_dags/example_latest_only_with_trigger.py
[2024-09-12T00:34:36.069+0000] {logging_mixin.py:188} INFO - [2024-09-12T00:34:36.069+0000] {dag.py:3089} INFO - Sync 1 DAGs
[2024-09-12T00:34:36.096+0000] {logging_mixin.py:188} INFO - [2024-09-12T00:34:36.096+0000] {dag.py:3947} INFO - Setting next_dagrun for latest_only_with_trigger to 2024-09-11 20:00:00+00:00, run_after=2024-09-12 00:00:00+00:00
[2024-09-12T00:34:36.115+0000] {processor.py:183} INFO - Processing /home/airflow/.local/lib/python3.12/site-packages/airflow/example_dags/example_latest_only_with_trigger.py took 0.082 seconds
[2024-09-12T00:35:06.250+0000] {processor.py:161} INFO - Started process (PID=1809) to work on /home/airflow/.local/lib/python3.12/site-packages/airflow/example_dags/example_latest_only_with_trigger.py
[2024-09-12T00:35:06.251+0000] {processor.py:830} INFO - Processing file /home/airflow/.local/lib/python3.12/site-packages/airflow/example_dags/example_latest_only_with_trigger.py for tasks to queue
[2024-09-12T00:35:06.253+0000] {logging_mixin.py:188} INFO - [2024-09-12T00:35:06.252+0000] {dagbag.py:545} INFO - Filling up the DagBag from /home/airflow/.local/lib/python3.12/site-packages/airflow/example_dags/example_latest_only_with_trigger.py
[2024-09-12T00:35:06.258+0000] {processor.py:840} INFO - DAG(s) 'latest_only_with_trigger' retrieved from /home/airflow/.local/lib/python3.12/site-packages/airflow/example_dags/example_latest_only_with_trigger.py
[2024-09-12T00:35:06.279+0000] {logging_mixin.py:188} INFO - [2024-09-12T00:35:06.278+0000] {dag.py:3089} INFO - Sync 1 DAGs
[2024-09-12T00:35:06.305+0000] {logging_mixin.py:188} INFO - [2024-09-12T00:35:06.305+0000] {dag.py:3947} INFO - Setting next_dagrun for latest_only_with_trigger to 2024-09-11 20:00:00+00:00, run_after=2024-09-12 00:00:00+00:00
[2024-09-12T00:35:06.331+0000] {processor.py:183} INFO - Processing /home/airflow/.local/lib/python3.12/site-packages/airflow/example_dags/example_latest_only_with_trigger.py took 0.089 seconds
[2024-09-12T00:35:36.758+0000] {processor.py:161} INFO - Started process (PID=1869) to work on /home/airflow/.local/lib/python3.12/site-packages/airflow/example_dags/example_latest_only_with_trigger.py
[2024-09-12T00:35:36.759+0000] {processor.py:830} INFO - Processing file /home/airflow/.local/lib/python3.12/site-packages/airflow/example_dags/example_latest_only_with_trigger.py for tasks to queue
[2024-09-12T00:35:36.762+0000] {logging_mixin.py:188} INFO - [2024-09-12T00:35:36.762+0000] {dagbag.py:545} INFO - Filling up the DagBag from /home/airflow/.local/lib/python3.12/site-packages/airflow/example_dags/example_latest_only_with_trigger.py
[2024-09-12T00:35:36.768+0000] {processor.py:840} INFO - DAG(s) 'latest_only_with_trigger' retrieved from /home/airflow/.local/lib/python3.12/site-packages/airflow/example_dags/example_latest_only_with_trigger.py
[2024-09-12T00:35:36.790+0000] {logging_mixin.py:188} INFO - [2024-09-12T00:35:36.790+0000] {dag.py:3089} INFO - Sync 1 DAGs
[2024-09-12T00:35:36.813+0000] {logging_mixin.py:188} INFO - [2024-09-12T00:35:36.813+0000] {dag.py:3947} INFO - Setting next_dagrun for latest_only_with_trigger to 2024-09-11 20:00:00+00:00, run_after=2024-09-12 00:00:00+00:00
[2024-09-12T00:35:36.832+0000] {processor.py:183} INFO - Processing /home/airflow/.local/lib/python3.12/site-packages/airflow/example_dags/example_latest_only_with_trigger.py took 0.081 seconds
[2024-09-12T00:36:07.056+0000] {processor.py:161} INFO - Started process (PID=1929) to work on /home/airflow/.local/lib/python3.12/site-packages/airflow/example_dags/example_latest_only_with_trigger.py
[2024-09-12T00:36:07.057+0000] {processor.py:830} INFO - Processing file /home/airflow/.local/lib/python3.12/site-packages/airflow/example_dags/example_latest_only_with_trigger.py for tasks to queue
[2024-09-12T00:36:07.059+0000] {logging_mixin.py:188} INFO - [2024-09-12T00:36:07.059+0000] {dagbag.py:545} INFO - Filling up the DagBag from /home/airflow/.local/lib/python3.12/site-packages/airflow/example_dags/example_latest_only_with_trigger.py
[2024-09-12T00:36:07.065+0000] {processor.py:840} INFO - DAG(s) 'latest_only_with_trigger' retrieved from /home/airflow/.local/lib/python3.12/site-packages/airflow/example_dags/example_latest_only_with_trigger.py
[2024-09-12T00:36:07.087+0000] {logging_mixin.py:188} INFO - [2024-09-12T00:36:07.087+0000] {dag.py:3089} INFO - Sync 1 DAGs
[2024-09-12T00:36:07.111+0000] {logging_mixin.py:188} INFO - [2024-09-12T00:36:07.111+0000] {dag.py:3947} INFO - Setting next_dagrun for latest_only_with_trigger to 2024-09-11 20:00:00+00:00, run_after=2024-09-12 00:00:00+00:00
[2024-09-12T00:36:07.131+0000] {processor.py:183} INFO - Processing /home/airflow/.local/lib/python3.12/site-packages/airflow/example_dags/example_latest_only_with_trigger.py took 0.081 seconds
[2024-09-12T00:36:37.288+0000] {processor.py:161} INFO - Started process (PID=1989) to work on /home/airflow/.local/lib/python3.12/site-packages/airflow/example_dags/example_latest_only_with_trigger.py
[2024-09-12T00:36:37.289+0000] {processor.py:830} INFO - Processing file /home/airflow/.local/lib/python3.12/site-packages/airflow/example_dags/example_latest_only_with_trigger.py for tasks to queue
[2024-09-12T00:36:37.291+0000] {logging_mixin.py:188} INFO - [2024-09-12T00:36:37.291+0000] {dagbag.py:545} INFO - Filling up the DagBag from /home/airflow/.local/lib/python3.12/site-packages/airflow/example_dags/example_latest_only_with_trigger.py
[2024-09-12T00:36:37.296+0000] {processor.py:840} INFO - DAG(s) 'latest_only_with_trigger' retrieved from /home/airflow/.local/lib/python3.12/site-packages/airflow/example_dags/example_latest_only_with_trigger.py
[2024-09-12T00:36:37.317+0000] {logging_mixin.py:188} INFO - [2024-09-12T00:36:37.317+0000] {dag.py:3089} INFO - Sync 1 DAGs
[2024-09-12T00:36:37.339+0000] {logging_mixin.py:188} INFO - [2024-09-12T00:36:37.339+0000] {dag.py:3947} INFO - Setting next_dagrun for latest_only_with_trigger to 2024-09-11 20:00:00+00:00, run_after=2024-09-12 00:00:00+00:00
[2024-09-12T00:36:37.358+0000] {processor.py:183} INFO - Processing /home/airflow/.local/lib/python3.12/site-packages/airflow/example_dags/example_latest_only_with_trigger.py took 0.076 seconds
[2024-09-12T00:37:07.459+0000] {processor.py:161} INFO - Started process (PID=2049) to work on /home/airflow/.local/lib/python3.12/site-packages/airflow/example_dags/example_latest_only_with_trigger.py
[2024-09-12T00:37:07.460+0000] {processor.py:830} INFO - Processing file /home/airflow/.local/lib/python3.12/site-packages/airflow/example_dags/example_latest_only_with_trigger.py for tasks to queue
[2024-09-12T00:37:07.462+0000] {logging_mixin.py:188} INFO - [2024-09-12T00:37:07.461+0000] {dagbag.py:545} INFO - Filling up the DagBag from /home/airflow/.local/lib/python3.12/site-packages/airflow/example_dags/example_latest_only_with_trigger.py
[2024-09-12T00:37:07.467+0000] {processor.py:840} INFO - DAG(s) 'latest_only_with_trigger' retrieved from /home/airflow/.local/lib/python3.12/site-packages/airflow/example_dags/example_latest_only_with_trigger.py
[2024-09-12T00:37:07.486+0000] {logging_mixin.py:188} INFO - [2024-09-12T00:37:07.486+0000] {dag.py:3089} INFO - Sync 1 DAGs
[2024-09-12T00:37:07.509+0000] {logging_mixin.py:188} INFO - [2024-09-12T00:37:07.508+0000] {dag.py:3947} INFO - Setting next_dagrun for latest_only_with_trigger to 2024-09-11 20:00:00+00:00, run_after=2024-09-12 00:00:00+00:00
[2024-09-12T00:37:07.527+0000] {processor.py:183} INFO - Processing /home/airflow/.local/lib/python3.12/site-packages/airflow/example_dags/example_latest_only_with_trigger.py took 0.074 seconds
[2024-09-12T00:37:38.460+0000] {processor.py:161} INFO - Started process (PID=2109) to work on /home/airflow/.local/lib/python3.12/site-packages/airflow/example_dags/example_latest_only_with_trigger.py
[2024-09-12T00:37:38.461+0000] {processor.py:830} INFO - Processing file /home/airflow/.local/lib/python3.12/site-packages/airflow/example_dags/example_latest_only_with_trigger.py for tasks to queue
[2024-09-12T00:37:38.463+0000] {logging_mixin.py:188} INFO - [2024-09-12T00:37:38.463+0000] {dagbag.py:545} INFO - Filling up the DagBag from /home/airflow/.local/lib/python3.12/site-packages/airflow/example_dags/example_latest_only_with_trigger.py
[2024-09-12T00:37:38.470+0000] {processor.py:840} INFO - DAG(s) 'latest_only_with_trigger' retrieved from /home/airflow/.local/lib/python3.12/site-packages/airflow/example_dags/example_latest_only_with_trigger.py
[2024-09-12T00:37:38.491+0000] {logging_mixin.py:188} INFO - [2024-09-12T00:37:38.491+0000] {dag.py:3089} INFO - Sync 1 DAGs
[2024-09-12T00:37:38.518+0000] {logging_mixin.py:188} INFO - [2024-09-12T00:37:38.518+0000] {dag.py:3947} INFO - Setting next_dagrun for latest_only_with_trigger to 2024-09-11 20:00:00+00:00, run_after=2024-09-12 00:00:00+00:00
[2024-09-12T00:37:38.539+0000] {processor.py:183} INFO - Processing /home/airflow/.local/lib/python3.12/site-packages/airflow/example_dags/example_latest_only_with_trigger.py took 0.085 seconds
[2024-09-12T00:38:08.828+0000] {processor.py:161} INFO - Started process (PID=2169) to work on /home/airflow/.local/lib/python3.12/site-packages/airflow/example_dags/example_latest_only_with_trigger.py
[2024-09-12T00:38:08.829+0000] {processor.py:830} INFO - Processing file /home/airflow/.local/lib/python3.12/site-packages/airflow/example_dags/example_latest_only_with_trigger.py for tasks to queue
[2024-09-12T00:38:08.831+0000] {logging_mixin.py:188} INFO - [2024-09-12T00:38:08.830+0000] {dagbag.py:545} INFO - Filling up the DagBag from /home/airflow/.local/lib/python3.12/site-packages/airflow/example_dags/example_latest_only_with_trigger.py
[2024-09-12T00:38:08.836+0000] {processor.py:840} INFO - DAG(s) 'latest_only_with_trigger' retrieved from /home/airflow/.local/lib/python3.12/site-packages/airflow/example_dags/example_latest_only_with_trigger.py
[2024-09-12T00:38:08.855+0000] {logging_mixin.py:188} INFO - [2024-09-12T00:38:08.854+0000] {dag.py:3089} INFO - Sync 1 DAGs
[2024-09-12T00:38:08.877+0000] {logging_mixin.py:188} INFO - [2024-09-12T00:38:08.876+0000] {dag.py:3947} INFO - Setting next_dagrun for latest_only_with_trigger to 2024-09-11 20:00:00+00:00, run_after=2024-09-12 00:00:00+00:00
[2024-09-12T00:38:08.896+0000] {processor.py:183} INFO - Processing /home/airflow/.local/lib/python3.12/site-packages/airflow/example_dags/example_latest_only_with_trigger.py took 0.075 seconds
