[2024-09-12T00:20:23.531+0000] {processor.py:161} INFO - Started process (PID=66) to work on /home/airflow/.local/lib/python3.12/site-packages/airflow/example_dags/example_python_operator.py
[2024-09-12T00:20:23.531+0000] {processor.py:830} INFO - Processing file /home/airflow/.local/lib/python3.12/site-packages/airflow/example_dags/example_python_operator.py for tasks to queue
[2024-09-12T00:20:23.533+0000] {logging_mixin.py:188} INFO - [2024-09-12T00:20:23.533+0000] {dagbag.py:545} INFO - Filling up the DagBag from /home/airflow/.local/lib/python3.12/site-packages/airflow/example_dags/example_python_operator.py
[2024-09-12T00:20:23.546+0000] {processor.py:840} INFO - DAG(s) 'example_python_operator' retrieved from /home/airflow/.local/lib/python3.12/site-packages/airflow/example_dags/example_python_operator.py
[2024-09-12T00:20:23.718+0000] {logging_mixin.py:188} INFO - [2024-09-12T00:20:23.717+0000] {dag.py:3089} INFO - Sync 1 DAGs
[2024-09-12T00:20:23.732+0000] {logging_mixin.py:188} INFO - [2024-09-12T00:20:23.732+0000] {dag.py:3947} INFO - Setting next_dagrun for example_python_operator to None, run_after=None
[2024-09-12T00:20:24.079+0000] {processor.py:183} INFO - Processing /home/airflow/.local/lib/python3.12/site-packages/airflow/example_dags/example_python_operator.py took 0.554 seconds
[2024-09-12T00:20:54.737+0000] {processor.py:161} INFO - Started process (PID=132) to work on /home/airflow/.local/lib/python3.12/site-packages/airflow/example_dags/example_python_operator.py
[2024-09-12T00:20:54.739+0000] {processor.py:830} INFO - Processing file /home/airflow/.local/lib/python3.12/site-packages/airflow/example_dags/example_python_operator.py for tasks to queue
[2024-09-12T00:20:54.741+0000] {logging_mixin.py:188} INFO - [2024-09-12T00:20:54.740+0000] {dagbag.py:545} INFO - Filling up the DagBag from /home/airflow/.local/lib/python3.12/site-packages/airflow/example_dags/example_python_operator.py
[2024-09-12T00:20:54.752+0000] {processor.py:840} INFO - DAG(s) 'example_python_operator' retrieved from /home/airflow/.local/lib/python3.12/site-packages/airflow/example_dags/example_python_operator.py
[2024-09-12T00:20:54.776+0000] {logging_mixin.py:188} INFO - [2024-09-12T00:20:54.776+0000] {dag.py:3089} INFO - Sync 1 DAGs
[2024-09-12T00:20:54.792+0000] {logging_mixin.py:188} INFO - [2024-09-12T00:20:54.791+0000] {dag.py:3947} INFO - Setting next_dagrun for example_python_operator to None, run_after=None
[2024-09-12T00:20:54.818+0000] {processor.py:183} INFO - Processing /home/airflow/.local/lib/python3.12/site-packages/airflow/example_dags/example_python_operator.py took 0.087 seconds
[2024-09-12T00:21:25.205+0000] {processor.py:161} INFO - Started process (PID=192) to work on /home/airflow/.local/lib/python3.12/site-packages/airflow/example_dags/example_python_operator.py
[2024-09-12T00:21:25.206+0000] {processor.py:830} INFO - Processing file /home/airflow/.local/lib/python3.12/site-packages/airflow/example_dags/example_python_operator.py for tasks to queue
[2024-09-12T00:21:25.209+0000] {logging_mixin.py:188} INFO - [2024-09-12T00:21:25.208+0000] {dagbag.py:545} INFO - Filling up the DagBag from /home/airflow/.local/lib/python3.12/site-packages/airflow/example_dags/example_python_operator.py
[2024-09-12T00:21:25.219+0000] {processor.py:840} INFO - DAG(s) 'example_python_operator' retrieved from /home/airflow/.local/lib/python3.12/site-packages/airflow/example_dags/example_python_operator.py
[2024-09-12T00:21:25.243+0000] {logging_mixin.py:188} INFO - [2024-09-12T00:21:25.243+0000] {dag.py:3089} INFO - Sync 1 DAGs
[2024-09-12T00:21:25.271+0000] {logging_mixin.py:188} INFO - [2024-09-12T00:21:25.270+0000] {dag.py:3947} INFO - Setting next_dagrun for example_python_operator to None, run_after=None
[2024-09-12T00:21:25.298+0000] {processor.py:183} INFO - Processing /home/airflow/.local/lib/python3.12/site-packages/airflow/example_dags/example_python_operator.py took 0.100 seconds
[2024-09-12T00:21:56.178+0000] {processor.py:161} INFO - Started process (PID=252) to work on /home/airflow/.local/lib/python3.12/site-packages/airflow/example_dags/example_python_operator.py
[2024-09-12T00:21:56.179+0000] {processor.py:830} INFO - Processing file /home/airflow/.local/lib/python3.12/site-packages/airflow/example_dags/example_python_operator.py for tasks to queue
[2024-09-12T00:21:56.181+0000] {logging_mixin.py:188} INFO - [2024-09-12T00:21:56.181+0000] {dagbag.py:545} INFO - Filling up the DagBag from /home/airflow/.local/lib/python3.12/site-packages/airflow/example_dags/example_python_operator.py
[2024-09-12T00:21:56.194+0000] {processor.py:840} INFO - DAG(s) 'example_python_operator' retrieved from /home/airflow/.local/lib/python3.12/site-packages/airflow/example_dags/example_python_operator.py
[2024-09-12T00:21:56.216+0000] {logging_mixin.py:188} INFO - [2024-09-12T00:21:56.216+0000] {dag.py:3089} INFO - Sync 1 DAGs
[2024-09-12T00:21:56.230+0000] {logging_mixin.py:188} INFO - [2024-09-12T00:21:56.229+0000] {dag.py:3947} INFO - Setting next_dagrun for example_python_operator to None, run_after=None
[2024-09-12T00:21:56.251+0000] {processor.py:183} INFO - Processing /home/airflow/.local/lib/python3.12/site-packages/airflow/example_dags/example_python_operator.py took 0.079 seconds
[2024-09-12T00:22:26.486+0000] {processor.py:161} INFO - Started process (PID=310) to work on /home/airflow/.local/lib/python3.12/site-packages/airflow/example_dags/example_python_operator.py
[2024-09-12T00:22:26.487+0000] {processor.py:830} INFO - Processing file /home/airflow/.local/lib/python3.12/site-packages/airflow/example_dags/example_python_operator.py for tasks to queue
[2024-09-12T00:22:26.489+0000] {logging_mixin.py:188} INFO - [2024-09-12T00:22:26.488+0000] {dagbag.py:545} INFO - Filling up the DagBag from /home/airflow/.local/lib/python3.12/site-packages/airflow/example_dags/example_python_operator.py
[2024-09-12T00:22:26.500+0000] {processor.py:840} INFO - DAG(s) 'example_python_operator' retrieved from /home/airflow/.local/lib/python3.12/site-packages/airflow/example_dags/example_python_operator.py
[2024-09-12T00:22:26.525+0000] {logging_mixin.py:188} INFO - [2024-09-12T00:22:26.525+0000] {dag.py:3089} INFO - Sync 1 DAGs
[2024-09-12T00:22:26.541+0000] {logging_mixin.py:188} INFO - [2024-09-12T00:22:26.541+0000] {dag.py:3947} INFO - Setting next_dagrun for example_python_operator to None, run_after=None
[2024-09-12T00:22:26.566+0000] {processor.py:183} INFO - Processing /home/airflow/.local/lib/python3.12/site-packages/airflow/example_dags/example_python_operator.py took 0.087 seconds
[2024-09-12T00:22:57.237+0000] {processor.py:161} INFO - Started process (PID=370) to work on /home/airflow/.local/lib/python3.12/site-packages/airflow/example_dags/example_python_operator.py
[2024-09-12T00:22:57.238+0000] {processor.py:830} INFO - Processing file /home/airflow/.local/lib/python3.12/site-packages/airflow/example_dags/example_python_operator.py for tasks to queue
[2024-09-12T00:22:57.240+0000] {logging_mixin.py:188} INFO - [2024-09-12T00:22:57.239+0000] {dagbag.py:545} INFO - Filling up the DagBag from /home/airflow/.local/lib/python3.12/site-packages/airflow/example_dags/example_python_operator.py
[2024-09-12T00:22:57.250+0000] {processor.py:840} INFO - DAG(s) 'example_python_operator' retrieved from /home/airflow/.local/lib/python3.12/site-packages/airflow/example_dags/example_python_operator.py
[2024-09-12T00:22:57.273+0000] {logging_mixin.py:188} INFO - [2024-09-12T00:22:57.272+0000] {dag.py:3089} INFO - Sync 1 DAGs
[2024-09-12T00:22:57.286+0000] {logging_mixin.py:188} INFO - [2024-09-12T00:22:57.285+0000] {dag.py:3947} INFO - Setting next_dagrun for example_python_operator to None, run_after=None
[2024-09-12T00:22:57.306+0000] {processor.py:183} INFO - Processing /home/airflow/.local/lib/python3.12/site-packages/airflow/example_dags/example_python_operator.py took 0.075 seconds
[2024-09-12T00:23:27.464+0000] {processor.py:161} INFO - Started process (PID=430) to work on /home/airflow/.local/lib/python3.12/site-packages/airflow/example_dags/example_python_operator.py
[2024-09-12T00:23:27.466+0000] {processor.py:830} INFO - Processing file /home/airflow/.local/lib/python3.12/site-packages/airflow/example_dags/example_python_operator.py for tasks to queue
[2024-09-12T00:23:27.468+0000] {logging_mixin.py:188} INFO - [2024-09-12T00:23:27.467+0000] {dagbag.py:545} INFO - Filling up the DagBag from /home/airflow/.local/lib/python3.12/site-packages/airflow/example_dags/example_python_operator.py
[2024-09-12T00:23:27.478+0000] {processor.py:840} INFO - DAG(s) 'example_python_operator' retrieved from /home/airflow/.local/lib/python3.12/site-packages/airflow/example_dags/example_python_operator.py
[2024-09-12T00:23:27.501+0000] {logging_mixin.py:188} INFO - [2024-09-12T00:23:27.501+0000] {dag.py:3089} INFO - Sync 1 DAGs
[2024-09-12T00:23:27.514+0000] {logging_mixin.py:188} INFO - [2024-09-12T00:23:27.514+0000] {dag.py:3947} INFO - Setting next_dagrun for example_python_operator to None, run_after=None
[2024-09-12T00:23:27.533+0000] {processor.py:183} INFO - Processing /home/airflow/.local/lib/python3.12/site-packages/airflow/example_dags/example_python_operator.py took 0.075 seconds
[2024-09-12T00:23:57.943+0000] {processor.py:161} INFO - Started process (PID=490) to work on /home/airflow/.local/lib/python3.12/site-packages/airflow/example_dags/example_python_operator.py
[2024-09-12T00:23:57.945+0000] {processor.py:830} INFO - Processing file /home/airflow/.local/lib/python3.12/site-packages/airflow/example_dags/example_python_operator.py for tasks to queue
[2024-09-12T00:23:57.947+0000] {logging_mixin.py:188} INFO - [2024-09-12T00:23:57.947+0000] {dagbag.py:545} INFO - Filling up the DagBag from /home/airflow/.local/lib/python3.12/site-packages/airflow/example_dags/example_python_operator.py
[2024-09-12T00:23:57.958+0000] {processor.py:840} INFO - DAG(s) 'example_python_operator' retrieved from /home/airflow/.local/lib/python3.12/site-packages/airflow/example_dags/example_python_operator.py
[2024-09-12T00:23:57.981+0000] {logging_mixin.py:188} INFO - [2024-09-12T00:23:57.981+0000] {dag.py:3089} INFO - Sync 1 DAGs
[2024-09-12T00:23:57.994+0000] {logging_mixin.py:188} INFO - [2024-09-12T00:23:57.994+0000] {dag.py:3947} INFO - Setting next_dagrun for example_python_operator to None, run_after=None
[2024-09-12T00:23:58.014+0000] {processor.py:183} INFO - Processing /home/airflow/.local/lib/python3.12/site-packages/airflow/example_dags/example_python_operator.py took 0.078 seconds
[2024-09-12T00:24:28.163+0000] {processor.py:161} INFO - Started process (PID=550) to work on /home/airflow/.local/lib/python3.12/site-packages/airflow/example_dags/example_python_operator.py
[2024-09-12T00:24:28.164+0000] {processor.py:830} INFO - Processing file /home/airflow/.local/lib/python3.12/site-packages/airflow/example_dags/example_python_operator.py for tasks to queue
[2024-09-12T00:24:28.167+0000] {logging_mixin.py:188} INFO - [2024-09-12T00:24:28.166+0000] {dagbag.py:545} INFO - Filling up the DagBag from /home/airflow/.local/lib/python3.12/site-packages/airflow/example_dags/example_python_operator.py
[2024-09-12T00:24:28.177+0000] {processor.py:840} INFO - DAG(s) 'example_python_operator' retrieved from /home/airflow/.local/lib/python3.12/site-packages/airflow/example_dags/example_python_operator.py
[2024-09-12T00:24:28.197+0000] {logging_mixin.py:188} INFO - [2024-09-12T00:24:28.197+0000] {dag.py:3089} INFO - Sync 1 DAGs
[2024-09-12T00:24:28.210+0000] {logging_mixin.py:188} INFO - [2024-09-12T00:24:28.210+0000] {dag.py:3947} INFO - Setting next_dagrun for example_python_operator to None, run_after=None
[2024-09-12T00:24:28.228+0000] {processor.py:183} INFO - Processing /home/airflow/.local/lib/python3.12/site-packages/airflow/example_dags/example_python_operator.py took 0.071 seconds
[2024-09-12T00:24:58.275+0000] {processor.py:161} INFO - Started process (PID=610) to work on /home/airflow/.local/lib/python3.12/site-packages/airflow/example_dags/example_python_operator.py
[2024-09-12T00:24:58.276+0000] {processor.py:830} INFO - Processing file /home/airflow/.local/lib/python3.12/site-packages/airflow/example_dags/example_python_operator.py for tasks to queue
[2024-09-12T00:24:58.278+0000] {logging_mixin.py:188} INFO - [2024-09-12T00:24:58.277+0000] {dagbag.py:545} INFO - Filling up the DagBag from /home/airflow/.local/lib/python3.12/site-packages/airflow/example_dags/example_python_operator.py
[2024-09-12T00:24:58.289+0000] {processor.py:840} INFO - DAG(s) 'example_python_operator' retrieved from /home/airflow/.local/lib/python3.12/site-packages/airflow/example_dags/example_python_operator.py
[2024-09-12T00:24:58.309+0000] {logging_mixin.py:188} INFO - [2024-09-12T00:24:58.309+0000] {dag.py:3089} INFO - Sync 1 DAGs
[2024-09-12T00:24:58.324+0000] {logging_mixin.py:188} INFO - [2024-09-12T00:24:58.324+0000] {dag.py:3947} INFO - Setting next_dagrun for example_python_operator to None, run_after=None
[2024-09-12T00:24:58.346+0000] {processor.py:183} INFO - Processing /home/airflow/.local/lib/python3.12/site-packages/airflow/example_dags/example_python_operator.py took 0.076 seconds
[2024-09-12T00:25:28.808+0000] {processor.py:161} INFO - Started process (PID=670) to work on /home/airflow/.local/lib/python3.12/site-packages/airflow/example_dags/example_python_operator.py
[2024-09-12T00:25:28.809+0000] {processor.py:830} INFO - Processing file /home/airflow/.local/lib/python3.12/site-packages/airflow/example_dags/example_python_operator.py for tasks to queue
[2024-09-12T00:25:28.811+0000] {logging_mixin.py:188} INFO - [2024-09-12T00:25:28.810+0000] {dagbag.py:545} INFO - Filling up the DagBag from /home/airflow/.local/lib/python3.12/site-packages/airflow/example_dags/example_python_operator.py
[2024-09-12T00:25:28.821+0000] {processor.py:840} INFO - DAG(s) 'example_python_operator' retrieved from /home/airflow/.local/lib/python3.12/site-packages/airflow/example_dags/example_python_operator.py
[2024-09-12T00:25:28.843+0000] {logging_mixin.py:188} INFO - [2024-09-12T00:25:28.843+0000] {dag.py:3089} INFO - Sync 1 DAGs
[2024-09-12T00:25:28.856+0000] {logging_mixin.py:188} INFO - [2024-09-12T00:25:28.856+0000] {dag.py:3947} INFO - Setting next_dagrun for example_python_operator to None, run_after=None
[2024-09-12T00:25:28.877+0000] {processor.py:183} INFO - Processing /home/airflow/.local/lib/python3.12/site-packages/airflow/example_dags/example_python_operator.py took 0.075 seconds
[2024-09-12T00:25:59.034+0000] {processor.py:161} INFO - Started process (PID=730) to work on /home/airflow/.local/lib/python3.12/site-packages/airflow/example_dags/example_python_operator.py
[2024-09-12T00:25:59.035+0000] {processor.py:830} INFO - Processing file /home/airflow/.local/lib/python3.12/site-packages/airflow/example_dags/example_python_operator.py for tasks to queue
[2024-09-12T00:25:59.037+0000] {logging_mixin.py:188} INFO - [2024-09-12T00:25:59.037+0000] {dagbag.py:545} INFO - Filling up the DagBag from /home/airflow/.local/lib/python3.12/site-packages/airflow/example_dags/example_python_operator.py
[2024-09-12T00:25:59.047+0000] {processor.py:840} INFO - DAG(s) 'example_python_operator' retrieved from /home/airflow/.local/lib/python3.12/site-packages/airflow/example_dags/example_python_operator.py
[2024-09-12T00:25:59.069+0000] {logging_mixin.py:188} INFO - [2024-09-12T00:25:59.069+0000] {dag.py:3089} INFO - Sync 1 DAGs
[2024-09-12T00:25:59.082+0000] {logging_mixin.py:188} INFO - [2024-09-12T00:25:59.082+0000] {dag.py:3947} INFO - Setting next_dagrun for example_python_operator to None, run_after=None
[2024-09-12T00:25:59.102+0000] {processor.py:183} INFO - Processing /home/airflow/.local/lib/python3.12/site-packages/airflow/example_dags/example_python_operator.py took 0.073 seconds
[2024-09-12T00:26:29.197+0000] {processor.py:161} INFO - Started process (PID=790) to work on /home/airflow/.local/lib/python3.12/site-packages/airflow/example_dags/example_python_operator.py
[2024-09-12T00:26:29.198+0000] {processor.py:830} INFO - Processing file /home/airflow/.local/lib/python3.12/site-packages/airflow/example_dags/example_python_operator.py for tasks to queue
[2024-09-12T00:26:29.200+0000] {logging_mixin.py:188} INFO - [2024-09-12T00:26:29.200+0000] {dagbag.py:545} INFO - Filling up the DagBag from /home/airflow/.local/lib/python3.12/site-packages/airflow/example_dags/example_python_operator.py
[2024-09-12T00:26:29.210+0000] {processor.py:840} INFO - DAG(s) 'example_python_operator' retrieved from /home/airflow/.local/lib/python3.12/site-packages/airflow/example_dags/example_python_operator.py
[2024-09-12T00:26:29.233+0000] {logging_mixin.py:188} INFO - [2024-09-12T00:26:29.232+0000] {dag.py:3089} INFO - Sync 1 DAGs
[2024-09-12T00:26:29.246+0000] {logging_mixin.py:188} INFO - [2024-09-12T00:26:29.246+0000] {dag.py:3947} INFO - Setting next_dagrun for example_python_operator to None, run_after=None
[2024-09-12T00:26:29.265+0000] {processor.py:183} INFO - Processing /home/airflow/.local/lib/python3.12/site-packages/airflow/example_dags/example_python_operator.py took 0.074 seconds
[2024-09-12T00:26:59.888+0000] {processor.py:161} INFO - Started process (PID=850) to work on /home/airflow/.local/lib/python3.12/site-packages/airflow/example_dags/example_python_operator.py
[2024-09-12T00:26:59.889+0000] {processor.py:830} INFO - Processing file /home/airflow/.local/lib/python3.12/site-packages/airflow/example_dags/example_python_operator.py for tasks to queue
[2024-09-12T00:26:59.890+0000] {logging_mixin.py:188} INFO - [2024-09-12T00:26:59.890+0000] {dagbag.py:545} INFO - Filling up the DagBag from /home/airflow/.local/lib/python3.12/site-packages/airflow/example_dags/example_python_operator.py
[2024-09-12T00:26:59.901+0000] {processor.py:840} INFO - DAG(s) 'example_python_operator' retrieved from /home/airflow/.local/lib/python3.12/site-packages/airflow/example_dags/example_python_operator.py
[2024-09-12T00:26:59.923+0000] {logging_mixin.py:188} INFO - [2024-09-12T00:26:59.923+0000] {dag.py:3089} INFO - Sync 1 DAGs
[2024-09-12T00:26:59.936+0000] {logging_mixin.py:188} INFO - [2024-09-12T00:26:59.936+0000] {dag.py:3947} INFO - Setting next_dagrun for example_python_operator to None, run_after=None
[2024-09-12T00:26:59.957+0000] {processor.py:183} INFO - Processing /home/airflow/.local/lib/python3.12/site-packages/airflow/example_dags/example_python_operator.py took 0.075 seconds
[2024-09-12T00:27:30.321+0000] {processor.py:161} INFO - Started process (PID=910) to work on /home/airflow/.local/lib/python3.12/site-packages/airflow/example_dags/example_python_operator.py
[2024-09-12T00:27:30.321+0000] {processor.py:830} INFO - Processing file /home/airflow/.local/lib/python3.12/site-packages/airflow/example_dags/example_python_operator.py for tasks to queue
[2024-09-12T00:27:30.323+0000] {logging_mixin.py:188} INFO - [2024-09-12T00:27:30.323+0000] {dagbag.py:545} INFO - Filling up the DagBag from /home/airflow/.local/lib/python3.12/site-packages/airflow/example_dags/example_python_operator.py
[2024-09-12T00:27:30.333+0000] {processor.py:840} INFO - DAG(s) 'example_python_operator' retrieved from /home/airflow/.local/lib/python3.12/site-packages/airflow/example_dags/example_python_operator.py
[2024-09-12T00:27:30.355+0000] {logging_mixin.py:188} INFO - [2024-09-12T00:27:30.355+0000] {dag.py:3089} INFO - Sync 1 DAGs
[2024-09-12T00:27:30.368+0000] {logging_mixin.py:188} INFO - [2024-09-12T00:27:30.367+0000] {dag.py:3947} INFO - Setting next_dagrun for example_python_operator to None, run_after=None
[2024-09-12T00:27:30.387+0000] {processor.py:183} INFO - Processing /home/airflow/.local/lib/python3.12/site-packages/airflow/example_dags/example_python_operator.py took 0.073 seconds
[2024-09-12T00:28:00.646+0000] {processor.py:161} INFO - Started process (PID=970) to work on /home/airflow/.local/lib/python3.12/site-packages/airflow/example_dags/example_python_operator.py
[2024-09-12T00:28:00.647+0000] {processor.py:830} INFO - Processing file /home/airflow/.local/lib/python3.12/site-packages/airflow/example_dags/example_python_operator.py for tasks to queue
[2024-09-12T00:28:00.648+0000] {logging_mixin.py:188} INFO - [2024-09-12T00:28:00.648+0000] {dagbag.py:545} INFO - Filling up the DagBag from /home/airflow/.local/lib/python3.12/site-packages/airflow/example_dags/example_python_operator.py
[2024-09-12T00:28:00.658+0000] {processor.py:840} INFO - DAG(s) 'example_python_operator' retrieved from /home/airflow/.local/lib/python3.12/site-packages/airflow/example_dags/example_python_operator.py
[2024-09-12T00:28:00.682+0000] {logging_mixin.py:188} INFO - [2024-09-12T00:28:00.681+0000] {dag.py:3089} INFO - Sync 1 DAGs
[2024-09-12T00:28:00.695+0000] {logging_mixin.py:188} INFO - [2024-09-12T00:28:00.695+0000] {dag.py:3947} INFO - Setting next_dagrun for example_python_operator to None, run_after=None
[2024-09-12T00:28:00.715+0000] {processor.py:183} INFO - Processing /home/airflow/.local/lib/python3.12/site-packages/airflow/example_dags/example_python_operator.py took 0.075 seconds
[2024-09-12T00:28:30.843+0000] {processor.py:161} INFO - Started process (PID=1030) to work on /home/airflow/.local/lib/python3.12/site-packages/airflow/example_dags/example_python_operator.py
[2024-09-12T00:28:30.844+0000] {processor.py:830} INFO - Processing file /home/airflow/.local/lib/python3.12/site-packages/airflow/example_dags/example_python_operator.py for tasks to queue
[2024-09-12T00:28:30.846+0000] {logging_mixin.py:188} INFO - [2024-09-12T00:28:30.846+0000] {dagbag.py:545} INFO - Filling up the DagBag from /home/airflow/.local/lib/python3.12/site-packages/airflow/example_dags/example_python_operator.py
[2024-09-12T00:28:30.857+0000] {processor.py:840} INFO - DAG(s) 'example_python_operator' retrieved from /home/airflow/.local/lib/python3.12/site-packages/airflow/example_dags/example_python_operator.py
[2024-09-12T00:28:30.880+0000] {logging_mixin.py:188} INFO - [2024-09-12T00:28:30.880+0000] {dag.py:3089} INFO - Sync 1 DAGs
[2024-09-12T00:28:30.894+0000] {logging_mixin.py:188} INFO - [2024-09-12T00:28:30.894+0000] {dag.py:3947} INFO - Setting next_dagrun for example_python_operator to None, run_after=None
[2024-09-12T00:28:30.915+0000] {processor.py:183} INFO - Processing /home/airflow/.local/lib/python3.12/site-packages/airflow/example_dags/example_python_operator.py took 0.078 seconds
[2024-09-12T00:29:01.223+0000] {processor.py:161} INFO - Started process (PID=1090) to work on /home/airflow/.local/lib/python3.12/site-packages/airflow/example_dags/example_python_operator.py
[2024-09-12T00:29:01.224+0000] {processor.py:830} INFO - Processing file /home/airflow/.local/lib/python3.12/site-packages/airflow/example_dags/example_python_operator.py for tasks to queue
[2024-09-12T00:29:01.226+0000] {logging_mixin.py:188} INFO - [2024-09-12T00:29:01.225+0000] {dagbag.py:545} INFO - Filling up the DagBag from /home/airflow/.local/lib/python3.12/site-packages/airflow/example_dags/example_python_operator.py
[2024-09-12T00:29:01.239+0000] {processor.py:840} INFO - DAG(s) 'example_python_operator' retrieved from /home/airflow/.local/lib/python3.12/site-packages/airflow/example_dags/example_python_operator.py
[2024-09-12T00:29:01.261+0000] {logging_mixin.py:188} INFO - [2024-09-12T00:29:01.261+0000] {dag.py:3089} INFO - Sync 1 DAGs
[2024-09-12T00:29:01.275+0000] {logging_mixin.py:188} INFO - [2024-09-12T00:29:01.274+0000] {dag.py:3947} INFO - Setting next_dagrun for example_python_operator to None, run_after=None
[2024-09-12T00:29:01.296+0000] {processor.py:183} INFO - Processing /home/airflow/.local/lib/python3.12/site-packages/airflow/example_dags/example_python_operator.py took 0.079 seconds
[2024-09-12T00:29:31.704+0000] {processor.py:161} INFO - Started process (PID=1150) to work on /home/airflow/.local/lib/python3.12/site-packages/airflow/example_dags/example_python_operator.py
[2024-09-12T00:29:31.705+0000] {processor.py:830} INFO - Processing file /home/airflow/.local/lib/python3.12/site-packages/airflow/example_dags/example_python_operator.py for tasks to queue
[2024-09-12T00:29:31.707+0000] {logging_mixin.py:188} INFO - [2024-09-12T00:29:31.706+0000] {dagbag.py:545} INFO - Filling up the DagBag from /home/airflow/.local/lib/python3.12/site-packages/airflow/example_dags/example_python_operator.py
[2024-09-12T00:29:31.717+0000] {processor.py:840} INFO - DAG(s) 'example_python_operator' retrieved from /home/airflow/.local/lib/python3.12/site-packages/airflow/example_dags/example_python_operator.py
[2024-09-12T00:29:31.740+0000] {logging_mixin.py:188} INFO - [2024-09-12T00:29:31.740+0000] {dag.py:3089} INFO - Sync 1 DAGs
[2024-09-12T00:29:31.754+0000] {logging_mixin.py:188} INFO - [2024-09-12T00:29:31.753+0000] {dag.py:3947} INFO - Setting next_dagrun for example_python_operator to None, run_after=None
[2024-09-12T00:29:31.772+0000] {processor.py:183} INFO - Processing /home/airflow/.local/lib/python3.12/site-packages/airflow/example_dags/example_python_operator.py took 0.074 seconds
[2024-09-12T00:30:02.180+0000] {processor.py:161} INFO - Started process (PID=1210) to work on /home/airflow/.local/lib/python3.12/site-packages/airflow/example_dags/example_python_operator.py
[2024-09-12T00:30:02.181+0000] {processor.py:830} INFO - Processing file /home/airflow/.local/lib/python3.12/site-packages/airflow/example_dags/example_python_operator.py for tasks to queue
[2024-09-12T00:30:02.183+0000] {logging_mixin.py:188} INFO - [2024-09-12T00:30:02.183+0000] {dagbag.py:545} INFO - Filling up the DagBag from /home/airflow/.local/lib/python3.12/site-packages/airflow/example_dags/example_python_operator.py
[2024-09-12T00:30:02.193+0000] {processor.py:840} INFO - DAG(s) 'example_python_operator' retrieved from /home/airflow/.local/lib/python3.12/site-packages/airflow/example_dags/example_python_operator.py
[2024-09-12T00:30:02.215+0000] {logging_mixin.py:188} INFO - [2024-09-12T00:30:02.215+0000] {dag.py:3089} INFO - Sync 1 DAGs
[2024-09-12T00:30:02.229+0000] {logging_mixin.py:188} INFO - [2024-09-12T00:30:02.228+0000] {dag.py:3947} INFO - Setting next_dagrun for example_python_operator to None, run_after=None
[2024-09-12T00:30:02.249+0000] {processor.py:183} INFO - Processing /home/airflow/.local/lib/python3.12/site-packages/airflow/example_dags/example_python_operator.py took 0.074 seconds
[2024-09-12T00:30:32.468+0000] {processor.py:161} INFO - Started process (PID=1270) to work on /home/airflow/.local/lib/python3.12/site-packages/airflow/example_dags/example_python_operator.py
[2024-09-12T00:30:32.469+0000] {processor.py:830} INFO - Processing file /home/airflow/.local/lib/python3.12/site-packages/airflow/example_dags/example_python_operator.py for tasks to queue
[2024-09-12T00:30:32.471+0000] {logging_mixin.py:188} INFO - [2024-09-12T00:30:32.471+0000] {dagbag.py:545} INFO - Filling up the DagBag from /home/airflow/.local/lib/python3.12/site-packages/airflow/example_dags/example_python_operator.py
[2024-09-12T00:30:32.481+0000] {processor.py:840} INFO - DAG(s) 'example_python_operator' retrieved from /home/airflow/.local/lib/python3.12/site-packages/airflow/example_dags/example_python_operator.py
[2024-09-12T00:30:32.503+0000] {logging_mixin.py:188} INFO - [2024-09-12T00:30:32.503+0000] {dag.py:3089} INFO - Sync 1 DAGs
[2024-09-12T00:30:32.516+0000] {logging_mixin.py:188} INFO - [2024-09-12T00:30:32.515+0000] {dag.py:3947} INFO - Setting next_dagrun for example_python_operator to None, run_after=None
[2024-09-12T00:30:32.535+0000] {processor.py:183} INFO - Processing /home/airflow/.local/lib/python3.12/site-packages/airflow/example_dags/example_python_operator.py took 0.072 seconds
[2024-09-12T00:31:02.735+0000] {processor.py:161} INFO - Started process (PID=1330) to work on /home/airflow/.local/lib/python3.12/site-packages/airflow/example_dags/example_python_operator.py
[2024-09-12T00:31:02.736+0000] {processor.py:830} INFO - Processing file /home/airflow/.local/lib/python3.12/site-packages/airflow/example_dags/example_python_operator.py for tasks to queue
[2024-09-12T00:31:02.737+0000] {logging_mixin.py:188} INFO - [2024-09-12T00:31:02.737+0000] {dagbag.py:545} INFO - Filling up the DagBag from /home/airflow/.local/lib/python3.12/site-packages/airflow/example_dags/example_python_operator.py
[2024-09-12T00:31:02.747+0000] {processor.py:840} INFO - DAG(s) 'example_python_operator' retrieved from /home/airflow/.local/lib/python3.12/site-packages/airflow/example_dags/example_python_operator.py
[2024-09-12T00:31:02.770+0000] {logging_mixin.py:188} INFO - [2024-09-12T00:31:02.769+0000] {dag.py:3089} INFO - Sync 1 DAGs
[2024-09-12T00:31:02.782+0000] {logging_mixin.py:188} INFO - [2024-09-12T00:31:02.782+0000] {dag.py:3947} INFO - Setting next_dagrun for example_python_operator to None, run_after=None
[2024-09-12T00:31:02.802+0000] {processor.py:183} INFO - Processing /home/airflow/.local/lib/python3.12/site-packages/airflow/example_dags/example_python_operator.py took 0.073 seconds
[2024-09-12T00:31:33.255+0000] {processor.py:161} INFO - Started process (PID=1390) to work on /home/airflow/.local/lib/python3.12/site-packages/airflow/example_dags/example_python_operator.py
[2024-09-12T00:31:33.256+0000] {processor.py:830} INFO - Processing file /home/airflow/.local/lib/python3.12/site-packages/airflow/example_dags/example_python_operator.py for tasks to queue
[2024-09-12T00:31:33.258+0000] {logging_mixin.py:188} INFO - [2024-09-12T00:31:33.257+0000] {dagbag.py:545} INFO - Filling up the DagBag from /home/airflow/.local/lib/python3.12/site-packages/airflow/example_dags/example_python_operator.py
[2024-09-12T00:31:33.268+0000] {processor.py:840} INFO - DAG(s) 'example_python_operator' retrieved from /home/airflow/.local/lib/python3.12/site-packages/airflow/example_dags/example_python_operator.py
[2024-09-12T00:31:33.290+0000] {logging_mixin.py:188} INFO - [2024-09-12T00:31:33.290+0000] {dag.py:3089} INFO - Sync 1 DAGs
[2024-09-12T00:31:33.303+0000] {logging_mixin.py:188} INFO - [2024-09-12T00:31:33.303+0000] {dag.py:3947} INFO - Setting next_dagrun for example_python_operator to None, run_after=None
[2024-09-12T00:31:33.323+0000] {processor.py:183} INFO - Processing /home/airflow/.local/lib/python3.12/site-packages/airflow/example_dags/example_python_operator.py took 0.074 seconds
[2024-09-12T00:32:04.283+0000] {processor.py:161} INFO - Started process (PID=1450) to work on /home/airflow/.local/lib/python3.12/site-packages/airflow/example_dags/example_python_operator.py
[2024-09-12T00:32:04.284+0000] {processor.py:830} INFO - Processing file /home/airflow/.local/lib/python3.12/site-packages/airflow/example_dags/example_python_operator.py for tasks to queue
[2024-09-12T00:32:04.286+0000] {logging_mixin.py:188} INFO - [2024-09-12T00:32:04.286+0000] {dagbag.py:545} INFO - Filling up the DagBag from /home/airflow/.local/lib/python3.12/site-packages/airflow/example_dags/example_python_operator.py
[2024-09-12T00:32:04.299+0000] {processor.py:840} INFO - DAG(s) 'example_python_operator' retrieved from /home/airflow/.local/lib/python3.12/site-packages/airflow/example_dags/example_python_operator.py
[2024-09-12T00:32:04.325+0000] {logging_mixin.py:188} INFO - [2024-09-12T00:32:04.324+0000] {dag.py:3089} INFO - Sync 1 DAGs
[2024-09-12T00:32:04.342+0000] {logging_mixin.py:188} INFO - [2024-09-12T00:32:04.341+0000] {dag.py:3947} INFO - Setting next_dagrun for example_python_operator to None, run_after=None
[2024-09-12T00:32:04.408+0000] {processor.py:183} INFO - Processing /home/airflow/.local/lib/python3.12/site-packages/airflow/example_dags/example_python_operator.py took 0.133 seconds
[2024-09-12T00:32:34.581+0000] {processor.py:161} INFO - Started process (PID=1510) to work on /home/airflow/.local/lib/python3.12/site-packages/airflow/example_dags/example_python_operator.py
[2024-09-12T00:32:34.582+0000] {processor.py:830} INFO - Processing file /home/airflow/.local/lib/python3.12/site-packages/airflow/example_dags/example_python_operator.py for tasks to queue
[2024-09-12T00:32:34.584+0000] {logging_mixin.py:188} INFO - [2024-09-12T00:32:34.584+0000] {dagbag.py:545} INFO - Filling up the DagBag from /home/airflow/.local/lib/python3.12/site-packages/airflow/example_dags/example_python_operator.py
[2024-09-12T00:32:34.595+0000] {processor.py:840} INFO - DAG(s) 'example_python_operator' retrieved from /home/airflow/.local/lib/python3.12/site-packages/airflow/example_dags/example_python_operator.py
[2024-09-12T00:32:34.617+0000] {logging_mixin.py:188} INFO - [2024-09-12T00:32:34.617+0000] {dag.py:3089} INFO - Sync 1 DAGs
[2024-09-12T00:32:34.630+0000] {logging_mixin.py:188} INFO - [2024-09-12T00:32:34.630+0000] {dag.py:3947} INFO - Setting next_dagrun for example_python_operator to None, run_after=None
[2024-09-12T00:32:34.649+0000] {processor.py:183} INFO - Processing /home/airflow/.local/lib/python3.12/site-packages/airflow/example_dags/example_python_operator.py took 0.074 seconds
[2024-09-12T00:33:04.814+0000] {processor.py:161} INFO - Started process (PID=1570) to work on /home/airflow/.local/lib/python3.12/site-packages/airflow/example_dags/example_python_operator.py
[2024-09-12T00:33:04.815+0000] {processor.py:830} INFO - Processing file /home/airflow/.local/lib/python3.12/site-packages/airflow/example_dags/example_python_operator.py for tasks to queue
[2024-09-12T00:33:04.817+0000] {logging_mixin.py:188} INFO - [2024-09-12T00:33:04.817+0000] {dagbag.py:545} INFO - Filling up the DagBag from /home/airflow/.local/lib/python3.12/site-packages/airflow/example_dags/example_python_operator.py
[2024-09-12T00:33:04.831+0000] {processor.py:840} INFO - DAG(s) 'example_python_operator' retrieved from /home/airflow/.local/lib/python3.12/site-packages/airflow/example_dags/example_python_operator.py
[2024-09-12T00:33:04.856+0000] {logging_mixin.py:188} INFO - [2024-09-12T00:33:04.856+0000] {dag.py:3089} INFO - Sync 1 DAGs
[2024-09-12T00:33:04.870+0000] {logging_mixin.py:188} INFO - [2024-09-12T00:33:04.870+0000] {dag.py:3947} INFO - Setting next_dagrun for example_python_operator to None, run_after=None
[2024-09-12T00:33:04.899+0000] {processor.py:183} INFO - Processing /home/airflow/.local/lib/python3.12/site-packages/airflow/example_dags/example_python_operator.py took 0.091 seconds
[2024-09-12T00:33:35.001+0000] {processor.py:161} INFO - Started process (PID=1630) to work on /home/airflow/.local/lib/python3.12/site-packages/airflow/example_dags/example_python_operator.py
[2024-09-12T00:33:35.002+0000] {processor.py:830} INFO - Processing file /home/airflow/.local/lib/python3.12/site-packages/airflow/example_dags/example_python_operator.py for tasks to queue
[2024-09-12T00:33:35.003+0000] {logging_mixin.py:188} INFO - [2024-09-12T00:33:35.003+0000] {dagbag.py:545} INFO - Filling up the DagBag from /home/airflow/.local/lib/python3.12/site-packages/airflow/example_dags/example_python_operator.py
[2024-09-12T00:33:35.014+0000] {processor.py:840} INFO - DAG(s) 'example_python_operator' retrieved from /home/airflow/.local/lib/python3.12/site-packages/airflow/example_dags/example_python_operator.py
[2024-09-12T00:33:35.036+0000] {logging_mixin.py:188} INFO - [2024-09-12T00:33:35.036+0000] {dag.py:3089} INFO - Sync 1 DAGs
[2024-09-12T00:33:35.049+0000] {logging_mixin.py:188} INFO - [2024-09-12T00:33:35.049+0000] {dag.py:3947} INFO - Setting next_dagrun for example_python_operator to None, run_after=None
[2024-09-12T00:33:35.069+0000] {processor.py:183} INFO - Processing /home/airflow/.local/lib/python3.12/site-packages/airflow/example_dags/example_python_operator.py took 0.074 seconds
[2024-09-12T00:34:05.740+0000] {processor.py:161} INFO - Started process (PID=1690) to work on /home/airflow/.local/lib/python3.12/site-packages/airflow/example_dags/example_python_operator.py
[2024-09-12T00:34:05.741+0000] {processor.py:830} INFO - Processing file /home/airflow/.local/lib/python3.12/site-packages/airflow/example_dags/example_python_operator.py for tasks to queue
[2024-09-12T00:34:05.743+0000] {logging_mixin.py:188} INFO - [2024-09-12T00:34:05.743+0000] {dagbag.py:545} INFO - Filling up the DagBag from /home/airflow/.local/lib/python3.12/site-packages/airflow/example_dags/example_python_operator.py
[2024-09-12T00:34:05.754+0000] {processor.py:840} INFO - DAG(s) 'example_python_operator' retrieved from /home/airflow/.local/lib/python3.12/site-packages/airflow/example_dags/example_python_operator.py
[2024-09-12T00:34:05.780+0000] {logging_mixin.py:188} INFO - [2024-09-12T00:34:05.780+0000] {dag.py:3089} INFO - Sync 1 DAGs
[2024-09-12T00:34:05.794+0000] {logging_mixin.py:188} INFO - [2024-09-12T00:34:05.793+0000] {dag.py:3947} INFO - Setting next_dagrun for example_python_operator to None, run_after=None
[2024-09-12T00:34:05.816+0000] {processor.py:183} INFO - Processing /home/airflow/.local/lib/python3.12/site-packages/airflow/example_dags/example_python_operator.py took 0.082 seconds
[2024-09-12T00:34:36.055+0000] {processor.py:161} INFO - Started process (PID=1750) to work on /home/airflow/.local/lib/python3.12/site-packages/airflow/example_dags/example_python_operator.py
[2024-09-12T00:34:36.056+0000] {processor.py:830} INFO - Processing file /home/airflow/.local/lib/python3.12/site-packages/airflow/example_dags/example_python_operator.py for tasks to queue
[2024-09-12T00:34:36.059+0000] {logging_mixin.py:188} INFO - [2024-09-12T00:34:36.059+0000] {dagbag.py:545} INFO - Filling up the DagBag from /home/airflow/.local/lib/python3.12/site-packages/airflow/example_dags/example_python_operator.py
[2024-09-12T00:34:36.071+0000] {processor.py:840} INFO - DAG(s) 'example_python_operator' retrieved from /home/airflow/.local/lib/python3.12/site-packages/airflow/example_dags/example_python_operator.py
[2024-09-12T00:34:36.096+0000] {logging_mixin.py:188} INFO - [2024-09-12T00:34:36.096+0000] {dag.py:3089} INFO - Sync 1 DAGs
[2024-09-12T00:34:36.110+0000] {logging_mixin.py:188} INFO - [2024-09-12T00:34:36.109+0000] {dag.py:3947} INFO - Setting next_dagrun for example_python_operator to None, run_after=None
[2024-09-12T00:34:36.129+0000] {processor.py:183} INFO - Processing /home/airflow/.local/lib/python3.12/site-packages/airflow/example_dags/example_python_operator.py took 0.080 seconds
[2024-09-12T00:35:06.267+0000] {processor.py:161} INFO - Started process (PID=1810) to work on /home/airflow/.local/lib/python3.12/site-packages/airflow/example_dags/example_python_operator.py
[2024-09-12T00:35:06.268+0000] {processor.py:830} INFO - Processing file /home/airflow/.local/lib/python3.12/site-packages/airflow/example_dags/example_python_operator.py for tasks to queue
[2024-09-12T00:35:06.270+0000] {logging_mixin.py:188} INFO - [2024-09-12T00:35:06.269+0000] {dagbag.py:545} INFO - Filling up the DagBag from /home/airflow/.local/lib/python3.12/site-packages/airflow/example_dags/example_python_operator.py
[2024-09-12T00:35:06.280+0000] {processor.py:840} INFO - DAG(s) 'example_python_operator' retrieved from /home/airflow/.local/lib/python3.12/site-packages/airflow/example_dags/example_python_operator.py
[2024-09-12T00:35:06.304+0000] {logging_mixin.py:188} INFO - [2024-09-12T00:35:06.304+0000] {dag.py:3089} INFO - Sync 1 DAGs
[2024-09-12T00:35:06.320+0000] {logging_mixin.py:188} INFO - [2024-09-12T00:35:06.319+0000] {dag.py:3947} INFO - Setting next_dagrun for example_python_operator to None, run_after=None
[2024-09-12T00:35:06.342+0000] {processor.py:183} INFO - Processing /home/airflow/.local/lib/python3.12/site-packages/airflow/example_dags/example_python_operator.py took 0.082 seconds
[2024-09-12T00:35:36.867+0000] {processor.py:161} INFO - Started process (PID=1870) to work on /home/airflow/.local/lib/python3.12/site-packages/airflow/example_dags/example_python_operator.py
[2024-09-12T00:35:36.868+0000] {processor.py:830} INFO - Processing file /home/airflow/.local/lib/python3.12/site-packages/airflow/example_dags/example_python_operator.py for tasks to queue
[2024-09-12T00:35:36.870+0000] {logging_mixin.py:188} INFO - [2024-09-12T00:35:36.870+0000] {dagbag.py:545} INFO - Filling up the DagBag from /home/airflow/.local/lib/python3.12/site-packages/airflow/example_dags/example_python_operator.py
[2024-09-12T00:35:36.880+0000] {processor.py:840} INFO - DAG(s) 'example_python_operator' retrieved from /home/airflow/.local/lib/python3.12/site-packages/airflow/example_dags/example_python_operator.py
[2024-09-12T00:35:36.903+0000] {logging_mixin.py:188} INFO - [2024-09-12T00:35:36.903+0000] {dag.py:3089} INFO - Sync 1 DAGs
[2024-09-12T00:35:36.916+0000] {logging_mixin.py:188} INFO - [2024-09-12T00:35:36.915+0000] {dag.py:3947} INFO - Setting next_dagrun for example_python_operator to None, run_after=None
[2024-09-12T00:35:36.934+0000] {processor.py:183} INFO - Processing /home/airflow/.local/lib/python3.12/site-packages/airflow/example_dags/example_python_operator.py took 0.073 seconds
[2024-09-12T00:36:07.072+0000] {processor.py:161} INFO - Started process (PID=1930) to work on /home/airflow/.local/lib/python3.12/site-packages/airflow/example_dags/example_python_operator.py
[2024-09-12T00:36:07.073+0000] {processor.py:830} INFO - Processing file /home/airflow/.local/lib/python3.12/site-packages/airflow/example_dags/example_python_operator.py for tasks to queue
[2024-09-12T00:36:07.075+0000] {logging_mixin.py:188} INFO - [2024-09-12T00:36:07.075+0000] {dagbag.py:545} INFO - Filling up the DagBag from /home/airflow/.local/lib/python3.12/site-packages/airflow/example_dags/example_python_operator.py
[2024-09-12T00:36:07.086+0000] {processor.py:840} INFO - DAG(s) 'example_python_operator' retrieved from /home/airflow/.local/lib/python3.12/site-packages/airflow/example_dags/example_python_operator.py
[2024-09-12T00:36:07.109+0000] {logging_mixin.py:188} INFO - [2024-09-12T00:36:07.109+0000] {dag.py:3089} INFO - Sync 1 DAGs
[2024-09-12T00:36:07.125+0000] {logging_mixin.py:188} INFO - [2024-09-12T00:36:07.125+0000] {dag.py:3947} INFO - Setting next_dagrun for example_python_operator to None, run_after=None
[2024-09-12T00:36:07.146+0000] {processor.py:183} INFO - Processing /home/airflow/.local/lib/python3.12/site-packages/airflow/example_dags/example_python_operator.py took 0.082 seconds
[2024-09-12T00:36:37.300+0000] {processor.py:161} INFO - Started process (PID=1990) to work on /home/airflow/.local/lib/python3.12/site-packages/airflow/example_dags/example_python_operator.py
[2024-09-12T00:36:37.301+0000] {processor.py:830} INFO - Processing file /home/airflow/.local/lib/python3.12/site-packages/airflow/example_dags/example_python_operator.py for tasks to queue
[2024-09-12T00:36:37.303+0000] {logging_mixin.py:188} INFO - [2024-09-12T00:36:37.303+0000] {dagbag.py:545} INFO - Filling up the DagBag from /home/airflow/.local/lib/python3.12/site-packages/airflow/example_dags/example_python_operator.py
[2024-09-12T00:36:37.315+0000] {processor.py:840} INFO - DAG(s) 'example_python_operator' retrieved from /home/airflow/.local/lib/python3.12/site-packages/airflow/example_dags/example_python_operator.py
[2024-09-12T00:36:37.337+0000] {logging_mixin.py:188} INFO - [2024-09-12T00:36:37.337+0000] {dag.py:3089} INFO - Sync 1 DAGs
[2024-09-12T00:36:37.350+0000] {logging_mixin.py:188} INFO - [2024-09-12T00:36:37.350+0000] {dag.py:3947} INFO - Setting next_dagrun for example_python_operator to None, run_after=None
[2024-09-12T00:36:37.370+0000] {processor.py:183} INFO - Processing /home/airflow/.local/lib/python3.12/site-packages/airflow/example_dags/example_python_operator.py took 0.076 seconds
[2024-09-12T00:37:07.475+0000] {processor.py:161} INFO - Started process (PID=2050) to work on /home/airflow/.local/lib/python3.12/site-packages/airflow/example_dags/example_python_operator.py
[2024-09-12T00:37:07.476+0000] {processor.py:830} INFO - Processing file /home/airflow/.local/lib/python3.12/site-packages/airflow/example_dags/example_python_operator.py for tasks to queue
[2024-09-12T00:37:07.478+0000] {logging_mixin.py:188} INFO - [2024-09-12T00:37:07.477+0000] {dagbag.py:545} INFO - Filling up the DagBag from /home/airflow/.local/lib/python3.12/site-packages/airflow/example_dags/example_python_operator.py
[2024-09-12T00:37:07.488+0000] {processor.py:840} INFO - DAG(s) 'example_python_operator' retrieved from /home/airflow/.local/lib/python3.12/site-packages/airflow/example_dags/example_python_operator.py
[2024-09-12T00:37:07.510+0000] {logging_mixin.py:188} INFO - [2024-09-12T00:37:07.510+0000] {dag.py:3089} INFO - Sync 1 DAGs
[2024-09-12T00:37:07.523+0000] {logging_mixin.py:188} INFO - [2024-09-12T00:37:07.523+0000] {dag.py:3947} INFO - Setting next_dagrun for example_python_operator to None, run_after=None
[2024-09-12T00:37:07.543+0000] {processor.py:183} INFO - Processing /home/airflow/.local/lib/python3.12/site-packages/airflow/example_dags/example_python_operator.py took 0.074 seconds
[2024-09-12T00:37:38.475+0000] {processor.py:161} INFO - Started process (PID=2110) to work on /home/airflow/.local/lib/python3.12/site-packages/airflow/example_dags/example_python_operator.py
[2024-09-12T00:37:38.476+0000] {processor.py:830} INFO - Processing file /home/airflow/.local/lib/python3.12/site-packages/airflow/example_dags/example_python_operator.py for tasks to queue
[2024-09-12T00:37:38.478+0000] {logging_mixin.py:188} INFO - [2024-09-12T00:37:38.478+0000] {dagbag.py:545} INFO - Filling up the DagBag from /home/airflow/.local/lib/python3.12/site-packages/airflow/example_dags/example_python_operator.py
[2024-09-12T00:37:38.489+0000] {processor.py:840} INFO - DAG(s) 'example_python_operator' retrieved from /home/airflow/.local/lib/python3.12/site-packages/airflow/example_dags/example_python_operator.py
[2024-09-12T00:37:38.515+0000] {logging_mixin.py:188} INFO - [2024-09-12T00:37:38.515+0000] {dag.py:3089} INFO - Sync 1 DAGs
[2024-09-12T00:37:38.530+0000] {logging_mixin.py:188} INFO - [2024-09-12T00:37:38.530+0000] {dag.py:3947} INFO - Setting next_dagrun for example_python_operator to None, run_after=None
[2024-09-12T00:37:38.551+0000] {processor.py:183} INFO - Processing /home/airflow/.local/lib/python3.12/site-packages/airflow/example_dags/example_python_operator.py took 0.084 seconds
[2024-09-12T00:38:08.843+0000] {processor.py:161} INFO - Started process (PID=2170) to work on /home/airflow/.local/lib/python3.12/site-packages/airflow/example_dags/example_python_operator.py
[2024-09-12T00:38:08.844+0000] {processor.py:830} INFO - Processing file /home/airflow/.local/lib/python3.12/site-packages/airflow/example_dags/example_python_operator.py for tasks to queue
[2024-09-12T00:38:08.846+0000] {logging_mixin.py:188} INFO - [2024-09-12T00:38:08.846+0000] {dagbag.py:545} INFO - Filling up the DagBag from /home/airflow/.local/lib/python3.12/site-packages/airflow/example_dags/example_python_operator.py
[2024-09-12T00:38:08.856+0000] {processor.py:840} INFO - DAG(s) 'example_python_operator' retrieved from /home/airflow/.local/lib/python3.12/site-packages/airflow/example_dags/example_python_operator.py
[2024-09-12T00:38:08.878+0000] {logging_mixin.py:188} INFO - [2024-09-12T00:38:08.878+0000] {dag.py:3089} INFO - Sync 1 DAGs
[2024-09-12T00:38:08.892+0000] {logging_mixin.py:188} INFO - [2024-09-12T00:38:08.891+0000] {dag.py:3947} INFO - Setting next_dagrun for example_python_operator to None, run_after=None
[2024-09-12T00:38:08.913+0000] {processor.py:183} INFO - Processing /home/airflow/.local/lib/python3.12/site-packages/airflow/example_dags/example_python_operator.py took 0.075 seconds
