[2024-09-12T00:20:33.298+0000] {processor.py:161} INFO - Started process (PID=99) to work on /home/airflow/.local/lib/python3.12/site-packages/airflow/example_dags/example_complex.py
[2024-09-12T00:20:33.299+0000] {processor.py:830} INFO - Processing file /home/airflow/.local/lib/python3.12/site-packages/airflow/example_dags/example_complex.py for tasks to queue
[2024-09-12T00:20:33.301+0000] {logging_mixin.py:188} INFO - [2024-09-12T00:20:33.300+0000] {dagbag.py:545} INFO - Filling up the DagBag from /home/airflow/.local/lib/python3.12/site-packages/airflow/example_dags/example_complex.py
[2024-09-12T00:20:33.311+0000] {processor.py:840} INFO - DAG(s) 'example_complex' retrieved from /home/airflow/.local/lib/python3.12/site-packages/airflow/example_dags/example_complex.py
[2024-09-12T00:20:33.344+0000] {logging_mixin.py:188} INFO - [2024-09-12T00:20:33.344+0000] {dag.py:3089} INFO - Sync 1 DAGs
[2024-09-12T00:20:33.357+0000] {logging_mixin.py:188} INFO - [2024-09-12T00:20:33.356+0000] {dag.py:3947} INFO - Setting next_dagrun for example_complex to None, run_after=None
[2024-09-12T00:20:33.450+0000] {processor.py:183} INFO - Processing /home/airflow/.local/lib/python3.12/site-packages/airflow/example_dags/example_complex.py took 0.158 seconds
[2024-09-12T00:21:04.176+0000] {processor.py:161} INFO - Started process (PID=159) to work on /home/airflow/.local/lib/python3.12/site-packages/airflow/example_dags/example_complex.py
[2024-09-12T00:21:04.178+0000] {processor.py:830} INFO - Processing file /home/airflow/.local/lib/python3.12/site-packages/airflow/example_dags/example_complex.py for tasks to queue
[2024-09-12T00:21:04.180+0000] {logging_mixin.py:188} INFO - [2024-09-12T00:21:04.180+0000] {dagbag.py:545} INFO - Filling up the DagBag from /home/airflow/.local/lib/python3.12/site-packages/airflow/example_dags/example_complex.py
[2024-09-12T00:21:04.194+0000] {processor.py:840} INFO - DAG(s) 'example_complex' retrieved from /home/airflow/.local/lib/python3.12/site-packages/airflow/example_dags/example_complex.py
[2024-09-12T00:21:04.230+0000] {logging_mixin.py:188} INFO - [2024-09-12T00:21:04.230+0000] {dag.py:3089} INFO - Sync 1 DAGs
[2024-09-12T00:21:04.247+0000] {logging_mixin.py:188} INFO - [2024-09-12T00:21:04.247+0000] {dag.py:3947} INFO - Setting next_dagrun for example_complex to None, run_after=None
[2024-09-12T00:21:04.273+0000] {processor.py:183} INFO - Processing /home/airflow/.local/lib/python3.12/site-packages/airflow/example_dags/example_complex.py took 0.105 seconds
[2024-09-12T00:21:34.779+0000] {processor.py:161} INFO - Started process (PID=219) to work on /home/airflow/.local/lib/python3.12/site-packages/airflow/example_dags/example_complex.py
[2024-09-12T00:21:34.780+0000] {processor.py:830} INFO - Processing file /home/airflow/.local/lib/python3.12/site-packages/airflow/example_dags/example_complex.py for tasks to queue
[2024-09-12T00:21:34.781+0000] {logging_mixin.py:188} INFO - [2024-09-12T00:21:34.781+0000] {dagbag.py:545} INFO - Filling up the DagBag from /home/airflow/.local/lib/python3.12/site-packages/airflow/example_dags/example_complex.py
[2024-09-12T00:21:34.793+0000] {processor.py:840} INFO - DAG(s) 'example_complex' retrieved from /home/airflow/.local/lib/python3.12/site-packages/airflow/example_dags/example_complex.py
[2024-09-12T00:21:34.829+0000] {logging_mixin.py:188} INFO - [2024-09-12T00:21:34.829+0000] {dag.py:3089} INFO - Sync 1 DAGs
[2024-09-12T00:21:34.844+0000] {logging_mixin.py:188} INFO - [2024-09-12T00:21:34.844+0000] {dag.py:3947} INFO - Setting next_dagrun for example_complex to None, run_after=None
[2024-09-12T00:21:34.865+0000] {processor.py:183} INFO - Processing /home/airflow/.local/lib/python3.12/site-packages/airflow/example_dags/example_complex.py took 0.092 seconds
[2024-09-12T00:22:05.715+0000] {processor.py:161} INFO - Started process (PID=279) to work on /home/airflow/.local/lib/python3.12/site-packages/airflow/example_dags/example_complex.py
[2024-09-12T00:22:05.716+0000] {processor.py:830} INFO - Processing file /home/airflow/.local/lib/python3.12/site-packages/airflow/example_dags/example_complex.py for tasks to queue
[2024-09-12T00:22:05.718+0000] {logging_mixin.py:188} INFO - [2024-09-12T00:22:05.718+0000] {dagbag.py:545} INFO - Filling up the DagBag from /home/airflow/.local/lib/python3.12/site-packages/airflow/example_dags/example_complex.py
[2024-09-12T00:22:05.732+0000] {processor.py:840} INFO - DAG(s) 'example_complex' retrieved from /home/airflow/.local/lib/python3.12/site-packages/airflow/example_dags/example_complex.py
[2024-09-12T00:22:05.764+0000] {logging_mixin.py:188} INFO - [2024-09-12T00:22:05.764+0000] {dag.py:3089} INFO - Sync 1 DAGs
[2024-09-12T00:22:05.779+0000] {logging_mixin.py:188} INFO - [2024-09-12T00:22:05.779+0000] {dag.py:3947} INFO - Setting next_dagrun for example_complex to None, run_after=None
[2024-09-12T00:22:05.805+0000] {processor.py:183} INFO - Processing /home/airflow/.local/lib/python3.12/site-packages/airflow/example_dags/example_complex.py took 0.096 seconds
[2024-09-12T00:22:36.623+0000] {processor.py:161} INFO - Started process (PID=339) to work on /home/airflow/.local/lib/python3.12/site-packages/airflow/example_dags/example_complex.py
[2024-09-12T00:22:36.624+0000] {processor.py:830} INFO - Processing file /home/airflow/.local/lib/python3.12/site-packages/airflow/example_dags/example_complex.py for tasks to queue
[2024-09-12T00:22:36.626+0000] {logging_mixin.py:188} INFO - [2024-09-12T00:22:36.626+0000] {dagbag.py:545} INFO - Filling up the DagBag from /home/airflow/.local/lib/python3.12/site-packages/airflow/example_dags/example_complex.py
[2024-09-12T00:22:36.637+0000] {processor.py:840} INFO - DAG(s) 'example_complex' retrieved from /home/airflow/.local/lib/python3.12/site-packages/airflow/example_dags/example_complex.py
[2024-09-12T00:22:36.676+0000] {logging_mixin.py:188} INFO - [2024-09-12T00:22:36.676+0000] {dag.py:3089} INFO - Sync 1 DAGs
[2024-09-12T00:22:36.690+0000] {logging_mixin.py:188} INFO - [2024-09-12T00:22:36.690+0000] {dag.py:3947} INFO - Setting next_dagrun for example_complex to None, run_after=None
[2024-09-12T00:22:36.710+0000] {processor.py:183} INFO - Processing /home/airflow/.local/lib/python3.12/site-packages/airflow/example_dags/example_complex.py took 0.094 seconds
[2024-09-12T00:23:07.298+0000] {processor.py:161} INFO - Started process (PID=399) to work on /home/airflow/.local/lib/python3.12/site-packages/airflow/example_dags/example_complex.py
[2024-09-12T00:23:07.299+0000] {processor.py:830} INFO - Processing file /home/airflow/.local/lib/python3.12/site-packages/airflow/example_dags/example_complex.py for tasks to queue
[2024-09-12T00:23:07.301+0000] {logging_mixin.py:188} INFO - [2024-09-12T00:23:07.301+0000] {dagbag.py:545} INFO - Filling up the DagBag from /home/airflow/.local/lib/python3.12/site-packages/airflow/example_dags/example_complex.py
[2024-09-12T00:23:07.311+0000] {processor.py:840} INFO - DAG(s) 'example_complex' retrieved from /home/airflow/.local/lib/python3.12/site-packages/airflow/example_dags/example_complex.py
[2024-09-12T00:23:07.342+0000] {logging_mixin.py:188} INFO - [2024-09-12T00:23:07.342+0000] {dag.py:3089} INFO - Sync 1 DAGs
[2024-09-12T00:23:07.355+0000] {logging_mixin.py:188} INFO - [2024-09-12T00:23:07.355+0000] {dag.py:3947} INFO - Setting next_dagrun for example_complex to None, run_after=None
[2024-09-12T00:23:07.374+0000] {processor.py:183} INFO - Processing /home/airflow/.local/lib/python3.12/site-packages/airflow/example_dags/example_complex.py took 0.081 seconds
[2024-09-12T00:23:37.890+0000] {processor.py:161} INFO - Started process (PID=459) to work on /home/airflow/.local/lib/python3.12/site-packages/airflow/example_dags/example_complex.py
[2024-09-12T00:23:37.891+0000] {processor.py:830} INFO - Processing file /home/airflow/.local/lib/python3.12/site-packages/airflow/example_dags/example_complex.py for tasks to queue
[2024-09-12T00:23:37.892+0000] {logging_mixin.py:188} INFO - [2024-09-12T00:23:37.892+0000] {dagbag.py:545} INFO - Filling up the DagBag from /home/airflow/.local/lib/python3.12/site-packages/airflow/example_dags/example_complex.py
[2024-09-12T00:23:37.904+0000] {processor.py:840} INFO - DAG(s) 'example_complex' retrieved from /home/airflow/.local/lib/python3.12/site-packages/airflow/example_dags/example_complex.py
[2024-09-12T00:23:37.937+0000] {logging_mixin.py:188} INFO - [2024-09-12T00:23:37.937+0000] {dag.py:3089} INFO - Sync 1 DAGs
[2024-09-12T00:23:37.950+0000] {logging_mixin.py:188} INFO - [2024-09-12T00:23:37.950+0000] {dag.py:3947} INFO - Setting next_dagrun for example_complex to None, run_after=None
[2024-09-12T00:23:37.969+0000] {processor.py:183} INFO - Processing /home/airflow/.local/lib/python3.12/site-packages/airflow/example_dags/example_complex.py took 0.086 seconds
[2024-09-12T00:24:08.552+0000] {processor.py:161} INFO - Started process (PID=519) to work on /home/airflow/.local/lib/python3.12/site-packages/airflow/example_dags/example_complex.py
[2024-09-12T00:24:08.553+0000] {processor.py:830} INFO - Processing file /home/airflow/.local/lib/python3.12/site-packages/airflow/example_dags/example_complex.py for tasks to queue
[2024-09-12T00:24:08.555+0000] {logging_mixin.py:188} INFO - [2024-09-12T00:24:08.555+0000] {dagbag.py:545} INFO - Filling up the DagBag from /home/airflow/.local/lib/python3.12/site-packages/airflow/example_dags/example_complex.py
[2024-09-12T00:24:08.566+0000] {processor.py:840} INFO - DAG(s) 'example_complex' retrieved from /home/airflow/.local/lib/python3.12/site-packages/airflow/example_dags/example_complex.py
[2024-09-12T00:24:08.599+0000] {logging_mixin.py:188} INFO - [2024-09-12T00:24:08.599+0000] {dag.py:3089} INFO - Sync 1 DAGs
[2024-09-12T00:24:08.613+0000] {logging_mixin.py:188} INFO - [2024-09-12T00:24:08.612+0000] {dag.py:3947} INFO - Setting next_dagrun for example_complex to None, run_after=None
[2024-09-12T00:24:08.632+0000] {processor.py:183} INFO - Processing /home/airflow/.local/lib/python3.12/site-packages/airflow/example_dags/example_complex.py took 0.086 seconds
[2024-09-12T00:24:38.776+0000] {processor.py:161} INFO - Started process (PID=579) to work on /home/airflow/.local/lib/python3.12/site-packages/airflow/example_dags/example_complex.py
[2024-09-12T00:24:38.777+0000] {processor.py:830} INFO - Processing file /home/airflow/.local/lib/python3.12/site-packages/airflow/example_dags/example_complex.py for tasks to queue
[2024-09-12T00:24:38.779+0000] {logging_mixin.py:188} INFO - [2024-09-12T00:24:38.779+0000] {dagbag.py:545} INFO - Filling up the DagBag from /home/airflow/.local/lib/python3.12/site-packages/airflow/example_dags/example_complex.py
[2024-09-12T00:24:38.789+0000] {processor.py:840} INFO - DAG(s) 'example_complex' retrieved from /home/airflow/.local/lib/python3.12/site-packages/airflow/example_dags/example_complex.py
[2024-09-12T00:24:38.820+0000] {logging_mixin.py:188} INFO - [2024-09-12T00:24:38.819+0000] {dag.py:3089} INFO - Sync 1 DAGs
[2024-09-12T00:24:38.832+0000] {logging_mixin.py:188} INFO - [2024-09-12T00:24:38.832+0000] {dag.py:3947} INFO - Setting next_dagrun for example_complex to None, run_after=None
[2024-09-12T00:24:38.850+0000] {processor.py:183} INFO - Processing /home/airflow/.local/lib/python3.12/site-packages/airflow/example_dags/example_complex.py took 0.079 seconds
[2024-09-12T00:25:09.199+0000] {processor.py:161} INFO - Started process (PID=639) to work on /home/airflow/.local/lib/python3.12/site-packages/airflow/example_dags/example_complex.py
[2024-09-12T00:25:09.200+0000] {processor.py:830} INFO - Processing file /home/airflow/.local/lib/python3.12/site-packages/airflow/example_dags/example_complex.py for tasks to queue
[2024-09-12T00:25:09.202+0000] {logging_mixin.py:188} INFO - [2024-09-12T00:25:09.202+0000] {dagbag.py:545} INFO - Filling up the DagBag from /home/airflow/.local/lib/python3.12/site-packages/airflow/example_dags/example_complex.py
[2024-09-12T00:25:09.212+0000] {processor.py:840} INFO - DAG(s) 'example_complex' retrieved from /home/airflow/.local/lib/python3.12/site-packages/airflow/example_dags/example_complex.py
[2024-09-12T00:25:09.244+0000] {logging_mixin.py:188} INFO - [2024-09-12T00:25:09.244+0000] {dag.py:3089} INFO - Sync 1 DAGs
[2024-09-12T00:25:09.257+0000] {logging_mixin.py:188} INFO - [2024-09-12T00:25:09.257+0000] {dag.py:3947} INFO - Setting next_dagrun for example_complex to None, run_after=None
[2024-09-12T00:25:09.276+0000] {processor.py:183} INFO - Processing /home/airflow/.local/lib/python3.12/site-packages/airflow/example_dags/example_complex.py took 0.082 seconds
[2024-09-12T00:25:39.491+0000] {processor.py:161} INFO - Started process (PID=699) to work on /home/airflow/.local/lib/python3.12/site-packages/airflow/example_dags/example_complex.py
[2024-09-12T00:25:39.492+0000] {processor.py:830} INFO - Processing file /home/airflow/.local/lib/python3.12/site-packages/airflow/example_dags/example_complex.py for tasks to queue
[2024-09-12T00:25:39.494+0000] {logging_mixin.py:188} INFO - [2024-09-12T00:25:39.493+0000] {dagbag.py:545} INFO - Filling up the DagBag from /home/airflow/.local/lib/python3.12/site-packages/airflow/example_dags/example_complex.py
[2024-09-12T00:25:39.504+0000] {processor.py:840} INFO - DAG(s) 'example_complex' retrieved from /home/airflow/.local/lib/python3.12/site-packages/airflow/example_dags/example_complex.py
[2024-09-12T00:25:39.536+0000] {logging_mixin.py:188} INFO - [2024-09-12T00:25:39.535+0000] {dag.py:3089} INFO - Sync 1 DAGs
[2024-09-12T00:25:39.549+0000] {logging_mixin.py:188} INFO - [2024-09-12T00:25:39.548+0000] {dag.py:3947} INFO - Setting next_dagrun for example_complex to None, run_after=None
[2024-09-12T00:25:39.569+0000] {processor.py:183} INFO - Processing /home/airflow/.local/lib/python3.12/site-packages/airflow/example_dags/example_complex.py took 0.085 seconds
[2024-09-12T00:26:09.752+0000] {processor.py:161} INFO - Started process (PID=759) to work on /home/airflow/.local/lib/python3.12/site-packages/airflow/example_dags/example_complex.py
[2024-09-12T00:26:09.753+0000] {processor.py:830} INFO - Processing file /home/airflow/.local/lib/python3.12/site-packages/airflow/example_dags/example_complex.py for tasks to queue
[2024-09-12T00:26:09.755+0000] {logging_mixin.py:188} INFO - [2024-09-12T00:26:09.754+0000] {dagbag.py:545} INFO - Filling up the DagBag from /home/airflow/.local/lib/python3.12/site-packages/airflow/example_dags/example_complex.py
[2024-09-12T00:26:09.765+0000] {processor.py:840} INFO - DAG(s) 'example_complex' retrieved from /home/airflow/.local/lib/python3.12/site-packages/airflow/example_dags/example_complex.py
[2024-09-12T00:26:09.796+0000] {logging_mixin.py:188} INFO - [2024-09-12T00:26:09.795+0000] {dag.py:3089} INFO - Sync 1 DAGs
[2024-09-12T00:26:09.809+0000] {logging_mixin.py:188} INFO - [2024-09-12T00:26:09.809+0000] {dag.py:3947} INFO - Setting next_dagrun for example_complex to None, run_after=None
[2024-09-12T00:26:09.827+0000] {processor.py:183} INFO - Processing /home/airflow/.local/lib/python3.12/site-packages/airflow/example_dags/example_complex.py took 0.081 seconds
[2024-09-12T00:26:40.281+0000] {processor.py:161} INFO - Started process (PID=819) to work on /home/airflow/.local/lib/python3.12/site-packages/airflow/example_dags/example_complex.py
[2024-09-12T00:26:40.282+0000] {processor.py:830} INFO - Processing file /home/airflow/.local/lib/python3.12/site-packages/airflow/example_dags/example_complex.py for tasks to queue
[2024-09-12T00:26:40.284+0000] {logging_mixin.py:188} INFO - [2024-09-12T00:26:40.284+0000] {dagbag.py:545} INFO - Filling up the DagBag from /home/airflow/.local/lib/python3.12/site-packages/airflow/example_dags/example_complex.py
[2024-09-12T00:26:40.297+0000] {processor.py:840} INFO - DAG(s) 'example_complex' retrieved from /home/airflow/.local/lib/python3.12/site-packages/airflow/example_dags/example_complex.py
[2024-09-12T00:26:40.342+0000] {logging_mixin.py:188} INFO - [2024-09-12T00:26:40.342+0000] {dag.py:3089} INFO - Sync 1 DAGs
[2024-09-12T00:26:40.357+0000] {logging_mixin.py:188} INFO - [2024-09-12T00:26:40.356+0000] {dag.py:3947} INFO - Setting next_dagrun for example_complex to None, run_after=None
[2024-09-12T00:26:40.377+0000] {processor.py:183} INFO - Processing /home/airflow/.local/lib/python3.12/site-packages/airflow/example_dags/example_complex.py took 0.102 seconds
[2024-09-12T00:27:10.802+0000] {processor.py:161} INFO - Started process (PID=879) to work on /home/airflow/.local/lib/python3.12/site-packages/airflow/example_dags/example_complex.py
[2024-09-12T00:27:10.803+0000] {processor.py:830} INFO - Processing file /home/airflow/.local/lib/python3.12/site-packages/airflow/example_dags/example_complex.py for tasks to queue
[2024-09-12T00:27:10.805+0000] {logging_mixin.py:188} INFO - [2024-09-12T00:27:10.805+0000] {dagbag.py:545} INFO - Filling up the DagBag from /home/airflow/.local/lib/python3.12/site-packages/airflow/example_dags/example_complex.py
[2024-09-12T00:27:10.816+0000] {processor.py:840} INFO - DAG(s) 'example_complex' retrieved from /home/airflow/.local/lib/python3.12/site-packages/airflow/example_dags/example_complex.py
[2024-09-12T00:27:10.849+0000] {logging_mixin.py:188} INFO - [2024-09-12T00:27:10.849+0000] {dag.py:3089} INFO - Sync 1 DAGs
[2024-09-12T00:27:10.862+0000] {logging_mixin.py:188} INFO - [2024-09-12T00:27:10.862+0000] {dag.py:3947} INFO - Setting next_dagrun for example_complex to None, run_after=None
[2024-09-12T00:27:10.886+0000] {processor.py:183} INFO - Processing /home/airflow/.local/lib/python3.12/site-packages/airflow/example_dags/example_complex.py took 0.091 seconds
[2024-09-12T00:27:40.992+0000] {processor.py:161} INFO - Started process (PID=939) to work on /home/airflow/.local/lib/python3.12/site-packages/airflow/example_dags/example_complex.py
[2024-09-12T00:27:40.993+0000] {processor.py:830} INFO - Processing file /home/airflow/.local/lib/python3.12/site-packages/airflow/example_dags/example_complex.py for tasks to queue
[2024-09-12T00:27:40.995+0000] {logging_mixin.py:188} INFO - [2024-09-12T00:27:40.995+0000] {dagbag.py:545} INFO - Filling up the DagBag from /home/airflow/.local/lib/python3.12/site-packages/airflow/example_dags/example_complex.py
[2024-09-12T00:27:41.006+0000] {processor.py:840} INFO - DAG(s) 'example_complex' retrieved from /home/airflow/.local/lib/python3.12/site-packages/airflow/example_dags/example_complex.py
[2024-09-12T00:27:41.039+0000] {logging_mixin.py:188} INFO - [2024-09-12T00:27:41.039+0000] {dag.py:3089} INFO - Sync 1 DAGs
[2024-09-12T00:27:41.052+0000] {logging_mixin.py:188} INFO - [2024-09-12T00:27:41.052+0000] {dag.py:3947} INFO - Setting next_dagrun for example_complex to None, run_after=None
[2024-09-12T00:27:41.074+0000] {processor.py:183} INFO - Processing /home/airflow/.local/lib/python3.12/site-packages/airflow/example_dags/example_complex.py took 0.087 seconds
[2024-09-12T00:28:11.635+0000] {processor.py:161} INFO - Started process (PID=999) to work on /home/airflow/.local/lib/python3.12/site-packages/airflow/example_dags/example_complex.py
[2024-09-12T00:28:11.636+0000] {processor.py:830} INFO - Processing file /home/airflow/.local/lib/python3.12/site-packages/airflow/example_dags/example_complex.py for tasks to queue
[2024-09-12T00:28:11.637+0000] {logging_mixin.py:188} INFO - [2024-09-12T00:28:11.637+0000] {dagbag.py:545} INFO - Filling up the DagBag from /home/airflow/.local/lib/python3.12/site-packages/airflow/example_dags/example_complex.py
[2024-09-12T00:28:11.648+0000] {processor.py:840} INFO - DAG(s) 'example_complex' retrieved from /home/airflow/.local/lib/python3.12/site-packages/airflow/example_dags/example_complex.py
[2024-09-12T00:28:11.681+0000] {logging_mixin.py:188} INFO - [2024-09-12T00:28:11.680+0000] {dag.py:3089} INFO - Sync 1 DAGs
[2024-09-12T00:28:11.695+0000] {logging_mixin.py:188} INFO - [2024-09-12T00:28:11.694+0000] {dag.py:3947} INFO - Setting next_dagrun for example_complex to None, run_after=None
[2024-09-12T00:28:11.714+0000] {processor.py:183} INFO - Processing /home/airflow/.local/lib/python3.12/site-packages/airflow/example_dags/example_complex.py took 0.086 seconds
[2024-09-12T00:28:41.762+0000] {processor.py:161} INFO - Started process (PID=1059) to work on /home/airflow/.local/lib/python3.12/site-packages/airflow/example_dags/example_complex.py
[2024-09-12T00:28:41.763+0000] {processor.py:830} INFO - Processing file /home/airflow/.local/lib/python3.12/site-packages/airflow/example_dags/example_complex.py for tasks to queue
[2024-09-12T00:28:41.765+0000] {logging_mixin.py:188} INFO - [2024-09-12T00:28:41.765+0000] {dagbag.py:545} INFO - Filling up the DagBag from /home/airflow/.local/lib/python3.12/site-packages/airflow/example_dags/example_complex.py
[2024-09-12T00:28:41.775+0000] {processor.py:840} INFO - DAG(s) 'example_complex' retrieved from /home/airflow/.local/lib/python3.12/site-packages/airflow/example_dags/example_complex.py
[2024-09-12T00:28:41.806+0000] {logging_mixin.py:188} INFO - [2024-09-12T00:28:41.806+0000] {dag.py:3089} INFO - Sync 1 DAGs
[2024-09-12T00:28:41.819+0000] {logging_mixin.py:188} INFO - [2024-09-12T00:28:41.819+0000] {dag.py:3947} INFO - Setting next_dagrun for example_complex to None, run_after=None
[2024-09-12T00:28:41.840+0000] {processor.py:183} INFO - Processing /home/airflow/.local/lib/python3.12/site-packages/airflow/example_dags/example_complex.py took 0.083 seconds
[2024-09-12T00:29:12.170+0000] {processor.py:161} INFO - Started process (PID=1119) to work on /home/airflow/.local/lib/python3.12/site-packages/airflow/example_dags/example_complex.py
[2024-09-12T00:29:12.171+0000] {processor.py:830} INFO - Processing file /home/airflow/.local/lib/python3.12/site-packages/airflow/example_dags/example_complex.py for tasks to queue
[2024-09-12T00:29:12.173+0000] {logging_mixin.py:188} INFO - [2024-09-12T00:29:12.173+0000] {dagbag.py:545} INFO - Filling up the DagBag from /home/airflow/.local/lib/python3.12/site-packages/airflow/example_dags/example_complex.py
[2024-09-12T00:29:12.183+0000] {processor.py:840} INFO - DAG(s) 'example_complex' retrieved from /home/airflow/.local/lib/python3.12/site-packages/airflow/example_dags/example_complex.py
[2024-09-12T00:29:12.217+0000] {logging_mixin.py:188} INFO - [2024-09-12T00:29:12.217+0000] {dag.py:3089} INFO - Sync 1 DAGs
[2024-09-12T00:29:12.230+0000] {logging_mixin.py:188} INFO - [2024-09-12T00:29:12.230+0000] {dag.py:3947} INFO - Setting next_dagrun for example_complex to None, run_after=None
[2024-09-12T00:29:12.250+0000] {processor.py:183} INFO - Processing /home/airflow/.local/lib/python3.12/site-packages/airflow/example_dags/example_complex.py took 0.086 seconds
[2024-09-12T00:29:42.598+0000] {processor.py:161} INFO - Started process (PID=1179) to work on /home/airflow/.local/lib/python3.12/site-packages/airflow/example_dags/example_complex.py
[2024-09-12T00:29:42.599+0000] {processor.py:830} INFO - Processing file /home/airflow/.local/lib/python3.12/site-packages/airflow/example_dags/example_complex.py for tasks to queue
[2024-09-12T00:29:42.601+0000] {logging_mixin.py:188} INFO - [2024-09-12T00:29:42.601+0000] {dagbag.py:545} INFO - Filling up the DagBag from /home/airflow/.local/lib/python3.12/site-packages/airflow/example_dags/example_complex.py
[2024-09-12T00:29:42.612+0000] {processor.py:840} INFO - DAG(s) 'example_complex' retrieved from /home/airflow/.local/lib/python3.12/site-packages/airflow/example_dags/example_complex.py
[2024-09-12T00:29:42.643+0000] {logging_mixin.py:188} INFO - [2024-09-12T00:29:42.643+0000] {dag.py:3089} INFO - Sync 1 DAGs
[2024-09-12T00:29:42.658+0000] {logging_mixin.py:188} INFO - [2024-09-12T00:29:42.658+0000] {dag.py:3947} INFO - Setting next_dagrun for example_complex to None, run_after=None
[2024-09-12T00:29:42.676+0000] {processor.py:183} INFO - Processing /home/airflow/.local/lib/python3.12/site-packages/airflow/example_dags/example_complex.py took 0.084 seconds
[2024-09-12T00:30:12.999+0000] {processor.py:161} INFO - Started process (PID=1239) to work on /home/airflow/.local/lib/python3.12/site-packages/airflow/example_dags/example_complex.py
[2024-09-12T00:30:13.000+0000] {processor.py:830} INFO - Processing file /home/airflow/.local/lib/python3.12/site-packages/airflow/example_dags/example_complex.py for tasks to queue
[2024-09-12T00:30:13.002+0000] {logging_mixin.py:188} INFO - [2024-09-12T00:30:13.001+0000] {dagbag.py:545} INFO - Filling up the DagBag from /home/airflow/.local/lib/python3.12/site-packages/airflow/example_dags/example_complex.py
[2024-09-12T00:30:13.012+0000] {processor.py:840} INFO - DAG(s) 'example_complex' retrieved from /home/airflow/.local/lib/python3.12/site-packages/airflow/example_dags/example_complex.py
[2024-09-12T00:30:13.043+0000] {logging_mixin.py:188} INFO - [2024-09-12T00:30:13.043+0000] {dag.py:3089} INFO - Sync 1 DAGs
[2024-09-12T00:30:13.056+0000] {logging_mixin.py:188} INFO - [2024-09-12T00:30:13.056+0000] {dag.py:3947} INFO - Setting next_dagrun for example_complex to None, run_after=None
[2024-09-12T00:30:13.075+0000] {processor.py:183} INFO - Processing /home/airflow/.local/lib/python3.12/site-packages/airflow/example_dags/example_complex.py took 0.082 seconds
[2024-09-12T00:30:43.576+0000] {processor.py:161} INFO - Started process (PID=1299) to work on /home/airflow/.local/lib/python3.12/site-packages/airflow/example_dags/example_complex.py
[2024-09-12T00:30:43.576+0000] {processor.py:830} INFO - Processing file /home/airflow/.local/lib/python3.12/site-packages/airflow/example_dags/example_complex.py for tasks to queue
[2024-09-12T00:30:43.578+0000] {logging_mixin.py:188} INFO - [2024-09-12T00:30:43.578+0000] {dagbag.py:545} INFO - Filling up the DagBag from /home/airflow/.local/lib/python3.12/site-packages/airflow/example_dags/example_complex.py
[2024-09-12T00:30:43.588+0000] {processor.py:840} INFO - DAG(s) 'example_complex' retrieved from /home/airflow/.local/lib/python3.12/site-packages/airflow/example_dags/example_complex.py
[2024-09-12T00:30:43.620+0000] {logging_mixin.py:188} INFO - [2024-09-12T00:30:43.620+0000] {dag.py:3089} INFO - Sync 1 DAGs
[2024-09-12T00:30:43.633+0000] {logging_mixin.py:188} INFO - [2024-09-12T00:30:43.633+0000] {dag.py:3947} INFO - Setting next_dagrun for example_complex to None, run_after=None
[2024-09-12T00:30:43.651+0000] {processor.py:183} INFO - Processing /home/airflow/.local/lib/python3.12/site-packages/airflow/example_dags/example_complex.py took 0.081 seconds
[2024-09-12T00:31:13.776+0000] {processor.py:161} INFO - Started process (PID=1359) to work on /home/airflow/.local/lib/python3.12/site-packages/airflow/example_dags/example_complex.py
[2024-09-12T00:31:13.777+0000] {processor.py:830} INFO - Processing file /home/airflow/.local/lib/python3.12/site-packages/airflow/example_dags/example_complex.py for tasks to queue
[2024-09-12T00:31:13.779+0000] {logging_mixin.py:188} INFO - [2024-09-12T00:31:13.778+0000] {dagbag.py:545} INFO - Filling up the DagBag from /home/airflow/.local/lib/python3.12/site-packages/airflow/example_dags/example_complex.py
[2024-09-12T00:31:13.790+0000] {processor.py:840} INFO - DAG(s) 'example_complex' retrieved from /home/airflow/.local/lib/python3.12/site-packages/airflow/example_dags/example_complex.py
[2024-09-12T00:31:13.823+0000] {logging_mixin.py:188} INFO - [2024-09-12T00:31:13.823+0000] {dag.py:3089} INFO - Sync 1 DAGs
[2024-09-12T00:31:13.837+0000] {logging_mixin.py:188} INFO - [2024-09-12T00:31:13.837+0000] {dag.py:3947} INFO - Setting next_dagrun for example_complex to None, run_after=None
[2024-09-12T00:31:13.856+0000] {processor.py:183} INFO - Processing /home/airflow/.local/lib/python3.12/site-packages/airflow/example_dags/example_complex.py took 0.087 seconds
[2024-09-12T00:31:44.761+0000] {processor.py:161} INFO - Started process (PID=1419) to work on /home/airflow/.local/lib/python3.12/site-packages/airflow/example_dags/example_complex.py
[2024-09-12T00:31:44.762+0000] {processor.py:830} INFO - Processing file /home/airflow/.local/lib/python3.12/site-packages/airflow/example_dags/example_complex.py for tasks to queue
[2024-09-12T00:31:44.765+0000] {logging_mixin.py:188} INFO - [2024-09-12T00:31:44.764+0000] {dagbag.py:545} INFO - Filling up the DagBag from /home/airflow/.local/lib/python3.12/site-packages/airflow/example_dags/example_complex.py
[2024-09-12T00:31:44.775+0000] {processor.py:840} INFO - DAG(s) 'example_complex' retrieved from /home/airflow/.local/lib/python3.12/site-packages/airflow/example_dags/example_complex.py
[2024-09-12T00:31:44.969+0000] {logging_mixin.py:188} INFO - [2024-09-12T00:31:44.968+0000] {dag.py:3089} INFO - Sync 1 DAGs
[2024-09-12T00:31:44.985+0000] {logging_mixin.py:188} INFO - [2024-09-12T00:31:44.985+0000] {dag.py:3947} INFO - Setting next_dagrun for example_complex to None, run_after=None
[2024-09-12T00:31:45.006+0000] {processor.py:183} INFO - Processing /home/airflow/.local/lib/python3.12/site-packages/airflow/example_dags/example_complex.py took 0.251 seconds
[2024-09-12T00:32:15.597+0000] {processor.py:161} INFO - Started process (PID=1479) to work on /home/airflow/.local/lib/python3.12/site-packages/airflow/example_dags/example_complex.py
[2024-09-12T00:32:15.598+0000] {processor.py:830} INFO - Processing file /home/airflow/.local/lib/python3.12/site-packages/airflow/example_dags/example_complex.py for tasks to queue
[2024-09-12T00:32:15.601+0000] {logging_mixin.py:188} INFO - [2024-09-12T00:32:15.600+0000] {dagbag.py:545} INFO - Filling up the DagBag from /home/airflow/.local/lib/python3.12/site-packages/airflow/example_dags/example_complex.py
[2024-09-12T00:32:15.613+0000] {processor.py:840} INFO - DAG(s) 'example_complex' retrieved from /home/airflow/.local/lib/python3.12/site-packages/airflow/example_dags/example_complex.py
[2024-09-12T00:32:15.784+0000] {logging_mixin.py:188} INFO - [2024-09-12T00:32:15.784+0000] {dag.py:3089} INFO - Sync 1 DAGs
[2024-09-12T00:32:15.798+0000] {logging_mixin.py:188} INFO - [2024-09-12T00:32:15.798+0000] {dag.py:3947} INFO - Setting next_dagrun for example_complex to None, run_after=None
[2024-09-12T00:32:15.818+0000] {processor.py:183} INFO - Processing /home/airflow/.local/lib/python3.12/site-packages/airflow/example_dags/example_complex.py took 0.227 seconds
[2024-09-12T00:32:46.315+0000] {processor.py:161} INFO - Started process (PID=1539) to work on /home/airflow/.local/lib/python3.12/site-packages/airflow/example_dags/example_complex.py
[2024-09-12T00:32:46.316+0000] {processor.py:830} INFO - Processing file /home/airflow/.local/lib/python3.12/site-packages/airflow/example_dags/example_complex.py for tasks to queue
[2024-09-12T00:32:46.318+0000] {logging_mixin.py:188} INFO - [2024-09-12T00:32:46.318+0000] {dagbag.py:545} INFO - Filling up the DagBag from /home/airflow/.local/lib/python3.12/site-packages/airflow/example_dags/example_complex.py
[2024-09-12T00:32:46.329+0000] {processor.py:840} INFO - DAG(s) 'example_complex' retrieved from /home/airflow/.local/lib/python3.12/site-packages/airflow/example_dags/example_complex.py
[2024-09-12T00:32:46.362+0000] {logging_mixin.py:188} INFO - [2024-09-12T00:32:46.362+0000] {dag.py:3089} INFO - Sync 1 DAGs
[2024-09-12T00:32:46.376+0000] {logging_mixin.py:188} INFO - [2024-09-12T00:32:46.376+0000] {dag.py:3947} INFO - Setting next_dagrun for example_complex to None, run_after=None
[2024-09-12T00:32:46.397+0000] {processor.py:183} INFO - Processing /home/airflow/.local/lib/python3.12/site-packages/airflow/example_dags/example_complex.py took 0.087 seconds
[2024-09-12T00:33:16.634+0000] {processor.py:161} INFO - Started process (PID=1599) to work on /home/airflow/.local/lib/python3.12/site-packages/airflow/example_dags/example_complex.py
[2024-09-12T00:33:16.635+0000] {processor.py:830} INFO - Processing file /home/airflow/.local/lib/python3.12/site-packages/airflow/example_dags/example_complex.py for tasks to queue
[2024-09-12T00:33:16.637+0000] {logging_mixin.py:188} INFO - [2024-09-12T00:33:16.636+0000] {dagbag.py:545} INFO - Filling up the DagBag from /home/airflow/.local/lib/python3.12/site-packages/airflow/example_dags/example_complex.py
[2024-09-12T00:33:16.647+0000] {processor.py:840} INFO - DAG(s) 'example_complex' retrieved from /home/airflow/.local/lib/python3.12/site-packages/airflow/example_dags/example_complex.py
[2024-09-12T00:33:16.683+0000] {logging_mixin.py:188} INFO - [2024-09-12T00:33:16.683+0000] {dag.py:3089} INFO - Sync 1 DAGs
[2024-09-12T00:33:16.696+0000] {logging_mixin.py:188} INFO - [2024-09-12T00:33:16.696+0000] {dag.py:3947} INFO - Setting next_dagrun for example_complex to None, run_after=None
[2024-09-12T00:33:16.718+0000] {processor.py:183} INFO - Processing /home/airflow/.local/lib/python3.12/site-packages/airflow/example_dags/example_complex.py took 0.090 seconds
[2024-09-12T00:33:47.320+0000] {processor.py:161} INFO - Started process (PID=1659) to work on /home/airflow/.local/lib/python3.12/site-packages/airflow/example_dags/example_complex.py
[2024-09-12T00:33:47.321+0000] {processor.py:830} INFO - Processing file /home/airflow/.local/lib/python3.12/site-packages/airflow/example_dags/example_complex.py for tasks to queue
[2024-09-12T00:33:47.323+0000] {logging_mixin.py:188} INFO - [2024-09-12T00:33:47.323+0000] {dagbag.py:545} INFO - Filling up the DagBag from /home/airflow/.local/lib/python3.12/site-packages/airflow/example_dags/example_complex.py
[2024-09-12T00:33:47.334+0000] {processor.py:840} INFO - DAG(s) 'example_complex' retrieved from /home/airflow/.local/lib/python3.12/site-packages/airflow/example_dags/example_complex.py
[2024-09-12T00:33:47.367+0000] {logging_mixin.py:188} INFO - [2024-09-12T00:33:47.367+0000] {dag.py:3089} INFO - Sync 1 DAGs
[2024-09-12T00:33:47.381+0000] {logging_mixin.py:188} INFO - [2024-09-12T00:33:47.380+0000] {dag.py:3947} INFO - Setting next_dagrun for example_complex to None, run_after=None
[2024-09-12T00:33:47.399+0000] {processor.py:183} INFO - Processing /home/airflow/.local/lib/python3.12/site-packages/airflow/example_dags/example_complex.py took 0.085 seconds
[2024-09-12T00:34:17.471+0000] {processor.py:161} INFO - Started process (PID=1719) to work on /home/airflow/.local/lib/python3.12/site-packages/airflow/example_dags/example_complex.py
[2024-09-12T00:34:17.472+0000] {processor.py:830} INFO - Processing file /home/airflow/.local/lib/python3.12/site-packages/airflow/example_dags/example_complex.py for tasks to queue
[2024-09-12T00:34:17.474+0000] {logging_mixin.py:188} INFO - [2024-09-12T00:34:17.473+0000] {dagbag.py:545} INFO - Filling up the DagBag from /home/airflow/.local/lib/python3.12/site-packages/airflow/example_dags/example_complex.py
[2024-09-12T00:34:17.486+0000] {processor.py:840} INFO - DAG(s) 'example_complex' retrieved from /home/airflow/.local/lib/python3.12/site-packages/airflow/example_dags/example_complex.py
[2024-09-12T00:34:17.523+0000] {logging_mixin.py:188} INFO - [2024-09-12T00:34:17.523+0000] {dag.py:3089} INFO - Sync 1 DAGs
[2024-09-12T00:34:17.539+0000] {logging_mixin.py:188} INFO - [2024-09-12T00:34:17.538+0000] {dag.py:3947} INFO - Setting next_dagrun for example_complex to None, run_after=None
[2024-09-12T00:34:17.565+0000] {processor.py:183} INFO - Processing /home/airflow/.local/lib/python3.12/site-packages/airflow/example_dags/example_complex.py took 0.099 seconds
[2024-09-12T00:34:47.760+0000] {processor.py:161} INFO - Started process (PID=1779) to work on /home/airflow/.local/lib/python3.12/site-packages/airflow/example_dags/example_complex.py
[2024-09-12T00:34:47.761+0000] {processor.py:830} INFO - Processing file /home/airflow/.local/lib/python3.12/site-packages/airflow/example_dags/example_complex.py for tasks to queue
[2024-09-12T00:34:47.763+0000] {logging_mixin.py:188} INFO - [2024-09-12T00:34:47.763+0000] {dagbag.py:545} INFO - Filling up the DagBag from /home/airflow/.local/lib/python3.12/site-packages/airflow/example_dags/example_complex.py
[2024-09-12T00:34:47.774+0000] {processor.py:840} INFO - DAG(s) 'example_complex' retrieved from /home/airflow/.local/lib/python3.12/site-packages/airflow/example_dags/example_complex.py
[2024-09-12T00:34:47.807+0000] {logging_mixin.py:188} INFO - [2024-09-12T00:34:47.807+0000] {dag.py:3089} INFO - Sync 1 DAGs
[2024-09-12T00:34:47.821+0000] {logging_mixin.py:188} INFO - [2024-09-12T00:34:47.821+0000] {dag.py:3947} INFO - Setting next_dagrun for example_complex to None, run_after=None
[2024-09-12T00:34:47.845+0000] {processor.py:183} INFO - Processing /home/airflow/.local/lib/python3.12/site-packages/airflow/example_dags/example_complex.py took 0.091 seconds
[2024-09-12T00:35:17.961+0000] {processor.py:161} INFO - Started process (PID=1839) to work on /home/airflow/.local/lib/python3.12/site-packages/airflow/example_dags/example_complex.py
[2024-09-12T00:35:17.962+0000] {processor.py:830} INFO - Processing file /home/airflow/.local/lib/python3.12/site-packages/airflow/example_dags/example_complex.py for tasks to queue
[2024-09-12T00:35:17.964+0000] {logging_mixin.py:188} INFO - [2024-09-12T00:35:17.963+0000] {dagbag.py:545} INFO - Filling up the DagBag from /home/airflow/.local/lib/python3.12/site-packages/airflow/example_dags/example_complex.py
[2024-09-12T00:35:17.974+0000] {processor.py:840} INFO - DAG(s) 'example_complex' retrieved from /home/airflow/.local/lib/python3.12/site-packages/airflow/example_dags/example_complex.py
[2024-09-12T00:35:18.007+0000] {logging_mixin.py:188} INFO - [2024-09-12T00:35:18.007+0000] {dag.py:3089} INFO - Sync 1 DAGs
[2024-09-12T00:35:18.021+0000] {logging_mixin.py:188} INFO - [2024-09-12T00:35:18.021+0000] {dag.py:3947} INFO - Setting next_dagrun for example_complex to None, run_after=None
[2024-09-12T00:35:18.041+0000] {processor.py:183} INFO - Processing /home/airflow/.local/lib/python3.12/site-packages/airflow/example_dags/example_complex.py took 0.086 seconds
[2024-09-12T00:35:48.446+0000] {processor.py:161} INFO - Started process (PID=1899) to work on /home/airflow/.local/lib/python3.12/site-packages/airflow/example_dags/example_complex.py
[2024-09-12T00:35:48.447+0000] {processor.py:830} INFO - Processing file /home/airflow/.local/lib/python3.12/site-packages/airflow/example_dags/example_complex.py for tasks to queue
[2024-09-12T00:35:48.449+0000] {logging_mixin.py:188} INFO - [2024-09-12T00:35:48.448+0000] {dagbag.py:545} INFO - Filling up the DagBag from /home/airflow/.local/lib/python3.12/site-packages/airflow/example_dags/example_complex.py
[2024-09-12T00:35:48.463+0000] {processor.py:840} INFO - DAG(s) 'example_complex' retrieved from /home/airflow/.local/lib/python3.12/site-packages/airflow/example_dags/example_complex.py
[2024-09-12T00:35:48.499+0000] {logging_mixin.py:188} INFO - [2024-09-12T00:35:48.498+0000] {dag.py:3089} INFO - Sync 1 DAGs
[2024-09-12T00:35:48.514+0000] {logging_mixin.py:188} INFO - [2024-09-12T00:35:48.514+0000] {dag.py:3947} INFO - Setting next_dagrun for example_complex to None, run_after=None
[2024-09-12T00:35:48.550+0000] {processor.py:183} INFO - Processing /home/airflow/.local/lib/python3.12/site-packages/airflow/example_dags/example_complex.py took 0.111 seconds
[2024-09-12T00:36:18.844+0000] {processor.py:161} INFO - Started process (PID=1959) to work on /home/airflow/.local/lib/python3.12/site-packages/airflow/example_dags/example_complex.py
[2024-09-12T00:36:18.845+0000] {processor.py:830} INFO - Processing file /home/airflow/.local/lib/python3.12/site-packages/airflow/example_dags/example_complex.py for tasks to queue
[2024-09-12T00:36:18.847+0000] {logging_mixin.py:188} INFO - [2024-09-12T00:36:18.847+0000] {dagbag.py:545} INFO - Filling up the DagBag from /home/airflow/.local/lib/python3.12/site-packages/airflow/example_dags/example_complex.py
[2024-09-12T00:36:18.858+0000] {processor.py:840} INFO - DAG(s) 'example_complex' retrieved from /home/airflow/.local/lib/python3.12/site-packages/airflow/example_dags/example_complex.py
[2024-09-12T00:36:18.889+0000] {logging_mixin.py:188} INFO - [2024-09-12T00:36:18.889+0000] {dag.py:3089} INFO - Sync 1 DAGs
[2024-09-12T00:36:18.902+0000] {logging_mixin.py:188} INFO - [2024-09-12T00:36:18.902+0000] {dag.py:3947} INFO - Setting next_dagrun for example_complex to None, run_after=None
[2024-09-12T00:36:18.923+0000] {processor.py:183} INFO - Processing /home/airflow/.local/lib/python3.12/site-packages/airflow/example_dags/example_complex.py took 0.084 seconds
[2024-09-12T00:36:49.116+0000] {processor.py:161} INFO - Started process (PID=2019) to work on /home/airflow/.local/lib/python3.12/site-packages/airflow/example_dags/example_complex.py
[2024-09-12T00:36:49.117+0000] {processor.py:830} INFO - Processing file /home/airflow/.local/lib/python3.12/site-packages/airflow/example_dags/example_complex.py for tasks to queue
[2024-09-12T00:36:49.119+0000] {logging_mixin.py:188} INFO - [2024-09-12T00:36:49.119+0000] {dagbag.py:545} INFO - Filling up the DagBag from /home/airflow/.local/lib/python3.12/site-packages/airflow/example_dags/example_complex.py
[2024-09-12T00:36:49.130+0000] {processor.py:840} INFO - DAG(s) 'example_complex' retrieved from /home/airflow/.local/lib/python3.12/site-packages/airflow/example_dags/example_complex.py
[2024-09-12T00:36:49.163+0000] {logging_mixin.py:188} INFO - [2024-09-12T00:36:49.163+0000] {dag.py:3089} INFO - Sync 1 DAGs
[2024-09-12T00:36:49.177+0000] {logging_mixin.py:188} INFO - [2024-09-12T00:36:49.176+0000] {dag.py:3947} INFO - Setting next_dagrun for example_complex to None, run_after=None
[2024-09-12T00:36:49.198+0000] {processor.py:183} INFO - Processing /home/airflow/.local/lib/python3.12/site-packages/airflow/example_dags/example_complex.py took 0.088 seconds
[2024-09-12T00:37:20.101+0000] {processor.py:161} INFO - Started process (PID=2079) to work on /home/airflow/.local/lib/python3.12/site-packages/airflow/example_dags/example_complex.py
[2024-09-12T00:37:20.102+0000] {processor.py:830} INFO - Processing file /home/airflow/.local/lib/python3.12/site-packages/airflow/example_dags/example_complex.py for tasks to queue
[2024-09-12T00:37:20.104+0000] {logging_mixin.py:188} INFO - [2024-09-12T00:37:20.104+0000] {dagbag.py:545} INFO - Filling up the DagBag from /home/airflow/.local/lib/python3.12/site-packages/airflow/example_dags/example_complex.py
[2024-09-12T00:37:20.115+0000] {processor.py:840} INFO - DAG(s) 'example_complex' retrieved from /home/airflow/.local/lib/python3.12/site-packages/airflow/example_dags/example_complex.py
[2024-09-12T00:37:20.147+0000] {logging_mixin.py:188} INFO - [2024-09-12T00:37:20.146+0000] {dag.py:3089} INFO - Sync 1 DAGs
[2024-09-12T00:37:20.159+0000] {logging_mixin.py:188} INFO - [2024-09-12T00:37:20.159+0000] {dag.py:3947} INFO - Setting next_dagrun for example_complex to None, run_after=None
[2024-09-12T00:37:20.178+0000] {processor.py:183} INFO - Processing /home/airflow/.local/lib/python3.12/site-packages/airflow/example_dags/example_complex.py took 0.083 seconds
[2024-09-12T00:37:50.311+0000] {processor.py:161} INFO - Started process (PID=2139) to work on /home/airflow/.local/lib/python3.12/site-packages/airflow/example_dags/example_complex.py
[2024-09-12T00:37:50.312+0000] {processor.py:830} INFO - Processing file /home/airflow/.local/lib/python3.12/site-packages/airflow/example_dags/example_complex.py for tasks to queue
[2024-09-12T00:37:50.314+0000] {logging_mixin.py:188} INFO - [2024-09-12T00:37:50.314+0000] {dagbag.py:545} INFO - Filling up the DagBag from /home/airflow/.local/lib/python3.12/site-packages/airflow/example_dags/example_complex.py
[2024-09-12T00:37:50.325+0000] {processor.py:840} INFO - DAG(s) 'example_complex' retrieved from /home/airflow/.local/lib/python3.12/site-packages/airflow/example_dags/example_complex.py
[2024-09-12T00:37:50.359+0000] {logging_mixin.py:188} INFO - [2024-09-12T00:37:50.358+0000] {dag.py:3089} INFO - Sync 1 DAGs
[2024-09-12T00:37:50.373+0000] {logging_mixin.py:188} INFO - [2024-09-12T00:37:50.372+0000] {dag.py:3947} INFO - Setting next_dagrun for example_complex to None, run_after=None
[2024-09-12T00:37:50.393+0000] {processor.py:183} INFO - Processing /home/airflow/.local/lib/python3.12/site-packages/airflow/example_dags/example_complex.py took 0.088 seconds
