[2024-09-12T00:20:26.148+0000] {processor.py:161} INFO - Started process (PID=77) to work on /home/airflow/.local/lib/python3.12/site-packages/airflow/example_dags/example_short_circuit_operator.py
[2024-09-12T00:20:26.149+0000] {processor.py:830} INFO - Processing file /home/airflow/.local/lib/python3.12/site-packages/airflow/example_dags/example_short_circuit_operator.py for tasks to queue
[2024-09-12T00:20:26.151+0000] {logging_mixin.py:188} INFO - [2024-09-12T00:20:26.150+0000] {dagbag.py:545} INFO - Filling up the DagBag from /home/airflow/.local/lib/python3.12/site-packages/airflow/example_dags/example_short_circuit_operator.py
[2024-09-12T00:20:26.163+0000] {processor.py:840} INFO - DAG(s) 'example_short_circuit_operator' retrieved from /home/airflow/.local/lib/python3.12/site-packages/airflow/example_dags/example_short_circuit_operator.py
[2024-09-12T00:20:26.204+0000] {logging_mixin.py:188} INFO - [2024-09-12T00:20:26.203+0000] {dag.py:3089} INFO - Sync 1 DAGs
[2024-09-12T00:20:26.230+0000] {logging_mixin.py:188} INFO - [2024-09-12T00:20:26.229+0000] {dag.py:3947} INFO - Setting next_dagrun for example_short_circuit_operator to 2024-09-11 00:00:00+00:00, run_after=2024-09-12 00:00:00+00:00
[2024-09-12T00:20:26.633+0000] {processor.py:183} INFO - Processing /home/airflow/.local/lib/python3.12/site-packages/airflow/example_dags/example_short_circuit_operator.py took 0.491 seconds
[2024-09-12T00:20:57.041+0000] {processor.py:161} INFO - Started process (PID=137) to work on /home/airflow/.local/lib/python3.12/site-packages/airflow/example_dags/example_short_circuit_operator.py
[2024-09-12T00:20:57.042+0000] {processor.py:830} INFO - Processing file /home/airflow/.local/lib/python3.12/site-packages/airflow/example_dags/example_short_circuit_operator.py for tasks to queue
[2024-09-12T00:20:57.044+0000] {logging_mixin.py:188} INFO - [2024-09-12T00:20:57.043+0000] {dagbag.py:545} INFO - Filling up the DagBag from /home/airflow/.local/lib/python3.12/site-packages/airflow/example_dags/example_short_circuit_operator.py
[2024-09-12T00:20:57.051+0000] {processor.py:840} INFO - DAG(s) 'example_short_circuit_operator' retrieved from /home/airflow/.local/lib/python3.12/site-packages/airflow/example_dags/example_short_circuit_operator.py
[2024-09-12T00:20:57.073+0000] {logging_mixin.py:188} INFO - [2024-09-12T00:20:57.073+0000] {dag.py:3089} INFO - Sync 1 DAGs
[2024-09-12T00:20:57.095+0000] {logging_mixin.py:188} INFO - [2024-09-12T00:20:57.095+0000] {dag.py:3947} INFO - Setting next_dagrun for example_short_circuit_operator to 2024-09-11 00:00:00+00:00, run_after=2024-09-12 00:00:00+00:00
[2024-09-12T00:20:57.114+0000] {processor.py:183} INFO - Processing /home/airflow/.local/lib/python3.12/site-packages/airflow/example_dags/example_short_circuit_operator.py took 0.078 seconds
[2024-09-12T00:21:27.535+0000] {processor.py:161} INFO - Started process (PID=197) to work on /home/airflow/.local/lib/python3.12/site-packages/airflow/example_dags/example_short_circuit_operator.py
[2024-09-12T00:21:27.536+0000] {processor.py:830} INFO - Processing file /home/airflow/.local/lib/python3.12/site-packages/airflow/example_dags/example_short_circuit_operator.py for tasks to queue
[2024-09-12T00:21:27.538+0000] {logging_mixin.py:188} INFO - [2024-09-12T00:21:27.538+0000] {dagbag.py:545} INFO - Filling up the DagBag from /home/airflow/.local/lib/python3.12/site-packages/airflow/example_dags/example_short_circuit_operator.py
[2024-09-12T00:21:27.546+0000] {processor.py:840} INFO - DAG(s) 'example_short_circuit_operator' retrieved from /home/airflow/.local/lib/python3.12/site-packages/airflow/example_dags/example_short_circuit_operator.py
[2024-09-12T00:21:27.568+0000] {logging_mixin.py:188} INFO - [2024-09-12T00:21:27.568+0000] {dag.py:3089} INFO - Sync 1 DAGs
[2024-09-12T00:21:27.591+0000] {logging_mixin.py:188} INFO - [2024-09-12T00:21:27.590+0000] {dag.py:3947} INFO - Setting next_dagrun for example_short_circuit_operator to 2024-09-11 00:00:00+00:00, run_after=2024-09-12 00:00:00+00:00
[2024-09-12T00:21:27.612+0000] {processor.py:183} INFO - Processing /home/airflow/.local/lib/python3.12/site-packages/airflow/example_dags/example_short_circuit_operator.py took 0.083 seconds
[2024-09-12T00:21:58.563+0000] {processor.py:161} INFO - Started process (PID=257) to work on /home/airflow/.local/lib/python3.12/site-packages/airflow/example_dags/example_short_circuit_operator.py
[2024-09-12T00:21:58.564+0000] {processor.py:830} INFO - Processing file /home/airflow/.local/lib/python3.12/site-packages/airflow/example_dags/example_short_circuit_operator.py for tasks to queue
[2024-09-12T00:21:58.566+0000] {logging_mixin.py:188} INFO - [2024-09-12T00:21:58.566+0000] {dagbag.py:545} INFO - Filling up the DagBag from /home/airflow/.local/lib/python3.12/site-packages/airflow/example_dags/example_short_circuit_operator.py
[2024-09-12T00:21:58.575+0000] {processor.py:840} INFO - DAG(s) 'example_short_circuit_operator' retrieved from /home/airflow/.local/lib/python3.12/site-packages/airflow/example_dags/example_short_circuit_operator.py
[2024-09-12T00:21:58.597+0000] {logging_mixin.py:188} INFO - [2024-09-12T00:21:58.596+0000] {dag.py:3089} INFO - Sync 1 DAGs
[2024-09-12T00:21:58.619+0000] {logging_mixin.py:188} INFO - [2024-09-12T00:21:58.619+0000] {dag.py:3947} INFO - Setting next_dagrun for example_short_circuit_operator to 2024-09-11 00:00:00+00:00, run_after=2024-09-12 00:00:00+00:00
[2024-09-12T00:21:58.638+0000] {processor.py:183} INFO - Processing /home/airflow/.local/lib/python3.12/site-packages/airflow/example_dags/example_short_circuit_operator.py took 0.080 seconds
[2024-09-12T00:22:29.478+0000] {processor.py:161} INFO - Started process (PID=317) to work on /home/airflow/.local/lib/python3.12/site-packages/airflow/example_dags/example_short_circuit_operator.py
[2024-09-12T00:22:29.479+0000] {processor.py:830} INFO - Processing file /home/airflow/.local/lib/python3.12/site-packages/airflow/example_dags/example_short_circuit_operator.py for tasks to queue
[2024-09-12T00:22:29.481+0000] {logging_mixin.py:188} INFO - [2024-09-12T00:22:29.480+0000] {dagbag.py:545} INFO - Filling up the DagBag from /home/airflow/.local/lib/python3.12/site-packages/airflow/example_dags/example_short_circuit_operator.py
[2024-09-12T00:22:29.488+0000] {processor.py:840} INFO - DAG(s) 'example_short_circuit_operator' retrieved from /home/airflow/.local/lib/python3.12/site-packages/airflow/example_dags/example_short_circuit_operator.py
[2024-09-12T00:22:29.512+0000] {logging_mixin.py:188} INFO - [2024-09-12T00:22:29.512+0000] {dag.py:3089} INFO - Sync 1 DAGs
[2024-09-12T00:22:29.536+0000] {logging_mixin.py:188} INFO - [2024-09-12T00:22:29.535+0000] {dag.py:3947} INFO - Setting next_dagrun for example_short_circuit_operator to 2024-09-11 00:00:00+00:00, run_after=2024-09-12 00:00:00+00:00
[2024-09-12T00:22:29.558+0000] {processor.py:183} INFO - Processing /home/airflow/.local/lib/python3.12/site-packages/airflow/example_dags/example_short_circuit_operator.py took 0.088 seconds
[2024-09-12T00:23:00.058+0000] {processor.py:161} INFO - Started process (PID=377) to work on /home/airflow/.local/lib/python3.12/site-packages/airflow/example_dags/example_short_circuit_operator.py
[2024-09-12T00:23:00.058+0000] {processor.py:830} INFO - Processing file /home/airflow/.local/lib/python3.12/site-packages/airflow/example_dags/example_short_circuit_operator.py for tasks to queue
[2024-09-12T00:23:00.061+0000] {logging_mixin.py:188} INFO - [2024-09-12T00:23:00.060+0000] {dagbag.py:545} INFO - Filling up the DagBag from /home/airflow/.local/lib/python3.12/site-packages/airflow/example_dags/example_short_circuit_operator.py
[2024-09-12T00:23:00.071+0000] {processor.py:840} INFO - DAG(s) 'example_short_circuit_operator' retrieved from /home/airflow/.local/lib/python3.12/site-packages/airflow/example_dags/example_short_circuit_operator.py
[2024-09-12T00:23:00.097+0000] {logging_mixin.py:188} INFO - [2024-09-12T00:23:00.097+0000] {dag.py:3089} INFO - Sync 1 DAGs
[2024-09-12T00:23:00.120+0000] {logging_mixin.py:188} INFO - [2024-09-12T00:23:00.120+0000] {dag.py:3947} INFO - Setting next_dagrun for example_short_circuit_operator to 2024-09-11 00:00:00+00:00, run_after=2024-09-12 00:00:00+00:00
[2024-09-12T00:23:00.141+0000] {processor.py:183} INFO - Processing /home/airflow/.local/lib/python3.12/site-packages/airflow/example_dags/example_short_circuit_operator.py took 0.091 seconds
[2024-09-12T00:23:30.767+0000] {processor.py:161} INFO - Started process (PID=437) to work on /home/airflow/.local/lib/python3.12/site-packages/airflow/example_dags/example_short_circuit_operator.py
[2024-09-12T00:23:30.768+0000] {processor.py:830} INFO - Processing file /home/airflow/.local/lib/python3.12/site-packages/airflow/example_dags/example_short_circuit_operator.py for tasks to queue
[2024-09-12T00:23:30.769+0000] {logging_mixin.py:188} INFO - [2024-09-12T00:23:30.769+0000] {dagbag.py:545} INFO - Filling up the DagBag from /home/airflow/.local/lib/python3.12/site-packages/airflow/example_dags/example_short_circuit_operator.py
[2024-09-12T00:23:30.777+0000] {processor.py:840} INFO - DAG(s) 'example_short_circuit_operator' retrieved from /home/airflow/.local/lib/python3.12/site-packages/airflow/example_dags/example_short_circuit_operator.py
[2024-09-12T00:23:30.799+0000] {logging_mixin.py:188} INFO - [2024-09-12T00:23:30.799+0000] {dag.py:3089} INFO - Sync 1 DAGs
[2024-09-12T00:23:30.821+0000] {logging_mixin.py:188} INFO - [2024-09-12T00:23:30.820+0000] {dag.py:3947} INFO - Setting next_dagrun for example_short_circuit_operator to 2024-09-11 00:00:00+00:00, run_after=2024-09-12 00:00:00+00:00
[2024-09-12T00:23:30.839+0000] {processor.py:183} INFO - Processing /home/airflow/.local/lib/python3.12/site-packages/airflow/example_dags/example_short_circuit_operator.py took 0.078 seconds
[2024-09-12T00:24:01.384+0000] {processor.py:161} INFO - Started process (PID=497) to work on /home/airflow/.local/lib/python3.12/site-packages/airflow/example_dags/example_short_circuit_operator.py
[2024-09-12T00:24:01.384+0000] {processor.py:830} INFO - Processing file /home/airflow/.local/lib/python3.12/site-packages/airflow/example_dags/example_short_circuit_operator.py for tasks to queue
[2024-09-12T00:24:01.386+0000] {logging_mixin.py:188} INFO - [2024-09-12T00:24:01.386+0000] {dagbag.py:545} INFO - Filling up the DagBag from /home/airflow/.local/lib/python3.12/site-packages/airflow/example_dags/example_short_circuit_operator.py
[2024-09-12T00:24:01.394+0000] {processor.py:840} INFO - DAG(s) 'example_short_circuit_operator' retrieved from /home/airflow/.local/lib/python3.12/site-packages/airflow/example_dags/example_short_circuit_operator.py
[2024-09-12T00:24:01.418+0000] {logging_mixin.py:188} INFO - [2024-09-12T00:24:01.418+0000] {dag.py:3089} INFO - Sync 1 DAGs
[2024-09-12T00:24:01.443+0000] {logging_mixin.py:188} INFO - [2024-09-12T00:24:01.443+0000] {dag.py:3947} INFO - Setting next_dagrun for example_short_circuit_operator to 2024-09-11 00:00:00+00:00, run_after=2024-09-12 00:00:00+00:00
[2024-09-12T00:24:01.465+0000] {processor.py:183} INFO - Processing /home/airflow/.local/lib/python3.12/site-packages/airflow/example_dags/example_short_circuit_operator.py took 0.087 seconds
[2024-09-12T00:24:31.596+0000] {processor.py:161} INFO - Started process (PID=557) to work on /home/airflow/.local/lib/python3.12/site-packages/airflow/example_dags/example_short_circuit_operator.py
[2024-09-12T00:24:31.596+0000] {processor.py:830} INFO - Processing file /home/airflow/.local/lib/python3.12/site-packages/airflow/example_dags/example_short_circuit_operator.py for tasks to queue
[2024-09-12T00:24:31.598+0000] {logging_mixin.py:188} INFO - [2024-09-12T00:24:31.598+0000] {dagbag.py:545} INFO - Filling up the DagBag from /home/airflow/.local/lib/python3.12/site-packages/airflow/example_dags/example_short_circuit_operator.py
[2024-09-12T00:24:31.606+0000] {processor.py:840} INFO - DAG(s) 'example_short_circuit_operator' retrieved from /home/airflow/.local/lib/python3.12/site-packages/airflow/example_dags/example_short_circuit_operator.py
[2024-09-12T00:24:31.628+0000] {logging_mixin.py:188} INFO - [2024-09-12T00:24:31.628+0000] {dag.py:3089} INFO - Sync 1 DAGs
[2024-09-12T00:24:31.650+0000] {logging_mixin.py:188} INFO - [2024-09-12T00:24:31.650+0000] {dag.py:3947} INFO - Setting next_dagrun for example_short_circuit_operator to 2024-09-11 00:00:00+00:00, run_after=2024-09-12 00:00:00+00:00
[2024-09-12T00:24:31.668+0000] {processor.py:183} INFO - Processing /home/airflow/.local/lib/python3.12/site-packages/airflow/example_dags/example_short_circuit_operator.py took 0.078 seconds
[2024-09-12T00:25:02.090+0000] {processor.py:161} INFO - Started process (PID=617) to work on /home/airflow/.local/lib/python3.12/site-packages/airflow/example_dags/example_short_circuit_operator.py
[2024-09-12T00:25:02.091+0000] {processor.py:830} INFO - Processing file /home/airflow/.local/lib/python3.12/site-packages/airflow/example_dags/example_short_circuit_operator.py for tasks to queue
[2024-09-12T00:25:02.094+0000] {logging_mixin.py:188} INFO - [2024-09-12T00:25:02.093+0000] {dagbag.py:545} INFO - Filling up the DagBag from /home/airflow/.local/lib/python3.12/site-packages/airflow/example_dags/example_short_circuit_operator.py
[2024-09-12T00:25:02.102+0000] {processor.py:840} INFO - DAG(s) 'example_short_circuit_operator' retrieved from /home/airflow/.local/lib/python3.12/site-packages/airflow/example_dags/example_short_circuit_operator.py
[2024-09-12T00:25:02.128+0000] {logging_mixin.py:188} INFO - [2024-09-12T00:25:02.127+0000] {dag.py:3089} INFO - Sync 1 DAGs
[2024-09-12T00:25:02.151+0000] {logging_mixin.py:188} INFO - [2024-09-12T00:25:02.150+0000] {dag.py:3947} INFO - Setting next_dagrun for example_short_circuit_operator to 2024-09-11 00:00:00+00:00, run_after=2024-09-12 00:00:00+00:00
[2024-09-12T00:25:02.173+0000] {processor.py:183} INFO - Processing /home/airflow/.local/lib/python3.12/site-packages/airflow/example_dags/example_short_circuit_operator.py took 0.089 seconds
[2024-09-12T00:25:32.405+0000] {processor.py:161} INFO - Started process (PID=677) to work on /home/airflow/.local/lib/python3.12/site-packages/airflow/example_dags/example_short_circuit_operator.py
[2024-09-12T00:25:32.405+0000] {processor.py:830} INFO - Processing file /home/airflow/.local/lib/python3.12/site-packages/airflow/example_dags/example_short_circuit_operator.py for tasks to queue
[2024-09-12T00:25:32.407+0000] {logging_mixin.py:188} INFO - [2024-09-12T00:25:32.407+0000] {dagbag.py:545} INFO - Filling up the DagBag from /home/airflow/.local/lib/python3.12/site-packages/airflow/example_dags/example_short_circuit_operator.py
[2024-09-12T00:25:32.414+0000] {processor.py:840} INFO - DAG(s) 'example_short_circuit_operator' retrieved from /home/airflow/.local/lib/python3.12/site-packages/airflow/example_dags/example_short_circuit_operator.py
[2024-09-12T00:25:32.435+0000] {logging_mixin.py:188} INFO - [2024-09-12T00:25:32.435+0000] {dag.py:3089} INFO - Sync 1 DAGs
[2024-09-12T00:25:32.457+0000] {logging_mixin.py:188} INFO - [2024-09-12T00:25:32.456+0000] {dag.py:3947} INFO - Setting next_dagrun for example_short_circuit_operator to 2024-09-11 00:00:00+00:00, run_after=2024-09-12 00:00:00+00:00
[2024-09-12T00:25:32.475+0000] {processor.py:183} INFO - Processing /home/airflow/.local/lib/python3.12/site-packages/airflow/example_dags/example_short_circuit_operator.py took 0.076 seconds
[2024-09-12T00:26:03.474+0000] {processor.py:161} INFO - Started process (PID=737) to work on /home/airflow/.local/lib/python3.12/site-packages/airflow/example_dags/example_short_circuit_operator.py
[2024-09-12T00:26:03.475+0000] {processor.py:830} INFO - Processing file /home/airflow/.local/lib/python3.12/site-packages/airflow/example_dags/example_short_circuit_operator.py for tasks to queue
[2024-09-12T00:26:03.477+0000] {logging_mixin.py:188} INFO - [2024-09-12T00:26:03.477+0000] {dagbag.py:545} INFO - Filling up the DagBag from /home/airflow/.local/lib/python3.12/site-packages/airflow/example_dags/example_short_circuit_operator.py
[2024-09-12T00:26:03.488+0000] {processor.py:840} INFO - DAG(s) 'example_short_circuit_operator' retrieved from /home/airflow/.local/lib/python3.12/site-packages/airflow/example_dags/example_short_circuit_operator.py
[2024-09-12T00:26:03.511+0000] {logging_mixin.py:188} INFO - [2024-09-12T00:26:03.510+0000] {dag.py:3089} INFO - Sync 1 DAGs
[2024-09-12T00:26:03.533+0000] {logging_mixin.py:188} INFO - [2024-09-12T00:26:03.532+0000] {dag.py:3947} INFO - Setting next_dagrun for example_short_circuit_operator to 2024-09-11 00:00:00+00:00, run_after=2024-09-12 00:00:00+00:00
[2024-09-12T00:26:03.553+0000] {processor.py:183} INFO - Processing /home/airflow/.local/lib/python3.12/site-packages/airflow/example_dags/example_short_circuit_operator.py took 0.085 seconds
[2024-09-12T00:26:33.589+0000] {processor.py:161} INFO - Started process (PID=795) to work on /home/airflow/.local/lib/python3.12/site-packages/airflow/example_dags/example_short_circuit_operator.py
[2024-09-12T00:26:33.590+0000] {processor.py:830} INFO - Processing file /home/airflow/.local/lib/python3.12/site-packages/airflow/example_dags/example_short_circuit_operator.py for tasks to queue
[2024-09-12T00:26:33.592+0000] {logging_mixin.py:188} INFO - [2024-09-12T00:26:33.592+0000] {dagbag.py:545} INFO - Filling up the DagBag from /home/airflow/.local/lib/python3.12/site-packages/airflow/example_dags/example_short_circuit_operator.py
[2024-09-12T00:26:33.599+0000] {processor.py:840} INFO - DAG(s) 'example_short_circuit_operator' retrieved from /home/airflow/.local/lib/python3.12/site-packages/airflow/example_dags/example_short_circuit_operator.py
[2024-09-12T00:26:33.624+0000] {logging_mixin.py:188} INFO - [2024-09-12T00:26:33.623+0000] {dag.py:3089} INFO - Sync 1 DAGs
[2024-09-12T00:26:33.646+0000] {logging_mixin.py:188} INFO - [2024-09-12T00:26:33.646+0000] {dag.py:3947} INFO - Setting next_dagrun for example_short_circuit_operator to 2024-09-11 00:00:00+00:00, run_after=2024-09-12 00:00:00+00:00
[2024-09-12T00:26:33.665+0000] {processor.py:183} INFO - Processing /home/airflow/.local/lib/python3.12/site-packages/airflow/example_dags/example_short_circuit_operator.py took 0.081 seconds
[2024-09-12T00:27:04.137+0000] {processor.py:161} INFO - Started process (PID=855) to work on /home/airflow/.local/lib/python3.12/site-packages/airflow/example_dags/example_short_circuit_operator.py
[2024-09-12T00:27:04.138+0000] {processor.py:830} INFO - Processing file /home/airflow/.local/lib/python3.12/site-packages/airflow/example_dags/example_short_circuit_operator.py for tasks to queue
[2024-09-12T00:27:04.140+0000] {logging_mixin.py:188} INFO - [2024-09-12T00:27:04.140+0000] {dagbag.py:545} INFO - Filling up the DagBag from /home/airflow/.local/lib/python3.12/site-packages/airflow/example_dags/example_short_circuit_operator.py
[2024-09-12T00:27:04.148+0000] {processor.py:840} INFO - DAG(s) 'example_short_circuit_operator' retrieved from /home/airflow/.local/lib/python3.12/site-packages/airflow/example_dags/example_short_circuit_operator.py
[2024-09-12T00:27:04.171+0000] {logging_mixin.py:188} INFO - [2024-09-12T00:27:04.171+0000] {dag.py:3089} INFO - Sync 1 DAGs
[2024-09-12T00:27:04.197+0000] {logging_mixin.py:188} INFO - [2024-09-12T00:27:04.196+0000] {dag.py:3947} INFO - Setting next_dagrun for example_short_circuit_operator to 2024-09-11 00:00:00+00:00, run_after=2024-09-12 00:00:00+00:00
[2024-09-12T00:27:04.218+0000] {processor.py:183} INFO - Processing /home/airflow/.local/lib/python3.12/site-packages/airflow/example_dags/example_short_circuit_operator.py took 0.087 seconds
[2024-09-12T00:27:34.544+0000] {processor.py:161} INFO - Started process (PID=915) to work on /home/airflow/.local/lib/python3.12/site-packages/airflow/example_dags/example_short_circuit_operator.py
[2024-09-12T00:27:34.545+0000] {processor.py:830} INFO - Processing file /home/airflow/.local/lib/python3.12/site-packages/airflow/example_dags/example_short_circuit_operator.py for tasks to queue
[2024-09-12T00:27:34.546+0000] {logging_mixin.py:188} INFO - [2024-09-12T00:27:34.546+0000] {dagbag.py:545} INFO - Filling up the DagBag from /home/airflow/.local/lib/python3.12/site-packages/airflow/example_dags/example_short_circuit_operator.py
[2024-09-12T00:27:34.553+0000] {processor.py:840} INFO - DAG(s) 'example_short_circuit_operator' retrieved from /home/airflow/.local/lib/python3.12/site-packages/airflow/example_dags/example_short_circuit_operator.py
[2024-09-12T00:27:34.577+0000] {logging_mixin.py:188} INFO - [2024-09-12T00:27:34.576+0000] {dag.py:3089} INFO - Sync 1 DAGs
[2024-09-12T00:27:34.600+0000] {logging_mixin.py:188} INFO - [2024-09-12T00:27:34.599+0000] {dag.py:3947} INFO - Setting next_dagrun for example_short_circuit_operator to 2024-09-11 00:00:00+00:00, run_after=2024-09-12 00:00:00+00:00
[2024-09-12T00:27:34.618+0000] {processor.py:183} INFO - Processing /home/airflow/.local/lib/python3.12/site-packages/airflow/example_dags/example_short_circuit_operator.py took 0.080 seconds
[2024-09-12T00:28:04.886+0000] {processor.py:161} INFO - Started process (PID=975) to work on /home/airflow/.local/lib/python3.12/site-packages/airflow/example_dags/example_short_circuit_operator.py
[2024-09-12T00:28:04.887+0000] {processor.py:830} INFO - Processing file /home/airflow/.local/lib/python3.12/site-packages/airflow/example_dags/example_short_circuit_operator.py for tasks to queue
[2024-09-12T00:28:04.889+0000] {logging_mixin.py:188} INFO - [2024-09-12T00:28:04.889+0000] {dagbag.py:545} INFO - Filling up the DagBag from /home/airflow/.local/lib/python3.12/site-packages/airflow/example_dags/example_short_circuit_operator.py
[2024-09-12T00:28:04.896+0000] {processor.py:840} INFO - DAG(s) 'example_short_circuit_operator' retrieved from /home/airflow/.local/lib/python3.12/site-packages/airflow/example_dags/example_short_circuit_operator.py
[2024-09-12T00:28:04.918+0000] {logging_mixin.py:188} INFO - [2024-09-12T00:28:04.917+0000] {dag.py:3089} INFO - Sync 1 DAGs
[2024-09-12T00:28:04.940+0000] {logging_mixin.py:188} INFO - [2024-09-12T00:28:04.940+0000] {dag.py:3947} INFO - Setting next_dagrun for example_short_circuit_operator to 2024-09-11 00:00:00+00:00, run_after=2024-09-12 00:00:00+00:00
[2024-09-12T00:28:04.959+0000] {processor.py:183} INFO - Processing /home/airflow/.local/lib/python3.12/site-packages/airflow/example_dags/example_short_circuit_operator.py took 0.079 seconds
[2024-09-12T00:28:35.076+0000] {processor.py:161} INFO - Started process (PID=1035) to work on /home/airflow/.local/lib/python3.12/site-packages/airflow/example_dags/example_short_circuit_operator.py
[2024-09-12T00:28:35.077+0000] {processor.py:830} INFO - Processing file /home/airflow/.local/lib/python3.12/site-packages/airflow/example_dags/example_short_circuit_operator.py for tasks to queue
[2024-09-12T00:28:35.079+0000] {logging_mixin.py:188} INFO - [2024-09-12T00:28:35.079+0000] {dagbag.py:545} INFO - Filling up the DagBag from /home/airflow/.local/lib/python3.12/site-packages/airflow/example_dags/example_short_circuit_operator.py
[2024-09-12T00:28:35.086+0000] {processor.py:840} INFO - DAG(s) 'example_short_circuit_operator' retrieved from /home/airflow/.local/lib/python3.12/site-packages/airflow/example_dags/example_short_circuit_operator.py
[2024-09-12T00:28:35.108+0000] {logging_mixin.py:188} INFO - [2024-09-12T00:28:35.108+0000] {dag.py:3089} INFO - Sync 1 DAGs
[2024-09-12T00:28:35.131+0000] {logging_mixin.py:188} INFO - [2024-09-12T00:28:35.131+0000] {dag.py:3947} INFO - Setting next_dagrun for example_short_circuit_operator to 2024-09-11 00:00:00+00:00, run_after=2024-09-12 00:00:00+00:00
[2024-09-12T00:28:35.149+0000] {processor.py:183} INFO - Processing /home/airflow/.local/lib/python3.12/site-packages/airflow/example_dags/example_short_circuit_operator.py took 0.078 seconds
[2024-09-12T00:29:05.457+0000] {processor.py:161} INFO - Started process (PID=1095) to work on /home/airflow/.local/lib/python3.12/site-packages/airflow/example_dags/example_short_circuit_operator.py
[2024-09-12T00:29:05.457+0000] {processor.py:830} INFO - Processing file /home/airflow/.local/lib/python3.12/site-packages/airflow/example_dags/example_short_circuit_operator.py for tasks to queue
[2024-09-12T00:29:05.459+0000] {logging_mixin.py:188} INFO - [2024-09-12T00:29:05.459+0000] {dagbag.py:545} INFO - Filling up the DagBag from /home/airflow/.local/lib/python3.12/site-packages/airflow/example_dags/example_short_circuit_operator.py
[2024-09-12T00:29:05.467+0000] {processor.py:840} INFO - DAG(s) 'example_short_circuit_operator' retrieved from /home/airflow/.local/lib/python3.12/site-packages/airflow/example_dags/example_short_circuit_operator.py
[2024-09-12T00:29:05.492+0000] {logging_mixin.py:188} INFO - [2024-09-12T00:29:05.492+0000] {dag.py:3089} INFO - Sync 1 DAGs
[2024-09-12T00:29:05.521+0000] {logging_mixin.py:188} INFO - [2024-09-12T00:29:05.520+0000] {dag.py:3947} INFO - Setting next_dagrun for example_short_circuit_operator to 2024-09-11 00:00:00+00:00, run_after=2024-09-12 00:00:00+00:00
[2024-09-12T00:29:05.539+0000] {processor.py:183} INFO - Processing /home/airflow/.local/lib/python3.12/site-packages/airflow/example_dags/example_short_circuit_operator.py took 0.089 seconds
[2024-09-12T00:29:35.937+0000] {processor.py:161} INFO - Started process (PID=1155) to work on /home/airflow/.local/lib/python3.12/site-packages/airflow/example_dags/example_short_circuit_operator.py
[2024-09-12T00:29:35.938+0000] {processor.py:830} INFO - Processing file /home/airflow/.local/lib/python3.12/site-packages/airflow/example_dags/example_short_circuit_operator.py for tasks to queue
[2024-09-12T00:29:35.940+0000] {logging_mixin.py:188} INFO - [2024-09-12T00:29:35.940+0000] {dagbag.py:545} INFO - Filling up the DagBag from /home/airflow/.local/lib/python3.12/site-packages/airflow/example_dags/example_short_circuit_operator.py
[2024-09-12T00:29:35.947+0000] {processor.py:840} INFO - DAG(s) 'example_short_circuit_operator' retrieved from /home/airflow/.local/lib/python3.12/site-packages/airflow/example_dags/example_short_circuit_operator.py
[2024-09-12T00:29:35.970+0000] {logging_mixin.py:188} INFO - [2024-09-12T00:29:35.970+0000] {dag.py:3089} INFO - Sync 1 DAGs
[2024-09-12T00:29:35.995+0000] {logging_mixin.py:188} INFO - [2024-09-12T00:29:35.995+0000] {dag.py:3947} INFO - Setting next_dagrun for example_short_circuit_operator to 2024-09-11 00:00:00+00:00, run_after=2024-09-12 00:00:00+00:00
[2024-09-12T00:29:36.014+0000] {processor.py:183} INFO - Processing /home/airflow/.local/lib/python3.12/site-packages/airflow/example_dags/example_short_circuit_operator.py took 0.082 seconds
[2024-09-12T00:30:06.417+0000] {processor.py:161} INFO - Started process (PID=1215) to work on /home/airflow/.local/lib/python3.12/site-packages/airflow/example_dags/example_short_circuit_operator.py
[2024-09-12T00:30:06.419+0000] {processor.py:830} INFO - Processing file /home/airflow/.local/lib/python3.12/site-packages/airflow/example_dags/example_short_circuit_operator.py for tasks to queue
[2024-09-12T00:30:06.421+0000] {logging_mixin.py:188} INFO - [2024-09-12T00:30:06.420+0000] {dagbag.py:545} INFO - Filling up the DagBag from /home/airflow/.local/lib/python3.12/site-packages/airflow/example_dags/example_short_circuit_operator.py
[2024-09-12T00:30:06.428+0000] {processor.py:840} INFO - DAG(s) 'example_short_circuit_operator' retrieved from /home/airflow/.local/lib/python3.12/site-packages/airflow/example_dags/example_short_circuit_operator.py
[2024-09-12T00:30:06.452+0000] {logging_mixin.py:188} INFO - [2024-09-12T00:30:06.452+0000] {dag.py:3089} INFO - Sync 1 DAGs
[2024-09-12T00:30:06.477+0000] {logging_mixin.py:188} INFO - [2024-09-12T00:30:06.477+0000] {dag.py:3947} INFO - Setting next_dagrun for example_short_circuit_operator to 2024-09-11 00:00:00+00:00, run_after=2024-09-12 00:00:00+00:00
[2024-09-12T00:30:06.623+0000] {processor.py:183} INFO - Processing /home/airflow/.local/lib/python3.12/site-packages/airflow/example_dags/example_short_circuit_operator.py took 0.212 seconds
[2024-09-12T00:30:36.813+0000] {processor.py:161} INFO - Started process (PID=1275) to work on /home/airflow/.local/lib/python3.12/site-packages/airflow/example_dags/example_short_circuit_operator.py
[2024-09-12T00:30:36.814+0000] {processor.py:830} INFO - Processing file /home/airflow/.local/lib/python3.12/site-packages/airflow/example_dags/example_short_circuit_operator.py for tasks to queue
[2024-09-12T00:30:36.816+0000] {logging_mixin.py:188} INFO - [2024-09-12T00:30:36.815+0000] {dagbag.py:545} INFO - Filling up the DagBag from /home/airflow/.local/lib/python3.12/site-packages/airflow/example_dags/example_short_circuit_operator.py
[2024-09-12T00:30:36.824+0000] {processor.py:840} INFO - DAG(s) 'example_short_circuit_operator' retrieved from /home/airflow/.local/lib/python3.12/site-packages/airflow/example_dags/example_short_circuit_operator.py
[2024-09-12T00:30:36.848+0000] {logging_mixin.py:188} INFO - [2024-09-12T00:30:36.847+0000] {dag.py:3089} INFO - Sync 1 DAGs
[2024-09-12T00:30:36.873+0000] {logging_mixin.py:188} INFO - [2024-09-12T00:30:36.872+0000] {dag.py:3947} INFO - Setting next_dagrun for example_short_circuit_operator to 2024-09-11 00:00:00+00:00, run_after=2024-09-12 00:00:00+00:00
[2024-09-12T00:30:37.008+0000] {processor.py:183} INFO - Processing /home/airflow/.local/lib/python3.12/site-packages/airflow/example_dags/example_short_circuit_operator.py took 0.201 seconds
[2024-09-12T00:31:07.079+0000] {processor.py:161} INFO - Started process (PID=1335) to work on /home/airflow/.local/lib/python3.12/site-packages/airflow/example_dags/example_short_circuit_operator.py
[2024-09-12T00:31:07.080+0000] {processor.py:830} INFO - Processing file /home/airflow/.local/lib/python3.12/site-packages/airflow/example_dags/example_short_circuit_operator.py for tasks to queue
[2024-09-12T00:31:07.082+0000] {logging_mixin.py:188} INFO - [2024-09-12T00:31:07.081+0000] {dagbag.py:545} INFO - Filling up the DagBag from /home/airflow/.local/lib/python3.12/site-packages/airflow/example_dags/example_short_circuit_operator.py
[2024-09-12T00:31:07.088+0000] {processor.py:840} INFO - DAG(s) 'example_short_circuit_operator' retrieved from /home/airflow/.local/lib/python3.12/site-packages/airflow/example_dags/example_short_circuit_operator.py
[2024-09-12T00:31:07.111+0000] {logging_mixin.py:188} INFO - [2024-09-12T00:31:07.111+0000] {dag.py:3089} INFO - Sync 1 DAGs
[2024-09-12T00:31:07.132+0000] {logging_mixin.py:188} INFO - [2024-09-12T00:31:07.132+0000] {dag.py:3947} INFO - Setting next_dagrun for example_short_circuit_operator to 2024-09-11 00:00:00+00:00, run_after=2024-09-12 00:00:00+00:00
[2024-09-12T00:31:07.269+0000] {processor.py:183} INFO - Processing /home/airflow/.local/lib/python3.12/site-packages/airflow/example_dags/example_short_circuit_operator.py took 0.196 seconds
[2024-09-12T00:31:37.690+0000] {processor.py:161} INFO - Started process (PID=1395) to work on /home/airflow/.local/lib/python3.12/site-packages/airflow/example_dags/example_short_circuit_operator.py
[2024-09-12T00:31:37.690+0000] {processor.py:830} INFO - Processing file /home/airflow/.local/lib/python3.12/site-packages/airflow/example_dags/example_short_circuit_operator.py for tasks to queue
[2024-09-12T00:31:37.692+0000] {logging_mixin.py:188} INFO - [2024-09-12T00:31:37.692+0000] {dagbag.py:545} INFO - Filling up the DagBag from /home/airflow/.local/lib/python3.12/site-packages/airflow/example_dags/example_short_circuit_operator.py
[2024-09-12T00:31:37.700+0000] {processor.py:840} INFO - DAG(s) 'example_short_circuit_operator' retrieved from /home/airflow/.local/lib/python3.12/site-packages/airflow/example_dags/example_short_circuit_operator.py
[2024-09-12T00:31:37.723+0000] {logging_mixin.py:188} INFO - [2024-09-12T00:31:37.722+0000] {dag.py:3089} INFO - Sync 1 DAGs
[2024-09-12T00:31:37.744+0000] {logging_mixin.py:188} INFO - [2024-09-12T00:31:37.744+0000] {dag.py:3947} INFO - Setting next_dagrun for example_short_circuit_operator to 2024-09-11 00:00:00+00:00, run_after=2024-09-12 00:00:00+00:00
[2024-09-12T00:31:37.872+0000] {processor.py:183} INFO - Processing /home/airflow/.local/lib/python3.12/site-packages/airflow/example_dags/example_short_circuit_operator.py took 0.188 seconds
[2024-09-12T00:32:08.685+0000] {processor.py:161} INFO - Started process (PID=1455) to work on /home/airflow/.local/lib/python3.12/site-packages/airflow/example_dags/example_short_circuit_operator.py
[2024-09-12T00:32:08.686+0000] {processor.py:830} INFO - Processing file /home/airflow/.local/lib/python3.12/site-packages/airflow/example_dags/example_short_circuit_operator.py for tasks to queue
[2024-09-12T00:32:08.688+0000] {logging_mixin.py:188} INFO - [2024-09-12T00:32:08.688+0000] {dagbag.py:545} INFO - Filling up the DagBag from /home/airflow/.local/lib/python3.12/site-packages/airflow/example_dags/example_short_circuit_operator.py
[2024-09-12T00:32:08.699+0000] {processor.py:840} INFO - DAG(s) 'example_short_circuit_operator' retrieved from /home/airflow/.local/lib/python3.12/site-packages/airflow/example_dags/example_short_circuit_operator.py
[2024-09-12T00:32:08.725+0000] {logging_mixin.py:188} INFO - [2024-09-12T00:32:08.724+0000] {dag.py:3089} INFO - Sync 1 DAGs
[2024-09-12T00:32:08.751+0000] {logging_mixin.py:188} INFO - [2024-09-12T00:32:08.751+0000] {dag.py:3947} INFO - Setting next_dagrun for example_short_circuit_operator to 2024-09-11 00:00:00+00:00, run_after=2024-09-12 00:00:00+00:00
[2024-09-12T00:32:08.773+0000] {processor.py:183} INFO - Processing /home/airflow/.local/lib/python3.12/site-packages/airflow/example_dags/example_short_circuit_operator.py took 0.094 seconds
[2024-09-12T00:32:38.833+0000] {processor.py:161} INFO - Started process (PID=1514) to work on /home/airflow/.local/lib/python3.12/site-packages/airflow/example_dags/example_short_circuit_operator.py
[2024-09-12T00:32:38.834+0000] {processor.py:830} INFO - Processing file /home/airflow/.local/lib/python3.12/site-packages/airflow/example_dags/example_short_circuit_operator.py for tasks to queue
[2024-09-12T00:32:38.837+0000] {logging_mixin.py:188} INFO - [2024-09-12T00:32:38.836+0000] {dagbag.py:545} INFO - Filling up the DagBag from /home/airflow/.local/lib/python3.12/site-packages/airflow/example_dags/example_short_circuit_operator.py
[2024-09-12T00:32:38.844+0000] {processor.py:840} INFO - DAG(s) 'example_short_circuit_operator' retrieved from /home/airflow/.local/lib/python3.12/site-packages/airflow/example_dags/example_short_circuit_operator.py
[2024-09-12T00:32:38.867+0000] {logging_mixin.py:188} INFO - [2024-09-12T00:32:38.866+0000] {dag.py:3089} INFO - Sync 1 DAGs
[2024-09-12T00:32:38.889+0000] {logging_mixin.py:188} INFO - [2024-09-12T00:32:38.888+0000] {dag.py:3947} INFO - Setting next_dagrun for example_short_circuit_operator to 2024-09-11 00:00:00+00:00, run_after=2024-09-12 00:00:00+00:00
[2024-09-12T00:32:38.909+0000] {processor.py:183} INFO - Processing /home/airflow/.local/lib/python3.12/site-packages/airflow/example_dags/example_short_circuit_operator.py took 0.083 seconds
[2024-09-12T00:33:09.031+0000] {processor.py:161} INFO - Started process (PID=1574) to work on /home/airflow/.local/lib/python3.12/site-packages/airflow/example_dags/example_short_circuit_operator.py
[2024-09-12T00:33:09.032+0000] {processor.py:830} INFO - Processing file /home/airflow/.local/lib/python3.12/site-packages/airflow/example_dags/example_short_circuit_operator.py for tasks to queue
[2024-09-12T00:33:09.033+0000] {logging_mixin.py:188} INFO - [2024-09-12T00:33:09.033+0000] {dagbag.py:545} INFO - Filling up the DagBag from /home/airflow/.local/lib/python3.12/site-packages/airflow/example_dags/example_short_circuit_operator.py
[2024-09-12T00:33:09.041+0000] {processor.py:840} INFO - DAG(s) 'example_short_circuit_operator' retrieved from /home/airflow/.local/lib/python3.12/site-packages/airflow/example_dags/example_short_circuit_operator.py
[2024-09-12T00:33:09.062+0000] {logging_mixin.py:188} INFO - [2024-09-12T00:33:09.062+0000] {dag.py:3089} INFO - Sync 1 DAGs
[2024-09-12T00:33:09.084+0000] {logging_mixin.py:188} INFO - [2024-09-12T00:33:09.084+0000] {dag.py:3947} INFO - Setting next_dagrun for example_short_circuit_operator to 2024-09-11 00:00:00+00:00, run_after=2024-09-12 00:00:00+00:00
[2024-09-12T00:33:09.104+0000] {processor.py:183} INFO - Processing /home/airflow/.local/lib/python3.12/site-packages/airflow/example_dags/example_short_circuit_operator.py took 0.079 seconds
[2024-09-12T00:33:39.214+0000] {processor.py:161} INFO - Started process (PID=1634) to work on /home/airflow/.local/lib/python3.12/site-packages/airflow/example_dags/example_short_circuit_operator.py
[2024-09-12T00:33:39.214+0000] {processor.py:830} INFO - Processing file /home/airflow/.local/lib/python3.12/site-packages/airflow/example_dags/example_short_circuit_operator.py for tasks to queue
[2024-09-12T00:33:39.216+0000] {logging_mixin.py:188} INFO - [2024-09-12T00:33:39.216+0000] {dagbag.py:545} INFO - Filling up the DagBag from /home/airflow/.local/lib/python3.12/site-packages/airflow/example_dags/example_short_circuit_operator.py
[2024-09-12T00:33:39.224+0000] {processor.py:840} INFO - DAG(s) 'example_short_circuit_operator' retrieved from /home/airflow/.local/lib/python3.12/site-packages/airflow/example_dags/example_short_circuit_operator.py
[2024-09-12T00:33:39.247+0000] {logging_mixin.py:188} INFO - [2024-09-12T00:33:39.247+0000] {dag.py:3089} INFO - Sync 1 DAGs
[2024-09-12T00:33:39.270+0000] {logging_mixin.py:188} INFO - [2024-09-12T00:33:39.269+0000] {dag.py:3947} INFO - Setting next_dagrun for example_short_circuit_operator to 2024-09-11 00:00:00+00:00, run_after=2024-09-12 00:00:00+00:00
[2024-09-12T00:33:39.290+0000] {processor.py:183} INFO - Processing /home/airflow/.local/lib/python3.12/site-packages/airflow/example_dags/example_short_circuit_operator.py took 0.082 seconds
[2024-09-12T00:34:10.060+0000] {processor.py:161} INFO - Started process (PID=1695) to work on /home/airflow/.local/lib/python3.12/site-packages/airflow/example_dags/example_short_circuit_operator.py
[2024-09-12T00:34:10.061+0000] {processor.py:830} INFO - Processing file /home/airflow/.local/lib/python3.12/site-packages/airflow/example_dags/example_short_circuit_operator.py for tasks to queue
[2024-09-12T00:34:10.063+0000] {logging_mixin.py:188} INFO - [2024-09-12T00:34:10.063+0000] {dagbag.py:545} INFO - Filling up the DagBag from /home/airflow/.local/lib/python3.12/site-packages/airflow/example_dags/example_short_circuit_operator.py
[2024-09-12T00:34:10.071+0000] {processor.py:840} INFO - DAG(s) 'example_short_circuit_operator' retrieved from /home/airflow/.local/lib/python3.12/site-packages/airflow/example_dags/example_short_circuit_operator.py
[2024-09-12T00:34:10.094+0000] {logging_mixin.py:188} INFO - [2024-09-12T00:34:10.094+0000] {dag.py:3089} INFO - Sync 1 DAGs
[2024-09-12T00:34:10.122+0000] {logging_mixin.py:188} INFO - [2024-09-12T00:34:10.122+0000] {dag.py:3947} INFO - Setting next_dagrun for example_short_circuit_operator to 2024-09-11 00:00:00+00:00, run_after=2024-09-12 00:00:00+00:00
[2024-09-12T00:34:10.141+0000] {processor.py:183} INFO - Processing /home/airflow/.local/lib/python3.12/site-packages/airflow/example_dags/example_short_circuit_operator.py took 0.087 seconds
[2024-09-12T00:34:40.382+0000] {processor.py:161} INFO - Started process (PID=1755) to work on /home/airflow/.local/lib/python3.12/site-packages/airflow/example_dags/example_short_circuit_operator.py
[2024-09-12T00:34:40.382+0000] {processor.py:830} INFO - Processing file /home/airflow/.local/lib/python3.12/site-packages/airflow/example_dags/example_short_circuit_operator.py for tasks to queue
[2024-09-12T00:34:40.384+0000] {logging_mixin.py:188} INFO - [2024-09-12T00:34:40.384+0000] {dagbag.py:545} INFO - Filling up the DagBag from /home/airflow/.local/lib/python3.12/site-packages/airflow/example_dags/example_short_circuit_operator.py
[2024-09-12T00:34:40.392+0000] {processor.py:840} INFO - DAG(s) 'example_short_circuit_operator' retrieved from /home/airflow/.local/lib/python3.12/site-packages/airflow/example_dags/example_short_circuit_operator.py
[2024-09-12T00:34:40.415+0000] {logging_mixin.py:188} INFO - [2024-09-12T00:34:40.415+0000] {dag.py:3089} INFO - Sync 1 DAGs
[2024-09-12T00:34:40.441+0000] {logging_mixin.py:188} INFO - [2024-09-12T00:34:40.441+0000] {dag.py:3947} INFO - Setting next_dagrun for example_short_circuit_operator to 2024-09-11 00:00:00+00:00, run_after=2024-09-12 00:00:00+00:00
[2024-09-12T00:34:40.466+0000] {processor.py:183} INFO - Processing /home/airflow/.local/lib/python3.12/site-packages/airflow/example_dags/example_short_circuit_operator.py took 0.091 seconds
[2024-09-12T00:35:10.604+0000] {processor.py:161} INFO - Started process (PID=1815) to work on /home/airflow/.local/lib/python3.12/site-packages/airflow/example_dags/example_short_circuit_operator.py
[2024-09-12T00:35:10.606+0000] {processor.py:830} INFO - Processing file /home/airflow/.local/lib/python3.12/site-packages/airflow/example_dags/example_short_circuit_operator.py for tasks to queue
[2024-09-12T00:35:10.609+0000] {logging_mixin.py:188} INFO - [2024-09-12T00:35:10.608+0000] {dagbag.py:545} INFO - Filling up the DagBag from /home/airflow/.local/lib/python3.12/site-packages/airflow/example_dags/example_short_circuit_operator.py
[2024-09-12T00:35:10.617+0000] {processor.py:840} INFO - DAG(s) 'example_short_circuit_operator' retrieved from /home/airflow/.local/lib/python3.12/site-packages/airflow/example_dags/example_short_circuit_operator.py
[2024-09-12T00:35:10.641+0000] {logging_mixin.py:188} INFO - [2024-09-12T00:35:10.641+0000] {dag.py:3089} INFO - Sync 1 DAGs
[2024-09-12T00:35:10.666+0000] {logging_mixin.py:188} INFO - [2024-09-12T00:35:10.666+0000] {dag.py:3947} INFO - Setting next_dagrun for example_short_circuit_operator to 2024-09-11 00:00:00+00:00, run_after=2024-09-12 00:00:00+00:00
[2024-09-12T00:35:10.685+0000] {processor.py:183} INFO - Processing /home/airflow/.local/lib/python3.12/site-packages/airflow/example_dags/example_short_circuit_operator.py took 0.088 seconds
[2024-09-12T00:35:41.137+0000] {processor.py:161} INFO - Started process (PID=1875) to work on /home/airflow/.local/lib/python3.12/site-packages/airflow/example_dags/example_short_circuit_operator.py
[2024-09-12T00:35:41.137+0000] {processor.py:830} INFO - Processing file /home/airflow/.local/lib/python3.12/site-packages/airflow/example_dags/example_short_circuit_operator.py for tasks to queue
[2024-09-12T00:35:41.140+0000] {logging_mixin.py:188} INFO - [2024-09-12T00:35:41.139+0000] {dagbag.py:545} INFO - Filling up the DagBag from /home/airflow/.local/lib/python3.12/site-packages/airflow/example_dags/example_short_circuit_operator.py
[2024-09-12T00:35:41.150+0000] {processor.py:840} INFO - DAG(s) 'example_short_circuit_operator' retrieved from /home/airflow/.local/lib/python3.12/site-packages/airflow/example_dags/example_short_circuit_operator.py
[2024-09-12T00:35:41.174+0000] {logging_mixin.py:188} INFO - [2024-09-12T00:35:41.173+0000] {dag.py:3089} INFO - Sync 1 DAGs
[2024-09-12T00:35:41.203+0000] {logging_mixin.py:188} INFO - [2024-09-12T00:35:41.202+0000] {dag.py:3947} INFO - Setting next_dagrun for example_short_circuit_operator to 2024-09-11 00:00:00+00:00, run_after=2024-09-12 00:00:00+00:00
[2024-09-12T00:35:41.223+0000] {processor.py:183} INFO - Processing /home/airflow/.local/lib/python3.12/site-packages/airflow/example_dags/example_short_circuit_operator.py took 0.093 seconds
[2024-09-12T00:36:11.420+0000] {processor.py:161} INFO - Started process (PID=1935) to work on /home/airflow/.local/lib/python3.12/site-packages/airflow/example_dags/example_short_circuit_operator.py
[2024-09-12T00:36:11.421+0000] {processor.py:830} INFO - Processing file /home/airflow/.local/lib/python3.12/site-packages/airflow/example_dags/example_short_circuit_operator.py for tasks to queue
[2024-09-12T00:36:11.423+0000] {logging_mixin.py:188} INFO - [2024-09-12T00:36:11.423+0000] {dagbag.py:545} INFO - Filling up the DagBag from /home/airflow/.local/lib/python3.12/site-packages/airflow/example_dags/example_short_circuit_operator.py
[2024-09-12T00:36:11.432+0000] {processor.py:840} INFO - DAG(s) 'example_short_circuit_operator' retrieved from /home/airflow/.local/lib/python3.12/site-packages/airflow/example_dags/example_short_circuit_operator.py
[2024-09-12T00:36:11.455+0000] {logging_mixin.py:188} INFO - [2024-09-12T00:36:11.455+0000] {dag.py:3089} INFO - Sync 1 DAGs
[2024-09-12T00:36:11.479+0000] {logging_mixin.py:188} INFO - [2024-09-12T00:36:11.479+0000] {dag.py:3947} INFO - Setting next_dagrun for example_short_circuit_operator to 2024-09-11 00:00:00+00:00, run_after=2024-09-12 00:00:00+00:00
[2024-09-12T00:36:11.499+0000] {processor.py:183} INFO - Processing /home/airflow/.local/lib/python3.12/site-packages/airflow/example_dags/example_short_circuit_operator.py took 0.085 seconds
[2024-09-12T00:36:41.618+0000] {processor.py:161} INFO - Started process (PID=1995) to work on /home/airflow/.local/lib/python3.12/site-packages/airflow/example_dags/example_short_circuit_operator.py
[2024-09-12T00:36:41.619+0000] {processor.py:830} INFO - Processing file /home/airflow/.local/lib/python3.12/site-packages/airflow/example_dags/example_short_circuit_operator.py for tasks to queue
[2024-09-12T00:36:41.621+0000] {logging_mixin.py:188} INFO - [2024-09-12T00:36:41.621+0000] {dagbag.py:545} INFO - Filling up the DagBag from /home/airflow/.local/lib/python3.12/site-packages/airflow/example_dags/example_short_circuit_operator.py
[2024-09-12T00:36:41.629+0000] {processor.py:840} INFO - DAG(s) 'example_short_circuit_operator' retrieved from /home/airflow/.local/lib/python3.12/site-packages/airflow/example_dags/example_short_circuit_operator.py
[2024-09-12T00:36:41.652+0000] {logging_mixin.py:188} INFO - [2024-09-12T00:36:41.652+0000] {dag.py:3089} INFO - Sync 1 DAGs
[2024-09-12T00:36:41.675+0000] {logging_mixin.py:188} INFO - [2024-09-12T00:36:41.675+0000] {dag.py:3947} INFO - Setting next_dagrun for example_short_circuit_operator to 2024-09-11 00:00:00+00:00, run_after=2024-09-12 00:00:00+00:00
[2024-09-12T00:36:41.696+0000] {processor.py:183} INFO - Processing /home/airflow/.local/lib/python3.12/site-packages/airflow/example_dags/example_short_circuit_operator.py took 0.084 seconds
[2024-09-12T00:37:11.787+0000] {processor.py:161} INFO - Started process (PID=2055) to work on /home/airflow/.local/lib/python3.12/site-packages/airflow/example_dags/example_short_circuit_operator.py
[2024-09-12T00:37:11.788+0000] {processor.py:830} INFO - Processing file /home/airflow/.local/lib/python3.12/site-packages/airflow/example_dags/example_short_circuit_operator.py for tasks to queue
[2024-09-12T00:37:11.789+0000] {logging_mixin.py:188} INFO - [2024-09-12T00:37:11.789+0000] {dagbag.py:545} INFO - Filling up the DagBag from /home/airflow/.local/lib/python3.12/site-packages/airflow/example_dags/example_short_circuit_operator.py
[2024-09-12T00:37:11.797+0000] {processor.py:840} INFO - DAG(s) 'example_short_circuit_operator' retrieved from /home/airflow/.local/lib/python3.12/site-packages/airflow/example_dags/example_short_circuit_operator.py
[2024-09-12T00:37:11.819+0000] {logging_mixin.py:188} INFO - [2024-09-12T00:37:11.819+0000] {dag.py:3089} INFO - Sync 1 DAGs
[2024-09-12T00:37:11.843+0000] {logging_mixin.py:188} INFO - [2024-09-12T00:37:11.842+0000] {dag.py:3947} INFO - Setting next_dagrun for example_short_circuit_operator to 2024-09-11 00:00:00+00:00, run_after=2024-09-12 00:00:00+00:00
[2024-09-12T00:37:11.865+0000] {processor.py:183} INFO - Processing /home/airflow/.local/lib/python3.12/site-packages/airflow/example_dags/example_short_circuit_operator.py took 0.084 seconds
[2024-09-12T00:37:42.800+0000] {processor.py:161} INFO - Started process (PID=2115) to work on /home/airflow/.local/lib/python3.12/site-packages/airflow/example_dags/example_short_circuit_operator.py
[2024-09-12T00:37:42.800+0000] {processor.py:830} INFO - Processing file /home/airflow/.local/lib/python3.12/site-packages/airflow/example_dags/example_short_circuit_operator.py for tasks to queue
[2024-09-12T00:37:42.802+0000] {logging_mixin.py:188} INFO - [2024-09-12T00:37:42.802+0000] {dagbag.py:545} INFO - Filling up the DagBag from /home/airflow/.local/lib/python3.12/site-packages/airflow/example_dags/example_short_circuit_operator.py
[2024-09-12T00:37:42.810+0000] {processor.py:840} INFO - DAG(s) 'example_short_circuit_operator' retrieved from /home/airflow/.local/lib/python3.12/site-packages/airflow/example_dags/example_short_circuit_operator.py
[2024-09-12T00:37:42.832+0000] {logging_mixin.py:188} INFO - [2024-09-12T00:37:42.832+0000] {dag.py:3089} INFO - Sync 1 DAGs
[2024-09-12T00:37:42.857+0000] {logging_mixin.py:188} INFO - [2024-09-12T00:37:42.857+0000] {dag.py:3947} INFO - Setting next_dagrun for example_short_circuit_operator to 2024-09-11 00:00:00+00:00, run_after=2024-09-12 00:00:00+00:00
[2024-09-12T00:37:42.879+0000] {processor.py:183} INFO - Processing /home/airflow/.local/lib/python3.12/site-packages/airflow/example_dags/example_short_circuit_operator.py took 0.085 seconds
[2024-09-12T00:38:13.190+0000] {processor.py:161} INFO - Started process (PID=2175) to work on /home/airflow/.local/lib/python3.12/site-packages/airflow/example_dags/example_short_circuit_operator.py
[2024-09-12T00:38:13.191+0000] {processor.py:830} INFO - Processing file /home/airflow/.local/lib/python3.12/site-packages/airflow/example_dags/example_short_circuit_operator.py for tasks to queue
[2024-09-12T00:38:13.193+0000] {logging_mixin.py:188} INFO - [2024-09-12T00:38:13.193+0000] {dagbag.py:545} INFO - Filling up the DagBag from /home/airflow/.local/lib/python3.12/site-packages/airflow/example_dags/example_short_circuit_operator.py
[2024-09-12T00:38:13.204+0000] {processor.py:840} INFO - DAG(s) 'example_short_circuit_operator' retrieved from /home/airflow/.local/lib/python3.12/site-packages/airflow/example_dags/example_short_circuit_operator.py
[2024-09-12T00:38:13.229+0000] {logging_mixin.py:188} INFO - [2024-09-12T00:38:13.229+0000] {dag.py:3089} INFO - Sync 1 DAGs
[2024-09-12T00:38:13.255+0000] {logging_mixin.py:188} INFO - [2024-09-12T00:38:13.255+0000] {dag.py:3947} INFO - Setting next_dagrun for example_short_circuit_operator to 2024-09-11 00:00:00+00:00, run_after=2024-09-12 00:00:00+00:00
[2024-09-12T00:38:13.293+0000] {processor.py:183} INFO - Processing /home/airflow/.local/lib/python3.12/site-packages/airflow/example_dags/example_short_circuit_operator.py took 0.109 seconds
