[2024-09-12T00:20:30.243+0000] {processor.py:161} INFO - Started process (PID=82) to work on /home/airflow/.local/lib/python3.12/site-packages/airflow/example_dags/example_sensors.py
[2024-09-12T00:20:30.244+0000] {processor.py:830} INFO - Processing file /home/airflow/.local/lib/python3.12/site-packages/airflow/example_dags/example_sensors.py for tasks to queue
[2024-09-12T00:20:30.246+0000] {logging_mixin.py:188} INFO - [2024-09-12T00:20:30.245+0000] {dagbag.py:545} INFO - Filling up the DagBag from /home/airflow/.local/lib/python3.12/site-packages/airflow/example_dags/example_sensors.py
[2024-09-12T00:20:30.261+0000] {processor.py:840} INFO - DAG(s) 'example_sensors' retrieved from /home/airflow/.local/lib/python3.12/site-packages/airflow/example_dags/example_sensors.py
[2024-09-12T00:20:30.303+0000] {logging_mixin.py:188} INFO - [2024-09-12T00:20:30.302+0000] {dag.py:3089} INFO - Sync 1 DAGs
[2024-09-12T00:20:30.324+0000] {logging_mixin.py:188} INFO - [2024-09-12T00:20:30.324+0000] {dag.py:3947} INFO - Setting next_dagrun for example_sensors to None, run_after=None
[2024-09-12T00:20:30.644+0000] {processor.py:183} INFO - Processing /home/airflow/.local/lib/python3.12/site-packages/airflow/example_dags/example_sensors.py took 0.407 seconds
[2024-09-12T00:21:01.279+0000] {processor.py:161} INFO - Started process (PID=142) to work on /home/airflow/.local/lib/python3.12/site-packages/airflow/example_dags/example_sensors.py
[2024-09-12T00:21:01.281+0000] {processor.py:830} INFO - Processing file /home/airflow/.local/lib/python3.12/site-packages/airflow/example_dags/example_sensors.py for tasks to queue
[2024-09-12T00:21:01.283+0000] {logging_mixin.py:188} INFO - [2024-09-12T00:21:01.282+0000] {dagbag.py:545} INFO - Filling up the DagBag from /home/airflow/.local/lib/python3.12/site-packages/airflow/example_dags/example_sensors.py
[2024-09-12T00:21:01.293+0000] {processor.py:840} INFO - DAG(s) 'example_sensors' retrieved from /home/airflow/.local/lib/python3.12/site-packages/airflow/example_dags/example_sensors.py
[2024-09-12T00:21:01.317+0000] {logging_mixin.py:188} INFO - [2024-09-12T00:21:01.317+0000] {dag.py:3089} INFO - Sync 1 DAGs
[2024-09-12T00:21:01.330+0000] {logging_mixin.py:188} INFO - [2024-09-12T00:21:01.330+0000] {dag.py:3947} INFO - Setting next_dagrun for example_sensors to None, run_after=None
[2024-09-12T00:21:01.351+0000] {processor.py:183} INFO - Processing /home/airflow/.local/lib/python3.12/site-packages/airflow/example_dags/example_sensors.py took 0.078 seconds
[2024-09-12T00:21:31.808+0000] {processor.py:161} INFO - Started process (PID=202) to work on /home/airflow/.local/lib/python3.12/site-packages/airflow/example_dags/example_sensors.py
[2024-09-12T00:21:31.808+0000] {processor.py:830} INFO - Processing file /home/airflow/.local/lib/python3.12/site-packages/airflow/example_dags/example_sensors.py for tasks to queue
[2024-09-12T00:21:31.810+0000] {logging_mixin.py:188} INFO - [2024-09-12T00:21:31.810+0000] {dagbag.py:545} INFO - Filling up the DagBag from /home/airflow/.local/lib/python3.12/site-packages/airflow/example_dags/example_sensors.py
[2024-09-12T00:21:31.819+0000] {processor.py:840} INFO - DAG(s) 'example_sensors' retrieved from /home/airflow/.local/lib/python3.12/site-packages/airflow/example_dags/example_sensors.py
[2024-09-12T00:21:31.844+0000] {logging_mixin.py:188} INFO - [2024-09-12T00:21:31.844+0000] {dag.py:3089} INFO - Sync 1 DAGs
[2024-09-12T00:21:31.857+0000] {logging_mixin.py:188} INFO - [2024-09-12T00:21:31.856+0000] {dag.py:3947} INFO - Setting next_dagrun for example_sensors to None, run_after=None
[2024-09-12T00:21:31.876+0000] {processor.py:183} INFO - Processing /home/airflow/.local/lib/python3.12/site-packages/airflow/example_dags/example_sensors.py took 0.074 seconds
[2024-09-12T00:22:02.812+0000] {processor.py:161} INFO - Started process (PID=262) to work on /home/airflow/.local/lib/python3.12/site-packages/airflow/example_dags/example_sensors.py
[2024-09-12T00:22:02.813+0000] {processor.py:830} INFO - Processing file /home/airflow/.local/lib/python3.12/site-packages/airflow/example_dags/example_sensors.py for tasks to queue
[2024-09-12T00:22:02.815+0000] {logging_mixin.py:188} INFO - [2024-09-12T00:22:02.814+0000] {dagbag.py:545} INFO - Filling up the DagBag from /home/airflow/.local/lib/python3.12/site-packages/airflow/example_dags/example_sensors.py
[2024-09-12T00:22:02.823+0000] {processor.py:840} INFO - DAG(s) 'example_sensors' retrieved from /home/airflow/.local/lib/python3.12/site-packages/airflow/example_dags/example_sensors.py
[2024-09-12T00:22:02.849+0000] {logging_mixin.py:188} INFO - [2024-09-12T00:22:02.848+0000] {dag.py:3089} INFO - Sync 1 DAGs
[2024-09-12T00:22:02.861+0000] {logging_mixin.py:188} INFO - [2024-09-12T00:22:02.861+0000] {dag.py:3947} INFO - Setting next_dagrun for example_sensors to None, run_after=None
[2024-09-12T00:22:02.882+0000] {processor.py:183} INFO - Processing /home/airflow/.local/lib/python3.12/site-packages/airflow/example_dags/example_sensors.py took 0.075 seconds
[2024-09-12T00:22:33.737+0000] {processor.py:161} INFO - Started process (PID=322) to work on /home/airflow/.local/lib/python3.12/site-packages/airflow/example_dags/example_sensors.py
[2024-09-12T00:22:33.738+0000] {processor.py:830} INFO - Processing file /home/airflow/.local/lib/python3.12/site-packages/airflow/example_dags/example_sensors.py for tasks to queue
[2024-09-12T00:22:33.740+0000] {logging_mixin.py:188} INFO - [2024-09-12T00:22:33.740+0000] {dagbag.py:545} INFO - Filling up the DagBag from /home/airflow/.local/lib/python3.12/site-packages/airflow/example_dags/example_sensors.py
[2024-09-12T00:22:33.749+0000] {processor.py:840} INFO - DAG(s) 'example_sensors' retrieved from /home/airflow/.local/lib/python3.12/site-packages/airflow/example_dags/example_sensors.py
[2024-09-12T00:22:33.773+0000] {logging_mixin.py:188} INFO - [2024-09-12T00:22:33.773+0000] {dag.py:3089} INFO - Sync 1 DAGs
[2024-09-12T00:22:33.786+0000] {logging_mixin.py:188} INFO - [2024-09-12T00:22:33.785+0000] {dag.py:3947} INFO - Setting next_dagrun for example_sensors to None, run_after=None
[2024-09-12T00:22:33.807+0000] {processor.py:183} INFO - Processing /home/airflow/.local/lib/python3.12/site-packages/airflow/example_dags/example_sensors.py took 0.076 seconds
[2024-09-12T00:23:04.321+0000] {processor.py:161} INFO - Started process (PID=382) to work on /home/airflow/.local/lib/python3.12/site-packages/airflow/example_dags/example_sensors.py
[2024-09-12T00:23:04.322+0000] {processor.py:830} INFO - Processing file /home/airflow/.local/lib/python3.12/site-packages/airflow/example_dags/example_sensors.py for tasks to queue
[2024-09-12T00:23:04.324+0000] {logging_mixin.py:188} INFO - [2024-09-12T00:23:04.324+0000] {dagbag.py:545} INFO - Filling up the DagBag from /home/airflow/.local/lib/python3.12/site-packages/airflow/example_dags/example_sensors.py
[2024-09-12T00:23:04.336+0000] {processor.py:840} INFO - DAG(s) 'example_sensors' retrieved from /home/airflow/.local/lib/python3.12/site-packages/airflow/example_dags/example_sensors.py
[2024-09-12T00:23:04.361+0000] {logging_mixin.py:188} INFO - [2024-09-12T00:23:04.360+0000] {dag.py:3089} INFO - Sync 1 DAGs
[2024-09-12T00:23:04.374+0000] {logging_mixin.py:188} INFO - [2024-09-12T00:23:04.374+0000] {dag.py:3947} INFO - Setting next_dagrun for example_sensors to None, run_after=None
[2024-09-12T00:23:04.394+0000] {processor.py:183} INFO - Processing /home/airflow/.local/lib/python3.12/site-packages/airflow/example_dags/example_sensors.py took 0.079 seconds
[2024-09-12T00:23:35.014+0000] {processor.py:161} INFO - Started process (PID=442) to work on /home/airflow/.local/lib/python3.12/site-packages/airflow/example_dags/example_sensors.py
[2024-09-12T00:23:35.015+0000] {processor.py:830} INFO - Processing file /home/airflow/.local/lib/python3.12/site-packages/airflow/example_dags/example_sensors.py for tasks to queue
[2024-09-12T00:23:35.017+0000] {logging_mixin.py:188} INFO - [2024-09-12T00:23:35.016+0000] {dagbag.py:545} INFO - Filling up the DagBag from /home/airflow/.local/lib/python3.12/site-packages/airflow/example_dags/example_sensors.py
[2024-09-12T00:23:35.025+0000] {processor.py:840} INFO - DAG(s) 'example_sensors' retrieved from /home/airflow/.local/lib/python3.12/site-packages/airflow/example_dags/example_sensors.py
[2024-09-12T00:23:35.050+0000] {logging_mixin.py:188} INFO - [2024-09-12T00:23:35.050+0000] {dag.py:3089} INFO - Sync 1 DAGs
[2024-09-12T00:23:35.063+0000] {logging_mixin.py:188} INFO - [2024-09-12T00:23:35.063+0000] {dag.py:3947} INFO - Setting next_dagrun for example_sensors to None, run_after=None
[2024-09-12T00:23:35.081+0000] {processor.py:183} INFO - Processing /home/airflow/.local/lib/python3.12/site-packages/airflow/example_dags/example_sensors.py took 0.072 seconds
[2024-09-12T00:24:05.647+0000] {processor.py:161} INFO - Started process (PID=502) to work on /home/airflow/.local/lib/python3.12/site-packages/airflow/example_dags/example_sensors.py
[2024-09-12T00:24:05.648+0000] {processor.py:830} INFO - Processing file /home/airflow/.local/lib/python3.12/site-packages/airflow/example_dags/example_sensors.py for tasks to queue
[2024-09-12T00:24:05.650+0000] {logging_mixin.py:188} INFO - [2024-09-12T00:24:05.649+0000] {dagbag.py:545} INFO - Filling up the DagBag from /home/airflow/.local/lib/python3.12/site-packages/airflow/example_dags/example_sensors.py
[2024-09-12T00:24:05.659+0000] {processor.py:840} INFO - DAG(s) 'example_sensors' retrieved from /home/airflow/.local/lib/python3.12/site-packages/airflow/example_dags/example_sensors.py
[2024-09-12T00:24:05.684+0000] {logging_mixin.py:188} INFO - [2024-09-12T00:24:05.684+0000] {dag.py:3089} INFO - Sync 1 DAGs
[2024-09-12T00:24:05.698+0000] {logging_mixin.py:188} INFO - [2024-09-12T00:24:05.697+0000] {dag.py:3947} INFO - Setting next_dagrun for example_sensors to None, run_after=None
[2024-09-12T00:24:05.718+0000] {processor.py:183} INFO - Processing /home/airflow/.local/lib/python3.12/site-packages/airflow/example_dags/example_sensors.py took 0.076 seconds
[2024-09-12T00:24:35.837+0000] {processor.py:161} INFO - Started process (PID=562) to work on /home/airflow/.local/lib/python3.12/site-packages/airflow/example_dags/example_sensors.py
[2024-09-12T00:24:35.838+0000] {processor.py:830} INFO - Processing file /home/airflow/.local/lib/python3.12/site-packages/airflow/example_dags/example_sensors.py for tasks to queue
[2024-09-12T00:24:35.839+0000] {logging_mixin.py:188} INFO - [2024-09-12T00:24:35.839+0000] {dagbag.py:545} INFO - Filling up the DagBag from /home/airflow/.local/lib/python3.12/site-packages/airflow/example_dags/example_sensors.py
[2024-09-12T00:24:35.848+0000] {processor.py:840} INFO - DAG(s) 'example_sensors' retrieved from /home/airflow/.local/lib/python3.12/site-packages/airflow/example_dags/example_sensors.py
[2024-09-12T00:24:35.872+0000] {logging_mixin.py:188} INFO - [2024-09-12T00:24:35.871+0000] {dag.py:3089} INFO - Sync 1 DAGs
[2024-09-12T00:24:35.884+0000] {logging_mixin.py:188} INFO - [2024-09-12T00:24:35.884+0000] {dag.py:3947} INFO - Setting next_dagrun for example_sensors to None, run_after=None
[2024-09-12T00:24:35.903+0000] {processor.py:183} INFO - Processing /home/airflow/.local/lib/python3.12/site-packages/airflow/example_dags/example_sensors.py took 0.072 seconds
[2024-09-12T00:25:06.348+0000] {processor.py:161} INFO - Started process (PID=622) to work on /home/airflow/.local/lib/python3.12/site-packages/airflow/example_dags/example_sensors.py
[2024-09-12T00:25:06.348+0000] {processor.py:830} INFO - Processing file /home/airflow/.local/lib/python3.12/site-packages/airflow/example_dags/example_sensors.py for tasks to queue
[2024-09-12T00:25:06.350+0000] {logging_mixin.py:188} INFO - [2024-09-12T00:25:06.350+0000] {dagbag.py:545} INFO - Filling up the DagBag from /home/airflow/.local/lib/python3.12/site-packages/airflow/example_dags/example_sensors.py
[2024-09-12T00:25:06.359+0000] {processor.py:840} INFO - DAG(s) 'example_sensors' retrieved from /home/airflow/.local/lib/python3.12/site-packages/airflow/example_dags/example_sensors.py
[2024-09-12T00:25:06.383+0000] {logging_mixin.py:188} INFO - [2024-09-12T00:25:06.383+0000] {dag.py:3089} INFO - Sync 1 DAGs
[2024-09-12T00:25:06.395+0000] {logging_mixin.py:188} INFO - [2024-09-12T00:25:06.395+0000] {dag.py:3947} INFO - Setting next_dagrun for example_sensors to None, run_after=None
[2024-09-12T00:25:06.414+0000] {processor.py:183} INFO - Processing /home/airflow/.local/lib/python3.12/site-packages/airflow/example_dags/example_sensors.py took 0.072 seconds
[2024-09-12T00:25:36.628+0000] {processor.py:161} INFO - Started process (PID=682) to work on /home/airflow/.local/lib/python3.12/site-packages/airflow/example_dags/example_sensors.py
[2024-09-12T00:25:36.629+0000] {processor.py:830} INFO - Processing file /home/airflow/.local/lib/python3.12/site-packages/airflow/example_dags/example_sensors.py for tasks to queue
[2024-09-12T00:25:36.631+0000] {logging_mixin.py:188} INFO - [2024-09-12T00:25:36.631+0000] {dagbag.py:545} INFO - Filling up the DagBag from /home/airflow/.local/lib/python3.12/site-packages/airflow/example_dags/example_sensors.py
[2024-09-12T00:25:36.640+0000] {processor.py:840} INFO - DAG(s) 'example_sensors' retrieved from /home/airflow/.local/lib/python3.12/site-packages/airflow/example_dags/example_sensors.py
[2024-09-12T00:25:36.664+0000] {logging_mixin.py:188} INFO - [2024-09-12T00:25:36.664+0000] {dag.py:3089} INFO - Sync 1 DAGs
[2024-09-12T00:25:36.676+0000] {logging_mixin.py:188} INFO - [2024-09-12T00:25:36.676+0000] {dag.py:3947} INFO - Setting next_dagrun for example_sensors to None, run_after=None
[2024-09-12T00:25:36.695+0000] {processor.py:183} INFO - Processing /home/airflow/.local/lib/python3.12/site-packages/airflow/example_dags/example_sensors.py took 0.072 seconds
[2024-09-12T00:26:06.807+0000] {processor.py:161} INFO - Started process (PID=742) to work on /home/airflow/.local/lib/python3.12/site-packages/airflow/example_dags/example_sensors.py
[2024-09-12T00:26:06.808+0000] {processor.py:830} INFO - Processing file /home/airflow/.local/lib/python3.12/site-packages/airflow/example_dags/example_sensors.py for tasks to queue
[2024-09-12T00:26:06.810+0000] {logging_mixin.py:188} INFO - [2024-09-12T00:26:06.809+0000] {dagbag.py:545} INFO - Filling up the DagBag from /home/airflow/.local/lib/python3.12/site-packages/airflow/example_dags/example_sensors.py
[2024-09-12T00:26:06.819+0000] {processor.py:840} INFO - DAG(s) 'example_sensors' retrieved from /home/airflow/.local/lib/python3.12/site-packages/airflow/example_dags/example_sensors.py
[2024-09-12T00:26:06.843+0000] {logging_mixin.py:188} INFO - [2024-09-12T00:26:06.843+0000] {dag.py:3089} INFO - Sync 1 DAGs
[2024-09-12T00:26:06.856+0000] {logging_mixin.py:188} INFO - [2024-09-12T00:26:06.856+0000] {dag.py:3947} INFO - Setting next_dagrun for example_sensors to None, run_after=None
[2024-09-12T00:26:06.876+0000] {processor.py:183} INFO - Processing /home/airflow/.local/lib/python3.12/site-packages/airflow/example_dags/example_sensors.py took 0.075 seconds
[2024-09-12T00:26:37.413+0000] {processor.py:161} INFO - Started process (PID=802) to work on /home/airflow/.local/lib/python3.12/site-packages/airflow/example_dags/example_sensors.py
[2024-09-12T00:26:37.414+0000] {processor.py:830} INFO - Processing file /home/airflow/.local/lib/python3.12/site-packages/airflow/example_dags/example_sensors.py for tasks to queue
[2024-09-12T00:26:37.416+0000] {logging_mixin.py:188} INFO - [2024-09-12T00:26:37.415+0000] {dagbag.py:545} INFO - Filling up the DagBag from /home/airflow/.local/lib/python3.12/site-packages/airflow/example_dags/example_sensors.py
[2024-09-12T00:26:37.425+0000] {processor.py:840} INFO - DAG(s) 'example_sensors' retrieved from /home/airflow/.local/lib/python3.12/site-packages/airflow/example_dags/example_sensors.py
[2024-09-12T00:26:37.450+0000] {logging_mixin.py:188} INFO - [2024-09-12T00:26:37.450+0000] {dag.py:3089} INFO - Sync 1 DAGs
[2024-09-12T00:26:37.463+0000] {logging_mixin.py:188} INFO - [2024-09-12T00:26:37.463+0000] {dag.py:3947} INFO - Setting next_dagrun for example_sensors to None, run_after=None
[2024-09-12T00:26:37.482+0000] {processor.py:183} INFO - Processing /home/airflow/.local/lib/python3.12/site-packages/airflow/example_dags/example_sensors.py took 0.075 seconds
[2024-09-12T00:27:07.931+0000] {processor.py:161} INFO - Started process (PID=862) to work on /home/airflow/.local/lib/python3.12/site-packages/airflow/example_dags/example_sensors.py
[2024-09-12T00:27:07.932+0000] {processor.py:830} INFO - Processing file /home/airflow/.local/lib/python3.12/site-packages/airflow/example_dags/example_sensors.py for tasks to queue
[2024-09-12T00:27:07.934+0000] {logging_mixin.py:188} INFO - [2024-09-12T00:27:07.934+0000] {dagbag.py:545} INFO - Filling up the DagBag from /home/airflow/.local/lib/python3.12/site-packages/airflow/example_dags/example_sensors.py
[2024-09-12T00:27:07.944+0000] {processor.py:840} INFO - DAG(s) 'example_sensors' retrieved from /home/airflow/.local/lib/python3.12/site-packages/airflow/example_dags/example_sensors.py
[2024-09-12T00:27:07.968+0000] {logging_mixin.py:188} INFO - [2024-09-12T00:27:07.968+0000] {dag.py:3089} INFO - Sync 1 DAGs
[2024-09-12T00:27:07.980+0000] {logging_mixin.py:188} INFO - [2024-09-12T00:27:07.980+0000] {dag.py:3947} INFO - Setting next_dagrun for example_sensors to None, run_after=None
[2024-09-12T00:27:08.000+0000] {processor.py:183} INFO - Processing /home/airflow/.local/lib/python3.12/site-packages/airflow/example_dags/example_sensors.py took 0.076 seconds
[2024-09-12T00:27:38.129+0000] {processor.py:161} INFO - Started process (PID=922) to work on /home/airflow/.local/lib/python3.12/site-packages/airflow/example_dags/example_sensors.py
[2024-09-12T00:27:38.130+0000] {processor.py:830} INFO - Processing file /home/airflow/.local/lib/python3.12/site-packages/airflow/example_dags/example_sensors.py for tasks to queue
[2024-09-12T00:27:38.132+0000] {logging_mixin.py:188} INFO - [2024-09-12T00:27:38.131+0000] {dagbag.py:545} INFO - Filling up the DagBag from /home/airflow/.local/lib/python3.12/site-packages/airflow/example_dags/example_sensors.py
[2024-09-12T00:27:38.140+0000] {processor.py:840} INFO - DAG(s) 'example_sensors' retrieved from /home/airflow/.local/lib/python3.12/site-packages/airflow/example_dags/example_sensors.py
[2024-09-12T00:27:38.165+0000] {logging_mixin.py:188} INFO - [2024-09-12T00:27:38.165+0000] {dag.py:3089} INFO - Sync 1 DAGs
[2024-09-12T00:27:38.177+0000] {logging_mixin.py:188} INFO - [2024-09-12T00:27:38.177+0000] {dag.py:3947} INFO - Setting next_dagrun for example_sensors to None, run_after=None
[2024-09-12T00:27:38.197+0000] {processor.py:183} INFO - Processing /home/airflow/.local/lib/python3.12/site-packages/airflow/example_dags/example_sensors.py took 0.074 seconds
[2024-09-12T00:28:08.641+0000] {processor.py:161} INFO - Started process (PID=982) to work on /home/airflow/.local/lib/python3.12/site-packages/airflow/example_dags/example_sensors.py
[2024-09-12T00:28:08.642+0000] {processor.py:830} INFO - Processing file /home/airflow/.local/lib/python3.12/site-packages/airflow/example_dags/example_sensors.py for tasks to queue
[2024-09-12T00:28:08.643+0000] {logging_mixin.py:188} INFO - [2024-09-12T00:28:08.643+0000] {dagbag.py:545} INFO - Filling up the DagBag from /home/airflow/.local/lib/python3.12/site-packages/airflow/example_dags/example_sensors.py
[2024-09-12T00:28:08.652+0000] {processor.py:840} INFO - DAG(s) 'example_sensors' retrieved from /home/airflow/.local/lib/python3.12/site-packages/airflow/example_dags/example_sensors.py
[2024-09-12T00:28:08.676+0000] {logging_mixin.py:188} INFO - [2024-09-12T00:28:08.676+0000] {dag.py:3089} INFO - Sync 1 DAGs
[2024-09-12T00:28:08.689+0000] {logging_mixin.py:188} INFO - [2024-09-12T00:28:08.688+0000] {dag.py:3947} INFO - Setting next_dagrun for example_sensors to None, run_after=None
[2024-09-12T00:28:08.708+0000] {processor.py:183} INFO - Processing /home/airflow/.local/lib/python3.12/site-packages/airflow/example_dags/example_sensors.py took 0.073 seconds
[2024-09-12T00:28:38.786+0000] {processor.py:161} INFO - Started process (PID=1042) to work on /home/airflow/.local/lib/python3.12/site-packages/airflow/example_dags/example_sensors.py
[2024-09-12T00:28:38.787+0000] {processor.py:830} INFO - Processing file /home/airflow/.local/lib/python3.12/site-packages/airflow/example_dags/example_sensors.py for tasks to queue
[2024-09-12T00:28:38.789+0000] {logging_mixin.py:188} INFO - [2024-09-12T00:28:38.789+0000] {dagbag.py:545} INFO - Filling up the DagBag from /home/airflow/.local/lib/python3.12/site-packages/airflow/example_dags/example_sensors.py
[2024-09-12T00:28:38.798+0000] {processor.py:840} INFO - DAG(s) 'example_sensors' retrieved from /home/airflow/.local/lib/python3.12/site-packages/airflow/example_dags/example_sensors.py
[2024-09-12T00:28:38.823+0000] {logging_mixin.py:188} INFO - [2024-09-12T00:28:38.823+0000] {dag.py:3089} INFO - Sync 1 DAGs
[2024-09-12T00:28:38.835+0000] {logging_mixin.py:188} INFO - [2024-09-12T00:28:38.835+0000] {dag.py:3947} INFO - Setting next_dagrun for example_sensors to None, run_after=None
[2024-09-12T00:28:38.855+0000] {processor.py:183} INFO - Processing /home/airflow/.local/lib/python3.12/site-packages/airflow/example_dags/example_sensors.py took 0.074 seconds
[2024-09-12T00:29:09.170+0000] {processor.py:161} INFO - Started process (PID=1102) to work on /home/airflow/.local/lib/python3.12/site-packages/airflow/example_dags/example_sensors.py
[2024-09-12T00:29:09.171+0000] {processor.py:830} INFO - Processing file /home/airflow/.local/lib/python3.12/site-packages/airflow/example_dags/example_sensors.py for tasks to queue
[2024-09-12T00:29:09.173+0000] {logging_mixin.py:188} INFO - [2024-09-12T00:29:09.172+0000] {dagbag.py:545} INFO - Filling up the DagBag from /home/airflow/.local/lib/python3.12/site-packages/airflow/example_dags/example_sensors.py
[2024-09-12T00:29:09.181+0000] {processor.py:840} INFO - DAG(s) 'example_sensors' retrieved from /home/airflow/.local/lib/python3.12/site-packages/airflow/example_dags/example_sensors.py
[2024-09-12T00:29:09.206+0000] {logging_mixin.py:188} INFO - [2024-09-12T00:29:09.206+0000] {dag.py:3089} INFO - Sync 1 DAGs
[2024-09-12T00:29:09.219+0000] {logging_mixin.py:188} INFO - [2024-09-12T00:29:09.218+0000] {dag.py:3947} INFO - Setting next_dagrun for example_sensors to None, run_after=None
[2024-09-12T00:29:09.240+0000] {processor.py:183} INFO - Processing /home/airflow/.local/lib/python3.12/site-packages/airflow/example_dags/example_sensors.py took 0.075 seconds
[2024-09-12T00:29:39.710+0000] {processor.py:161} INFO - Started process (PID=1162) to work on /home/airflow/.local/lib/python3.12/site-packages/airflow/example_dags/example_sensors.py
[2024-09-12T00:29:39.711+0000] {processor.py:830} INFO - Processing file /home/airflow/.local/lib/python3.12/site-packages/airflow/example_dags/example_sensors.py for tasks to queue
[2024-09-12T00:29:39.713+0000] {logging_mixin.py:188} INFO - [2024-09-12T00:29:39.712+0000] {dagbag.py:545} INFO - Filling up the DagBag from /home/airflow/.local/lib/python3.12/site-packages/airflow/example_dags/example_sensors.py
[2024-09-12T00:29:39.722+0000] {processor.py:840} INFO - DAG(s) 'example_sensors' retrieved from /home/airflow/.local/lib/python3.12/site-packages/airflow/example_dags/example_sensors.py
[2024-09-12T00:29:39.746+0000] {logging_mixin.py:188} INFO - [2024-09-12T00:29:39.746+0000] {dag.py:3089} INFO - Sync 1 DAGs
[2024-09-12T00:29:39.759+0000] {logging_mixin.py:188} INFO - [2024-09-12T00:29:39.759+0000] {dag.py:3947} INFO - Setting next_dagrun for example_sensors to None, run_after=None
[2024-09-12T00:29:39.777+0000] {processor.py:183} INFO - Processing /home/airflow/.local/lib/python3.12/site-packages/airflow/example_dags/example_sensors.py took 0.073 seconds
[2024-09-12T00:30:10.009+0000] {processor.py:161} INFO - Started process (PID=1222) to work on /home/airflow/.local/lib/python3.12/site-packages/airflow/example_dags/example_sensors.py
[2024-09-12T00:30:10.010+0000] {processor.py:830} INFO - Processing file /home/airflow/.local/lib/python3.12/site-packages/airflow/example_dags/example_sensors.py for tasks to queue
[2024-09-12T00:30:10.012+0000] {logging_mixin.py:188} INFO - [2024-09-12T00:30:10.012+0000] {dagbag.py:545} INFO - Filling up the DagBag from /home/airflow/.local/lib/python3.12/site-packages/airflow/example_dags/example_sensors.py
[2024-09-12T00:30:10.022+0000] {processor.py:840} INFO - DAG(s) 'example_sensors' retrieved from /home/airflow/.local/lib/python3.12/site-packages/airflow/example_dags/example_sensors.py
[2024-09-12T00:30:10.048+0000] {logging_mixin.py:188} INFO - [2024-09-12T00:30:10.048+0000] {dag.py:3089} INFO - Sync 1 DAGs
[2024-09-12T00:30:10.062+0000] {logging_mixin.py:188} INFO - [2024-09-12T00:30:10.061+0000] {dag.py:3947} INFO - Setting next_dagrun for example_sensors to None, run_after=None
[2024-09-12T00:30:10.081+0000] {processor.py:183} INFO - Processing /home/airflow/.local/lib/python3.12/site-packages/airflow/example_dags/example_sensors.py took 0.078 seconds
[2024-09-12T00:30:40.240+0000] {processor.py:161} INFO - Started process (PID=1280) to work on /home/airflow/.local/lib/python3.12/site-packages/airflow/example_dags/example_sensors.py
[2024-09-12T00:30:40.241+0000] {processor.py:830} INFO - Processing file /home/airflow/.local/lib/python3.12/site-packages/airflow/example_dags/example_sensors.py for tasks to queue
[2024-09-12T00:30:40.243+0000] {logging_mixin.py:188} INFO - [2024-09-12T00:30:40.243+0000] {dagbag.py:545} INFO - Filling up the DagBag from /home/airflow/.local/lib/python3.12/site-packages/airflow/example_dags/example_sensors.py
[2024-09-12T00:30:40.252+0000] {processor.py:840} INFO - DAG(s) 'example_sensors' retrieved from /home/airflow/.local/lib/python3.12/site-packages/airflow/example_dags/example_sensors.py
[2024-09-12T00:30:40.276+0000] {logging_mixin.py:188} INFO - [2024-09-12T00:30:40.276+0000] {dag.py:3089} INFO - Sync 1 DAGs
[2024-09-12T00:30:40.422+0000] {logging_mixin.py:188} INFO - [2024-09-12T00:30:40.422+0000] {dag.py:3947} INFO - Setting next_dagrun for example_sensors to None, run_after=None
[2024-09-12T00:30:40.441+0000] {processor.py:183} INFO - Processing /home/airflow/.local/lib/python3.12/site-packages/airflow/example_dags/example_sensors.py took 0.206 seconds
[2024-09-12T00:31:10.561+0000] {processor.py:161} INFO - Started process (PID=1340) to work on /home/airflow/.local/lib/python3.12/site-packages/airflow/example_dags/example_sensors.py
[2024-09-12T00:31:10.562+0000] {processor.py:830} INFO - Processing file /home/airflow/.local/lib/python3.12/site-packages/airflow/example_dags/example_sensors.py for tasks to queue
[2024-09-12T00:31:10.564+0000] {logging_mixin.py:188} INFO - [2024-09-12T00:31:10.563+0000] {dagbag.py:545} INFO - Filling up the DagBag from /home/airflow/.local/lib/python3.12/site-packages/airflow/example_dags/example_sensors.py
[2024-09-12T00:31:10.573+0000] {processor.py:840} INFO - DAG(s) 'example_sensors' retrieved from /home/airflow/.local/lib/python3.12/site-packages/airflow/example_dags/example_sensors.py
[2024-09-12T00:31:10.597+0000] {logging_mixin.py:188} INFO - [2024-09-12T00:31:10.597+0000] {dag.py:3089} INFO - Sync 1 DAGs
[2024-09-12T00:31:10.722+0000] {logging_mixin.py:188} INFO - [2024-09-12T00:31:10.722+0000] {dag.py:3947} INFO - Setting next_dagrun for example_sensors to None, run_after=None
[2024-09-12T00:31:10.740+0000] {processor.py:183} INFO - Processing /home/airflow/.local/lib/python3.12/site-packages/airflow/example_dags/example_sensors.py took 0.184 seconds
[2024-09-12T00:31:41.008+0000] {processor.py:161} INFO - Started process (PID=1400) to work on /home/airflow/.local/lib/python3.12/site-packages/airflow/example_dags/example_sensors.py
[2024-09-12T00:31:41.009+0000] {processor.py:830} INFO - Processing file /home/airflow/.local/lib/python3.12/site-packages/airflow/example_dags/example_sensors.py for tasks to queue
[2024-09-12T00:31:41.011+0000] {logging_mixin.py:188} INFO - [2024-09-12T00:31:41.011+0000] {dagbag.py:545} INFO - Filling up the DagBag from /home/airflow/.local/lib/python3.12/site-packages/airflow/example_dags/example_sensors.py
[2024-09-12T00:31:41.024+0000] {processor.py:840} INFO - DAG(s) 'example_sensors' retrieved from /home/airflow/.local/lib/python3.12/site-packages/airflow/example_dags/example_sensors.py
[2024-09-12T00:31:41.050+0000] {logging_mixin.py:188} INFO - [2024-09-12T00:31:41.049+0000] {dag.py:3089} INFO - Sync 1 DAGs
[2024-09-12T00:31:41.065+0000] {logging_mixin.py:188} INFO - [2024-09-12T00:31:41.065+0000] {dag.py:3947} INFO - Setting next_dagrun for example_sensors to None, run_after=None
[2024-09-12T00:31:41.208+0000] {processor.py:183} INFO - Processing /home/airflow/.local/lib/python3.12/site-packages/airflow/example_dags/example_sensors.py took 0.206 seconds
[2024-09-12T00:32:12.012+0000] {processor.py:161} INFO - Started process (PID=1460) to work on /home/airflow/.local/lib/python3.12/site-packages/airflow/example_dags/example_sensors.py
[2024-09-12T00:32:12.014+0000] {processor.py:830} INFO - Processing file /home/airflow/.local/lib/python3.12/site-packages/airflow/example_dags/example_sensors.py for tasks to queue
[2024-09-12T00:32:12.016+0000] {logging_mixin.py:188} INFO - [2024-09-12T00:32:12.016+0000] {dagbag.py:545} INFO - Filling up the DagBag from /home/airflow/.local/lib/python3.12/site-packages/airflow/example_dags/example_sensors.py
[2024-09-12T00:32:12.025+0000] {processor.py:840} INFO - DAG(s) 'example_sensors' retrieved from /home/airflow/.local/lib/python3.12/site-packages/airflow/example_dags/example_sensors.py
[2024-09-12T00:32:12.049+0000] {logging_mixin.py:188} INFO - [2024-09-12T00:32:12.049+0000] {dag.py:3089} INFO - Sync 1 DAGs
[2024-09-12T00:32:12.063+0000] {logging_mixin.py:188} INFO - [2024-09-12T00:32:12.063+0000] {dag.py:3947} INFO - Setting next_dagrun for example_sensors to None, run_after=None
[2024-09-12T00:32:12.211+0000] {processor.py:183} INFO - Processing /home/airflow/.local/lib/python3.12/site-packages/airflow/example_dags/example_sensors.py took 0.204 seconds
[2024-09-12T00:32:42.245+0000] {processor.py:161} INFO - Started process (PID=1520) to work on /home/airflow/.local/lib/python3.12/site-packages/airflow/example_dags/example_sensors.py
[2024-09-12T00:32:42.246+0000] {processor.py:830} INFO - Processing file /home/airflow/.local/lib/python3.12/site-packages/airflow/example_dags/example_sensors.py for tasks to queue
[2024-09-12T00:32:42.247+0000] {logging_mixin.py:188} INFO - [2024-09-12T00:32:42.247+0000] {dagbag.py:545} INFO - Filling up the DagBag from /home/airflow/.local/lib/python3.12/site-packages/airflow/example_dags/example_sensors.py
[2024-09-12T00:32:42.256+0000] {processor.py:840} INFO - DAG(s) 'example_sensors' retrieved from /home/airflow/.local/lib/python3.12/site-packages/airflow/example_dags/example_sensors.py
[2024-09-12T00:32:42.282+0000] {logging_mixin.py:188} INFO - [2024-09-12T00:32:42.281+0000] {dag.py:3089} INFO - Sync 1 DAGs
[2024-09-12T00:32:42.295+0000] {logging_mixin.py:188} INFO - [2024-09-12T00:32:42.295+0000] {dag.py:3947} INFO - Setting next_dagrun for example_sensors to None, run_after=None
[2024-09-12T00:32:42.316+0000] {processor.py:183} INFO - Processing /home/airflow/.local/lib/python3.12/site-packages/airflow/example_dags/example_sensors.py took 0.077 seconds
[2024-09-12T00:33:12.441+0000] {processor.py:161} INFO - Started process (PID=1580) to work on /home/airflow/.local/lib/python3.12/site-packages/airflow/example_dags/example_sensors.py
[2024-09-12T00:33:12.442+0000] {processor.py:830} INFO - Processing file /home/airflow/.local/lib/python3.12/site-packages/airflow/example_dags/example_sensors.py for tasks to queue
[2024-09-12T00:33:12.444+0000] {logging_mixin.py:188} INFO - [2024-09-12T00:33:12.443+0000] {dagbag.py:545} INFO - Filling up the DagBag from /home/airflow/.local/lib/python3.12/site-packages/airflow/example_dags/example_sensors.py
[2024-09-12T00:33:12.453+0000] {processor.py:840} INFO - DAG(s) 'example_sensors' retrieved from /home/airflow/.local/lib/python3.12/site-packages/airflow/example_dags/example_sensors.py
[2024-09-12T00:33:12.478+0000] {logging_mixin.py:188} INFO - [2024-09-12T00:33:12.478+0000] {dag.py:3089} INFO - Sync 1 DAGs
[2024-09-12T00:33:12.491+0000] {logging_mixin.py:188} INFO - [2024-09-12T00:33:12.491+0000] {dag.py:3947} INFO - Setting next_dagrun for example_sensors to None, run_after=None
[2024-09-12T00:33:12.510+0000] {processor.py:183} INFO - Processing /home/airflow/.local/lib/python3.12/site-packages/airflow/example_dags/example_sensors.py took 0.075 seconds
[2024-09-12T00:33:42.623+0000] {processor.py:161} INFO - Started process (PID=1640) to work on /home/airflow/.local/lib/python3.12/site-packages/airflow/example_dags/example_sensors.py
[2024-09-12T00:33:42.624+0000] {processor.py:830} INFO - Processing file /home/airflow/.local/lib/python3.12/site-packages/airflow/example_dags/example_sensors.py for tasks to queue
[2024-09-12T00:33:42.626+0000] {logging_mixin.py:188} INFO - [2024-09-12T00:33:42.625+0000] {dagbag.py:545} INFO - Filling up the DagBag from /home/airflow/.local/lib/python3.12/site-packages/airflow/example_dags/example_sensors.py
[2024-09-12T00:33:42.636+0000] {processor.py:840} INFO - DAG(s) 'example_sensors' retrieved from /home/airflow/.local/lib/python3.12/site-packages/airflow/example_dags/example_sensors.py
[2024-09-12T00:33:42.662+0000] {logging_mixin.py:188} INFO - [2024-09-12T00:33:42.662+0000] {dag.py:3089} INFO - Sync 1 DAGs
[2024-09-12T00:33:42.675+0000] {logging_mixin.py:188} INFO - [2024-09-12T00:33:42.675+0000] {dag.py:3947} INFO - Setting next_dagrun for example_sensors to None, run_after=None
[2024-09-12T00:33:42.702+0000] {processor.py:183} INFO - Processing /home/airflow/.local/lib/python3.12/site-packages/airflow/example_dags/example_sensors.py took 0.084 seconds
[2024-09-12T00:34:13.302+0000] {processor.py:161} INFO - Started process (PID=1700) to work on /home/airflow/.local/lib/python3.12/site-packages/airflow/example_dags/example_sensors.py
[2024-09-12T00:34:13.303+0000] {processor.py:830} INFO - Processing file /home/airflow/.local/lib/python3.12/site-packages/airflow/example_dags/example_sensors.py for tasks to queue
[2024-09-12T00:34:13.304+0000] {logging_mixin.py:188} INFO - [2024-09-12T00:34:13.304+0000] {dagbag.py:545} INFO - Filling up the DagBag from /home/airflow/.local/lib/python3.12/site-packages/airflow/example_dags/example_sensors.py
[2024-09-12T00:34:13.315+0000] {processor.py:840} INFO - DAG(s) 'example_sensors' retrieved from /home/airflow/.local/lib/python3.12/site-packages/airflow/example_dags/example_sensors.py
[2024-09-12T00:34:13.340+0000] {logging_mixin.py:188} INFO - [2024-09-12T00:34:13.340+0000] {dag.py:3089} INFO - Sync 1 DAGs
[2024-09-12T00:34:13.356+0000] {logging_mixin.py:188} INFO - [2024-09-12T00:34:13.355+0000] {dag.py:3947} INFO - Setting next_dagrun for example_sensors to None, run_after=None
[2024-09-12T00:34:13.379+0000] {processor.py:183} INFO - Processing /home/airflow/.local/lib/python3.12/site-packages/airflow/example_dags/example_sensors.py took 0.083 seconds
[2024-09-12T00:34:43.638+0000] {processor.py:161} INFO - Started process (PID=1760) to work on /home/airflow/.local/lib/python3.12/site-packages/airflow/example_dags/example_sensors.py
[2024-09-12T00:34:43.639+0000] {processor.py:830} INFO - Processing file /home/airflow/.local/lib/python3.12/site-packages/airflow/example_dags/example_sensors.py for tasks to queue
[2024-09-12T00:34:43.641+0000] {logging_mixin.py:188} INFO - [2024-09-12T00:34:43.640+0000] {dagbag.py:545} INFO - Filling up the DagBag from /home/airflow/.local/lib/python3.12/site-packages/airflow/example_dags/example_sensors.py
[2024-09-12T00:34:43.650+0000] {processor.py:840} INFO - DAG(s) 'example_sensors' retrieved from /home/airflow/.local/lib/python3.12/site-packages/airflow/example_dags/example_sensors.py
[2024-09-12T00:34:43.674+0000] {logging_mixin.py:188} INFO - [2024-09-12T00:34:43.674+0000] {dag.py:3089} INFO - Sync 1 DAGs
[2024-09-12T00:34:43.688+0000] {logging_mixin.py:188} INFO - [2024-09-12T00:34:43.687+0000] {dag.py:3947} INFO - Setting next_dagrun for example_sensors to None, run_after=None
[2024-09-12T00:34:43.709+0000] {processor.py:183} INFO - Processing /home/airflow/.local/lib/python3.12/site-packages/airflow/example_dags/example_sensors.py took 0.076 seconds
[2024-09-12T00:35:13.848+0000] {processor.py:161} INFO - Started process (PID=1820) to work on /home/airflow/.local/lib/python3.12/site-packages/airflow/example_dags/example_sensors.py
[2024-09-12T00:35:13.849+0000] {processor.py:830} INFO - Processing file /home/airflow/.local/lib/python3.12/site-packages/airflow/example_dags/example_sensors.py for tasks to queue
[2024-09-12T00:35:13.851+0000] {logging_mixin.py:188} INFO - [2024-09-12T00:35:13.851+0000] {dagbag.py:545} INFO - Filling up the DagBag from /home/airflow/.local/lib/python3.12/site-packages/airflow/example_dags/example_sensors.py
[2024-09-12T00:35:13.860+0000] {processor.py:840} INFO - DAG(s) 'example_sensors' retrieved from /home/airflow/.local/lib/python3.12/site-packages/airflow/example_dags/example_sensors.py
[2024-09-12T00:35:13.885+0000] {logging_mixin.py:188} INFO - [2024-09-12T00:35:13.885+0000] {dag.py:3089} INFO - Sync 1 DAGs
[2024-09-12T00:35:13.899+0000] {logging_mixin.py:188} INFO - [2024-09-12T00:35:13.898+0000] {dag.py:3947} INFO - Setting next_dagrun for example_sensors to None, run_after=None
[2024-09-12T00:35:13.922+0000] {processor.py:183} INFO - Processing /home/airflow/.local/lib/python3.12/site-packages/airflow/example_dags/example_sensors.py took 0.080 seconds
[2024-09-12T00:35:44.386+0000] {processor.py:161} INFO - Started process (PID=1880) to work on /home/airflow/.local/lib/python3.12/site-packages/airflow/example_dags/example_sensors.py
[2024-09-12T00:35:44.387+0000] {processor.py:830} INFO - Processing file /home/airflow/.local/lib/python3.12/site-packages/airflow/example_dags/example_sensors.py for tasks to queue
[2024-09-12T00:35:44.390+0000] {logging_mixin.py:188} INFO - [2024-09-12T00:35:44.389+0000] {dagbag.py:545} INFO - Filling up the DagBag from /home/airflow/.local/lib/python3.12/site-packages/airflow/example_dags/example_sensors.py
[2024-09-12T00:35:44.400+0000] {processor.py:840} INFO - DAG(s) 'example_sensors' retrieved from /home/airflow/.local/lib/python3.12/site-packages/airflow/example_dags/example_sensors.py
[2024-09-12T00:35:44.432+0000] {logging_mixin.py:188} INFO - [2024-09-12T00:35:44.432+0000] {dag.py:3089} INFO - Sync 1 DAGs
[2024-09-12T00:35:44.448+0000] {logging_mixin.py:188} INFO - [2024-09-12T00:35:44.447+0000] {dag.py:3947} INFO - Setting next_dagrun for example_sensors to None, run_after=None
[2024-09-12T00:35:44.476+0000] {processor.py:183} INFO - Processing /home/airflow/.local/lib/python3.12/site-packages/airflow/example_dags/example_sensors.py took 0.096 seconds
[2024-09-12T00:36:14.661+0000] {processor.py:161} INFO - Started process (PID=1940) to work on /home/airflow/.local/lib/python3.12/site-packages/airflow/example_dags/example_sensors.py
[2024-09-12T00:36:14.662+0000] {processor.py:830} INFO - Processing file /home/airflow/.local/lib/python3.12/site-packages/airflow/example_dags/example_sensors.py for tasks to queue
[2024-09-12T00:36:14.665+0000] {logging_mixin.py:188} INFO - [2024-09-12T00:36:14.665+0000] {dagbag.py:545} INFO - Filling up the DagBag from /home/airflow/.local/lib/python3.12/site-packages/airflow/example_dags/example_sensors.py
[2024-09-12T00:36:14.675+0000] {processor.py:840} INFO - DAG(s) 'example_sensors' retrieved from /home/airflow/.local/lib/python3.12/site-packages/airflow/example_dags/example_sensors.py
[2024-09-12T00:36:14.704+0000] {logging_mixin.py:188} INFO - [2024-09-12T00:36:14.703+0000] {dag.py:3089} INFO - Sync 1 DAGs
[2024-09-12T00:36:14.718+0000] {logging_mixin.py:188} INFO - [2024-09-12T00:36:14.718+0000] {dag.py:3947} INFO - Setting next_dagrun for example_sensors to None, run_after=None
[2024-09-12T00:36:14.738+0000] {processor.py:183} INFO - Processing /home/airflow/.local/lib/python3.12/site-packages/airflow/example_dags/example_sensors.py took 0.082 seconds
[2024-09-12T00:36:44.857+0000] {processor.py:161} INFO - Started process (PID=2000) to work on /home/airflow/.local/lib/python3.12/site-packages/airflow/example_dags/example_sensors.py
[2024-09-12T00:36:44.858+0000] {processor.py:830} INFO - Processing file /home/airflow/.local/lib/python3.12/site-packages/airflow/example_dags/example_sensors.py for tasks to queue
[2024-09-12T00:36:44.860+0000] {logging_mixin.py:188} INFO - [2024-09-12T00:36:44.859+0000] {dagbag.py:545} INFO - Filling up the DagBag from /home/airflow/.local/lib/python3.12/site-packages/airflow/example_dags/example_sensors.py
[2024-09-12T00:36:44.870+0000] {processor.py:840} INFO - DAG(s) 'example_sensors' retrieved from /home/airflow/.local/lib/python3.12/site-packages/airflow/example_dags/example_sensors.py
[2024-09-12T00:36:44.895+0000] {logging_mixin.py:188} INFO - [2024-09-12T00:36:44.895+0000] {dag.py:3089} INFO - Sync 1 DAGs
[2024-09-12T00:36:44.908+0000] {logging_mixin.py:188} INFO - [2024-09-12T00:36:44.908+0000] {dag.py:3947} INFO - Setting next_dagrun for example_sensors to None, run_after=None
[2024-09-12T00:36:44.928+0000] {processor.py:183} INFO - Processing /home/airflow/.local/lib/python3.12/site-packages/airflow/example_dags/example_sensors.py took 0.077 seconds
[2024-09-12T00:37:15.028+0000] {processor.py:161} INFO - Started process (PID=2060) to work on /home/airflow/.local/lib/python3.12/site-packages/airflow/example_dags/example_sensors.py
[2024-09-12T00:37:15.029+0000] {processor.py:830} INFO - Processing file /home/airflow/.local/lib/python3.12/site-packages/airflow/example_dags/example_sensors.py for tasks to queue
[2024-09-12T00:37:15.031+0000] {logging_mixin.py:188} INFO - [2024-09-12T00:37:15.030+0000] {dagbag.py:545} INFO - Filling up the DagBag from /home/airflow/.local/lib/python3.12/site-packages/airflow/example_dags/example_sensors.py
[2024-09-12T00:37:15.040+0000] {processor.py:840} INFO - DAG(s) 'example_sensors' retrieved from /home/airflow/.local/lib/python3.12/site-packages/airflow/example_dags/example_sensors.py
[2024-09-12T00:37:15.064+0000] {logging_mixin.py:188} INFO - [2024-09-12T00:37:15.064+0000] {dag.py:3089} INFO - Sync 1 DAGs
[2024-09-12T00:37:15.078+0000] {logging_mixin.py:188} INFO - [2024-09-12T00:37:15.078+0000] {dag.py:3947} INFO - Setting next_dagrun for example_sensors to None, run_after=None
[2024-09-12T00:37:15.098+0000] {processor.py:183} INFO - Processing /home/airflow/.local/lib/python3.12/site-packages/airflow/example_dags/example_sensors.py took 0.076 seconds
[2024-09-12T00:37:46.035+0000] {processor.py:161} INFO - Started process (PID=2120) to work on /home/airflow/.local/lib/python3.12/site-packages/airflow/example_dags/example_sensors.py
[2024-09-12T00:37:46.035+0000] {processor.py:830} INFO - Processing file /home/airflow/.local/lib/python3.12/site-packages/airflow/example_dags/example_sensors.py for tasks to queue
[2024-09-12T00:37:46.037+0000] {logging_mixin.py:188} INFO - [2024-09-12T00:37:46.037+0000] {dagbag.py:545} INFO - Filling up the DagBag from /home/airflow/.local/lib/python3.12/site-packages/airflow/example_dags/example_sensors.py
[2024-09-12T00:37:46.046+0000] {processor.py:840} INFO - DAG(s) 'example_sensors' retrieved from /home/airflow/.local/lib/python3.12/site-packages/airflow/example_dags/example_sensors.py
[2024-09-12T00:37:46.074+0000] {logging_mixin.py:188} INFO - [2024-09-12T00:37:46.074+0000] {dag.py:3089} INFO - Sync 1 DAGs
[2024-09-12T00:37:46.087+0000] {logging_mixin.py:188} INFO - [2024-09-12T00:37:46.087+0000] {dag.py:3947} INFO - Setting next_dagrun for example_sensors to None, run_after=None
[2024-09-12T00:37:46.108+0000] {processor.py:183} INFO - Processing /home/airflow/.local/lib/python3.12/site-packages/airflow/example_dags/example_sensors.py took 0.079 seconds
