[2024-09-12T00:20:22.665+0000] {processor.py:161} INFO - Started process (PID=58) to work on /home/airflow/.local/lib/python3.12/site-packages/airflow/example_dags/example_sla_dag.py
[2024-09-12T00:20:22.667+0000] {processor.py:830} INFO - Processing file /home/airflow/.local/lib/python3.12/site-packages/airflow/example_dags/example_sla_dag.py for tasks to queue
[2024-09-12T00:20:22.670+0000] {logging_mixin.py:188} INFO - [2024-09-12T00:20:22.669+0000] {dagbag.py:545} INFO - Filling up the DagBag from /home/airflow/.local/lib/python3.12/site-packages/airflow/example_dags/example_sla_dag.py
[2024-09-12T00:20:22.693+0000] {processor.py:840} INFO - DAG(s) 'example_sla_dag' retrieved from /home/airflow/.local/lib/python3.12/site-packages/airflow/example_dags/example_sla_dag.py
[2024-09-12T00:20:22.734+0000] {logging_mixin.py:188} INFO - [2024-09-12T00:20:22.733+0000] {dag.py:3089} INFO - Sync 1 DAGs
[2024-09-12T00:20:22.778+0000] {logging_mixin.py:188} INFO - [2024-09-12T00:20:22.778+0000] {dag.py:3947} INFO - Setting next_dagrun for example_sla_dag to 2024-09-12 00:18:00+00:00, run_after=2024-09-12 00:20:00+00:00
[2024-09-12T00:20:22.800+0000] {processor.py:183} INFO - Processing /home/airflow/.local/lib/python3.12/site-packages/airflow/example_dags/example_sla_dag.py took 0.145 seconds
[2024-09-12T00:20:53.028+0000] {processor.py:161} INFO - Started process (PID=116) to work on /home/airflow/.local/lib/python3.12/site-packages/airflow/example_dags/example_sla_dag.py
[2024-09-12T00:20:53.029+0000] {processor.py:830} INFO - Processing file /home/airflow/.local/lib/python3.12/site-packages/airflow/example_dags/example_sla_dag.py for tasks to queue
[2024-09-12T00:20:53.031+0000] {logging_mixin.py:188} INFO - [2024-09-12T00:20:53.031+0000] {dagbag.py:545} INFO - Filling up the DagBag from /home/airflow/.local/lib/python3.12/site-packages/airflow/example_dags/example_sla_dag.py
[2024-09-12T00:20:53.043+0000] {processor.py:840} INFO - DAG(s) 'example_sla_dag' retrieved from /home/airflow/.local/lib/python3.12/site-packages/airflow/example_dags/example_sla_dag.py
[2024-09-12T00:20:53.065+0000] {logging_mixin.py:188} INFO - [2024-09-12T00:20:53.065+0000] {dag.py:3089} INFO - Sync 1 DAGs
[2024-09-12T00:20:53.100+0000] {logging_mixin.py:188} INFO - [2024-09-12T00:20:53.100+0000] {dag.py:3947} INFO - Setting next_dagrun for example_sla_dag to 2024-09-12 00:18:00+00:00, run_after=2024-09-12 00:20:00+00:00
[2024-09-12T00:20:53.126+0000] {processor.py:183} INFO - Processing /home/airflow/.local/lib/python3.12/site-packages/airflow/example_dags/example_sla_dag.py took 0.104 seconds
[2024-09-12T00:21:23.231+0000] {processor.py:161} INFO - Started process (PID=176) to work on /home/airflow/.local/lib/python3.12/site-packages/airflow/example_dags/example_sla_dag.py
[2024-09-12T00:21:23.234+0000] {processor.py:830} INFO - Processing file /home/airflow/.local/lib/python3.12/site-packages/airflow/example_dags/example_sla_dag.py for tasks to queue
[2024-09-12T00:21:23.237+0000] {logging_mixin.py:188} INFO - [2024-09-12T00:21:23.236+0000] {dagbag.py:545} INFO - Filling up the DagBag from /home/airflow/.local/lib/python3.12/site-packages/airflow/example_dags/example_sla_dag.py
[2024-09-12T00:21:23.249+0000] {processor.py:840} INFO - DAG(s) 'example_sla_dag' retrieved from /home/airflow/.local/lib/python3.12/site-packages/airflow/example_dags/example_sla_dag.py
[2024-09-12T00:21:23.271+0000] {logging_mixin.py:188} INFO - [2024-09-12T00:21:23.271+0000] {dag.py:3089} INFO - Sync 1 DAGs
[2024-09-12T00:21:23.298+0000] {logging_mixin.py:188} INFO - [2024-09-12T00:21:23.297+0000] {dag.py:3947} INFO - Setting next_dagrun for example_sla_dag to 2024-09-12 00:18:00+00:00, run_after=2024-09-12 00:20:00+00:00
[2024-09-12T00:21:23.316+0000] {processor.py:183} INFO - Processing /home/airflow/.local/lib/python3.12/site-packages/airflow/example_dags/example_sla_dag.py took 0.094 seconds
[2024-09-12T00:21:53.518+0000] {processor.py:161} INFO - Started process (PID=236) to work on /home/airflow/.local/lib/python3.12/site-packages/airflow/example_dags/example_sla_dag.py
[2024-09-12T00:21:53.519+0000] {processor.py:830} INFO - Processing file /home/airflow/.local/lib/python3.12/site-packages/airflow/example_dags/example_sla_dag.py for tasks to queue
[2024-09-12T00:21:53.521+0000] {logging_mixin.py:188} INFO - [2024-09-12T00:21:53.521+0000] {dagbag.py:545} INFO - Filling up the DagBag from /home/airflow/.local/lib/python3.12/site-packages/airflow/example_dags/example_sla_dag.py
[2024-09-12T00:21:53.530+0000] {processor.py:840} INFO - DAG(s) 'example_sla_dag' retrieved from /home/airflow/.local/lib/python3.12/site-packages/airflow/example_dags/example_sla_dag.py
[2024-09-12T00:21:53.548+0000] {logging_mixin.py:188} INFO - [2024-09-12T00:21:53.548+0000] {dag.py:3089} INFO - Sync 1 DAGs
[2024-09-12T00:21:53.572+0000] {logging_mixin.py:188} INFO - [2024-09-12T00:21:53.572+0000] {dag.py:3947} INFO - Setting next_dagrun for example_sla_dag to 2024-09-12 00:18:00+00:00, run_after=2024-09-12 00:20:00+00:00
[2024-09-12T00:21:53.590+0000] {processor.py:183} INFO - Processing /home/airflow/.local/lib/python3.12/site-packages/airflow/example_dags/example_sla_dag.py took 0.078 seconds
[2024-09-12T00:22:24.049+0000] {processor.py:161} INFO - Started process (PID=296) to work on /home/airflow/.local/lib/python3.12/site-packages/airflow/example_dags/example_sla_dag.py
[2024-09-12T00:22:24.050+0000] {processor.py:830} INFO - Processing file /home/airflow/.local/lib/python3.12/site-packages/airflow/example_dags/example_sla_dag.py for tasks to queue
[2024-09-12T00:22:24.053+0000] {logging_mixin.py:188} INFO - [2024-09-12T00:22:24.052+0000] {dagbag.py:545} INFO - Filling up the DagBag from /home/airflow/.local/lib/python3.12/site-packages/airflow/example_dags/example_sla_dag.py
[2024-09-12T00:22:24.065+0000] {processor.py:840} INFO - DAG(s) 'example_sla_dag' retrieved from /home/airflow/.local/lib/python3.12/site-packages/airflow/example_dags/example_sla_dag.py
[2024-09-12T00:22:24.090+0000] {logging_mixin.py:188} INFO - [2024-09-12T00:22:24.089+0000] {dag.py:3089} INFO - Sync 1 DAGs
[2024-09-12T00:22:24.119+0000] {logging_mixin.py:188} INFO - [2024-09-12T00:22:24.118+0000] {dag.py:3947} INFO - Setting next_dagrun for example_sla_dag to 2024-09-12 00:20:00+00:00, run_after=2024-09-12 00:22:00+00:00
[2024-09-12T00:22:24.140+0000] {processor.py:183} INFO - Processing /home/airflow/.local/lib/python3.12/site-packages/airflow/example_dags/example_sla_dag.py took 0.097 seconds
[2024-09-12T00:22:54.886+0000] {processor.py:161} INFO - Started process (PID=362) to work on /home/airflow/.local/lib/python3.12/site-packages/airflow/example_dags/example_sla_dag.py
[2024-09-12T00:22:54.887+0000] {processor.py:830} INFO - Processing file /home/airflow/.local/lib/python3.12/site-packages/airflow/example_dags/example_sla_dag.py for tasks to queue
[2024-09-12T00:22:54.889+0000] {logging_mixin.py:188} INFO - [2024-09-12T00:22:54.889+0000] {dagbag.py:545} INFO - Filling up the DagBag from /home/airflow/.local/lib/python3.12/site-packages/airflow/example_dags/example_sla_dag.py
[2024-09-12T00:22:54.897+0000] {processor.py:840} INFO - DAG(s) 'example_sla_dag' retrieved from /home/airflow/.local/lib/python3.12/site-packages/airflow/example_dags/example_sla_dag.py
[2024-09-12T00:22:54.916+0000] {logging_mixin.py:188} INFO - [2024-09-12T00:22:54.916+0000] {dag.py:3089} INFO - Sync 1 DAGs
[2024-09-12T00:22:54.940+0000] {logging_mixin.py:188} INFO - [2024-09-12T00:22:54.940+0000] {dag.py:3947} INFO - Setting next_dagrun for example_sla_dag to 2024-09-12 00:20:00+00:00, run_after=2024-09-12 00:22:00+00:00
[2024-09-12T00:22:54.960+0000] {processor.py:183} INFO - Processing /home/airflow/.local/lib/python3.12/site-packages/airflow/example_dags/example_sla_dag.py took 0.079 seconds
[2024-09-12T00:23:25.017+0000] {processor.py:161} INFO - Started process (PID=422) to work on /home/airflow/.local/lib/python3.12/site-packages/airflow/example_dags/example_sla_dag.py
[2024-09-12T00:23:25.018+0000] {processor.py:830} INFO - Processing file /home/airflow/.local/lib/python3.12/site-packages/airflow/example_dags/example_sla_dag.py for tasks to queue
[2024-09-12T00:23:25.021+0000] {logging_mixin.py:188} INFO - [2024-09-12T00:23:25.020+0000] {dagbag.py:545} INFO - Filling up the DagBag from /home/airflow/.local/lib/python3.12/site-packages/airflow/example_dags/example_sla_dag.py
[2024-09-12T00:23:25.029+0000] {processor.py:840} INFO - DAG(s) 'example_sla_dag' retrieved from /home/airflow/.local/lib/python3.12/site-packages/airflow/example_dags/example_sla_dag.py
[2024-09-12T00:23:25.048+0000] {logging_mixin.py:188} INFO - [2024-09-12T00:23:25.048+0000] {dag.py:3089} INFO - Sync 1 DAGs
[2024-09-12T00:23:25.072+0000] {logging_mixin.py:188} INFO - [2024-09-12T00:23:25.072+0000] {dag.py:3947} INFO - Setting next_dagrun for example_sla_dag to 2024-09-12 00:20:00+00:00, run_after=2024-09-12 00:22:00+00:00
[2024-09-12T00:23:25.090+0000] {processor.py:183} INFO - Processing /home/airflow/.local/lib/python3.12/site-packages/airflow/example_dags/example_sla_dag.py took 0.079 seconds
[2024-09-12T00:23:55.580+0000] {processor.py:161} INFO - Started process (PID=482) to work on /home/airflow/.local/lib/python3.12/site-packages/airflow/example_dags/example_sla_dag.py
[2024-09-12T00:23:55.581+0000] {processor.py:830} INFO - Processing file /home/airflow/.local/lib/python3.12/site-packages/airflow/example_dags/example_sla_dag.py for tasks to queue
[2024-09-12T00:23:55.583+0000] {logging_mixin.py:188} INFO - [2024-09-12T00:23:55.583+0000] {dagbag.py:545} INFO - Filling up the DagBag from /home/airflow/.local/lib/python3.12/site-packages/airflow/example_dags/example_sla_dag.py
[2024-09-12T00:23:55.593+0000] {processor.py:840} INFO - DAG(s) 'example_sla_dag' retrieved from /home/airflow/.local/lib/python3.12/site-packages/airflow/example_dags/example_sla_dag.py
[2024-09-12T00:23:55.614+0000] {logging_mixin.py:188} INFO - [2024-09-12T00:23:55.614+0000] {dag.py:3089} INFO - Sync 1 DAGs
[2024-09-12T00:23:55.643+0000] {logging_mixin.py:188} INFO - [2024-09-12T00:23:55.643+0000] {dag.py:3947} INFO - Setting next_dagrun for example_sla_dag to 2024-09-12 00:20:00+00:00, run_after=2024-09-12 00:22:00+00:00
[2024-09-12T00:23:55.663+0000] {processor.py:183} INFO - Processing /home/airflow/.local/lib/python3.12/site-packages/airflow/example_dags/example_sla_dag.py took 0.090 seconds
[2024-09-12T00:24:25.802+0000] {processor.py:161} INFO - Started process (PID=542) to work on /home/airflow/.local/lib/python3.12/site-packages/airflow/example_dags/example_sla_dag.py
[2024-09-12T00:24:25.803+0000] {processor.py:830} INFO - Processing file /home/airflow/.local/lib/python3.12/site-packages/airflow/example_dags/example_sla_dag.py for tasks to queue
[2024-09-12T00:24:25.806+0000] {logging_mixin.py:188} INFO - [2024-09-12T00:24:25.805+0000] {dagbag.py:545} INFO - Filling up the DagBag from /home/airflow/.local/lib/python3.12/site-packages/airflow/example_dags/example_sla_dag.py
[2024-09-12T00:24:25.814+0000] {processor.py:840} INFO - DAG(s) 'example_sla_dag' retrieved from /home/airflow/.local/lib/python3.12/site-packages/airflow/example_dags/example_sla_dag.py
[2024-09-12T00:24:25.834+0000] {logging_mixin.py:188} INFO - [2024-09-12T00:24:25.834+0000] {dag.py:3089} INFO - Sync 1 DAGs
[2024-09-12T00:24:25.859+0000] {logging_mixin.py:188} INFO - [2024-09-12T00:24:25.859+0000] {dag.py:3947} INFO - Setting next_dagrun for example_sla_dag to 2024-09-12 00:22:00+00:00, run_after=2024-09-12 00:24:00+00:00
[2024-09-12T00:24:25.877+0000] {processor.py:183} INFO - Processing /home/airflow/.local/lib/python3.12/site-packages/airflow/example_dags/example_sla_dag.py took 0.081 seconds
[2024-09-12T00:24:55.922+0000] {processor.py:161} INFO - Started process (PID=602) to work on /home/airflow/.local/lib/python3.12/site-packages/airflow/example_dags/example_sla_dag.py
[2024-09-12T00:24:55.923+0000] {processor.py:830} INFO - Processing file /home/airflow/.local/lib/python3.12/site-packages/airflow/example_dags/example_sla_dag.py for tasks to queue
[2024-09-12T00:24:55.925+0000] {logging_mixin.py:188} INFO - [2024-09-12T00:24:55.924+0000] {dagbag.py:545} INFO - Filling up the DagBag from /home/airflow/.local/lib/python3.12/site-packages/airflow/example_dags/example_sla_dag.py
[2024-09-12T00:24:55.933+0000] {processor.py:840} INFO - DAG(s) 'example_sla_dag' retrieved from /home/airflow/.local/lib/python3.12/site-packages/airflow/example_dags/example_sla_dag.py
[2024-09-12T00:24:55.951+0000] {logging_mixin.py:188} INFO - [2024-09-12T00:24:55.951+0000] {dag.py:3089} INFO - Sync 1 DAGs
[2024-09-12T00:24:55.976+0000] {logging_mixin.py:188} INFO - [2024-09-12T00:24:55.976+0000] {dag.py:3947} INFO - Setting next_dagrun for example_sla_dag to 2024-09-12 00:22:00+00:00, run_after=2024-09-12 00:24:00+00:00
[2024-09-12T00:24:55.995+0000] {processor.py:183} INFO - Processing /home/airflow/.local/lib/python3.12/site-packages/airflow/example_dags/example_sla_dag.py took 0.079 seconds
[2024-09-12T00:25:26.458+0000] {processor.py:161} INFO - Started process (PID=662) to work on /home/airflow/.local/lib/python3.12/site-packages/airflow/example_dags/example_sla_dag.py
[2024-09-12T00:25:26.459+0000] {processor.py:830} INFO - Processing file /home/airflow/.local/lib/python3.12/site-packages/airflow/example_dags/example_sla_dag.py for tasks to queue
[2024-09-12T00:25:26.461+0000] {logging_mixin.py:188} INFO - [2024-09-12T00:25:26.461+0000] {dagbag.py:545} INFO - Filling up the DagBag from /home/airflow/.local/lib/python3.12/site-packages/airflow/example_dags/example_sla_dag.py
[2024-09-12T00:25:26.471+0000] {processor.py:840} INFO - DAG(s) 'example_sla_dag' retrieved from /home/airflow/.local/lib/python3.12/site-packages/airflow/example_dags/example_sla_dag.py
[2024-09-12T00:25:26.490+0000] {logging_mixin.py:188} INFO - [2024-09-12T00:25:26.490+0000] {dag.py:3089} INFO - Sync 1 DAGs
[2024-09-12T00:25:26.513+0000] {logging_mixin.py:188} INFO - [2024-09-12T00:25:26.513+0000] {dag.py:3947} INFO - Setting next_dagrun for example_sla_dag to 2024-09-12 00:22:00+00:00, run_after=2024-09-12 00:24:00+00:00
[2024-09-12T00:25:26.533+0000] {processor.py:183} INFO - Processing /home/airflow/.local/lib/python3.12/site-packages/airflow/example_dags/example_sla_dag.py took 0.081 seconds
[2024-09-12T00:25:56.586+0000] {processor.py:161} INFO - Started process (PID=722) to work on /home/airflow/.local/lib/python3.12/site-packages/airflow/example_dags/example_sla_dag.py
[2024-09-12T00:25:56.587+0000] {processor.py:830} INFO - Processing file /home/airflow/.local/lib/python3.12/site-packages/airflow/example_dags/example_sla_dag.py for tasks to queue
[2024-09-12T00:25:56.589+0000] {logging_mixin.py:188} INFO - [2024-09-12T00:25:56.589+0000] {dagbag.py:545} INFO - Filling up the DagBag from /home/airflow/.local/lib/python3.12/site-packages/airflow/example_dags/example_sla_dag.py
[2024-09-12T00:25:56.598+0000] {processor.py:840} INFO - DAG(s) 'example_sla_dag' retrieved from /home/airflow/.local/lib/python3.12/site-packages/airflow/example_dags/example_sla_dag.py
[2024-09-12T00:25:56.616+0000] {logging_mixin.py:188} INFO - [2024-09-12T00:25:56.616+0000] {dag.py:3089} INFO - Sync 1 DAGs
[2024-09-12T00:25:56.640+0000] {logging_mixin.py:188} INFO - [2024-09-12T00:25:56.640+0000] {dag.py:3947} INFO - Setting next_dagrun for example_sla_dag to 2024-09-12 00:22:00+00:00, run_after=2024-09-12 00:24:00+00:00
[2024-09-12T00:25:56.659+0000] {processor.py:183} INFO - Processing /home/airflow/.local/lib/python3.12/site-packages/airflow/example_dags/example_sla_dag.py took 0.079 seconds
[2024-09-12T00:26:26.841+0000] {processor.py:161} INFO - Started process (PID=782) to work on /home/airflow/.local/lib/python3.12/site-packages/airflow/example_dags/example_sla_dag.py
[2024-09-12T00:26:26.842+0000] {processor.py:830} INFO - Processing file /home/airflow/.local/lib/python3.12/site-packages/airflow/example_dags/example_sla_dag.py for tasks to queue
[2024-09-12T00:26:26.844+0000] {logging_mixin.py:188} INFO - [2024-09-12T00:26:26.844+0000] {dagbag.py:545} INFO - Filling up the DagBag from /home/airflow/.local/lib/python3.12/site-packages/airflow/example_dags/example_sla_dag.py
[2024-09-12T00:26:26.853+0000] {processor.py:840} INFO - DAG(s) 'example_sla_dag' retrieved from /home/airflow/.local/lib/python3.12/site-packages/airflow/example_dags/example_sla_dag.py
[2024-09-12T00:26:26.871+0000] {logging_mixin.py:188} INFO - [2024-09-12T00:26:26.871+0000] {dag.py:3089} INFO - Sync 1 DAGs
[2024-09-12T00:26:26.895+0000] {logging_mixin.py:188} INFO - [2024-09-12T00:26:26.895+0000] {dag.py:3947} INFO - Setting next_dagrun for example_sla_dag to 2024-09-12 00:24:00+00:00, run_after=2024-09-12 00:26:00+00:00
[2024-09-12T00:26:26.914+0000] {processor.py:183} INFO - Processing /home/airflow/.local/lib/python3.12/site-packages/airflow/example_dags/example_sla_dag.py took 0.081 seconds
[2024-09-12T00:26:57.430+0000] {processor.py:161} INFO - Started process (PID=842) to work on /home/airflow/.local/lib/python3.12/site-packages/airflow/example_dags/example_sla_dag.py
[2024-09-12T00:26:57.431+0000] {processor.py:830} INFO - Processing file /home/airflow/.local/lib/python3.12/site-packages/airflow/example_dags/example_sla_dag.py for tasks to queue
[2024-09-12T00:26:57.433+0000] {logging_mixin.py:188} INFO - [2024-09-12T00:26:57.433+0000] {dagbag.py:545} INFO - Filling up the DagBag from /home/airflow/.local/lib/python3.12/site-packages/airflow/example_dags/example_sla_dag.py
[2024-09-12T00:26:57.441+0000] {processor.py:840} INFO - DAG(s) 'example_sla_dag' retrieved from /home/airflow/.local/lib/python3.12/site-packages/airflow/example_dags/example_sla_dag.py
[2024-09-12T00:26:57.460+0000] {logging_mixin.py:188} INFO - [2024-09-12T00:26:57.460+0000] {dag.py:3089} INFO - Sync 1 DAGs
[2024-09-12T00:26:57.484+0000] {logging_mixin.py:188} INFO - [2024-09-12T00:26:57.484+0000] {dag.py:3947} INFO - Setting next_dagrun for example_sla_dag to 2024-09-12 00:24:00+00:00, run_after=2024-09-12 00:26:00+00:00
[2024-09-12T00:26:57.503+0000] {processor.py:183} INFO - Processing /home/airflow/.local/lib/python3.12/site-packages/airflow/example_dags/example_sla_dag.py took 0.079 seconds
[2024-09-12T00:27:27.967+0000] {processor.py:161} INFO - Started process (PID=902) to work on /home/airflow/.local/lib/python3.12/site-packages/airflow/example_dags/example_sla_dag.py
[2024-09-12T00:27:27.968+0000] {processor.py:830} INFO - Processing file /home/airflow/.local/lib/python3.12/site-packages/airflow/example_dags/example_sla_dag.py for tasks to queue
[2024-09-12T00:27:27.970+0000] {logging_mixin.py:188} INFO - [2024-09-12T00:27:27.969+0000] {dagbag.py:545} INFO - Filling up the DagBag from /home/airflow/.local/lib/python3.12/site-packages/airflow/example_dags/example_sla_dag.py
[2024-09-12T00:27:27.978+0000] {processor.py:840} INFO - DAG(s) 'example_sla_dag' retrieved from /home/airflow/.local/lib/python3.12/site-packages/airflow/example_dags/example_sla_dag.py
[2024-09-12T00:27:27.995+0000] {logging_mixin.py:188} INFO - [2024-09-12T00:27:27.995+0000] {dag.py:3089} INFO - Sync 1 DAGs
[2024-09-12T00:27:28.019+0000] {logging_mixin.py:188} INFO - [2024-09-12T00:27:28.019+0000] {dag.py:3947} INFO - Setting next_dagrun for example_sla_dag to 2024-09-12 00:24:00+00:00, run_after=2024-09-12 00:26:00+00:00
[2024-09-12T00:27:28.037+0000] {processor.py:183} INFO - Processing /home/airflow/.local/lib/python3.12/site-packages/airflow/example_dags/example_sla_dag.py took 0.076 seconds
[2024-09-12T00:27:58.205+0000] {processor.py:161} INFO - Started process (PID=962) to work on /home/airflow/.local/lib/python3.12/site-packages/airflow/example_dags/example_sla_dag.py
[2024-09-12T00:27:58.206+0000] {processor.py:830} INFO - Processing file /home/airflow/.local/lib/python3.12/site-packages/airflow/example_dags/example_sla_dag.py for tasks to queue
[2024-09-12T00:27:58.208+0000] {logging_mixin.py:188} INFO - [2024-09-12T00:27:58.207+0000] {dagbag.py:545} INFO - Filling up the DagBag from /home/airflow/.local/lib/python3.12/site-packages/airflow/example_dags/example_sla_dag.py
[2024-09-12T00:27:58.217+0000] {processor.py:840} INFO - DAG(s) 'example_sla_dag' retrieved from /home/airflow/.local/lib/python3.12/site-packages/airflow/example_dags/example_sla_dag.py
[2024-09-12T00:27:58.235+0000] {logging_mixin.py:188} INFO - [2024-09-12T00:27:58.235+0000] {dag.py:3089} INFO - Sync 1 DAGs
[2024-09-12T00:27:58.261+0000] {logging_mixin.py:188} INFO - [2024-09-12T00:27:58.260+0000] {dag.py:3947} INFO - Setting next_dagrun for example_sla_dag to 2024-09-12 00:24:00+00:00, run_after=2024-09-12 00:26:00+00:00
[2024-09-12T00:27:58.278+0000] {processor.py:183} INFO - Processing /home/airflow/.local/lib/python3.12/site-packages/airflow/example_dags/example_sla_dag.py took 0.079 seconds
[2024-09-12T00:28:28.506+0000] {processor.py:161} INFO - Started process (PID=1022) to work on /home/airflow/.local/lib/python3.12/site-packages/airflow/example_dags/example_sla_dag.py
[2024-09-12T00:28:28.508+0000] {processor.py:830} INFO - Processing file /home/airflow/.local/lib/python3.12/site-packages/airflow/example_dags/example_sla_dag.py for tasks to queue
[2024-09-12T00:28:28.510+0000] {logging_mixin.py:188} INFO - [2024-09-12T00:28:28.510+0000] {dagbag.py:545} INFO - Filling up the DagBag from /home/airflow/.local/lib/python3.12/site-packages/airflow/example_dags/example_sla_dag.py
[2024-09-12T00:28:28.519+0000] {processor.py:840} INFO - DAG(s) 'example_sla_dag' retrieved from /home/airflow/.local/lib/python3.12/site-packages/airflow/example_dags/example_sla_dag.py
[2024-09-12T00:28:28.537+0000] {logging_mixin.py:188} INFO - [2024-09-12T00:28:28.537+0000] {dag.py:3089} INFO - Sync 1 DAGs
[2024-09-12T00:28:28.562+0000] {logging_mixin.py:188} INFO - [2024-09-12T00:28:28.562+0000] {dag.py:3947} INFO - Setting next_dagrun for example_sla_dag to 2024-09-12 00:26:00+00:00, run_after=2024-09-12 00:28:00+00:00
[2024-09-12T00:28:28.582+0000] {processor.py:183} INFO - Processing /home/airflow/.local/lib/python3.12/site-packages/airflow/example_dags/example_sla_dag.py took 0.081 seconds
[2024-09-12T00:28:58.873+0000] {processor.py:161} INFO - Started process (PID=1082) to work on /home/airflow/.local/lib/python3.12/site-packages/airflow/example_dags/example_sla_dag.py
[2024-09-12T00:28:58.874+0000] {processor.py:830} INFO - Processing file /home/airflow/.local/lib/python3.12/site-packages/airflow/example_dags/example_sla_dag.py for tasks to queue
[2024-09-12T00:28:58.876+0000] {logging_mixin.py:188} INFO - [2024-09-12T00:28:58.875+0000] {dagbag.py:545} INFO - Filling up the DagBag from /home/airflow/.local/lib/python3.12/site-packages/airflow/example_dags/example_sla_dag.py
[2024-09-12T00:28:58.884+0000] {processor.py:840} INFO - DAG(s) 'example_sla_dag' retrieved from /home/airflow/.local/lib/python3.12/site-packages/airflow/example_dags/example_sla_dag.py
[2024-09-12T00:28:58.902+0000] {logging_mixin.py:188} INFO - [2024-09-12T00:28:58.902+0000] {dag.py:3089} INFO - Sync 1 DAGs
[2024-09-12T00:28:58.925+0000] {logging_mixin.py:188} INFO - [2024-09-12T00:28:58.925+0000] {dag.py:3947} INFO - Setting next_dagrun for example_sla_dag to 2024-09-12 00:26:00+00:00, run_after=2024-09-12 00:28:00+00:00
[2024-09-12T00:28:58.943+0000] {processor.py:183} INFO - Processing /home/airflow/.local/lib/python3.12/site-packages/airflow/example_dags/example_sla_dag.py took 0.076 seconds
[2024-09-12T00:29:29.298+0000] {processor.py:161} INFO - Started process (PID=1142) to work on /home/airflow/.local/lib/python3.12/site-packages/airflow/example_dags/example_sla_dag.py
[2024-09-12T00:29:29.299+0000] {processor.py:830} INFO - Processing file /home/airflow/.local/lib/python3.12/site-packages/airflow/example_dags/example_sla_dag.py for tasks to queue
[2024-09-12T00:29:29.301+0000] {logging_mixin.py:188} INFO - [2024-09-12T00:29:29.301+0000] {dagbag.py:545} INFO - Filling up the DagBag from /home/airflow/.local/lib/python3.12/site-packages/airflow/example_dags/example_sla_dag.py
[2024-09-12T00:29:29.310+0000] {processor.py:840} INFO - DAG(s) 'example_sla_dag' retrieved from /home/airflow/.local/lib/python3.12/site-packages/airflow/example_dags/example_sla_dag.py
[2024-09-12T00:29:29.328+0000] {logging_mixin.py:188} INFO - [2024-09-12T00:29:29.327+0000] {dag.py:3089} INFO - Sync 1 DAGs
[2024-09-12T00:29:29.350+0000] {logging_mixin.py:188} INFO - [2024-09-12T00:29:29.350+0000] {dag.py:3947} INFO - Setting next_dagrun for example_sla_dag to 2024-09-12 00:26:00+00:00, run_after=2024-09-12 00:28:00+00:00
[2024-09-12T00:29:29.369+0000] {processor.py:183} INFO - Processing /home/airflow/.local/lib/python3.12/site-packages/airflow/example_dags/example_sla_dag.py took 0.077 seconds
[2024-09-12T00:29:59.825+0000] {processor.py:161} INFO - Started process (PID=1202) to work on /home/airflow/.local/lib/python3.12/site-packages/airflow/example_dags/example_sla_dag.py
[2024-09-12T00:29:59.826+0000] {processor.py:830} INFO - Processing file /home/airflow/.local/lib/python3.12/site-packages/airflow/example_dags/example_sla_dag.py for tasks to queue
[2024-09-12T00:29:59.828+0000] {logging_mixin.py:188} INFO - [2024-09-12T00:29:59.828+0000] {dagbag.py:545} INFO - Filling up the DagBag from /home/airflow/.local/lib/python3.12/site-packages/airflow/example_dags/example_sla_dag.py
[2024-09-12T00:29:59.836+0000] {processor.py:840} INFO - DAG(s) 'example_sla_dag' retrieved from /home/airflow/.local/lib/python3.12/site-packages/airflow/example_dags/example_sla_dag.py
[2024-09-12T00:29:59.855+0000] {logging_mixin.py:188} INFO - [2024-09-12T00:29:59.855+0000] {dag.py:3089} INFO - Sync 1 DAGs
[2024-09-12T00:29:59.879+0000] {logging_mixin.py:188} INFO - [2024-09-12T00:29:59.879+0000] {dag.py:3947} INFO - Setting next_dagrun for example_sla_dag to 2024-09-12 00:26:00+00:00, run_after=2024-09-12 00:28:00+00:00
[2024-09-12T00:29:59.897+0000] {processor.py:183} INFO - Processing /home/airflow/.local/lib/python3.12/site-packages/airflow/example_dags/example_sla_dag.py took 0.078 seconds
[2024-09-12T00:30:30.108+0000] {processor.py:161} INFO - Started process (PID=1262) to work on /home/airflow/.local/lib/python3.12/site-packages/airflow/example_dags/example_sla_dag.py
[2024-09-12T00:30:30.110+0000] {processor.py:830} INFO - Processing file /home/airflow/.local/lib/python3.12/site-packages/airflow/example_dags/example_sla_dag.py for tasks to queue
[2024-09-12T00:30:30.112+0000] {logging_mixin.py:188} INFO - [2024-09-12T00:30:30.112+0000] {dagbag.py:545} INFO - Filling up the DagBag from /home/airflow/.local/lib/python3.12/site-packages/airflow/example_dags/example_sla_dag.py
[2024-09-12T00:30:30.124+0000] {processor.py:840} INFO - DAG(s) 'example_sla_dag' retrieved from /home/airflow/.local/lib/python3.12/site-packages/airflow/example_dags/example_sla_dag.py
[2024-09-12T00:30:30.146+0000] {logging_mixin.py:188} INFO - [2024-09-12T00:30:30.145+0000] {dag.py:3089} INFO - Sync 1 DAGs
[2024-09-12T00:30:30.170+0000] {logging_mixin.py:188} INFO - [2024-09-12T00:30:30.169+0000] {dag.py:3947} INFO - Setting next_dagrun for example_sla_dag to 2024-09-12 00:28:00+00:00, run_after=2024-09-12 00:30:00+00:00
[2024-09-12T00:30:30.189+0000] {processor.py:183} INFO - Processing /home/airflow/.local/lib/python3.12/site-packages/airflow/example_dags/example_sla_dag.py took 0.088 seconds
[2024-09-12T00:31:00.322+0000] {processor.py:161} INFO - Started process (PID=1322) to work on /home/airflow/.local/lib/python3.12/site-packages/airflow/example_dags/example_sla_dag.py
[2024-09-12T00:31:00.323+0000] {processor.py:830} INFO - Processing file /home/airflow/.local/lib/python3.12/site-packages/airflow/example_dags/example_sla_dag.py for tasks to queue
[2024-09-12T00:31:00.325+0000] {logging_mixin.py:188} INFO - [2024-09-12T00:31:00.325+0000] {dagbag.py:545} INFO - Filling up the DagBag from /home/airflow/.local/lib/python3.12/site-packages/airflow/example_dags/example_sla_dag.py
[2024-09-12T00:31:00.332+0000] {processor.py:840} INFO - DAG(s) 'example_sla_dag' retrieved from /home/airflow/.local/lib/python3.12/site-packages/airflow/example_dags/example_sla_dag.py
[2024-09-12T00:31:00.351+0000] {logging_mixin.py:188} INFO - [2024-09-12T00:31:00.351+0000] {dag.py:3089} INFO - Sync 1 DAGs
[2024-09-12T00:31:00.375+0000] {logging_mixin.py:188} INFO - [2024-09-12T00:31:00.374+0000] {dag.py:3947} INFO - Setting next_dagrun for example_sla_dag to 2024-09-12 00:28:00+00:00, run_after=2024-09-12 00:30:00+00:00
[2024-09-12T00:31:00.393+0000] {processor.py:183} INFO - Processing /home/airflow/.local/lib/python3.12/site-packages/airflow/example_dags/example_sla_dag.py took 0.076 seconds
[2024-09-12T00:31:30.894+0000] {processor.py:161} INFO - Started process (PID=1382) to work on /home/airflow/.local/lib/python3.12/site-packages/airflow/example_dags/example_sla_dag.py
[2024-09-12T00:31:30.895+0000] {processor.py:830} INFO - Processing file /home/airflow/.local/lib/python3.12/site-packages/airflow/example_dags/example_sla_dag.py for tasks to queue
[2024-09-12T00:31:30.897+0000] {logging_mixin.py:188} INFO - [2024-09-12T00:31:30.897+0000] {dagbag.py:545} INFO - Filling up the DagBag from /home/airflow/.local/lib/python3.12/site-packages/airflow/example_dags/example_sla_dag.py
[2024-09-12T00:31:30.906+0000] {processor.py:840} INFO - DAG(s) 'example_sla_dag' retrieved from /home/airflow/.local/lib/python3.12/site-packages/airflow/example_dags/example_sla_dag.py
[2024-09-12T00:31:30.924+0000] {logging_mixin.py:188} INFO - [2024-09-12T00:31:30.923+0000] {dag.py:3089} INFO - Sync 1 DAGs
[2024-09-12T00:31:30.946+0000] {logging_mixin.py:188} INFO - [2024-09-12T00:31:30.946+0000] {dag.py:3947} INFO - Setting next_dagrun for example_sla_dag to 2024-09-12 00:28:00+00:00, run_after=2024-09-12 00:30:00+00:00
[2024-09-12T00:31:30.965+0000] {processor.py:183} INFO - Processing /home/airflow/.local/lib/python3.12/site-packages/airflow/example_dags/example_sla_dag.py took 0.076 seconds
[2024-09-12T00:32:01.812+0000] {processor.py:161} INFO - Started process (PID=1442) to work on /home/airflow/.local/lib/python3.12/site-packages/airflow/example_dags/example_sla_dag.py
[2024-09-12T00:32:01.813+0000] {processor.py:830} INFO - Processing file /home/airflow/.local/lib/python3.12/site-packages/airflow/example_dags/example_sla_dag.py for tasks to queue
[2024-09-12T00:32:01.815+0000] {logging_mixin.py:188} INFO - [2024-09-12T00:32:01.815+0000] {dagbag.py:545} INFO - Filling up the DagBag from /home/airflow/.local/lib/python3.12/site-packages/airflow/example_dags/example_sla_dag.py
[2024-09-12T00:32:01.824+0000] {processor.py:840} INFO - DAG(s) 'example_sla_dag' retrieved from /home/airflow/.local/lib/python3.12/site-packages/airflow/example_dags/example_sla_dag.py
[2024-09-12T00:32:01.844+0000] {logging_mixin.py:188} INFO - [2024-09-12T00:32:01.844+0000] {dag.py:3089} INFO - Sync 1 DAGs
[2024-09-12T00:32:01.870+0000] {logging_mixin.py:188} INFO - [2024-09-12T00:32:01.869+0000] {dag.py:3947} INFO - Setting next_dagrun for example_sla_dag to 2024-09-12 00:30:00+00:00, run_after=2024-09-12 00:32:00+00:00
[2024-09-12T00:32:01.921+0000] {processor.py:183} INFO - Processing /home/airflow/.local/lib/python3.12/site-packages/airflow/example_dags/example_sla_dag.py took 0.116 seconds
[2024-09-12T00:32:32.112+0000] {processor.py:161} INFO - Started process (PID=1502) to work on /home/airflow/.local/lib/python3.12/site-packages/airflow/example_dags/example_sla_dag.py
[2024-09-12T00:32:32.113+0000] {processor.py:830} INFO - Processing file /home/airflow/.local/lib/python3.12/site-packages/airflow/example_dags/example_sla_dag.py for tasks to queue
[2024-09-12T00:32:32.115+0000] {logging_mixin.py:188} INFO - [2024-09-12T00:32:32.114+0000] {dagbag.py:545} INFO - Filling up the DagBag from /home/airflow/.local/lib/python3.12/site-packages/airflow/example_dags/example_sla_dag.py
[2024-09-12T00:32:32.123+0000] {processor.py:840} INFO - DAG(s) 'example_sla_dag' retrieved from /home/airflow/.local/lib/python3.12/site-packages/airflow/example_dags/example_sla_dag.py
[2024-09-12T00:32:32.141+0000] {logging_mixin.py:188} INFO - [2024-09-12T00:32:32.140+0000] {dag.py:3089} INFO - Sync 1 DAGs
[2024-09-12T00:32:32.166+0000] {logging_mixin.py:188} INFO - [2024-09-12T00:32:32.165+0000] {dag.py:3947} INFO - Setting next_dagrun for example_sla_dag to 2024-09-12 00:30:00+00:00, run_after=2024-09-12 00:32:00+00:00
[2024-09-12T00:32:32.184+0000] {processor.py:183} INFO - Processing /home/airflow/.local/lib/python3.12/site-packages/airflow/example_dags/example_sla_dag.py took 0.078 seconds
[2024-09-12T00:33:02.435+0000] {processor.py:161} INFO - Started process (PID=1562) to work on /home/airflow/.local/lib/python3.12/site-packages/airflow/example_dags/example_sla_dag.py
[2024-09-12T00:33:02.436+0000] {processor.py:830} INFO - Processing file /home/airflow/.local/lib/python3.12/site-packages/airflow/example_dags/example_sla_dag.py for tasks to queue
[2024-09-12T00:33:02.438+0000] {logging_mixin.py:188} INFO - [2024-09-12T00:33:02.438+0000] {dagbag.py:545} INFO - Filling up the DagBag from /home/airflow/.local/lib/python3.12/site-packages/airflow/example_dags/example_sla_dag.py
[2024-09-12T00:33:02.450+0000] {processor.py:840} INFO - DAG(s) 'example_sla_dag' retrieved from /home/airflow/.local/lib/python3.12/site-packages/airflow/example_dags/example_sla_dag.py
[2024-09-12T00:33:02.469+0000] {logging_mixin.py:188} INFO - [2024-09-12T00:33:02.468+0000] {dag.py:3089} INFO - Sync 1 DAGs
[2024-09-12T00:33:02.497+0000] {logging_mixin.py:188} INFO - [2024-09-12T00:33:02.497+0000] {dag.py:3947} INFO - Setting next_dagrun for example_sla_dag to 2024-09-12 00:30:00+00:00, run_after=2024-09-12 00:32:00+00:00
[2024-09-12T00:33:02.518+0000] {processor.py:183} INFO - Processing /home/airflow/.local/lib/python3.12/site-packages/airflow/example_dags/example_sla_dag.py took 0.089 seconds
[2024-09-12T00:33:32.629+0000] {processor.py:161} INFO - Started process (PID=1622) to work on /home/airflow/.local/lib/python3.12/site-packages/airflow/example_dags/example_sla_dag.py
[2024-09-12T00:33:32.630+0000] {processor.py:830} INFO - Processing file /home/airflow/.local/lib/python3.12/site-packages/airflow/example_dags/example_sla_dag.py for tasks to queue
[2024-09-12T00:33:32.634+0000] {logging_mixin.py:188} INFO - [2024-09-12T00:33:32.633+0000] {dagbag.py:545} INFO - Filling up the DagBag from /home/airflow/.local/lib/python3.12/site-packages/airflow/example_dags/example_sla_dag.py
[2024-09-12T00:33:32.645+0000] {processor.py:840} INFO - DAG(s) 'example_sla_dag' retrieved from /home/airflow/.local/lib/python3.12/site-packages/airflow/example_dags/example_sla_dag.py
[2024-09-12T00:33:32.663+0000] {logging_mixin.py:188} INFO - [2024-09-12T00:33:32.663+0000] {dag.py:3089} INFO - Sync 1 DAGs
[2024-09-12T00:33:32.692+0000] {logging_mixin.py:188} INFO - [2024-09-12T00:33:32.691+0000] {dag.py:3947} INFO - Setting next_dagrun for example_sla_dag to 2024-09-12 00:30:00+00:00, run_after=2024-09-12 00:32:00+00:00
[2024-09-12T00:33:32.712+0000] {processor.py:183} INFO - Processing /home/airflow/.local/lib/python3.12/site-packages/airflow/example_dags/example_sla_dag.py took 0.091 seconds
[2024-09-12T00:34:03.346+0000] {processor.py:161} INFO - Started process (PID=1682) to work on /home/airflow/.local/lib/python3.12/site-packages/airflow/example_dags/example_sla_dag.py
[2024-09-12T00:34:03.347+0000] {processor.py:830} INFO - Processing file /home/airflow/.local/lib/python3.12/site-packages/airflow/example_dags/example_sla_dag.py for tasks to queue
[2024-09-12T00:34:03.349+0000] {logging_mixin.py:188} INFO - [2024-09-12T00:34:03.349+0000] {dagbag.py:545} INFO - Filling up the DagBag from /home/airflow/.local/lib/python3.12/site-packages/airflow/example_dags/example_sla_dag.py
[2024-09-12T00:34:03.358+0000] {processor.py:840} INFO - DAG(s) 'example_sla_dag' retrieved from /home/airflow/.local/lib/python3.12/site-packages/airflow/example_dags/example_sla_dag.py
[2024-09-12T00:34:03.378+0000] {logging_mixin.py:188} INFO - [2024-09-12T00:34:03.377+0000] {dag.py:3089} INFO - Sync 1 DAGs
[2024-09-12T00:34:03.407+0000] {logging_mixin.py:188} INFO - [2024-09-12T00:34:03.407+0000] {dag.py:3947} INFO - Setting next_dagrun for example_sla_dag to 2024-09-12 00:32:00+00:00, run_after=2024-09-12 00:34:00+00:00
[2024-09-12T00:34:03.428+0000] {processor.py:183} INFO - Processing /home/airflow/.local/lib/python3.12/site-packages/airflow/example_dags/example_sla_dag.py took 0.089 seconds
[2024-09-12T00:34:33.671+0000] {processor.py:161} INFO - Started process (PID=1742) to work on /home/airflow/.local/lib/python3.12/site-packages/airflow/example_dags/example_sla_dag.py
[2024-09-12T00:34:33.672+0000] {processor.py:830} INFO - Processing file /home/airflow/.local/lib/python3.12/site-packages/airflow/example_dags/example_sla_dag.py for tasks to queue
[2024-09-12T00:34:33.675+0000] {logging_mixin.py:188} INFO - [2024-09-12T00:34:33.675+0000] {dagbag.py:545} INFO - Filling up the DagBag from /home/airflow/.local/lib/python3.12/site-packages/airflow/example_dags/example_sla_dag.py
[2024-09-12T00:34:33.688+0000] {processor.py:840} INFO - DAG(s) 'example_sla_dag' retrieved from /home/airflow/.local/lib/python3.12/site-packages/airflow/example_dags/example_sla_dag.py
[2024-09-12T00:34:33.708+0000] {logging_mixin.py:188} INFO - [2024-09-12T00:34:33.708+0000] {dag.py:3089} INFO - Sync 1 DAGs
[2024-09-12T00:34:33.734+0000] {logging_mixin.py:188} INFO - [2024-09-12T00:34:33.734+0000] {dag.py:3947} INFO - Setting next_dagrun for example_sla_dag to 2024-09-12 00:32:00+00:00, run_after=2024-09-12 00:34:00+00:00
[2024-09-12T00:34:33.754+0000] {processor.py:183} INFO - Processing /home/airflow/.local/lib/python3.12/site-packages/airflow/example_dags/example_sla_dag.py took 0.089 seconds
[2024-09-12T00:35:03.898+0000] {processor.py:161} INFO - Started process (PID=1802) to work on /home/airflow/.local/lib/python3.12/site-packages/airflow/example_dags/example_sla_dag.py
[2024-09-12T00:35:03.899+0000] {processor.py:830} INFO - Processing file /home/airflow/.local/lib/python3.12/site-packages/airflow/example_dags/example_sla_dag.py for tasks to queue
[2024-09-12T00:35:03.901+0000] {logging_mixin.py:188} INFO - [2024-09-12T00:35:03.900+0000] {dagbag.py:545} INFO - Filling up the DagBag from /home/airflow/.local/lib/python3.12/site-packages/airflow/example_dags/example_sla_dag.py
[2024-09-12T00:35:03.910+0000] {processor.py:840} INFO - DAG(s) 'example_sla_dag' retrieved from /home/airflow/.local/lib/python3.12/site-packages/airflow/example_dags/example_sla_dag.py
[2024-09-12T00:35:03.927+0000] {logging_mixin.py:188} INFO - [2024-09-12T00:35:03.927+0000] {dag.py:3089} INFO - Sync 1 DAGs
[2024-09-12T00:35:03.951+0000] {logging_mixin.py:188} INFO - [2024-09-12T00:35:03.951+0000] {dag.py:3947} INFO - Setting next_dagrun for example_sla_dag to 2024-09-12 00:32:00+00:00, run_after=2024-09-12 00:34:00+00:00
[2024-09-12T00:35:03.974+0000] {processor.py:183} INFO - Processing /home/airflow/.local/lib/python3.12/site-packages/airflow/example_dags/example_sla_dag.py took 0.083 seconds
[2024-09-12T00:35:34.329+0000] {processor.py:161} INFO - Started process (PID=1862) to work on /home/airflow/.local/lib/python3.12/site-packages/airflow/example_dags/example_sla_dag.py
[2024-09-12T00:35:34.330+0000] {processor.py:830} INFO - Processing file /home/airflow/.local/lib/python3.12/site-packages/airflow/example_dags/example_sla_dag.py for tasks to queue
[2024-09-12T00:35:34.333+0000] {logging_mixin.py:188} INFO - [2024-09-12T00:35:34.333+0000] {dagbag.py:545} INFO - Filling up the DagBag from /home/airflow/.local/lib/python3.12/site-packages/airflow/example_dags/example_sla_dag.py
[2024-09-12T00:35:34.347+0000] {processor.py:840} INFO - DAG(s) 'example_sla_dag' retrieved from /home/airflow/.local/lib/python3.12/site-packages/airflow/example_dags/example_sla_dag.py
[2024-09-12T00:35:34.374+0000] {logging_mixin.py:188} INFO - [2024-09-12T00:35:34.374+0000] {dag.py:3089} INFO - Sync 1 DAGs
[2024-09-12T00:35:34.414+0000] {logging_mixin.py:188} INFO - [2024-09-12T00:35:34.414+0000] {dag.py:3947} INFO - Setting next_dagrun for example_sla_dag to 2024-09-12 00:32:00+00:00, run_after=2024-09-12 00:34:00+00:00
[2024-09-12T00:35:34.433+0000] {processor.py:183} INFO - Processing /home/airflow/.local/lib/python3.12/site-packages/airflow/example_dags/example_sla_dag.py took 0.112 seconds
[2024-09-12T00:36:04.642+0000] {processor.py:161} INFO - Started process (PID=1922) to work on /home/airflow/.local/lib/python3.12/site-packages/airflow/example_dags/example_sla_dag.py
[2024-09-12T00:36:04.643+0000] {processor.py:830} INFO - Processing file /home/airflow/.local/lib/python3.12/site-packages/airflow/example_dags/example_sla_dag.py for tasks to queue
[2024-09-12T00:36:04.645+0000] {logging_mixin.py:188} INFO - [2024-09-12T00:36:04.645+0000] {dagbag.py:545} INFO - Filling up the DagBag from /home/airflow/.local/lib/python3.12/site-packages/airflow/example_dags/example_sla_dag.py
[2024-09-12T00:36:04.654+0000] {processor.py:840} INFO - DAG(s) 'example_sla_dag' retrieved from /home/airflow/.local/lib/python3.12/site-packages/airflow/example_dags/example_sla_dag.py
[2024-09-12T00:36:04.673+0000] {logging_mixin.py:188} INFO - [2024-09-12T00:36:04.672+0000] {dag.py:3089} INFO - Sync 1 DAGs
[2024-09-12T00:36:04.697+0000] {logging_mixin.py:188} INFO - [2024-09-12T00:36:04.697+0000] {dag.py:3947} INFO - Setting next_dagrun for example_sla_dag to 2024-09-12 00:34:00+00:00, run_after=2024-09-12 00:36:00+00:00
[2024-09-12T00:36:04.716+0000] {processor.py:183} INFO - Processing /home/airflow/.local/lib/python3.12/site-packages/airflow/example_dags/example_sla_dag.py took 0.080 seconds
[2024-09-12T00:36:34.843+0000] {processor.py:161} INFO - Started process (PID=1980) to work on /home/airflow/.local/lib/python3.12/site-packages/airflow/example_dags/example_sla_dag.py
[2024-09-12T00:36:34.844+0000] {processor.py:830} INFO - Processing file /home/airflow/.local/lib/python3.12/site-packages/airflow/example_dags/example_sla_dag.py for tasks to queue
[2024-09-12T00:36:34.846+0000] {logging_mixin.py:188} INFO - [2024-09-12T00:36:34.846+0000] {dagbag.py:545} INFO - Filling up the DagBag from /home/airflow/.local/lib/python3.12/site-packages/airflow/example_dags/example_sla_dag.py
[2024-09-12T00:36:34.855+0000] {processor.py:840} INFO - DAG(s) 'example_sla_dag' retrieved from /home/airflow/.local/lib/python3.12/site-packages/airflow/example_dags/example_sla_dag.py
[2024-09-12T00:36:34.877+0000] {logging_mixin.py:188} INFO - [2024-09-12T00:36:34.877+0000] {dag.py:3089} INFO - Sync 1 DAGs
[2024-09-12T00:36:34.902+0000] {logging_mixin.py:188} INFO - [2024-09-12T00:36:34.902+0000] {dag.py:3947} INFO - Setting next_dagrun for example_sla_dag to 2024-09-12 00:34:00+00:00, run_after=2024-09-12 00:36:00+00:00
[2024-09-12T00:36:34.923+0000] {processor.py:183} INFO - Processing /home/airflow/.local/lib/python3.12/site-packages/airflow/example_dags/example_sla_dag.py took 0.086 seconds
[2024-09-12T00:37:05.809+0000] {processor.py:161} INFO - Started process (PID=2039) to work on /home/airflow/.local/lib/python3.12/site-packages/airflow/example_dags/example_sla_dag.py
[2024-09-12T00:37:05.810+0000] {processor.py:830} INFO - Processing file /home/airflow/.local/lib/python3.12/site-packages/airflow/example_dags/example_sla_dag.py for tasks to queue
[2024-09-12T00:37:05.812+0000] {logging_mixin.py:188} INFO - [2024-09-12T00:37:05.811+0000] {dagbag.py:545} INFO - Filling up the DagBag from /home/airflow/.local/lib/python3.12/site-packages/airflow/example_dags/example_sla_dag.py
[2024-09-12T00:37:05.820+0000] {processor.py:840} INFO - DAG(s) 'example_sla_dag' retrieved from /home/airflow/.local/lib/python3.12/site-packages/airflow/example_dags/example_sla_dag.py
[2024-09-12T00:37:05.839+0000] {logging_mixin.py:188} INFO - [2024-09-12T00:37:05.838+0000] {dag.py:3089} INFO - Sync 1 DAGs
[2024-09-12T00:37:05.864+0000] {logging_mixin.py:188} INFO - [2024-09-12T00:37:05.864+0000] {dag.py:3947} INFO - Setting next_dagrun for example_sla_dag to 2024-09-12 00:34:00+00:00, run_after=2024-09-12 00:36:00+00:00
[2024-09-12T00:37:05.882+0000] {processor.py:183} INFO - Processing /home/airflow/.local/lib/python3.12/site-packages/airflow/example_dags/example_sla_dag.py took 0.079 seconds
[2024-09-12T00:37:36.786+0000] {processor.py:161} INFO - Started process (PID=2099) to work on /home/airflow/.local/lib/python3.12/site-packages/airflow/example_dags/example_sla_dag.py
[2024-09-12T00:37:36.787+0000] {processor.py:830} INFO - Processing file /home/airflow/.local/lib/python3.12/site-packages/airflow/example_dags/example_sla_dag.py for tasks to queue
[2024-09-12T00:37:36.789+0000] {logging_mixin.py:188} INFO - [2024-09-12T00:37:36.789+0000] {dagbag.py:545} INFO - Filling up the DagBag from /home/airflow/.local/lib/python3.12/site-packages/airflow/example_dags/example_sla_dag.py
[2024-09-12T00:37:36.798+0000] {processor.py:840} INFO - DAG(s) 'example_sla_dag' retrieved from /home/airflow/.local/lib/python3.12/site-packages/airflow/example_dags/example_sla_dag.py
[2024-09-12T00:37:36.821+0000] {logging_mixin.py:188} INFO - [2024-09-12T00:37:36.821+0000] {dag.py:3089} INFO - Sync 1 DAGs
[2024-09-12T00:37:36.846+0000] {logging_mixin.py:188} INFO - [2024-09-12T00:37:36.845+0000] {dag.py:3947} INFO - Setting next_dagrun for example_sla_dag to 2024-09-12 00:34:00+00:00, run_after=2024-09-12 00:36:00+00:00
[2024-09-12T00:37:36.864+0000] {processor.py:183} INFO - Processing /home/airflow/.local/lib/python3.12/site-packages/airflow/example_dags/example_sla_dag.py took 0.084 seconds
[2024-09-12T00:38:07.163+0000] {processor.py:161} INFO - Started process (PID=2159) to work on /home/airflow/.local/lib/python3.12/site-packages/airflow/example_dags/example_sla_dag.py
[2024-09-12T00:38:07.163+0000] {processor.py:830} INFO - Processing file /home/airflow/.local/lib/python3.12/site-packages/airflow/example_dags/example_sla_dag.py for tasks to queue
[2024-09-12T00:38:07.165+0000] {logging_mixin.py:188} INFO - [2024-09-12T00:38:07.165+0000] {dagbag.py:545} INFO - Filling up the DagBag from /home/airflow/.local/lib/python3.12/site-packages/airflow/example_dags/example_sla_dag.py
[2024-09-12T00:38:07.174+0000] {processor.py:840} INFO - DAG(s) 'example_sla_dag' retrieved from /home/airflow/.local/lib/python3.12/site-packages/airflow/example_dags/example_sla_dag.py
[2024-09-12T00:38:07.195+0000] {logging_mixin.py:188} INFO - [2024-09-12T00:38:07.194+0000] {dag.py:3089} INFO - Sync 1 DAGs
[2024-09-12T00:38:07.220+0000] {logging_mixin.py:188} INFO - [2024-09-12T00:38:07.220+0000] {dag.py:3947} INFO - Setting next_dagrun for example_sla_dag to 2024-09-12 00:36:00+00:00, run_after=2024-09-12 00:38:00+00:00
[2024-09-12T00:38:07.240+0000] {processor.py:183} INFO - Processing /home/airflow/.local/lib/python3.12/site-packages/airflow/example_dags/example_sla_dag.py took 0.085 seconds
