[2024-09-12T00:20:32.028+0000] {processor.py:161} INFO - Started process (PID=88) to work on /home/airflow/.local/lib/python3.12/site-packages/airflow/example_dags/example_skip_dag.py
[2024-09-12T00:20:32.029+0000] {processor.py:830} INFO - Processing file /home/airflow/.local/lib/python3.12/site-packages/airflow/example_dags/example_skip_dag.py for tasks to queue
[2024-09-12T00:20:32.031+0000] {logging_mixin.py:188} INFO - [2024-09-12T00:20:32.031+0000] {dagbag.py:545} INFO - Filling up the DagBag from /home/airflow/.local/lib/python3.12/site-packages/airflow/example_dags/example_skip_dag.py
[2024-09-12T00:20:32.039+0000] {processor.py:840} INFO - DAG(s) 'example_skip_dag' retrieved from /home/airflow/.local/lib/python3.12/site-packages/airflow/example_dags/example_skip_dag.py
[2024-09-12T00:20:32.060+0000] {logging_mixin.py:188} INFO - [2024-09-12T00:20:32.060+0000] {dag.py:3089} INFO - Sync 1 DAGs
[2024-09-12T00:20:32.085+0000] {logging_mixin.py:188} INFO - [2024-09-12T00:20:32.084+0000] {dag.py:3947} INFO - Setting next_dagrun for example_skip_dag to 2024-09-11 00:00:00+00:00, run_after=2024-09-12 00:00:00+00:00
[2024-09-12T00:20:32.298+0000] {processor.py:183} INFO - Processing /home/airflow/.local/lib/python3.12/site-packages/airflow/example_dags/example_skip_dag.py took 0.274 seconds
[2024-09-12T00:21:02.586+0000] {processor.py:161} INFO - Started process (PID=148) to work on /home/airflow/.local/lib/python3.12/site-packages/airflow/example_dags/example_skip_dag.py
[2024-09-12T00:21:02.587+0000] {processor.py:830} INFO - Processing file /home/airflow/.local/lib/python3.12/site-packages/airflow/example_dags/example_skip_dag.py for tasks to queue
[2024-09-12T00:21:02.589+0000] {logging_mixin.py:188} INFO - [2024-09-12T00:21:02.589+0000] {dagbag.py:545} INFO - Filling up the DagBag from /home/airflow/.local/lib/python3.12/site-packages/airflow/example_dags/example_skip_dag.py
[2024-09-12T00:21:02.595+0000] {processor.py:840} INFO - DAG(s) 'example_skip_dag' retrieved from /home/airflow/.local/lib/python3.12/site-packages/airflow/example_dags/example_skip_dag.py
[2024-09-12T00:21:02.615+0000] {logging_mixin.py:188} INFO - [2024-09-12T00:21:02.615+0000] {dag.py:3089} INFO - Sync 1 DAGs
[2024-09-12T00:21:02.637+0000] {logging_mixin.py:188} INFO - [2024-09-12T00:21:02.637+0000] {dag.py:3947} INFO - Setting next_dagrun for example_skip_dag to 2024-09-11 00:00:00+00:00, run_after=2024-09-12 00:00:00+00:00
[2024-09-12T00:21:02.656+0000] {processor.py:183} INFO - Processing /home/airflow/.local/lib/python3.12/site-packages/airflow/example_dags/example_skip_dag.py took 0.076 seconds
[2024-09-12T00:21:33.123+0000] {processor.py:161} INFO - Started process (PID=208) to work on /home/airflow/.local/lib/python3.12/site-packages/airflow/example_dags/example_skip_dag.py
[2024-09-12T00:21:33.124+0000] {processor.py:830} INFO - Processing file /home/airflow/.local/lib/python3.12/site-packages/airflow/example_dags/example_skip_dag.py for tasks to queue
[2024-09-12T00:21:33.126+0000] {logging_mixin.py:188} INFO - [2024-09-12T00:21:33.125+0000] {dagbag.py:545} INFO - Filling up the DagBag from /home/airflow/.local/lib/python3.12/site-packages/airflow/example_dags/example_skip_dag.py
[2024-09-12T00:21:33.133+0000] {processor.py:840} INFO - DAG(s) 'example_skip_dag' retrieved from /home/airflow/.local/lib/python3.12/site-packages/airflow/example_dags/example_skip_dag.py
[2024-09-12T00:21:33.154+0000] {logging_mixin.py:188} INFO - [2024-09-12T00:21:33.153+0000] {dag.py:3089} INFO - Sync 1 DAGs
[2024-09-12T00:21:33.177+0000] {logging_mixin.py:188} INFO - [2024-09-12T00:21:33.176+0000] {dag.py:3947} INFO - Setting next_dagrun for example_skip_dag to 2024-09-11 00:00:00+00:00, run_after=2024-09-12 00:00:00+00:00
[2024-09-12T00:21:33.198+0000] {processor.py:183} INFO - Processing /home/airflow/.local/lib/python3.12/site-packages/airflow/example_dags/example_skip_dag.py took 0.082 seconds
[2024-09-12T00:22:04.128+0000] {processor.py:161} INFO - Started process (PID=268) to work on /home/airflow/.local/lib/python3.12/site-packages/airflow/example_dags/example_skip_dag.py
[2024-09-12T00:22:04.129+0000] {processor.py:830} INFO - Processing file /home/airflow/.local/lib/python3.12/site-packages/airflow/example_dags/example_skip_dag.py for tasks to queue
[2024-09-12T00:22:04.131+0000] {logging_mixin.py:188} INFO - [2024-09-12T00:22:04.131+0000] {dagbag.py:545} INFO - Filling up the DagBag from /home/airflow/.local/lib/python3.12/site-packages/airflow/example_dags/example_skip_dag.py
[2024-09-12T00:22:04.138+0000] {processor.py:840} INFO - DAG(s) 'example_skip_dag' retrieved from /home/airflow/.local/lib/python3.12/site-packages/airflow/example_dags/example_skip_dag.py
[2024-09-12T00:22:04.158+0000] {logging_mixin.py:188} INFO - [2024-09-12T00:22:04.158+0000] {dag.py:3089} INFO - Sync 1 DAGs
[2024-09-12T00:22:04.180+0000] {logging_mixin.py:188} INFO - [2024-09-12T00:22:04.180+0000] {dag.py:3947} INFO - Setting next_dagrun for example_skip_dag to 2024-09-11 00:00:00+00:00, run_after=2024-09-12 00:00:00+00:00
[2024-09-12T00:22:04.201+0000] {processor.py:183} INFO - Processing /home/airflow/.local/lib/python3.12/site-packages/airflow/example_dags/example_skip_dag.py took 0.080 seconds
[2024-09-12T00:22:35.049+0000] {processor.py:161} INFO - Started process (PID=328) to work on /home/airflow/.local/lib/python3.12/site-packages/airflow/example_dags/example_skip_dag.py
[2024-09-12T00:22:35.050+0000] {processor.py:830} INFO - Processing file /home/airflow/.local/lib/python3.12/site-packages/airflow/example_dags/example_skip_dag.py for tasks to queue
[2024-09-12T00:22:35.053+0000] {logging_mixin.py:188} INFO - [2024-09-12T00:22:35.052+0000] {dagbag.py:545} INFO - Filling up the DagBag from /home/airflow/.local/lib/python3.12/site-packages/airflow/example_dags/example_skip_dag.py
[2024-09-12T00:22:35.060+0000] {processor.py:840} INFO - DAG(s) 'example_skip_dag' retrieved from /home/airflow/.local/lib/python3.12/site-packages/airflow/example_dags/example_skip_dag.py
[2024-09-12T00:22:35.080+0000] {logging_mixin.py:188} INFO - [2024-09-12T00:22:35.080+0000] {dag.py:3089} INFO - Sync 1 DAGs
[2024-09-12T00:22:35.104+0000] {logging_mixin.py:188} INFO - [2024-09-12T00:22:35.104+0000] {dag.py:3947} INFO - Setting next_dagrun for example_skip_dag to 2024-09-11 00:00:00+00:00, run_after=2024-09-12 00:00:00+00:00
[2024-09-12T00:22:35.124+0000] {processor.py:183} INFO - Processing /home/airflow/.local/lib/python3.12/site-packages/airflow/example_dags/example_skip_dag.py took 0.082 seconds
[2024-09-12T00:23:05.626+0000] {processor.py:161} INFO - Started process (PID=388) to work on /home/airflow/.local/lib/python3.12/site-packages/airflow/example_dags/example_skip_dag.py
[2024-09-12T00:23:05.627+0000] {processor.py:830} INFO - Processing file /home/airflow/.local/lib/python3.12/site-packages/airflow/example_dags/example_skip_dag.py for tasks to queue
[2024-09-12T00:23:05.628+0000] {logging_mixin.py:188} INFO - [2024-09-12T00:23:05.628+0000] {dagbag.py:545} INFO - Filling up the DagBag from /home/airflow/.local/lib/python3.12/site-packages/airflow/example_dags/example_skip_dag.py
[2024-09-12T00:23:05.635+0000] {processor.py:840} INFO - DAG(s) 'example_skip_dag' retrieved from /home/airflow/.local/lib/python3.12/site-packages/airflow/example_dags/example_skip_dag.py
[2024-09-12T00:23:05.654+0000] {logging_mixin.py:188} INFO - [2024-09-12T00:23:05.654+0000] {dag.py:3089} INFO - Sync 1 DAGs
[2024-09-12T00:23:05.677+0000] {logging_mixin.py:188} INFO - [2024-09-12T00:23:05.677+0000] {dag.py:3947} INFO - Setting next_dagrun for example_skip_dag to 2024-09-11 00:00:00+00:00, run_after=2024-09-12 00:00:00+00:00
[2024-09-12T00:23:05.696+0000] {processor.py:183} INFO - Processing /home/airflow/.local/lib/python3.12/site-packages/airflow/example_dags/example_skip_dag.py took 0.076 seconds
[2024-09-12T00:23:36.319+0000] {processor.py:161} INFO - Started process (PID=448) to work on /home/airflow/.local/lib/python3.12/site-packages/airflow/example_dags/example_skip_dag.py
[2024-09-12T00:23:36.320+0000] {processor.py:830} INFO - Processing file /home/airflow/.local/lib/python3.12/site-packages/airflow/example_dags/example_skip_dag.py for tasks to queue
[2024-09-12T00:23:36.322+0000] {logging_mixin.py:188} INFO - [2024-09-12T00:23:36.322+0000] {dagbag.py:545} INFO - Filling up the DagBag from /home/airflow/.local/lib/python3.12/site-packages/airflow/example_dags/example_skip_dag.py
[2024-09-12T00:23:36.329+0000] {processor.py:840} INFO - DAG(s) 'example_skip_dag' retrieved from /home/airflow/.local/lib/python3.12/site-packages/airflow/example_dags/example_skip_dag.py
[2024-09-12T00:23:36.348+0000] {logging_mixin.py:188} INFO - [2024-09-12T00:23:36.348+0000] {dag.py:3089} INFO - Sync 1 DAGs
[2024-09-12T00:23:36.370+0000] {logging_mixin.py:188} INFO - [2024-09-12T00:23:36.370+0000] {dag.py:3947} INFO - Setting next_dagrun for example_skip_dag to 2024-09-11 00:00:00+00:00, run_after=2024-09-12 00:00:00+00:00
[2024-09-12T00:23:36.389+0000] {processor.py:183} INFO - Processing /home/airflow/.local/lib/python3.12/site-packages/airflow/example_dags/example_skip_dag.py took 0.076 seconds
[2024-09-12T00:24:06.963+0000] {processor.py:161} INFO - Started process (PID=508) to work on /home/airflow/.local/lib/python3.12/site-packages/airflow/example_dags/example_skip_dag.py
[2024-09-12T00:24:06.964+0000] {processor.py:830} INFO - Processing file /home/airflow/.local/lib/python3.12/site-packages/airflow/example_dags/example_skip_dag.py for tasks to queue
[2024-09-12T00:24:06.966+0000] {logging_mixin.py:188} INFO - [2024-09-12T00:24:06.966+0000] {dagbag.py:545} INFO - Filling up the DagBag from /home/airflow/.local/lib/python3.12/site-packages/airflow/example_dags/example_skip_dag.py
[2024-09-12T00:24:06.973+0000] {processor.py:840} INFO - DAG(s) 'example_skip_dag' retrieved from /home/airflow/.local/lib/python3.12/site-packages/airflow/example_dags/example_skip_dag.py
[2024-09-12T00:24:06.992+0000] {logging_mixin.py:188} INFO - [2024-09-12T00:24:06.992+0000] {dag.py:3089} INFO - Sync 1 DAGs
[2024-09-12T00:24:07.014+0000] {logging_mixin.py:188} INFO - [2024-09-12T00:24:07.014+0000] {dag.py:3947} INFO - Setting next_dagrun for example_skip_dag to 2024-09-11 00:00:00+00:00, run_after=2024-09-12 00:00:00+00:00
[2024-09-12T00:24:07.034+0000] {processor.py:183} INFO - Processing /home/airflow/.local/lib/python3.12/site-packages/airflow/example_dags/example_skip_dag.py took 0.077 seconds
[2024-09-12T00:24:37.174+0000] {processor.py:161} INFO - Started process (PID=568) to work on /home/airflow/.local/lib/python3.12/site-packages/airflow/example_dags/example_skip_dag.py
[2024-09-12T00:24:37.176+0000] {processor.py:830} INFO - Processing file /home/airflow/.local/lib/python3.12/site-packages/airflow/example_dags/example_skip_dag.py for tasks to queue
[2024-09-12T00:24:37.178+0000] {logging_mixin.py:188} INFO - [2024-09-12T00:24:37.177+0000] {dagbag.py:545} INFO - Filling up the DagBag from /home/airflow/.local/lib/python3.12/site-packages/airflow/example_dags/example_skip_dag.py
[2024-09-12T00:24:37.185+0000] {processor.py:840} INFO - DAG(s) 'example_skip_dag' retrieved from /home/airflow/.local/lib/python3.12/site-packages/airflow/example_dags/example_skip_dag.py
[2024-09-12T00:24:37.206+0000] {logging_mixin.py:188} INFO - [2024-09-12T00:24:37.206+0000] {dag.py:3089} INFO - Sync 1 DAGs
[2024-09-12T00:24:37.239+0000] {logging_mixin.py:188} INFO - [2024-09-12T00:24:37.239+0000] {dag.py:3947} INFO - Setting next_dagrun for example_skip_dag to 2024-09-11 00:00:00+00:00, run_after=2024-09-12 00:00:00+00:00
[2024-09-12T00:24:37.270+0000] {processor.py:183} INFO - Processing /home/airflow/.local/lib/python3.12/site-packages/airflow/example_dags/example_skip_dag.py took 0.103 seconds
[2024-09-12T00:25:07.650+0000] {processor.py:161} INFO - Started process (PID=628) to work on /home/airflow/.local/lib/python3.12/site-packages/airflow/example_dags/example_skip_dag.py
[2024-09-12T00:25:07.651+0000] {processor.py:830} INFO - Processing file /home/airflow/.local/lib/python3.12/site-packages/airflow/example_dags/example_skip_dag.py for tasks to queue
[2024-09-12T00:25:07.653+0000] {logging_mixin.py:188} INFO - [2024-09-12T00:25:07.652+0000] {dagbag.py:545} INFO - Filling up the DagBag from /home/airflow/.local/lib/python3.12/site-packages/airflow/example_dags/example_skip_dag.py
[2024-09-12T00:25:07.661+0000] {processor.py:840} INFO - DAG(s) 'example_skip_dag' retrieved from /home/airflow/.local/lib/python3.12/site-packages/airflow/example_dags/example_skip_dag.py
[2024-09-12T00:25:07.680+0000] {logging_mixin.py:188} INFO - [2024-09-12T00:25:07.680+0000] {dag.py:3089} INFO - Sync 1 DAGs
[2024-09-12T00:25:07.704+0000] {logging_mixin.py:188} INFO - [2024-09-12T00:25:07.703+0000] {dag.py:3947} INFO - Setting next_dagrun for example_skip_dag to 2024-09-11 00:00:00+00:00, run_after=2024-09-12 00:00:00+00:00
[2024-09-12T00:25:07.724+0000] {processor.py:183} INFO - Processing /home/airflow/.local/lib/python3.12/site-packages/airflow/example_dags/example_skip_dag.py took 0.079 seconds
[2024-09-12T00:25:37.933+0000] {processor.py:161} INFO - Started process (PID=688) to work on /home/airflow/.local/lib/python3.12/site-packages/airflow/example_dags/example_skip_dag.py
[2024-09-12T00:25:37.934+0000] {processor.py:830} INFO - Processing file /home/airflow/.local/lib/python3.12/site-packages/airflow/example_dags/example_skip_dag.py for tasks to queue
[2024-09-12T00:25:37.936+0000] {logging_mixin.py:188} INFO - [2024-09-12T00:25:37.936+0000] {dagbag.py:545} INFO - Filling up the DagBag from /home/airflow/.local/lib/python3.12/site-packages/airflow/example_dags/example_skip_dag.py
[2024-09-12T00:25:37.943+0000] {processor.py:840} INFO - DAG(s) 'example_skip_dag' retrieved from /home/airflow/.local/lib/python3.12/site-packages/airflow/example_dags/example_skip_dag.py
[2024-09-12T00:25:37.962+0000] {logging_mixin.py:188} INFO - [2024-09-12T00:25:37.962+0000] {dag.py:3089} INFO - Sync 1 DAGs
[2024-09-12T00:25:37.984+0000] {logging_mixin.py:188} INFO - [2024-09-12T00:25:37.983+0000] {dag.py:3947} INFO - Setting next_dagrun for example_skip_dag to 2024-09-11 00:00:00+00:00, run_after=2024-09-12 00:00:00+00:00
[2024-09-12T00:25:38.003+0000] {processor.py:183} INFO - Processing /home/airflow/.local/lib/python3.12/site-packages/airflow/example_dags/example_skip_dag.py took 0.076 seconds
[2024-09-12T00:26:08.107+0000] {processor.py:161} INFO - Started process (PID=748) to work on /home/airflow/.local/lib/python3.12/site-packages/airflow/example_dags/example_skip_dag.py
[2024-09-12T00:26:08.108+0000] {processor.py:830} INFO - Processing file /home/airflow/.local/lib/python3.12/site-packages/airflow/example_dags/example_skip_dag.py for tasks to queue
[2024-09-12T00:26:08.110+0000] {logging_mixin.py:188} INFO - [2024-09-12T00:26:08.110+0000] {dagbag.py:545} INFO - Filling up the DagBag from /home/airflow/.local/lib/python3.12/site-packages/airflow/example_dags/example_skip_dag.py
[2024-09-12T00:26:08.116+0000] {processor.py:840} INFO - DAG(s) 'example_skip_dag' retrieved from /home/airflow/.local/lib/python3.12/site-packages/airflow/example_dags/example_skip_dag.py
[2024-09-12T00:26:08.136+0000] {logging_mixin.py:188} INFO - [2024-09-12T00:26:08.135+0000] {dag.py:3089} INFO - Sync 1 DAGs
[2024-09-12T00:26:08.158+0000] {logging_mixin.py:188} INFO - [2024-09-12T00:26:08.158+0000] {dag.py:3947} INFO - Setting next_dagrun for example_skip_dag to 2024-09-11 00:00:00+00:00, run_after=2024-09-12 00:00:00+00:00
[2024-09-12T00:26:08.177+0000] {processor.py:183} INFO - Processing /home/airflow/.local/lib/python3.12/site-packages/airflow/example_dags/example_skip_dag.py took 0.076 seconds
[2024-09-12T00:26:38.711+0000] {processor.py:161} INFO - Started process (PID=808) to work on /home/airflow/.local/lib/python3.12/site-packages/airflow/example_dags/example_skip_dag.py
[2024-09-12T00:26:38.712+0000] {processor.py:830} INFO - Processing file /home/airflow/.local/lib/python3.12/site-packages/airflow/example_dags/example_skip_dag.py for tasks to queue
[2024-09-12T00:26:38.714+0000] {logging_mixin.py:188} INFO - [2024-09-12T00:26:38.714+0000] {dagbag.py:545} INFO - Filling up the DagBag from /home/airflow/.local/lib/python3.12/site-packages/airflow/example_dags/example_skip_dag.py
[2024-09-12T00:26:38.721+0000] {processor.py:840} INFO - DAG(s) 'example_skip_dag' retrieved from /home/airflow/.local/lib/python3.12/site-packages/airflow/example_dags/example_skip_dag.py
[2024-09-12T00:26:38.741+0000] {logging_mixin.py:188} INFO - [2024-09-12T00:26:38.740+0000] {dag.py:3089} INFO - Sync 1 DAGs
[2024-09-12T00:26:38.762+0000] {logging_mixin.py:188} INFO - [2024-09-12T00:26:38.761+0000] {dag.py:3947} INFO - Setting next_dagrun for example_skip_dag to 2024-09-11 00:00:00+00:00, run_after=2024-09-12 00:00:00+00:00
[2024-09-12T00:26:38.781+0000] {processor.py:183} INFO - Processing /home/airflow/.local/lib/python3.12/site-packages/airflow/example_dags/example_skip_dag.py took 0.075 seconds
[2024-09-12T00:27:09.245+0000] {processor.py:161} INFO - Started process (PID=868) to work on /home/airflow/.local/lib/python3.12/site-packages/airflow/example_dags/example_skip_dag.py
[2024-09-12T00:27:09.246+0000] {processor.py:830} INFO - Processing file /home/airflow/.local/lib/python3.12/site-packages/airflow/example_dags/example_skip_dag.py for tasks to queue
[2024-09-12T00:27:09.248+0000] {logging_mixin.py:188} INFO - [2024-09-12T00:27:09.247+0000] {dagbag.py:545} INFO - Filling up the DagBag from /home/airflow/.local/lib/python3.12/site-packages/airflow/example_dags/example_skip_dag.py
[2024-09-12T00:27:09.254+0000] {processor.py:840} INFO - DAG(s) 'example_skip_dag' retrieved from /home/airflow/.local/lib/python3.12/site-packages/airflow/example_dags/example_skip_dag.py
[2024-09-12T00:27:09.273+0000] {logging_mixin.py:188} INFO - [2024-09-12T00:27:09.273+0000] {dag.py:3089} INFO - Sync 1 DAGs
[2024-09-12T00:27:09.295+0000] {logging_mixin.py:188} INFO - [2024-09-12T00:27:09.295+0000] {dag.py:3947} INFO - Setting next_dagrun for example_skip_dag to 2024-09-11 00:00:00+00:00, run_after=2024-09-12 00:00:00+00:00
[2024-09-12T00:27:09.313+0000] {processor.py:183} INFO - Processing /home/airflow/.local/lib/python3.12/site-packages/airflow/example_dags/example_skip_dag.py took 0.075 seconds
[2024-09-12T00:27:39.430+0000] {processor.py:161} INFO - Started process (PID=928) to work on /home/airflow/.local/lib/python3.12/site-packages/airflow/example_dags/example_skip_dag.py
[2024-09-12T00:27:39.431+0000] {processor.py:830} INFO - Processing file /home/airflow/.local/lib/python3.12/site-packages/airflow/example_dags/example_skip_dag.py for tasks to queue
[2024-09-12T00:27:39.433+0000] {logging_mixin.py:188} INFO - [2024-09-12T00:27:39.433+0000] {dagbag.py:545} INFO - Filling up the DagBag from /home/airflow/.local/lib/python3.12/site-packages/airflow/example_dags/example_skip_dag.py
[2024-09-12T00:27:39.441+0000] {processor.py:840} INFO - DAG(s) 'example_skip_dag' retrieved from /home/airflow/.local/lib/python3.12/site-packages/airflow/example_dags/example_skip_dag.py
[2024-09-12T00:27:39.459+0000] {logging_mixin.py:188} INFO - [2024-09-12T00:27:39.459+0000] {dag.py:3089} INFO - Sync 1 DAGs
[2024-09-12T00:27:39.481+0000] {logging_mixin.py:188} INFO - [2024-09-12T00:27:39.481+0000] {dag.py:3947} INFO - Setting next_dagrun for example_skip_dag to 2024-09-11 00:00:00+00:00, run_after=2024-09-12 00:00:00+00:00
[2024-09-12T00:27:39.500+0000] {processor.py:183} INFO - Processing /home/airflow/.local/lib/python3.12/site-packages/airflow/example_dags/example_skip_dag.py took 0.075 seconds
[2024-09-12T00:28:09.944+0000] {processor.py:161} INFO - Started process (PID=988) to work on /home/airflow/.local/lib/python3.12/site-packages/airflow/example_dags/example_skip_dag.py
[2024-09-12T00:28:09.945+0000] {processor.py:830} INFO - Processing file /home/airflow/.local/lib/python3.12/site-packages/airflow/example_dags/example_skip_dag.py for tasks to queue
[2024-09-12T00:28:09.947+0000] {logging_mixin.py:188} INFO - [2024-09-12T00:28:09.946+0000] {dagbag.py:545} INFO - Filling up the DagBag from /home/airflow/.local/lib/python3.12/site-packages/airflow/example_dags/example_skip_dag.py
[2024-09-12T00:28:09.953+0000] {processor.py:840} INFO - DAG(s) 'example_skip_dag' retrieved from /home/airflow/.local/lib/python3.12/site-packages/airflow/example_dags/example_skip_dag.py
[2024-09-12T00:28:09.973+0000] {logging_mixin.py:188} INFO - [2024-09-12T00:28:09.972+0000] {dag.py:3089} INFO - Sync 1 DAGs
[2024-09-12T00:28:09.994+0000] {logging_mixin.py:188} INFO - [2024-09-12T00:28:09.994+0000] {dag.py:3947} INFO - Setting next_dagrun for example_skip_dag to 2024-09-11 00:00:00+00:00, run_after=2024-09-12 00:00:00+00:00
[2024-09-12T00:28:10.014+0000] {processor.py:183} INFO - Processing /home/airflow/.local/lib/python3.12/site-packages/airflow/example_dags/example_skip_dag.py took 0.076 seconds
[2024-09-12T00:28:40.100+0000] {processor.py:161} INFO - Started process (PID=1048) to work on /home/airflow/.local/lib/python3.12/site-packages/airflow/example_dags/example_skip_dag.py
[2024-09-12T00:28:40.101+0000] {processor.py:830} INFO - Processing file /home/airflow/.local/lib/python3.12/site-packages/airflow/example_dags/example_skip_dag.py for tasks to queue
[2024-09-12T00:28:40.103+0000] {logging_mixin.py:188} INFO - [2024-09-12T00:28:40.102+0000] {dagbag.py:545} INFO - Filling up the DagBag from /home/airflow/.local/lib/python3.12/site-packages/airflow/example_dags/example_skip_dag.py
[2024-09-12T00:28:40.109+0000] {processor.py:840} INFO - DAG(s) 'example_skip_dag' retrieved from /home/airflow/.local/lib/python3.12/site-packages/airflow/example_dags/example_skip_dag.py
[2024-09-12T00:28:40.128+0000] {logging_mixin.py:188} INFO - [2024-09-12T00:28:40.128+0000] {dag.py:3089} INFO - Sync 1 DAGs
[2024-09-12T00:28:40.150+0000] {logging_mixin.py:188} INFO - [2024-09-12T00:28:40.149+0000] {dag.py:3947} INFO - Setting next_dagrun for example_skip_dag to 2024-09-11 00:00:00+00:00, run_after=2024-09-12 00:00:00+00:00
[2024-09-12T00:28:40.168+0000] {processor.py:183} INFO - Processing /home/airflow/.local/lib/python3.12/site-packages/airflow/example_dags/example_skip_dag.py took 0.073 seconds
[2024-09-12T00:29:10.478+0000] {processor.py:161} INFO - Started process (PID=1108) to work on /home/airflow/.local/lib/python3.12/site-packages/airflow/example_dags/example_skip_dag.py
[2024-09-12T00:29:10.479+0000] {processor.py:830} INFO - Processing file /home/airflow/.local/lib/python3.12/site-packages/airflow/example_dags/example_skip_dag.py for tasks to queue
[2024-09-12T00:29:10.481+0000] {logging_mixin.py:188} INFO - [2024-09-12T00:29:10.481+0000] {dagbag.py:545} INFO - Filling up the DagBag from /home/airflow/.local/lib/python3.12/site-packages/airflow/example_dags/example_skip_dag.py
[2024-09-12T00:29:10.488+0000] {processor.py:840} INFO - DAG(s) 'example_skip_dag' retrieved from /home/airflow/.local/lib/python3.12/site-packages/airflow/example_dags/example_skip_dag.py
[2024-09-12T00:29:10.508+0000] {logging_mixin.py:188} INFO - [2024-09-12T00:29:10.508+0000] {dag.py:3089} INFO - Sync 1 DAGs
[2024-09-12T00:29:10.531+0000] {logging_mixin.py:188} INFO - [2024-09-12T00:29:10.531+0000] {dag.py:3947} INFO - Setting next_dagrun for example_skip_dag to 2024-09-11 00:00:00+00:00, run_after=2024-09-12 00:00:00+00:00
[2024-09-12T00:29:10.551+0000] {processor.py:183} INFO - Processing /home/airflow/.local/lib/python3.12/site-packages/airflow/example_dags/example_skip_dag.py took 0.079 seconds
[2024-09-12T00:29:41.018+0000] {processor.py:161} INFO - Started process (PID=1168) to work on /home/airflow/.local/lib/python3.12/site-packages/airflow/example_dags/example_skip_dag.py
[2024-09-12T00:29:41.019+0000] {processor.py:830} INFO - Processing file /home/airflow/.local/lib/python3.12/site-packages/airflow/example_dags/example_skip_dag.py for tasks to queue
[2024-09-12T00:29:41.021+0000] {logging_mixin.py:188} INFO - [2024-09-12T00:29:41.020+0000] {dagbag.py:545} INFO - Filling up the DagBag from /home/airflow/.local/lib/python3.12/site-packages/airflow/example_dags/example_skip_dag.py
[2024-09-12T00:29:41.028+0000] {processor.py:840} INFO - DAG(s) 'example_skip_dag' retrieved from /home/airflow/.local/lib/python3.12/site-packages/airflow/example_dags/example_skip_dag.py
[2024-09-12T00:29:41.050+0000] {logging_mixin.py:188} INFO - [2024-09-12T00:29:41.050+0000] {dag.py:3089} INFO - Sync 1 DAGs
[2024-09-12T00:29:41.074+0000] {logging_mixin.py:188} INFO - [2024-09-12T00:29:41.073+0000] {dag.py:3947} INFO - Setting next_dagrun for example_skip_dag to 2024-09-11 00:00:00+00:00, run_after=2024-09-12 00:00:00+00:00
[2024-09-12T00:29:41.094+0000] {processor.py:183} INFO - Processing /home/airflow/.local/lib/python3.12/site-packages/airflow/example_dags/example_skip_dag.py took 0.082 seconds
[2024-09-12T00:30:11.426+0000] {processor.py:161} INFO - Started process (PID=1228) to work on /home/airflow/.local/lib/python3.12/site-packages/airflow/example_dags/example_skip_dag.py
[2024-09-12T00:30:11.427+0000] {processor.py:830} INFO - Processing file /home/airflow/.local/lib/python3.12/site-packages/airflow/example_dags/example_skip_dag.py for tasks to queue
[2024-09-12T00:30:11.429+0000] {logging_mixin.py:188} INFO - [2024-09-12T00:30:11.429+0000] {dagbag.py:545} INFO - Filling up the DagBag from /home/airflow/.local/lib/python3.12/site-packages/airflow/example_dags/example_skip_dag.py
[2024-09-12T00:30:11.436+0000] {processor.py:840} INFO - DAG(s) 'example_skip_dag' retrieved from /home/airflow/.local/lib/python3.12/site-packages/airflow/example_dags/example_skip_dag.py
[2024-09-12T00:30:11.455+0000] {logging_mixin.py:188} INFO - [2024-09-12T00:30:11.455+0000] {dag.py:3089} INFO - Sync 1 DAGs
[2024-09-12T00:30:11.476+0000] {logging_mixin.py:188} INFO - [2024-09-12T00:30:11.476+0000] {dag.py:3947} INFO - Setting next_dagrun for example_skip_dag to 2024-09-11 00:00:00+00:00, run_after=2024-09-12 00:00:00+00:00
[2024-09-12T00:30:11.495+0000] {processor.py:183} INFO - Processing /home/airflow/.local/lib/python3.12/site-packages/airflow/example_dags/example_skip_dag.py took 0.075 seconds
[2024-09-12T00:30:41.914+0000] {processor.py:161} INFO - Started process (PID=1288) to work on /home/airflow/.local/lib/python3.12/site-packages/airflow/example_dags/example_skip_dag.py
[2024-09-12T00:30:41.915+0000] {processor.py:830} INFO - Processing file /home/airflow/.local/lib/python3.12/site-packages/airflow/example_dags/example_skip_dag.py for tasks to queue
[2024-09-12T00:30:41.917+0000] {logging_mixin.py:188} INFO - [2024-09-12T00:30:41.916+0000] {dagbag.py:545} INFO - Filling up the DagBag from /home/airflow/.local/lib/python3.12/site-packages/airflow/example_dags/example_skip_dag.py
[2024-09-12T00:30:41.923+0000] {processor.py:840} INFO - DAG(s) 'example_skip_dag' retrieved from /home/airflow/.local/lib/python3.12/site-packages/airflow/example_dags/example_skip_dag.py
[2024-09-12T00:30:41.943+0000] {logging_mixin.py:188} INFO - [2024-09-12T00:30:41.943+0000] {dag.py:3089} INFO - Sync 1 DAGs
[2024-09-12T00:30:41.967+0000] {logging_mixin.py:188} INFO - [2024-09-12T00:30:41.967+0000] {dag.py:3947} INFO - Setting next_dagrun for example_skip_dag to 2024-09-11 00:00:00+00:00, run_after=2024-09-12 00:00:00+00:00
[2024-09-12T00:30:41.985+0000] {processor.py:183} INFO - Processing /home/airflow/.local/lib/python3.12/site-packages/airflow/example_dags/example_skip_dag.py took 0.077 seconds
[2024-09-12T00:31:12.220+0000] {processor.py:161} INFO - Started process (PID=1348) to work on /home/airflow/.local/lib/python3.12/site-packages/airflow/example_dags/example_skip_dag.py
[2024-09-12T00:31:12.221+0000] {processor.py:830} INFO - Processing file /home/airflow/.local/lib/python3.12/site-packages/airflow/example_dags/example_skip_dag.py for tasks to queue
[2024-09-12T00:31:12.223+0000] {logging_mixin.py:188} INFO - [2024-09-12T00:31:12.223+0000] {dagbag.py:545} INFO - Filling up the DagBag from /home/airflow/.local/lib/python3.12/site-packages/airflow/example_dags/example_skip_dag.py
[2024-09-12T00:31:12.230+0000] {processor.py:840} INFO - DAG(s) 'example_skip_dag' retrieved from /home/airflow/.local/lib/python3.12/site-packages/airflow/example_dags/example_skip_dag.py
[2024-09-12T00:31:12.249+0000] {logging_mixin.py:188} INFO - [2024-09-12T00:31:12.249+0000] {dag.py:3089} INFO - Sync 1 DAGs
[2024-09-12T00:31:12.272+0000] {logging_mixin.py:188} INFO - [2024-09-12T00:31:12.271+0000] {dag.py:3947} INFO - Setting next_dagrun for example_skip_dag to 2024-09-11 00:00:00+00:00, run_after=2024-09-12 00:00:00+00:00
[2024-09-12T00:31:12.290+0000] {processor.py:183} INFO - Processing /home/airflow/.local/lib/python3.12/site-packages/airflow/example_dags/example_skip_dag.py took 0.075 seconds
[2024-09-12T00:31:42.947+0000] {processor.py:161} INFO - Started process (PID=1408) to work on /home/airflow/.local/lib/python3.12/site-packages/airflow/example_dags/example_skip_dag.py
[2024-09-12T00:31:42.948+0000] {processor.py:830} INFO - Processing file /home/airflow/.local/lib/python3.12/site-packages/airflow/example_dags/example_skip_dag.py for tasks to queue
[2024-09-12T00:31:42.950+0000] {logging_mixin.py:188} INFO - [2024-09-12T00:31:42.949+0000] {dagbag.py:545} INFO - Filling up the DagBag from /home/airflow/.local/lib/python3.12/site-packages/airflow/example_dags/example_skip_dag.py
[2024-09-12T00:31:42.957+0000] {processor.py:840} INFO - DAG(s) 'example_skip_dag' retrieved from /home/airflow/.local/lib/python3.12/site-packages/airflow/example_dags/example_skip_dag.py
[2024-09-12T00:31:42.978+0000] {logging_mixin.py:188} INFO - [2024-09-12T00:31:42.978+0000] {dag.py:3089} INFO - Sync 1 DAGs
[2024-09-12T00:31:43.131+0000] {logging_mixin.py:188} INFO - [2024-09-12T00:31:43.130+0000] {dag.py:3947} INFO - Setting next_dagrun for example_skip_dag to 2024-09-11 00:00:00+00:00, run_after=2024-09-12 00:00:00+00:00
[2024-09-12T00:31:43.151+0000] {processor.py:183} INFO - Processing /home/airflow/.local/lib/python3.12/site-packages/airflow/example_dags/example_skip_dag.py took 0.210 seconds
[2024-09-12T00:32:13.434+0000] {processor.py:161} INFO - Started process (PID=1468) to work on /home/airflow/.local/lib/python3.12/site-packages/airflow/example_dags/example_skip_dag.py
[2024-09-12T00:32:13.435+0000] {processor.py:830} INFO - Processing file /home/airflow/.local/lib/python3.12/site-packages/airflow/example_dags/example_skip_dag.py for tasks to queue
[2024-09-12T00:32:13.437+0000] {logging_mixin.py:188} INFO - [2024-09-12T00:32:13.437+0000] {dagbag.py:545} INFO - Filling up the DagBag from /home/airflow/.local/lib/python3.12/site-packages/airflow/example_dags/example_skip_dag.py
[2024-09-12T00:32:13.444+0000] {processor.py:840} INFO - DAG(s) 'example_skip_dag' retrieved from /home/airflow/.local/lib/python3.12/site-packages/airflow/example_dags/example_skip_dag.py
[2024-09-12T00:32:13.465+0000] {logging_mixin.py:188} INFO - [2024-09-12T00:32:13.465+0000] {dag.py:3089} INFO - Sync 1 DAGs
[2024-09-12T00:32:13.619+0000] {logging_mixin.py:188} INFO - [2024-09-12T00:32:13.618+0000] {dag.py:3947} INFO - Setting next_dagrun for example_skip_dag to 2024-09-11 00:00:00+00:00, run_after=2024-09-12 00:00:00+00:00
[2024-09-12T00:32:13.636+0000] {processor.py:183} INFO - Processing /home/airflow/.local/lib/python3.12/site-packages/airflow/example_dags/example_skip_dag.py took 0.208 seconds
[2024-09-12T00:32:43.807+0000] {processor.py:161} INFO - Started process (PID=1528) to work on /home/airflow/.local/lib/python3.12/site-packages/airflow/example_dags/example_skip_dag.py
[2024-09-12T00:32:43.808+0000] {processor.py:830} INFO - Processing file /home/airflow/.local/lib/python3.12/site-packages/airflow/example_dags/example_skip_dag.py for tasks to queue
[2024-09-12T00:32:43.811+0000] {logging_mixin.py:188} INFO - [2024-09-12T00:32:43.810+0000] {dagbag.py:545} INFO - Filling up the DagBag from /home/airflow/.local/lib/python3.12/site-packages/airflow/example_dags/example_skip_dag.py
[2024-09-12T00:32:43.818+0000] {processor.py:840} INFO - DAG(s) 'example_skip_dag' retrieved from /home/airflow/.local/lib/python3.12/site-packages/airflow/example_dags/example_skip_dag.py
[2024-09-12T00:32:43.839+0000] {logging_mixin.py:188} INFO - [2024-09-12T00:32:43.838+0000] {dag.py:3089} INFO - Sync 1 DAGs
[2024-09-12T00:32:43.863+0000] {logging_mixin.py:188} INFO - [2024-09-12T00:32:43.863+0000] {dag.py:3947} INFO - Setting next_dagrun for example_skip_dag to 2024-09-11 00:00:00+00:00, run_after=2024-09-12 00:00:00+00:00
[2024-09-12T00:32:43.886+0000] {processor.py:183} INFO - Processing /home/airflow/.local/lib/python3.12/site-packages/airflow/example_dags/example_skip_dag.py took 0.086 seconds
[2024-09-12T00:33:14.123+0000] {processor.py:161} INFO - Started process (PID=1588) to work on /home/airflow/.local/lib/python3.12/site-packages/airflow/example_dags/example_skip_dag.py
[2024-09-12T00:33:14.124+0000] {processor.py:830} INFO - Processing file /home/airflow/.local/lib/python3.12/site-packages/airflow/example_dags/example_skip_dag.py for tasks to queue
[2024-09-12T00:33:14.126+0000] {logging_mixin.py:188} INFO - [2024-09-12T00:33:14.126+0000] {dagbag.py:545} INFO - Filling up the DagBag from /home/airflow/.local/lib/python3.12/site-packages/airflow/example_dags/example_skip_dag.py
[2024-09-12T00:33:14.133+0000] {processor.py:840} INFO - DAG(s) 'example_skip_dag' retrieved from /home/airflow/.local/lib/python3.12/site-packages/airflow/example_dags/example_skip_dag.py
[2024-09-12T00:33:14.153+0000] {logging_mixin.py:188} INFO - [2024-09-12T00:33:14.153+0000] {dag.py:3089} INFO - Sync 1 DAGs
[2024-09-12T00:33:14.177+0000] {logging_mixin.py:188} INFO - [2024-09-12T00:33:14.176+0000] {dag.py:3947} INFO - Setting next_dagrun for example_skip_dag to 2024-09-11 00:00:00+00:00, run_after=2024-09-12 00:00:00+00:00
[2024-09-12T00:33:14.197+0000] {processor.py:183} INFO - Processing /home/airflow/.local/lib/python3.12/site-packages/airflow/example_dags/example_skip_dag.py took 0.080 seconds
[2024-09-12T00:33:44.792+0000] {processor.py:161} INFO - Started process (PID=1648) to work on /home/airflow/.local/lib/python3.12/site-packages/airflow/example_dags/example_skip_dag.py
[2024-09-12T00:33:44.793+0000] {processor.py:830} INFO - Processing file /home/airflow/.local/lib/python3.12/site-packages/airflow/example_dags/example_skip_dag.py for tasks to queue
[2024-09-12T00:33:44.795+0000] {logging_mixin.py:188} INFO - [2024-09-12T00:33:44.795+0000] {dagbag.py:545} INFO - Filling up the DagBag from /home/airflow/.local/lib/python3.12/site-packages/airflow/example_dags/example_skip_dag.py
[2024-09-12T00:33:44.803+0000] {processor.py:840} INFO - DAG(s) 'example_skip_dag' retrieved from /home/airflow/.local/lib/python3.12/site-packages/airflow/example_dags/example_skip_dag.py
[2024-09-12T00:33:44.826+0000] {logging_mixin.py:188} INFO - [2024-09-12T00:33:44.826+0000] {dag.py:3089} INFO - Sync 1 DAGs
[2024-09-12T00:33:44.853+0000] {logging_mixin.py:188} INFO - [2024-09-12T00:33:44.853+0000] {dag.py:3947} INFO - Setting next_dagrun for example_skip_dag to 2024-09-11 00:00:00+00:00, run_after=2024-09-12 00:00:00+00:00
[2024-09-12T00:33:44.875+0000] {processor.py:183} INFO - Processing /home/airflow/.local/lib/python3.12/site-packages/airflow/example_dags/example_skip_dag.py took 0.090 seconds
[2024-09-12T00:34:15.675+0000] {processor.py:161} INFO - Started process (PID=1708) to work on /home/airflow/.local/lib/python3.12/site-packages/airflow/example_dags/example_skip_dag.py
[2024-09-12T00:34:15.676+0000] {processor.py:830} INFO - Processing file /home/airflow/.local/lib/python3.12/site-packages/airflow/example_dags/example_skip_dag.py for tasks to queue
[2024-09-12T00:34:15.678+0000] {logging_mixin.py:188} INFO - [2024-09-12T00:34:15.677+0000] {dagbag.py:545} INFO - Filling up the DagBag from /home/airflow/.local/lib/python3.12/site-packages/airflow/example_dags/example_skip_dag.py
[2024-09-12T00:34:15.684+0000] {processor.py:840} INFO - DAG(s) 'example_skip_dag' retrieved from /home/airflow/.local/lib/python3.12/site-packages/airflow/example_dags/example_skip_dag.py
[2024-09-12T00:34:15.704+0000] {logging_mixin.py:188} INFO - [2024-09-12T00:34:15.704+0000] {dag.py:3089} INFO - Sync 1 DAGs
[2024-09-12T00:34:15.727+0000] {logging_mixin.py:188} INFO - [2024-09-12T00:34:15.727+0000] {dag.py:3947} INFO - Setting next_dagrun for example_skip_dag to 2024-09-11 00:00:00+00:00, run_after=2024-09-12 00:00:00+00:00
[2024-09-12T00:34:15.747+0000] {processor.py:183} INFO - Processing /home/airflow/.local/lib/python3.12/site-packages/airflow/example_dags/example_skip_dag.py took 0.078 seconds
[2024-09-12T00:34:45.888+0000] {processor.py:161} INFO - Started process (PID=1766) to work on /home/airflow/.local/lib/python3.12/site-packages/airflow/example_dags/example_skip_dag.py
[2024-09-12T00:34:45.889+0000] {processor.py:830} INFO - Processing file /home/airflow/.local/lib/python3.12/site-packages/airflow/example_dags/example_skip_dag.py for tasks to queue
[2024-09-12T00:34:45.891+0000] {logging_mixin.py:188} INFO - [2024-09-12T00:34:45.890+0000] {dagbag.py:545} INFO - Filling up the DagBag from /home/airflow/.local/lib/python3.12/site-packages/airflow/example_dags/example_skip_dag.py
[2024-09-12T00:34:45.897+0000] {processor.py:840} INFO - DAG(s) 'example_skip_dag' retrieved from /home/airflow/.local/lib/python3.12/site-packages/airflow/example_dags/example_skip_dag.py
[2024-09-12T00:34:45.918+0000] {logging_mixin.py:188} INFO - [2024-09-12T00:34:45.917+0000] {dag.py:3089} INFO - Sync 1 DAGs
[2024-09-12T00:34:45.939+0000] {logging_mixin.py:188} INFO - [2024-09-12T00:34:45.939+0000] {dag.py:3947} INFO - Setting next_dagrun for example_skip_dag to 2024-09-11 00:00:00+00:00, run_after=2024-09-12 00:00:00+00:00
[2024-09-12T00:34:45.959+0000] {processor.py:183} INFO - Processing /home/airflow/.local/lib/python3.12/site-packages/airflow/example_dags/example_skip_dag.py took 0.077 seconds
[2024-09-12T00:35:16.089+0000] {processor.py:161} INFO - Started process (PID=1826) to work on /home/airflow/.local/lib/python3.12/site-packages/airflow/example_dags/example_skip_dag.py
[2024-09-12T00:35:16.090+0000] {processor.py:830} INFO - Processing file /home/airflow/.local/lib/python3.12/site-packages/airflow/example_dags/example_skip_dag.py for tasks to queue
[2024-09-12T00:35:16.092+0000] {logging_mixin.py:188} INFO - [2024-09-12T00:35:16.091+0000] {dagbag.py:545} INFO - Filling up the DagBag from /home/airflow/.local/lib/python3.12/site-packages/airflow/example_dags/example_skip_dag.py
[2024-09-12T00:35:16.100+0000] {processor.py:840} INFO - DAG(s) 'example_skip_dag' retrieved from /home/airflow/.local/lib/python3.12/site-packages/airflow/example_dags/example_skip_dag.py
[2024-09-12T00:35:16.121+0000] {logging_mixin.py:188} INFO - [2024-09-12T00:35:16.120+0000] {dag.py:3089} INFO - Sync 1 DAGs
[2024-09-12T00:35:16.144+0000] {logging_mixin.py:188} INFO - [2024-09-12T00:35:16.144+0000] {dag.py:3947} INFO - Setting next_dagrun for example_skip_dag to 2024-09-11 00:00:00+00:00, run_after=2024-09-12 00:00:00+00:00
[2024-09-12T00:35:16.163+0000] {processor.py:183} INFO - Processing /home/airflow/.local/lib/python3.12/site-packages/airflow/example_dags/example_skip_dag.py took 0.081 seconds
[2024-09-12T00:35:46.637+0000] {processor.py:161} INFO - Started process (PID=1886) to work on /home/airflow/.local/lib/python3.12/site-packages/airflow/example_dags/example_skip_dag.py
[2024-09-12T00:35:46.638+0000] {processor.py:830} INFO - Processing file /home/airflow/.local/lib/python3.12/site-packages/airflow/example_dags/example_skip_dag.py for tasks to queue
[2024-09-12T00:35:46.640+0000] {logging_mixin.py:188} INFO - [2024-09-12T00:35:46.639+0000] {dagbag.py:545} INFO - Filling up the DagBag from /home/airflow/.local/lib/python3.12/site-packages/airflow/example_dags/example_skip_dag.py
[2024-09-12T00:35:46.647+0000] {processor.py:840} INFO - DAG(s) 'example_skip_dag' retrieved from /home/airflow/.local/lib/python3.12/site-packages/airflow/example_dags/example_skip_dag.py
[2024-09-12T00:35:46.669+0000] {logging_mixin.py:188} INFO - [2024-09-12T00:35:46.668+0000] {dag.py:3089} INFO - Sync 1 DAGs
[2024-09-12T00:35:46.692+0000] {logging_mixin.py:188} INFO - [2024-09-12T00:35:46.692+0000] {dag.py:3947} INFO - Setting next_dagrun for example_skip_dag to 2024-09-11 00:00:00+00:00, run_after=2024-09-12 00:00:00+00:00
[2024-09-12T00:35:46.712+0000] {processor.py:183} INFO - Processing /home/airflow/.local/lib/python3.12/site-packages/airflow/example_dags/example_skip_dag.py took 0.081 seconds
[2024-09-12T00:36:16.910+0000] {processor.py:161} INFO - Started process (PID=1946) to work on /home/airflow/.local/lib/python3.12/site-packages/airflow/example_dags/example_skip_dag.py
[2024-09-12T00:36:16.911+0000] {processor.py:830} INFO - Processing file /home/airflow/.local/lib/python3.12/site-packages/airflow/example_dags/example_skip_dag.py for tasks to queue
[2024-09-12T00:36:16.913+0000] {logging_mixin.py:188} INFO - [2024-09-12T00:36:16.912+0000] {dagbag.py:545} INFO - Filling up the DagBag from /home/airflow/.local/lib/python3.12/site-packages/airflow/example_dags/example_skip_dag.py
[2024-09-12T00:36:16.919+0000] {processor.py:840} INFO - DAG(s) 'example_skip_dag' retrieved from /home/airflow/.local/lib/python3.12/site-packages/airflow/example_dags/example_skip_dag.py
[2024-09-12T00:36:16.940+0000] {logging_mixin.py:188} INFO - [2024-09-12T00:36:16.940+0000] {dag.py:3089} INFO - Sync 1 DAGs
[2024-09-12T00:36:16.963+0000] {logging_mixin.py:188} INFO - [2024-09-12T00:36:16.962+0000] {dag.py:3947} INFO - Setting next_dagrun for example_skip_dag to 2024-09-11 00:00:00+00:00, run_after=2024-09-12 00:00:00+00:00
[2024-09-12T00:36:16.981+0000] {processor.py:183} INFO - Processing /home/airflow/.local/lib/python3.12/site-packages/airflow/example_dags/example_skip_dag.py took 0.077 seconds
[2024-09-12T00:36:47.090+0000] {processor.py:161} INFO - Started process (PID=2006) to work on /home/airflow/.local/lib/python3.12/site-packages/airflow/example_dags/example_skip_dag.py
[2024-09-12T00:36:47.091+0000] {processor.py:830} INFO - Processing file /home/airflow/.local/lib/python3.12/site-packages/airflow/example_dags/example_skip_dag.py for tasks to queue
[2024-09-12T00:36:47.093+0000] {logging_mixin.py:188} INFO - [2024-09-12T00:36:47.092+0000] {dagbag.py:545} INFO - Filling up the DagBag from /home/airflow/.local/lib/python3.12/site-packages/airflow/example_dags/example_skip_dag.py
[2024-09-12T00:36:47.099+0000] {processor.py:840} INFO - DAG(s) 'example_skip_dag' retrieved from /home/airflow/.local/lib/python3.12/site-packages/airflow/example_dags/example_skip_dag.py
[2024-09-12T00:36:47.119+0000] {logging_mixin.py:188} INFO - [2024-09-12T00:36:47.119+0000] {dag.py:3089} INFO - Sync 1 DAGs
[2024-09-12T00:36:47.142+0000] {logging_mixin.py:188} INFO - [2024-09-12T00:36:47.142+0000] {dag.py:3947} INFO - Setting next_dagrun for example_skip_dag to 2024-09-11 00:00:00+00:00, run_after=2024-09-12 00:00:00+00:00
[2024-09-12T00:36:47.161+0000] {processor.py:183} INFO - Processing /home/airflow/.local/lib/python3.12/site-packages/airflow/example_dags/example_skip_dag.py took 0.078 seconds
[2024-09-12T00:37:17.279+0000] {processor.py:161} INFO - Started process (PID=2066) to work on /home/airflow/.local/lib/python3.12/site-packages/airflow/example_dags/example_skip_dag.py
[2024-09-12T00:37:17.280+0000] {processor.py:830} INFO - Processing file /home/airflow/.local/lib/python3.12/site-packages/airflow/example_dags/example_skip_dag.py for tasks to queue
[2024-09-12T00:37:17.282+0000] {logging_mixin.py:188} INFO - [2024-09-12T00:37:17.282+0000] {dagbag.py:545} INFO - Filling up the DagBag from /home/airflow/.local/lib/python3.12/site-packages/airflow/example_dags/example_skip_dag.py
[2024-09-12T00:37:17.288+0000] {processor.py:840} INFO - DAG(s) 'example_skip_dag' retrieved from /home/airflow/.local/lib/python3.12/site-packages/airflow/example_dags/example_skip_dag.py
[2024-09-12T00:37:17.309+0000] {logging_mixin.py:188} INFO - [2024-09-12T00:37:17.308+0000] {dag.py:3089} INFO - Sync 1 DAGs
[2024-09-12T00:37:17.333+0000] {logging_mixin.py:188} INFO - [2024-09-12T00:37:17.332+0000] {dag.py:3947} INFO - Setting next_dagrun for example_skip_dag to 2024-09-11 00:00:00+00:00, run_after=2024-09-12 00:00:00+00:00
[2024-09-12T00:37:17.353+0000] {processor.py:183} INFO - Processing /home/airflow/.local/lib/python3.12/site-packages/airflow/example_dags/example_skip_dag.py took 0.081 seconds
[2024-09-12T00:37:48.278+0000] {processor.py:161} INFO - Started process (PID=2126) to work on /home/airflow/.local/lib/python3.12/site-packages/airflow/example_dags/example_skip_dag.py
[2024-09-12T00:37:48.279+0000] {processor.py:830} INFO - Processing file /home/airflow/.local/lib/python3.12/site-packages/airflow/example_dags/example_skip_dag.py for tasks to queue
[2024-09-12T00:37:48.281+0000] {logging_mixin.py:188} INFO - [2024-09-12T00:37:48.281+0000] {dagbag.py:545} INFO - Filling up the DagBag from /home/airflow/.local/lib/python3.12/site-packages/airflow/example_dags/example_skip_dag.py
[2024-09-12T00:37:48.288+0000] {processor.py:840} INFO - DAG(s) 'example_skip_dag' retrieved from /home/airflow/.local/lib/python3.12/site-packages/airflow/example_dags/example_skip_dag.py
[2024-09-12T00:37:48.308+0000] {logging_mixin.py:188} INFO - [2024-09-12T00:37:48.308+0000] {dag.py:3089} INFO - Sync 1 DAGs
[2024-09-12T00:37:48.334+0000] {logging_mixin.py:188} INFO - [2024-09-12T00:37:48.334+0000] {dag.py:3947} INFO - Setting next_dagrun for example_skip_dag to 2024-09-11 00:00:00+00:00, run_after=2024-09-12 00:00:00+00:00
[2024-09-12T00:37:48.365+0000] {processor.py:183} INFO - Processing /home/airflow/.local/lib/python3.12/site-packages/airflow/example_dags/example_skip_dag.py took 0.093 seconds
