[2024-09-12T00:20:23.207+0000] {processor.py:161} INFO - Started process (PID=61) to work on /home/airflow/.local/lib/python3.12/site-packages/airflow/example_dags/example_branch_python_dop_operator_3.py
[2024-09-12T00:20:23.208+0000] {processor.py:830} INFO - Processing file /home/airflow/.local/lib/python3.12/site-packages/airflow/example_dags/example_branch_python_dop_operator_3.py for tasks to queue
[2024-09-12T00:20:23.211+0000] {logging_mixin.py:188} INFO - [2024-09-12T00:20:23.210+0000] {dagbag.py:545} INFO - Filling up the DagBag from /home/airflow/.local/lib/python3.12/site-packages/airflow/example_dags/example_branch_python_dop_operator_3.py
[2024-09-12T00:20:23.222+0000] {processor.py:840} INFO - DAG(s) 'example_branch_dop_operator_v3' retrieved from /home/airflow/.local/lib/python3.12/site-packages/airflow/example_dags/example_branch_python_dop_operator_3.py
[2024-09-12T00:20:23.264+0000] {logging_mixin.py:188} INFO - [2024-09-12T00:20:23.264+0000] {dag.py:3089} INFO - Sync 1 DAGs
[2024-09-12T00:20:23.311+0000] {logging_mixin.py:188} INFO - [2024-09-12T00:20:23.311+0000] {dag.py:3947} INFO - Setting next_dagrun for example_branch_dop_operator_v3 to 2024-09-12 00:19:00+00:00, run_after=2024-09-12 00:20:00+00:00
[2024-09-12T00:20:23.335+0000] {processor.py:183} INFO - Processing /home/airflow/.local/lib/python3.12/site-packages/airflow/example_dags/example_branch_python_dop_operator_3.py took 0.134 seconds
[2024-09-12T00:20:54.425+0000] {processor.py:161} INFO - Started process (PID=127) to work on /home/airflow/.local/lib/python3.12/site-packages/airflow/example_dags/example_branch_python_dop_operator_3.py
[2024-09-12T00:20:54.427+0000] {processor.py:830} INFO - Processing file /home/airflow/.local/lib/python3.12/site-packages/airflow/example_dags/example_branch_python_dop_operator_3.py for tasks to queue
[2024-09-12T00:20:54.429+0000] {logging_mixin.py:188} INFO - [2024-09-12T00:20:54.428+0000] {dagbag.py:545} INFO - Filling up the DagBag from /home/airflow/.local/lib/python3.12/site-packages/airflow/example_dags/example_branch_python_dop_operator_3.py
[2024-09-12T00:20:54.440+0000] {processor.py:840} INFO - DAG(s) 'example_branch_dop_operator_v3' retrieved from /home/airflow/.local/lib/python3.12/site-packages/airflow/example_dags/example_branch_python_dop_operator_3.py
[2024-09-12T00:20:54.462+0000] {logging_mixin.py:188} INFO - [2024-09-12T00:20:54.462+0000] {dag.py:3089} INFO - Sync 1 DAGs
[2024-09-12T00:20:54.490+0000] {logging_mixin.py:188} INFO - [2024-09-12T00:20:54.489+0000] {dag.py:3947} INFO - Setting next_dagrun for example_branch_dop_operator_v3 to 2024-09-12 00:19:00+00:00, run_after=2024-09-12 00:20:00+00:00
[2024-09-12T00:20:54.509+0000] {processor.py:183} INFO - Processing /home/airflow/.local/lib/python3.12/site-packages/airflow/example_dags/example_branch_python_dop_operator_3.py took 0.092 seconds
[2024-09-12T00:21:24.587+0000] {processor.py:161} INFO - Started process (PID=185) to work on /home/airflow/.local/lib/python3.12/site-packages/airflow/example_dags/example_branch_python_dop_operator_3.py
[2024-09-12T00:21:24.588+0000] {processor.py:830} INFO - Processing file /home/airflow/.local/lib/python3.12/site-packages/airflow/example_dags/example_branch_python_dop_operator_3.py for tasks to queue
[2024-09-12T00:21:24.590+0000] {logging_mixin.py:188} INFO - [2024-09-12T00:21:24.589+0000] {dagbag.py:545} INFO - Filling up the DagBag from /home/airflow/.local/lib/python3.12/site-packages/airflow/example_dags/example_branch_python_dop_operator_3.py
[2024-09-12T00:21:24.599+0000] {processor.py:840} INFO - DAG(s) 'example_branch_dop_operator_v3' retrieved from /home/airflow/.local/lib/python3.12/site-packages/airflow/example_dags/example_branch_python_dop_operator_3.py
[2024-09-12T00:21:24.621+0000] {logging_mixin.py:188} INFO - [2024-09-12T00:21:24.620+0000] {dag.py:3089} INFO - Sync 1 DAGs
[2024-09-12T00:21:24.650+0000] {logging_mixin.py:188} INFO - [2024-09-12T00:21:24.650+0000] {dag.py:3947} INFO - Setting next_dagrun for example_branch_dop_operator_v3 to 2024-09-12 00:20:00+00:00, run_after=2024-09-12 00:21:00+00:00
[2024-09-12T00:21:24.674+0000] {processor.py:183} INFO - Processing /home/airflow/.local/lib/python3.12/site-packages/airflow/example_dags/example_branch_python_dop_operator_3.py took 0.093 seconds
[2024-09-12T00:21:54.735+0000] {processor.py:161} INFO - Started process (PID=245) to work on /home/airflow/.local/lib/python3.12/site-packages/airflow/example_dags/example_branch_python_dop_operator_3.py
[2024-09-12T00:21:54.736+0000] {processor.py:830} INFO - Processing file /home/airflow/.local/lib/python3.12/site-packages/airflow/example_dags/example_branch_python_dop_operator_3.py for tasks to queue
[2024-09-12T00:21:54.738+0000] {logging_mixin.py:188} INFO - [2024-09-12T00:21:54.738+0000] {dagbag.py:545} INFO - Filling up the DagBag from /home/airflow/.local/lib/python3.12/site-packages/airflow/example_dags/example_branch_python_dop_operator_3.py
[2024-09-12T00:21:54.748+0000] {processor.py:840} INFO - DAG(s) 'example_branch_dop_operator_v3' retrieved from /home/airflow/.local/lib/python3.12/site-packages/airflow/example_dags/example_branch_python_dop_operator_3.py
[2024-09-12T00:21:54.768+0000] {logging_mixin.py:188} INFO - [2024-09-12T00:21:54.767+0000] {dag.py:3089} INFO - Sync 1 DAGs
[2024-09-12T00:21:54.793+0000] {logging_mixin.py:188} INFO - [2024-09-12T00:21:54.793+0000] {dag.py:3947} INFO - Setting next_dagrun for example_branch_dop_operator_v3 to 2024-09-12 00:20:00+00:00, run_after=2024-09-12 00:21:00+00:00
[2024-09-12T00:21:54.812+0000] {processor.py:183} INFO - Processing /home/airflow/.local/lib/python3.12/site-packages/airflow/example_dags/example_branch_python_dop_operator_3.py took 0.083 seconds
[2024-09-12T00:22:25.226+0000] {processor.py:161} INFO - Started process (PID=305) to work on /home/airflow/.local/lib/python3.12/site-packages/airflow/example_dags/example_branch_python_dop_operator_3.py
[2024-09-12T00:22:25.227+0000] {processor.py:830} INFO - Processing file /home/airflow/.local/lib/python3.12/site-packages/airflow/example_dags/example_branch_python_dop_operator_3.py for tasks to queue
[2024-09-12T00:22:25.229+0000] {logging_mixin.py:188} INFO - [2024-09-12T00:22:25.229+0000] {dagbag.py:545} INFO - Filling up the DagBag from /home/airflow/.local/lib/python3.12/site-packages/airflow/example_dags/example_branch_python_dop_operator_3.py
[2024-09-12T00:22:25.240+0000] {processor.py:840} INFO - DAG(s) 'example_branch_dop_operator_v3' retrieved from /home/airflow/.local/lib/python3.12/site-packages/airflow/example_dags/example_branch_python_dop_operator_3.py
[2024-09-12T00:22:25.265+0000] {logging_mixin.py:188} INFO - [2024-09-12T00:22:25.264+0000] {dag.py:3089} INFO - Sync 1 DAGs
[2024-09-12T00:22:25.294+0000] {logging_mixin.py:188} INFO - [2024-09-12T00:22:25.294+0000] {dag.py:3947} INFO - Setting next_dagrun for example_branch_dop_operator_v3 to 2024-09-12 00:21:00+00:00, run_after=2024-09-12 00:22:00+00:00
[2024-09-12T00:22:25.314+0000] {processor.py:183} INFO - Processing /home/airflow/.local/lib/python3.12/site-packages/airflow/example_dags/example_branch_python_dop_operator_3.py took 0.095 seconds
[2024-09-12T00:22:56.028+0000] {processor.py:161} INFO - Started process (PID=365) to work on /home/airflow/.local/lib/python3.12/site-packages/airflow/example_dags/example_branch_python_dop_operator_3.py
[2024-09-12T00:22:56.029+0000] {processor.py:830} INFO - Processing file /home/airflow/.local/lib/python3.12/site-packages/airflow/example_dags/example_branch_python_dop_operator_3.py for tasks to queue
[2024-09-12T00:22:56.031+0000] {logging_mixin.py:188} INFO - [2024-09-12T00:22:56.030+0000] {dagbag.py:545} INFO - Filling up the DagBag from /home/airflow/.local/lib/python3.12/site-packages/airflow/example_dags/example_branch_python_dop_operator_3.py
[2024-09-12T00:22:56.039+0000] {processor.py:840} INFO - DAG(s) 'example_branch_dop_operator_v3' retrieved from /home/airflow/.local/lib/python3.12/site-packages/airflow/example_dags/example_branch_python_dop_operator_3.py
[2024-09-12T00:22:56.058+0000] {logging_mixin.py:188} INFO - [2024-09-12T00:22:56.058+0000] {dag.py:3089} INFO - Sync 1 DAGs
[2024-09-12T00:22:56.084+0000] {logging_mixin.py:188} INFO - [2024-09-12T00:22:56.083+0000] {dag.py:3947} INFO - Setting next_dagrun for example_branch_dop_operator_v3 to 2024-09-12 00:21:00+00:00, run_after=2024-09-12 00:22:00+00:00
[2024-09-12T00:22:56.103+0000] {processor.py:183} INFO - Processing /home/airflow/.local/lib/python3.12/site-packages/airflow/example_dags/example_branch_python_dop_operator_3.py took 0.081 seconds
[2024-09-12T00:23:26.163+0000] {processor.py:161} INFO - Started process (PID=425) to work on /home/airflow/.local/lib/python3.12/site-packages/airflow/example_dags/example_branch_python_dop_operator_3.py
[2024-09-12T00:23:26.164+0000] {processor.py:830} INFO - Processing file /home/airflow/.local/lib/python3.12/site-packages/airflow/example_dags/example_branch_python_dop_operator_3.py for tasks to queue
[2024-09-12T00:23:26.166+0000] {logging_mixin.py:188} INFO - [2024-09-12T00:23:26.166+0000] {dagbag.py:545} INFO - Filling up the DagBag from /home/airflow/.local/lib/python3.12/site-packages/airflow/example_dags/example_branch_python_dop_operator_3.py
[2024-09-12T00:23:26.175+0000] {processor.py:840} INFO - DAG(s) 'example_branch_dop_operator_v3' retrieved from /home/airflow/.local/lib/python3.12/site-packages/airflow/example_dags/example_branch_python_dop_operator_3.py
[2024-09-12T00:23:26.193+0000] {logging_mixin.py:188} INFO - [2024-09-12T00:23:26.192+0000] {dag.py:3089} INFO - Sync 1 DAGs
[2024-09-12T00:23:26.217+0000] {logging_mixin.py:188} INFO - [2024-09-12T00:23:26.216+0000] {dag.py:3947} INFO - Setting next_dagrun for example_branch_dop_operator_v3 to 2024-09-12 00:22:00+00:00, run_after=2024-09-12 00:23:00+00:00
[2024-09-12T00:23:26.236+0000] {processor.py:183} INFO - Processing /home/airflow/.local/lib/python3.12/site-packages/airflow/example_dags/example_branch_python_dop_operator_3.py took 0.079 seconds
[2024-09-12T00:23:56.722+0000] {processor.py:161} INFO - Started process (PID=485) to work on /home/airflow/.local/lib/python3.12/site-packages/airflow/example_dags/example_branch_python_dop_operator_3.py
[2024-09-12T00:23:56.723+0000] {processor.py:830} INFO - Processing file /home/airflow/.local/lib/python3.12/site-packages/airflow/example_dags/example_branch_python_dop_operator_3.py for tasks to queue
[2024-09-12T00:23:56.725+0000] {logging_mixin.py:188} INFO - [2024-09-12T00:23:56.725+0000] {dagbag.py:545} INFO - Filling up the DagBag from /home/airflow/.local/lib/python3.12/site-packages/airflow/example_dags/example_branch_python_dop_operator_3.py
[2024-09-12T00:23:56.734+0000] {processor.py:840} INFO - DAG(s) 'example_branch_dop_operator_v3' retrieved from /home/airflow/.local/lib/python3.12/site-packages/airflow/example_dags/example_branch_python_dop_operator_3.py
[2024-09-12T00:23:56.755+0000] {logging_mixin.py:188} INFO - [2024-09-12T00:23:56.755+0000] {dag.py:3089} INFO - Sync 1 DAGs
[2024-09-12T00:23:56.783+0000] {logging_mixin.py:188} INFO - [2024-09-12T00:23:56.783+0000] {dag.py:3947} INFO - Setting next_dagrun for example_branch_dop_operator_v3 to 2024-09-12 00:22:00+00:00, run_after=2024-09-12 00:23:00+00:00
[2024-09-12T00:23:56.803+0000] {processor.py:183} INFO - Processing /home/airflow/.local/lib/python3.12/site-packages/airflow/example_dags/example_branch_python_dop_operator_3.py took 0.087 seconds
[2024-09-12T00:24:26.949+0000] {processor.py:161} INFO - Started process (PID=545) to work on /home/airflow/.local/lib/python3.12/site-packages/airflow/example_dags/example_branch_python_dop_operator_3.py
[2024-09-12T00:24:26.950+0000] {processor.py:830} INFO - Processing file /home/airflow/.local/lib/python3.12/site-packages/airflow/example_dags/example_branch_python_dop_operator_3.py for tasks to queue
[2024-09-12T00:24:26.952+0000] {logging_mixin.py:188} INFO - [2024-09-12T00:24:26.952+0000] {dagbag.py:545} INFO - Filling up the DagBag from /home/airflow/.local/lib/python3.12/site-packages/airflow/example_dags/example_branch_python_dop_operator_3.py
[2024-09-12T00:24:26.961+0000] {processor.py:840} INFO - DAG(s) 'example_branch_dop_operator_v3' retrieved from /home/airflow/.local/lib/python3.12/site-packages/airflow/example_dags/example_branch_python_dop_operator_3.py
[2024-09-12T00:24:26.980+0000] {logging_mixin.py:188} INFO - [2024-09-12T00:24:26.979+0000] {dag.py:3089} INFO - Sync 1 DAGs
[2024-09-12T00:24:27.005+0000] {logging_mixin.py:188} INFO - [2024-09-12T00:24:27.004+0000] {dag.py:3947} INFO - Setting next_dagrun for example_branch_dop_operator_v3 to 2024-09-12 00:23:00+00:00, run_after=2024-09-12 00:24:00+00:00
[2024-09-12T00:24:27.026+0000] {processor.py:183} INFO - Processing /home/airflow/.local/lib/python3.12/site-packages/airflow/example_dags/example_branch_python_dop_operator_3.py took 0.083 seconds
[2024-09-12T00:24:57.065+0000] {processor.py:161} INFO - Started process (PID=605) to work on /home/airflow/.local/lib/python3.12/site-packages/airflow/example_dags/example_branch_python_dop_operator_3.py
[2024-09-12T00:24:57.065+0000] {processor.py:830} INFO - Processing file /home/airflow/.local/lib/python3.12/site-packages/airflow/example_dags/example_branch_python_dop_operator_3.py for tasks to queue
[2024-09-12T00:24:57.067+0000] {logging_mixin.py:188} INFO - [2024-09-12T00:24:57.067+0000] {dagbag.py:545} INFO - Filling up the DagBag from /home/airflow/.local/lib/python3.12/site-packages/airflow/example_dags/example_branch_python_dop_operator_3.py
[2024-09-12T00:24:57.076+0000] {processor.py:840} INFO - DAG(s) 'example_branch_dop_operator_v3' retrieved from /home/airflow/.local/lib/python3.12/site-packages/airflow/example_dags/example_branch_python_dop_operator_3.py
[2024-09-12T00:24:57.095+0000] {logging_mixin.py:188} INFO - [2024-09-12T00:24:57.095+0000] {dag.py:3089} INFO - Sync 1 DAGs
[2024-09-12T00:24:57.120+0000] {logging_mixin.py:188} INFO - [2024-09-12T00:24:57.120+0000] {dag.py:3947} INFO - Setting next_dagrun for example_branch_dop_operator_v3 to 2024-09-12 00:23:00+00:00, run_after=2024-09-12 00:24:00+00:00
[2024-09-12T00:24:57.142+0000] {processor.py:183} INFO - Processing /home/airflow/.local/lib/python3.12/site-packages/airflow/example_dags/example_branch_python_dop_operator_3.py took 0.084 seconds
[2024-09-12T00:25:27.591+0000] {processor.py:161} INFO - Started process (PID=665) to work on /home/airflow/.local/lib/python3.12/site-packages/airflow/example_dags/example_branch_python_dop_operator_3.py
[2024-09-12T00:25:27.592+0000] {processor.py:830} INFO - Processing file /home/airflow/.local/lib/python3.12/site-packages/airflow/example_dags/example_branch_python_dop_operator_3.py for tasks to queue
[2024-09-12T00:25:27.594+0000] {logging_mixin.py:188} INFO - [2024-09-12T00:25:27.594+0000] {dagbag.py:545} INFO - Filling up the DagBag from /home/airflow/.local/lib/python3.12/site-packages/airflow/example_dags/example_branch_python_dop_operator_3.py
[2024-09-12T00:25:27.603+0000] {processor.py:840} INFO - DAG(s) 'example_branch_dop_operator_v3' retrieved from /home/airflow/.local/lib/python3.12/site-packages/airflow/example_dags/example_branch_python_dop_operator_3.py
[2024-09-12T00:25:27.622+0000] {logging_mixin.py:188} INFO - [2024-09-12T00:25:27.621+0000] {dag.py:3089} INFO - Sync 1 DAGs
[2024-09-12T00:25:27.648+0000] {logging_mixin.py:188} INFO - [2024-09-12T00:25:27.647+0000] {dag.py:3947} INFO - Setting next_dagrun for example_branch_dop_operator_v3 to 2024-09-12 00:24:00+00:00, run_after=2024-09-12 00:25:00+00:00
[2024-09-12T00:25:27.669+0000] {processor.py:183} INFO - Processing /home/airflow/.local/lib/python3.12/site-packages/airflow/example_dags/example_branch_python_dop_operator_3.py took 0.083 seconds
[2024-09-12T00:25:57.730+0000] {processor.py:161} INFO - Started process (PID=725) to work on /home/airflow/.local/lib/python3.12/site-packages/airflow/example_dags/example_branch_python_dop_operator_3.py
[2024-09-12T00:25:57.731+0000] {processor.py:830} INFO - Processing file /home/airflow/.local/lib/python3.12/site-packages/airflow/example_dags/example_branch_python_dop_operator_3.py for tasks to queue
[2024-09-12T00:25:57.733+0000] {logging_mixin.py:188} INFO - [2024-09-12T00:25:57.733+0000] {dagbag.py:545} INFO - Filling up the DagBag from /home/airflow/.local/lib/python3.12/site-packages/airflow/example_dags/example_branch_python_dop_operator_3.py
[2024-09-12T00:25:57.742+0000] {processor.py:840} INFO - DAG(s) 'example_branch_dop_operator_v3' retrieved from /home/airflow/.local/lib/python3.12/site-packages/airflow/example_dags/example_branch_python_dop_operator_3.py
[2024-09-12T00:25:57.760+0000] {logging_mixin.py:188} INFO - [2024-09-12T00:25:57.760+0000] {dag.py:3089} INFO - Sync 1 DAGs
[2024-09-12T00:25:57.785+0000] {logging_mixin.py:188} INFO - [2024-09-12T00:25:57.785+0000] {dag.py:3947} INFO - Setting next_dagrun for example_branch_dop_operator_v3 to 2024-09-12 00:24:00+00:00, run_after=2024-09-12 00:25:00+00:00
[2024-09-12T00:25:57.805+0000] {processor.py:183} INFO - Processing /home/airflow/.local/lib/python3.12/site-packages/airflow/example_dags/example_branch_python_dop_operator_3.py took 0.080 seconds
[2024-09-12T00:26:27.984+0000] {processor.py:161} INFO - Started process (PID=785) to work on /home/airflow/.local/lib/python3.12/site-packages/airflow/example_dags/example_branch_python_dop_operator_3.py
[2024-09-12T00:26:27.985+0000] {processor.py:830} INFO - Processing file /home/airflow/.local/lib/python3.12/site-packages/airflow/example_dags/example_branch_python_dop_operator_3.py for tasks to queue
[2024-09-12T00:26:27.987+0000] {logging_mixin.py:188} INFO - [2024-09-12T00:26:27.987+0000] {dagbag.py:545} INFO - Filling up the DagBag from /home/airflow/.local/lib/python3.12/site-packages/airflow/example_dags/example_branch_python_dop_operator_3.py
[2024-09-12T00:26:27.996+0000] {processor.py:840} INFO - DAG(s) 'example_branch_dop_operator_v3' retrieved from /home/airflow/.local/lib/python3.12/site-packages/airflow/example_dags/example_branch_python_dop_operator_3.py
[2024-09-12T00:26:28.015+0000] {logging_mixin.py:188} INFO - [2024-09-12T00:26:28.015+0000] {dag.py:3089} INFO - Sync 1 DAGs
[2024-09-12T00:26:28.040+0000] {logging_mixin.py:188} INFO - [2024-09-12T00:26:28.040+0000] {dag.py:3947} INFO - Setting next_dagrun for example_branch_dop_operator_v3 to 2024-09-12 00:25:00+00:00, run_after=2024-09-12 00:26:00+00:00
[2024-09-12T00:26:28.059+0000] {processor.py:183} INFO - Processing /home/airflow/.local/lib/python3.12/site-packages/airflow/example_dags/example_branch_python_dop_operator_3.py took 0.081 seconds
[2024-09-12T00:26:58.573+0000] {processor.py:161} INFO - Started process (PID=845) to work on /home/airflow/.local/lib/python3.12/site-packages/airflow/example_dags/example_branch_python_dop_operator_3.py
[2024-09-12T00:26:58.574+0000] {processor.py:830} INFO - Processing file /home/airflow/.local/lib/python3.12/site-packages/airflow/example_dags/example_branch_python_dop_operator_3.py for tasks to queue
[2024-09-12T00:26:58.577+0000] {logging_mixin.py:188} INFO - [2024-09-12T00:26:58.576+0000] {dagbag.py:545} INFO - Filling up the DagBag from /home/airflow/.local/lib/python3.12/site-packages/airflow/example_dags/example_branch_python_dop_operator_3.py
[2024-09-12T00:26:58.588+0000] {processor.py:840} INFO - DAG(s) 'example_branch_dop_operator_v3' retrieved from /home/airflow/.local/lib/python3.12/site-packages/airflow/example_dags/example_branch_python_dop_operator_3.py
[2024-09-12T00:26:58.606+0000] {logging_mixin.py:188} INFO - [2024-09-12T00:26:58.606+0000] {dag.py:3089} INFO - Sync 1 DAGs
[2024-09-12T00:26:58.632+0000] {logging_mixin.py:188} INFO - [2024-09-12T00:26:58.632+0000] {dag.py:3947} INFO - Setting next_dagrun for example_branch_dop_operator_v3 to 2024-09-12 00:25:00+00:00, run_after=2024-09-12 00:26:00+00:00
[2024-09-12T00:26:58.651+0000] {processor.py:183} INFO - Processing /home/airflow/.local/lib/python3.12/site-packages/airflow/example_dags/example_branch_python_dop_operator_3.py took 0.084 seconds
[2024-09-12T00:27:29.108+0000] {processor.py:161} INFO - Started process (PID=905) to work on /home/airflow/.local/lib/python3.12/site-packages/airflow/example_dags/example_branch_python_dop_operator_3.py
[2024-09-12T00:27:29.109+0000] {processor.py:830} INFO - Processing file /home/airflow/.local/lib/python3.12/site-packages/airflow/example_dags/example_branch_python_dop_operator_3.py for tasks to queue
[2024-09-12T00:27:29.111+0000] {logging_mixin.py:188} INFO - [2024-09-12T00:27:29.111+0000] {dagbag.py:545} INFO - Filling up the DagBag from /home/airflow/.local/lib/python3.12/site-packages/airflow/example_dags/example_branch_python_dop_operator_3.py
[2024-09-12T00:27:29.119+0000] {processor.py:840} INFO - DAG(s) 'example_branch_dop_operator_v3' retrieved from /home/airflow/.local/lib/python3.12/site-packages/airflow/example_dags/example_branch_python_dop_operator_3.py
[2024-09-12T00:27:29.137+0000] {logging_mixin.py:188} INFO - [2024-09-12T00:27:29.137+0000] {dag.py:3089} INFO - Sync 1 DAGs
[2024-09-12T00:27:29.162+0000] {logging_mixin.py:188} INFO - [2024-09-12T00:27:29.162+0000] {dag.py:3947} INFO - Setting next_dagrun for example_branch_dop_operator_v3 to 2024-09-12 00:26:00+00:00, run_after=2024-09-12 00:27:00+00:00
[2024-09-12T00:27:29.182+0000] {processor.py:183} INFO - Processing /home/airflow/.local/lib/python3.12/site-packages/airflow/example_dags/example_branch_python_dop_operator_3.py took 0.080 seconds
[2024-09-12T00:27:59.339+0000] {processor.py:161} INFO - Started process (PID=965) to work on /home/airflow/.local/lib/python3.12/site-packages/airflow/example_dags/example_branch_python_dop_operator_3.py
[2024-09-12T00:27:59.340+0000] {processor.py:830} INFO - Processing file /home/airflow/.local/lib/python3.12/site-packages/airflow/example_dags/example_branch_python_dop_operator_3.py for tasks to queue
[2024-09-12T00:27:59.342+0000] {logging_mixin.py:188} INFO - [2024-09-12T00:27:59.341+0000] {dagbag.py:545} INFO - Filling up the DagBag from /home/airflow/.local/lib/python3.12/site-packages/airflow/example_dags/example_branch_python_dop_operator_3.py
[2024-09-12T00:27:59.350+0000] {processor.py:840} INFO - DAG(s) 'example_branch_dop_operator_v3' retrieved from /home/airflow/.local/lib/python3.12/site-packages/airflow/example_dags/example_branch_python_dop_operator_3.py
[2024-09-12T00:27:59.368+0000] {logging_mixin.py:188} INFO - [2024-09-12T00:27:59.368+0000] {dag.py:3089} INFO - Sync 1 DAGs
[2024-09-12T00:27:59.393+0000] {logging_mixin.py:188} INFO - [2024-09-12T00:27:59.393+0000] {dag.py:3947} INFO - Setting next_dagrun for example_branch_dop_operator_v3 to 2024-09-12 00:26:00+00:00, run_after=2024-09-12 00:27:00+00:00
[2024-09-12T00:27:59.413+0000] {processor.py:183} INFO - Processing /home/airflow/.local/lib/python3.12/site-packages/airflow/example_dags/example_branch_python_dop_operator_3.py took 0.080 seconds
[2024-09-12T00:28:29.620+0000] {processor.py:161} INFO - Started process (PID=1025) to work on /home/airflow/.local/lib/python3.12/site-packages/airflow/example_dags/example_branch_python_dop_operator_3.py
[2024-09-12T00:28:29.621+0000] {processor.py:830} INFO - Processing file /home/airflow/.local/lib/python3.12/site-packages/airflow/example_dags/example_branch_python_dop_operator_3.py for tasks to queue
[2024-09-12T00:28:29.623+0000] {logging_mixin.py:188} INFO - [2024-09-12T00:28:29.623+0000] {dagbag.py:545} INFO - Filling up the DagBag from /home/airflow/.local/lib/python3.12/site-packages/airflow/example_dags/example_branch_python_dop_operator_3.py
[2024-09-12T00:28:29.632+0000] {processor.py:840} INFO - DAG(s) 'example_branch_dop_operator_v3' retrieved from /home/airflow/.local/lib/python3.12/site-packages/airflow/example_dags/example_branch_python_dop_operator_3.py
[2024-09-12T00:28:29.651+0000] {logging_mixin.py:188} INFO - [2024-09-12T00:28:29.650+0000] {dag.py:3089} INFO - Sync 1 DAGs
[2024-09-12T00:28:29.676+0000] {logging_mixin.py:188} INFO - [2024-09-12T00:28:29.676+0000] {dag.py:3947} INFO - Setting next_dagrun for example_branch_dop_operator_v3 to 2024-09-12 00:27:00+00:00, run_after=2024-09-12 00:28:00+00:00
[2024-09-12T00:28:29.697+0000] {processor.py:183} INFO - Processing /home/airflow/.local/lib/python3.12/site-packages/airflow/example_dags/example_branch_python_dop_operator_3.py took 0.082 seconds
[2024-09-12T00:29:00.011+0000] {processor.py:161} INFO - Started process (PID=1085) to work on /home/airflow/.local/lib/python3.12/site-packages/airflow/example_dags/example_branch_python_dop_operator_3.py
[2024-09-12T00:29:00.012+0000] {processor.py:830} INFO - Processing file /home/airflow/.local/lib/python3.12/site-packages/airflow/example_dags/example_branch_python_dop_operator_3.py for tasks to queue
[2024-09-12T00:29:00.014+0000] {logging_mixin.py:188} INFO - [2024-09-12T00:29:00.014+0000] {dagbag.py:545} INFO - Filling up the DagBag from /home/airflow/.local/lib/python3.12/site-packages/airflow/example_dags/example_branch_python_dop_operator_3.py
[2024-09-12T00:29:00.023+0000] {processor.py:840} INFO - DAG(s) 'example_branch_dop_operator_v3' retrieved from /home/airflow/.local/lib/python3.12/site-packages/airflow/example_dags/example_branch_python_dop_operator_3.py
[2024-09-12T00:29:00.041+0000] {logging_mixin.py:188} INFO - [2024-09-12T00:29:00.041+0000] {dag.py:3089} INFO - Sync 1 DAGs
[2024-09-12T00:29:00.066+0000] {logging_mixin.py:188} INFO - [2024-09-12T00:29:00.066+0000] {dag.py:3947} INFO - Setting next_dagrun for example_branch_dop_operator_v3 to 2024-09-12 00:28:00+00:00, run_after=2024-09-12 00:29:00+00:00
[2024-09-12T00:29:00.086+0000] {processor.py:183} INFO - Processing /home/airflow/.local/lib/python3.12/site-packages/airflow/example_dags/example_branch_python_dop_operator_3.py took 0.081 seconds
[2024-09-12T00:29:30.439+0000] {processor.py:161} INFO - Started process (PID=1145) to work on /home/airflow/.local/lib/python3.12/site-packages/airflow/example_dags/example_branch_python_dop_operator_3.py
[2024-09-12T00:29:30.440+0000] {processor.py:830} INFO - Processing file /home/airflow/.local/lib/python3.12/site-packages/airflow/example_dags/example_branch_python_dop_operator_3.py for tasks to queue
[2024-09-12T00:29:30.442+0000] {logging_mixin.py:188} INFO - [2024-09-12T00:29:30.442+0000] {dagbag.py:545} INFO - Filling up the DagBag from /home/airflow/.local/lib/python3.12/site-packages/airflow/example_dags/example_branch_python_dop_operator_3.py
[2024-09-12T00:29:30.450+0000] {processor.py:840} INFO - DAG(s) 'example_branch_dop_operator_v3' retrieved from /home/airflow/.local/lib/python3.12/site-packages/airflow/example_dags/example_branch_python_dop_operator_3.py
[2024-09-12T00:29:30.471+0000] {logging_mixin.py:188} INFO - [2024-09-12T00:29:30.470+0000] {dag.py:3089} INFO - Sync 1 DAGs
[2024-09-12T00:29:30.496+0000] {logging_mixin.py:188} INFO - [2024-09-12T00:29:30.496+0000] {dag.py:3947} INFO - Setting next_dagrun for example_branch_dop_operator_v3 to 2024-09-12 00:28:00+00:00, run_after=2024-09-12 00:29:00+00:00
[2024-09-12T00:29:30.519+0000] {processor.py:183} INFO - Processing /home/airflow/.local/lib/python3.12/site-packages/airflow/example_dags/example_branch_python_dop_operator_3.py took 0.086 seconds
[2024-09-12T00:30:00.970+0000] {processor.py:161} INFO - Started process (PID=1205) to work on /home/airflow/.local/lib/python3.12/site-packages/airflow/example_dags/example_branch_python_dop_operator_3.py
[2024-09-12T00:30:00.971+0000] {processor.py:830} INFO - Processing file /home/airflow/.local/lib/python3.12/site-packages/airflow/example_dags/example_branch_python_dop_operator_3.py for tasks to queue
[2024-09-12T00:30:00.972+0000] {logging_mixin.py:188} INFO - [2024-09-12T00:30:00.972+0000] {dagbag.py:545} INFO - Filling up the DagBag from /home/airflow/.local/lib/python3.12/site-packages/airflow/example_dags/example_branch_python_dop_operator_3.py
[2024-09-12T00:30:00.981+0000] {processor.py:840} INFO - DAG(s) 'example_branch_dop_operator_v3' retrieved from /home/airflow/.local/lib/python3.12/site-packages/airflow/example_dags/example_branch_python_dop_operator_3.py
[2024-09-12T00:30:00.999+0000] {logging_mixin.py:188} INFO - [2024-09-12T00:30:00.999+0000] {dag.py:3089} INFO - Sync 1 DAGs
[2024-09-12T00:30:01.024+0000] {logging_mixin.py:188} INFO - [2024-09-12T00:30:01.023+0000] {dag.py:3947} INFO - Setting next_dagrun for example_branch_dop_operator_v3 to 2024-09-12 00:29:00+00:00, run_after=2024-09-12 00:30:00+00:00
[2024-09-12T00:30:01.043+0000] {processor.py:183} INFO - Processing /home/airflow/.local/lib/python3.12/site-packages/airflow/example_dags/example_branch_python_dop_operator_3.py took 0.079 seconds
[2024-09-12T00:30:31.262+0000] {processor.py:161} INFO - Started process (PID=1265) to work on /home/airflow/.local/lib/python3.12/site-packages/airflow/example_dags/example_branch_python_dop_operator_3.py
[2024-09-12T00:30:31.263+0000] {processor.py:830} INFO - Processing file /home/airflow/.local/lib/python3.12/site-packages/airflow/example_dags/example_branch_python_dop_operator_3.py for tasks to queue
[2024-09-12T00:30:31.265+0000] {logging_mixin.py:188} INFO - [2024-09-12T00:30:31.265+0000] {dagbag.py:545} INFO - Filling up the DagBag from /home/airflow/.local/lib/python3.12/site-packages/airflow/example_dags/example_branch_python_dop_operator_3.py
[2024-09-12T00:30:31.274+0000] {processor.py:840} INFO - DAG(s) 'example_branch_dop_operator_v3' retrieved from /home/airflow/.local/lib/python3.12/site-packages/airflow/example_dags/example_branch_python_dop_operator_3.py
[2024-09-12T00:30:31.292+0000] {logging_mixin.py:188} INFO - [2024-09-12T00:30:31.292+0000] {dag.py:3089} INFO - Sync 1 DAGs
[2024-09-12T00:30:31.317+0000] {logging_mixin.py:188} INFO - [2024-09-12T00:30:31.317+0000] {dag.py:3947} INFO - Setting next_dagrun for example_branch_dop_operator_v3 to 2024-09-12 00:29:00+00:00, run_after=2024-09-12 00:30:00+00:00
[2024-09-12T00:30:31.336+0000] {processor.py:183} INFO - Processing /home/airflow/.local/lib/python3.12/site-packages/airflow/example_dags/example_branch_python_dop_operator_3.py took 0.079 seconds
[2024-09-12T00:31:01.528+0000] {processor.py:161} INFO - Started process (PID=1325) to work on /home/airflow/.local/lib/python3.12/site-packages/airflow/example_dags/example_branch_python_dop_operator_3.py
[2024-09-12T00:31:01.529+0000] {processor.py:830} INFO - Processing file /home/airflow/.local/lib/python3.12/site-packages/airflow/example_dags/example_branch_python_dop_operator_3.py for tasks to queue
[2024-09-12T00:31:01.531+0000] {logging_mixin.py:188} INFO - [2024-09-12T00:31:01.531+0000] {dagbag.py:545} INFO - Filling up the DagBag from /home/airflow/.local/lib/python3.12/site-packages/airflow/example_dags/example_branch_python_dop_operator_3.py
[2024-09-12T00:31:01.540+0000] {processor.py:840} INFO - DAG(s) 'example_branch_dop_operator_v3' retrieved from /home/airflow/.local/lib/python3.12/site-packages/airflow/example_dags/example_branch_python_dop_operator_3.py
[2024-09-12T00:31:01.559+0000] {logging_mixin.py:188} INFO - [2024-09-12T00:31:01.559+0000] {dag.py:3089} INFO - Sync 1 DAGs
[2024-09-12T00:31:01.583+0000] {logging_mixin.py:188} INFO - [2024-09-12T00:31:01.583+0000] {dag.py:3947} INFO - Setting next_dagrun for example_branch_dop_operator_v3 to 2024-09-12 00:30:00+00:00, run_after=2024-09-12 00:31:00+00:00
[2024-09-12T00:31:01.602+0000] {processor.py:183} INFO - Processing /home/airflow/.local/lib/python3.12/site-packages/airflow/example_dags/example_branch_python_dop_operator_3.py took 0.079 seconds
[2024-09-12T00:31:32.034+0000] {processor.py:161} INFO - Started process (PID=1385) to work on /home/airflow/.local/lib/python3.12/site-packages/airflow/example_dags/example_branch_python_dop_operator_3.py
[2024-09-12T00:31:32.035+0000] {processor.py:830} INFO - Processing file /home/airflow/.local/lib/python3.12/site-packages/airflow/example_dags/example_branch_python_dop_operator_3.py for tasks to queue
[2024-09-12T00:31:32.037+0000] {logging_mixin.py:188} INFO - [2024-09-12T00:31:32.037+0000] {dagbag.py:545} INFO - Filling up the DagBag from /home/airflow/.local/lib/python3.12/site-packages/airflow/example_dags/example_branch_python_dop_operator_3.py
[2024-09-12T00:31:32.045+0000] {processor.py:840} INFO - DAG(s) 'example_branch_dop_operator_v3' retrieved from /home/airflow/.local/lib/python3.12/site-packages/airflow/example_dags/example_branch_python_dop_operator_3.py
[2024-09-12T00:31:32.065+0000] {logging_mixin.py:188} INFO - [2024-09-12T00:31:32.065+0000] {dag.py:3089} INFO - Sync 1 DAGs
[2024-09-12T00:31:32.092+0000] {logging_mixin.py:188} INFO - [2024-09-12T00:31:32.092+0000] {dag.py:3947} INFO - Setting next_dagrun for example_branch_dop_operator_v3 to 2024-09-12 00:30:00+00:00, run_after=2024-09-12 00:31:00+00:00
[2024-09-12T00:31:32.114+0000] {processor.py:183} INFO - Processing /home/airflow/.local/lib/python3.12/site-packages/airflow/example_dags/example_branch_python_dop_operator_3.py took 0.086 seconds
[2024-09-12T00:32:02.992+0000] {processor.py:161} INFO - Started process (PID=1445) to work on /home/airflow/.local/lib/python3.12/site-packages/airflow/example_dags/example_branch_python_dop_operator_3.py
[2024-09-12T00:32:02.994+0000] {processor.py:830} INFO - Processing file /home/airflow/.local/lib/python3.12/site-packages/airflow/example_dags/example_branch_python_dop_operator_3.py for tasks to queue
[2024-09-12T00:32:02.996+0000] {logging_mixin.py:188} INFO - [2024-09-12T00:32:02.995+0000] {dagbag.py:545} INFO - Filling up the DagBag from /home/airflow/.local/lib/python3.12/site-packages/airflow/example_dags/example_branch_python_dop_operator_3.py
[2024-09-12T00:32:03.004+0000] {processor.py:840} INFO - DAG(s) 'example_branch_dop_operator_v3' retrieved from /home/airflow/.local/lib/python3.12/site-packages/airflow/example_dags/example_branch_python_dop_operator_3.py
[2024-09-12T00:32:03.027+0000] {logging_mixin.py:188} INFO - [2024-09-12T00:32:03.027+0000] {dag.py:3089} INFO - Sync 1 DAGs
[2024-09-12T00:32:03.055+0000] {logging_mixin.py:188} INFO - [2024-09-12T00:32:03.055+0000] {dag.py:3947} INFO - Setting next_dagrun for example_branch_dop_operator_v3 to 2024-09-12 00:31:00+00:00, run_after=2024-09-12 00:32:00+00:00
[2024-09-12T00:32:03.089+0000] {processor.py:183} INFO - Processing /home/airflow/.local/lib/python3.12/site-packages/airflow/example_dags/example_branch_python_dop_operator_3.py took 0.103 seconds
[2024-09-12T00:32:33.254+0000] {processor.py:161} INFO - Started process (PID=1505) to work on /home/airflow/.local/lib/python3.12/site-packages/airflow/example_dags/example_branch_python_dop_operator_3.py
[2024-09-12T00:32:33.255+0000] {processor.py:830} INFO - Processing file /home/airflow/.local/lib/python3.12/site-packages/airflow/example_dags/example_branch_python_dop_operator_3.py for tasks to queue
[2024-09-12T00:32:33.257+0000] {logging_mixin.py:188} INFO - [2024-09-12T00:32:33.257+0000] {dagbag.py:545} INFO - Filling up the DagBag from /home/airflow/.local/lib/python3.12/site-packages/airflow/example_dags/example_branch_python_dop_operator_3.py
[2024-09-12T00:32:33.266+0000] {processor.py:840} INFO - DAG(s) 'example_branch_dop_operator_v3' retrieved from /home/airflow/.local/lib/python3.12/site-packages/airflow/example_dags/example_branch_python_dop_operator_3.py
[2024-09-12T00:32:33.287+0000] {logging_mixin.py:188} INFO - [2024-09-12T00:32:33.287+0000] {dag.py:3089} INFO - Sync 1 DAGs
[2024-09-12T00:32:33.313+0000] {logging_mixin.py:188} INFO - [2024-09-12T00:32:33.313+0000] {dag.py:3947} INFO - Setting next_dagrun for example_branch_dop_operator_v3 to 2024-09-12 00:31:00+00:00, run_after=2024-09-12 00:32:00+00:00
[2024-09-12T00:32:33.331+0000] {processor.py:183} INFO - Processing /home/airflow/.local/lib/python3.12/site-packages/airflow/example_dags/example_branch_python_dop_operator_3.py took 0.083 seconds
[2024-09-12T00:33:03.577+0000] {processor.py:161} INFO - Started process (PID=1565) to work on /home/airflow/.local/lib/python3.12/site-packages/airflow/example_dags/example_branch_python_dop_operator_3.py
[2024-09-12T00:33:03.578+0000] {processor.py:830} INFO - Processing file /home/airflow/.local/lib/python3.12/site-packages/airflow/example_dags/example_branch_python_dop_operator_3.py for tasks to queue
[2024-09-12T00:33:03.580+0000] {logging_mixin.py:188} INFO - [2024-09-12T00:33:03.580+0000] {dagbag.py:545} INFO - Filling up the DagBag from /home/airflow/.local/lib/python3.12/site-packages/airflow/example_dags/example_branch_python_dop_operator_3.py
[2024-09-12T00:33:03.590+0000] {processor.py:840} INFO - DAG(s) 'example_branch_dop_operator_v3' retrieved from /home/airflow/.local/lib/python3.12/site-packages/airflow/example_dags/example_branch_python_dop_operator_3.py
[2024-09-12T00:33:03.609+0000] {logging_mixin.py:188} INFO - [2024-09-12T00:33:03.609+0000] {dag.py:3089} INFO - Sync 1 DAGs
[2024-09-12T00:33:03.635+0000] {logging_mixin.py:188} INFO - [2024-09-12T00:33:03.635+0000] {dag.py:3947} INFO - Setting next_dagrun for example_branch_dop_operator_v3 to 2024-09-12 00:32:00+00:00, run_after=2024-09-12 00:33:00+00:00
[2024-09-12T00:33:03.655+0000] {processor.py:183} INFO - Processing /home/airflow/.local/lib/python3.12/site-packages/airflow/example_dags/example_branch_python_dop_operator_3.py took 0.084 seconds
[2024-09-12T00:33:33.776+0000] {processor.py:161} INFO - Started process (PID=1625) to work on /home/airflow/.local/lib/python3.12/site-packages/airflow/example_dags/example_branch_python_dop_operator_3.py
[2024-09-12T00:33:33.777+0000] {processor.py:830} INFO - Processing file /home/airflow/.local/lib/python3.12/site-packages/airflow/example_dags/example_branch_python_dop_operator_3.py for tasks to queue
[2024-09-12T00:33:33.779+0000] {logging_mixin.py:188} INFO - [2024-09-12T00:33:33.779+0000] {dagbag.py:545} INFO - Filling up the DagBag from /home/airflow/.local/lib/python3.12/site-packages/airflow/example_dags/example_branch_python_dop_operator_3.py
[2024-09-12T00:33:33.788+0000] {processor.py:840} INFO - DAG(s) 'example_branch_dop_operator_v3' retrieved from /home/airflow/.local/lib/python3.12/site-packages/airflow/example_dags/example_branch_python_dop_operator_3.py
[2024-09-12T00:33:33.806+0000] {logging_mixin.py:188} INFO - [2024-09-12T00:33:33.806+0000] {dag.py:3089} INFO - Sync 1 DAGs
[2024-09-12T00:33:33.834+0000] {logging_mixin.py:188} INFO - [2024-09-12T00:33:33.833+0000] {dag.py:3947} INFO - Setting next_dagrun for example_branch_dop_operator_v3 to 2024-09-12 00:32:00+00:00, run_after=2024-09-12 00:33:00+00:00
[2024-09-12T00:33:33.859+0000] {processor.py:183} INFO - Processing /home/airflow/.local/lib/python3.12/site-packages/airflow/example_dags/example_branch_python_dop_operator_3.py took 0.089 seconds
[2024-09-12T00:34:04.514+0000] {processor.py:161} INFO - Started process (PID=1685) to work on /home/airflow/.local/lib/python3.12/site-packages/airflow/example_dags/example_branch_python_dop_operator_3.py
[2024-09-12T00:34:04.514+0000] {processor.py:830} INFO - Processing file /home/airflow/.local/lib/python3.12/site-packages/airflow/example_dags/example_branch_python_dop_operator_3.py for tasks to queue
[2024-09-12T00:34:04.517+0000] {logging_mixin.py:188} INFO - [2024-09-12T00:34:04.516+0000] {dagbag.py:545} INFO - Filling up the DagBag from /home/airflow/.local/lib/python3.12/site-packages/airflow/example_dags/example_branch_python_dop_operator_3.py
[2024-09-12T00:34:04.526+0000] {processor.py:840} INFO - DAG(s) 'example_branch_dop_operator_v3' retrieved from /home/airflow/.local/lib/python3.12/site-packages/airflow/example_dags/example_branch_python_dop_operator_3.py
[2024-09-12T00:34:04.545+0000] {logging_mixin.py:188} INFO - [2024-09-12T00:34:04.545+0000] {dag.py:3089} INFO - Sync 1 DAGs
[2024-09-12T00:34:04.577+0000] {logging_mixin.py:188} INFO - [2024-09-12T00:34:04.577+0000] {dag.py:3947} INFO - Setting next_dagrun for example_branch_dop_operator_v3 to 2024-09-12 00:33:00+00:00, run_after=2024-09-12 00:34:00+00:00
[2024-09-12T00:34:04.597+0000] {processor.py:183} INFO - Processing /home/airflow/.local/lib/python3.12/site-packages/airflow/example_dags/example_branch_python_dop_operator_3.py took 0.090 seconds
[2024-09-12T00:34:34.825+0000] {processor.py:161} INFO - Started process (PID=1745) to work on /home/airflow/.local/lib/python3.12/site-packages/airflow/example_dags/example_branch_python_dop_operator_3.py
[2024-09-12T00:34:34.826+0000] {processor.py:830} INFO - Processing file /home/airflow/.local/lib/python3.12/site-packages/airflow/example_dags/example_branch_python_dop_operator_3.py for tasks to queue
[2024-09-12T00:34:34.829+0000] {logging_mixin.py:188} INFO - [2024-09-12T00:34:34.829+0000] {dagbag.py:545} INFO - Filling up the DagBag from /home/airflow/.local/lib/python3.12/site-packages/airflow/example_dags/example_branch_python_dop_operator_3.py
[2024-09-12T00:34:34.838+0000] {processor.py:840} INFO - DAG(s) 'example_branch_dop_operator_v3' retrieved from /home/airflow/.local/lib/python3.12/site-packages/airflow/example_dags/example_branch_python_dop_operator_3.py
[2024-09-12T00:34:34.857+0000] {logging_mixin.py:188} INFO - [2024-09-12T00:34:34.857+0000] {dag.py:3089} INFO - Sync 1 DAGs
[2024-09-12T00:34:34.883+0000] {logging_mixin.py:188} INFO - [2024-09-12T00:34:34.883+0000] {dag.py:3947} INFO - Setting next_dagrun for example_branch_dop_operator_v3 to 2024-09-12 00:33:00+00:00, run_after=2024-09-12 00:34:00+00:00
[2024-09-12T00:34:34.905+0000] {processor.py:183} INFO - Processing /home/airflow/.local/lib/python3.12/site-packages/airflow/example_dags/example_branch_python_dop_operator_3.py took 0.086 seconds
[2024-09-12T00:35:05.042+0000] {processor.py:161} INFO - Started process (PID=1805) to work on /home/airflow/.local/lib/python3.12/site-packages/airflow/example_dags/example_branch_python_dop_operator_3.py
[2024-09-12T00:35:05.044+0000] {processor.py:830} INFO - Processing file /home/airflow/.local/lib/python3.12/site-packages/airflow/example_dags/example_branch_python_dop_operator_3.py for tasks to queue
[2024-09-12T00:35:05.046+0000] {logging_mixin.py:188} INFO - [2024-09-12T00:35:05.045+0000] {dagbag.py:545} INFO - Filling up the DagBag from /home/airflow/.local/lib/python3.12/site-packages/airflow/example_dags/example_branch_python_dop_operator_3.py
[2024-09-12T00:35:05.055+0000] {processor.py:840} INFO - DAG(s) 'example_branch_dop_operator_v3' retrieved from /home/airflow/.local/lib/python3.12/site-packages/airflow/example_dags/example_branch_python_dop_operator_3.py
[2024-09-12T00:35:05.074+0000] {logging_mixin.py:188} INFO - [2024-09-12T00:35:05.074+0000] {dag.py:3089} INFO - Sync 1 DAGs
[2024-09-12T00:35:05.100+0000] {logging_mixin.py:188} INFO - [2024-09-12T00:35:05.099+0000] {dag.py:3947} INFO - Setting next_dagrun for example_branch_dop_operator_v3 to 2024-09-12 00:34:00+00:00, run_after=2024-09-12 00:35:00+00:00
[2024-09-12T00:35:05.119+0000] {processor.py:183} INFO - Processing /home/airflow/.local/lib/python3.12/site-packages/airflow/example_dags/example_branch_python_dop_operator_3.py took 0.085 seconds
[2024-09-12T00:35:35.531+0000] {processor.py:161} INFO - Started process (PID=1865) to work on /home/airflow/.local/lib/python3.12/site-packages/airflow/example_dags/example_branch_python_dop_operator_3.py
[2024-09-12T00:35:35.532+0000] {processor.py:830} INFO - Processing file /home/airflow/.local/lib/python3.12/site-packages/airflow/example_dags/example_branch_python_dop_operator_3.py for tasks to queue
[2024-09-12T00:35:35.534+0000] {logging_mixin.py:188} INFO - [2024-09-12T00:35:35.534+0000] {dagbag.py:545} INFO - Filling up the DagBag from /home/airflow/.local/lib/python3.12/site-packages/airflow/example_dags/example_branch_python_dop_operator_3.py
[2024-09-12T00:35:35.543+0000] {processor.py:840} INFO - DAG(s) 'example_branch_dop_operator_v3' retrieved from /home/airflow/.local/lib/python3.12/site-packages/airflow/example_dags/example_branch_python_dop_operator_3.py
[2024-09-12T00:35:35.565+0000] {logging_mixin.py:188} INFO - [2024-09-12T00:35:35.565+0000] {dag.py:3089} INFO - Sync 1 DAGs
[2024-09-12T00:35:35.590+0000] {logging_mixin.py:188} INFO - [2024-09-12T00:35:35.590+0000] {dag.py:3947} INFO - Setting next_dagrun for example_branch_dop_operator_v3 to 2024-09-12 00:34:00+00:00, run_after=2024-09-12 00:35:00+00:00
[2024-09-12T00:35:35.611+0000] {processor.py:183} INFO - Processing /home/airflow/.local/lib/python3.12/site-packages/airflow/example_dags/example_branch_python_dop_operator_3.py took 0.087 seconds
[2024-09-12T00:36:05.840+0000] {processor.py:161} INFO - Started process (PID=1925) to work on /home/airflow/.local/lib/python3.12/site-packages/airflow/example_dags/example_branch_python_dop_operator_3.py
[2024-09-12T00:36:05.841+0000] {processor.py:830} INFO - Processing file /home/airflow/.local/lib/python3.12/site-packages/airflow/example_dags/example_branch_python_dop_operator_3.py for tasks to queue
[2024-09-12T00:36:05.843+0000] {logging_mixin.py:188} INFO - [2024-09-12T00:36:05.843+0000] {dagbag.py:545} INFO - Filling up the DagBag from /home/airflow/.local/lib/python3.12/site-packages/airflow/example_dags/example_branch_python_dop_operator_3.py
[2024-09-12T00:36:05.852+0000] {processor.py:840} INFO - DAG(s) 'example_branch_dop_operator_v3' retrieved from /home/airflow/.local/lib/python3.12/site-packages/airflow/example_dags/example_branch_python_dop_operator_3.py
[2024-09-12T00:36:05.870+0000] {logging_mixin.py:188} INFO - [2024-09-12T00:36:05.870+0000] {dag.py:3089} INFO - Sync 1 DAGs
[2024-09-12T00:36:05.898+0000] {logging_mixin.py:188} INFO - [2024-09-12T00:36:05.898+0000] {dag.py:3947} INFO - Setting next_dagrun for example_branch_dop_operator_v3 to 2024-09-12 00:35:00+00:00, run_after=2024-09-12 00:36:00+00:00
[2024-09-12T00:36:05.923+0000] {processor.py:183} INFO - Processing /home/airflow/.local/lib/python3.12/site-packages/airflow/example_dags/example_branch_python_dop_operator_3.py took 0.089 seconds
[2024-09-12T00:36:36.070+0000] {processor.py:161} INFO - Started process (PID=1985) to work on /home/airflow/.local/lib/python3.12/site-packages/airflow/example_dags/example_branch_python_dop_operator_3.py
[2024-09-12T00:36:36.071+0000] {processor.py:830} INFO - Processing file /home/airflow/.local/lib/python3.12/site-packages/airflow/example_dags/example_branch_python_dop_operator_3.py for tasks to queue
[2024-09-12T00:36:36.074+0000] {logging_mixin.py:188} INFO - [2024-09-12T00:36:36.074+0000] {dagbag.py:545} INFO - Filling up the DagBag from /home/airflow/.local/lib/python3.12/site-packages/airflow/example_dags/example_branch_python_dop_operator_3.py
[2024-09-12T00:36:36.084+0000] {processor.py:840} INFO - DAG(s) 'example_branch_dop_operator_v3' retrieved from /home/airflow/.local/lib/python3.12/site-packages/airflow/example_dags/example_branch_python_dop_operator_3.py
[2024-09-12T00:36:36.108+0000] {logging_mixin.py:188} INFO - [2024-09-12T00:36:36.108+0000] {dag.py:3089} INFO - Sync 1 DAGs
[2024-09-12T00:36:36.140+0000] {logging_mixin.py:188} INFO - [2024-09-12T00:36:36.140+0000] {dag.py:3947} INFO - Setting next_dagrun for example_branch_dop_operator_v3 to 2024-09-12 00:35:00+00:00, run_after=2024-09-12 00:36:00+00:00
[2024-09-12T00:36:36.161+0000] {processor.py:183} INFO - Processing /home/airflow/.local/lib/python3.12/site-packages/airflow/example_dags/example_branch_python_dop_operator_3.py took 0.098 seconds
[2024-09-12T00:37:06.259+0000] {processor.py:161} INFO - Started process (PID=2045) to work on /home/airflow/.local/lib/python3.12/site-packages/airflow/example_dags/example_branch_python_dop_operator_3.py
[2024-09-12T00:37:06.259+0000] {processor.py:830} INFO - Processing file /home/airflow/.local/lib/python3.12/site-packages/airflow/example_dags/example_branch_python_dop_operator_3.py for tasks to queue
[2024-09-12T00:37:06.261+0000] {logging_mixin.py:188} INFO - [2024-09-12T00:37:06.261+0000] {dagbag.py:545} INFO - Filling up the DagBag from /home/airflow/.local/lib/python3.12/site-packages/airflow/example_dags/example_branch_python_dop_operator_3.py
[2024-09-12T00:37:06.270+0000] {processor.py:840} INFO - DAG(s) 'example_branch_dop_operator_v3' retrieved from /home/airflow/.local/lib/python3.12/site-packages/airflow/example_dags/example_branch_python_dop_operator_3.py
[2024-09-12T00:37:06.290+0000] {logging_mixin.py:188} INFO - [2024-09-12T00:37:06.289+0000] {dag.py:3089} INFO - Sync 1 DAGs
[2024-09-12T00:37:06.316+0000] {logging_mixin.py:188} INFO - [2024-09-12T00:37:06.316+0000] {dag.py:3947} INFO - Setting next_dagrun for example_branch_dop_operator_v3 to 2024-09-12 00:36:00+00:00, run_after=2024-09-12 00:37:00+00:00
[2024-09-12T00:37:06.338+0000] {processor.py:183} INFO - Processing /home/airflow/.local/lib/python3.12/site-packages/airflow/example_dags/example_branch_python_dop_operator_3.py took 0.086 seconds
[2024-09-12T00:37:36.947+0000] {processor.py:161} INFO - Started process (PID=2102) to work on /home/airflow/.local/lib/python3.12/site-packages/airflow/example_dags/example_branch_python_dop_operator_3.py
[2024-09-12T00:37:36.948+0000] {processor.py:830} INFO - Processing file /home/airflow/.local/lib/python3.12/site-packages/airflow/example_dags/example_branch_python_dop_operator_3.py for tasks to queue
[2024-09-12T00:37:36.950+0000] {logging_mixin.py:188} INFO - [2024-09-12T00:37:36.949+0000] {dagbag.py:545} INFO - Filling up the DagBag from /home/airflow/.local/lib/python3.12/site-packages/airflow/example_dags/example_branch_python_dop_operator_3.py
[2024-09-12T00:37:36.959+0000] {processor.py:840} INFO - DAG(s) 'example_branch_dop_operator_v3' retrieved from /home/airflow/.local/lib/python3.12/site-packages/airflow/example_dags/example_branch_python_dop_operator_3.py
[2024-09-12T00:37:36.980+0000] {logging_mixin.py:188} INFO - [2024-09-12T00:37:36.980+0000] {dag.py:3089} INFO - Sync 1 DAGs
[2024-09-12T00:37:37.007+0000] {logging_mixin.py:188} INFO - [2024-09-12T00:37:37.006+0000] {dag.py:3947} INFO - Setting next_dagrun for example_branch_dop_operator_v3 to 2024-09-12 00:36:00+00:00, run_after=2024-09-12 00:37:00+00:00
[2024-09-12T00:37:37.027+0000] {processor.py:183} INFO - Processing /home/airflow/.local/lib/python3.12/site-packages/airflow/example_dags/example_branch_python_dop_operator_3.py took 0.086 seconds
[2024-09-12T00:38:07.326+0000] {processor.py:161} INFO - Started process (PID=2162) to work on /home/airflow/.local/lib/python3.12/site-packages/airflow/example_dags/example_branch_python_dop_operator_3.py
[2024-09-12T00:38:07.327+0000] {processor.py:830} INFO - Processing file /home/airflow/.local/lib/python3.12/site-packages/airflow/example_dags/example_branch_python_dop_operator_3.py for tasks to queue
[2024-09-12T00:38:07.329+0000] {logging_mixin.py:188} INFO - [2024-09-12T00:38:07.329+0000] {dagbag.py:545} INFO - Filling up the DagBag from /home/airflow/.local/lib/python3.12/site-packages/airflow/example_dags/example_branch_python_dop_operator_3.py
[2024-09-12T00:38:07.338+0000] {processor.py:840} INFO - DAG(s) 'example_branch_dop_operator_v3' retrieved from /home/airflow/.local/lib/python3.12/site-packages/airflow/example_dags/example_branch_python_dop_operator_3.py
[2024-09-12T00:38:07.357+0000] {logging_mixin.py:188} INFO - [2024-09-12T00:38:07.357+0000] {dag.py:3089} INFO - Sync 1 DAGs
[2024-09-12T00:38:07.384+0000] {logging_mixin.py:188} INFO - [2024-09-12T00:38:07.384+0000] {dag.py:3947} INFO - Setting next_dagrun for example_branch_dop_operator_v3 to 2024-09-12 00:37:00+00:00, run_after=2024-09-12 00:38:00+00:00
[2024-09-12T00:38:07.404+0000] {processor.py:183} INFO - Processing /home/airflow/.local/lib/python3.12/site-packages/airflow/example_dags/example_branch_python_dop_operator_3.py took 0.085 seconds
