[2024-09-12T00:20:33.220+0000] {processor.py:161} INFO - Started process (PID=98) to work on /home/airflow/.local/lib/python3.12/site-packages/airflow/example_dags/example_task_group_decorator.py
[2024-09-12T00:20:33.221+0000] {processor.py:830} INFO - Processing file /home/airflow/.local/lib/python3.12/site-packages/airflow/example_dags/example_task_group_decorator.py for tasks to queue
[2024-09-12T00:20:33.223+0000] {logging_mixin.py:188} INFO - [2024-09-12T00:20:33.223+0000] {dagbag.py:545} INFO - Filling up the DagBag from /home/airflow/.local/lib/python3.12/site-packages/airflow/example_dags/example_task_group_decorator.py
[2024-09-12T00:20:33.237+0000] {processor.py:840} INFO - DAG(s) 'example_task_group_decorator' retrieved from /home/airflow/.local/lib/python3.12/site-packages/airflow/example_dags/example_task_group_decorator.py
[2024-09-12T00:20:33.265+0000] {logging_mixin.py:188} INFO - [2024-09-12T00:20:33.265+0000] {dag.py:3089} INFO - Sync 1 DAGs
[2024-09-12T00:20:33.290+0000] {logging_mixin.py:188} INFO - [2024-09-12T00:20:33.290+0000] {dag.py:3947} INFO - Setting next_dagrun for example_task_group_decorator to 2024-09-11 00:00:00+00:00, run_after=2024-09-12 00:00:00+00:00
[2024-09-12T00:20:33.387+0000] {processor.py:183} INFO - Processing /home/airflow/.local/lib/python3.12/site-packages/airflow/example_dags/example_task_group_decorator.py took 0.172 seconds
[2024-09-12T00:21:04.156+0000] {processor.py:161} INFO - Started process (PID=158) to work on /home/airflow/.local/lib/python3.12/site-packages/airflow/example_dags/example_task_group_decorator.py
[2024-09-12T00:21:04.158+0000] {processor.py:830} INFO - Processing file /home/airflow/.local/lib/python3.12/site-packages/airflow/example_dags/example_task_group_decorator.py for tasks to queue
[2024-09-12T00:21:04.160+0000] {logging_mixin.py:188} INFO - [2024-09-12T00:21:04.159+0000] {dagbag.py:545} INFO - Filling up the DagBag from /home/airflow/.local/lib/python3.12/site-packages/airflow/example_dags/example_task_group_decorator.py
[2024-09-12T00:21:04.179+0000] {processor.py:840} INFO - DAG(s) 'example_task_group_decorator' retrieved from /home/airflow/.local/lib/python3.12/site-packages/airflow/example_dags/example_task_group_decorator.py
[2024-09-12T00:21:04.210+0000] {logging_mixin.py:188} INFO - [2024-09-12T00:21:04.209+0000] {dag.py:3089} INFO - Sync 1 DAGs
[2024-09-12T00:21:04.235+0000] {logging_mixin.py:188} INFO - [2024-09-12T00:21:04.234+0000] {dag.py:3947} INFO - Setting next_dagrun for example_task_group_decorator to 2024-09-11 00:00:00+00:00, run_after=2024-09-12 00:00:00+00:00
[2024-09-12T00:21:04.257+0000] {processor.py:183} INFO - Processing /home/airflow/.local/lib/python3.12/site-packages/airflow/example_dags/example_task_group_decorator.py took 0.107 seconds
[2024-09-12T00:21:34.765+0000] {processor.py:161} INFO - Started process (PID=218) to work on /home/airflow/.local/lib/python3.12/site-packages/airflow/example_dags/example_task_group_decorator.py
[2024-09-12T00:21:34.766+0000] {processor.py:830} INFO - Processing file /home/airflow/.local/lib/python3.12/site-packages/airflow/example_dags/example_task_group_decorator.py for tasks to queue
[2024-09-12T00:21:34.768+0000] {logging_mixin.py:188} INFO - [2024-09-12T00:21:34.767+0000] {dagbag.py:545} INFO - Filling up the DagBag from /home/airflow/.local/lib/python3.12/site-packages/airflow/example_dags/example_task_group_decorator.py
[2024-09-12T00:21:34.783+0000] {processor.py:840} INFO - DAG(s) 'example_task_group_decorator' retrieved from /home/airflow/.local/lib/python3.12/site-packages/airflow/example_dags/example_task_group_decorator.py
[2024-09-12T00:21:34.809+0000] {logging_mixin.py:188} INFO - [2024-09-12T00:21:34.808+0000] {dag.py:3089} INFO - Sync 1 DAGs
[2024-09-12T00:21:34.832+0000] {logging_mixin.py:188} INFO - [2024-09-12T00:21:34.832+0000] {dag.py:3947} INFO - Setting next_dagrun for example_task_group_decorator to 2024-09-11 00:00:00+00:00, run_after=2024-09-12 00:00:00+00:00
[2024-09-12T00:21:34.855+0000] {processor.py:183} INFO - Processing /home/airflow/.local/lib/python3.12/site-packages/airflow/example_dags/example_task_group_decorator.py took 0.095 seconds
[2024-09-12T00:22:05.698+0000] {processor.py:161} INFO - Started process (PID=278) to work on /home/airflow/.local/lib/python3.12/site-packages/airflow/example_dags/example_task_group_decorator.py
[2024-09-12T00:22:05.699+0000] {processor.py:830} INFO - Processing file /home/airflow/.local/lib/python3.12/site-packages/airflow/example_dags/example_task_group_decorator.py for tasks to queue
[2024-09-12T00:22:05.700+0000] {logging_mixin.py:188} INFO - [2024-09-12T00:22:05.700+0000] {dagbag.py:545} INFO - Filling up the DagBag from /home/airflow/.local/lib/python3.12/site-packages/airflow/example_dags/example_task_group_decorator.py
[2024-09-12T00:22:05.716+0000] {processor.py:840} INFO - DAG(s) 'example_task_group_decorator' retrieved from /home/airflow/.local/lib/python3.12/site-packages/airflow/example_dags/example_task_group_decorator.py
[2024-09-12T00:22:05.744+0000] {logging_mixin.py:188} INFO - [2024-09-12T00:22:05.744+0000] {dag.py:3089} INFO - Sync 1 DAGs
[2024-09-12T00:22:05.768+0000] {logging_mixin.py:188} INFO - [2024-09-12T00:22:05.767+0000] {dag.py:3947} INFO - Setting next_dagrun for example_task_group_decorator to 2024-09-11 00:00:00+00:00, run_after=2024-09-12 00:00:00+00:00
[2024-09-12T00:22:05.788+0000] {processor.py:183} INFO - Processing /home/airflow/.local/lib/python3.12/site-packages/airflow/example_dags/example_task_group_decorator.py took 0.096 seconds
[2024-09-12T00:22:36.610+0000] {processor.py:161} INFO - Started process (PID=338) to work on /home/airflow/.local/lib/python3.12/site-packages/airflow/example_dags/example_task_group_decorator.py
[2024-09-12T00:22:36.611+0000] {processor.py:830} INFO - Processing file /home/airflow/.local/lib/python3.12/site-packages/airflow/example_dags/example_task_group_decorator.py for tasks to queue
[2024-09-12T00:22:36.613+0000] {logging_mixin.py:188} INFO - [2024-09-12T00:22:36.613+0000] {dagbag.py:545} INFO - Filling up the DagBag from /home/airflow/.local/lib/python3.12/site-packages/airflow/example_dags/example_task_group_decorator.py
[2024-09-12T00:22:36.629+0000] {processor.py:840} INFO - DAG(s) 'example_task_group_decorator' retrieved from /home/airflow/.local/lib/python3.12/site-packages/airflow/example_dags/example_task_group_decorator.py
[2024-09-12T00:22:36.659+0000] {logging_mixin.py:188} INFO - [2024-09-12T00:22:36.659+0000] {dag.py:3089} INFO - Sync 1 DAGs
[2024-09-12T00:22:36.682+0000] {logging_mixin.py:188} INFO - [2024-09-12T00:22:36.682+0000] {dag.py:3947} INFO - Setting next_dagrun for example_task_group_decorator to 2024-09-11 00:00:00+00:00, run_after=2024-09-12 00:00:00+00:00
[2024-09-12T00:22:36.704+0000] {processor.py:183} INFO - Processing /home/airflow/.local/lib/python3.12/site-packages/airflow/example_dags/example_task_group_decorator.py took 0.100 seconds
[2024-09-12T00:23:07.183+0000] {processor.py:161} INFO - Started process (PID=398) to work on /home/airflow/.local/lib/python3.12/site-packages/airflow/example_dags/example_task_group_decorator.py
[2024-09-12T00:23:07.183+0000] {processor.py:830} INFO - Processing file /home/airflow/.local/lib/python3.12/site-packages/airflow/example_dags/example_task_group_decorator.py for tasks to queue
[2024-09-12T00:23:07.185+0000] {logging_mixin.py:188} INFO - [2024-09-12T00:23:07.185+0000] {dagbag.py:545} INFO - Filling up the DagBag from /home/airflow/.local/lib/python3.12/site-packages/airflow/example_dags/example_task_group_decorator.py
[2024-09-12T00:23:07.199+0000] {processor.py:840} INFO - DAG(s) 'example_task_group_decorator' retrieved from /home/airflow/.local/lib/python3.12/site-packages/airflow/example_dags/example_task_group_decorator.py
[2024-09-12T00:23:07.224+0000] {logging_mixin.py:188} INFO - [2024-09-12T00:23:07.224+0000] {dag.py:3089} INFO - Sync 1 DAGs
[2024-09-12T00:23:07.246+0000] {logging_mixin.py:188} INFO - [2024-09-12T00:23:07.246+0000] {dag.py:3947} INFO - Setting next_dagrun for example_task_group_decorator to 2024-09-11 00:00:00+00:00, run_after=2024-09-12 00:00:00+00:00
[2024-09-12T00:23:07.266+0000] {processor.py:183} INFO - Processing /home/airflow/.local/lib/python3.12/site-packages/airflow/example_dags/example_task_group_decorator.py took 0.088 seconds
[2024-09-12T00:23:37.876+0000] {processor.py:161} INFO - Started process (PID=458) to work on /home/airflow/.local/lib/python3.12/site-packages/airflow/example_dags/example_task_group_decorator.py
[2024-09-12T00:23:37.877+0000] {processor.py:830} INFO - Processing file /home/airflow/.local/lib/python3.12/site-packages/airflow/example_dags/example_task_group_decorator.py for tasks to queue
[2024-09-12T00:23:37.879+0000] {logging_mixin.py:188} INFO - [2024-09-12T00:23:37.879+0000] {dagbag.py:545} INFO - Filling up the DagBag from /home/airflow/.local/lib/python3.12/site-packages/airflow/example_dags/example_task_group_decorator.py
[2024-09-12T00:23:37.893+0000] {processor.py:840} INFO - DAG(s) 'example_task_group_decorator' retrieved from /home/airflow/.local/lib/python3.12/site-packages/airflow/example_dags/example_task_group_decorator.py
[2024-09-12T00:23:37.920+0000] {logging_mixin.py:188} INFO - [2024-09-12T00:23:37.919+0000] {dag.py:3089} INFO - Sync 1 DAGs
[2024-09-12T00:23:37.944+0000] {logging_mixin.py:188} INFO - [2024-09-12T00:23:37.944+0000] {dag.py:3947} INFO - Setting next_dagrun for example_task_group_decorator to 2024-09-11 00:00:00+00:00, run_after=2024-09-12 00:00:00+00:00
[2024-09-12T00:23:37.961+0000] {processor.py:183} INFO - Processing /home/airflow/.local/lib/python3.12/site-packages/airflow/example_dags/example_task_group_decorator.py took 0.090 seconds
[2024-09-12T00:24:08.536+0000] {processor.py:161} INFO - Started process (PID=518) to work on /home/airflow/.local/lib/python3.12/site-packages/airflow/example_dags/example_task_group_decorator.py
[2024-09-12T00:24:08.537+0000] {processor.py:830} INFO - Processing file /home/airflow/.local/lib/python3.12/site-packages/airflow/example_dags/example_task_group_decorator.py for tasks to queue
[2024-09-12T00:24:08.540+0000] {logging_mixin.py:188} INFO - [2024-09-12T00:24:08.539+0000] {dagbag.py:545} INFO - Filling up the DagBag from /home/airflow/.local/lib/python3.12/site-packages/airflow/example_dags/example_task_group_decorator.py
[2024-09-12T00:24:08.557+0000] {processor.py:840} INFO - DAG(s) 'example_task_group_decorator' retrieved from /home/airflow/.local/lib/python3.12/site-packages/airflow/example_dags/example_task_group_decorator.py
[2024-09-12T00:24:08.582+0000] {logging_mixin.py:188} INFO - [2024-09-12T00:24:08.582+0000] {dag.py:3089} INFO - Sync 1 DAGs
[2024-09-12T00:24:08.608+0000] {logging_mixin.py:188} INFO - [2024-09-12T00:24:08.608+0000] {dag.py:3947} INFO - Setting next_dagrun for example_task_group_decorator to 2024-09-11 00:00:00+00:00, run_after=2024-09-12 00:00:00+00:00
[2024-09-12T00:24:08.627+0000] {processor.py:183} INFO - Processing /home/airflow/.local/lib/python3.12/site-packages/airflow/example_dags/example_task_group_decorator.py took 0.099 seconds
[2024-09-12T00:24:38.769+0000] {processor.py:161} INFO - Started process (PID=578) to work on /home/airflow/.local/lib/python3.12/site-packages/airflow/example_dags/example_task_group_decorator.py
[2024-09-12T00:24:38.770+0000] {processor.py:830} INFO - Processing file /home/airflow/.local/lib/python3.12/site-packages/airflow/example_dags/example_task_group_decorator.py for tasks to queue
[2024-09-12T00:24:38.772+0000] {logging_mixin.py:188} INFO - [2024-09-12T00:24:38.771+0000] {dagbag.py:545} INFO - Filling up the DagBag from /home/airflow/.local/lib/python3.12/site-packages/airflow/example_dags/example_task_group_decorator.py
[2024-09-12T00:24:38.786+0000] {processor.py:840} INFO - DAG(s) 'example_task_group_decorator' retrieved from /home/airflow/.local/lib/python3.12/site-packages/airflow/example_dags/example_task_group_decorator.py
[2024-09-12T00:24:38.809+0000] {logging_mixin.py:188} INFO - [2024-09-12T00:24:38.809+0000] {dag.py:3089} INFO - Sync 1 DAGs
[2024-09-12T00:24:38.831+0000] {logging_mixin.py:188} INFO - [2024-09-12T00:24:38.831+0000] {dag.py:3947} INFO - Setting next_dagrun for example_task_group_decorator to 2024-09-11 00:00:00+00:00, run_after=2024-09-12 00:00:00+00:00
[2024-09-12T00:24:38.849+0000] {processor.py:183} INFO - Processing /home/airflow/.local/lib/python3.12/site-packages/airflow/example_dags/example_task_group_decorator.py took 0.086 seconds
[2024-09-12T00:25:09.186+0000] {processor.py:161} INFO - Started process (PID=638) to work on /home/airflow/.local/lib/python3.12/site-packages/airflow/example_dags/example_task_group_decorator.py
[2024-09-12T00:25:09.187+0000] {processor.py:830} INFO - Processing file /home/airflow/.local/lib/python3.12/site-packages/airflow/example_dags/example_task_group_decorator.py for tasks to queue
[2024-09-12T00:25:09.189+0000] {logging_mixin.py:188} INFO - [2024-09-12T00:25:09.189+0000] {dagbag.py:545} INFO - Filling up the DagBag from /home/airflow/.local/lib/python3.12/site-packages/airflow/example_dags/example_task_group_decorator.py
[2024-09-12T00:25:09.204+0000] {processor.py:840} INFO - DAG(s) 'example_task_group_decorator' retrieved from /home/airflow/.local/lib/python3.12/site-packages/airflow/example_dags/example_task_group_decorator.py
[2024-09-12T00:25:09.229+0000] {logging_mixin.py:188} INFO - [2024-09-12T00:25:09.228+0000] {dag.py:3089} INFO - Sync 1 DAGs
[2024-09-12T00:25:09.251+0000] {logging_mixin.py:188} INFO - [2024-09-12T00:25:09.251+0000] {dag.py:3947} INFO - Setting next_dagrun for example_task_group_decorator to 2024-09-11 00:00:00+00:00, run_after=2024-09-12 00:00:00+00:00
[2024-09-12T00:25:09.271+0000] {processor.py:183} INFO - Processing /home/airflow/.local/lib/python3.12/site-packages/airflow/example_dags/example_task_group_decorator.py took 0.091 seconds
[2024-09-12T00:25:39.417+0000] {processor.py:161} INFO - Started process (PID=698) to work on /home/airflow/.local/lib/python3.12/site-packages/airflow/example_dags/example_task_group_decorator.py
[2024-09-12T00:25:39.418+0000] {processor.py:830} INFO - Processing file /home/airflow/.local/lib/python3.12/site-packages/airflow/example_dags/example_task_group_decorator.py for tasks to queue
[2024-09-12T00:25:39.420+0000] {logging_mixin.py:188} INFO - [2024-09-12T00:25:39.419+0000] {dagbag.py:545} INFO - Filling up the DagBag from /home/airflow/.local/lib/python3.12/site-packages/airflow/example_dags/example_task_group_decorator.py
[2024-09-12T00:25:39.434+0000] {processor.py:840} INFO - DAG(s) 'example_task_group_decorator' retrieved from /home/airflow/.local/lib/python3.12/site-packages/airflow/example_dags/example_task_group_decorator.py
[2024-09-12T00:25:39.459+0000] {logging_mixin.py:188} INFO - [2024-09-12T00:25:39.458+0000] {dag.py:3089} INFO - Sync 1 DAGs
[2024-09-12T00:25:39.482+0000] {logging_mixin.py:188} INFO - [2024-09-12T00:25:39.481+0000] {dag.py:3947} INFO - Setting next_dagrun for example_task_group_decorator to 2024-09-11 00:00:00+00:00, run_after=2024-09-12 00:00:00+00:00
[2024-09-12T00:25:39.500+0000] {processor.py:183} INFO - Processing /home/airflow/.local/lib/python3.12/site-packages/airflow/example_dags/example_task_group_decorator.py took 0.089 seconds
[2024-09-12T00:26:09.656+0000] {processor.py:161} INFO - Started process (PID=758) to work on /home/airflow/.local/lib/python3.12/site-packages/airflow/example_dags/example_task_group_decorator.py
[2024-09-12T00:26:09.657+0000] {processor.py:830} INFO - Processing file /home/airflow/.local/lib/python3.12/site-packages/airflow/example_dags/example_task_group_decorator.py for tasks to queue
[2024-09-12T00:26:09.659+0000] {logging_mixin.py:188} INFO - [2024-09-12T00:26:09.658+0000] {dagbag.py:545} INFO - Filling up the DagBag from /home/airflow/.local/lib/python3.12/site-packages/airflow/example_dags/example_task_group_decorator.py
[2024-09-12T00:26:09.673+0000] {processor.py:840} INFO - DAG(s) 'example_task_group_decorator' retrieved from /home/airflow/.local/lib/python3.12/site-packages/airflow/example_dags/example_task_group_decorator.py
[2024-09-12T00:26:09.698+0000] {logging_mixin.py:188} INFO - [2024-09-12T00:26:09.698+0000] {dag.py:3089} INFO - Sync 1 DAGs
[2024-09-12T00:26:09.719+0000] {logging_mixin.py:188} INFO - [2024-09-12T00:26:09.719+0000] {dag.py:3947} INFO - Setting next_dagrun for example_task_group_decorator to 2024-09-11 00:00:00+00:00, run_after=2024-09-12 00:00:00+00:00
[2024-09-12T00:26:09.740+0000] {processor.py:183} INFO - Processing /home/airflow/.local/lib/python3.12/site-packages/airflow/example_dags/example_task_group_decorator.py took 0.089 seconds
[2024-09-12T00:26:40.267+0000] {processor.py:161} INFO - Started process (PID=818) to work on /home/airflow/.local/lib/python3.12/site-packages/airflow/example_dags/example_task_group_decorator.py
[2024-09-12T00:26:40.268+0000] {processor.py:830} INFO - Processing file /home/airflow/.local/lib/python3.12/site-packages/airflow/example_dags/example_task_group_decorator.py for tasks to queue
[2024-09-12T00:26:40.270+0000] {logging_mixin.py:188} INFO - [2024-09-12T00:26:40.270+0000] {dagbag.py:545} INFO - Filling up the DagBag from /home/airflow/.local/lib/python3.12/site-packages/airflow/example_dags/example_task_group_decorator.py
[2024-09-12T00:26:40.285+0000] {processor.py:840} INFO - DAG(s) 'example_task_group_decorator' retrieved from /home/airflow/.local/lib/python3.12/site-packages/airflow/example_dags/example_task_group_decorator.py
[2024-09-12T00:26:40.317+0000] {logging_mixin.py:188} INFO - [2024-09-12T00:26:40.317+0000] {dag.py:3089} INFO - Sync 1 DAGs
[2024-09-12T00:26:40.348+0000] {logging_mixin.py:188} INFO - [2024-09-12T00:26:40.348+0000] {dag.py:3947} INFO - Setting next_dagrun for example_task_group_decorator to 2024-09-11 00:00:00+00:00, run_after=2024-09-12 00:00:00+00:00
[2024-09-12T00:26:40.369+0000] {processor.py:183} INFO - Processing /home/airflow/.local/lib/python3.12/site-packages/airflow/example_dags/example_task_group_decorator.py took 0.107 seconds
[2024-09-12T00:27:10.796+0000] {processor.py:161} INFO - Started process (PID=878) to work on /home/airflow/.local/lib/python3.12/site-packages/airflow/example_dags/example_task_group_decorator.py
[2024-09-12T00:27:10.797+0000] {processor.py:830} INFO - Processing file /home/airflow/.local/lib/python3.12/site-packages/airflow/example_dags/example_task_group_decorator.py for tasks to queue
[2024-09-12T00:27:10.799+0000] {logging_mixin.py:188} INFO - [2024-09-12T00:27:10.799+0000] {dagbag.py:545} INFO - Filling up the DagBag from /home/airflow/.local/lib/python3.12/site-packages/airflow/example_dags/example_task_group_decorator.py
[2024-09-12T00:27:10.814+0000] {processor.py:840} INFO - DAG(s) 'example_task_group_decorator' retrieved from /home/airflow/.local/lib/python3.12/site-packages/airflow/example_dags/example_task_group_decorator.py
[2024-09-12T00:27:10.841+0000] {logging_mixin.py:188} INFO - [2024-09-12T00:27:10.841+0000] {dag.py:3089} INFO - Sync 1 DAGs
[2024-09-12T00:27:10.863+0000] {logging_mixin.py:188} INFO - [2024-09-12T00:27:10.863+0000] {dag.py:3947} INFO - Setting next_dagrun for example_task_group_decorator to 2024-09-11 00:00:00+00:00, run_after=2024-09-12 00:00:00+00:00
[2024-09-12T00:27:10.886+0000] {processor.py:183} INFO - Processing /home/airflow/.local/lib/python3.12/site-packages/airflow/example_dags/example_task_group_decorator.py took 0.096 seconds
[2024-09-12T00:27:40.984+0000] {processor.py:161} INFO - Started process (PID=938) to work on /home/airflow/.local/lib/python3.12/site-packages/airflow/example_dags/example_task_group_decorator.py
[2024-09-12T00:27:40.985+0000] {processor.py:830} INFO - Processing file /home/airflow/.local/lib/python3.12/site-packages/airflow/example_dags/example_task_group_decorator.py for tasks to queue
[2024-09-12T00:27:40.987+0000] {logging_mixin.py:188} INFO - [2024-09-12T00:27:40.987+0000] {dagbag.py:545} INFO - Filling up the DagBag from /home/airflow/.local/lib/python3.12/site-packages/airflow/example_dags/example_task_group_decorator.py
[2024-09-12T00:27:41.001+0000] {processor.py:840} INFO - DAG(s) 'example_task_group_decorator' retrieved from /home/airflow/.local/lib/python3.12/site-packages/airflow/example_dags/example_task_group_decorator.py
[2024-09-12T00:27:41.027+0000] {logging_mixin.py:188} INFO - [2024-09-12T00:27:41.026+0000] {dag.py:3089} INFO - Sync 1 DAGs
[2024-09-12T00:27:41.049+0000] {logging_mixin.py:188} INFO - [2024-09-12T00:27:41.048+0000] {dag.py:3947} INFO - Setting next_dagrun for example_task_group_decorator to 2024-09-11 00:00:00+00:00, run_after=2024-09-12 00:00:00+00:00
[2024-09-12T00:27:41.069+0000] {processor.py:183} INFO - Processing /home/airflow/.local/lib/python3.12/site-packages/airflow/example_dags/example_task_group_decorator.py took 0.090 seconds
[2024-09-12T00:28:11.496+0000] {processor.py:161} INFO - Started process (PID=998) to work on /home/airflow/.local/lib/python3.12/site-packages/airflow/example_dags/example_task_group_decorator.py
[2024-09-12T00:28:11.497+0000] {processor.py:830} INFO - Processing file /home/airflow/.local/lib/python3.12/site-packages/airflow/example_dags/example_task_group_decorator.py for tasks to queue
[2024-09-12T00:28:11.500+0000] {logging_mixin.py:188} INFO - [2024-09-12T00:28:11.500+0000] {dagbag.py:545} INFO - Filling up the DagBag from /home/airflow/.local/lib/python3.12/site-packages/airflow/example_dags/example_task_group_decorator.py
[2024-09-12T00:28:11.518+0000] {processor.py:840} INFO - DAG(s) 'example_task_group_decorator' retrieved from /home/airflow/.local/lib/python3.12/site-packages/airflow/example_dags/example_task_group_decorator.py
[2024-09-12T00:28:11.551+0000] {logging_mixin.py:188} INFO - [2024-09-12T00:28:11.550+0000] {dag.py:3089} INFO - Sync 1 DAGs
[2024-09-12T00:28:11.580+0000] {logging_mixin.py:188} INFO - [2024-09-12T00:28:11.580+0000] {dag.py:3947} INFO - Setting next_dagrun for example_task_group_decorator to 2024-09-11 00:00:00+00:00, run_after=2024-09-12 00:00:00+00:00
[2024-09-12T00:28:11.604+0000] {processor.py:183} INFO - Processing /home/airflow/.local/lib/python3.12/site-packages/airflow/example_dags/example_task_group_decorator.py took 0.113 seconds
[2024-09-12T00:28:41.650+0000] {processor.py:161} INFO - Started process (PID=1058) to work on /home/airflow/.local/lib/python3.12/site-packages/airflow/example_dags/example_task_group_decorator.py
[2024-09-12T00:28:41.651+0000] {processor.py:830} INFO - Processing file /home/airflow/.local/lib/python3.12/site-packages/airflow/example_dags/example_task_group_decorator.py for tasks to queue
[2024-09-12T00:28:41.652+0000] {logging_mixin.py:188} INFO - [2024-09-12T00:28:41.652+0000] {dagbag.py:545} INFO - Filling up the DagBag from /home/airflow/.local/lib/python3.12/site-packages/airflow/example_dags/example_task_group_decorator.py
[2024-09-12T00:28:41.667+0000] {processor.py:840} INFO - DAG(s) 'example_task_group_decorator' retrieved from /home/airflow/.local/lib/python3.12/site-packages/airflow/example_dags/example_task_group_decorator.py
[2024-09-12T00:28:41.691+0000] {logging_mixin.py:188} INFO - [2024-09-12T00:28:41.691+0000] {dag.py:3089} INFO - Sync 1 DAGs
[2024-09-12T00:28:41.714+0000] {logging_mixin.py:188} INFO - [2024-09-12T00:28:41.714+0000] {dag.py:3947} INFO - Setting next_dagrun for example_task_group_decorator to 2024-09-11 00:00:00+00:00, run_after=2024-09-12 00:00:00+00:00
[2024-09-12T00:28:41.733+0000] {processor.py:183} INFO - Processing /home/airflow/.local/lib/python3.12/site-packages/airflow/example_dags/example_task_group_decorator.py took 0.089 seconds
[2024-09-12T00:29:12.045+0000] {processor.py:161} INFO - Started process (PID=1118) to work on /home/airflow/.local/lib/python3.12/site-packages/airflow/example_dags/example_task_group_decorator.py
[2024-09-12T00:29:12.046+0000] {processor.py:830} INFO - Processing file /home/airflow/.local/lib/python3.12/site-packages/airflow/example_dags/example_task_group_decorator.py for tasks to queue
[2024-09-12T00:29:12.048+0000] {logging_mixin.py:188} INFO - [2024-09-12T00:29:12.047+0000] {dagbag.py:545} INFO - Filling up the DagBag from /home/airflow/.local/lib/python3.12/site-packages/airflow/example_dags/example_task_group_decorator.py
[2024-09-12T00:29:12.062+0000] {processor.py:840} INFO - DAG(s) 'example_task_group_decorator' retrieved from /home/airflow/.local/lib/python3.12/site-packages/airflow/example_dags/example_task_group_decorator.py
[2024-09-12T00:29:12.087+0000] {logging_mixin.py:188} INFO - [2024-09-12T00:29:12.086+0000] {dag.py:3089} INFO - Sync 1 DAGs
[2024-09-12T00:29:12.112+0000] {logging_mixin.py:188} INFO - [2024-09-12T00:29:12.112+0000] {dag.py:3947} INFO - Setting next_dagrun for example_task_group_decorator to 2024-09-11 00:00:00+00:00, run_after=2024-09-12 00:00:00+00:00
[2024-09-12T00:29:12.134+0000] {processor.py:183} INFO - Processing /home/airflow/.local/lib/python3.12/site-packages/airflow/example_dags/example_task_group_decorator.py took 0.095 seconds
[2024-09-12T00:29:42.596+0000] {processor.py:161} INFO - Started process (PID=1178) to work on /home/airflow/.local/lib/python3.12/site-packages/airflow/example_dags/example_task_group_decorator.py
[2024-09-12T00:29:42.597+0000] {processor.py:830} INFO - Processing file /home/airflow/.local/lib/python3.12/site-packages/airflow/example_dags/example_task_group_decorator.py for tasks to queue
[2024-09-12T00:29:42.599+0000] {logging_mixin.py:188} INFO - [2024-09-12T00:29:42.598+0000] {dagbag.py:545} INFO - Filling up the DagBag from /home/airflow/.local/lib/python3.12/site-packages/airflow/example_dags/example_task_group_decorator.py
[2024-09-12T00:29:42.613+0000] {processor.py:840} INFO - DAG(s) 'example_task_group_decorator' retrieved from /home/airflow/.local/lib/python3.12/site-packages/airflow/example_dags/example_task_group_decorator.py
[2024-09-12T00:29:42.637+0000] {logging_mixin.py:188} INFO - [2024-09-12T00:29:42.637+0000] {dag.py:3089} INFO - Sync 1 DAGs
[2024-09-12T00:29:42.661+0000] {logging_mixin.py:188} INFO - [2024-09-12T00:29:42.660+0000] {dag.py:3947} INFO - Setting next_dagrun for example_task_group_decorator to 2024-09-11 00:00:00+00:00, run_after=2024-09-12 00:00:00+00:00
[2024-09-12T00:29:42.678+0000] {processor.py:183} INFO - Processing /home/airflow/.local/lib/python3.12/site-packages/airflow/example_dags/example_task_group_decorator.py took 0.088 seconds
[2024-09-12T00:30:12.993+0000] {processor.py:161} INFO - Started process (PID=1238) to work on /home/airflow/.local/lib/python3.12/site-packages/airflow/example_dags/example_task_group_decorator.py
[2024-09-12T00:30:12.994+0000] {processor.py:830} INFO - Processing file /home/airflow/.local/lib/python3.12/site-packages/airflow/example_dags/example_task_group_decorator.py for tasks to queue
[2024-09-12T00:30:12.996+0000] {logging_mixin.py:188} INFO - [2024-09-12T00:30:12.996+0000] {dagbag.py:545} INFO - Filling up the DagBag from /home/airflow/.local/lib/python3.12/site-packages/airflow/example_dags/example_task_group_decorator.py
[2024-09-12T00:30:13.010+0000] {processor.py:840} INFO - DAG(s) 'example_task_group_decorator' retrieved from /home/airflow/.local/lib/python3.12/site-packages/airflow/example_dags/example_task_group_decorator.py
[2024-09-12T00:30:13.034+0000] {logging_mixin.py:188} INFO - [2024-09-12T00:30:13.034+0000] {dag.py:3089} INFO - Sync 1 DAGs
[2024-09-12T00:30:13.056+0000] {logging_mixin.py:188} INFO - [2024-09-12T00:30:13.055+0000] {dag.py:3947} INFO - Setting next_dagrun for example_task_group_decorator to 2024-09-11 00:00:00+00:00, run_after=2024-09-12 00:00:00+00:00
[2024-09-12T00:30:13.075+0000] {processor.py:183} INFO - Processing /home/airflow/.local/lib/python3.12/site-packages/airflow/example_dags/example_task_group_decorator.py took 0.087 seconds
[2024-09-12T00:30:43.460+0000] {processor.py:161} INFO - Started process (PID=1298) to work on /home/airflow/.local/lib/python3.12/site-packages/airflow/example_dags/example_task_group_decorator.py
[2024-09-12T00:30:43.461+0000] {processor.py:830} INFO - Processing file /home/airflow/.local/lib/python3.12/site-packages/airflow/example_dags/example_task_group_decorator.py for tasks to queue
[2024-09-12T00:30:43.463+0000] {logging_mixin.py:188} INFO - [2024-09-12T00:30:43.463+0000] {dagbag.py:545} INFO - Filling up the DagBag from /home/airflow/.local/lib/python3.12/site-packages/airflow/example_dags/example_task_group_decorator.py
[2024-09-12T00:30:43.477+0000] {processor.py:840} INFO - DAG(s) 'example_task_group_decorator' retrieved from /home/airflow/.local/lib/python3.12/site-packages/airflow/example_dags/example_task_group_decorator.py
[2024-09-12T00:30:43.503+0000] {logging_mixin.py:188} INFO - [2024-09-12T00:30:43.502+0000] {dag.py:3089} INFO - Sync 1 DAGs
[2024-09-12T00:30:43.524+0000] {logging_mixin.py:188} INFO - [2024-09-12T00:30:43.524+0000] {dag.py:3947} INFO - Setting next_dagrun for example_task_group_decorator to 2024-09-11 00:00:00+00:00, run_after=2024-09-12 00:00:00+00:00
[2024-09-12T00:30:43.543+0000] {processor.py:183} INFO - Processing /home/airflow/.local/lib/python3.12/site-packages/airflow/example_dags/example_task_group_decorator.py took 0.089 seconds
[2024-09-12T00:31:13.690+0000] {processor.py:161} INFO - Started process (PID=1358) to work on /home/airflow/.local/lib/python3.12/site-packages/airflow/example_dags/example_task_group_decorator.py
[2024-09-12T00:31:13.691+0000] {processor.py:830} INFO - Processing file /home/airflow/.local/lib/python3.12/site-packages/airflow/example_dags/example_task_group_decorator.py for tasks to queue
[2024-09-12T00:31:13.693+0000] {logging_mixin.py:188} INFO - [2024-09-12T00:31:13.693+0000] {dagbag.py:545} INFO - Filling up the DagBag from /home/airflow/.local/lib/python3.12/site-packages/airflow/example_dags/example_task_group_decorator.py
[2024-09-12T00:31:13.708+0000] {processor.py:840} INFO - DAG(s) 'example_task_group_decorator' retrieved from /home/airflow/.local/lib/python3.12/site-packages/airflow/example_dags/example_task_group_decorator.py
[2024-09-12T00:31:13.739+0000] {logging_mixin.py:188} INFO - [2024-09-12T00:31:13.739+0000] {dag.py:3089} INFO - Sync 1 DAGs
[2024-09-12T00:31:13.762+0000] {logging_mixin.py:188} INFO - [2024-09-12T00:31:13.762+0000] {dag.py:3947} INFO - Setting next_dagrun for example_task_group_decorator to 2024-09-11 00:00:00+00:00, run_after=2024-09-12 00:00:00+00:00
[2024-09-12T00:31:13.782+0000] {processor.py:183} INFO - Processing /home/airflow/.local/lib/python3.12/site-packages/airflow/example_dags/example_task_group_decorator.py took 0.098 seconds
[2024-09-12T00:31:44.468+0000] {processor.py:161} INFO - Started process (PID=1418) to work on /home/airflow/.local/lib/python3.12/site-packages/airflow/example_dags/example_task_group_decorator.py
[2024-09-12T00:31:44.469+0000] {processor.py:830} INFO - Processing file /home/airflow/.local/lib/python3.12/site-packages/airflow/example_dags/example_task_group_decorator.py for tasks to queue
[2024-09-12T00:31:44.472+0000] {logging_mixin.py:188} INFO - [2024-09-12T00:31:44.471+0000] {dagbag.py:545} INFO - Filling up the DagBag from /home/airflow/.local/lib/python3.12/site-packages/airflow/example_dags/example_task_group_decorator.py
[2024-09-12T00:31:44.487+0000] {processor.py:840} INFO - DAG(s) 'example_task_group_decorator' retrieved from /home/airflow/.local/lib/python3.12/site-packages/airflow/example_dags/example_task_group_decorator.py
[2024-09-12T00:31:44.675+0000] {logging_mixin.py:188} INFO - [2024-09-12T00:31:44.674+0000] {dag.py:3089} INFO - Sync 1 DAGs
[2024-09-12T00:31:44.701+0000] {logging_mixin.py:188} INFO - [2024-09-12T00:31:44.701+0000] {dag.py:3947} INFO - Setting next_dagrun for example_task_group_decorator to 2024-09-11 00:00:00+00:00, run_after=2024-09-12 00:00:00+00:00
[2024-09-12T00:31:44.726+0000] {processor.py:183} INFO - Processing /home/airflow/.local/lib/python3.12/site-packages/airflow/example_dags/example_task_group_decorator.py took 0.265 seconds
[2024-09-12T00:32:15.582+0000] {processor.py:161} INFO - Started process (PID=1478) to work on /home/airflow/.local/lib/python3.12/site-packages/airflow/example_dags/example_task_group_decorator.py
[2024-09-12T00:32:15.583+0000] {processor.py:830} INFO - Processing file /home/airflow/.local/lib/python3.12/site-packages/airflow/example_dags/example_task_group_decorator.py for tasks to queue
[2024-09-12T00:32:15.586+0000] {logging_mixin.py:188} INFO - [2024-09-12T00:32:15.586+0000] {dagbag.py:545} INFO - Filling up the DagBag from /home/airflow/.local/lib/python3.12/site-packages/airflow/example_dags/example_task_group_decorator.py
[2024-09-12T00:32:15.602+0000] {processor.py:840} INFO - DAG(s) 'example_task_group_decorator' retrieved from /home/airflow/.local/lib/python3.12/site-packages/airflow/example_dags/example_task_group_decorator.py
[2024-09-12T00:32:15.762+0000] {logging_mixin.py:188} INFO - [2024-09-12T00:32:15.761+0000] {dag.py:3089} INFO - Sync 1 DAGs
[2024-09-12T00:32:15.784+0000] {logging_mixin.py:188} INFO - [2024-09-12T00:32:15.784+0000] {dag.py:3947} INFO - Setting next_dagrun for example_task_group_decorator to 2024-09-11 00:00:00+00:00, run_after=2024-09-12 00:00:00+00:00
[2024-09-12T00:32:15.803+0000] {processor.py:183} INFO - Processing /home/airflow/.local/lib/python3.12/site-packages/airflow/example_dags/example_task_group_decorator.py took 0.229 seconds
[2024-09-12T00:32:46.306+0000] {processor.py:161} INFO - Started process (PID=1538) to work on /home/airflow/.local/lib/python3.12/site-packages/airflow/example_dags/example_task_group_decorator.py
[2024-09-12T00:32:46.307+0000] {processor.py:830} INFO - Processing file /home/airflow/.local/lib/python3.12/site-packages/airflow/example_dags/example_task_group_decorator.py for tasks to queue
[2024-09-12T00:32:46.309+0000] {logging_mixin.py:188} INFO - [2024-09-12T00:32:46.309+0000] {dagbag.py:545} INFO - Filling up the DagBag from /home/airflow/.local/lib/python3.12/site-packages/airflow/example_dags/example_task_group_decorator.py
[2024-09-12T00:32:46.323+0000] {processor.py:840} INFO - DAG(s) 'example_task_group_decorator' retrieved from /home/airflow/.local/lib/python3.12/site-packages/airflow/example_dags/example_task_group_decorator.py
[2024-09-12T00:32:46.349+0000] {logging_mixin.py:188} INFO - [2024-09-12T00:32:46.349+0000] {dag.py:3089} INFO - Sync 1 DAGs
[2024-09-12T00:32:46.371+0000] {logging_mixin.py:188} INFO - [2024-09-12T00:32:46.371+0000] {dag.py:3947} INFO - Setting next_dagrun for example_task_group_decorator to 2024-09-11 00:00:00+00:00, run_after=2024-09-12 00:00:00+00:00
[2024-09-12T00:32:46.390+0000] {processor.py:183} INFO - Processing /home/airflow/.local/lib/python3.12/site-packages/airflow/example_dags/example_task_group_decorator.py took 0.090 seconds
[2024-09-12T00:33:16.625+0000] {processor.py:161} INFO - Started process (PID=1598) to work on /home/airflow/.local/lib/python3.12/site-packages/airflow/example_dags/example_task_group_decorator.py
[2024-09-12T00:33:16.626+0000] {processor.py:830} INFO - Processing file /home/airflow/.local/lib/python3.12/site-packages/airflow/example_dags/example_task_group_decorator.py for tasks to queue
[2024-09-12T00:33:16.628+0000] {logging_mixin.py:188} INFO - [2024-09-12T00:33:16.628+0000] {dagbag.py:545} INFO - Filling up the DagBag from /home/airflow/.local/lib/python3.12/site-packages/airflow/example_dags/example_task_group_decorator.py
[2024-09-12T00:33:16.642+0000] {processor.py:840} INFO - DAG(s) 'example_task_group_decorator' retrieved from /home/airflow/.local/lib/python3.12/site-packages/airflow/example_dags/example_task_group_decorator.py
[2024-09-12T00:33:16.665+0000] {logging_mixin.py:188} INFO - [2024-09-12T00:33:16.665+0000] {dag.py:3089} INFO - Sync 1 DAGs
[2024-09-12T00:33:16.691+0000] {logging_mixin.py:188} INFO - [2024-09-12T00:33:16.691+0000] {dag.py:3947} INFO - Setting next_dagrun for example_task_group_decorator to 2024-09-11 00:00:00+00:00, run_after=2024-09-12 00:00:00+00:00
[2024-09-12T00:33:16.709+0000] {processor.py:183} INFO - Processing /home/airflow/.local/lib/python3.12/site-packages/airflow/example_dags/example_task_group_decorator.py took 0.090 seconds
[2024-09-12T00:33:47.312+0000] {processor.py:161} INFO - Started process (PID=1658) to work on /home/airflow/.local/lib/python3.12/site-packages/airflow/example_dags/example_task_group_decorator.py
[2024-09-12T00:33:47.313+0000] {processor.py:830} INFO - Processing file /home/airflow/.local/lib/python3.12/site-packages/airflow/example_dags/example_task_group_decorator.py for tasks to queue
[2024-09-12T00:33:47.315+0000] {logging_mixin.py:188} INFO - [2024-09-12T00:33:47.315+0000] {dagbag.py:545} INFO - Filling up the DagBag from /home/airflow/.local/lib/python3.12/site-packages/airflow/example_dags/example_task_group_decorator.py
[2024-09-12T00:33:47.330+0000] {processor.py:840} INFO - DAG(s) 'example_task_group_decorator' retrieved from /home/airflow/.local/lib/python3.12/site-packages/airflow/example_dags/example_task_group_decorator.py
[2024-09-12T00:33:47.356+0000] {logging_mixin.py:188} INFO - [2024-09-12T00:33:47.355+0000] {dag.py:3089} INFO - Sync 1 DAGs
[2024-09-12T00:33:47.379+0000] {logging_mixin.py:188} INFO - [2024-09-12T00:33:47.378+0000] {dag.py:3947} INFO - Setting next_dagrun for example_task_group_decorator to 2024-09-11 00:00:00+00:00, run_after=2024-09-12 00:00:00+00:00
[2024-09-12T00:33:47.398+0000] {processor.py:183} INFO - Processing /home/airflow/.local/lib/python3.12/site-packages/airflow/example_dags/example_task_group_decorator.py took 0.091 seconds
[2024-09-12T00:34:17.455+0000] {processor.py:161} INFO - Started process (PID=1718) to work on /home/airflow/.local/lib/python3.12/site-packages/airflow/example_dags/example_task_group_decorator.py
[2024-09-12T00:34:17.456+0000] {processor.py:830} INFO - Processing file /home/airflow/.local/lib/python3.12/site-packages/airflow/example_dags/example_task_group_decorator.py for tasks to queue
[2024-09-12T00:34:17.457+0000] {logging_mixin.py:188} INFO - [2024-09-12T00:34:17.457+0000] {dagbag.py:545} INFO - Filling up the DagBag from /home/airflow/.local/lib/python3.12/site-packages/airflow/example_dags/example_task_group_decorator.py
[2024-09-12T00:34:17.473+0000] {processor.py:840} INFO - DAG(s) 'example_task_group_decorator' retrieved from /home/airflow/.local/lib/python3.12/site-packages/airflow/example_dags/example_task_group_decorator.py
[2024-09-12T00:34:17.500+0000] {logging_mixin.py:188} INFO - [2024-09-12T00:34:17.499+0000] {dag.py:3089} INFO - Sync 1 DAGs
[2024-09-12T00:34:17.528+0000] {logging_mixin.py:188} INFO - [2024-09-12T00:34:17.528+0000] {dag.py:3947} INFO - Setting next_dagrun for example_task_group_decorator to 2024-09-11 00:00:00+00:00, run_after=2024-09-12 00:00:00+00:00
[2024-09-12T00:34:17.553+0000] {processor.py:183} INFO - Processing /home/airflow/.local/lib/python3.12/site-packages/airflow/example_dags/example_task_group_decorator.py took 0.104 seconds
[2024-09-12T00:34:47.750+0000] {processor.py:161} INFO - Started process (PID=1778) to work on /home/airflow/.local/lib/python3.12/site-packages/airflow/example_dags/example_task_group_decorator.py
[2024-09-12T00:34:47.751+0000] {processor.py:830} INFO - Processing file /home/airflow/.local/lib/python3.12/site-packages/airflow/example_dags/example_task_group_decorator.py for tasks to queue
[2024-09-12T00:34:47.753+0000] {logging_mixin.py:188} INFO - [2024-09-12T00:34:47.753+0000] {dagbag.py:545} INFO - Filling up the DagBag from /home/airflow/.local/lib/python3.12/site-packages/airflow/example_dags/example_task_group_decorator.py
[2024-09-12T00:34:47.768+0000] {processor.py:840} INFO - DAG(s) 'example_task_group_decorator' retrieved from /home/airflow/.local/lib/python3.12/site-packages/airflow/example_dags/example_task_group_decorator.py
[2024-09-12T00:34:47.794+0000] {logging_mixin.py:188} INFO - [2024-09-12T00:34:47.793+0000] {dag.py:3089} INFO - Sync 1 DAGs
[2024-09-12T00:34:47.817+0000] {logging_mixin.py:188} INFO - [2024-09-12T00:34:47.817+0000] {dag.py:3947} INFO - Setting next_dagrun for example_task_group_decorator to 2024-09-11 00:00:00+00:00, run_after=2024-09-12 00:00:00+00:00
[2024-09-12T00:34:47.838+0000] {processor.py:183} INFO - Processing /home/airflow/.local/lib/python3.12/site-packages/airflow/example_dags/example_task_group_decorator.py took 0.093 seconds
[2024-09-12T00:35:17.944+0000] {processor.py:161} INFO - Started process (PID=1838) to work on /home/airflow/.local/lib/python3.12/site-packages/airflow/example_dags/example_task_group_decorator.py
[2024-09-12T00:35:17.945+0000] {processor.py:830} INFO - Processing file /home/airflow/.local/lib/python3.12/site-packages/airflow/example_dags/example_task_group_decorator.py for tasks to queue
[2024-09-12T00:35:17.947+0000] {logging_mixin.py:188} INFO - [2024-09-12T00:35:17.946+0000] {dagbag.py:545} INFO - Filling up the DagBag from /home/airflow/.local/lib/python3.12/site-packages/airflow/example_dags/example_task_group_decorator.py
[2024-09-12T00:35:17.961+0000] {processor.py:840} INFO - DAG(s) 'example_task_group_decorator' retrieved from /home/airflow/.local/lib/python3.12/site-packages/airflow/example_dags/example_task_group_decorator.py
[2024-09-12T00:35:17.984+0000] {logging_mixin.py:188} INFO - [2024-09-12T00:35:17.984+0000] {dag.py:3089} INFO - Sync 1 DAGs
[2024-09-12T00:35:18.006+0000] {logging_mixin.py:188} INFO - [2024-09-12T00:35:18.006+0000] {dag.py:3947} INFO - Setting next_dagrun for example_task_group_decorator to 2024-09-11 00:00:00+00:00, run_after=2024-09-12 00:00:00+00:00
[2024-09-12T00:35:18.025+0000] {processor.py:183} INFO - Processing /home/airflow/.local/lib/python3.12/site-packages/airflow/example_dags/example_task_group_decorator.py took 0.088 seconds
[2024-09-12T00:35:48.350+0000] {processor.py:161} INFO - Started process (PID=1898) to work on /home/airflow/.local/lib/python3.12/site-packages/airflow/example_dags/example_task_group_decorator.py
[2024-09-12T00:35:48.351+0000] {processor.py:830} INFO - Processing file /home/airflow/.local/lib/python3.12/site-packages/airflow/example_dags/example_task_group_decorator.py for tasks to queue
[2024-09-12T00:35:48.353+0000] {logging_mixin.py:188} INFO - [2024-09-12T00:35:48.353+0000] {dagbag.py:545} INFO - Filling up the DagBag from /home/airflow/.local/lib/python3.12/site-packages/airflow/example_dags/example_task_group_decorator.py
[2024-09-12T00:35:48.374+0000] {processor.py:840} INFO - DAG(s) 'example_task_group_decorator' retrieved from /home/airflow/.local/lib/python3.12/site-packages/airflow/example_dags/example_task_group_decorator.py
[2024-09-12T00:35:48.405+0000] {logging_mixin.py:188} INFO - [2024-09-12T00:35:48.405+0000] {dag.py:3089} INFO - Sync 1 DAGs
[2024-09-12T00:35:48.433+0000] {logging_mixin.py:188} INFO - [2024-09-12T00:35:48.433+0000] {dag.py:3947} INFO - Setting next_dagrun for example_task_group_decorator to 2024-09-11 00:00:00+00:00, run_after=2024-09-12 00:00:00+00:00
[2024-09-12T00:35:48.456+0000] {processor.py:183} INFO - Processing /home/airflow/.local/lib/python3.12/site-packages/airflow/example_dags/example_task_group_decorator.py took 0.112 seconds
[2024-09-12T00:36:18.742+0000] {processor.py:161} INFO - Started process (PID=1958) to work on /home/airflow/.local/lib/python3.12/site-packages/airflow/example_dags/example_task_group_decorator.py
[2024-09-12T00:36:18.743+0000] {processor.py:830} INFO - Processing file /home/airflow/.local/lib/python3.12/site-packages/airflow/example_dags/example_task_group_decorator.py for tasks to queue
[2024-09-12T00:36:18.745+0000] {logging_mixin.py:188} INFO - [2024-09-12T00:36:18.744+0000] {dagbag.py:545} INFO - Filling up the DagBag from /home/airflow/.local/lib/python3.12/site-packages/airflow/example_dags/example_task_group_decorator.py
[2024-09-12T00:36:18.759+0000] {processor.py:840} INFO - DAG(s) 'example_task_group_decorator' retrieved from /home/airflow/.local/lib/python3.12/site-packages/airflow/example_dags/example_task_group_decorator.py
[2024-09-12T00:36:18.784+0000] {logging_mixin.py:188} INFO - [2024-09-12T00:36:18.784+0000] {dag.py:3089} INFO - Sync 1 DAGs
[2024-09-12T00:36:18.808+0000] {logging_mixin.py:188} INFO - [2024-09-12T00:36:18.808+0000] {dag.py:3947} INFO - Setting next_dagrun for example_task_group_decorator to 2024-09-11 00:00:00+00:00, run_after=2024-09-12 00:00:00+00:00
[2024-09-12T00:36:18.829+0000] {processor.py:183} INFO - Processing /home/airflow/.local/lib/python3.12/site-packages/airflow/example_dags/example_task_group_decorator.py took 0.092 seconds
[2024-09-12T00:36:49.021+0000] {processor.py:161} INFO - Started process (PID=2018) to work on /home/airflow/.local/lib/python3.12/site-packages/airflow/example_dags/example_task_group_decorator.py
[2024-09-12T00:36:49.022+0000] {processor.py:830} INFO - Processing file /home/airflow/.local/lib/python3.12/site-packages/airflow/example_dags/example_task_group_decorator.py for tasks to queue
[2024-09-12T00:36:49.024+0000] {logging_mixin.py:188} INFO - [2024-09-12T00:36:49.024+0000] {dagbag.py:545} INFO - Filling up the DagBag from /home/airflow/.local/lib/python3.12/site-packages/airflow/example_dags/example_task_group_decorator.py
[2024-09-12T00:36:49.043+0000] {processor.py:840} INFO - DAG(s) 'example_task_group_decorator' retrieved from /home/airflow/.local/lib/python3.12/site-packages/airflow/example_dags/example_task_group_decorator.py
[2024-09-12T00:36:49.068+0000] {logging_mixin.py:188} INFO - [2024-09-12T00:36:49.068+0000] {dag.py:3089} INFO - Sync 1 DAGs
[2024-09-12T00:36:49.091+0000] {logging_mixin.py:188} INFO - [2024-09-12T00:36:49.090+0000] {dag.py:3947} INFO - Setting next_dagrun for example_task_group_decorator to 2024-09-11 00:00:00+00:00, run_after=2024-09-12 00:00:00+00:00
[2024-09-12T00:36:49.110+0000] {processor.py:183} INFO - Processing /home/airflow/.local/lib/python3.12/site-packages/airflow/example_dags/example_task_group_decorator.py took 0.095 seconds
[2024-09-12T00:37:20.028+0000] {processor.py:161} INFO - Started process (PID=2078) to work on /home/airflow/.local/lib/python3.12/site-packages/airflow/example_dags/example_task_group_decorator.py
[2024-09-12T00:37:20.029+0000] {processor.py:830} INFO - Processing file /home/airflow/.local/lib/python3.12/site-packages/airflow/example_dags/example_task_group_decorator.py for tasks to queue
[2024-09-12T00:37:20.031+0000] {logging_mixin.py:188} INFO - [2024-09-12T00:37:20.031+0000] {dagbag.py:545} INFO - Filling up the DagBag from /home/airflow/.local/lib/python3.12/site-packages/airflow/example_dags/example_task_group_decorator.py
[2024-09-12T00:37:20.046+0000] {processor.py:840} INFO - DAG(s) 'example_task_group_decorator' retrieved from /home/airflow/.local/lib/python3.12/site-packages/airflow/example_dags/example_task_group_decorator.py
[2024-09-12T00:37:20.072+0000] {logging_mixin.py:188} INFO - [2024-09-12T00:37:20.071+0000] {dag.py:3089} INFO - Sync 1 DAGs
[2024-09-12T00:37:20.095+0000] {logging_mixin.py:188} INFO - [2024-09-12T00:37:20.095+0000] {dag.py:3947} INFO - Setting next_dagrun for example_task_group_decorator to 2024-09-11 00:00:00+00:00, run_after=2024-09-12 00:00:00+00:00
[2024-09-12T00:37:20.115+0000] {processor.py:183} INFO - Processing /home/airflow/.local/lib/python3.12/site-packages/airflow/example_dags/example_task_group_decorator.py took 0.092 seconds
[2024-09-12T00:37:50.194+0000] {processor.py:161} INFO - Started process (PID=2137) to work on /home/airflow/.local/lib/python3.12/site-packages/airflow/example_dags/example_task_group_decorator.py
[2024-09-12T00:37:50.194+0000] {processor.py:830} INFO - Processing file /home/airflow/.local/lib/python3.12/site-packages/airflow/example_dags/example_task_group_decorator.py for tasks to queue
[2024-09-12T00:37:50.196+0000] {logging_mixin.py:188} INFO - [2024-09-12T00:37:50.196+0000] {dagbag.py:545} INFO - Filling up the DagBag from /home/airflow/.local/lib/python3.12/site-packages/airflow/example_dags/example_task_group_decorator.py
[2024-09-12T00:37:50.210+0000] {processor.py:840} INFO - DAG(s) 'example_task_group_decorator' retrieved from /home/airflow/.local/lib/python3.12/site-packages/airflow/example_dags/example_task_group_decorator.py
[2024-09-12T00:37:50.235+0000] {logging_mixin.py:188} INFO - [2024-09-12T00:37:50.235+0000] {dag.py:3089} INFO - Sync 1 DAGs
[2024-09-12T00:37:50.258+0000] {logging_mixin.py:188} INFO - [2024-09-12T00:37:50.258+0000] {dag.py:3947} INFO - Setting next_dagrun for example_task_group_decorator to 2024-09-11 00:00:00+00:00, run_after=2024-09-12 00:00:00+00:00
[2024-09-12T00:37:50.277+0000] {processor.py:183} INFO - Processing /home/airflow/.local/lib/python3.12/site-packages/airflow/example_dags/example_task_group_decorator.py took 0.089 seconds
