[2024-09-12T00:20:33.121+0000] {processor.py:161} INFO - Started process (PID=97) to work on /home/airflow/.local/lib/python3.12/site-packages/airflow/example_dags/tutorial.py
[2024-09-12T00:20:33.122+0000] {processor.py:830} INFO - Processing file /home/airflow/.local/lib/python3.12/site-packages/airflow/example_dags/tutorial.py for tasks to queue
[2024-09-12T00:20:33.124+0000] {logging_mixin.py:188} INFO - [2024-09-12T00:20:33.123+0000] {dagbag.py:545} INFO - Filling up the DagBag from /home/airflow/.local/lib/python3.12/site-packages/airflow/example_dags/tutorial.py
[2024-09-12T00:20:33.129+0000] {processor.py:840} INFO - DAG(s) 'tutorial' retrieved from /home/airflow/.local/lib/python3.12/site-packages/airflow/example_dags/tutorial.py
[2024-09-12T00:20:33.149+0000] {logging_mixin.py:188} INFO - [2024-09-12T00:20:33.149+0000] {dag.py:3089} INFO - Sync 1 DAGs
[2024-09-12T00:20:33.170+0000] {logging_mixin.py:188} INFO - [2024-09-12T00:20:33.169+0000] {dag.py:3947} INFO - Setting next_dagrun for tutorial to 2024-09-11 00:00:00+00:00, run_after=2024-09-12 00:00:00+00:00
[2024-09-12T00:20:33.268+0000] {processor.py:183} INFO - Processing /home/airflow/.local/lib/python3.12/site-packages/airflow/example_dags/tutorial.py took 0.152 seconds
[2024-09-12T00:21:04.060+0000] {processor.py:161} INFO - Started process (PID=157) to work on /home/airflow/.local/lib/python3.12/site-packages/airflow/example_dags/tutorial.py
[2024-09-12T00:21:04.061+0000] {processor.py:830} INFO - Processing file /home/airflow/.local/lib/python3.12/site-packages/airflow/example_dags/tutorial.py for tasks to queue
[2024-09-12T00:21:04.063+0000] {logging_mixin.py:188} INFO - [2024-09-12T00:21:04.063+0000] {dagbag.py:545} INFO - Filling up the DagBag from /home/airflow/.local/lib/python3.12/site-packages/airflow/example_dags/tutorial.py
[2024-09-12T00:21:04.069+0000] {processor.py:840} INFO - DAG(s) 'tutorial' retrieved from /home/airflow/.local/lib/python3.12/site-packages/airflow/example_dags/tutorial.py
[2024-09-12T00:21:04.087+0000] {logging_mixin.py:188} INFO - [2024-09-12T00:21:04.086+0000] {dag.py:3089} INFO - Sync 1 DAGs
[2024-09-12T00:21:04.108+0000] {logging_mixin.py:188} INFO - [2024-09-12T00:21:04.108+0000] {dag.py:3947} INFO - Setting next_dagrun for tutorial to 2024-09-11 00:00:00+00:00, run_after=2024-09-12 00:00:00+00:00
[2024-09-12T00:21:04.131+0000] {processor.py:183} INFO - Processing /home/airflow/.local/lib/python3.12/site-packages/airflow/example_dags/tutorial.py took 0.076 seconds
[2024-09-12T00:21:34.666+0000] {processor.py:161} INFO - Started process (PID=217) to work on /home/airflow/.local/lib/python3.12/site-packages/airflow/example_dags/tutorial.py
[2024-09-12T00:21:34.667+0000] {processor.py:830} INFO - Processing file /home/airflow/.local/lib/python3.12/site-packages/airflow/example_dags/tutorial.py for tasks to queue
[2024-09-12T00:21:34.670+0000] {logging_mixin.py:188} INFO - [2024-09-12T00:21:34.670+0000] {dagbag.py:545} INFO - Filling up the DagBag from /home/airflow/.local/lib/python3.12/site-packages/airflow/example_dags/tutorial.py
[2024-09-12T00:21:34.679+0000] {processor.py:840} INFO - DAG(s) 'tutorial' retrieved from /home/airflow/.local/lib/python3.12/site-packages/airflow/example_dags/tutorial.py
[2024-09-12T00:21:34.701+0000] {logging_mixin.py:188} INFO - [2024-09-12T00:21:34.700+0000] {dag.py:3089} INFO - Sync 1 DAGs
[2024-09-12T00:21:34.727+0000] {logging_mixin.py:188} INFO - [2024-09-12T00:21:34.726+0000] {dag.py:3947} INFO - Setting next_dagrun for tutorial to 2024-09-11 00:00:00+00:00, run_after=2024-09-12 00:00:00+00:00
[2024-09-12T00:21:34.747+0000] {processor.py:183} INFO - Processing /home/airflow/.local/lib/python3.12/site-packages/airflow/example_dags/tutorial.py took 0.088 seconds
[2024-09-12T00:22:05.608+0000] {processor.py:161} INFO - Started process (PID=277) to work on /home/airflow/.local/lib/python3.12/site-packages/airflow/example_dags/tutorial.py
[2024-09-12T00:22:05.609+0000] {processor.py:830} INFO - Processing file /home/airflow/.local/lib/python3.12/site-packages/airflow/example_dags/tutorial.py for tasks to queue
[2024-09-12T00:22:05.611+0000] {logging_mixin.py:188} INFO - [2024-09-12T00:22:05.611+0000] {dagbag.py:545} INFO - Filling up the DagBag from /home/airflow/.local/lib/python3.12/site-packages/airflow/example_dags/tutorial.py
[2024-09-12T00:22:05.617+0000] {processor.py:840} INFO - DAG(s) 'tutorial' retrieved from /home/airflow/.local/lib/python3.12/site-packages/airflow/example_dags/tutorial.py
[2024-09-12T00:22:05.637+0000] {logging_mixin.py:188} INFO - [2024-09-12T00:22:05.637+0000] {dag.py:3089} INFO - Sync 1 DAGs
[2024-09-12T00:22:05.662+0000] {logging_mixin.py:188} INFO - [2024-09-12T00:22:05.662+0000] {dag.py:3947} INFO - Setting next_dagrun for tutorial to 2024-09-11 00:00:00+00:00, run_after=2024-09-12 00:00:00+00:00
[2024-09-12T00:22:05.684+0000] {processor.py:183} INFO - Processing /home/airflow/.local/lib/python3.12/site-packages/airflow/example_dags/tutorial.py took 0.082 seconds
[2024-09-12T00:22:36.518+0000] {processor.py:161} INFO - Started process (PID=337) to work on /home/airflow/.local/lib/python3.12/site-packages/airflow/example_dags/tutorial.py
[2024-09-12T00:22:36.519+0000] {processor.py:830} INFO - Processing file /home/airflow/.local/lib/python3.12/site-packages/airflow/example_dags/tutorial.py for tasks to queue
[2024-09-12T00:22:36.521+0000] {logging_mixin.py:188} INFO - [2024-09-12T00:22:36.521+0000] {dagbag.py:545} INFO - Filling up the DagBag from /home/airflow/.local/lib/python3.12/site-packages/airflow/example_dags/tutorial.py
[2024-09-12T00:22:36.528+0000] {processor.py:840} INFO - DAG(s) 'tutorial' retrieved from /home/airflow/.local/lib/python3.12/site-packages/airflow/example_dags/tutorial.py
[2024-09-12T00:22:36.547+0000] {logging_mixin.py:188} INFO - [2024-09-12T00:22:36.547+0000] {dag.py:3089} INFO - Sync 1 DAGs
[2024-09-12T00:22:36.571+0000] {logging_mixin.py:188} INFO - [2024-09-12T00:22:36.570+0000] {dag.py:3947} INFO - Setting next_dagrun for tutorial to 2024-09-11 00:00:00+00:00, run_after=2024-09-12 00:00:00+00:00
[2024-09-12T00:22:36.590+0000] {processor.py:183} INFO - Processing /home/airflow/.local/lib/python3.12/site-packages/airflow/example_dags/tutorial.py took 0.078 seconds
[2024-09-12T00:23:07.094+0000] {processor.py:161} INFO - Started process (PID=397) to work on /home/airflow/.local/lib/python3.12/site-packages/airflow/example_dags/tutorial.py
[2024-09-12T00:23:07.095+0000] {processor.py:830} INFO - Processing file /home/airflow/.local/lib/python3.12/site-packages/airflow/example_dags/tutorial.py for tasks to queue
[2024-09-12T00:23:07.096+0000] {logging_mixin.py:188} INFO - [2024-09-12T00:23:07.096+0000] {dagbag.py:545} INFO - Filling up the DagBag from /home/airflow/.local/lib/python3.12/site-packages/airflow/example_dags/tutorial.py
[2024-09-12T00:23:07.102+0000] {processor.py:840} INFO - DAG(s) 'tutorial' retrieved from /home/airflow/.local/lib/python3.12/site-packages/airflow/example_dags/tutorial.py
[2024-09-12T00:23:07.120+0000] {logging_mixin.py:188} INFO - [2024-09-12T00:23:07.120+0000] {dag.py:3089} INFO - Sync 1 DAGs
[2024-09-12T00:23:07.141+0000] {logging_mixin.py:188} INFO - [2024-09-12T00:23:07.141+0000] {dag.py:3947} INFO - Setting next_dagrun for tutorial to 2024-09-11 00:00:00+00:00, run_after=2024-09-12 00:00:00+00:00
[2024-09-12T00:23:07.159+0000] {processor.py:183} INFO - Processing /home/airflow/.local/lib/python3.12/site-packages/airflow/example_dags/tutorial.py took 0.070 seconds
[2024-09-12T00:23:37.788+0000] {processor.py:161} INFO - Started process (PID=457) to work on /home/airflow/.local/lib/python3.12/site-packages/airflow/example_dags/tutorial.py
[2024-09-12T00:23:37.788+0000] {processor.py:830} INFO - Processing file /home/airflow/.local/lib/python3.12/site-packages/airflow/example_dags/tutorial.py for tasks to queue
[2024-09-12T00:23:37.790+0000] {logging_mixin.py:188} INFO - [2024-09-12T00:23:37.790+0000] {dagbag.py:545} INFO - Filling up the DagBag from /home/airflow/.local/lib/python3.12/site-packages/airflow/example_dags/tutorial.py
[2024-09-12T00:23:37.796+0000] {processor.py:840} INFO - DAG(s) 'tutorial' retrieved from /home/airflow/.local/lib/python3.12/site-packages/airflow/example_dags/tutorial.py
[2024-09-12T00:23:37.816+0000] {logging_mixin.py:188} INFO - [2024-09-12T00:23:37.816+0000] {dag.py:3089} INFO - Sync 1 DAGs
[2024-09-12T00:23:37.839+0000] {logging_mixin.py:188} INFO - [2024-09-12T00:23:37.838+0000] {dag.py:3947} INFO - Setting next_dagrun for tutorial to 2024-09-11 00:00:00+00:00, run_after=2024-09-12 00:00:00+00:00
[2024-09-12T00:23:37.861+0000] {processor.py:183} INFO - Processing /home/airflow/.local/lib/python3.12/site-packages/airflow/example_dags/tutorial.py took 0.081 seconds
[2024-09-12T00:24:08.442+0000] {processor.py:161} INFO - Started process (PID=517) to work on /home/airflow/.local/lib/python3.12/site-packages/airflow/example_dags/tutorial.py
[2024-09-12T00:24:08.443+0000] {processor.py:830} INFO - Processing file /home/airflow/.local/lib/python3.12/site-packages/airflow/example_dags/tutorial.py for tasks to queue
[2024-09-12T00:24:08.445+0000] {logging_mixin.py:188} INFO - [2024-09-12T00:24:08.444+0000] {dagbag.py:545} INFO - Filling up the DagBag from /home/airflow/.local/lib/python3.12/site-packages/airflow/example_dags/tutorial.py
[2024-09-12T00:24:08.452+0000] {processor.py:840} INFO - DAG(s) 'tutorial' retrieved from /home/airflow/.local/lib/python3.12/site-packages/airflow/example_dags/tutorial.py
[2024-09-12T00:24:08.473+0000] {logging_mixin.py:188} INFO - [2024-09-12T00:24:08.473+0000] {dag.py:3089} INFO - Sync 1 DAGs
[2024-09-12T00:24:08.501+0000] {logging_mixin.py:188} INFO - [2024-09-12T00:24:08.501+0000] {dag.py:3947} INFO - Setting next_dagrun for tutorial to 2024-09-11 00:00:00+00:00, run_after=2024-09-12 00:00:00+00:00
[2024-09-12T00:24:08.523+0000] {processor.py:183} INFO - Processing /home/airflow/.local/lib/python3.12/site-packages/airflow/example_dags/tutorial.py took 0.086 seconds
[2024-09-12T00:24:38.682+0000] {processor.py:161} INFO - Started process (PID=577) to work on /home/airflow/.local/lib/python3.12/site-packages/airflow/example_dags/tutorial.py
[2024-09-12T00:24:38.683+0000] {processor.py:830} INFO - Processing file /home/airflow/.local/lib/python3.12/site-packages/airflow/example_dags/tutorial.py for tasks to queue
[2024-09-12T00:24:38.685+0000] {logging_mixin.py:188} INFO - [2024-09-12T00:24:38.684+0000] {dagbag.py:545} INFO - Filling up the DagBag from /home/airflow/.local/lib/python3.12/site-packages/airflow/example_dags/tutorial.py
[2024-09-12T00:24:38.690+0000] {processor.py:840} INFO - DAG(s) 'tutorial' retrieved from /home/airflow/.local/lib/python3.12/site-packages/airflow/example_dags/tutorial.py
[2024-09-12T00:24:38.708+0000] {logging_mixin.py:188} INFO - [2024-09-12T00:24:38.708+0000] {dag.py:3089} INFO - Sync 1 DAGs
[2024-09-12T00:24:38.729+0000] {logging_mixin.py:188} INFO - [2024-09-12T00:24:38.729+0000] {dag.py:3947} INFO - Setting next_dagrun for tutorial to 2024-09-11 00:00:00+00:00, run_after=2024-09-12 00:00:00+00:00
[2024-09-12T00:24:38.748+0000] {processor.py:183} INFO - Processing /home/airflow/.local/lib/python3.12/site-packages/airflow/example_dags/tutorial.py took 0.071 seconds
[2024-09-12T00:25:09.104+0000] {processor.py:161} INFO - Started process (PID=637) to work on /home/airflow/.local/lib/python3.12/site-packages/airflow/example_dags/tutorial.py
[2024-09-12T00:25:09.105+0000] {processor.py:830} INFO - Processing file /home/airflow/.local/lib/python3.12/site-packages/airflow/example_dags/tutorial.py for tasks to queue
[2024-09-12T00:25:09.107+0000] {logging_mixin.py:188} INFO - [2024-09-12T00:25:09.106+0000] {dagbag.py:545} INFO - Filling up the DagBag from /home/airflow/.local/lib/python3.12/site-packages/airflow/example_dags/tutorial.py
[2024-09-12T00:25:09.112+0000] {processor.py:840} INFO - DAG(s) 'tutorial' retrieved from /home/airflow/.local/lib/python3.12/site-packages/airflow/example_dags/tutorial.py
[2024-09-12T00:25:09.131+0000] {logging_mixin.py:188} INFO - [2024-09-12T00:25:09.130+0000] {dag.py:3089} INFO - Sync 1 DAGs
[2024-09-12T00:25:09.152+0000] {logging_mixin.py:188} INFO - [2024-09-12T00:25:09.152+0000] {dag.py:3947} INFO - Setting next_dagrun for tutorial to 2024-09-11 00:00:00+00:00, run_after=2024-09-12 00:00:00+00:00
[2024-09-12T00:25:09.171+0000] {processor.py:183} INFO - Processing /home/airflow/.local/lib/python3.12/site-packages/airflow/example_dags/tutorial.py took 0.073 seconds
[2024-09-12T00:25:39.396+0000] {processor.py:161} INFO - Started process (PID=697) to work on /home/airflow/.local/lib/python3.12/site-packages/airflow/example_dags/tutorial.py
[2024-09-12T00:25:39.397+0000] {processor.py:830} INFO - Processing file /home/airflow/.local/lib/python3.12/site-packages/airflow/example_dags/tutorial.py for tasks to queue
[2024-09-12T00:25:39.399+0000] {logging_mixin.py:188} INFO - [2024-09-12T00:25:39.399+0000] {dagbag.py:545} INFO - Filling up the DagBag from /home/airflow/.local/lib/python3.12/site-packages/airflow/example_dags/tutorial.py
[2024-09-12T00:25:39.405+0000] {processor.py:840} INFO - DAG(s) 'tutorial' retrieved from /home/airflow/.local/lib/python3.12/site-packages/airflow/example_dags/tutorial.py
[2024-09-12T00:25:39.423+0000] {logging_mixin.py:188} INFO - [2024-09-12T00:25:39.423+0000] {dag.py:3089} INFO - Sync 1 DAGs
[2024-09-12T00:25:39.445+0000] {logging_mixin.py:188} INFO - [2024-09-12T00:25:39.444+0000] {dag.py:3947} INFO - Setting next_dagrun for tutorial to 2024-09-11 00:00:00+00:00, run_after=2024-09-12 00:00:00+00:00
[2024-09-12T00:25:39.463+0000] {processor.py:183} INFO - Processing /home/airflow/.local/lib/python3.12/site-packages/airflow/example_dags/tutorial.py took 0.074 seconds
[2024-09-12T00:26:09.655+0000] {processor.py:161} INFO - Started process (PID=757) to work on /home/airflow/.local/lib/python3.12/site-packages/airflow/example_dags/tutorial.py
[2024-09-12T00:26:09.656+0000] {processor.py:830} INFO - Processing file /home/airflow/.local/lib/python3.12/site-packages/airflow/example_dags/tutorial.py for tasks to queue
[2024-09-12T00:26:09.658+0000] {logging_mixin.py:188} INFO - [2024-09-12T00:26:09.658+0000] {dagbag.py:545} INFO - Filling up the DagBag from /home/airflow/.local/lib/python3.12/site-packages/airflow/example_dags/tutorial.py
[2024-09-12T00:26:09.664+0000] {processor.py:840} INFO - DAG(s) 'tutorial' retrieved from /home/airflow/.local/lib/python3.12/site-packages/airflow/example_dags/tutorial.py
[2024-09-12T00:26:09.683+0000] {logging_mixin.py:188} INFO - [2024-09-12T00:26:09.683+0000] {dag.py:3089} INFO - Sync 1 DAGs
[2024-09-12T00:26:09.705+0000] {logging_mixin.py:188} INFO - [2024-09-12T00:26:09.704+0000] {dag.py:3947} INFO - Setting next_dagrun for tutorial to 2024-09-11 00:00:00+00:00, run_after=2024-09-12 00:00:00+00:00
[2024-09-12T00:26:09.723+0000] {processor.py:183} INFO - Processing /home/airflow/.local/lib/python3.12/site-packages/airflow/example_dags/tutorial.py took 0.073 seconds
[2024-09-12T00:26:40.181+0000] {processor.py:161} INFO - Started process (PID=817) to work on /home/airflow/.local/lib/python3.12/site-packages/airflow/example_dags/tutorial.py
[2024-09-12T00:26:40.182+0000] {processor.py:830} INFO - Processing file /home/airflow/.local/lib/python3.12/site-packages/airflow/example_dags/tutorial.py for tasks to queue
[2024-09-12T00:26:40.184+0000] {logging_mixin.py:188} INFO - [2024-09-12T00:26:40.184+0000] {dagbag.py:545} INFO - Filling up the DagBag from /home/airflow/.local/lib/python3.12/site-packages/airflow/example_dags/tutorial.py
[2024-09-12T00:26:40.190+0000] {processor.py:840} INFO - DAG(s) 'tutorial' retrieved from /home/airflow/.local/lib/python3.12/site-packages/airflow/example_dags/tutorial.py
[2024-09-12T00:26:40.209+0000] {logging_mixin.py:188} INFO - [2024-09-12T00:26:40.209+0000] {dag.py:3089} INFO - Sync 1 DAGs
[2024-09-12T00:26:40.232+0000] {logging_mixin.py:188} INFO - [2024-09-12T00:26:40.232+0000] {dag.py:3947} INFO - Setting next_dagrun for tutorial to 2024-09-11 00:00:00+00:00, run_after=2024-09-12 00:00:00+00:00
[2024-09-12T00:26:40.253+0000] {processor.py:183} INFO - Processing /home/airflow/.local/lib/python3.12/site-packages/airflow/example_dags/tutorial.py took 0.079 seconds
[2024-09-12T00:27:10.701+0000] {processor.py:161} INFO - Started process (PID=877) to work on /home/airflow/.local/lib/python3.12/site-packages/airflow/example_dags/tutorial.py
[2024-09-12T00:27:10.702+0000] {processor.py:830} INFO - Processing file /home/airflow/.local/lib/python3.12/site-packages/airflow/example_dags/tutorial.py for tasks to queue
[2024-09-12T00:27:10.703+0000] {logging_mixin.py:188} INFO - [2024-09-12T00:27:10.703+0000] {dagbag.py:545} INFO - Filling up the DagBag from /home/airflow/.local/lib/python3.12/site-packages/airflow/example_dags/tutorial.py
[2024-09-12T00:27:10.710+0000] {processor.py:840} INFO - DAG(s) 'tutorial' retrieved from /home/airflow/.local/lib/python3.12/site-packages/airflow/example_dags/tutorial.py
[2024-09-12T00:27:10.728+0000] {logging_mixin.py:188} INFO - [2024-09-12T00:27:10.728+0000] {dag.py:3089} INFO - Sync 1 DAGs
[2024-09-12T00:27:10.751+0000] {logging_mixin.py:188} INFO - [2024-09-12T00:27:10.751+0000] {dag.py:3947} INFO - Setting next_dagrun for tutorial to 2024-09-11 00:00:00+00:00, run_after=2024-09-12 00:00:00+00:00
[2024-09-12T00:27:10.771+0000] {processor.py:183} INFO - Processing /home/airflow/.local/lib/python3.12/site-packages/airflow/example_dags/tutorial.py took 0.076 seconds
[2024-09-12T00:27:40.895+0000] {processor.py:161} INFO - Started process (PID=937) to work on /home/airflow/.local/lib/python3.12/site-packages/airflow/example_dags/tutorial.py
[2024-09-12T00:27:40.896+0000] {processor.py:830} INFO - Processing file /home/airflow/.local/lib/python3.12/site-packages/airflow/example_dags/tutorial.py for tasks to queue
[2024-09-12T00:27:40.897+0000] {logging_mixin.py:188} INFO - [2024-09-12T00:27:40.897+0000] {dagbag.py:545} INFO - Filling up the DagBag from /home/airflow/.local/lib/python3.12/site-packages/airflow/example_dags/tutorial.py
[2024-09-12T00:27:40.903+0000] {processor.py:840} INFO - DAG(s) 'tutorial' retrieved from /home/airflow/.local/lib/python3.12/site-packages/airflow/example_dags/tutorial.py
[2024-09-12T00:27:40.921+0000] {logging_mixin.py:188} INFO - [2024-09-12T00:27:40.921+0000] {dag.py:3089} INFO - Sync 1 DAGs
[2024-09-12T00:27:40.942+0000] {logging_mixin.py:188} INFO - [2024-09-12T00:27:40.942+0000] {dag.py:3947} INFO - Setting next_dagrun for tutorial to 2024-09-11 00:00:00+00:00, run_after=2024-09-12 00:00:00+00:00
[2024-09-12T00:27:40.962+0000] {processor.py:183} INFO - Processing /home/airflow/.local/lib/python3.12/site-packages/airflow/example_dags/tutorial.py took 0.073 seconds
[2024-09-12T00:28:11.406+0000] {processor.py:161} INFO - Started process (PID=997) to work on /home/airflow/.local/lib/python3.12/site-packages/airflow/example_dags/tutorial.py
[2024-09-12T00:28:11.407+0000] {processor.py:830} INFO - Processing file /home/airflow/.local/lib/python3.12/site-packages/airflow/example_dags/tutorial.py for tasks to queue
[2024-09-12T00:28:11.408+0000] {logging_mixin.py:188} INFO - [2024-09-12T00:28:11.408+0000] {dagbag.py:545} INFO - Filling up the DagBag from /home/airflow/.local/lib/python3.12/site-packages/airflow/example_dags/tutorial.py
[2024-09-12T00:28:11.414+0000] {processor.py:840} INFO - DAG(s) 'tutorial' retrieved from /home/airflow/.local/lib/python3.12/site-packages/airflow/example_dags/tutorial.py
[2024-09-12T00:28:11.433+0000] {logging_mixin.py:188} INFO - [2024-09-12T00:28:11.433+0000] {dag.py:3089} INFO - Sync 1 DAGs
[2024-09-12T00:28:11.454+0000] {logging_mixin.py:188} INFO - [2024-09-12T00:28:11.454+0000] {dag.py:3947} INFO - Setting next_dagrun for tutorial to 2024-09-11 00:00:00+00:00, run_after=2024-09-12 00:00:00+00:00
[2024-09-12T00:28:11.472+0000] {processor.py:183} INFO - Processing /home/airflow/.local/lib/python3.12/site-packages/airflow/example_dags/tutorial.py took 0.072 seconds
[2024-09-12T00:28:41.553+0000] {processor.py:161} INFO - Started process (PID=1057) to work on /home/airflow/.local/lib/python3.12/site-packages/airflow/example_dags/tutorial.py
[2024-09-12T00:28:41.554+0000] {processor.py:830} INFO - Processing file /home/airflow/.local/lib/python3.12/site-packages/airflow/example_dags/tutorial.py for tasks to queue
[2024-09-12T00:28:41.557+0000] {logging_mixin.py:188} INFO - [2024-09-12T00:28:41.556+0000] {dagbag.py:545} INFO - Filling up the DagBag from /home/airflow/.local/lib/python3.12/site-packages/airflow/example_dags/tutorial.py
[2024-09-12T00:28:41.564+0000] {processor.py:840} INFO - DAG(s) 'tutorial' retrieved from /home/airflow/.local/lib/python3.12/site-packages/airflow/example_dags/tutorial.py
[2024-09-12T00:28:41.590+0000] {logging_mixin.py:188} INFO - [2024-09-12T00:28:41.590+0000] {dag.py:3089} INFO - Sync 1 DAGs
[2024-09-12T00:28:41.615+0000] {logging_mixin.py:188} INFO - [2024-09-12T00:28:41.615+0000] {dag.py:3947} INFO - Setting next_dagrun for tutorial to 2024-09-11 00:00:00+00:00, run_after=2024-09-12 00:00:00+00:00
[2024-09-12T00:28:41.638+0000] {processor.py:183} INFO - Processing /home/airflow/.local/lib/python3.12/site-packages/airflow/example_dags/tutorial.py took 0.090 seconds
[2024-09-12T00:29:11.957+0000] {processor.py:161} INFO - Started process (PID=1117) to work on /home/airflow/.local/lib/python3.12/site-packages/airflow/example_dags/tutorial.py
[2024-09-12T00:29:11.958+0000] {processor.py:830} INFO - Processing file /home/airflow/.local/lib/python3.12/site-packages/airflow/example_dags/tutorial.py for tasks to queue
[2024-09-12T00:29:11.959+0000] {logging_mixin.py:188} INFO - [2024-09-12T00:29:11.959+0000] {dagbag.py:545} INFO - Filling up the DagBag from /home/airflow/.local/lib/python3.12/site-packages/airflow/example_dags/tutorial.py
[2024-09-12T00:29:11.965+0000] {processor.py:840} INFO - DAG(s) 'tutorial' retrieved from /home/airflow/.local/lib/python3.12/site-packages/airflow/example_dags/tutorial.py
[2024-09-12T00:29:11.982+0000] {logging_mixin.py:188} INFO - [2024-09-12T00:29:11.982+0000] {dag.py:3089} INFO - Sync 1 DAGs
[2024-09-12T00:29:12.004+0000] {logging_mixin.py:188} INFO - [2024-09-12T00:29:12.004+0000] {dag.py:3947} INFO - Setting next_dagrun for tutorial to 2024-09-11 00:00:00+00:00, run_after=2024-09-12 00:00:00+00:00
[2024-09-12T00:29:12.021+0000] {processor.py:183} INFO - Processing /home/airflow/.local/lib/python3.12/site-packages/airflow/example_dags/tutorial.py took 0.070 seconds
[2024-09-12T00:29:42.496+0000] {processor.py:161} INFO - Started process (PID=1177) to work on /home/airflow/.local/lib/python3.12/site-packages/airflow/example_dags/tutorial.py
[2024-09-12T00:29:42.497+0000] {processor.py:830} INFO - Processing file /home/airflow/.local/lib/python3.12/site-packages/airflow/example_dags/tutorial.py for tasks to queue
[2024-09-12T00:29:42.499+0000] {logging_mixin.py:188} INFO - [2024-09-12T00:29:42.499+0000] {dagbag.py:545} INFO - Filling up the DagBag from /home/airflow/.local/lib/python3.12/site-packages/airflow/example_dags/tutorial.py
[2024-09-12T00:29:42.505+0000] {processor.py:840} INFO - DAG(s) 'tutorial' retrieved from /home/airflow/.local/lib/python3.12/site-packages/airflow/example_dags/tutorial.py
[2024-09-12T00:29:42.524+0000] {logging_mixin.py:188} INFO - [2024-09-12T00:29:42.524+0000] {dag.py:3089} INFO - Sync 1 DAGs
[2024-09-12T00:29:42.546+0000] {logging_mixin.py:188} INFO - [2024-09-12T00:29:42.546+0000] {dag.py:3947} INFO - Setting next_dagrun for tutorial to 2024-09-11 00:00:00+00:00, run_after=2024-09-12 00:00:00+00:00
[2024-09-12T00:29:42.565+0000] {processor.py:183} INFO - Processing /home/airflow/.local/lib/python3.12/site-packages/airflow/example_dags/tutorial.py took 0.074 seconds
[2024-09-12T00:30:12.901+0000] {processor.py:161} INFO - Started process (PID=1237) to work on /home/airflow/.local/lib/python3.12/site-packages/airflow/example_dags/tutorial.py
[2024-09-12T00:30:12.901+0000] {processor.py:830} INFO - Processing file /home/airflow/.local/lib/python3.12/site-packages/airflow/example_dags/tutorial.py for tasks to queue
[2024-09-12T00:30:12.903+0000] {logging_mixin.py:188} INFO - [2024-09-12T00:30:12.903+0000] {dagbag.py:545} INFO - Filling up the DagBag from /home/airflow/.local/lib/python3.12/site-packages/airflow/example_dags/tutorial.py
[2024-09-12T00:30:12.909+0000] {processor.py:840} INFO - DAG(s) 'tutorial' retrieved from /home/airflow/.local/lib/python3.12/site-packages/airflow/example_dags/tutorial.py
[2024-09-12T00:30:12.927+0000] {logging_mixin.py:188} INFO - [2024-09-12T00:30:12.926+0000] {dag.py:3089} INFO - Sync 1 DAGs
[2024-09-12T00:30:12.951+0000] {logging_mixin.py:188} INFO - [2024-09-12T00:30:12.951+0000] {dag.py:3947} INFO - Setting next_dagrun for tutorial to 2024-09-11 00:00:00+00:00, run_after=2024-09-12 00:00:00+00:00
[2024-09-12T00:30:12.971+0000] {processor.py:183} INFO - Processing /home/airflow/.local/lib/python3.12/site-packages/airflow/example_dags/tutorial.py took 0.076 seconds
[2024-09-12T00:30:43.373+0000] {processor.py:161} INFO - Started process (PID=1297) to work on /home/airflow/.local/lib/python3.12/site-packages/airflow/example_dags/tutorial.py
[2024-09-12T00:30:43.374+0000] {processor.py:830} INFO - Processing file /home/airflow/.local/lib/python3.12/site-packages/airflow/example_dags/tutorial.py for tasks to queue
[2024-09-12T00:30:43.376+0000] {logging_mixin.py:188} INFO - [2024-09-12T00:30:43.375+0000] {dagbag.py:545} INFO - Filling up the DagBag from /home/airflow/.local/lib/python3.12/site-packages/airflow/example_dags/tutorial.py
[2024-09-12T00:30:43.381+0000] {processor.py:840} INFO - DAG(s) 'tutorial' retrieved from /home/airflow/.local/lib/python3.12/site-packages/airflow/example_dags/tutorial.py
[2024-09-12T00:30:43.399+0000] {logging_mixin.py:188} INFO - [2024-09-12T00:30:43.399+0000] {dag.py:3089} INFO - Sync 1 DAGs
[2024-09-12T00:30:43.421+0000] {logging_mixin.py:188} INFO - [2024-09-12T00:30:43.420+0000] {dag.py:3947} INFO - Setting next_dagrun for tutorial to 2024-09-11 00:00:00+00:00, run_after=2024-09-12 00:00:00+00:00
[2024-09-12T00:30:43.439+0000] {processor.py:183} INFO - Processing /home/airflow/.local/lib/python3.12/site-packages/airflow/example_dags/tutorial.py took 0.071 seconds
[2024-09-12T00:31:13.674+0000] {processor.py:161} INFO - Started process (PID=1357) to work on /home/airflow/.local/lib/python3.12/site-packages/airflow/example_dags/tutorial.py
[2024-09-12T00:31:13.675+0000] {processor.py:830} INFO - Processing file /home/airflow/.local/lib/python3.12/site-packages/airflow/example_dags/tutorial.py for tasks to queue
[2024-09-12T00:31:13.676+0000] {logging_mixin.py:188} INFO - [2024-09-12T00:31:13.676+0000] {dagbag.py:545} INFO - Filling up the DagBag from /home/airflow/.local/lib/python3.12/site-packages/airflow/example_dags/tutorial.py
[2024-09-12T00:31:13.682+0000] {processor.py:840} INFO - DAG(s) 'tutorial' retrieved from /home/airflow/.local/lib/python3.12/site-packages/airflow/example_dags/tutorial.py
[2024-09-12T00:31:13.701+0000] {logging_mixin.py:188} INFO - [2024-09-12T00:31:13.701+0000] {dag.py:3089} INFO - Sync 1 DAGs
[2024-09-12T00:31:13.727+0000] {logging_mixin.py:188} INFO - [2024-09-12T00:31:13.727+0000] {dag.py:3947} INFO - Setting next_dagrun for tutorial to 2024-09-11 00:00:00+00:00, run_after=2024-09-12 00:00:00+00:00
[2024-09-12T00:31:13.747+0000] {processor.py:183} INFO - Processing /home/airflow/.local/lib/python3.12/site-packages/airflow/example_dags/tutorial.py took 0.078 seconds
[2024-09-12T00:31:44.159+0000] {processor.py:161} INFO - Started process (PID=1417) to work on /home/airflow/.local/lib/python3.12/site-packages/airflow/example_dags/tutorial.py
[2024-09-12T00:31:44.160+0000] {processor.py:830} INFO - Processing file /home/airflow/.local/lib/python3.12/site-packages/airflow/example_dags/tutorial.py for tasks to queue
[2024-09-12T00:31:44.162+0000] {logging_mixin.py:188} INFO - [2024-09-12T00:31:44.161+0000] {dagbag.py:545} INFO - Filling up the DagBag from /home/airflow/.local/lib/python3.12/site-packages/airflow/example_dags/tutorial.py
[2024-09-12T00:31:44.168+0000] {processor.py:840} INFO - DAG(s) 'tutorial' retrieved from /home/airflow/.local/lib/python3.12/site-packages/airflow/example_dags/tutorial.py
[2024-09-12T00:31:44.205+0000] {logging_mixin.py:188} INFO - [2024-09-12T00:31:44.205+0000] {dag.py:3089} INFO - Sync 1 DAGs
[2024-09-12T00:31:44.409+0000] {logging_mixin.py:188} INFO - [2024-09-12T00:31:44.409+0000] {dag.py:3947} INFO - Setting next_dagrun for tutorial to 2024-09-11 00:00:00+00:00, run_after=2024-09-12 00:00:00+00:00
[2024-09-12T00:31:44.434+0000] {processor.py:183} INFO - Processing /home/airflow/.local/lib/python3.12/site-packages/airflow/example_dags/tutorial.py took 0.281 seconds
[2024-09-12T00:32:15.348+0000] {processor.py:161} INFO - Started process (PID=1477) to work on /home/airflow/.local/lib/python3.12/site-packages/airflow/example_dags/tutorial.py
[2024-09-12T00:32:15.350+0000] {processor.py:830} INFO - Processing file /home/airflow/.local/lib/python3.12/site-packages/airflow/example_dags/tutorial.py for tasks to queue
[2024-09-12T00:32:15.351+0000] {logging_mixin.py:188} INFO - [2024-09-12T00:32:15.351+0000] {dagbag.py:545} INFO - Filling up the DagBag from /home/airflow/.local/lib/python3.12/site-packages/airflow/example_dags/tutorial.py
[2024-09-12T00:32:15.357+0000] {processor.py:840} INFO - DAG(s) 'tutorial' retrieved from /home/airflow/.local/lib/python3.12/site-packages/airflow/example_dags/tutorial.py
[2024-09-12T00:32:15.375+0000] {logging_mixin.py:188} INFO - [2024-09-12T00:32:15.375+0000] {dag.py:3089} INFO - Sync 1 DAGs
[2024-09-12T00:32:15.538+0000] {logging_mixin.py:188} INFO - [2024-09-12T00:32:15.538+0000] {dag.py:3947} INFO - Setting next_dagrun for tutorial to 2024-09-11 00:00:00+00:00, run_after=2024-09-12 00:00:00+00:00
[2024-09-12T00:32:15.560+0000] {processor.py:183} INFO - Processing /home/airflow/.local/lib/python3.12/site-packages/airflow/example_dags/tutorial.py took 0.218 seconds
[2024-09-12T00:32:46.216+0000] {processor.py:161} INFO - Started process (PID=1537) to work on /home/airflow/.local/lib/python3.12/site-packages/airflow/example_dags/tutorial.py
[2024-09-12T00:32:46.217+0000] {processor.py:830} INFO - Processing file /home/airflow/.local/lib/python3.12/site-packages/airflow/example_dags/tutorial.py for tasks to queue
[2024-09-12T00:32:46.219+0000] {logging_mixin.py:188} INFO - [2024-09-12T00:32:46.219+0000] {dagbag.py:545} INFO - Filling up the DagBag from /home/airflow/.local/lib/python3.12/site-packages/airflow/example_dags/tutorial.py
[2024-09-12T00:32:46.225+0000] {processor.py:840} INFO - DAG(s) 'tutorial' retrieved from /home/airflow/.local/lib/python3.12/site-packages/airflow/example_dags/tutorial.py
[2024-09-12T00:32:46.243+0000] {logging_mixin.py:188} INFO - [2024-09-12T00:32:46.243+0000] {dag.py:3089} INFO - Sync 1 DAGs
[2024-09-12T00:32:46.265+0000] {logging_mixin.py:188} INFO - [2024-09-12T00:32:46.265+0000] {dag.py:3947} INFO - Setting next_dagrun for tutorial to 2024-09-11 00:00:00+00:00, run_after=2024-09-12 00:00:00+00:00
[2024-09-12T00:32:46.285+0000] {processor.py:183} INFO - Processing /home/airflow/.local/lib/python3.12/site-packages/airflow/example_dags/tutorial.py took 0.074 seconds
[2024-09-12T00:33:16.534+0000] {processor.py:161} INFO - Started process (PID=1597) to work on /home/airflow/.local/lib/python3.12/site-packages/airflow/example_dags/tutorial.py
[2024-09-12T00:33:16.535+0000] {processor.py:830} INFO - Processing file /home/airflow/.local/lib/python3.12/site-packages/airflow/example_dags/tutorial.py for tasks to queue
[2024-09-12T00:33:16.537+0000] {logging_mixin.py:188} INFO - [2024-09-12T00:33:16.536+0000] {dagbag.py:545} INFO - Filling up the DagBag from /home/airflow/.local/lib/python3.12/site-packages/airflow/example_dags/tutorial.py
[2024-09-12T00:33:16.543+0000] {processor.py:840} INFO - DAG(s) 'tutorial' retrieved from /home/airflow/.local/lib/python3.12/site-packages/airflow/example_dags/tutorial.py
[2024-09-12T00:33:16.561+0000] {logging_mixin.py:188} INFO - [2024-09-12T00:33:16.561+0000] {dag.py:3089} INFO - Sync 1 DAGs
[2024-09-12T00:33:16.584+0000] {logging_mixin.py:188} INFO - [2024-09-12T00:33:16.584+0000] {dag.py:3947} INFO - Setting next_dagrun for tutorial to 2024-09-11 00:00:00+00:00, run_after=2024-09-12 00:00:00+00:00
[2024-09-12T00:33:16.604+0000] {processor.py:183} INFO - Processing /home/airflow/.local/lib/python3.12/site-packages/airflow/example_dags/tutorial.py took 0.076 seconds
[2024-09-12T00:33:47.215+0000] {processor.py:161} INFO - Started process (PID=1657) to work on /home/airflow/.local/lib/python3.12/site-packages/airflow/example_dags/tutorial.py
[2024-09-12T00:33:47.216+0000] {processor.py:830} INFO - Processing file /home/airflow/.local/lib/python3.12/site-packages/airflow/example_dags/tutorial.py for tasks to queue
[2024-09-12T00:33:47.219+0000] {logging_mixin.py:188} INFO - [2024-09-12T00:33:47.218+0000] {dagbag.py:545} INFO - Filling up the DagBag from /home/airflow/.local/lib/python3.12/site-packages/airflow/example_dags/tutorial.py
[2024-09-12T00:33:47.224+0000] {processor.py:840} INFO - DAG(s) 'tutorial' retrieved from /home/airflow/.local/lib/python3.12/site-packages/airflow/example_dags/tutorial.py
[2024-09-12T00:33:47.244+0000] {logging_mixin.py:188} INFO - [2024-09-12T00:33:47.244+0000] {dag.py:3089} INFO - Sync 1 DAGs
[2024-09-12T00:33:47.268+0000] {logging_mixin.py:188} INFO - [2024-09-12T00:33:47.268+0000] {dag.py:3947} INFO - Setting next_dagrun for tutorial to 2024-09-11 00:00:00+00:00, run_after=2024-09-12 00:00:00+00:00
[2024-09-12T00:33:47.287+0000] {processor.py:183} INFO - Processing /home/airflow/.local/lib/python3.12/site-packages/airflow/example_dags/tutorial.py took 0.077 seconds
[2024-09-12T00:34:17.357+0000] {processor.py:161} INFO - Started process (PID=1717) to work on /home/airflow/.local/lib/python3.12/site-packages/airflow/example_dags/tutorial.py
[2024-09-12T00:34:17.357+0000] {processor.py:830} INFO - Processing file /home/airflow/.local/lib/python3.12/site-packages/airflow/example_dags/tutorial.py for tasks to queue
[2024-09-12T00:34:17.360+0000] {logging_mixin.py:188} INFO - [2024-09-12T00:34:17.360+0000] {dagbag.py:545} INFO - Filling up the DagBag from /home/airflow/.local/lib/python3.12/site-packages/airflow/example_dags/tutorial.py
[2024-09-12T00:34:17.368+0000] {processor.py:840} INFO - DAG(s) 'tutorial' retrieved from /home/airflow/.local/lib/python3.12/site-packages/airflow/example_dags/tutorial.py
[2024-09-12T00:34:17.391+0000] {logging_mixin.py:188} INFO - [2024-09-12T00:34:17.391+0000] {dag.py:3089} INFO - Sync 1 DAGs
[2024-09-12T00:34:17.418+0000] {logging_mixin.py:188} INFO - [2024-09-12T00:34:17.417+0000] {dag.py:3947} INFO - Setting next_dagrun for tutorial to 2024-09-11 00:00:00+00:00, run_after=2024-09-12 00:00:00+00:00
[2024-09-12T00:34:17.439+0000] {processor.py:183} INFO - Processing /home/airflow/.local/lib/python3.12/site-packages/airflow/example_dags/tutorial.py took 0.088 seconds
[2024-09-12T00:34:47.659+0000] {processor.py:161} INFO - Started process (PID=1777) to work on /home/airflow/.local/lib/python3.12/site-packages/airflow/example_dags/tutorial.py
[2024-09-12T00:34:47.660+0000] {processor.py:830} INFO - Processing file /home/airflow/.local/lib/python3.12/site-packages/airflow/example_dags/tutorial.py for tasks to queue
[2024-09-12T00:34:47.662+0000] {logging_mixin.py:188} INFO - [2024-09-12T00:34:47.662+0000] {dagbag.py:545} INFO - Filling up the DagBag from /home/airflow/.local/lib/python3.12/site-packages/airflow/example_dags/tutorial.py
[2024-09-12T00:34:47.668+0000] {processor.py:840} INFO - DAG(s) 'tutorial' retrieved from /home/airflow/.local/lib/python3.12/site-packages/airflow/example_dags/tutorial.py
[2024-09-12T00:34:47.686+0000] {logging_mixin.py:188} INFO - [2024-09-12T00:34:47.686+0000] {dag.py:3089} INFO - Sync 1 DAGs
[2024-09-12T00:34:47.708+0000] {logging_mixin.py:188} INFO - [2024-09-12T00:34:47.707+0000] {dag.py:3947} INFO - Setting next_dagrun for tutorial to 2024-09-11 00:00:00+00:00, run_after=2024-09-12 00:00:00+00:00
[2024-09-12T00:34:47.730+0000] {processor.py:183} INFO - Processing /home/airflow/.local/lib/python3.12/site-packages/airflow/example_dags/tutorial.py took 0.077 seconds
[2024-09-12T00:35:17.851+0000] {processor.py:161} INFO - Started process (PID=1837) to work on /home/airflow/.local/lib/python3.12/site-packages/airflow/example_dags/tutorial.py
[2024-09-12T00:35:17.852+0000] {processor.py:830} INFO - Processing file /home/airflow/.local/lib/python3.12/site-packages/airflow/example_dags/tutorial.py for tasks to queue
[2024-09-12T00:35:17.854+0000] {logging_mixin.py:188} INFO - [2024-09-12T00:35:17.854+0000] {dagbag.py:545} INFO - Filling up the DagBag from /home/airflow/.local/lib/python3.12/site-packages/airflow/example_dags/tutorial.py
[2024-09-12T00:35:17.861+0000] {processor.py:840} INFO - DAG(s) 'tutorial' retrieved from /home/airflow/.local/lib/python3.12/site-packages/airflow/example_dags/tutorial.py
[2024-09-12T00:35:17.883+0000] {logging_mixin.py:188} INFO - [2024-09-12T00:35:17.883+0000] {dag.py:3089} INFO - Sync 1 DAGs
[2024-09-12T00:35:17.910+0000] {logging_mixin.py:188} INFO - [2024-09-12T00:35:17.909+0000] {dag.py:3947} INFO - Setting next_dagrun for tutorial to 2024-09-11 00:00:00+00:00, run_after=2024-09-12 00:00:00+00:00
[2024-09-12T00:35:17.929+0000] {processor.py:183} INFO - Processing /home/airflow/.local/lib/python3.12/site-packages/airflow/example_dags/tutorial.py took 0.085 seconds
[2024-09-12T00:35:48.333+0000] {processor.py:161} INFO - Started process (PID=1897) to work on /home/airflow/.local/lib/python3.12/site-packages/airflow/example_dags/tutorial.py
[2024-09-12T00:35:48.334+0000] {processor.py:830} INFO - Processing file /home/airflow/.local/lib/python3.12/site-packages/airflow/example_dags/tutorial.py for tasks to queue
[2024-09-12T00:35:48.336+0000] {logging_mixin.py:188} INFO - [2024-09-12T00:35:48.336+0000] {dagbag.py:545} INFO - Filling up the DagBag from /home/airflow/.local/lib/python3.12/site-packages/airflow/example_dags/tutorial.py
[2024-09-12T00:35:48.342+0000] {processor.py:840} INFO - DAG(s) 'tutorial' retrieved from /home/airflow/.local/lib/python3.12/site-packages/airflow/example_dags/tutorial.py
[2024-09-12T00:35:48.362+0000] {logging_mixin.py:188} INFO - [2024-09-12T00:35:48.362+0000] {dag.py:3089} INFO - Sync 1 DAGs
[2024-09-12T00:35:48.390+0000] {logging_mixin.py:188} INFO - [2024-09-12T00:35:48.390+0000] {dag.py:3947} INFO - Setting next_dagrun for tutorial to 2024-09-11 00:00:00+00:00, run_after=2024-09-12 00:00:00+00:00
[2024-09-12T00:35:48.414+0000] {processor.py:183} INFO - Processing /home/airflow/.local/lib/python3.12/site-packages/airflow/example_dags/tutorial.py took 0.089 seconds
[2024-09-12T00:36:18.741+0000] {processor.py:161} INFO - Started process (PID=1957) to work on /home/airflow/.local/lib/python3.12/site-packages/airflow/example_dags/tutorial.py
[2024-09-12T00:36:18.742+0000] {processor.py:830} INFO - Processing file /home/airflow/.local/lib/python3.12/site-packages/airflow/example_dags/tutorial.py for tasks to queue
[2024-09-12T00:36:18.744+0000] {logging_mixin.py:188} INFO - [2024-09-12T00:36:18.744+0000] {dagbag.py:545} INFO - Filling up the DagBag from /home/airflow/.local/lib/python3.12/site-packages/airflow/example_dags/tutorial.py
[2024-09-12T00:36:18.750+0000] {processor.py:840} INFO - DAG(s) 'tutorial' retrieved from /home/airflow/.local/lib/python3.12/site-packages/airflow/example_dags/tutorial.py
[2024-09-12T00:36:18.770+0000] {logging_mixin.py:188} INFO - [2024-09-12T00:36:18.770+0000] {dag.py:3089} INFO - Sync 1 DAGs
[2024-09-12T00:36:18.792+0000] {logging_mixin.py:188} INFO - [2024-09-12T00:36:18.792+0000] {dag.py:3947} INFO - Setting next_dagrun for tutorial to 2024-09-11 00:00:00+00:00, run_after=2024-09-12 00:00:00+00:00
[2024-09-12T00:36:18.815+0000] {processor.py:183} INFO - Processing /home/airflow/.local/lib/python3.12/site-packages/airflow/example_dags/tutorial.py took 0.079 seconds
[2024-09-12T00:36:48.920+0000] {processor.py:161} INFO - Started process (PID=2017) to work on /home/airflow/.local/lib/python3.12/site-packages/airflow/example_dags/tutorial.py
[2024-09-12T00:36:48.921+0000] {processor.py:830} INFO - Processing file /home/airflow/.local/lib/python3.12/site-packages/airflow/example_dags/tutorial.py for tasks to queue
[2024-09-12T00:36:48.923+0000] {logging_mixin.py:188} INFO - [2024-09-12T00:36:48.923+0000] {dagbag.py:545} INFO - Filling up the DagBag from /home/airflow/.local/lib/python3.12/site-packages/airflow/example_dags/tutorial.py
[2024-09-12T00:36:48.929+0000] {processor.py:840} INFO - DAG(s) 'tutorial' retrieved from /home/airflow/.local/lib/python3.12/site-packages/airflow/example_dags/tutorial.py
[2024-09-12T00:36:48.949+0000] {logging_mixin.py:188} INFO - [2024-09-12T00:36:48.948+0000] {dag.py:3089} INFO - Sync 1 DAGs
[2024-09-12T00:36:48.971+0000] {logging_mixin.py:188} INFO - [2024-09-12T00:36:48.971+0000] {dag.py:3947} INFO - Setting next_dagrun for tutorial to 2024-09-11 00:00:00+00:00, run_after=2024-09-12 00:00:00+00:00
[2024-09-12T00:36:48.992+0000] {processor.py:183} INFO - Processing /home/airflow/.local/lib/python3.12/site-packages/airflow/example_dags/tutorial.py took 0.077 seconds
[2024-09-12T00:37:19.927+0000] {processor.py:161} INFO - Started process (PID=2077) to work on /home/airflow/.local/lib/python3.12/site-packages/airflow/example_dags/tutorial.py
[2024-09-12T00:37:19.927+0000] {processor.py:830} INFO - Processing file /home/airflow/.local/lib/python3.12/site-packages/airflow/example_dags/tutorial.py for tasks to queue
[2024-09-12T00:37:19.929+0000] {logging_mixin.py:188} INFO - [2024-09-12T00:37:19.929+0000] {dagbag.py:545} INFO - Filling up the DagBag from /home/airflow/.local/lib/python3.12/site-packages/airflow/example_dags/tutorial.py
[2024-09-12T00:37:19.935+0000] {processor.py:840} INFO - DAG(s) 'tutorial' retrieved from /home/airflow/.local/lib/python3.12/site-packages/airflow/example_dags/tutorial.py
[2024-09-12T00:37:19.955+0000] {logging_mixin.py:188} INFO - [2024-09-12T00:37:19.955+0000] {dag.py:3089} INFO - Sync 1 DAGs
[2024-09-12T00:37:19.977+0000] {logging_mixin.py:188} INFO - [2024-09-12T00:37:19.977+0000] {dag.py:3947} INFO - Setting next_dagrun for tutorial to 2024-09-11 00:00:00+00:00, run_after=2024-09-12 00:00:00+00:00
[2024-09-12T00:37:19.996+0000] {processor.py:183} INFO - Processing /home/airflow/.local/lib/python3.12/site-packages/airflow/example_dags/tutorial.py took 0.076 seconds
[2024-09-12T00:37:50.079+0000] {processor.py:161} INFO - Started process (PID=2135) to work on /home/airflow/.local/lib/python3.12/site-packages/airflow/example_dags/tutorial.py
[2024-09-12T00:37:50.080+0000] {processor.py:830} INFO - Processing file /home/airflow/.local/lib/python3.12/site-packages/airflow/example_dags/tutorial.py for tasks to queue
[2024-09-12T00:37:50.084+0000] {logging_mixin.py:188} INFO - [2024-09-12T00:37:50.083+0000] {dagbag.py:545} INFO - Filling up the DagBag from /home/airflow/.local/lib/python3.12/site-packages/airflow/example_dags/tutorial.py
[2024-09-12T00:37:50.090+0000] {processor.py:840} INFO - DAG(s) 'tutorial' retrieved from /home/airflow/.local/lib/python3.12/site-packages/airflow/example_dags/tutorial.py
[2024-09-12T00:37:50.113+0000] {logging_mixin.py:188} INFO - [2024-09-12T00:37:50.113+0000] {dag.py:3089} INFO - Sync 1 DAGs
[2024-09-12T00:37:50.136+0000] {logging_mixin.py:188} INFO - [2024-09-12T00:37:50.135+0000] {dag.py:3947} INFO - Setting next_dagrun for tutorial to 2024-09-11 00:00:00+00:00, run_after=2024-09-12 00:00:00+00:00
[2024-09-12T00:37:50.154+0000] {processor.py:183} INFO - Processing /home/airflow/.local/lib/python3.12/site-packages/airflow/example_dags/tutorial.py took 0.084 seconds
