[2024-09-09T15:35:50.048+0000] {processor.py:161} INFO - Started process (PID=95) to work on /home/airflow/.local/lib/python3.12/site-packages/airflow/example_dags/example_branch_day_of_week_operator.py
[2024-09-09T15:35:50.049+0000] {processor.py:830} INFO - Processing file /home/airflow/.local/lib/python3.12/site-packages/airflow/example_dags/example_branch_day_of_week_operator.py for tasks to queue
[2024-09-09T15:35:50.051+0000] {logging_mixin.py:188} INFO - [2024-09-09T15:35:50.051+0000] {dagbag.py:545} INFO - Filling up the DagBag from /home/airflow/.local/lib/python3.12/site-packages/airflow/example_dags/example_branch_day_of_week_operator.py
[2024-09-09T15:35:50.062+0000] {processor.py:840} INFO - DAG(s) 'example_weekday_branch_operator' retrieved from /home/airflow/.local/lib/python3.12/site-packages/airflow/example_dags/example_branch_day_of_week_operator.py
[2024-09-09T15:35:50.214+0000] {logging_mixin.py:188} INFO - [2024-09-09T15:35:50.213+0000] {dag.py:3089} INFO - Sync 1 DAGs
[2024-09-09T15:35:50.242+0000] {logging_mixin.py:188} INFO - [2024-09-09T15:35:50.242+0000] {dag.py:3947} INFO - Setting next_dagrun for example_weekday_branch_operator to 2024-09-08 00:00:00+00:00, run_after=2024-09-09 00:00:00+00:00
[2024-09-09T15:35:50.264+0000] {processor.py:183} INFO - Processing /home/airflow/.local/lib/python3.12/site-packages/airflow/example_dags/example_branch_day_of_week_operator.py took 0.224 seconds
[2024-09-09T15:36:21.086+0000] {processor.py:161} INFO - Started process (PID=155) to work on /home/airflow/.local/lib/python3.12/site-packages/airflow/example_dags/example_branch_day_of_week_operator.py
[2024-09-09T15:36:21.087+0000] {processor.py:830} INFO - Processing file /home/airflow/.local/lib/python3.12/site-packages/airflow/example_dags/example_branch_day_of_week_operator.py for tasks to queue
[2024-09-09T15:36:21.089+0000] {logging_mixin.py:188} INFO - [2024-09-09T15:36:21.089+0000] {dagbag.py:545} INFO - Filling up the DagBag from /home/airflow/.local/lib/python3.12/site-packages/airflow/example_dags/example_branch_day_of_week_operator.py
[2024-09-09T15:36:21.097+0000] {processor.py:840} INFO - DAG(s) 'example_weekday_branch_operator' retrieved from /home/airflow/.local/lib/python3.12/site-packages/airflow/example_dags/example_branch_day_of_week_operator.py
[2024-09-09T15:36:21.117+0000] {logging_mixin.py:188} INFO - [2024-09-09T15:36:21.116+0000] {dag.py:3089} INFO - Sync 1 DAGs
[2024-09-09T15:36:21.139+0000] {logging_mixin.py:188} INFO - [2024-09-09T15:36:21.139+0000] {dag.py:3947} INFO - Setting next_dagrun for example_weekday_branch_operator to 2024-09-08 00:00:00+00:00, run_after=2024-09-09 00:00:00+00:00
[2024-09-09T15:36:21.159+0000] {processor.py:183} INFO - Processing /home/airflow/.local/lib/python3.12/site-packages/airflow/example_dags/example_branch_day_of_week_operator.py took 0.081 seconds
[2024-09-09T15:36:51.570+0000] {processor.py:161} INFO - Started process (PID=215) to work on /home/airflow/.local/lib/python3.12/site-packages/airflow/example_dags/example_branch_day_of_week_operator.py
[2024-09-09T15:36:51.571+0000] {processor.py:830} INFO - Processing file /home/airflow/.local/lib/python3.12/site-packages/airflow/example_dags/example_branch_day_of_week_operator.py for tasks to queue
[2024-09-09T15:36:51.573+0000] {logging_mixin.py:188} INFO - [2024-09-09T15:36:51.573+0000] {dagbag.py:545} INFO - Filling up the DagBag from /home/airflow/.local/lib/python3.12/site-packages/airflow/example_dags/example_branch_day_of_week_operator.py
[2024-09-09T15:36:51.581+0000] {processor.py:840} INFO - DAG(s) 'example_weekday_branch_operator' retrieved from /home/airflow/.local/lib/python3.12/site-packages/airflow/example_dags/example_branch_day_of_week_operator.py
[2024-09-09T15:36:51.601+0000] {logging_mixin.py:188} INFO - [2024-09-09T15:36:51.601+0000] {dag.py:3089} INFO - Sync 1 DAGs
[2024-09-09T15:36:51.624+0000] {logging_mixin.py:188} INFO - [2024-09-09T15:36:51.624+0000] {dag.py:3947} INFO - Setting next_dagrun for example_weekday_branch_operator to 2024-09-08 00:00:00+00:00, run_after=2024-09-09 00:00:00+00:00
[2024-09-09T15:36:51.646+0000] {processor.py:183} INFO - Processing /home/airflow/.local/lib/python3.12/site-packages/airflow/example_dags/example_branch_day_of_week_operator.py took 0.081 seconds
[2024-09-09T15:37:21.973+0000] {processor.py:161} INFO - Started process (PID=275) to work on /home/airflow/.local/lib/python3.12/site-packages/airflow/example_dags/example_branch_day_of_week_operator.py
[2024-09-09T15:37:21.974+0000] {processor.py:830} INFO - Processing file /home/airflow/.local/lib/python3.12/site-packages/airflow/example_dags/example_branch_day_of_week_operator.py for tasks to queue
[2024-09-09T15:37:21.976+0000] {logging_mixin.py:188} INFO - [2024-09-09T15:37:21.975+0000] {dagbag.py:545} INFO - Filling up the DagBag from /home/airflow/.local/lib/python3.12/site-packages/airflow/example_dags/example_branch_day_of_week_operator.py
[2024-09-09T15:37:21.985+0000] {processor.py:840} INFO - DAG(s) 'example_weekday_branch_operator' retrieved from /home/airflow/.local/lib/python3.12/site-packages/airflow/example_dags/example_branch_day_of_week_operator.py
[2024-09-09T15:37:22.004+0000] {logging_mixin.py:188} INFO - [2024-09-09T15:37:22.004+0000] {dag.py:3089} INFO - Sync 1 DAGs
[2024-09-09T15:37:22.028+0000] {logging_mixin.py:188} INFO - [2024-09-09T15:37:22.027+0000] {dag.py:3947} INFO - Setting next_dagrun for example_weekday_branch_operator to 2024-09-08 00:00:00+00:00, run_after=2024-09-09 00:00:00+00:00
[2024-09-09T15:37:22.047+0000] {processor.py:183} INFO - Processing /home/airflow/.local/lib/python3.12/site-packages/airflow/example_dags/example_branch_day_of_week_operator.py took 0.080 seconds
[2024-09-09T15:37:52.423+0000] {processor.py:161} INFO - Started process (PID=335) to work on /home/airflow/.local/lib/python3.12/site-packages/airflow/example_dags/example_branch_day_of_week_operator.py
[2024-09-09T15:37:52.424+0000] {processor.py:830} INFO - Processing file /home/airflow/.local/lib/python3.12/site-packages/airflow/example_dags/example_branch_day_of_week_operator.py for tasks to queue
[2024-09-09T15:37:52.426+0000] {logging_mixin.py:188} INFO - [2024-09-09T15:37:52.426+0000] {dagbag.py:545} INFO - Filling up the DagBag from /home/airflow/.local/lib/python3.12/site-packages/airflow/example_dags/example_branch_day_of_week_operator.py
[2024-09-09T15:37:52.435+0000] {processor.py:840} INFO - DAG(s) 'example_weekday_branch_operator' retrieved from /home/airflow/.local/lib/python3.12/site-packages/airflow/example_dags/example_branch_day_of_week_operator.py
[2024-09-09T15:37:52.456+0000] {logging_mixin.py:188} INFO - [2024-09-09T15:37:52.456+0000] {dag.py:3089} INFO - Sync 1 DAGs
[2024-09-09T15:37:52.481+0000] {logging_mixin.py:188} INFO - [2024-09-09T15:37:52.480+0000] {dag.py:3947} INFO - Setting next_dagrun for example_weekday_branch_operator to 2024-09-08 00:00:00+00:00, run_after=2024-09-09 00:00:00+00:00
[2024-09-09T15:37:52.503+0000] {processor.py:183} INFO - Processing /home/airflow/.local/lib/python3.12/site-packages/airflow/example_dags/example_branch_day_of_week_operator.py took 0.087 seconds
[2024-09-09T15:38:23.019+0000] {processor.py:161} INFO - Started process (PID=395) to work on /home/airflow/.local/lib/python3.12/site-packages/airflow/example_dags/example_branch_day_of_week_operator.py
[2024-09-09T15:38:23.020+0000] {processor.py:830} INFO - Processing file /home/airflow/.local/lib/python3.12/site-packages/airflow/example_dags/example_branch_day_of_week_operator.py for tasks to queue
[2024-09-09T15:38:23.022+0000] {logging_mixin.py:188} INFO - [2024-09-09T15:38:23.022+0000] {dagbag.py:545} INFO - Filling up the DagBag from /home/airflow/.local/lib/python3.12/site-packages/airflow/example_dags/example_branch_day_of_week_operator.py
[2024-09-09T15:38:23.030+0000] {processor.py:840} INFO - DAG(s) 'example_weekday_branch_operator' retrieved from /home/airflow/.local/lib/python3.12/site-packages/airflow/example_dags/example_branch_day_of_week_operator.py
[2024-09-09T15:38:23.051+0000] {logging_mixin.py:188} INFO - [2024-09-09T15:38:23.051+0000] {dag.py:3089} INFO - Sync 1 DAGs
[2024-09-09T15:38:23.074+0000] {logging_mixin.py:188} INFO - [2024-09-09T15:38:23.074+0000] {dag.py:3947} INFO - Setting next_dagrun for example_weekday_branch_operator to 2024-09-08 00:00:00+00:00, run_after=2024-09-09 00:00:00+00:00
[2024-09-09T15:38:23.099+0000] {processor.py:183} INFO - Processing /home/airflow/.local/lib/python3.12/site-packages/airflow/example_dags/example_branch_day_of_week_operator.py took 0.087 seconds
[2024-09-09T15:38:53.573+0000] {processor.py:161} INFO - Started process (PID=455) to work on /home/airflow/.local/lib/python3.12/site-packages/airflow/example_dags/example_branch_day_of_week_operator.py
[2024-09-09T15:38:53.574+0000] {processor.py:830} INFO - Processing file /home/airflow/.local/lib/python3.12/site-packages/airflow/example_dags/example_branch_day_of_week_operator.py for tasks to queue
[2024-09-09T15:38:53.577+0000] {logging_mixin.py:188} INFO - [2024-09-09T15:38:53.576+0000] {dagbag.py:545} INFO - Filling up the DagBag from /home/airflow/.local/lib/python3.12/site-packages/airflow/example_dags/example_branch_day_of_week_operator.py
[2024-09-09T15:38:53.586+0000] {processor.py:840} INFO - DAG(s) 'example_weekday_branch_operator' retrieved from /home/airflow/.local/lib/python3.12/site-packages/airflow/example_dags/example_branch_day_of_week_operator.py
[2024-09-09T15:38:53.607+0000] {logging_mixin.py:188} INFO - [2024-09-09T15:38:53.606+0000] {dag.py:3089} INFO - Sync 1 DAGs
[2024-09-09T15:38:53.631+0000] {logging_mixin.py:188} INFO - [2024-09-09T15:38:53.630+0000] {dag.py:3947} INFO - Setting next_dagrun for example_weekday_branch_operator to 2024-09-08 00:00:00+00:00, run_after=2024-09-09 00:00:00+00:00
[2024-09-09T15:38:53.651+0000] {processor.py:183} INFO - Processing /home/airflow/.local/lib/python3.12/site-packages/airflow/example_dags/example_branch_day_of_week_operator.py took 0.084 seconds
[2024-09-09T15:39:23.930+0000] {processor.py:161} INFO - Started process (PID=515) to work on /home/airflow/.local/lib/python3.12/site-packages/airflow/example_dags/example_branch_day_of_week_operator.py
[2024-09-09T15:39:23.931+0000] {processor.py:830} INFO - Processing file /home/airflow/.local/lib/python3.12/site-packages/airflow/example_dags/example_branch_day_of_week_operator.py for tasks to queue
[2024-09-09T15:39:23.933+0000] {logging_mixin.py:188} INFO - [2024-09-09T15:39:23.933+0000] {dagbag.py:545} INFO - Filling up the DagBag from /home/airflow/.local/lib/python3.12/site-packages/airflow/example_dags/example_branch_day_of_week_operator.py
[2024-09-09T15:39:23.941+0000] {processor.py:840} INFO - DAG(s) 'example_weekday_branch_operator' retrieved from /home/airflow/.local/lib/python3.12/site-packages/airflow/example_dags/example_branch_day_of_week_operator.py
[2024-09-09T15:39:23.961+0000] {logging_mixin.py:188} INFO - [2024-09-09T15:39:23.961+0000] {dag.py:3089} INFO - Sync 1 DAGs
[2024-09-09T15:39:23.989+0000] {logging_mixin.py:188} INFO - [2024-09-09T15:39:23.988+0000] {dag.py:3947} INFO - Setting next_dagrun for example_weekday_branch_operator to 2024-09-08 00:00:00+00:00, run_after=2024-09-09 00:00:00+00:00
[2024-09-09T15:39:24.010+0000] {processor.py:183} INFO - Processing /home/airflow/.local/lib/python3.12/site-packages/airflow/example_dags/example_branch_day_of_week_operator.py took 0.085 seconds
[2024-09-09T15:39:54.312+0000] {processor.py:161} INFO - Started process (PID=575) to work on /home/airflow/.local/lib/python3.12/site-packages/airflow/example_dags/example_branch_day_of_week_operator.py
[2024-09-09T15:39:54.313+0000] {processor.py:830} INFO - Processing file /home/airflow/.local/lib/python3.12/site-packages/airflow/example_dags/example_branch_day_of_week_operator.py for tasks to queue
[2024-09-09T15:39:54.314+0000] {logging_mixin.py:188} INFO - [2024-09-09T15:39:54.314+0000] {dagbag.py:545} INFO - Filling up the DagBag from /home/airflow/.local/lib/python3.12/site-packages/airflow/example_dags/example_branch_day_of_week_operator.py
[2024-09-09T15:39:54.322+0000] {processor.py:840} INFO - DAG(s) 'example_weekday_branch_operator' retrieved from /home/airflow/.local/lib/python3.12/site-packages/airflow/example_dags/example_branch_day_of_week_operator.py
[2024-09-09T15:39:54.344+0000] {logging_mixin.py:188} INFO - [2024-09-09T15:39:54.344+0000] {dag.py:3089} INFO - Sync 1 DAGs
[2024-09-09T15:39:54.367+0000] {logging_mixin.py:188} INFO - [2024-09-09T15:39:54.367+0000] {dag.py:3947} INFO - Setting next_dagrun for example_weekday_branch_operator to 2024-09-08 00:00:00+00:00, run_after=2024-09-09 00:00:00+00:00
[2024-09-09T15:39:54.387+0000] {processor.py:183} INFO - Processing /home/airflow/.local/lib/python3.12/site-packages/airflow/example_dags/example_branch_day_of_week_operator.py took 0.081 seconds
[2024-09-09T15:40:24.505+0000] {processor.py:161} INFO - Started process (PID=635) to work on /home/airflow/.local/lib/python3.12/site-packages/airflow/example_dags/example_branch_day_of_week_operator.py
[2024-09-09T15:40:24.506+0000] {processor.py:830} INFO - Processing file /home/airflow/.local/lib/python3.12/site-packages/airflow/example_dags/example_branch_day_of_week_operator.py for tasks to queue
[2024-09-09T15:40:24.508+0000] {logging_mixin.py:188} INFO - [2024-09-09T15:40:24.508+0000] {dagbag.py:545} INFO - Filling up the DagBag from /home/airflow/.local/lib/python3.12/site-packages/airflow/example_dags/example_branch_day_of_week_operator.py
[2024-09-09T15:40:24.516+0000] {processor.py:840} INFO - DAG(s) 'example_weekday_branch_operator' retrieved from /home/airflow/.local/lib/python3.12/site-packages/airflow/example_dags/example_branch_day_of_week_operator.py
[2024-09-09T15:40:24.536+0000] {logging_mixin.py:188} INFO - [2024-09-09T15:40:24.536+0000] {dag.py:3089} INFO - Sync 1 DAGs
[2024-09-09T15:40:24.559+0000] {logging_mixin.py:188} INFO - [2024-09-09T15:40:24.558+0000] {dag.py:3947} INFO - Setting next_dagrun for example_weekday_branch_operator to 2024-09-08 00:00:00+00:00, run_after=2024-09-09 00:00:00+00:00
[2024-09-09T15:40:24.579+0000] {processor.py:183} INFO - Processing /home/airflow/.local/lib/python3.12/site-packages/airflow/example_dags/example_branch_day_of_week_operator.py took 0.080 seconds
[2024-09-09T15:40:54.869+0000] {processor.py:161} INFO - Started process (PID=695) to work on /home/airflow/.local/lib/python3.12/site-packages/airflow/example_dags/example_branch_day_of_week_operator.py
[2024-09-09T15:40:54.870+0000] {processor.py:830} INFO - Processing file /home/airflow/.local/lib/python3.12/site-packages/airflow/example_dags/example_branch_day_of_week_operator.py for tasks to queue
[2024-09-09T15:40:54.872+0000] {logging_mixin.py:188} INFO - [2024-09-09T15:40:54.872+0000] {dagbag.py:545} INFO - Filling up the DagBag from /home/airflow/.local/lib/python3.12/site-packages/airflow/example_dags/example_branch_day_of_week_operator.py
[2024-09-09T15:40:54.879+0000] {processor.py:840} INFO - DAG(s) 'example_weekday_branch_operator' retrieved from /home/airflow/.local/lib/python3.12/site-packages/airflow/example_dags/example_branch_day_of_week_operator.py
[2024-09-09T15:40:54.900+0000] {logging_mixin.py:188} INFO - [2024-09-09T15:40:54.900+0000] {dag.py:3089} INFO - Sync 1 DAGs
[2024-09-09T15:40:54.924+0000] {logging_mixin.py:188} INFO - [2024-09-09T15:40:54.924+0000] {dag.py:3947} INFO - Setting next_dagrun for example_weekday_branch_operator to 2024-09-08 00:00:00+00:00, run_after=2024-09-09 00:00:00+00:00
[2024-09-09T15:40:54.942+0000] {processor.py:183} INFO - Processing /home/airflow/.local/lib/python3.12/site-packages/airflow/example_dags/example_branch_day_of_week_operator.py took 0.079 seconds
[2024-09-09T15:41:25.159+0000] {processor.py:161} INFO - Started process (PID=755) to work on /home/airflow/.local/lib/python3.12/site-packages/airflow/example_dags/example_branch_day_of_week_operator.py
[2024-09-09T15:41:25.160+0000] {processor.py:830} INFO - Processing file /home/airflow/.local/lib/python3.12/site-packages/airflow/example_dags/example_branch_day_of_week_operator.py for tasks to queue
[2024-09-09T15:41:25.162+0000] {logging_mixin.py:188} INFO - [2024-09-09T15:41:25.162+0000] {dagbag.py:545} INFO - Filling up the DagBag from /home/airflow/.local/lib/python3.12/site-packages/airflow/example_dags/example_branch_day_of_week_operator.py
[2024-09-09T15:41:25.170+0000] {processor.py:840} INFO - DAG(s) 'example_weekday_branch_operator' retrieved from /home/airflow/.local/lib/python3.12/site-packages/airflow/example_dags/example_branch_day_of_week_operator.py
[2024-09-09T15:41:25.191+0000] {logging_mixin.py:188} INFO - [2024-09-09T15:41:25.191+0000] {dag.py:3089} INFO - Sync 1 DAGs
[2024-09-09T15:41:25.215+0000] {logging_mixin.py:188} INFO - [2024-09-09T15:41:25.215+0000] {dag.py:3947} INFO - Setting next_dagrun for example_weekday_branch_operator to 2024-09-08 00:00:00+00:00, run_after=2024-09-09 00:00:00+00:00
[2024-09-09T15:41:25.235+0000] {processor.py:183} INFO - Processing /home/airflow/.local/lib/python3.12/site-packages/airflow/example_dags/example_branch_day_of_week_operator.py took 0.082 seconds
[2024-09-09T15:41:55.377+0000] {processor.py:161} INFO - Started process (PID=813) to work on /home/airflow/.local/lib/python3.12/site-packages/airflow/example_dags/example_branch_day_of_week_operator.py
[2024-09-09T15:41:55.378+0000] {processor.py:830} INFO - Processing file /home/airflow/.local/lib/python3.12/site-packages/airflow/example_dags/example_branch_day_of_week_operator.py for tasks to queue
[2024-09-09T15:41:55.380+0000] {logging_mixin.py:188} INFO - [2024-09-09T15:41:55.380+0000] {dagbag.py:545} INFO - Filling up the DagBag from /home/airflow/.local/lib/python3.12/site-packages/airflow/example_dags/example_branch_day_of_week_operator.py
[2024-09-09T15:41:55.388+0000] {processor.py:840} INFO - DAG(s) 'example_weekday_branch_operator' retrieved from /home/airflow/.local/lib/python3.12/site-packages/airflow/example_dags/example_branch_day_of_week_operator.py
[2024-09-09T15:41:55.408+0000] {logging_mixin.py:188} INFO - [2024-09-09T15:41:55.408+0000] {dag.py:3089} INFO - Sync 1 DAGs
[2024-09-09T15:41:55.431+0000] {logging_mixin.py:188} INFO - [2024-09-09T15:41:55.431+0000] {dag.py:3947} INFO - Setting next_dagrun for example_weekday_branch_operator to 2024-09-08 00:00:00+00:00, run_after=2024-09-09 00:00:00+00:00
[2024-09-09T15:41:55.449+0000] {processor.py:183} INFO - Processing /home/airflow/.local/lib/python3.12/site-packages/airflow/example_dags/example_branch_day_of_week_operator.py took 0.078 seconds
[2024-09-09T15:42:25.791+0000] {processor.py:161} INFO - Started process (PID=873) to work on /home/airflow/.local/lib/python3.12/site-packages/airflow/example_dags/example_branch_day_of_week_operator.py
[2024-09-09T15:42:25.792+0000] {processor.py:830} INFO - Processing file /home/airflow/.local/lib/python3.12/site-packages/airflow/example_dags/example_branch_day_of_week_operator.py for tasks to queue
[2024-09-09T15:42:25.794+0000] {logging_mixin.py:188} INFO - [2024-09-09T15:42:25.794+0000] {dagbag.py:545} INFO - Filling up the DagBag from /home/airflow/.local/lib/python3.12/site-packages/airflow/example_dags/example_branch_day_of_week_operator.py
[2024-09-09T15:42:25.802+0000] {processor.py:840} INFO - DAG(s) 'example_weekday_branch_operator' retrieved from /home/airflow/.local/lib/python3.12/site-packages/airflow/example_dags/example_branch_day_of_week_operator.py
[2024-09-09T15:42:25.822+0000] {logging_mixin.py:188} INFO - [2024-09-09T15:42:25.822+0000] {dag.py:3089} INFO - Sync 1 DAGs
[2024-09-09T15:42:25.844+0000] {logging_mixin.py:188} INFO - [2024-09-09T15:42:25.844+0000] {dag.py:3947} INFO - Setting next_dagrun for example_weekday_branch_operator to 2024-09-08 00:00:00+00:00, run_after=2024-09-09 00:00:00+00:00
[2024-09-09T15:42:25.865+0000] {processor.py:183} INFO - Processing /home/airflow/.local/lib/python3.12/site-packages/airflow/example_dags/example_branch_day_of_week_operator.py took 0.079 seconds
[2024-09-09T15:42:56.144+0000] {processor.py:161} INFO - Started process (PID=933) to work on /home/airflow/.local/lib/python3.12/site-packages/airflow/example_dags/example_branch_day_of_week_operator.py
[2024-09-09T15:42:56.145+0000] {processor.py:830} INFO - Processing file /home/airflow/.local/lib/python3.12/site-packages/airflow/example_dags/example_branch_day_of_week_operator.py for tasks to queue
[2024-09-09T15:42:56.147+0000] {logging_mixin.py:188} INFO - [2024-09-09T15:42:56.146+0000] {dagbag.py:545} INFO - Filling up the DagBag from /home/airflow/.local/lib/python3.12/site-packages/airflow/example_dags/example_branch_day_of_week_operator.py
[2024-09-09T15:42:56.154+0000] {processor.py:840} INFO - DAG(s) 'example_weekday_branch_operator' retrieved from /home/airflow/.local/lib/python3.12/site-packages/airflow/example_dags/example_branch_day_of_week_operator.py
[2024-09-09T15:42:56.175+0000] {logging_mixin.py:188} INFO - [2024-09-09T15:42:56.175+0000] {dag.py:3089} INFO - Sync 1 DAGs
[2024-09-09T15:42:56.199+0000] {logging_mixin.py:188} INFO - [2024-09-09T15:42:56.199+0000] {dag.py:3947} INFO - Setting next_dagrun for example_weekday_branch_operator to 2024-09-08 00:00:00+00:00, run_after=2024-09-09 00:00:00+00:00
[2024-09-09T15:42:56.221+0000] {processor.py:183} INFO - Processing /home/airflow/.local/lib/python3.12/site-packages/airflow/example_dags/example_branch_day_of_week_operator.py took 0.083 seconds
[2024-09-09T15:43:26.502+0000] {processor.py:161} INFO - Started process (PID=993) to work on /home/airflow/.local/lib/python3.12/site-packages/airflow/example_dags/example_branch_day_of_week_operator.py
[2024-09-09T15:43:26.503+0000] {processor.py:830} INFO - Processing file /home/airflow/.local/lib/python3.12/site-packages/airflow/example_dags/example_branch_day_of_week_operator.py for tasks to queue
[2024-09-09T15:43:26.505+0000] {logging_mixin.py:188} INFO - [2024-09-09T15:43:26.505+0000] {dagbag.py:545} INFO - Filling up the DagBag from /home/airflow/.local/lib/python3.12/site-packages/airflow/example_dags/example_branch_day_of_week_operator.py
[2024-09-09T15:43:26.515+0000] {processor.py:840} INFO - DAG(s) 'example_weekday_branch_operator' retrieved from /home/airflow/.local/lib/python3.12/site-packages/airflow/example_dags/example_branch_day_of_week_operator.py
[2024-09-09T15:43:26.537+0000] {logging_mixin.py:188} INFO - [2024-09-09T15:43:26.537+0000] {dag.py:3089} INFO - Sync 1 DAGs
[2024-09-09T15:43:26.562+0000] {logging_mixin.py:188} INFO - [2024-09-09T15:43:26.562+0000] {dag.py:3947} INFO - Setting next_dagrun for example_weekday_branch_operator to 2024-09-08 00:00:00+00:00, run_after=2024-09-09 00:00:00+00:00
[2024-09-09T15:43:26.583+0000] {processor.py:183} INFO - Processing /home/airflow/.local/lib/python3.12/site-packages/airflow/example_dags/example_branch_day_of_week_operator.py took 0.087 seconds
[2024-09-09T15:43:57.168+0000] {processor.py:161} INFO - Started process (PID=1053) to work on /home/airflow/.local/lib/python3.12/site-packages/airflow/example_dags/example_branch_day_of_week_operator.py
[2024-09-09T15:43:57.169+0000] {processor.py:830} INFO - Processing file /home/airflow/.local/lib/python3.12/site-packages/airflow/example_dags/example_branch_day_of_week_operator.py for tasks to queue
[2024-09-09T15:43:57.172+0000] {logging_mixin.py:188} INFO - [2024-09-09T15:43:57.171+0000] {dagbag.py:545} INFO - Filling up the DagBag from /home/airflow/.local/lib/python3.12/site-packages/airflow/example_dags/example_branch_day_of_week_operator.py
[2024-09-09T15:43:57.181+0000] {processor.py:840} INFO - DAG(s) 'example_weekday_branch_operator' retrieved from /home/airflow/.local/lib/python3.12/site-packages/airflow/example_dags/example_branch_day_of_week_operator.py
[2024-09-09T15:43:57.201+0000] {logging_mixin.py:188} INFO - [2024-09-09T15:43:57.201+0000] {dag.py:3089} INFO - Sync 1 DAGs
[2024-09-09T15:43:57.225+0000] {logging_mixin.py:188} INFO - [2024-09-09T15:43:57.225+0000] {dag.py:3947} INFO - Setting next_dagrun for example_weekday_branch_operator to 2024-09-08 00:00:00+00:00, run_after=2024-09-09 00:00:00+00:00
[2024-09-09T15:43:57.245+0000] {processor.py:183} INFO - Processing /home/airflow/.local/lib/python3.12/site-packages/airflow/example_dags/example_branch_day_of_week_operator.py took 0.084 seconds
[2024-09-09T15:44:27.958+0000] {processor.py:161} INFO - Started process (PID=1113) to work on /home/airflow/.local/lib/python3.12/site-packages/airflow/example_dags/example_branch_day_of_week_operator.py
[2024-09-09T15:44:27.959+0000] {processor.py:830} INFO - Processing file /home/airflow/.local/lib/python3.12/site-packages/airflow/example_dags/example_branch_day_of_week_operator.py for tasks to queue
[2024-09-09T15:44:27.961+0000] {logging_mixin.py:188} INFO - [2024-09-09T15:44:27.961+0000] {dagbag.py:545} INFO - Filling up the DagBag from /home/airflow/.local/lib/python3.12/site-packages/airflow/example_dags/example_branch_day_of_week_operator.py
[2024-09-09T15:44:27.969+0000] {processor.py:840} INFO - DAG(s) 'example_weekday_branch_operator' retrieved from /home/airflow/.local/lib/python3.12/site-packages/airflow/example_dags/example_branch_day_of_week_operator.py
[2024-09-09T15:44:27.989+0000] {logging_mixin.py:188} INFO - [2024-09-09T15:44:27.989+0000] {dag.py:3089} INFO - Sync 1 DAGs
[2024-09-09T15:44:28.012+0000] {logging_mixin.py:188} INFO - [2024-09-09T15:44:28.012+0000] {dag.py:3947} INFO - Setting next_dagrun for example_weekday_branch_operator to 2024-09-08 00:00:00+00:00, run_after=2024-09-09 00:00:00+00:00
[2024-09-09T15:44:28.031+0000] {processor.py:183} INFO - Processing /home/airflow/.local/lib/python3.12/site-packages/airflow/example_dags/example_branch_day_of_week_operator.py took 0.079 seconds
[2024-09-09T15:44:58.720+0000] {processor.py:161} INFO - Started process (PID=1173) to work on /home/airflow/.local/lib/python3.12/site-packages/airflow/example_dags/example_branch_day_of_week_operator.py
[2024-09-09T15:44:58.721+0000] {processor.py:830} INFO - Processing file /home/airflow/.local/lib/python3.12/site-packages/airflow/example_dags/example_branch_day_of_week_operator.py for tasks to queue
[2024-09-09T15:44:58.724+0000] {logging_mixin.py:188} INFO - [2024-09-09T15:44:58.723+0000] {dagbag.py:545} INFO - Filling up the DagBag from /home/airflow/.local/lib/python3.12/site-packages/airflow/example_dags/example_branch_day_of_week_operator.py
[2024-09-09T15:44:58.734+0000] {processor.py:840} INFO - DAG(s) 'example_weekday_branch_operator' retrieved from /home/airflow/.local/lib/python3.12/site-packages/airflow/example_dags/example_branch_day_of_week_operator.py
[2024-09-09T15:44:58.759+0000] {logging_mixin.py:188} INFO - [2024-09-09T15:44:58.758+0000] {dag.py:3089} INFO - Sync 1 DAGs
[2024-09-09T15:44:58.790+0000] {logging_mixin.py:188} INFO - [2024-09-09T15:44:58.790+0000] {dag.py:3947} INFO - Setting next_dagrun for example_weekday_branch_operator to 2024-09-08 00:00:00+00:00, run_after=2024-09-09 00:00:00+00:00
[2024-09-09T15:44:58.822+0000] {processor.py:183} INFO - Processing /home/airflow/.local/lib/python3.12/site-packages/airflow/example_dags/example_branch_day_of_week_operator.py took 0.109 seconds
[2024-09-09T15:45:29.579+0000] {processor.py:161} INFO - Started process (PID=1233) to work on /home/airflow/.local/lib/python3.12/site-packages/airflow/example_dags/example_branch_day_of_week_operator.py
[2024-09-09T15:45:29.580+0000] {processor.py:830} INFO - Processing file /home/airflow/.local/lib/python3.12/site-packages/airflow/example_dags/example_branch_day_of_week_operator.py for tasks to queue
[2024-09-09T15:45:29.582+0000] {logging_mixin.py:188} INFO - [2024-09-09T15:45:29.581+0000] {dagbag.py:545} INFO - Filling up the DagBag from /home/airflow/.local/lib/python3.12/site-packages/airflow/example_dags/example_branch_day_of_week_operator.py
[2024-09-09T15:45:29.590+0000] {processor.py:840} INFO - DAG(s) 'example_weekday_branch_operator' retrieved from /home/airflow/.local/lib/python3.12/site-packages/airflow/example_dags/example_branch_day_of_week_operator.py
[2024-09-09T15:45:29.612+0000] {logging_mixin.py:188} INFO - [2024-09-09T15:45:29.612+0000] {dag.py:3089} INFO - Sync 1 DAGs
[2024-09-09T15:45:29.642+0000] {logging_mixin.py:188} INFO - [2024-09-09T15:45:29.642+0000] {dag.py:3947} INFO - Setting next_dagrun for example_weekday_branch_operator to 2024-09-08 00:00:00+00:00, run_after=2024-09-09 00:00:00+00:00
[2024-09-09T15:45:29.664+0000] {processor.py:183} INFO - Processing /home/airflow/.local/lib/python3.12/site-packages/airflow/example_dags/example_branch_day_of_week_operator.py took 0.092 seconds
[2024-09-09T15:45:59.959+0000] {processor.py:161} INFO - Started process (PID=1293) to work on /home/airflow/.local/lib/python3.12/site-packages/airflow/example_dags/example_branch_day_of_week_operator.py
[2024-09-09T15:45:59.960+0000] {processor.py:830} INFO - Processing file /home/airflow/.local/lib/python3.12/site-packages/airflow/example_dags/example_branch_day_of_week_operator.py for tasks to queue
[2024-09-09T15:45:59.962+0000] {logging_mixin.py:188} INFO - [2024-09-09T15:45:59.962+0000] {dagbag.py:545} INFO - Filling up the DagBag from /home/airflow/.local/lib/python3.12/site-packages/airflow/example_dags/example_branch_day_of_week_operator.py
[2024-09-09T15:45:59.970+0000] {processor.py:840} INFO - DAG(s) 'example_weekday_branch_operator' retrieved from /home/airflow/.local/lib/python3.12/site-packages/airflow/example_dags/example_branch_day_of_week_operator.py
[2024-09-09T15:45:59.991+0000] {logging_mixin.py:188} INFO - [2024-09-09T15:45:59.991+0000] {dag.py:3089} INFO - Sync 1 DAGs
[2024-09-09T15:46:00.015+0000] {logging_mixin.py:188} INFO - [2024-09-09T15:46:00.015+0000] {dag.py:3947} INFO - Setting next_dagrun for example_weekday_branch_operator to 2024-09-08 00:00:00+00:00, run_after=2024-09-09 00:00:00+00:00
[2024-09-09T15:46:00.036+0000] {processor.py:183} INFO - Processing /home/airflow/.local/lib/python3.12/site-packages/airflow/example_dags/example_branch_day_of_week_operator.py took 0.083 seconds
[2024-09-09T15:46:30.581+0000] {processor.py:161} INFO - Started process (PID=1353) to work on /home/airflow/.local/lib/python3.12/site-packages/airflow/example_dags/example_branch_day_of_week_operator.py
[2024-09-09T15:46:30.582+0000] {processor.py:830} INFO - Processing file /home/airflow/.local/lib/python3.12/site-packages/airflow/example_dags/example_branch_day_of_week_operator.py for tasks to queue
[2024-09-09T15:46:30.583+0000] {logging_mixin.py:188} INFO - [2024-09-09T15:46:30.583+0000] {dagbag.py:545} INFO - Filling up the DagBag from /home/airflow/.local/lib/python3.12/site-packages/airflow/example_dags/example_branch_day_of_week_operator.py
[2024-09-09T15:46:30.592+0000] {processor.py:840} INFO - DAG(s) 'example_weekday_branch_operator' retrieved from /home/airflow/.local/lib/python3.12/site-packages/airflow/example_dags/example_branch_day_of_week_operator.py
[2024-09-09T15:46:30.613+0000] {logging_mixin.py:188} INFO - [2024-09-09T15:46:30.613+0000] {dag.py:3089} INFO - Sync 1 DAGs
[2024-09-09T15:46:30.639+0000] {logging_mixin.py:188} INFO - [2024-09-09T15:46:30.638+0000] {dag.py:3947} INFO - Setting next_dagrun for example_weekday_branch_operator to 2024-09-08 00:00:00+00:00, run_after=2024-09-09 00:00:00+00:00
[2024-09-09T15:46:30.779+0000] {processor.py:183} INFO - Processing /home/airflow/.local/lib/python3.12/site-packages/airflow/example_dags/example_branch_day_of_week_operator.py took 0.204 seconds
[2024-09-09T15:47:00.858+0000] {processor.py:161} INFO - Started process (PID=1414) to work on /home/airflow/.local/lib/python3.12/site-packages/airflow/example_dags/example_branch_day_of_week_operator.py
[2024-09-09T15:47:00.859+0000] {processor.py:830} INFO - Processing file /home/airflow/.local/lib/python3.12/site-packages/airflow/example_dags/example_branch_day_of_week_operator.py for tasks to queue
[2024-09-09T15:47:00.861+0000] {logging_mixin.py:188} INFO - [2024-09-09T15:47:00.861+0000] {dagbag.py:545} INFO - Filling up the DagBag from /home/airflow/.local/lib/python3.12/site-packages/airflow/example_dags/example_branch_day_of_week_operator.py
[2024-09-09T15:47:00.869+0000] {processor.py:840} INFO - DAG(s) 'example_weekday_branch_operator' retrieved from /home/airflow/.local/lib/python3.12/site-packages/airflow/example_dags/example_branch_day_of_week_operator.py
[2024-09-09T15:47:00.889+0000] {logging_mixin.py:188} INFO - [2024-09-09T15:47:00.888+0000] {dag.py:3089} INFO - Sync 1 DAGs
[2024-09-09T15:47:00.915+0000] {logging_mixin.py:188} INFO - [2024-09-09T15:47:00.914+0000] {dag.py:3947} INFO - Setting next_dagrun for example_weekday_branch_operator to 2024-09-08 00:00:00+00:00, run_after=2024-09-09 00:00:00+00:00
[2024-09-09T15:47:00.936+0000] {processor.py:183} INFO - Processing /home/airflow/.local/lib/python3.12/site-packages/airflow/example_dags/example_branch_day_of_week_operator.py took 0.084 seconds
[2024-09-09T15:47:31.559+0000] {processor.py:161} INFO - Started process (PID=1474) to work on /home/airflow/.local/lib/python3.12/site-packages/airflow/example_dags/example_branch_day_of_week_operator.py
[2024-09-09T15:47:31.559+0000] {processor.py:830} INFO - Processing file /home/airflow/.local/lib/python3.12/site-packages/airflow/example_dags/example_branch_day_of_week_operator.py for tasks to queue
[2024-09-09T15:47:31.562+0000] {logging_mixin.py:188} INFO - [2024-09-09T15:47:31.561+0000] {dagbag.py:545} INFO - Filling up the DagBag from /home/airflow/.local/lib/python3.12/site-packages/airflow/example_dags/example_branch_day_of_week_operator.py
[2024-09-09T15:47:31.570+0000] {processor.py:840} INFO - DAG(s) 'example_weekday_branch_operator' retrieved from /home/airflow/.local/lib/python3.12/site-packages/airflow/example_dags/example_branch_day_of_week_operator.py
[2024-09-09T15:47:31.590+0000] {logging_mixin.py:188} INFO - [2024-09-09T15:47:31.590+0000] {dag.py:3089} INFO - Sync 1 DAGs
[2024-09-09T15:47:31.615+0000] {logging_mixin.py:188} INFO - [2024-09-09T15:47:31.615+0000] {dag.py:3947} INFO - Setting next_dagrun for example_weekday_branch_operator to 2024-09-08 00:00:00+00:00, run_after=2024-09-09 00:00:00+00:00
[2024-09-09T15:47:31.635+0000] {processor.py:183} INFO - Processing /home/airflow/.local/lib/python3.12/site-packages/airflow/example_dags/example_branch_day_of_week_operator.py took 0.082 seconds
[2024-09-09T15:48:02.253+0000] {processor.py:161} INFO - Started process (PID=1533) to work on /home/airflow/.local/lib/python3.12/site-packages/airflow/example_dags/example_branch_day_of_week_operator.py
[2024-09-09T15:48:02.254+0000] {processor.py:830} INFO - Processing file /home/airflow/.local/lib/python3.12/site-packages/airflow/example_dags/example_branch_day_of_week_operator.py for tasks to queue
[2024-09-09T15:48:02.256+0000] {logging_mixin.py:188} INFO - [2024-09-09T15:48:02.255+0000] {dagbag.py:545} INFO - Filling up the DagBag from /home/airflow/.local/lib/python3.12/site-packages/airflow/example_dags/example_branch_day_of_week_operator.py
[2024-09-09T15:48:02.264+0000] {processor.py:840} INFO - DAG(s) 'example_weekday_branch_operator' retrieved from /home/airflow/.local/lib/python3.12/site-packages/airflow/example_dags/example_branch_day_of_week_operator.py
[2024-09-09T15:48:02.284+0000] {logging_mixin.py:188} INFO - [2024-09-09T15:48:02.284+0000] {dag.py:3089} INFO - Sync 1 DAGs
[2024-09-09T15:48:02.307+0000] {logging_mixin.py:188} INFO - [2024-09-09T15:48:02.307+0000] {dag.py:3947} INFO - Setting next_dagrun for example_weekday_branch_operator to 2024-09-08 00:00:00+00:00, run_after=2024-09-09 00:00:00+00:00
[2024-09-09T15:48:02.327+0000] {processor.py:183} INFO - Processing /home/airflow/.local/lib/python3.12/site-packages/airflow/example_dags/example_branch_day_of_week_operator.py took 0.079 seconds
