[2024-09-09T15:35:45.597+0000] {processor.py:161} INFO - Started process (PID=65) to work on /home/airflow/.local/lib/python3.12/site-packages/airflow/example_dags/example_branch_operator.py
[2024-09-09T15:35:45.598+0000] {processor.py:830} INFO - Processing file /home/airflow/.local/lib/python3.12/site-packages/airflow/example_dags/example_branch_operator.py for tasks to queue
[2024-09-09T15:35:45.601+0000] {logging_mixin.py:188} INFO - [2024-09-09T15:35:45.601+0000] {dagbag.py:545} INFO - Filling up the DagBag from /home/airflow/.local/lib/python3.12/site-packages/airflow/example_dags/example_branch_operator.py
[2024-09-09T15:35:45.650+0000] {processor.py:840} INFO - DAG(s) 'example_branch_operator' retrieved from /home/airflow/.local/lib/python3.12/site-packages/airflow/example_dags/example_branch_operator.py
[2024-09-09T15:35:45.671+0000] {logging_mixin.py:188} INFO - [2024-09-09T15:35:45.670+0000] {dag.py:3089} INFO - Sync 1 DAGs
[2024-09-09T15:35:45.722+0000] {logging_mixin.py:188} INFO - [2024-09-09T15:35:45.722+0000] {dag.py:3947} INFO - Setting next_dagrun for example_branch_operator to 2024-09-08 00:00:00+00:00, run_after=2024-09-09 00:00:00+00:00
[2024-09-09T15:35:45.748+0000] {processor.py:183} INFO - Processing /home/airflow/.local/lib/python3.12/site-packages/airflow/example_dags/example_branch_operator.py took 0.162 seconds
[2024-09-09T15:36:16.002+0000] {processor.py:161} INFO - Started process (PID=123) to work on /home/airflow/.local/lib/python3.12/site-packages/airflow/example_dags/example_branch_operator.py
[2024-09-09T15:36:16.003+0000] {processor.py:830} INFO - Processing file /home/airflow/.local/lib/python3.12/site-packages/airflow/example_dags/example_branch_operator.py for tasks to queue
[2024-09-09T15:36:16.006+0000] {logging_mixin.py:188} INFO - [2024-09-09T15:36:16.005+0000] {dagbag.py:545} INFO - Filling up the DagBag from /home/airflow/.local/lib/python3.12/site-packages/airflow/example_dags/example_branch_operator.py
[2024-09-09T15:36:16.024+0000] {processor.py:840} INFO - DAG(s) 'example_branch_operator' retrieved from /home/airflow/.local/lib/python3.12/site-packages/airflow/example_dags/example_branch_operator.py
[2024-09-09T15:36:16.138+0000] {logging_mixin.py:188} INFO - [2024-09-09T15:36:16.138+0000] {dag.py:3089} INFO - Sync 1 DAGs
[2024-09-09T15:36:16.160+0000] {logging_mixin.py:188} INFO - [2024-09-09T15:36:16.160+0000] {dag.py:3947} INFO - Setting next_dagrun for example_branch_operator to 2024-09-08 00:00:00+00:00, run_after=2024-09-09 00:00:00+00:00
[2024-09-09T15:36:16.187+0000] {processor.py:183} INFO - Processing /home/airflow/.local/lib/python3.12/site-packages/airflow/example_dags/example_branch_operator.py took 0.191 seconds
[2024-09-09T15:36:46.577+0000] {processor.py:161} INFO - Started process (PID=183) to work on /home/airflow/.local/lib/python3.12/site-packages/airflow/example_dags/example_branch_operator.py
[2024-09-09T15:36:46.578+0000] {processor.py:830} INFO - Processing file /home/airflow/.local/lib/python3.12/site-packages/airflow/example_dags/example_branch_operator.py for tasks to queue
[2024-09-09T15:36:46.580+0000] {logging_mixin.py:188} INFO - [2024-09-09T15:36:46.580+0000] {dagbag.py:545} INFO - Filling up the DagBag from /home/airflow/.local/lib/python3.12/site-packages/airflow/example_dags/example_branch_operator.py
[2024-09-09T15:36:46.599+0000] {processor.py:840} INFO - DAG(s) 'example_branch_operator' retrieved from /home/airflow/.local/lib/python3.12/site-packages/airflow/example_dags/example_branch_operator.py
[2024-09-09T15:36:46.634+0000] {logging_mixin.py:188} INFO - [2024-09-09T15:36:46.634+0000] {dag.py:3089} INFO - Sync 1 DAGs
[2024-09-09T15:36:46.664+0000] {logging_mixin.py:188} INFO - [2024-09-09T15:36:46.664+0000] {dag.py:3947} INFO - Setting next_dagrun for example_branch_operator to 2024-09-08 00:00:00+00:00, run_after=2024-09-09 00:00:00+00:00
[2024-09-09T15:36:46.695+0000] {processor.py:183} INFO - Processing /home/airflow/.local/lib/python3.12/site-packages/airflow/example_dags/example_branch_operator.py took 0.126 seconds
[2024-09-09T15:37:16.819+0000] {processor.py:161} INFO - Started process (PID=243) to work on /home/airflow/.local/lib/python3.12/site-packages/airflow/example_dags/example_branch_operator.py
[2024-09-09T15:37:16.820+0000] {processor.py:830} INFO - Processing file /home/airflow/.local/lib/python3.12/site-packages/airflow/example_dags/example_branch_operator.py for tasks to queue
[2024-09-09T15:37:16.822+0000] {logging_mixin.py:188} INFO - [2024-09-09T15:37:16.821+0000] {dagbag.py:545} INFO - Filling up the DagBag from /home/airflow/.local/lib/python3.12/site-packages/airflow/example_dags/example_branch_operator.py
[2024-09-09T15:37:16.839+0000] {processor.py:840} INFO - DAG(s) 'example_branch_operator' retrieved from /home/airflow/.local/lib/python3.12/site-packages/airflow/example_dags/example_branch_operator.py
[2024-09-09T15:37:16.875+0000] {logging_mixin.py:188} INFO - [2024-09-09T15:37:16.875+0000] {dag.py:3089} INFO - Sync 1 DAGs
[2024-09-09T15:37:16.898+0000] {logging_mixin.py:188} INFO - [2024-09-09T15:37:16.898+0000] {dag.py:3947} INFO - Setting next_dagrun for example_branch_operator to 2024-09-08 00:00:00+00:00, run_after=2024-09-09 00:00:00+00:00
[2024-09-09T15:37:16.918+0000] {processor.py:183} INFO - Processing /home/airflow/.local/lib/python3.12/site-packages/airflow/example_dags/example_branch_operator.py took 0.105 seconds
[2024-09-09T15:37:47.255+0000] {processor.py:161} INFO - Started process (PID=303) to work on /home/airflow/.local/lib/python3.12/site-packages/airflow/example_dags/example_branch_operator.py
[2024-09-09T15:37:47.256+0000] {processor.py:830} INFO - Processing file /home/airflow/.local/lib/python3.12/site-packages/airflow/example_dags/example_branch_operator.py for tasks to queue
[2024-09-09T15:37:47.258+0000] {logging_mixin.py:188} INFO - [2024-09-09T15:37:47.258+0000] {dagbag.py:545} INFO - Filling up the DagBag from /home/airflow/.local/lib/python3.12/site-packages/airflow/example_dags/example_branch_operator.py
[2024-09-09T15:37:47.286+0000] {processor.py:840} INFO - DAG(s) 'example_branch_operator' retrieved from /home/airflow/.local/lib/python3.12/site-packages/airflow/example_dags/example_branch_operator.py
[2024-09-09T15:37:47.318+0000] {logging_mixin.py:188} INFO - [2024-09-09T15:37:47.318+0000] {dag.py:3089} INFO - Sync 1 DAGs
[2024-09-09T15:37:47.344+0000] {logging_mixin.py:188} INFO - [2024-09-09T15:37:47.344+0000] {dag.py:3947} INFO - Setting next_dagrun for example_branch_operator to 2024-09-08 00:00:00+00:00, run_after=2024-09-09 00:00:00+00:00
[2024-09-09T15:37:47.364+0000] {processor.py:183} INFO - Processing /home/airflow/.local/lib/python3.12/site-packages/airflow/example_dags/example_branch_operator.py took 0.117 seconds
[2024-09-09T15:38:17.736+0000] {processor.py:161} INFO - Started process (PID=363) to work on /home/airflow/.local/lib/python3.12/site-packages/airflow/example_dags/example_branch_operator.py
[2024-09-09T15:38:17.737+0000] {processor.py:830} INFO - Processing file /home/airflow/.local/lib/python3.12/site-packages/airflow/example_dags/example_branch_operator.py for tasks to queue
[2024-09-09T15:38:17.739+0000] {logging_mixin.py:188} INFO - [2024-09-09T15:38:17.739+0000] {dagbag.py:545} INFO - Filling up the DagBag from /home/airflow/.local/lib/python3.12/site-packages/airflow/example_dags/example_branch_operator.py
[2024-09-09T15:38:17.757+0000] {processor.py:840} INFO - DAG(s) 'example_branch_operator' retrieved from /home/airflow/.local/lib/python3.12/site-packages/airflow/example_dags/example_branch_operator.py
[2024-09-09T15:38:17.789+0000] {logging_mixin.py:188} INFO - [2024-09-09T15:38:17.789+0000] {dag.py:3089} INFO - Sync 1 DAGs
[2024-09-09T15:38:17.823+0000] {logging_mixin.py:188} INFO - [2024-09-09T15:38:17.822+0000] {dag.py:3947} INFO - Setting next_dagrun for example_branch_operator to 2024-09-08 00:00:00+00:00, run_after=2024-09-09 00:00:00+00:00
[2024-09-09T15:38:17.849+0000] {processor.py:183} INFO - Processing /home/airflow/.local/lib/python3.12/site-packages/airflow/example_dags/example_branch_operator.py took 0.118 seconds
[2024-09-09T15:38:48.324+0000] {processor.py:161} INFO - Started process (PID=423) to work on /home/airflow/.local/lib/python3.12/site-packages/airflow/example_dags/example_branch_operator.py
[2024-09-09T15:38:48.325+0000] {processor.py:830} INFO - Processing file /home/airflow/.local/lib/python3.12/site-packages/airflow/example_dags/example_branch_operator.py for tasks to queue
[2024-09-09T15:38:48.328+0000] {logging_mixin.py:188} INFO - [2024-09-09T15:38:48.328+0000] {dagbag.py:545} INFO - Filling up the DagBag from /home/airflow/.local/lib/python3.12/site-packages/airflow/example_dags/example_branch_operator.py
[2024-09-09T15:38:48.347+0000] {processor.py:840} INFO - DAG(s) 'example_branch_operator' retrieved from /home/airflow/.local/lib/python3.12/site-packages/airflow/example_dags/example_branch_operator.py
[2024-09-09T15:38:48.377+0000] {logging_mixin.py:188} INFO - [2024-09-09T15:38:48.376+0000] {dag.py:3089} INFO - Sync 1 DAGs
[2024-09-09T15:38:48.401+0000] {logging_mixin.py:188} INFO - [2024-09-09T15:38:48.401+0000] {dag.py:3947} INFO - Setting next_dagrun for example_branch_operator to 2024-09-08 00:00:00+00:00, run_after=2024-09-09 00:00:00+00:00
[2024-09-09T15:38:48.420+0000] {processor.py:183} INFO - Processing /home/airflow/.local/lib/python3.12/site-packages/airflow/example_dags/example_branch_operator.py took 0.102 seconds
[2024-09-09T15:39:19.016+0000] {processor.py:161} INFO - Started process (PID=483) to work on /home/airflow/.local/lib/python3.12/site-packages/airflow/example_dags/example_branch_operator.py
[2024-09-09T15:39:19.017+0000] {processor.py:830} INFO - Processing file /home/airflow/.local/lib/python3.12/site-packages/airflow/example_dags/example_branch_operator.py for tasks to queue
[2024-09-09T15:39:19.019+0000] {logging_mixin.py:188} INFO - [2024-09-09T15:39:19.018+0000] {dagbag.py:545} INFO - Filling up the DagBag from /home/airflow/.local/lib/python3.12/site-packages/airflow/example_dags/example_branch_operator.py
[2024-09-09T15:39:19.036+0000] {processor.py:840} INFO - DAG(s) 'example_branch_operator' retrieved from /home/airflow/.local/lib/python3.12/site-packages/airflow/example_dags/example_branch_operator.py
[2024-09-09T15:39:19.065+0000] {logging_mixin.py:188} INFO - [2024-09-09T15:39:19.065+0000] {dag.py:3089} INFO - Sync 1 DAGs
[2024-09-09T15:39:19.089+0000] {logging_mixin.py:188} INFO - [2024-09-09T15:39:19.089+0000] {dag.py:3947} INFO - Setting next_dagrun for example_branch_operator to 2024-09-08 00:00:00+00:00, run_after=2024-09-09 00:00:00+00:00
[2024-09-09T15:39:19.108+0000] {processor.py:183} INFO - Processing /home/airflow/.local/lib/python3.12/site-packages/airflow/example_dags/example_branch_operator.py took 0.098 seconds
[2024-09-09T15:39:49.259+0000] {processor.py:161} INFO - Started process (PID=543) to work on /home/airflow/.local/lib/python3.12/site-packages/airflow/example_dags/example_branch_operator.py
[2024-09-09T15:39:49.260+0000] {processor.py:830} INFO - Processing file /home/airflow/.local/lib/python3.12/site-packages/airflow/example_dags/example_branch_operator.py for tasks to queue
[2024-09-09T15:39:49.262+0000] {logging_mixin.py:188} INFO - [2024-09-09T15:39:49.262+0000] {dagbag.py:545} INFO - Filling up the DagBag from /home/airflow/.local/lib/python3.12/site-packages/airflow/example_dags/example_branch_operator.py
[2024-09-09T15:39:49.279+0000] {processor.py:840} INFO - DAG(s) 'example_branch_operator' retrieved from /home/airflow/.local/lib/python3.12/site-packages/airflow/example_dags/example_branch_operator.py
[2024-09-09T15:39:49.309+0000] {logging_mixin.py:188} INFO - [2024-09-09T15:39:49.308+0000] {dag.py:3089} INFO - Sync 1 DAGs
[2024-09-09T15:39:49.332+0000] {logging_mixin.py:188} INFO - [2024-09-09T15:39:49.332+0000] {dag.py:3947} INFO - Setting next_dagrun for example_branch_operator to 2024-09-08 00:00:00+00:00, run_after=2024-09-09 00:00:00+00:00
[2024-09-09T15:39:49.351+0000] {processor.py:183} INFO - Processing /home/airflow/.local/lib/python3.12/site-packages/airflow/example_dags/example_branch_operator.py took 0.098 seconds
[2024-09-09T15:40:19.669+0000] {processor.py:161} INFO - Started process (PID=603) to work on /home/airflow/.local/lib/python3.12/site-packages/airflow/example_dags/example_branch_operator.py
[2024-09-09T15:40:19.670+0000] {processor.py:830} INFO - Processing file /home/airflow/.local/lib/python3.12/site-packages/airflow/example_dags/example_branch_operator.py for tasks to queue
[2024-09-09T15:40:19.672+0000] {logging_mixin.py:188} INFO - [2024-09-09T15:40:19.672+0000] {dagbag.py:545} INFO - Filling up the DagBag from /home/airflow/.local/lib/python3.12/site-packages/airflow/example_dags/example_branch_operator.py
[2024-09-09T15:40:19.689+0000] {processor.py:840} INFO - DAG(s) 'example_branch_operator' retrieved from /home/airflow/.local/lib/python3.12/site-packages/airflow/example_dags/example_branch_operator.py
[2024-09-09T15:40:19.718+0000] {logging_mixin.py:188} INFO - [2024-09-09T15:40:19.718+0000] {dag.py:3089} INFO - Sync 1 DAGs
[2024-09-09T15:40:19.742+0000] {logging_mixin.py:188} INFO - [2024-09-09T15:40:19.742+0000] {dag.py:3947} INFO - Setting next_dagrun for example_branch_operator to 2024-09-08 00:00:00+00:00, run_after=2024-09-09 00:00:00+00:00
[2024-09-09T15:40:19.763+0000] {processor.py:183} INFO - Processing /home/airflow/.local/lib/python3.12/site-packages/airflow/example_dags/example_branch_operator.py took 0.100 seconds
[2024-09-09T15:40:49.983+0000] {processor.py:161} INFO - Started process (PID=663) to work on /home/airflow/.local/lib/python3.12/site-packages/airflow/example_dags/example_branch_operator.py
[2024-09-09T15:40:49.984+0000] {processor.py:830} INFO - Processing file /home/airflow/.local/lib/python3.12/site-packages/airflow/example_dags/example_branch_operator.py for tasks to queue
[2024-09-09T15:40:49.986+0000] {logging_mixin.py:188} INFO - [2024-09-09T15:40:49.986+0000] {dagbag.py:545} INFO - Filling up the DagBag from /home/airflow/.local/lib/python3.12/site-packages/airflow/example_dags/example_branch_operator.py
[2024-09-09T15:40:50.004+0000] {processor.py:840} INFO - DAG(s) 'example_branch_operator' retrieved from /home/airflow/.local/lib/python3.12/site-packages/airflow/example_dags/example_branch_operator.py
[2024-09-09T15:40:50.034+0000] {logging_mixin.py:188} INFO - [2024-09-09T15:40:50.034+0000] {dag.py:3089} INFO - Sync 1 DAGs
[2024-09-09T15:40:50.066+0000] {logging_mixin.py:188} INFO - [2024-09-09T15:40:50.065+0000] {dag.py:3947} INFO - Setting next_dagrun for example_branch_operator to 2024-09-08 00:00:00+00:00, run_after=2024-09-09 00:00:00+00:00
[2024-09-09T15:40:50.087+0000] {processor.py:183} INFO - Processing /home/airflow/.local/lib/python3.12/site-packages/airflow/example_dags/example_branch_operator.py took 0.111 seconds
[2024-09-09T15:41:20.278+0000] {processor.py:161} INFO - Started process (PID=723) to work on /home/airflow/.local/lib/python3.12/site-packages/airflow/example_dags/example_branch_operator.py
[2024-09-09T15:41:20.279+0000] {processor.py:830} INFO - Processing file /home/airflow/.local/lib/python3.12/site-packages/airflow/example_dags/example_branch_operator.py for tasks to queue
[2024-09-09T15:41:20.281+0000] {logging_mixin.py:188} INFO - [2024-09-09T15:41:20.281+0000] {dagbag.py:545} INFO - Filling up the DagBag from /home/airflow/.local/lib/python3.12/site-packages/airflow/example_dags/example_branch_operator.py
[2024-09-09T15:41:20.301+0000] {processor.py:840} INFO - DAG(s) 'example_branch_operator' retrieved from /home/airflow/.local/lib/python3.12/site-packages/airflow/example_dags/example_branch_operator.py
[2024-09-09T15:41:20.332+0000] {logging_mixin.py:188} INFO - [2024-09-09T15:41:20.332+0000] {dag.py:3089} INFO - Sync 1 DAGs
[2024-09-09T15:41:20.357+0000] {logging_mixin.py:188} INFO - [2024-09-09T15:41:20.356+0000] {dag.py:3947} INFO - Setting next_dagrun for example_branch_operator to 2024-09-08 00:00:00+00:00, run_after=2024-09-09 00:00:00+00:00
[2024-09-09T15:41:20.376+0000] {processor.py:183} INFO - Processing /home/airflow/.local/lib/python3.12/site-packages/airflow/example_dags/example_branch_operator.py took 0.104 seconds
[2024-09-09T15:41:50.696+0000] {processor.py:161} INFO - Started process (PID=783) to work on /home/airflow/.local/lib/python3.12/site-packages/airflow/example_dags/example_branch_operator.py
[2024-09-09T15:41:50.697+0000] {processor.py:830} INFO - Processing file /home/airflow/.local/lib/python3.12/site-packages/airflow/example_dags/example_branch_operator.py for tasks to queue
[2024-09-09T15:41:50.699+0000] {logging_mixin.py:188} INFO - [2024-09-09T15:41:50.698+0000] {dagbag.py:545} INFO - Filling up the DagBag from /home/airflow/.local/lib/python3.12/site-packages/airflow/example_dags/example_branch_operator.py
[2024-09-09T15:41:50.716+0000] {processor.py:840} INFO - DAG(s) 'example_branch_operator' retrieved from /home/airflow/.local/lib/python3.12/site-packages/airflow/example_dags/example_branch_operator.py
[2024-09-09T15:41:50.745+0000] {logging_mixin.py:188} INFO - [2024-09-09T15:41:50.745+0000] {dag.py:3089} INFO - Sync 1 DAGs
[2024-09-09T15:41:50.771+0000] {logging_mixin.py:188} INFO - [2024-09-09T15:41:50.771+0000] {dag.py:3947} INFO - Setting next_dagrun for example_branch_operator to 2024-09-08 00:00:00+00:00, run_after=2024-09-09 00:00:00+00:00
[2024-09-09T15:41:50.793+0000] {processor.py:183} INFO - Processing /home/airflow/.local/lib/python3.12/site-packages/airflow/example_dags/example_branch_operator.py took 0.103 seconds
[2024-09-09T15:42:21.088+0000] {processor.py:161} INFO - Started process (PID=843) to work on /home/airflow/.local/lib/python3.12/site-packages/airflow/example_dags/example_branch_operator.py
[2024-09-09T15:42:21.089+0000] {processor.py:830} INFO - Processing file /home/airflow/.local/lib/python3.12/site-packages/airflow/example_dags/example_branch_operator.py for tasks to queue
[2024-09-09T15:42:21.091+0000] {logging_mixin.py:188} INFO - [2024-09-09T15:42:21.091+0000] {dagbag.py:545} INFO - Filling up the DagBag from /home/airflow/.local/lib/python3.12/site-packages/airflow/example_dags/example_branch_operator.py
[2024-09-09T15:42:21.110+0000] {processor.py:840} INFO - DAG(s) 'example_branch_operator' retrieved from /home/airflow/.local/lib/python3.12/site-packages/airflow/example_dags/example_branch_operator.py
[2024-09-09T15:42:21.139+0000] {logging_mixin.py:188} INFO - [2024-09-09T15:42:21.139+0000] {dag.py:3089} INFO - Sync 1 DAGs
[2024-09-09T15:42:21.164+0000] {logging_mixin.py:188} INFO - [2024-09-09T15:42:21.164+0000] {dag.py:3947} INFO - Setting next_dagrun for example_branch_operator to 2024-09-08 00:00:00+00:00, run_after=2024-09-09 00:00:00+00:00
[2024-09-09T15:42:21.184+0000] {processor.py:183} INFO - Processing /home/airflow/.local/lib/python3.12/site-packages/airflow/example_dags/example_branch_operator.py took 0.104 seconds
[2024-09-09T15:42:51.445+0000] {processor.py:161} INFO - Started process (PID=903) to work on /home/airflow/.local/lib/python3.12/site-packages/airflow/example_dags/example_branch_operator.py
[2024-09-09T15:42:51.446+0000] {processor.py:830} INFO - Processing file /home/airflow/.local/lib/python3.12/site-packages/airflow/example_dags/example_branch_operator.py for tasks to queue
[2024-09-09T15:42:51.448+0000] {logging_mixin.py:188} INFO - [2024-09-09T15:42:51.448+0000] {dagbag.py:545} INFO - Filling up the DagBag from /home/airflow/.local/lib/python3.12/site-packages/airflow/example_dags/example_branch_operator.py
[2024-09-09T15:42:51.467+0000] {processor.py:840} INFO - DAG(s) 'example_branch_operator' retrieved from /home/airflow/.local/lib/python3.12/site-packages/airflow/example_dags/example_branch_operator.py
[2024-09-09T15:42:51.496+0000] {logging_mixin.py:188} INFO - [2024-09-09T15:42:51.496+0000] {dag.py:3089} INFO - Sync 1 DAGs
[2024-09-09T15:42:51.522+0000] {logging_mixin.py:188} INFO - [2024-09-09T15:42:51.522+0000] {dag.py:3947} INFO - Setting next_dagrun for example_branch_operator to 2024-09-08 00:00:00+00:00, run_after=2024-09-09 00:00:00+00:00
[2024-09-09T15:42:51.542+0000] {processor.py:183} INFO - Processing /home/airflow/.local/lib/python3.12/site-packages/airflow/example_dags/example_branch_operator.py took 0.103 seconds
[2024-09-09T15:43:21.787+0000] {processor.py:161} INFO - Started process (PID=963) to work on /home/airflow/.local/lib/python3.12/site-packages/airflow/example_dags/example_branch_operator.py
[2024-09-09T15:43:21.788+0000] {processor.py:830} INFO - Processing file /home/airflow/.local/lib/python3.12/site-packages/airflow/example_dags/example_branch_operator.py for tasks to queue
[2024-09-09T15:43:21.790+0000] {logging_mixin.py:188} INFO - [2024-09-09T15:43:21.790+0000] {dagbag.py:545} INFO - Filling up the DagBag from /home/airflow/.local/lib/python3.12/site-packages/airflow/example_dags/example_branch_operator.py
[2024-09-09T15:43:21.807+0000] {processor.py:840} INFO - DAG(s) 'example_branch_operator' retrieved from /home/airflow/.local/lib/python3.12/site-packages/airflow/example_dags/example_branch_operator.py
[2024-09-09T15:43:21.837+0000] {logging_mixin.py:188} INFO - [2024-09-09T15:43:21.836+0000] {dag.py:3089} INFO - Sync 1 DAGs
[2024-09-09T15:43:21.860+0000] {logging_mixin.py:188} INFO - [2024-09-09T15:43:21.860+0000] {dag.py:3947} INFO - Setting next_dagrun for example_branch_operator to 2024-09-08 00:00:00+00:00, run_after=2024-09-09 00:00:00+00:00
[2024-09-09T15:43:21.881+0000] {processor.py:183} INFO - Processing /home/airflow/.local/lib/python3.12/site-packages/airflow/example_dags/example_branch_operator.py took 0.099 seconds
[2024-09-09T15:43:52.424+0000] {processor.py:161} INFO - Started process (PID=1023) to work on /home/airflow/.local/lib/python3.12/site-packages/airflow/example_dags/example_branch_operator.py
[2024-09-09T15:43:52.424+0000] {processor.py:830} INFO - Processing file /home/airflow/.local/lib/python3.12/site-packages/airflow/example_dags/example_branch_operator.py for tasks to queue
[2024-09-09T15:43:52.426+0000] {logging_mixin.py:188} INFO - [2024-09-09T15:43:52.426+0000] {dagbag.py:545} INFO - Filling up the DagBag from /home/airflow/.local/lib/python3.12/site-packages/airflow/example_dags/example_branch_operator.py
[2024-09-09T15:43:52.443+0000] {processor.py:840} INFO - DAG(s) 'example_branch_operator' retrieved from /home/airflow/.local/lib/python3.12/site-packages/airflow/example_dags/example_branch_operator.py
[2024-09-09T15:43:52.472+0000] {logging_mixin.py:188} INFO - [2024-09-09T15:43:52.472+0000] {dag.py:3089} INFO - Sync 1 DAGs
[2024-09-09T15:43:52.498+0000] {logging_mixin.py:188} INFO - [2024-09-09T15:43:52.497+0000] {dag.py:3947} INFO - Setting next_dagrun for example_branch_operator to 2024-09-08 00:00:00+00:00, run_after=2024-09-09 00:00:00+00:00
[2024-09-09T15:43:52.517+0000] {processor.py:183} INFO - Processing /home/airflow/.local/lib/python3.12/site-packages/airflow/example_dags/example_branch_operator.py took 0.099 seconds
[2024-09-09T15:44:23.276+0000] {processor.py:161} INFO - Started process (PID=1083) to work on /home/airflow/.local/lib/python3.12/site-packages/airflow/example_dags/example_branch_operator.py
[2024-09-09T15:44:23.277+0000] {processor.py:830} INFO - Processing file /home/airflow/.local/lib/python3.12/site-packages/airflow/example_dags/example_branch_operator.py for tasks to queue
[2024-09-09T15:44:23.279+0000] {logging_mixin.py:188} INFO - [2024-09-09T15:44:23.279+0000] {dagbag.py:545} INFO - Filling up the DagBag from /home/airflow/.local/lib/python3.12/site-packages/airflow/example_dags/example_branch_operator.py
[2024-09-09T15:44:23.296+0000] {processor.py:840} INFO - DAG(s) 'example_branch_operator' retrieved from /home/airflow/.local/lib/python3.12/site-packages/airflow/example_dags/example_branch_operator.py
[2024-09-09T15:44:23.328+0000] {logging_mixin.py:188} INFO - [2024-09-09T15:44:23.327+0000] {dag.py:3089} INFO - Sync 1 DAGs
[2024-09-09T15:44:23.354+0000] {logging_mixin.py:188} INFO - [2024-09-09T15:44:23.354+0000] {dag.py:3947} INFO - Setting next_dagrun for example_branch_operator to 2024-09-08 00:00:00+00:00, run_after=2024-09-09 00:00:00+00:00
[2024-09-09T15:44:23.373+0000] {processor.py:183} INFO - Processing /home/airflow/.local/lib/python3.12/site-packages/airflow/example_dags/example_branch_operator.py took 0.102 seconds
[2024-09-09T15:44:53.976+0000] {processor.py:161} INFO - Started process (PID=1143) to work on /home/airflow/.local/lib/python3.12/site-packages/airflow/example_dags/example_branch_operator.py
[2024-09-09T15:44:53.977+0000] {processor.py:830} INFO - Processing file /home/airflow/.local/lib/python3.12/site-packages/airflow/example_dags/example_branch_operator.py for tasks to queue
[2024-09-09T15:44:53.979+0000] {logging_mixin.py:188} INFO - [2024-09-09T15:44:53.979+0000] {dagbag.py:545} INFO - Filling up the DagBag from /home/airflow/.local/lib/python3.12/site-packages/airflow/example_dags/example_branch_operator.py
[2024-09-09T15:44:54.000+0000] {processor.py:840} INFO - DAG(s) 'example_branch_operator' retrieved from /home/airflow/.local/lib/python3.12/site-packages/airflow/example_dags/example_branch_operator.py
[2024-09-09T15:44:54.032+0000] {logging_mixin.py:188} INFO - [2024-09-09T15:44:54.031+0000] {dag.py:3089} INFO - Sync 1 DAGs
[2024-09-09T15:44:54.057+0000] {logging_mixin.py:188} INFO - [2024-09-09T15:44:54.057+0000] {dag.py:3947} INFO - Setting next_dagrun for example_branch_operator to 2024-09-08 00:00:00+00:00, run_after=2024-09-09 00:00:00+00:00
[2024-09-09T15:44:54.077+0000] {processor.py:183} INFO - Processing /home/airflow/.local/lib/python3.12/site-packages/airflow/example_dags/example_branch_operator.py took 0.107 seconds
[2024-09-09T15:45:24.866+0000] {processor.py:161} INFO - Started process (PID=1203) to work on /home/airflow/.local/lib/python3.12/site-packages/airflow/example_dags/example_branch_operator.py
[2024-09-09T15:45:24.867+0000] {processor.py:830} INFO - Processing file /home/airflow/.local/lib/python3.12/site-packages/airflow/example_dags/example_branch_operator.py for tasks to queue
[2024-09-09T15:45:24.869+0000] {logging_mixin.py:188} INFO - [2024-09-09T15:45:24.868+0000] {dagbag.py:545} INFO - Filling up the DagBag from /home/airflow/.local/lib/python3.12/site-packages/airflow/example_dags/example_branch_operator.py
[2024-09-09T15:45:24.887+0000] {processor.py:840} INFO - DAG(s) 'example_branch_operator' retrieved from /home/airflow/.local/lib/python3.12/site-packages/airflow/example_dags/example_branch_operator.py
[2024-09-09T15:45:24.926+0000] {logging_mixin.py:188} INFO - [2024-09-09T15:45:24.925+0000] {dag.py:3089} INFO - Sync 1 DAGs
[2024-09-09T15:45:24.957+0000] {logging_mixin.py:188} INFO - [2024-09-09T15:45:24.956+0000] {dag.py:3947} INFO - Setting next_dagrun for example_branch_operator to 2024-09-08 00:00:00+00:00, run_after=2024-09-09 00:00:00+00:00
[2024-09-09T15:45:24.976+0000] {processor.py:183} INFO - Processing /home/airflow/.local/lib/python3.12/site-packages/airflow/example_dags/example_branch_operator.py took 0.116 seconds
[2024-09-09T15:45:56.047+0000] {processor.py:161} INFO - Started process (PID=1263) to work on /home/airflow/.local/lib/python3.12/site-packages/airflow/example_dags/example_branch_operator.py
[2024-09-09T15:45:56.048+0000] {processor.py:830} INFO - Processing file /home/airflow/.local/lib/python3.12/site-packages/airflow/example_dags/example_branch_operator.py for tasks to queue
[2024-09-09T15:45:56.050+0000] {logging_mixin.py:188} INFO - [2024-09-09T15:45:56.049+0000] {dagbag.py:545} INFO - Filling up the DagBag from /home/airflow/.local/lib/python3.12/site-packages/airflow/example_dags/example_branch_operator.py
[2024-09-09T15:45:56.067+0000] {processor.py:840} INFO - DAG(s) 'example_branch_operator' retrieved from /home/airflow/.local/lib/python3.12/site-packages/airflow/example_dags/example_branch_operator.py
[2024-09-09T15:45:56.095+0000] {logging_mixin.py:188} INFO - [2024-09-09T15:45:56.095+0000] {dag.py:3089} INFO - Sync 1 DAGs
[2024-09-09T15:45:56.118+0000] {logging_mixin.py:188} INFO - [2024-09-09T15:45:56.117+0000] {dag.py:3947} INFO - Setting next_dagrun for example_branch_operator to 2024-09-08 00:00:00+00:00, run_after=2024-09-09 00:00:00+00:00
[2024-09-09T15:45:56.140+0000] {processor.py:183} INFO - Processing /home/airflow/.local/lib/python3.12/site-packages/airflow/example_dags/example_branch_operator.py took 0.099 seconds
[2024-09-09T15:46:26.503+0000] {processor.py:161} INFO - Started process (PID=1323) to work on /home/airflow/.local/lib/python3.12/site-packages/airflow/example_dags/example_branch_operator.py
[2024-09-09T15:46:26.504+0000] {processor.py:830} INFO - Processing file /home/airflow/.local/lib/python3.12/site-packages/airflow/example_dags/example_branch_operator.py for tasks to queue
[2024-09-09T15:46:26.506+0000] {logging_mixin.py:188} INFO - [2024-09-09T15:46:26.506+0000] {dagbag.py:545} INFO - Filling up the DagBag from /home/airflow/.local/lib/python3.12/site-packages/airflow/example_dags/example_branch_operator.py
[2024-09-09T15:46:26.525+0000] {processor.py:840} INFO - DAG(s) 'example_branch_operator' retrieved from /home/airflow/.local/lib/python3.12/site-packages/airflow/example_dags/example_branch_operator.py
[2024-09-09T15:46:26.563+0000] {logging_mixin.py:188} INFO - [2024-09-09T15:46:26.562+0000] {dag.py:3089} INFO - Sync 1 DAGs
[2024-09-09T15:46:26.586+0000] {logging_mixin.py:188} INFO - [2024-09-09T15:46:26.586+0000] {dag.py:3947} INFO - Setting next_dagrun for example_branch_operator to 2024-09-08 00:00:00+00:00, run_after=2024-09-09 00:00:00+00:00
[2024-09-09T15:46:26.605+0000] {processor.py:183} INFO - Processing /home/airflow/.local/lib/python3.12/site-packages/airflow/example_dags/example_branch_operator.py took 0.109 seconds
[2024-09-09T15:46:56.978+0000] {processor.py:161} INFO - Started process (PID=1383) to work on /home/airflow/.local/lib/python3.12/site-packages/airflow/example_dags/example_branch_operator.py
[2024-09-09T15:46:56.979+0000] {processor.py:830} INFO - Processing file /home/airflow/.local/lib/python3.12/site-packages/airflow/example_dags/example_branch_operator.py for tasks to queue
[2024-09-09T15:46:56.981+0000] {logging_mixin.py:188} INFO - [2024-09-09T15:46:56.981+0000] {dagbag.py:545} INFO - Filling up the DagBag from /home/airflow/.local/lib/python3.12/site-packages/airflow/example_dags/example_branch_operator.py
[2024-09-09T15:46:56.999+0000] {processor.py:840} INFO - DAG(s) 'example_branch_operator' retrieved from /home/airflow/.local/lib/python3.12/site-packages/airflow/example_dags/example_branch_operator.py
[2024-09-09T15:46:57.027+0000] {logging_mixin.py:188} INFO - [2024-09-09T15:46:57.027+0000] {dag.py:3089} INFO - Sync 1 DAGs
[2024-09-09T15:46:57.053+0000] {logging_mixin.py:188} INFO - [2024-09-09T15:46:57.053+0000] {dag.py:3947} INFO - Setting next_dagrun for example_branch_operator to 2024-09-08 00:00:00+00:00, run_after=2024-09-09 00:00:00+00:00
[2024-09-09T15:46:57.071+0000] {processor.py:183} INFO - Processing /home/airflow/.local/lib/python3.12/site-packages/airflow/example_dags/example_branch_operator.py took 0.099 seconds
[2024-09-09T15:47:27.695+0000] {processor.py:161} INFO - Started process (PID=1443) to work on /home/airflow/.local/lib/python3.12/site-packages/airflow/example_dags/example_branch_operator.py
[2024-09-09T15:47:27.696+0000] {processor.py:830} INFO - Processing file /home/airflow/.local/lib/python3.12/site-packages/airflow/example_dags/example_branch_operator.py for tasks to queue
[2024-09-09T15:47:27.698+0000] {logging_mixin.py:188} INFO - [2024-09-09T15:47:27.698+0000] {dagbag.py:545} INFO - Filling up the DagBag from /home/airflow/.local/lib/python3.12/site-packages/airflow/example_dags/example_branch_operator.py
[2024-09-09T15:47:27.723+0000] {processor.py:840} INFO - DAG(s) 'example_branch_operator' retrieved from /home/airflow/.local/lib/python3.12/site-packages/airflow/example_dags/example_branch_operator.py
[2024-09-09T15:47:27.756+0000] {logging_mixin.py:188} INFO - [2024-09-09T15:47:27.755+0000] {dag.py:3089} INFO - Sync 1 DAGs
[2024-09-09T15:47:27.781+0000] {logging_mixin.py:188} INFO - [2024-09-09T15:47:27.781+0000] {dag.py:3947} INFO - Setting next_dagrun for example_branch_operator to 2024-09-08 00:00:00+00:00, run_after=2024-09-09 00:00:00+00:00
[2024-09-09T15:47:27.801+0000] {processor.py:183} INFO - Processing /home/airflow/.local/lib/python3.12/site-packages/airflow/example_dags/example_branch_operator.py took 0.113 seconds
[2024-09-09T15:47:58.632+0000] {processor.py:161} INFO - Started process (PID=1503) to work on /home/airflow/.local/lib/python3.12/site-packages/airflow/example_dags/example_branch_operator.py
[2024-09-09T15:47:58.633+0000] {processor.py:830} INFO - Processing file /home/airflow/.local/lib/python3.12/site-packages/airflow/example_dags/example_branch_operator.py for tasks to queue
[2024-09-09T15:47:58.635+0000] {logging_mixin.py:188} INFO - [2024-09-09T15:47:58.635+0000] {dagbag.py:545} INFO - Filling up the DagBag from /home/airflow/.local/lib/python3.12/site-packages/airflow/example_dags/example_branch_operator.py
[2024-09-09T15:47:58.656+0000] {processor.py:840} INFO - DAG(s) 'example_branch_operator' retrieved from /home/airflow/.local/lib/python3.12/site-packages/airflow/example_dags/example_branch_operator.py
[2024-09-09T15:47:58.691+0000] {logging_mixin.py:188} INFO - [2024-09-09T15:47:58.690+0000] {dag.py:3089} INFO - Sync 1 DAGs
[2024-09-09T15:47:58.860+0000] {logging_mixin.py:188} INFO - [2024-09-09T15:47:58.859+0000] {dag.py:3947} INFO - Setting next_dagrun for example_branch_operator to 2024-09-08 00:00:00+00:00, run_after=2024-09-09 00:00:00+00:00
[2024-09-09T15:47:58.878+0000] {processor.py:183} INFO - Processing /home/airflow/.local/lib/python3.12/site-packages/airflow/example_dags/example_branch_operator.py took 0.254 seconds
