[2024-09-09T15:35:48.464+0000] {processor.py:161} INFO - Started process (PID=83) to work on /home/airflow/.local/lib/python3.12/site-packages/airflow/example_dags/example_short_circuit_decorator.py
[2024-09-09T15:35:48.464+0000] {processor.py:830} INFO - Processing file /home/airflow/.local/lib/python3.12/site-packages/airflow/example_dags/example_short_circuit_decorator.py for tasks to queue
[2024-09-09T15:35:48.466+0000] {logging_mixin.py:188} INFO - [2024-09-09T15:35:48.466+0000] {dagbag.py:545} INFO - Filling up the DagBag from /home/airflow/.local/lib/python3.12/site-packages/airflow/example_dags/example_short_circuit_decorator.py
[2024-09-09T15:35:48.478+0000] {processor.py:840} INFO - DAG(s) 'example_short_circuit_decorator' retrieved from /home/airflow/.local/lib/python3.12/site-packages/airflow/example_dags/example_short_circuit_decorator.py
[2024-09-09T15:35:48.591+0000] {logging_mixin.py:188} INFO - [2024-09-09T15:35:48.591+0000] {dag.py:3089} INFO - Sync 1 DAGs
[2024-09-09T15:35:48.614+0000] {logging_mixin.py:188} INFO - [2024-09-09T15:35:48.614+0000] {dag.py:3947} INFO - Setting next_dagrun for example_short_circuit_decorator to 2024-09-08 00:00:00+00:00, run_after=2024-09-09 00:00:00+00:00
[2024-09-09T15:35:48.635+0000] {processor.py:183} INFO - Processing /home/airflow/.local/lib/python3.12/site-packages/airflow/example_dags/example_short_circuit_decorator.py took 0.176 seconds
[2024-09-09T15:36:19.412+0000] {processor.py:161} INFO - Started process (PID=143) to work on /home/airflow/.local/lib/python3.12/site-packages/airflow/example_dags/example_short_circuit_decorator.py
[2024-09-09T15:36:19.413+0000] {processor.py:830} INFO - Processing file /home/airflow/.local/lib/python3.12/site-packages/airflow/example_dags/example_short_circuit_decorator.py for tasks to queue
[2024-09-09T15:36:19.415+0000] {logging_mixin.py:188} INFO - [2024-09-09T15:36:19.414+0000] {dagbag.py:545} INFO - Filling up the DagBag from /home/airflow/.local/lib/python3.12/site-packages/airflow/example_dags/example_short_circuit_decorator.py
[2024-09-09T15:36:19.424+0000] {processor.py:840} INFO - DAG(s) 'example_short_circuit_decorator' retrieved from /home/airflow/.local/lib/python3.12/site-packages/airflow/example_dags/example_short_circuit_decorator.py
[2024-09-09T15:36:19.446+0000] {logging_mixin.py:188} INFO - [2024-09-09T15:36:19.446+0000] {dag.py:3089} INFO - Sync 1 DAGs
[2024-09-09T15:36:19.468+0000] {logging_mixin.py:188} INFO - [2024-09-09T15:36:19.468+0000] {dag.py:3947} INFO - Setting next_dagrun for example_short_circuit_decorator to 2024-09-08 00:00:00+00:00, run_after=2024-09-09 00:00:00+00:00
[2024-09-09T15:36:19.488+0000] {processor.py:183} INFO - Processing /home/airflow/.local/lib/python3.12/site-packages/airflow/example_dags/example_short_circuit_decorator.py took 0.082 seconds
[2024-09-09T15:36:49.870+0000] {processor.py:161} INFO - Started process (PID=203) to work on /home/airflow/.local/lib/python3.12/site-packages/airflow/example_dags/example_short_circuit_decorator.py
[2024-09-09T15:36:49.871+0000] {processor.py:830} INFO - Processing file /home/airflow/.local/lib/python3.12/site-packages/airflow/example_dags/example_short_circuit_decorator.py for tasks to queue
[2024-09-09T15:36:49.873+0000] {logging_mixin.py:188} INFO - [2024-09-09T15:36:49.873+0000] {dagbag.py:545} INFO - Filling up the DagBag from /home/airflow/.local/lib/python3.12/site-packages/airflow/example_dags/example_short_circuit_decorator.py
[2024-09-09T15:36:49.883+0000] {processor.py:840} INFO - DAG(s) 'example_short_circuit_decorator' retrieved from /home/airflow/.local/lib/python3.12/site-packages/airflow/example_dags/example_short_circuit_decorator.py
[2024-09-09T15:36:49.908+0000] {logging_mixin.py:188} INFO - [2024-09-09T15:36:49.908+0000] {dag.py:3089} INFO - Sync 1 DAGs
[2024-09-09T15:36:49.933+0000] {logging_mixin.py:188} INFO - [2024-09-09T15:36:49.933+0000] {dag.py:3947} INFO - Setting next_dagrun for example_short_circuit_decorator to 2024-09-08 00:00:00+00:00, run_after=2024-09-09 00:00:00+00:00
[2024-09-09T15:36:49.953+0000] {processor.py:183} INFO - Processing /home/airflow/.local/lib/python3.12/site-packages/airflow/example_dags/example_short_circuit_decorator.py took 0.090 seconds
[2024-09-09T15:37:20.275+0000] {processor.py:161} INFO - Started process (PID=263) to work on /home/airflow/.local/lib/python3.12/site-packages/airflow/example_dags/example_short_circuit_decorator.py
[2024-09-09T15:37:20.276+0000] {processor.py:830} INFO - Processing file /home/airflow/.local/lib/python3.12/site-packages/airflow/example_dags/example_short_circuit_decorator.py for tasks to queue
[2024-09-09T15:37:20.278+0000] {logging_mixin.py:188} INFO - [2024-09-09T15:37:20.278+0000] {dagbag.py:545} INFO - Filling up the DagBag from /home/airflow/.local/lib/python3.12/site-packages/airflow/example_dags/example_short_circuit_decorator.py
[2024-09-09T15:37:20.288+0000] {processor.py:840} INFO - DAG(s) 'example_short_circuit_decorator' retrieved from /home/airflow/.local/lib/python3.12/site-packages/airflow/example_dags/example_short_circuit_decorator.py
[2024-09-09T15:37:20.310+0000] {logging_mixin.py:188} INFO - [2024-09-09T15:37:20.310+0000] {dag.py:3089} INFO - Sync 1 DAGs
[2024-09-09T15:37:20.332+0000] {logging_mixin.py:188} INFO - [2024-09-09T15:37:20.332+0000] {dag.py:3947} INFO - Setting next_dagrun for example_short_circuit_decorator to 2024-09-08 00:00:00+00:00, run_after=2024-09-09 00:00:00+00:00
[2024-09-09T15:37:20.353+0000] {processor.py:183} INFO - Processing /home/airflow/.local/lib/python3.12/site-packages/airflow/example_dags/example_short_circuit_decorator.py took 0.083 seconds
[2024-09-09T15:37:50.808+0000] {processor.py:161} INFO - Started process (PID=323) to work on /home/airflow/.local/lib/python3.12/site-packages/airflow/example_dags/example_short_circuit_decorator.py
[2024-09-09T15:37:50.809+0000] {processor.py:830} INFO - Processing file /home/airflow/.local/lib/python3.12/site-packages/airflow/example_dags/example_short_circuit_decorator.py for tasks to queue
[2024-09-09T15:37:50.811+0000] {logging_mixin.py:188} INFO - [2024-09-09T15:37:50.811+0000] {dagbag.py:545} INFO - Filling up the DagBag from /home/airflow/.local/lib/python3.12/site-packages/airflow/example_dags/example_short_circuit_decorator.py
[2024-09-09T15:37:50.821+0000] {processor.py:840} INFO - DAG(s) 'example_short_circuit_decorator' retrieved from /home/airflow/.local/lib/python3.12/site-packages/airflow/example_dags/example_short_circuit_decorator.py
[2024-09-09T15:37:50.843+0000] {logging_mixin.py:188} INFO - [2024-09-09T15:37:50.843+0000] {dag.py:3089} INFO - Sync 1 DAGs
[2024-09-09T15:37:50.866+0000] {logging_mixin.py:188} INFO - [2024-09-09T15:37:50.865+0000] {dag.py:3947} INFO - Setting next_dagrun for example_short_circuit_decorator to 2024-09-08 00:00:00+00:00, run_after=2024-09-09 00:00:00+00:00
[2024-09-09T15:37:50.885+0000] {processor.py:183} INFO - Processing /home/airflow/.local/lib/python3.12/site-packages/airflow/example_dags/example_short_circuit_decorator.py took 0.083 seconds
[2024-09-09T15:38:21.304+0000] {processor.py:161} INFO - Started process (PID=383) to work on /home/airflow/.local/lib/python3.12/site-packages/airflow/example_dags/example_short_circuit_decorator.py
[2024-09-09T15:38:21.305+0000] {processor.py:830} INFO - Processing file /home/airflow/.local/lib/python3.12/site-packages/airflow/example_dags/example_short_circuit_decorator.py for tasks to queue
[2024-09-09T15:38:21.307+0000] {logging_mixin.py:188} INFO - [2024-09-09T15:38:21.307+0000] {dagbag.py:545} INFO - Filling up the DagBag from /home/airflow/.local/lib/python3.12/site-packages/airflow/example_dags/example_short_circuit_decorator.py
[2024-09-09T15:38:21.317+0000] {processor.py:840} INFO - DAG(s) 'example_short_circuit_decorator' retrieved from /home/airflow/.local/lib/python3.12/site-packages/airflow/example_dags/example_short_circuit_decorator.py
[2024-09-09T15:38:21.339+0000] {logging_mixin.py:188} INFO - [2024-09-09T15:38:21.339+0000] {dag.py:3089} INFO - Sync 1 DAGs
[2024-09-09T15:38:21.362+0000] {logging_mixin.py:188} INFO - [2024-09-09T15:38:21.362+0000] {dag.py:3947} INFO - Setting next_dagrun for example_short_circuit_decorator to 2024-09-08 00:00:00+00:00, run_after=2024-09-09 00:00:00+00:00
[2024-09-09T15:38:21.382+0000] {processor.py:183} INFO - Processing /home/airflow/.local/lib/python3.12/site-packages/airflow/example_dags/example_short_circuit_decorator.py took 0.085 seconds
[2024-09-09T15:38:51.865+0000] {processor.py:161} INFO - Started process (PID=443) to work on /home/airflow/.local/lib/python3.12/site-packages/airflow/example_dags/example_short_circuit_decorator.py
[2024-09-09T15:38:51.866+0000] {processor.py:830} INFO - Processing file /home/airflow/.local/lib/python3.12/site-packages/airflow/example_dags/example_short_circuit_decorator.py for tasks to queue
[2024-09-09T15:38:51.868+0000] {logging_mixin.py:188} INFO - [2024-09-09T15:38:51.867+0000] {dagbag.py:545} INFO - Filling up the DagBag from /home/airflow/.local/lib/python3.12/site-packages/airflow/example_dags/example_short_circuit_decorator.py
[2024-09-09T15:38:51.877+0000] {processor.py:840} INFO - DAG(s) 'example_short_circuit_decorator' retrieved from /home/airflow/.local/lib/python3.12/site-packages/airflow/example_dags/example_short_circuit_decorator.py
[2024-09-09T15:38:51.899+0000] {logging_mixin.py:188} INFO - [2024-09-09T15:38:51.898+0000] {dag.py:3089} INFO - Sync 1 DAGs
[2024-09-09T15:38:51.921+0000] {logging_mixin.py:188} INFO - [2024-09-09T15:38:51.921+0000] {dag.py:3947} INFO - Setting next_dagrun for example_short_circuit_decorator to 2024-09-08 00:00:00+00:00, run_after=2024-09-09 00:00:00+00:00
[2024-09-09T15:38:51.941+0000] {processor.py:183} INFO - Processing /home/airflow/.local/lib/python3.12/site-packages/airflow/example_dags/example_short_circuit_decorator.py took 0.082 seconds
[2024-09-09T15:39:22.258+0000] {processor.py:161} INFO - Started process (PID=503) to work on /home/airflow/.local/lib/python3.12/site-packages/airflow/example_dags/example_short_circuit_decorator.py
[2024-09-09T15:39:22.259+0000] {processor.py:830} INFO - Processing file /home/airflow/.local/lib/python3.12/site-packages/airflow/example_dags/example_short_circuit_decorator.py for tasks to queue
[2024-09-09T15:39:22.261+0000] {logging_mixin.py:188} INFO - [2024-09-09T15:39:22.260+0000] {dagbag.py:545} INFO - Filling up the DagBag from /home/airflow/.local/lib/python3.12/site-packages/airflow/example_dags/example_short_circuit_decorator.py
[2024-09-09T15:39:22.270+0000] {processor.py:840} INFO - DAG(s) 'example_short_circuit_decorator' retrieved from /home/airflow/.local/lib/python3.12/site-packages/airflow/example_dags/example_short_circuit_decorator.py
[2024-09-09T15:39:22.296+0000] {logging_mixin.py:188} INFO - [2024-09-09T15:39:22.295+0000] {dag.py:3089} INFO - Sync 1 DAGs
[2024-09-09T15:39:22.320+0000] {logging_mixin.py:188} INFO - [2024-09-09T15:39:22.320+0000] {dag.py:3947} INFO - Setting next_dagrun for example_short_circuit_decorator to 2024-09-08 00:00:00+00:00, run_after=2024-09-09 00:00:00+00:00
[2024-09-09T15:39:22.341+0000] {processor.py:183} INFO - Processing /home/airflow/.local/lib/python3.12/site-packages/airflow/example_dags/example_short_circuit_decorator.py took 0.089 seconds
[2024-09-09T15:39:52.389+0000] {processor.py:161} INFO - Started process (PID=562) to work on /home/airflow/.local/lib/python3.12/site-packages/airflow/example_dags/example_short_circuit_decorator.py
[2024-09-09T15:39:52.390+0000] {processor.py:830} INFO - Processing file /home/airflow/.local/lib/python3.12/site-packages/airflow/example_dags/example_short_circuit_decorator.py for tasks to queue
[2024-09-09T15:39:52.393+0000] {logging_mixin.py:188} INFO - [2024-09-09T15:39:52.392+0000] {dagbag.py:545} INFO - Filling up the DagBag from /home/airflow/.local/lib/python3.12/site-packages/airflow/example_dags/example_short_circuit_decorator.py
[2024-09-09T15:39:52.404+0000] {processor.py:840} INFO - DAG(s) 'example_short_circuit_decorator' retrieved from /home/airflow/.local/lib/python3.12/site-packages/airflow/example_dags/example_short_circuit_decorator.py
[2024-09-09T15:39:52.430+0000] {logging_mixin.py:188} INFO - [2024-09-09T15:39:52.429+0000] {dag.py:3089} INFO - Sync 1 DAGs
[2024-09-09T15:39:52.451+0000] {logging_mixin.py:188} INFO - [2024-09-09T15:39:52.451+0000] {dag.py:3947} INFO - Setting next_dagrun for example_short_circuit_decorator to 2024-09-08 00:00:00+00:00, run_after=2024-09-09 00:00:00+00:00
[2024-09-09T15:39:52.472+0000] {processor.py:183} INFO - Processing /home/airflow/.local/lib/python3.12/site-packages/airflow/example_dags/example_short_circuit_decorator.py took 0.089 seconds
[2024-09-09T15:40:22.630+0000] {processor.py:161} INFO - Started process (PID=621) to work on /home/airflow/.local/lib/python3.12/site-packages/airflow/example_dags/example_short_circuit_decorator.py
[2024-09-09T15:40:22.631+0000] {processor.py:830} INFO - Processing file /home/airflow/.local/lib/python3.12/site-packages/airflow/example_dags/example_short_circuit_decorator.py for tasks to queue
[2024-09-09T15:40:22.633+0000] {logging_mixin.py:188} INFO - [2024-09-09T15:40:22.632+0000] {dagbag.py:545} INFO - Filling up the DagBag from /home/airflow/.local/lib/python3.12/site-packages/airflow/example_dags/example_short_circuit_decorator.py
[2024-09-09T15:40:22.642+0000] {processor.py:840} INFO - DAG(s) 'example_short_circuit_decorator' retrieved from /home/airflow/.local/lib/python3.12/site-packages/airflow/example_dags/example_short_circuit_decorator.py
[2024-09-09T15:40:22.664+0000] {logging_mixin.py:188} INFO - [2024-09-09T15:40:22.664+0000] {dag.py:3089} INFO - Sync 1 DAGs
[2024-09-09T15:40:22.686+0000] {logging_mixin.py:188} INFO - [2024-09-09T15:40:22.686+0000] {dag.py:3947} INFO - Setting next_dagrun for example_short_circuit_decorator to 2024-09-08 00:00:00+00:00, run_after=2024-09-09 00:00:00+00:00
[2024-09-09T15:40:22.706+0000] {processor.py:183} INFO - Processing /home/airflow/.local/lib/python3.12/site-packages/airflow/example_dags/example_short_circuit_decorator.py took 0.082 seconds
[2024-09-09T15:40:52.944+0000] {processor.py:161} INFO - Started process (PID=681) to work on /home/airflow/.local/lib/python3.12/site-packages/airflow/example_dags/example_short_circuit_decorator.py
[2024-09-09T15:40:52.945+0000] {processor.py:830} INFO - Processing file /home/airflow/.local/lib/python3.12/site-packages/airflow/example_dags/example_short_circuit_decorator.py for tasks to queue
[2024-09-09T15:40:52.947+0000] {logging_mixin.py:188} INFO - [2024-09-09T15:40:52.946+0000] {dagbag.py:545} INFO - Filling up the DagBag from /home/airflow/.local/lib/python3.12/site-packages/airflow/example_dags/example_short_circuit_decorator.py
[2024-09-09T15:40:52.956+0000] {processor.py:840} INFO - DAG(s) 'example_short_circuit_decorator' retrieved from /home/airflow/.local/lib/python3.12/site-packages/airflow/example_dags/example_short_circuit_decorator.py
[2024-09-09T15:40:52.978+0000] {logging_mixin.py:188} INFO - [2024-09-09T15:40:52.978+0000] {dag.py:3089} INFO - Sync 1 DAGs
[2024-09-09T15:40:53.000+0000] {logging_mixin.py:188} INFO - [2024-09-09T15:40:53.000+0000] {dag.py:3947} INFO - Setting next_dagrun for example_short_circuit_decorator to 2024-09-08 00:00:00+00:00, run_after=2024-09-09 00:00:00+00:00
[2024-09-09T15:40:53.019+0000] {processor.py:183} INFO - Processing /home/airflow/.local/lib/python3.12/site-packages/airflow/example_dags/example_short_circuit_decorator.py took 0.081 seconds
[2024-09-09T15:41:23.256+0000] {processor.py:161} INFO - Started process (PID=741) to work on /home/airflow/.local/lib/python3.12/site-packages/airflow/example_dags/example_short_circuit_decorator.py
[2024-09-09T15:41:23.257+0000] {processor.py:830} INFO - Processing file /home/airflow/.local/lib/python3.12/site-packages/airflow/example_dags/example_short_circuit_decorator.py for tasks to queue
[2024-09-09T15:41:23.259+0000] {logging_mixin.py:188} INFO - [2024-09-09T15:41:23.259+0000] {dagbag.py:545} INFO - Filling up the DagBag from /home/airflow/.local/lib/python3.12/site-packages/airflow/example_dags/example_short_circuit_decorator.py
[2024-09-09T15:41:23.270+0000] {processor.py:840} INFO - DAG(s) 'example_short_circuit_decorator' retrieved from /home/airflow/.local/lib/python3.12/site-packages/airflow/example_dags/example_short_circuit_decorator.py
[2024-09-09T15:41:23.294+0000] {logging_mixin.py:188} INFO - [2024-09-09T15:41:23.294+0000] {dag.py:3089} INFO - Sync 1 DAGs
[2024-09-09T15:41:23.319+0000] {logging_mixin.py:188} INFO - [2024-09-09T15:41:23.318+0000] {dag.py:3947} INFO - Setting next_dagrun for example_short_circuit_decorator to 2024-09-08 00:00:00+00:00, run_after=2024-09-09 00:00:00+00:00
[2024-09-09T15:41:23.338+0000] {processor.py:183} INFO - Processing /home/airflow/.local/lib/python3.12/site-packages/airflow/example_dags/example_short_circuit_decorator.py took 0.088 seconds
[2024-09-09T15:41:53.662+0000] {processor.py:161} INFO - Started process (PID=801) to work on /home/airflow/.local/lib/python3.12/site-packages/airflow/example_dags/example_short_circuit_decorator.py
[2024-09-09T15:41:53.663+0000] {processor.py:830} INFO - Processing file /home/airflow/.local/lib/python3.12/site-packages/airflow/example_dags/example_short_circuit_decorator.py for tasks to queue
[2024-09-09T15:41:53.665+0000] {logging_mixin.py:188} INFO - [2024-09-09T15:41:53.665+0000] {dagbag.py:545} INFO - Filling up the DagBag from /home/airflow/.local/lib/python3.12/site-packages/airflow/example_dags/example_short_circuit_decorator.py
[2024-09-09T15:41:53.677+0000] {processor.py:840} INFO - DAG(s) 'example_short_circuit_decorator' retrieved from /home/airflow/.local/lib/python3.12/site-packages/airflow/example_dags/example_short_circuit_decorator.py
[2024-09-09T15:41:53.703+0000] {logging_mixin.py:188} INFO - [2024-09-09T15:41:53.703+0000] {dag.py:3089} INFO - Sync 1 DAGs
[2024-09-09T15:41:53.730+0000] {logging_mixin.py:188} INFO - [2024-09-09T15:41:53.730+0000] {dag.py:3947} INFO - Setting next_dagrun for example_short_circuit_decorator to 2024-09-08 00:00:00+00:00, run_after=2024-09-09 00:00:00+00:00
[2024-09-09T15:41:53.750+0000] {processor.py:183} INFO - Processing /home/airflow/.local/lib/python3.12/site-packages/airflow/example_dags/example_short_circuit_decorator.py took 0.095 seconds
[2024-09-09T15:42:24.096+0000] {processor.py:161} INFO - Started process (PID=861) to work on /home/airflow/.local/lib/python3.12/site-packages/airflow/example_dags/example_short_circuit_decorator.py
[2024-09-09T15:42:24.097+0000] {processor.py:830} INFO - Processing file /home/airflow/.local/lib/python3.12/site-packages/airflow/example_dags/example_short_circuit_decorator.py for tasks to queue
[2024-09-09T15:42:24.099+0000] {logging_mixin.py:188} INFO - [2024-09-09T15:42:24.098+0000] {dagbag.py:545} INFO - Filling up the DagBag from /home/airflow/.local/lib/python3.12/site-packages/airflow/example_dags/example_short_circuit_decorator.py
[2024-09-09T15:42:24.110+0000] {processor.py:840} INFO - DAG(s) 'example_short_circuit_decorator' retrieved from /home/airflow/.local/lib/python3.12/site-packages/airflow/example_dags/example_short_circuit_decorator.py
[2024-09-09T15:42:24.133+0000] {logging_mixin.py:188} INFO - [2024-09-09T15:42:24.133+0000] {dag.py:3089} INFO - Sync 1 DAGs
[2024-09-09T15:42:24.158+0000] {logging_mixin.py:188} INFO - [2024-09-09T15:42:24.158+0000] {dag.py:3947} INFO - Setting next_dagrun for example_short_circuit_decorator to 2024-09-08 00:00:00+00:00, run_after=2024-09-09 00:00:00+00:00
[2024-09-09T15:42:24.177+0000] {processor.py:183} INFO - Processing /home/airflow/.local/lib/python3.12/site-packages/airflow/example_dags/example_short_circuit_decorator.py took 0.087 seconds
[2024-09-09T15:42:54.447+0000] {processor.py:161} INFO - Started process (PID=921) to work on /home/airflow/.local/lib/python3.12/site-packages/airflow/example_dags/example_short_circuit_decorator.py
[2024-09-09T15:42:54.448+0000] {processor.py:830} INFO - Processing file /home/airflow/.local/lib/python3.12/site-packages/airflow/example_dags/example_short_circuit_decorator.py for tasks to queue
[2024-09-09T15:42:54.450+0000] {logging_mixin.py:188} INFO - [2024-09-09T15:42:54.449+0000] {dagbag.py:545} INFO - Filling up the DagBag from /home/airflow/.local/lib/python3.12/site-packages/airflow/example_dags/example_short_circuit_decorator.py
[2024-09-09T15:42:54.460+0000] {processor.py:840} INFO - DAG(s) 'example_short_circuit_decorator' retrieved from /home/airflow/.local/lib/python3.12/site-packages/airflow/example_dags/example_short_circuit_decorator.py
[2024-09-09T15:42:54.486+0000] {logging_mixin.py:188} INFO - [2024-09-09T15:42:54.485+0000] {dag.py:3089} INFO - Sync 1 DAGs
[2024-09-09T15:42:54.507+0000] {logging_mixin.py:188} INFO - [2024-09-09T15:42:54.507+0000] {dag.py:3947} INFO - Setting next_dagrun for example_short_circuit_decorator to 2024-09-08 00:00:00+00:00, run_after=2024-09-09 00:00:00+00:00
[2024-09-09T15:42:54.530+0000] {processor.py:183} INFO - Processing /home/airflow/.local/lib/python3.12/site-packages/airflow/example_dags/example_short_circuit_decorator.py took 0.089 seconds
[2024-09-09T15:43:24.762+0000] {processor.py:161} INFO - Started process (PID=981) to work on /home/airflow/.local/lib/python3.12/site-packages/airflow/example_dags/example_short_circuit_decorator.py
[2024-09-09T15:43:24.763+0000] {processor.py:830} INFO - Processing file /home/airflow/.local/lib/python3.12/site-packages/airflow/example_dags/example_short_circuit_decorator.py for tasks to queue
[2024-09-09T15:43:24.766+0000] {logging_mixin.py:188} INFO - [2024-09-09T15:43:24.765+0000] {dagbag.py:545} INFO - Filling up the DagBag from /home/airflow/.local/lib/python3.12/site-packages/airflow/example_dags/example_short_circuit_decorator.py
[2024-09-09T15:43:24.776+0000] {processor.py:840} INFO - DAG(s) 'example_short_circuit_decorator' retrieved from /home/airflow/.local/lib/python3.12/site-packages/airflow/example_dags/example_short_circuit_decorator.py
[2024-09-09T15:43:24.799+0000] {logging_mixin.py:188} INFO - [2024-09-09T15:43:24.798+0000] {dag.py:3089} INFO - Sync 1 DAGs
[2024-09-09T15:43:24.821+0000] {logging_mixin.py:188} INFO - [2024-09-09T15:43:24.821+0000] {dag.py:3947} INFO - Setting next_dagrun for example_short_circuit_decorator to 2024-09-08 00:00:00+00:00, run_after=2024-09-09 00:00:00+00:00
[2024-09-09T15:43:24.841+0000] {processor.py:183} INFO - Processing /home/airflow/.local/lib/python3.12/site-packages/airflow/example_dags/example_short_circuit_decorator.py took 0.085 seconds
[2024-09-09T15:43:55.414+0000] {processor.py:161} INFO - Started process (PID=1041) to work on /home/airflow/.local/lib/python3.12/site-packages/airflow/example_dags/example_short_circuit_decorator.py
[2024-09-09T15:43:55.415+0000] {processor.py:830} INFO - Processing file /home/airflow/.local/lib/python3.12/site-packages/airflow/example_dags/example_short_circuit_decorator.py for tasks to queue
[2024-09-09T15:43:55.417+0000] {logging_mixin.py:188} INFO - [2024-09-09T15:43:55.416+0000] {dagbag.py:545} INFO - Filling up the DagBag from /home/airflow/.local/lib/python3.12/site-packages/airflow/example_dags/example_short_circuit_decorator.py
[2024-09-09T15:43:55.425+0000] {processor.py:840} INFO - DAG(s) 'example_short_circuit_decorator' retrieved from /home/airflow/.local/lib/python3.12/site-packages/airflow/example_dags/example_short_circuit_decorator.py
[2024-09-09T15:43:55.448+0000] {logging_mixin.py:188} INFO - [2024-09-09T15:43:55.448+0000] {dag.py:3089} INFO - Sync 1 DAGs
[2024-09-09T15:43:55.470+0000] {logging_mixin.py:188} INFO - [2024-09-09T15:43:55.469+0000] {dag.py:3947} INFO - Setting next_dagrun for example_short_circuit_decorator to 2024-09-08 00:00:00+00:00, run_after=2024-09-09 00:00:00+00:00
[2024-09-09T15:43:55.490+0000] {processor.py:183} INFO - Processing /home/airflow/.local/lib/python3.12/site-packages/airflow/example_dags/example_short_circuit_decorator.py took 0.082 seconds
[2024-09-09T15:44:26.261+0000] {processor.py:161} INFO - Started process (PID=1101) to work on /home/airflow/.local/lib/python3.12/site-packages/airflow/example_dags/example_short_circuit_decorator.py
[2024-09-09T15:44:26.262+0000] {processor.py:830} INFO - Processing file /home/airflow/.local/lib/python3.12/site-packages/airflow/example_dags/example_short_circuit_decorator.py for tasks to queue
[2024-09-09T15:44:26.264+0000] {logging_mixin.py:188} INFO - [2024-09-09T15:44:26.264+0000] {dagbag.py:545} INFO - Filling up the DagBag from /home/airflow/.local/lib/python3.12/site-packages/airflow/example_dags/example_short_circuit_decorator.py
[2024-09-09T15:44:26.274+0000] {processor.py:840} INFO - DAG(s) 'example_short_circuit_decorator' retrieved from /home/airflow/.local/lib/python3.12/site-packages/airflow/example_dags/example_short_circuit_decorator.py
[2024-09-09T15:44:26.298+0000] {logging_mixin.py:188} INFO - [2024-09-09T15:44:26.298+0000] {dag.py:3089} INFO - Sync 1 DAGs
[2024-09-09T15:44:26.321+0000] {logging_mixin.py:188} INFO - [2024-09-09T15:44:26.321+0000] {dag.py:3947} INFO - Setting next_dagrun for example_short_circuit_decorator to 2024-09-08 00:00:00+00:00, run_after=2024-09-09 00:00:00+00:00
[2024-09-09T15:44:26.339+0000] {processor.py:183} INFO - Processing /home/airflow/.local/lib/python3.12/site-packages/airflow/example_dags/example_short_circuit_decorator.py took 0.085 seconds
[2024-09-09T15:44:57.032+0000] {processor.py:161} INFO - Started process (PID=1161) to work on /home/airflow/.local/lib/python3.12/site-packages/airflow/example_dags/example_short_circuit_decorator.py
[2024-09-09T15:44:57.033+0000] {processor.py:830} INFO - Processing file /home/airflow/.local/lib/python3.12/site-packages/airflow/example_dags/example_short_circuit_decorator.py for tasks to queue
[2024-09-09T15:44:57.035+0000] {logging_mixin.py:188} INFO - [2024-09-09T15:44:57.034+0000] {dagbag.py:545} INFO - Filling up the DagBag from /home/airflow/.local/lib/python3.12/site-packages/airflow/example_dags/example_short_circuit_decorator.py
[2024-09-09T15:44:57.046+0000] {processor.py:840} INFO - DAG(s) 'example_short_circuit_decorator' retrieved from /home/airflow/.local/lib/python3.12/site-packages/airflow/example_dags/example_short_circuit_decorator.py
[2024-09-09T15:44:57.070+0000] {logging_mixin.py:188} INFO - [2024-09-09T15:44:57.070+0000] {dag.py:3089} INFO - Sync 1 DAGs
[2024-09-09T15:44:57.093+0000] {logging_mixin.py:188} INFO - [2024-09-09T15:44:57.093+0000] {dag.py:3947} INFO - Setting next_dagrun for example_short_circuit_decorator to 2024-09-08 00:00:00+00:00, run_after=2024-09-09 00:00:00+00:00
[2024-09-09T15:44:57.115+0000] {processor.py:183} INFO - Processing /home/airflow/.local/lib/python3.12/site-packages/airflow/example_dags/example_short_circuit_decorator.py took 0.090 seconds
[2024-09-09T15:45:27.928+0000] {processor.py:161} INFO - Started process (PID=1221) to work on /home/airflow/.local/lib/python3.12/site-packages/airflow/example_dags/example_short_circuit_decorator.py
[2024-09-09T15:45:27.929+0000] {processor.py:830} INFO - Processing file /home/airflow/.local/lib/python3.12/site-packages/airflow/example_dags/example_short_circuit_decorator.py for tasks to queue
[2024-09-09T15:45:27.932+0000] {logging_mixin.py:188} INFO - [2024-09-09T15:45:27.931+0000] {dagbag.py:545} INFO - Filling up the DagBag from /home/airflow/.local/lib/python3.12/site-packages/airflow/example_dags/example_short_circuit_decorator.py
[2024-09-09T15:45:27.941+0000] {processor.py:840} INFO - DAG(s) 'example_short_circuit_decorator' retrieved from /home/airflow/.local/lib/python3.12/site-packages/airflow/example_dags/example_short_circuit_decorator.py
[2024-09-09T15:45:27.970+0000] {logging_mixin.py:188} INFO - [2024-09-09T15:45:27.969+0000] {dag.py:3089} INFO - Sync 1 DAGs
[2024-09-09T15:45:27.993+0000] {logging_mixin.py:188} INFO - [2024-09-09T15:45:27.993+0000] {dag.py:3947} INFO - Setting next_dagrun for example_short_circuit_decorator to 2024-09-08 00:00:00+00:00, run_after=2024-09-09 00:00:00+00:00
[2024-09-09T15:45:28.012+0000] {processor.py:183} INFO - Processing /home/airflow/.local/lib/python3.12/site-packages/airflow/example_dags/example_short_circuit_decorator.py took 0.090 seconds
[2024-09-09T15:45:58.237+0000] {processor.py:161} INFO - Started process (PID=1281) to work on /home/airflow/.local/lib/python3.12/site-packages/airflow/example_dags/example_short_circuit_decorator.py
[2024-09-09T15:45:58.237+0000] {processor.py:830} INFO - Processing file /home/airflow/.local/lib/python3.12/site-packages/airflow/example_dags/example_short_circuit_decorator.py for tasks to queue
[2024-09-09T15:45:58.239+0000] {logging_mixin.py:188} INFO - [2024-09-09T15:45:58.239+0000] {dagbag.py:545} INFO - Filling up the DagBag from /home/airflow/.local/lib/python3.12/site-packages/airflow/example_dags/example_short_circuit_decorator.py
[2024-09-09T15:45:58.249+0000] {processor.py:840} INFO - DAG(s) 'example_short_circuit_decorator' retrieved from /home/airflow/.local/lib/python3.12/site-packages/airflow/example_dags/example_short_circuit_decorator.py
[2024-09-09T15:45:58.272+0000] {logging_mixin.py:188} INFO - [2024-09-09T15:45:58.272+0000] {dag.py:3089} INFO - Sync 1 DAGs
[2024-09-09T15:45:58.295+0000] {logging_mixin.py:188} INFO - [2024-09-09T15:45:58.294+0000] {dag.py:3947} INFO - Setting next_dagrun for example_short_circuit_decorator to 2024-09-08 00:00:00+00:00, run_after=2024-09-09 00:00:00+00:00
[2024-09-09T15:45:58.315+0000] {processor.py:183} INFO - Processing /home/airflow/.local/lib/python3.12/site-packages/airflow/example_dags/example_short_circuit_decorator.py took 0.084 seconds
[2024-09-09T15:46:28.670+0000] {processor.py:161} INFO - Started process (PID=1341) to work on /home/airflow/.local/lib/python3.12/site-packages/airflow/example_dags/example_short_circuit_decorator.py
[2024-09-09T15:46:28.671+0000] {processor.py:830} INFO - Processing file /home/airflow/.local/lib/python3.12/site-packages/airflow/example_dags/example_short_circuit_decorator.py for tasks to queue
[2024-09-09T15:46:28.674+0000] {logging_mixin.py:188} INFO - [2024-09-09T15:46:28.673+0000] {dagbag.py:545} INFO - Filling up the DagBag from /home/airflow/.local/lib/python3.12/site-packages/airflow/example_dags/example_short_circuit_decorator.py
[2024-09-09T15:46:28.684+0000] {processor.py:840} INFO - DAG(s) 'example_short_circuit_decorator' retrieved from /home/airflow/.local/lib/python3.12/site-packages/airflow/example_dags/example_short_circuit_decorator.py
[2024-09-09T15:46:28.707+0000] {logging_mixin.py:188} INFO - [2024-09-09T15:46:28.707+0000] {dag.py:3089} INFO - Sync 1 DAGs
[2024-09-09T15:46:28.729+0000] {logging_mixin.py:188} INFO - [2024-09-09T15:46:28.728+0000] {dag.py:3947} INFO - Setting next_dagrun for example_short_circuit_decorator to 2024-09-08 00:00:00+00:00, run_after=2024-09-09 00:00:00+00:00
[2024-09-09T15:46:28.748+0000] {processor.py:183} INFO - Processing /home/airflow/.local/lib/python3.12/site-packages/airflow/example_dags/example_short_circuit_decorator.py took 0.086 seconds
[2024-09-09T15:46:58.977+0000] {processor.py:161} INFO - Started process (PID=1401) to work on /home/airflow/.local/lib/python3.12/site-packages/airflow/example_dags/example_short_circuit_decorator.py
[2024-09-09T15:46:58.978+0000] {processor.py:830} INFO - Processing file /home/airflow/.local/lib/python3.12/site-packages/airflow/example_dags/example_short_circuit_decorator.py for tasks to queue
[2024-09-09T15:46:58.980+0000] {logging_mixin.py:188} INFO - [2024-09-09T15:46:58.980+0000] {dagbag.py:545} INFO - Filling up the DagBag from /home/airflow/.local/lib/python3.12/site-packages/airflow/example_dags/example_short_circuit_decorator.py
[2024-09-09T15:46:58.989+0000] {processor.py:840} INFO - DAG(s) 'example_short_circuit_decorator' retrieved from /home/airflow/.local/lib/python3.12/site-packages/airflow/example_dags/example_short_circuit_decorator.py
[2024-09-09T15:46:59.010+0000] {logging_mixin.py:188} INFO - [2024-09-09T15:46:59.010+0000] {dag.py:3089} INFO - Sync 1 DAGs
[2024-09-09T15:46:59.032+0000] {logging_mixin.py:188} INFO - [2024-09-09T15:46:59.032+0000] {dag.py:3947} INFO - Setting next_dagrun for example_short_circuit_decorator to 2024-09-08 00:00:00+00:00, run_after=2024-09-09 00:00:00+00:00
[2024-09-09T15:46:59.052+0000] {processor.py:183} INFO - Processing /home/airflow/.local/lib/python3.12/site-packages/airflow/example_dags/example_short_circuit_decorator.py took 0.081 seconds
[2024-09-09T15:47:29.779+0000] {processor.py:161} INFO - Started process (PID=1461) to work on /home/airflow/.local/lib/python3.12/site-packages/airflow/example_dags/example_short_circuit_decorator.py
[2024-09-09T15:47:29.780+0000] {processor.py:830} INFO - Processing file /home/airflow/.local/lib/python3.12/site-packages/airflow/example_dags/example_short_circuit_decorator.py for tasks to queue
[2024-09-09T15:47:29.782+0000] {logging_mixin.py:188} INFO - [2024-09-09T15:47:29.782+0000] {dagbag.py:545} INFO - Filling up the DagBag from /home/airflow/.local/lib/python3.12/site-packages/airflow/example_dags/example_short_circuit_decorator.py
[2024-09-09T15:47:29.791+0000] {processor.py:840} INFO - DAG(s) 'example_short_circuit_decorator' retrieved from /home/airflow/.local/lib/python3.12/site-packages/airflow/example_dags/example_short_circuit_decorator.py
[2024-09-09T15:47:29.813+0000] {logging_mixin.py:188} INFO - [2024-09-09T15:47:29.813+0000] {dag.py:3089} INFO - Sync 1 DAGs
[2024-09-09T15:47:29.835+0000] {logging_mixin.py:188} INFO - [2024-09-09T15:47:29.834+0000] {dag.py:3947} INFO - Setting next_dagrun for example_short_circuit_decorator to 2024-09-08 00:00:00+00:00, run_after=2024-09-09 00:00:00+00:00
[2024-09-09T15:47:29.853+0000] {processor.py:183} INFO - Processing /home/airflow/.local/lib/python3.12/site-packages/airflow/example_dags/example_short_circuit_decorator.py took 0.080 seconds
[2024-09-09T15:48:00.536+0000] {processor.py:161} INFO - Started process (PID=1521) to work on /home/airflow/.local/lib/python3.12/site-packages/airflow/example_dags/example_short_circuit_decorator.py
[2024-09-09T15:48:00.537+0000] {processor.py:830} INFO - Processing file /home/airflow/.local/lib/python3.12/site-packages/airflow/example_dags/example_short_circuit_decorator.py for tasks to queue
[2024-09-09T15:48:00.539+0000] {logging_mixin.py:188} INFO - [2024-09-09T15:48:00.539+0000] {dagbag.py:545} INFO - Filling up the DagBag from /home/airflow/.local/lib/python3.12/site-packages/airflow/example_dags/example_short_circuit_decorator.py
[2024-09-09T15:48:00.551+0000] {processor.py:840} INFO - DAG(s) 'example_short_circuit_decorator' retrieved from /home/airflow/.local/lib/python3.12/site-packages/airflow/example_dags/example_short_circuit_decorator.py
[2024-09-09T15:48:00.574+0000] {logging_mixin.py:188} INFO - [2024-09-09T15:48:00.574+0000] {dag.py:3089} INFO - Sync 1 DAGs
[2024-09-09T15:48:00.597+0000] {logging_mixin.py:188} INFO - [2024-09-09T15:48:00.596+0000] {dag.py:3947} INFO - Setting next_dagrun for example_short_circuit_decorator to 2024-09-08 00:00:00+00:00, run_after=2024-09-09 00:00:00+00:00
[2024-09-09T15:48:00.615+0000] {processor.py:183} INFO - Processing /home/airflow/.local/lib/python3.12/site-packages/airflow/example_dags/example_short_circuit_decorator.py took 0.085 seconds
