[2024-09-09T15:35:47.833+0000] {processor.py:161} INFO - Started process (PID=77) to work on /home/airflow/.local/lib/python3.12/site-packages/airflow/example_dags/example_short_circuit_operator.py
[2024-09-09T15:35:47.835+0000] {processor.py:830} INFO - Processing file /home/airflow/.local/lib/python3.12/site-packages/airflow/example_dags/example_short_circuit_operator.py for tasks to queue
[2024-09-09T15:35:47.837+0000] {logging_mixin.py:188} INFO - [2024-09-09T15:35:47.837+0000] {dagbag.py:545} INFO - Filling up the DagBag from /home/airflow/.local/lib/python3.12/site-packages/airflow/example_dags/example_short_circuit_operator.py
[2024-09-09T15:35:47.851+0000] {processor.py:840} INFO - DAG(s) 'example_short_circuit_operator' retrieved from /home/airflow/.local/lib/python3.12/site-packages/airflow/example_dags/example_short_circuit_operator.py
[2024-09-09T15:35:47.966+0000] {logging_mixin.py:188} INFO - [2024-09-09T15:35:47.965+0000] {dag.py:3089} INFO - Sync 1 DAGs
[2024-09-09T15:35:47.986+0000] {logging_mixin.py:188} INFO - [2024-09-09T15:35:47.985+0000] {dag.py:3947} INFO - Setting next_dagrun for example_short_circuit_operator to 2024-09-08 00:00:00+00:00, run_after=2024-09-09 00:00:00+00:00
[2024-09-09T15:35:48.009+0000] {processor.py:183} INFO - Processing /home/airflow/.local/lib/python3.12/site-packages/airflow/example_dags/example_short_circuit_operator.py took 0.182 seconds
[2024-09-09T15:36:18.073+0000] {processor.py:161} INFO - Started process (PID=137) to work on /home/airflow/.local/lib/python3.12/site-packages/airflow/example_dags/example_short_circuit_operator.py
[2024-09-09T15:36:18.074+0000] {processor.py:830} INFO - Processing file /home/airflow/.local/lib/python3.12/site-packages/airflow/example_dags/example_short_circuit_operator.py for tasks to queue
[2024-09-09T15:36:18.077+0000] {logging_mixin.py:188} INFO - [2024-09-09T15:36:18.076+0000] {dagbag.py:545} INFO - Filling up the DagBag from /home/airflow/.local/lib/python3.12/site-packages/airflow/example_dags/example_short_circuit_operator.py
[2024-09-09T15:36:18.085+0000] {processor.py:840} INFO - DAG(s) 'example_short_circuit_operator' retrieved from /home/airflow/.local/lib/python3.12/site-packages/airflow/example_dags/example_short_circuit_operator.py
[2024-09-09T15:36:18.112+0000] {logging_mixin.py:188} INFO - [2024-09-09T15:36:18.112+0000] {dag.py:3089} INFO - Sync 1 DAGs
[2024-09-09T15:36:18.140+0000] {logging_mixin.py:188} INFO - [2024-09-09T15:36:18.140+0000] {dag.py:3947} INFO - Setting next_dagrun for example_short_circuit_operator to 2024-09-08 00:00:00+00:00, run_after=2024-09-09 00:00:00+00:00
[2024-09-09T15:36:18.160+0000] {processor.py:183} INFO - Processing /home/airflow/.local/lib/python3.12/site-packages/airflow/example_dags/example_short_circuit_operator.py took 0.092 seconds
[2024-09-09T15:36:48.529+0000] {processor.py:161} INFO - Started process (PID=197) to work on /home/airflow/.local/lib/python3.12/site-packages/airflow/example_dags/example_short_circuit_operator.py
[2024-09-09T15:36:48.530+0000] {processor.py:830} INFO - Processing file /home/airflow/.local/lib/python3.12/site-packages/airflow/example_dags/example_short_circuit_operator.py for tasks to queue
[2024-09-09T15:36:48.532+0000] {logging_mixin.py:188} INFO - [2024-09-09T15:36:48.531+0000] {dagbag.py:545} INFO - Filling up the DagBag from /home/airflow/.local/lib/python3.12/site-packages/airflow/example_dags/example_short_circuit_operator.py
[2024-09-09T15:36:48.540+0000] {processor.py:840} INFO - DAG(s) 'example_short_circuit_operator' retrieved from /home/airflow/.local/lib/python3.12/site-packages/airflow/example_dags/example_short_circuit_operator.py
[2024-09-09T15:36:48.567+0000] {logging_mixin.py:188} INFO - [2024-09-09T15:36:48.567+0000] {dag.py:3089} INFO - Sync 1 DAGs
[2024-09-09T15:36:48.590+0000] {logging_mixin.py:188} INFO - [2024-09-09T15:36:48.590+0000] {dag.py:3947} INFO - Setting next_dagrun for example_short_circuit_operator to 2024-09-08 00:00:00+00:00, run_after=2024-09-09 00:00:00+00:00
[2024-09-09T15:36:48.611+0000] {processor.py:183} INFO - Processing /home/airflow/.local/lib/python3.12/site-packages/airflow/example_dags/example_short_circuit_operator.py took 0.090 seconds
[2024-09-09T15:37:18.843+0000] {processor.py:161} INFO - Started process (PID=257) to work on /home/airflow/.local/lib/python3.12/site-packages/airflow/example_dags/example_short_circuit_operator.py
[2024-09-09T15:37:18.844+0000] {processor.py:830} INFO - Processing file /home/airflow/.local/lib/python3.12/site-packages/airflow/example_dags/example_short_circuit_operator.py for tasks to queue
[2024-09-09T15:37:18.845+0000] {logging_mixin.py:188} INFO - [2024-09-09T15:37:18.845+0000] {dagbag.py:545} INFO - Filling up the DagBag from /home/airflow/.local/lib/python3.12/site-packages/airflow/example_dags/example_short_circuit_operator.py
[2024-09-09T15:37:18.853+0000] {processor.py:840} INFO - DAG(s) 'example_short_circuit_operator' retrieved from /home/airflow/.local/lib/python3.12/site-packages/airflow/example_dags/example_short_circuit_operator.py
[2024-09-09T15:37:18.885+0000] {logging_mixin.py:188} INFO - [2024-09-09T15:37:18.884+0000] {dag.py:3089} INFO - Sync 1 DAGs
[2024-09-09T15:37:18.908+0000] {logging_mixin.py:188} INFO - [2024-09-09T15:37:18.908+0000] {dag.py:3947} INFO - Setting next_dagrun for example_short_circuit_operator to 2024-09-08 00:00:00+00:00, run_after=2024-09-09 00:00:00+00:00
[2024-09-09T15:37:18.930+0000] {processor.py:183} INFO - Processing /home/airflow/.local/lib/python3.12/site-packages/airflow/example_dags/example_short_circuit_operator.py took 0.094 seconds
[2024-09-09T15:37:48.967+0000] {processor.py:161} INFO - Started process (PID=315) to work on /home/airflow/.local/lib/python3.12/site-packages/airflow/example_dags/example_short_circuit_operator.py
[2024-09-09T15:37:48.968+0000] {processor.py:830} INFO - Processing file /home/airflow/.local/lib/python3.12/site-packages/airflow/example_dags/example_short_circuit_operator.py for tasks to queue
[2024-09-09T15:37:48.970+0000] {logging_mixin.py:188} INFO - [2024-09-09T15:37:48.970+0000] {dagbag.py:545} INFO - Filling up the DagBag from /home/airflow/.local/lib/python3.12/site-packages/airflow/example_dags/example_short_circuit_operator.py
[2024-09-09T15:37:48.977+0000] {processor.py:840} INFO - DAG(s) 'example_short_circuit_operator' retrieved from /home/airflow/.local/lib/python3.12/site-packages/airflow/example_dags/example_short_circuit_operator.py
[2024-09-09T15:37:49.000+0000] {logging_mixin.py:188} INFO - [2024-09-09T15:37:49.000+0000] {dag.py:3089} INFO - Sync 1 DAGs
[2024-09-09T15:37:49.022+0000] {logging_mixin.py:188} INFO - [2024-09-09T15:37:49.022+0000] {dag.py:3947} INFO - Setting next_dagrun for example_short_circuit_operator to 2024-09-08 00:00:00+00:00, run_after=2024-09-09 00:00:00+00:00
[2024-09-09T15:37:49.040+0000] {processor.py:183} INFO - Processing /home/airflow/.local/lib/python3.12/site-packages/airflow/example_dags/example_short_circuit_operator.py took 0.079 seconds
[2024-09-09T15:38:19.448+0000] {processor.py:161} INFO - Started process (PID=375) to work on /home/airflow/.local/lib/python3.12/site-packages/airflow/example_dags/example_short_circuit_operator.py
[2024-09-09T15:38:19.449+0000] {processor.py:830} INFO - Processing file /home/airflow/.local/lib/python3.12/site-packages/airflow/example_dags/example_short_circuit_operator.py for tasks to queue
[2024-09-09T15:38:19.451+0000] {logging_mixin.py:188} INFO - [2024-09-09T15:38:19.451+0000] {dagbag.py:545} INFO - Filling up the DagBag from /home/airflow/.local/lib/python3.12/site-packages/airflow/example_dags/example_short_circuit_operator.py
[2024-09-09T15:38:19.461+0000] {processor.py:840} INFO - DAG(s) 'example_short_circuit_operator' retrieved from /home/airflow/.local/lib/python3.12/site-packages/airflow/example_dags/example_short_circuit_operator.py
[2024-09-09T15:38:19.490+0000] {logging_mixin.py:188} INFO - [2024-09-09T15:38:19.490+0000] {dag.py:3089} INFO - Sync 1 DAGs
[2024-09-09T15:38:19.518+0000] {logging_mixin.py:188} INFO - [2024-09-09T15:38:19.518+0000] {dag.py:3947} INFO - Setting next_dagrun for example_short_circuit_operator to 2024-09-08 00:00:00+00:00, run_after=2024-09-09 00:00:00+00:00
[2024-09-09T15:38:19.538+0000] {processor.py:183} INFO - Processing /home/airflow/.local/lib/python3.12/site-packages/airflow/example_dags/example_short_circuit_operator.py took 0.097 seconds
[2024-09-09T15:38:50.018+0000] {processor.py:161} INFO - Started process (PID=435) to work on /home/airflow/.local/lib/python3.12/site-packages/airflow/example_dags/example_short_circuit_operator.py
[2024-09-09T15:38:50.019+0000] {processor.py:830} INFO - Processing file /home/airflow/.local/lib/python3.12/site-packages/airflow/example_dags/example_short_circuit_operator.py for tasks to queue
[2024-09-09T15:38:50.022+0000] {logging_mixin.py:188} INFO - [2024-09-09T15:38:50.021+0000] {dagbag.py:545} INFO - Filling up the DagBag from /home/airflow/.local/lib/python3.12/site-packages/airflow/example_dags/example_short_circuit_operator.py
[2024-09-09T15:38:50.031+0000] {processor.py:840} INFO - DAG(s) 'example_short_circuit_operator' retrieved from /home/airflow/.local/lib/python3.12/site-packages/airflow/example_dags/example_short_circuit_operator.py
[2024-09-09T15:38:50.061+0000] {logging_mixin.py:188} INFO - [2024-09-09T15:38:50.061+0000] {dag.py:3089} INFO - Sync 1 DAGs
[2024-09-09T15:38:50.086+0000] {logging_mixin.py:188} INFO - [2024-09-09T15:38:50.086+0000] {dag.py:3947} INFO - Setting next_dagrun for example_short_circuit_operator to 2024-09-08 00:00:00+00:00, run_after=2024-09-09 00:00:00+00:00
[2024-09-09T15:38:50.105+0000] {processor.py:183} INFO - Processing /home/airflow/.local/lib/python3.12/site-packages/airflow/example_dags/example_short_circuit_operator.py took 0.094 seconds
[2024-09-09T15:39:20.645+0000] {processor.py:161} INFO - Started process (PID=495) to work on /home/airflow/.local/lib/python3.12/site-packages/airflow/example_dags/example_short_circuit_operator.py
[2024-09-09T15:39:20.646+0000] {processor.py:830} INFO - Processing file /home/airflow/.local/lib/python3.12/site-packages/airflow/example_dags/example_short_circuit_operator.py for tasks to queue
[2024-09-09T15:39:20.648+0000] {logging_mixin.py:188} INFO - [2024-09-09T15:39:20.647+0000] {dagbag.py:545} INFO - Filling up the DagBag from /home/airflow/.local/lib/python3.12/site-packages/airflow/example_dags/example_short_circuit_operator.py
[2024-09-09T15:39:20.655+0000] {processor.py:840} INFO - DAG(s) 'example_short_circuit_operator' retrieved from /home/airflow/.local/lib/python3.12/site-packages/airflow/example_dags/example_short_circuit_operator.py
[2024-09-09T15:39:20.679+0000] {logging_mixin.py:188} INFO - [2024-09-09T15:39:20.678+0000] {dag.py:3089} INFO - Sync 1 DAGs
[2024-09-09T15:39:20.703+0000] {logging_mixin.py:188} INFO - [2024-09-09T15:39:20.703+0000] {dag.py:3947} INFO - Setting next_dagrun for example_short_circuit_operator to 2024-09-08 00:00:00+00:00, run_after=2024-09-09 00:00:00+00:00
[2024-09-09T15:39:20.725+0000] {processor.py:183} INFO - Processing /home/airflow/.local/lib/python3.12/site-packages/airflow/example_dags/example_short_circuit_operator.py took 0.086 seconds
[2024-09-09T15:39:50.957+0000] {processor.py:161} INFO - Started process (PID=555) to work on /home/airflow/.local/lib/python3.12/site-packages/airflow/example_dags/example_short_circuit_operator.py
[2024-09-09T15:39:50.958+0000] {processor.py:830} INFO - Processing file /home/airflow/.local/lib/python3.12/site-packages/airflow/example_dags/example_short_circuit_operator.py for tasks to queue
[2024-09-09T15:39:50.960+0000] {logging_mixin.py:188} INFO - [2024-09-09T15:39:50.959+0000] {dagbag.py:545} INFO - Filling up the DagBag from /home/airflow/.local/lib/python3.12/site-packages/airflow/example_dags/example_short_circuit_operator.py
[2024-09-09T15:39:50.967+0000] {processor.py:840} INFO - DAG(s) 'example_short_circuit_operator' retrieved from /home/airflow/.local/lib/python3.12/site-packages/airflow/example_dags/example_short_circuit_operator.py
[2024-09-09T15:39:50.989+0000] {logging_mixin.py:188} INFO - [2024-09-09T15:39:50.989+0000] {dag.py:3089} INFO - Sync 1 DAGs
[2024-09-09T15:39:51.011+0000] {logging_mixin.py:188} INFO - [2024-09-09T15:39:51.011+0000] {dag.py:3947} INFO - Setting next_dagrun for example_short_circuit_operator to 2024-09-08 00:00:00+00:00, run_after=2024-09-09 00:00:00+00:00
[2024-09-09T15:39:51.031+0000] {processor.py:183} INFO - Processing /home/airflow/.local/lib/python3.12/site-packages/airflow/example_dags/example_short_circuit_operator.py took 0.080 seconds
[2024-09-09T15:40:21.301+0000] {processor.py:161} INFO - Started process (PID=615) to work on /home/airflow/.local/lib/python3.12/site-packages/airflow/example_dags/example_short_circuit_operator.py
[2024-09-09T15:40:21.302+0000] {processor.py:830} INFO - Processing file /home/airflow/.local/lib/python3.12/site-packages/airflow/example_dags/example_short_circuit_operator.py for tasks to queue
[2024-09-09T15:40:21.305+0000] {logging_mixin.py:188} INFO - [2024-09-09T15:40:21.304+0000] {dagbag.py:545} INFO - Filling up the DagBag from /home/airflow/.local/lib/python3.12/site-packages/airflow/example_dags/example_short_circuit_operator.py
[2024-09-09T15:40:21.313+0000] {processor.py:840} INFO - DAG(s) 'example_short_circuit_operator' retrieved from /home/airflow/.local/lib/python3.12/site-packages/airflow/example_dags/example_short_circuit_operator.py
[2024-09-09T15:40:21.337+0000] {logging_mixin.py:188} INFO - [2024-09-09T15:40:21.337+0000] {dag.py:3089} INFO - Sync 1 DAGs
[2024-09-09T15:40:21.361+0000] {logging_mixin.py:188} INFO - [2024-09-09T15:40:21.361+0000] {dag.py:3947} INFO - Setting next_dagrun for example_short_circuit_operator to 2024-09-08 00:00:00+00:00, run_after=2024-09-09 00:00:00+00:00
[2024-09-09T15:40:21.382+0000] {processor.py:183} INFO - Processing /home/airflow/.local/lib/python3.12/site-packages/airflow/example_dags/example_short_circuit_operator.py took 0.086 seconds
[2024-09-09T15:40:51.630+0000] {processor.py:161} INFO - Started process (PID=675) to work on /home/airflow/.local/lib/python3.12/site-packages/airflow/example_dags/example_short_circuit_operator.py
[2024-09-09T15:40:51.631+0000] {processor.py:830} INFO - Processing file /home/airflow/.local/lib/python3.12/site-packages/airflow/example_dags/example_short_circuit_operator.py for tasks to queue
[2024-09-09T15:40:51.633+0000] {logging_mixin.py:188} INFO - [2024-09-09T15:40:51.633+0000] {dagbag.py:545} INFO - Filling up the DagBag from /home/airflow/.local/lib/python3.12/site-packages/airflow/example_dags/example_short_circuit_operator.py
[2024-09-09T15:40:51.640+0000] {processor.py:840} INFO - DAG(s) 'example_short_circuit_operator' retrieved from /home/airflow/.local/lib/python3.12/site-packages/airflow/example_dags/example_short_circuit_operator.py
[2024-09-09T15:40:51.663+0000] {logging_mixin.py:188} INFO - [2024-09-09T15:40:51.663+0000] {dag.py:3089} INFO - Sync 1 DAGs
[2024-09-09T15:40:51.686+0000] {logging_mixin.py:188} INFO - [2024-09-09T15:40:51.686+0000] {dag.py:3947} INFO - Setting next_dagrun for example_short_circuit_operator to 2024-09-08 00:00:00+00:00, run_after=2024-09-09 00:00:00+00:00
[2024-09-09T15:40:51.706+0000] {processor.py:183} INFO - Processing /home/airflow/.local/lib/python3.12/site-packages/airflow/example_dags/example_short_circuit_operator.py took 0.082 seconds
[2024-09-09T15:41:21.947+0000] {processor.py:161} INFO - Started process (PID=735) to work on /home/airflow/.local/lib/python3.12/site-packages/airflow/example_dags/example_short_circuit_operator.py
[2024-09-09T15:41:21.948+0000] {processor.py:830} INFO - Processing file /home/airflow/.local/lib/python3.12/site-packages/airflow/example_dags/example_short_circuit_operator.py for tasks to queue
[2024-09-09T15:41:21.950+0000] {logging_mixin.py:188} INFO - [2024-09-09T15:41:21.950+0000] {dagbag.py:545} INFO - Filling up the DagBag from /home/airflow/.local/lib/python3.12/site-packages/airflow/example_dags/example_short_circuit_operator.py
[2024-09-09T15:41:21.957+0000] {processor.py:840} INFO - DAG(s) 'example_short_circuit_operator' retrieved from /home/airflow/.local/lib/python3.12/site-packages/airflow/example_dags/example_short_circuit_operator.py
[2024-09-09T15:41:21.980+0000] {logging_mixin.py:188} INFO - [2024-09-09T15:41:21.980+0000] {dag.py:3089} INFO - Sync 1 DAGs
[2024-09-09T15:41:22.004+0000] {logging_mixin.py:188} INFO - [2024-09-09T15:41:22.004+0000] {dag.py:3947} INFO - Setting next_dagrun for example_short_circuit_operator to 2024-09-08 00:00:00+00:00, run_after=2024-09-09 00:00:00+00:00
[2024-09-09T15:41:22.022+0000] {processor.py:183} INFO - Processing /home/airflow/.local/lib/python3.12/site-packages/airflow/example_dags/example_short_circuit_operator.py took 0.081 seconds
[2024-09-09T15:41:52.344+0000] {processor.py:161} INFO - Started process (PID=795) to work on /home/airflow/.local/lib/python3.12/site-packages/airflow/example_dags/example_short_circuit_operator.py
[2024-09-09T15:41:52.345+0000] {processor.py:830} INFO - Processing file /home/airflow/.local/lib/python3.12/site-packages/airflow/example_dags/example_short_circuit_operator.py for tasks to queue
[2024-09-09T15:41:52.347+0000] {logging_mixin.py:188} INFO - [2024-09-09T15:41:52.347+0000] {dagbag.py:545} INFO - Filling up the DagBag from /home/airflow/.local/lib/python3.12/site-packages/airflow/example_dags/example_short_circuit_operator.py
[2024-09-09T15:41:52.355+0000] {processor.py:840} INFO - DAG(s) 'example_short_circuit_operator' retrieved from /home/airflow/.local/lib/python3.12/site-packages/airflow/example_dags/example_short_circuit_operator.py
[2024-09-09T15:41:52.380+0000] {logging_mixin.py:188} INFO - [2024-09-09T15:41:52.380+0000] {dag.py:3089} INFO - Sync 1 DAGs
[2024-09-09T15:41:52.404+0000] {logging_mixin.py:188} INFO - [2024-09-09T15:41:52.403+0000] {dag.py:3947} INFO - Setting next_dagrun for example_short_circuit_operator to 2024-09-08 00:00:00+00:00, run_after=2024-09-09 00:00:00+00:00
[2024-09-09T15:41:52.422+0000] {processor.py:183} INFO - Processing /home/airflow/.local/lib/python3.12/site-packages/airflow/example_dags/example_short_circuit_operator.py took 0.086 seconds
[2024-09-09T15:42:22.759+0000] {processor.py:161} INFO - Started process (PID=855) to work on /home/airflow/.local/lib/python3.12/site-packages/airflow/example_dags/example_short_circuit_operator.py
[2024-09-09T15:42:22.760+0000] {processor.py:830} INFO - Processing file /home/airflow/.local/lib/python3.12/site-packages/airflow/example_dags/example_short_circuit_operator.py for tasks to queue
[2024-09-09T15:42:22.762+0000] {logging_mixin.py:188} INFO - [2024-09-09T15:42:22.762+0000] {dagbag.py:545} INFO - Filling up the DagBag from /home/airflow/.local/lib/python3.12/site-packages/airflow/example_dags/example_short_circuit_operator.py
[2024-09-09T15:42:22.771+0000] {processor.py:840} INFO - DAG(s) 'example_short_circuit_operator' retrieved from /home/airflow/.local/lib/python3.12/site-packages/airflow/example_dags/example_short_circuit_operator.py
[2024-09-09T15:42:22.796+0000] {logging_mixin.py:188} INFO - [2024-09-09T15:42:22.796+0000] {dag.py:3089} INFO - Sync 1 DAGs
[2024-09-09T15:42:22.826+0000] {logging_mixin.py:188} INFO - [2024-09-09T15:42:22.825+0000] {dag.py:3947} INFO - Setting next_dagrun for example_short_circuit_operator to 2024-09-08 00:00:00+00:00, run_after=2024-09-09 00:00:00+00:00
[2024-09-09T15:42:22.848+0000] {processor.py:183} INFO - Processing /home/airflow/.local/lib/python3.12/site-packages/airflow/example_dags/example_short_circuit_operator.py took 0.095 seconds
[2024-09-09T15:42:53.117+0000] {processor.py:161} INFO - Started process (PID=915) to work on /home/airflow/.local/lib/python3.12/site-packages/airflow/example_dags/example_short_circuit_operator.py
[2024-09-09T15:42:53.118+0000] {processor.py:830} INFO - Processing file /home/airflow/.local/lib/python3.12/site-packages/airflow/example_dags/example_short_circuit_operator.py for tasks to queue
[2024-09-09T15:42:53.120+0000] {logging_mixin.py:188} INFO - [2024-09-09T15:42:53.120+0000] {dagbag.py:545} INFO - Filling up the DagBag from /home/airflow/.local/lib/python3.12/site-packages/airflow/example_dags/example_short_circuit_operator.py
[2024-09-09T15:42:53.128+0000] {processor.py:840} INFO - DAG(s) 'example_short_circuit_operator' retrieved from /home/airflow/.local/lib/python3.12/site-packages/airflow/example_dags/example_short_circuit_operator.py
[2024-09-09T15:42:53.151+0000] {logging_mixin.py:188} INFO - [2024-09-09T15:42:53.151+0000] {dag.py:3089} INFO - Sync 1 DAGs
[2024-09-09T15:42:53.175+0000] {logging_mixin.py:188} INFO - [2024-09-09T15:42:53.175+0000] {dag.py:3947} INFO - Setting next_dagrun for example_short_circuit_operator to 2024-09-08 00:00:00+00:00, run_after=2024-09-09 00:00:00+00:00
[2024-09-09T15:42:53.196+0000] {processor.py:183} INFO - Processing /home/airflow/.local/lib/python3.12/site-packages/airflow/example_dags/example_short_circuit_operator.py took 0.085 seconds
[2024-09-09T15:43:23.449+0000] {processor.py:161} INFO - Started process (PID=975) to work on /home/airflow/.local/lib/python3.12/site-packages/airflow/example_dags/example_short_circuit_operator.py
[2024-09-09T15:43:23.450+0000] {processor.py:830} INFO - Processing file /home/airflow/.local/lib/python3.12/site-packages/airflow/example_dags/example_short_circuit_operator.py for tasks to queue
[2024-09-09T15:43:23.452+0000] {logging_mixin.py:188} INFO - [2024-09-09T15:43:23.452+0000] {dagbag.py:545} INFO - Filling up the DagBag from /home/airflow/.local/lib/python3.12/site-packages/airflow/example_dags/example_short_circuit_operator.py
[2024-09-09T15:43:23.460+0000] {processor.py:840} INFO - DAG(s) 'example_short_circuit_operator' retrieved from /home/airflow/.local/lib/python3.12/site-packages/airflow/example_dags/example_short_circuit_operator.py
[2024-09-09T15:43:23.484+0000] {logging_mixin.py:188} INFO - [2024-09-09T15:43:23.484+0000] {dag.py:3089} INFO - Sync 1 DAGs
[2024-09-09T15:43:23.507+0000] {logging_mixin.py:188} INFO - [2024-09-09T15:43:23.507+0000] {dag.py:3947} INFO - Setting next_dagrun for example_short_circuit_operator to 2024-09-08 00:00:00+00:00, run_after=2024-09-09 00:00:00+00:00
[2024-09-09T15:43:23.527+0000] {processor.py:183} INFO - Processing /home/airflow/.local/lib/python3.12/site-packages/airflow/example_dags/example_short_circuit_operator.py took 0.084 seconds
[2024-09-09T15:43:54.050+0000] {processor.py:161} INFO - Started process (PID=1035) to work on /home/airflow/.local/lib/python3.12/site-packages/airflow/example_dags/example_short_circuit_operator.py
[2024-09-09T15:43:54.051+0000] {processor.py:830} INFO - Processing file /home/airflow/.local/lib/python3.12/site-packages/airflow/example_dags/example_short_circuit_operator.py for tasks to queue
[2024-09-09T15:43:54.053+0000] {logging_mixin.py:188} INFO - [2024-09-09T15:43:54.053+0000] {dagbag.py:545} INFO - Filling up the DagBag from /home/airflow/.local/lib/python3.12/site-packages/airflow/example_dags/example_short_circuit_operator.py
[2024-09-09T15:43:54.060+0000] {processor.py:840} INFO - DAG(s) 'example_short_circuit_operator' retrieved from /home/airflow/.local/lib/python3.12/site-packages/airflow/example_dags/example_short_circuit_operator.py
[2024-09-09T15:43:54.083+0000] {logging_mixin.py:188} INFO - [2024-09-09T15:43:54.083+0000] {dag.py:3089} INFO - Sync 1 DAGs
[2024-09-09T15:43:54.106+0000] {logging_mixin.py:188} INFO - [2024-09-09T15:43:54.106+0000] {dag.py:3947} INFO - Setting next_dagrun for example_short_circuit_operator to 2024-09-08 00:00:00+00:00, run_after=2024-09-09 00:00:00+00:00
[2024-09-09T15:43:54.126+0000] {processor.py:183} INFO - Processing /home/airflow/.local/lib/python3.12/site-packages/airflow/example_dags/example_short_circuit_operator.py took 0.082 seconds
[2024-09-09T15:44:24.932+0000] {processor.py:161} INFO - Started process (PID=1095) to work on /home/airflow/.local/lib/python3.12/site-packages/airflow/example_dags/example_short_circuit_operator.py
[2024-09-09T15:44:24.933+0000] {processor.py:830} INFO - Processing file /home/airflow/.local/lib/python3.12/site-packages/airflow/example_dags/example_short_circuit_operator.py for tasks to queue
[2024-09-09T15:44:24.935+0000] {logging_mixin.py:188} INFO - [2024-09-09T15:44:24.935+0000] {dagbag.py:545} INFO - Filling up the DagBag from /home/airflow/.local/lib/python3.12/site-packages/airflow/example_dags/example_short_circuit_operator.py
[2024-09-09T15:44:24.943+0000] {processor.py:840} INFO - DAG(s) 'example_short_circuit_operator' retrieved from /home/airflow/.local/lib/python3.12/site-packages/airflow/example_dags/example_short_circuit_operator.py
[2024-09-09T15:44:24.973+0000] {logging_mixin.py:188} INFO - [2024-09-09T15:44:24.972+0000] {dag.py:3089} INFO - Sync 1 DAGs
[2024-09-09T15:44:25.006+0000] {logging_mixin.py:188} INFO - [2024-09-09T15:44:25.006+0000] {dag.py:3947} INFO - Setting next_dagrun for example_short_circuit_operator to 2024-09-08 00:00:00+00:00, run_after=2024-09-09 00:00:00+00:00
[2024-09-09T15:44:25.026+0000] {processor.py:183} INFO - Processing /home/airflow/.local/lib/python3.12/site-packages/airflow/example_dags/example_short_circuit_operator.py took 0.099 seconds
[2024-09-09T15:44:55.672+0000] {processor.py:161} INFO - Started process (PID=1155) to work on /home/airflow/.local/lib/python3.12/site-packages/airflow/example_dags/example_short_circuit_operator.py
[2024-09-09T15:44:55.673+0000] {processor.py:830} INFO - Processing file /home/airflow/.local/lib/python3.12/site-packages/airflow/example_dags/example_short_circuit_operator.py for tasks to queue
[2024-09-09T15:44:55.676+0000] {logging_mixin.py:188} INFO - [2024-09-09T15:44:55.675+0000] {dagbag.py:545} INFO - Filling up the DagBag from /home/airflow/.local/lib/python3.12/site-packages/airflow/example_dags/example_short_circuit_operator.py
[2024-09-09T15:44:55.685+0000] {processor.py:840} INFO - DAG(s) 'example_short_circuit_operator' retrieved from /home/airflow/.local/lib/python3.12/site-packages/airflow/example_dags/example_short_circuit_operator.py
[2024-09-09T15:44:55.716+0000] {logging_mixin.py:188} INFO - [2024-09-09T15:44:55.715+0000] {dag.py:3089} INFO - Sync 1 DAGs
[2024-09-09T15:44:55.749+0000] {logging_mixin.py:188} INFO - [2024-09-09T15:44:55.749+0000] {dag.py:3947} INFO - Setting next_dagrun for example_short_circuit_operator to 2024-09-08 00:00:00+00:00, run_after=2024-09-09 00:00:00+00:00
[2024-09-09T15:44:55.778+0000] {processor.py:183} INFO - Processing /home/airflow/.local/lib/python3.12/site-packages/airflow/example_dags/example_short_circuit_operator.py took 0.112 seconds
[2024-09-09T15:45:26.610+0000] {processor.py:161} INFO - Started process (PID=1215) to work on /home/airflow/.local/lib/python3.12/site-packages/airflow/example_dags/example_short_circuit_operator.py
[2024-09-09T15:45:26.611+0000] {processor.py:830} INFO - Processing file /home/airflow/.local/lib/python3.12/site-packages/airflow/example_dags/example_short_circuit_operator.py for tasks to queue
[2024-09-09T15:45:26.613+0000] {logging_mixin.py:188} INFO - [2024-09-09T15:45:26.613+0000] {dagbag.py:545} INFO - Filling up the DagBag from /home/airflow/.local/lib/python3.12/site-packages/airflow/example_dags/example_short_circuit_operator.py
[2024-09-09T15:45:26.621+0000] {processor.py:840} INFO - DAG(s) 'example_short_circuit_operator' retrieved from /home/airflow/.local/lib/python3.12/site-packages/airflow/example_dags/example_short_circuit_operator.py
[2024-09-09T15:45:26.644+0000] {logging_mixin.py:188} INFO - [2024-09-09T15:45:26.644+0000] {dag.py:3089} INFO - Sync 1 DAGs
[2024-09-09T15:45:26.669+0000] {logging_mixin.py:188} INFO - [2024-09-09T15:45:26.668+0000] {dag.py:3947} INFO - Setting next_dagrun for example_short_circuit_operator to 2024-09-08 00:00:00+00:00, run_after=2024-09-09 00:00:00+00:00
[2024-09-09T15:45:26.687+0000] {processor.py:183} INFO - Processing /home/airflow/.local/lib/python3.12/site-packages/airflow/example_dags/example_short_circuit_operator.py took 0.084 seconds
[2024-09-09T15:45:56.825+0000] {processor.py:161} INFO - Started process (PID=1275) to work on /home/airflow/.local/lib/python3.12/site-packages/airflow/example_dags/example_short_circuit_operator.py
[2024-09-09T15:45:56.826+0000] {processor.py:830} INFO - Processing file /home/airflow/.local/lib/python3.12/site-packages/airflow/example_dags/example_short_circuit_operator.py for tasks to queue
[2024-09-09T15:45:56.828+0000] {logging_mixin.py:188} INFO - [2024-09-09T15:45:56.828+0000] {dagbag.py:545} INFO - Filling up the DagBag from /home/airflow/.local/lib/python3.12/site-packages/airflow/example_dags/example_short_circuit_operator.py
[2024-09-09T15:45:56.835+0000] {processor.py:840} INFO - DAG(s) 'example_short_circuit_operator' retrieved from /home/airflow/.local/lib/python3.12/site-packages/airflow/example_dags/example_short_circuit_operator.py
[2024-09-09T15:45:56.857+0000] {logging_mixin.py:188} INFO - [2024-09-09T15:45:56.857+0000] {dag.py:3089} INFO - Sync 1 DAGs
[2024-09-09T15:45:56.881+0000] {logging_mixin.py:188} INFO - [2024-09-09T15:45:56.880+0000] {dag.py:3947} INFO - Setting next_dagrun for example_short_circuit_operator to 2024-09-08 00:00:00+00:00, run_after=2024-09-09 00:00:00+00:00
[2024-09-09T15:45:57.023+0000] {processor.py:183} INFO - Processing /home/airflow/.local/lib/python3.12/site-packages/airflow/example_dags/example_short_circuit_operator.py took 0.203 seconds
[2024-09-09T15:46:27.432+0000] {processor.py:161} INFO - Started process (PID=1336) to work on /home/airflow/.local/lib/python3.12/site-packages/airflow/example_dags/example_short_circuit_operator.py
[2024-09-09T15:46:27.433+0000] {processor.py:830} INFO - Processing file /home/airflow/.local/lib/python3.12/site-packages/airflow/example_dags/example_short_circuit_operator.py for tasks to queue
[2024-09-09T15:46:27.435+0000] {logging_mixin.py:188} INFO - [2024-09-09T15:46:27.434+0000] {dagbag.py:545} INFO - Filling up the DagBag from /home/airflow/.local/lib/python3.12/site-packages/airflow/example_dags/example_short_circuit_operator.py
[2024-09-09T15:46:27.442+0000] {processor.py:840} INFO - DAG(s) 'example_short_circuit_operator' retrieved from /home/airflow/.local/lib/python3.12/site-packages/airflow/example_dags/example_short_circuit_operator.py
[2024-09-09T15:46:27.465+0000] {logging_mixin.py:188} INFO - [2024-09-09T15:46:27.465+0000] {dag.py:3089} INFO - Sync 1 DAGs
[2024-09-09T15:46:27.489+0000] {logging_mixin.py:188} INFO - [2024-09-09T15:46:27.489+0000] {dag.py:3947} INFO - Setting next_dagrun for example_short_circuit_operator to 2024-09-08 00:00:00+00:00, run_after=2024-09-09 00:00:00+00:00
[2024-09-09T15:46:27.510+0000] {processor.py:183} INFO - Processing /home/airflow/.local/lib/python3.12/site-packages/airflow/example_dags/example_short_circuit_operator.py took 0.084 seconds
[2024-09-09T15:46:57.714+0000] {processor.py:161} INFO - Started process (PID=1396) to work on /home/airflow/.local/lib/python3.12/site-packages/airflow/example_dags/example_short_circuit_operator.py
[2024-09-09T15:46:57.715+0000] {processor.py:830} INFO - Processing file /home/airflow/.local/lib/python3.12/site-packages/airflow/example_dags/example_short_circuit_operator.py for tasks to queue
[2024-09-09T15:46:57.717+0000] {logging_mixin.py:188} INFO - [2024-09-09T15:46:57.717+0000] {dagbag.py:545} INFO - Filling up the DagBag from /home/airflow/.local/lib/python3.12/site-packages/airflow/example_dags/example_short_circuit_operator.py
[2024-09-09T15:46:57.726+0000] {processor.py:840} INFO - DAG(s) 'example_short_circuit_operator' retrieved from /home/airflow/.local/lib/python3.12/site-packages/airflow/example_dags/example_short_circuit_operator.py
[2024-09-09T15:46:57.751+0000] {logging_mixin.py:188} INFO - [2024-09-09T15:46:57.750+0000] {dag.py:3089} INFO - Sync 1 DAGs
[2024-09-09T15:46:57.773+0000] {logging_mixin.py:188} INFO - [2024-09-09T15:46:57.773+0000] {dag.py:3947} INFO - Setting next_dagrun for example_short_circuit_operator to 2024-09-08 00:00:00+00:00, run_after=2024-09-09 00:00:00+00:00
[2024-09-09T15:46:57.790+0000] {processor.py:183} INFO - Processing /home/airflow/.local/lib/python3.12/site-packages/airflow/example_dags/example_short_circuit_operator.py took 0.083 seconds
[2024-09-09T15:47:28.462+0000] {processor.py:161} INFO - Started process (PID=1455) to work on /home/airflow/.local/lib/python3.12/site-packages/airflow/example_dags/example_short_circuit_operator.py
[2024-09-09T15:47:28.463+0000] {processor.py:830} INFO - Processing file /home/airflow/.local/lib/python3.12/site-packages/airflow/example_dags/example_short_circuit_operator.py for tasks to queue
[2024-09-09T15:47:28.465+0000] {logging_mixin.py:188} INFO - [2024-09-09T15:47:28.465+0000] {dagbag.py:545} INFO - Filling up the DagBag from /home/airflow/.local/lib/python3.12/site-packages/airflow/example_dags/example_short_circuit_operator.py
[2024-09-09T15:47:28.472+0000] {processor.py:840} INFO - DAG(s) 'example_short_circuit_operator' retrieved from /home/airflow/.local/lib/python3.12/site-packages/airflow/example_dags/example_short_circuit_operator.py
[2024-09-09T15:47:28.494+0000] {logging_mixin.py:188} INFO - [2024-09-09T15:47:28.494+0000] {dag.py:3089} INFO - Sync 1 DAGs
[2024-09-09T15:47:28.516+0000] {logging_mixin.py:188} INFO - [2024-09-09T15:47:28.515+0000] {dag.py:3947} INFO - Setting next_dagrun for example_short_circuit_operator to 2024-09-08 00:00:00+00:00, run_after=2024-09-09 00:00:00+00:00
[2024-09-09T15:47:28.536+0000] {processor.py:183} INFO - Processing /home/airflow/.local/lib/python3.12/site-packages/airflow/example_dags/example_short_circuit_operator.py took 0.080 seconds
[2024-09-09T15:48:00.072+0000] {processor.py:161} INFO - Started process (PID=1515) to work on /home/airflow/.local/lib/python3.12/site-packages/airflow/example_dags/example_short_circuit_operator.py
[2024-09-09T15:48:00.073+0000] {processor.py:830} INFO - Processing file /home/airflow/.local/lib/python3.12/site-packages/airflow/example_dags/example_short_circuit_operator.py for tasks to queue
[2024-09-09T15:48:00.075+0000] {logging_mixin.py:188} INFO - [2024-09-09T15:48:00.074+0000] {dagbag.py:545} INFO - Filling up the DagBag from /home/airflow/.local/lib/python3.12/site-packages/airflow/example_dags/example_short_circuit_operator.py
[2024-09-09T15:48:00.082+0000] {processor.py:840} INFO - DAG(s) 'example_short_circuit_operator' retrieved from /home/airflow/.local/lib/python3.12/site-packages/airflow/example_dags/example_short_circuit_operator.py
[2024-09-09T15:48:00.227+0000] {logging_mixin.py:188} INFO - [2024-09-09T15:48:00.227+0000] {dag.py:3089} INFO - Sync 1 DAGs
[2024-09-09T15:48:00.250+0000] {logging_mixin.py:188} INFO - [2024-09-09T15:48:00.250+0000] {dag.py:3947} INFO - Setting next_dagrun for example_short_circuit_operator to 2024-09-08 00:00:00+00:00, run_after=2024-09-09 00:00:00+00:00
[2024-09-09T15:48:00.271+0000] {processor.py:183} INFO - Processing /home/airflow/.local/lib/python3.12/site-packages/airflow/example_dags/example_short_circuit_operator.py took 0.205 seconds
