[2024-09-09T15:35:50.254+0000] {processor.py:161} INFO - Started process (PID=96) to work on /home/airflow/.local/lib/python3.12/site-packages/airflow/example_dags/example_display_name.py
[2024-09-09T15:35:50.255+0000] {processor.py:830} INFO - Processing file /home/airflow/.local/lib/python3.12/site-packages/airflow/example_dags/example_display_name.py for tasks to queue
[2024-09-09T15:35:50.258+0000] {logging_mixin.py:188} INFO - [2024-09-09T15:35:50.258+0000] {dagbag.py:545} INFO - Filling up the DagBag from /home/airflow/.local/lib/python3.12/site-packages/airflow/example_dags/example_display_name.py
[2024-09-09T15:35:50.265+0000] {processor.py:840} INFO - DAG(s) 'example_display_name' retrieved from /home/airflow/.local/lib/python3.12/site-packages/airflow/example_dags/example_display_name.py
[2024-09-09T15:35:50.376+0000] {logging_mixin.py:188} INFO - [2024-09-09T15:35:50.376+0000] {dag.py:3089} INFO - Sync 1 DAGs
[2024-09-09T15:35:50.390+0000] {logging_mixin.py:188} INFO - [2024-09-09T15:35:50.389+0000] {dag.py:3947} INFO - Setting next_dagrun for example_display_name to None, run_after=None
[2024-09-09T15:35:50.416+0000] {processor.py:183} INFO - Processing /home/airflow/.local/lib/python3.12/site-packages/airflow/example_dags/example_display_name.py took 0.167 seconds
[2024-09-09T15:36:21.086+0000] {processor.py:161} INFO - Started process (PID=156) to work on /home/airflow/.local/lib/python3.12/site-packages/airflow/example_dags/example_display_name.py
[2024-09-09T15:36:21.088+0000] {processor.py:830} INFO - Processing file /home/airflow/.local/lib/python3.12/site-packages/airflow/example_dags/example_display_name.py for tasks to queue
[2024-09-09T15:36:21.089+0000] {logging_mixin.py:188} INFO - [2024-09-09T15:36:21.089+0000] {dagbag.py:545} INFO - Filling up the DagBag from /home/airflow/.local/lib/python3.12/site-packages/airflow/example_dags/example_display_name.py
[2024-09-09T15:36:21.095+0000] {processor.py:840} INFO - DAG(s) 'example_display_name' retrieved from /home/airflow/.local/lib/python3.12/site-packages/airflow/example_dags/example_display_name.py
[2024-09-09T15:36:21.113+0000] {logging_mixin.py:188} INFO - [2024-09-09T15:36:21.113+0000] {dag.py:3089} INFO - Sync 1 DAGs
[2024-09-09T15:36:21.127+0000] {logging_mixin.py:188} INFO - [2024-09-09T15:36:21.127+0000] {dag.py:3947} INFO - Setting next_dagrun for example_display_name to None, run_after=None
[2024-09-09T15:36:21.146+0000] {processor.py:183} INFO - Processing /home/airflow/.local/lib/python3.12/site-packages/airflow/example_dags/example_display_name.py took 0.068 seconds
[2024-09-09T15:36:51.570+0000] {processor.py:161} INFO - Started process (PID=216) to work on /home/airflow/.local/lib/python3.12/site-packages/airflow/example_dags/example_display_name.py
[2024-09-09T15:36:51.571+0000] {processor.py:830} INFO - Processing file /home/airflow/.local/lib/python3.12/site-packages/airflow/example_dags/example_display_name.py for tasks to queue
[2024-09-09T15:36:51.573+0000] {logging_mixin.py:188} INFO - [2024-09-09T15:36:51.573+0000] {dagbag.py:545} INFO - Filling up the DagBag from /home/airflow/.local/lib/python3.12/site-packages/airflow/example_dags/example_display_name.py
[2024-09-09T15:36:51.579+0000] {processor.py:840} INFO - DAG(s) 'example_display_name' retrieved from /home/airflow/.local/lib/python3.12/site-packages/airflow/example_dags/example_display_name.py
[2024-09-09T15:36:51.598+0000] {logging_mixin.py:188} INFO - [2024-09-09T15:36:51.597+0000] {dag.py:3089} INFO - Sync 1 DAGs
[2024-09-09T15:36:51.611+0000] {logging_mixin.py:188} INFO - [2024-09-09T15:36:51.610+0000] {dag.py:3947} INFO - Setting next_dagrun for example_display_name to None, run_after=None
[2024-09-09T15:36:51.630+0000] {processor.py:183} INFO - Processing /home/airflow/.local/lib/python3.12/site-packages/airflow/example_dags/example_display_name.py took 0.066 seconds
[2024-09-09T15:37:21.974+0000] {processor.py:161} INFO - Started process (PID=276) to work on /home/airflow/.local/lib/python3.12/site-packages/airflow/example_dags/example_display_name.py
[2024-09-09T15:37:21.975+0000] {processor.py:830} INFO - Processing file /home/airflow/.local/lib/python3.12/site-packages/airflow/example_dags/example_display_name.py for tasks to queue
[2024-09-09T15:37:21.977+0000] {logging_mixin.py:188} INFO - [2024-09-09T15:37:21.976+0000] {dagbag.py:545} INFO - Filling up the DagBag from /home/airflow/.local/lib/python3.12/site-packages/airflow/example_dags/example_display_name.py
[2024-09-09T15:37:21.983+0000] {processor.py:840} INFO - DAG(s) 'example_display_name' retrieved from /home/airflow/.local/lib/python3.12/site-packages/airflow/example_dags/example_display_name.py
[2024-09-09T15:37:22.002+0000] {logging_mixin.py:188} INFO - [2024-09-09T15:37:22.001+0000] {dag.py:3089} INFO - Sync 1 DAGs
[2024-09-09T15:37:22.016+0000] {logging_mixin.py:188} INFO - [2024-09-09T15:37:22.016+0000] {dag.py:3947} INFO - Setting next_dagrun for example_display_name to None, run_after=None
[2024-09-09T15:37:22.037+0000] {processor.py:183} INFO - Processing /home/airflow/.local/lib/python3.12/site-packages/airflow/example_dags/example_display_name.py took 0.068 seconds
[2024-09-09T15:37:52.506+0000] {processor.py:161} INFO - Started process (PID=336) to work on /home/airflow/.local/lib/python3.12/site-packages/airflow/example_dags/example_display_name.py
[2024-09-09T15:37:52.507+0000] {processor.py:830} INFO - Processing file /home/airflow/.local/lib/python3.12/site-packages/airflow/example_dags/example_display_name.py for tasks to queue
[2024-09-09T15:37:52.510+0000] {logging_mixin.py:188} INFO - [2024-09-09T15:37:52.509+0000] {dagbag.py:545} INFO - Filling up the DagBag from /home/airflow/.local/lib/python3.12/site-packages/airflow/example_dags/example_display_name.py
[2024-09-09T15:37:52.517+0000] {processor.py:840} INFO - DAG(s) 'example_display_name' retrieved from /home/airflow/.local/lib/python3.12/site-packages/airflow/example_dags/example_display_name.py
[2024-09-09T15:37:52.536+0000] {logging_mixin.py:188} INFO - [2024-09-09T15:37:52.535+0000] {dag.py:3089} INFO - Sync 1 DAGs
[2024-09-09T15:37:52.549+0000] {logging_mixin.py:188} INFO - [2024-09-09T15:37:52.549+0000] {dag.py:3947} INFO - Setting next_dagrun for example_display_name to None, run_after=None
[2024-09-09T15:37:52.570+0000] {processor.py:183} INFO - Processing /home/airflow/.local/lib/python3.12/site-packages/airflow/example_dags/example_display_name.py took 0.070 seconds
[2024-09-09T15:38:23.019+0000] {processor.py:161} INFO - Started process (PID=396) to work on /home/airflow/.local/lib/python3.12/site-packages/airflow/example_dags/example_display_name.py
[2024-09-09T15:38:23.020+0000] {processor.py:830} INFO - Processing file /home/airflow/.local/lib/python3.12/site-packages/airflow/example_dags/example_display_name.py for tasks to queue
[2024-09-09T15:38:23.022+0000] {logging_mixin.py:188} INFO - [2024-09-09T15:38:23.021+0000] {dagbag.py:545} INFO - Filling up the DagBag from /home/airflow/.local/lib/python3.12/site-packages/airflow/example_dags/example_display_name.py
[2024-09-09T15:38:23.028+0000] {processor.py:840} INFO - DAG(s) 'example_display_name' retrieved from /home/airflow/.local/lib/python3.12/site-packages/airflow/example_dags/example_display_name.py
[2024-09-09T15:38:23.048+0000] {logging_mixin.py:188} INFO - [2024-09-09T15:38:23.047+0000] {dag.py:3089} INFO - Sync 1 DAGs
[2024-09-09T15:38:23.063+0000] {logging_mixin.py:188} INFO - [2024-09-09T15:38:23.063+0000] {dag.py:3947} INFO - Setting next_dagrun for example_display_name to None, run_after=None
[2024-09-09T15:38:23.085+0000] {processor.py:183} INFO - Processing /home/airflow/.local/lib/python3.12/site-packages/airflow/example_dags/example_display_name.py took 0.072 seconds
[2024-09-09T15:38:53.574+0000] {processor.py:161} INFO - Started process (PID=456) to work on /home/airflow/.local/lib/python3.12/site-packages/airflow/example_dags/example_display_name.py
[2024-09-09T15:38:53.575+0000] {processor.py:830} INFO - Processing file /home/airflow/.local/lib/python3.12/site-packages/airflow/example_dags/example_display_name.py for tasks to queue
[2024-09-09T15:38:53.577+0000] {logging_mixin.py:188} INFO - [2024-09-09T15:38:53.576+0000] {dagbag.py:545} INFO - Filling up the DagBag from /home/airflow/.local/lib/python3.12/site-packages/airflow/example_dags/example_display_name.py
[2024-09-09T15:38:53.584+0000] {processor.py:840} INFO - DAG(s) 'example_display_name' retrieved from /home/airflow/.local/lib/python3.12/site-packages/airflow/example_dags/example_display_name.py
[2024-09-09T15:38:53.607+0000] {logging_mixin.py:188} INFO - [2024-09-09T15:38:53.606+0000] {dag.py:3089} INFO - Sync 1 DAGs
[2024-09-09T15:38:53.620+0000] {logging_mixin.py:188} INFO - [2024-09-09T15:38:53.620+0000] {dag.py:3947} INFO - Setting next_dagrun for example_display_name to None, run_after=None
[2024-09-09T15:38:53.640+0000] {processor.py:183} INFO - Processing /home/airflow/.local/lib/python3.12/site-packages/airflow/example_dags/example_display_name.py took 0.072 seconds
[2024-09-09T15:39:23.930+0000] {processor.py:161} INFO - Started process (PID=516) to work on /home/airflow/.local/lib/python3.12/site-packages/airflow/example_dags/example_display_name.py
[2024-09-09T15:39:23.931+0000] {processor.py:830} INFO - Processing file /home/airflow/.local/lib/python3.12/site-packages/airflow/example_dags/example_display_name.py for tasks to queue
[2024-09-09T15:39:23.934+0000] {logging_mixin.py:188} INFO - [2024-09-09T15:39:23.933+0000] {dagbag.py:545} INFO - Filling up the DagBag from /home/airflow/.local/lib/python3.12/site-packages/airflow/example_dags/example_display_name.py
[2024-09-09T15:39:23.939+0000] {processor.py:840} INFO - DAG(s) 'example_display_name' retrieved from /home/airflow/.local/lib/python3.12/site-packages/airflow/example_dags/example_display_name.py
[2024-09-09T15:39:23.958+0000] {logging_mixin.py:188} INFO - [2024-09-09T15:39:23.958+0000] {dag.py:3089} INFO - Sync 1 DAGs
[2024-09-09T15:39:23.973+0000] {logging_mixin.py:188} INFO - [2024-09-09T15:39:23.972+0000] {dag.py:3947} INFO - Setting next_dagrun for example_display_name to None, run_after=None
[2024-09-09T15:39:23.993+0000] {processor.py:183} INFO - Processing /home/airflow/.local/lib/python3.12/site-packages/airflow/example_dags/example_display_name.py took 0.069 seconds
[2024-09-09T15:39:54.312+0000] {processor.py:161} INFO - Started process (PID=576) to work on /home/airflow/.local/lib/python3.12/site-packages/airflow/example_dags/example_display_name.py
[2024-09-09T15:39:54.313+0000] {processor.py:830} INFO - Processing file /home/airflow/.local/lib/python3.12/site-packages/airflow/example_dags/example_display_name.py for tasks to queue
[2024-09-09T15:39:54.314+0000] {logging_mixin.py:188} INFO - [2024-09-09T15:39:54.314+0000] {dagbag.py:545} INFO - Filling up the DagBag from /home/airflow/.local/lib/python3.12/site-packages/airflow/example_dags/example_display_name.py
[2024-09-09T15:39:54.320+0000] {processor.py:840} INFO - DAG(s) 'example_display_name' retrieved from /home/airflow/.local/lib/python3.12/site-packages/airflow/example_dags/example_display_name.py
[2024-09-09T15:39:54.339+0000] {logging_mixin.py:188} INFO - [2024-09-09T15:39:54.338+0000] {dag.py:3089} INFO - Sync 1 DAGs
[2024-09-09T15:39:54.353+0000] {logging_mixin.py:188} INFO - [2024-09-09T15:39:54.353+0000] {dag.py:3947} INFO - Setting next_dagrun for example_display_name to None, run_after=None
[2024-09-09T15:39:54.372+0000] {processor.py:183} INFO - Processing /home/airflow/.local/lib/python3.12/site-packages/airflow/example_dags/example_display_name.py took 0.066 seconds
[2024-09-09T15:40:24.518+0000] {processor.py:161} INFO - Started process (PID=636) to work on /home/airflow/.local/lib/python3.12/site-packages/airflow/example_dags/example_display_name.py
[2024-09-09T15:40:24.519+0000] {processor.py:830} INFO - Processing file /home/airflow/.local/lib/python3.12/site-packages/airflow/example_dags/example_display_name.py for tasks to queue
[2024-09-09T15:40:24.521+0000] {logging_mixin.py:188} INFO - [2024-09-09T15:40:24.521+0000] {dagbag.py:545} INFO - Filling up the DagBag from /home/airflow/.local/lib/python3.12/site-packages/airflow/example_dags/example_display_name.py
[2024-09-09T15:40:24.527+0000] {processor.py:840} INFO - DAG(s) 'example_display_name' retrieved from /home/airflow/.local/lib/python3.12/site-packages/airflow/example_dags/example_display_name.py
[2024-09-09T15:40:24.546+0000] {logging_mixin.py:188} INFO - [2024-09-09T15:40:24.546+0000] {dag.py:3089} INFO - Sync 1 DAGs
[2024-09-09T15:40:24.561+0000] {logging_mixin.py:188} INFO - [2024-09-09T15:40:24.561+0000] {dag.py:3947} INFO - Setting next_dagrun for example_display_name to None, run_after=None
[2024-09-09T15:40:24.580+0000] {processor.py:183} INFO - Processing /home/airflow/.local/lib/python3.12/site-packages/airflow/example_dags/example_display_name.py took 0.068 seconds
[2024-09-09T15:40:54.911+0000] {processor.py:161} INFO - Started process (PID=696) to work on /home/airflow/.local/lib/python3.12/site-packages/airflow/example_dags/example_display_name.py
[2024-09-09T15:40:54.912+0000] {processor.py:830} INFO - Processing file /home/airflow/.local/lib/python3.12/site-packages/airflow/example_dags/example_display_name.py for tasks to queue
[2024-09-09T15:40:54.914+0000] {logging_mixin.py:188} INFO - [2024-09-09T15:40:54.913+0000] {dagbag.py:545} INFO - Filling up the DagBag from /home/airflow/.local/lib/python3.12/site-packages/airflow/example_dags/example_display_name.py
[2024-09-09T15:40:54.920+0000] {processor.py:840} INFO - DAG(s) 'example_display_name' retrieved from /home/airflow/.local/lib/python3.12/site-packages/airflow/example_dags/example_display_name.py
[2024-09-09T15:40:54.938+0000] {logging_mixin.py:188} INFO - [2024-09-09T15:40:54.938+0000] {dag.py:3089} INFO - Sync 1 DAGs
[2024-09-09T15:40:54.952+0000] {logging_mixin.py:188} INFO - [2024-09-09T15:40:54.952+0000] {dag.py:3947} INFO - Setting next_dagrun for example_display_name to None, run_after=None
[2024-09-09T15:40:54.972+0000] {processor.py:183} INFO - Processing /home/airflow/.local/lib/python3.12/site-packages/airflow/example_dags/example_display_name.py took 0.066 seconds
[2024-09-09T15:41:25.264+0000] {processor.py:161} INFO - Started process (PID=756) to work on /home/airflow/.local/lib/python3.12/site-packages/airflow/example_dags/example_display_name.py
[2024-09-09T15:41:25.265+0000] {processor.py:830} INFO - Processing file /home/airflow/.local/lib/python3.12/site-packages/airflow/example_dags/example_display_name.py for tasks to queue
[2024-09-09T15:41:25.267+0000] {logging_mixin.py:188} INFO - [2024-09-09T15:41:25.267+0000] {dagbag.py:545} INFO - Filling up the DagBag from /home/airflow/.local/lib/python3.12/site-packages/airflow/example_dags/example_display_name.py
[2024-09-09T15:41:25.273+0000] {processor.py:840} INFO - DAG(s) 'example_display_name' retrieved from /home/airflow/.local/lib/python3.12/site-packages/airflow/example_dags/example_display_name.py
[2024-09-09T15:41:25.291+0000] {logging_mixin.py:188} INFO - [2024-09-09T15:41:25.291+0000] {dag.py:3089} INFO - Sync 1 DAGs
[2024-09-09T15:41:25.304+0000] {logging_mixin.py:188} INFO - [2024-09-09T15:41:25.304+0000] {dag.py:3947} INFO - Setting next_dagrun for example_display_name to None, run_after=None
[2024-09-09T15:41:25.323+0000] {processor.py:183} INFO - Processing /home/airflow/.local/lib/python3.12/site-packages/airflow/example_dags/example_display_name.py took 0.064 seconds
[2024-09-09T15:41:55.492+0000] {processor.py:161} INFO - Started process (PID=815) to work on /home/airflow/.local/lib/python3.12/site-packages/airflow/example_dags/example_display_name.py
[2024-09-09T15:41:55.493+0000] {processor.py:830} INFO - Processing file /home/airflow/.local/lib/python3.12/site-packages/airflow/example_dags/example_display_name.py for tasks to queue
[2024-09-09T15:41:55.495+0000] {logging_mixin.py:188} INFO - [2024-09-09T15:41:55.494+0000] {dagbag.py:545} INFO - Filling up the DagBag from /home/airflow/.local/lib/python3.12/site-packages/airflow/example_dags/example_display_name.py
[2024-09-09T15:41:55.500+0000] {processor.py:840} INFO - DAG(s) 'example_display_name' retrieved from /home/airflow/.local/lib/python3.12/site-packages/airflow/example_dags/example_display_name.py
[2024-09-09T15:41:55.521+0000] {logging_mixin.py:188} INFO - [2024-09-09T15:41:55.521+0000] {dag.py:3089} INFO - Sync 1 DAGs
[2024-09-09T15:41:55.536+0000] {logging_mixin.py:188} INFO - [2024-09-09T15:41:55.535+0000] {dag.py:3947} INFO - Setting next_dagrun for example_display_name to None, run_after=None
[2024-09-09T15:41:55.558+0000] {processor.py:183} INFO - Processing /home/airflow/.local/lib/python3.12/site-packages/airflow/example_dags/example_display_name.py took 0.073 seconds
[2024-09-09T15:42:25.796+0000] {processor.py:161} INFO - Started process (PID=874) to work on /home/airflow/.local/lib/python3.12/site-packages/airflow/example_dags/example_display_name.py
[2024-09-09T15:42:25.797+0000] {processor.py:830} INFO - Processing file /home/airflow/.local/lib/python3.12/site-packages/airflow/example_dags/example_display_name.py for tasks to queue
[2024-09-09T15:42:25.799+0000] {logging_mixin.py:188} INFO - [2024-09-09T15:42:25.798+0000] {dagbag.py:545} INFO - Filling up the DagBag from /home/airflow/.local/lib/python3.12/site-packages/airflow/example_dags/example_display_name.py
[2024-09-09T15:42:25.804+0000] {processor.py:840} INFO - DAG(s) 'example_display_name' retrieved from /home/airflow/.local/lib/python3.12/site-packages/airflow/example_dags/example_display_name.py
[2024-09-09T15:42:25.822+0000] {logging_mixin.py:188} INFO - [2024-09-09T15:42:25.821+0000] {dag.py:3089} INFO - Sync 1 DAGs
[2024-09-09T15:42:25.835+0000] {logging_mixin.py:188} INFO - [2024-09-09T15:42:25.834+0000] {dag.py:3947} INFO - Setting next_dagrun for example_display_name to None, run_after=None
[2024-09-09T15:42:25.854+0000] {processor.py:183} INFO - Processing /home/airflow/.local/lib/python3.12/site-packages/airflow/example_dags/example_display_name.py took 0.063 seconds
[2024-09-09T15:42:56.147+0000] {processor.py:161} INFO - Started process (PID=934) to work on /home/airflow/.local/lib/python3.12/site-packages/airflow/example_dags/example_display_name.py
[2024-09-09T15:42:56.148+0000] {processor.py:830} INFO - Processing file /home/airflow/.local/lib/python3.12/site-packages/airflow/example_dags/example_display_name.py for tasks to queue
[2024-09-09T15:42:56.149+0000] {logging_mixin.py:188} INFO - [2024-09-09T15:42:56.149+0000] {dagbag.py:545} INFO - Filling up the DagBag from /home/airflow/.local/lib/python3.12/site-packages/airflow/example_dags/example_display_name.py
[2024-09-09T15:42:56.155+0000] {processor.py:840} INFO - DAG(s) 'example_display_name' retrieved from /home/airflow/.local/lib/python3.12/site-packages/airflow/example_dags/example_display_name.py
[2024-09-09T15:42:56.174+0000] {logging_mixin.py:188} INFO - [2024-09-09T15:42:56.174+0000] {dag.py:3089} INFO - Sync 1 DAGs
[2024-09-09T15:42:56.188+0000] {logging_mixin.py:188} INFO - [2024-09-09T15:42:56.188+0000] {dag.py:3947} INFO - Setting next_dagrun for example_display_name to None, run_after=None
[2024-09-09T15:42:56.207+0000] {processor.py:183} INFO - Processing /home/airflow/.local/lib/python3.12/site-packages/airflow/example_dags/example_display_name.py took 0.066 seconds
[2024-09-09T15:43:26.536+0000] {processor.py:161} INFO - Started process (PID=994) to work on /home/airflow/.local/lib/python3.12/site-packages/airflow/example_dags/example_display_name.py
[2024-09-09T15:43:26.537+0000] {processor.py:830} INFO - Processing file /home/airflow/.local/lib/python3.12/site-packages/airflow/example_dags/example_display_name.py for tasks to queue
[2024-09-09T15:43:26.539+0000] {logging_mixin.py:188} INFO - [2024-09-09T15:43:26.539+0000] {dagbag.py:545} INFO - Filling up the DagBag from /home/airflow/.local/lib/python3.12/site-packages/airflow/example_dags/example_display_name.py
[2024-09-09T15:43:26.545+0000] {processor.py:840} INFO - DAG(s) 'example_display_name' retrieved from /home/airflow/.local/lib/python3.12/site-packages/airflow/example_dags/example_display_name.py
[2024-09-09T15:43:26.564+0000] {logging_mixin.py:188} INFO - [2024-09-09T15:43:26.563+0000] {dag.py:3089} INFO - Sync 1 DAGs
[2024-09-09T15:43:26.579+0000] {logging_mixin.py:188} INFO - [2024-09-09T15:43:26.579+0000] {dag.py:3947} INFO - Setting next_dagrun for example_display_name to None, run_after=None
[2024-09-09T15:43:26.602+0000] {processor.py:183} INFO - Processing /home/airflow/.local/lib/python3.12/site-packages/airflow/example_dags/example_display_name.py took 0.071 seconds
[2024-09-09T15:43:57.185+0000] {processor.py:161} INFO - Started process (PID=1054) to work on /home/airflow/.local/lib/python3.12/site-packages/airflow/example_dags/example_display_name.py
[2024-09-09T15:43:57.186+0000] {processor.py:830} INFO - Processing file /home/airflow/.local/lib/python3.12/site-packages/airflow/example_dags/example_display_name.py for tasks to queue
[2024-09-09T15:43:57.188+0000] {logging_mixin.py:188} INFO - [2024-09-09T15:43:57.188+0000] {dagbag.py:545} INFO - Filling up the DagBag from /home/airflow/.local/lib/python3.12/site-packages/airflow/example_dags/example_display_name.py
[2024-09-09T15:43:57.194+0000] {processor.py:840} INFO - DAG(s) 'example_display_name' retrieved from /home/airflow/.local/lib/python3.12/site-packages/airflow/example_dags/example_display_name.py
[2024-09-09T15:43:57.213+0000] {logging_mixin.py:188} INFO - [2024-09-09T15:43:57.213+0000] {dag.py:3089} INFO - Sync 1 DAGs
[2024-09-09T15:43:57.226+0000] {logging_mixin.py:188} INFO - [2024-09-09T15:43:57.226+0000] {dag.py:3947} INFO - Setting next_dagrun for example_display_name to None, run_after=None
[2024-09-09T15:43:57.247+0000] {processor.py:183} INFO - Processing /home/airflow/.local/lib/python3.12/site-packages/airflow/example_dags/example_display_name.py took 0.068 seconds
[2024-09-09T15:44:28.061+0000] {processor.py:161} INFO - Started process (PID=1114) to work on /home/airflow/.local/lib/python3.12/site-packages/airflow/example_dags/example_display_name.py
[2024-09-09T15:44:28.062+0000] {processor.py:830} INFO - Processing file /home/airflow/.local/lib/python3.12/site-packages/airflow/example_dags/example_display_name.py for tasks to queue
[2024-09-09T15:44:28.064+0000] {logging_mixin.py:188} INFO - [2024-09-09T15:44:28.064+0000] {dagbag.py:545} INFO - Filling up the DagBag from /home/airflow/.local/lib/python3.12/site-packages/airflow/example_dags/example_display_name.py
[2024-09-09T15:44:28.070+0000] {processor.py:840} INFO - DAG(s) 'example_display_name' retrieved from /home/airflow/.local/lib/python3.12/site-packages/airflow/example_dags/example_display_name.py
[2024-09-09T15:44:28.088+0000] {logging_mixin.py:188} INFO - [2024-09-09T15:44:28.088+0000] {dag.py:3089} INFO - Sync 1 DAGs
[2024-09-09T15:44:28.101+0000] {logging_mixin.py:188} INFO - [2024-09-09T15:44:28.101+0000] {dag.py:3947} INFO - Setting next_dagrun for example_display_name to None, run_after=None
[2024-09-09T15:44:28.121+0000] {processor.py:183} INFO - Processing /home/airflow/.local/lib/python3.12/site-packages/airflow/example_dags/example_display_name.py took 0.065 seconds
[2024-09-09T15:44:58.759+0000] {processor.py:161} INFO - Started process (PID=1174) to work on /home/airflow/.local/lib/python3.12/site-packages/airflow/example_dags/example_display_name.py
[2024-09-09T15:44:58.760+0000] {processor.py:830} INFO - Processing file /home/airflow/.local/lib/python3.12/site-packages/airflow/example_dags/example_display_name.py for tasks to queue
[2024-09-09T15:44:58.763+0000] {logging_mixin.py:188} INFO - [2024-09-09T15:44:58.763+0000] {dagbag.py:545} INFO - Filling up the DagBag from /home/airflow/.local/lib/python3.12/site-packages/airflow/example_dags/example_display_name.py
[2024-09-09T15:44:58.770+0000] {processor.py:840} INFO - DAG(s) 'example_display_name' retrieved from /home/airflow/.local/lib/python3.12/site-packages/airflow/example_dags/example_display_name.py
[2024-09-09T15:44:58.792+0000] {logging_mixin.py:188} INFO - [2024-09-09T15:44:58.792+0000] {dag.py:3089} INFO - Sync 1 DAGs
[2024-09-09T15:44:58.809+0000] {logging_mixin.py:188} INFO - [2024-09-09T15:44:58.809+0000] {dag.py:3947} INFO - Setting next_dagrun for example_display_name to None, run_after=None
[2024-09-09T15:44:58.843+0000] {processor.py:183} INFO - Processing /home/airflow/.local/lib/python3.12/site-packages/airflow/example_dags/example_display_name.py took 0.091 seconds
[2024-09-09T15:45:29.619+0000] {processor.py:161} INFO - Started process (PID=1234) to work on /home/airflow/.local/lib/python3.12/site-packages/airflow/example_dags/example_display_name.py
[2024-09-09T15:45:29.620+0000] {processor.py:830} INFO - Processing file /home/airflow/.local/lib/python3.12/site-packages/airflow/example_dags/example_display_name.py for tasks to queue
[2024-09-09T15:45:29.622+0000] {logging_mixin.py:188} INFO - [2024-09-09T15:45:29.622+0000] {dagbag.py:545} INFO - Filling up the DagBag from /home/airflow/.local/lib/python3.12/site-packages/airflow/example_dags/example_display_name.py
[2024-09-09T15:45:29.631+0000] {processor.py:840} INFO - DAG(s) 'example_display_name' retrieved from /home/airflow/.local/lib/python3.12/site-packages/airflow/example_dags/example_display_name.py
[2024-09-09T15:45:29.655+0000] {logging_mixin.py:188} INFO - [2024-09-09T15:45:29.655+0000] {dag.py:3089} INFO - Sync 1 DAGs
[2024-09-09T15:45:29.669+0000] {logging_mixin.py:188} INFO - [2024-09-09T15:45:29.669+0000] {dag.py:3947} INFO - Setting next_dagrun for example_display_name to None, run_after=None
[2024-09-09T15:45:29.691+0000] {processor.py:183} INFO - Processing /home/airflow/.local/lib/python3.12/site-packages/airflow/example_dags/example_display_name.py took 0.078 seconds
[2024-09-09T15:46:00.008+0000] {processor.py:161} INFO - Started process (PID=1294) to work on /home/airflow/.local/lib/python3.12/site-packages/airflow/example_dags/example_display_name.py
[2024-09-09T15:46:00.009+0000] {processor.py:830} INFO - Processing file /home/airflow/.local/lib/python3.12/site-packages/airflow/example_dags/example_display_name.py for tasks to queue
[2024-09-09T15:46:00.011+0000] {logging_mixin.py:188} INFO - [2024-09-09T15:46:00.011+0000] {dagbag.py:545} INFO - Filling up the DagBag from /home/airflow/.local/lib/python3.12/site-packages/airflow/example_dags/example_display_name.py
[2024-09-09T15:46:00.019+0000] {processor.py:840} INFO - DAG(s) 'example_display_name' retrieved from /home/airflow/.local/lib/python3.12/site-packages/airflow/example_dags/example_display_name.py
[2024-09-09T15:46:00.040+0000] {logging_mixin.py:188} INFO - [2024-09-09T15:46:00.039+0000] {dag.py:3089} INFO - Sync 1 DAGs
[2024-09-09T15:46:00.056+0000] {logging_mixin.py:188} INFO - [2024-09-09T15:46:00.056+0000] {dag.py:3947} INFO - Setting next_dagrun for example_display_name to None, run_after=None
[2024-09-09T15:46:00.075+0000] {processor.py:183} INFO - Processing /home/airflow/.local/lib/python3.12/site-packages/airflow/example_dags/example_display_name.py took 0.073 seconds
[2024-09-09T15:46:30.657+0000] {processor.py:161} INFO - Started process (PID=1354) to work on /home/airflow/.local/lib/python3.12/site-packages/airflow/example_dags/example_display_name.py
[2024-09-09T15:46:30.658+0000] {processor.py:830} INFO - Processing file /home/airflow/.local/lib/python3.12/site-packages/airflow/example_dags/example_display_name.py for tasks to queue
[2024-09-09T15:46:30.660+0000] {logging_mixin.py:188} INFO - [2024-09-09T15:46:30.659+0000] {dagbag.py:545} INFO - Filling up the DagBag from /home/airflow/.local/lib/python3.12/site-packages/airflow/example_dags/example_display_name.py
[2024-09-09T15:46:30.666+0000] {processor.py:840} INFO - DAG(s) 'example_display_name' retrieved from /home/airflow/.local/lib/python3.12/site-packages/airflow/example_dags/example_display_name.py
[2024-09-09T15:46:30.685+0000] {logging_mixin.py:188} INFO - [2024-09-09T15:46:30.685+0000] {dag.py:3089} INFO - Sync 1 DAGs
[2024-09-09T15:46:30.699+0000] {logging_mixin.py:188} INFO - [2024-09-09T15:46:30.698+0000] {dag.py:3947} INFO - Setting next_dagrun for example_display_name to None, run_after=None
[2024-09-09T15:46:30.721+0000] {processor.py:183} INFO - Processing /home/airflow/.local/lib/python3.12/site-packages/airflow/example_dags/example_display_name.py took 0.070 seconds
[2024-09-09T15:47:00.766+0000] {processor.py:161} INFO - Started process (PID=1413) to work on /home/airflow/.local/lib/python3.12/site-packages/airflow/example_dags/example_display_name.py
[2024-09-09T15:47:00.767+0000] {processor.py:830} INFO - Processing file /home/airflow/.local/lib/python3.12/site-packages/airflow/example_dags/example_display_name.py for tasks to queue
[2024-09-09T15:47:00.769+0000] {logging_mixin.py:188} INFO - [2024-09-09T15:47:00.769+0000] {dagbag.py:545} INFO - Filling up the DagBag from /home/airflow/.local/lib/python3.12/site-packages/airflow/example_dags/example_display_name.py
[2024-09-09T15:47:00.775+0000] {processor.py:840} INFO - DAG(s) 'example_display_name' retrieved from /home/airflow/.local/lib/python3.12/site-packages/airflow/example_dags/example_display_name.py
[2024-09-09T15:47:00.793+0000] {logging_mixin.py:188} INFO - [2024-09-09T15:47:00.793+0000] {dag.py:3089} INFO - Sync 1 DAGs
[2024-09-09T15:47:00.807+0000] {logging_mixin.py:188} INFO - [2024-09-09T15:47:00.807+0000] {dag.py:3947} INFO - Setting next_dagrun for example_display_name to None, run_after=None
[2024-09-09T15:47:00.826+0000] {processor.py:183} INFO - Processing /home/airflow/.local/lib/python3.12/site-packages/airflow/example_dags/example_display_name.py took 0.066 seconds
[2024-09-09T15:47:31.464+0000] {processor.py:161} INFO - Started process (PID=1473) to work on /home/airflow/.local/lib/python3.12/site-packages/airflow/example_dags/example_display_name.py
[2024-09-09T15:47:31.465+0000] {processor.py:830} INFO - Processing file /home/airflow/.local/lib/python3.12/site-packages/airflow/example_dags/example_display_name.py for tasks to queue
[2024-09-09T15:47:31.467+0000] {logging_mixin.py:188} INFO - [2024-09-09T15:47:31.466+0000] {dagbag.py:545} INFO - Filling up the DagBag from /home/airflow/.local/lib/python3.12/site-packages/airflow/example_dags/example_display_name.py
[2024-09-09T15:47:31.473+0000] {processor.py:840} INFO - DAG(s) 'example_display_name' retrieved from /home/airflow/.local/lib/python3.12/site-packages/airflow/example_dags/example_display_name.py
[2024-09-09T15:47:31.492+0000] {logging_mixin.py:188} INFO - [2024-09-09T15:47:31.492+0000] {dag.py:3089} INFO - Sync 1 DAGs
[2024-09-09T15:47:31.507+0000] {logging_mixin.py:188} INFO - [2024-09-09T15:47:31.507+0000] {dag.py:3947} INFO - Setting next_dagrun for example_display_name to None, run_after=None
[2024-09-09T15:47:31.527+0000] {processor.py:183} INFO - Processing /home/airflow/.local/lib/python3.12/site-packages/airflow/example_dags/example_display_name.py took 0.069 seconds
[2024-09-09T15:48:02.359+0000] {processor.py:161} INFO - Started process (PID=1534) to work on /home/airflow/.local/lib/python3.12/site-packages/airflow/example_dags/example_display_name.py
[2024-09-09T15:48:02.360+0000] {processor.py:830} INFO - Processing file /home/airflow/.local/lib/python3.12/site-packages/airflow/example_dags/example_display_name.py for tasks to queue
[2024-09-09T15:48:02.362+0000] {logging_mixin.py:188} INFO - [2024-09-09T15:48:02.361+0000] {dagbag.py:545} INFO - Filling up the DagBag from /home/airflow/.local/lib/python3.12/site-packages/airflow/example_dags/example_display_name.py
[2024-09-09T15:48:02.368+0000] {processor.py:840} INFO - DAG(s) 'example_display_name' retrieved from /home/airflow/.local/lib/python3.12/site-packages/airflow/example_dags/example_display_name.py
[2024-09-09T15:48:02.387+0000] {logging_mixin.py:188} INFO - [2024-09-09T15:48:02.387+0000] {dag.py:3089} INFO - Sync 1 DAGs
[2024-09-09T15:48:02.401+0000] {logging_mixin.py:188} INFO - [2024-09-09T15:48:02.400+0000] {dag.py:3947} INFO - Setting next_dagrun for example_display_name to None, run_after=None
[2024-09-09T15:48:02.420+0000] {processor.py:183} INFO - Processing /home/airflow/.local/lib/python3.12/site-packages/airflow/example_dags/example_display_name.py took 0.067 seconds
