[2024-09-09T15:35:45.781+0000] {processor.py:161} INFO - Started process (PID=66) to work on /home/airflow/.local/lib/python3.12/site-packages/airflow/example_dags/example_python_decorator.py
[2024-09-09T15:35:45.782+0000] {processor.py:830} INFO - Processing file /home/airflow/.local/lib/python3.12/site-packages/airflow/example_dags/example_python_decorator.py for tasks to queue
[2024-09-09T15:35:45.784+0000] {logging_mixin.py:188} INFO - [2024-09-09T15:35:45.784+0000] {dagbag.py:545} INFO - Filling up the DagBag from /home/airflow/.local/lib/python3.12/site-packages/airflow/example_dags/example_python_decorator.py
[2024-09-09T15:35:45.803+0000] {processor.py:840} INFO - DAG(s) 'example_python_decorator' retrieved from /home/airflow/.local/lib/python3.12/site-packages/airflow/example_dags/example_python_decorator.py
[2024-09-09T15:35:45.816+0000] {logging_mixin.py:188} INFO - [2024-09-09T15:35:45.816+0000] {dag.py:3089} INFO - Sync 1 DAGs
[2024-09-09T15:35:45.835+0000] {logging_mixin.py:188} INFO - [2024-09-09T15:35:45.834+0000] {dag.py:3947} INFO - Setting next_dagrun for example_python_decorator to None, run_after=None
[2024-09-09T15:35:45.864+0000] {processor.py:183} INFO - Processing /home/airflow/.local/lib/python3.12/site-packages/airflow/example_dags/example_python_decorator.py took 0.089 seconds
[2024-09-09T15:36:16.065+0000] {processor.py:161} INFO - Started process (PID=124) to work on /home/airflow/.local/lib/python3.12/site-packages/airflow/example_dags/example_python_decorator.py
[2024-09-09T15:36:16.066+0000] {processor.py:830} INFO - Processing file /home/airflow/.local/lib/python3.12/site-packages/airflow/example_dags/example_python_decorator.py for tasks to queue
[2024-09-09T15:36:16.068+0000] {logging_mixin.py:188} INFO - [2024-09-09T15:36:16.068+0000] {dagbag.py:545} INFO - Filling up the DagBag from /home/airflow/.local/lib/python3.12/site-packages/airflow/example_dags/example_python_decorator.py
[2024-09-09T15:36:16.081+0000] {processor.py:840} INFO - DAG(s) 'example_python_decorator' retrieved from /home/airflow/.local/lib/python3.12/site-packages/airflow/example_dags/example_python_decorator.py
[2024-09-09T15:36:16.204+0000] {logging_mixin.py:188} INFO - [2024-09-09T15:36:16.203+0000] {dag.py:3089} INFO - Sync 1 DAGs
[2024-09-09T15:36:16.217+0000] {logging_mixin.py:188} INFO - [2024-09-09T15:36:16.217+0000] {dag.py:3947} INFO - Setting next_dagrun for example_python_decorator to None, run_after=None
[2024-09-09T15:36:16.237+0000] {processor.py:183} INFO - Processing /home/airflow/.local/lib/python3.12/site-packages/airflow/example_dags/example_python_decorator.py took 0.178 seconds
[2024-09-09T15:36:46.630+0000] {processor.py:161} INFO - Started process (PID=184) to work on /home/airflow/.local/lib/python3.12/site-packages/airflow/example_dags/example_python_decorator.py
[2024-09-09T15:36:46.631+0000] {processor.py:830} INFO - Processing file /home/airflow/.local/lib/python3.12/site-packages/airflow/example_dags/example_python_decorator.py for tasks to queue
[2024-09-09T15:36:46.633+0000] {logging_mixin.py:188} INFO - [2024-09-09T15:36:46.633+0000] {dagbag.py:545} INFO - Filling up the DagBag from /home/airflow/.local/lib/python3.12/site-packages/airflow/example_dags/example_python_decorator.py
[2024-09-09T15:36:46.649+0000] {processor.py:840} INFO - DAG(s) 'example_python_decorator' retrieved from /home/airflow/.local/lib/python3.12/site-packages/airflow/example_dags/example_python_decorator.py
[2024-09-09T15:36:46.681+0000] {logging_mixin.py:188} INFO - [2024-09-09T15:36:46.680+0000] {dag.py:3089} INFO - Sync 1 DAGs
[2024-09-09T15:36:46.701+0000] {logging_mixin.py:188} INFO - [2024-09-09T15:36:46.701+0000] {dag.py:3947} INFO - Setting next_dagrun for example_python_decorator to None, run_after=None
[2024-09-09T15:36:46.732+0000] {processor.py:183} INFO - Processing /home/airflow/.local/lib/python3.12/site-packages/airflow/example_dags/example_python_decorator.py took 0.108 seconds
[2024-09-09T15:37:16.884+0000] {processor.py:161} INFO - Started process (PID=244) to work on /home/airflow/.local/lib/python3.12/site-packages/airflow/example_dags/example_python_decorator.py
[2024-09-09T15:37:16.885+0000] {processor.py:830} INFO - Processing file /home/airflow/.local/lib/python3.12/site-packages/airflow/example_dags/example_python_decorator.py for tasks to queue
[2024-09-09T15:37:16.887+0000] {logging_mixin.py:188} INFO - [2024-09-09T15:37:16.887+0000] {dagbag.py:545} INFO - Filling up the DagBag from /home/airflow/.local/lib/python3.12/site-packages/airflow/example_dags/example_python_decorator.py
[2024-09-09T15:37:16.900+0000] {processor.py:840} INFO - DAG(s) 'example_python_decorator' retrieved from /home/airflow/.local/lib/python3.12/site-packages/airflow/example_dags/example_python_decorator.py
[2024-09-09T15:37:16.922+0000] {logging_mixin.py:188} INFO - [2024-09-09T15:37:16.922+0000] {dag.py:3089} INFO - Sync 1 DAGs
[2024-09-09T15:37:16.936+0000] {logging_mixin.py:188} INFO - [2024-09-09T15:37:16.936+0000] {dag.py:3947} INFO - Setting next_dagrun for example_python_decorator to None, run_after=None
[2024-09-09T15:37:16.954+0000] {processor.py:183} INFO - Processing /home/airflow/.local/lib/python3.12/site-packages/airflow/example_dags/example_python_decorator.py took 0.076 seconds
[2024-09-09T15:37:47.339+0000] {processor.py:161} INFO - Started process (PID=304) to work on /home/airflow/.local/lib/python3.12/site-packages/airflow/example_dags/example_python_decorator.py
[2024-09-09T15:37:47.340+0000] {processor.py:830} INFO - Processing file /home/airflow/.local/lib/python3.12/site-packages/airflow/example_dags/example_python_decorator.py for tasks to queue
[2024-09-09T15:37:47.342+0000] {logging_mixin.py:188} INFO - [2024-09-09T15:37:47.342+0000] {dagbag.py:545} INFO - Filling up the DagBag from /home/airflow/.local/lib/python3.12/site-packages/airflow/example_dags/example_python_decorator.py
[2024-09-09T15:37:47.357+0000] {processor.py:840} INFO - DAG(s) 'example_python_decorator' retrieved from /home/airflow/.local/lib/python3.12/site-packages/airflow/example_dags/example_python_decorator.py
[2024-09-09T15:37:47.382+0000] {logging_mixin.py:188} INFO - [2024-09-09T15:37:47.382+0000] {dag.py:3089} INFO - Sync 1 DAGs
[2024-09-09T15:37:47.397+0000] {logging_mixin.py:188} INFO - [2024-09-09T15:37:47.396+0000] {dag.py:3947} INFO - Setting next_dagrun for example_python_decorator to None, run_after=None
[2024-09-09T15:37:47.417+0000] {processor.py:183} INFO - Processing /home/airflow/.local/lib/python3.12/site-packages/airflow/example_dags/example_python_decorator.py took 0.085 seconds
[2024-09-09T15:38:17.813+0000] {processor.py:161} INFO - Started process (PID=364) to work on /home/airflow/.local/lib/python3.12/site-packages/airflow/example_dags/example_python_decorator.py
[2024-09-09T15:38:17.814+0000] {processor.py:830} INFO - Processing file /home/airflow/.local/lib/python3.12/site-packages/airflow/example_dags/example_python_decorator.py for tasks to queue
[2024-09-09T15:38:17.816+0000] {logging_mixin.py:188} INFO - [2024-09-09T15:38:17.816+0000] {dagbag.py:545} INFO - Filling up the DagBag from /home/airflow/.local/lib/python3.12/site-packages/airflow/example_dags/example_python_decorator.py
[2024-09-09T15:38:17.832+0000] {processor.py:840} INFO - DAG(s) 'example_python_decorator' retrieved from /home/airflow/.local/lib/python3.12/site-packages/airflow/example_dags/example_python_decorator.py
[2024-09-09T15:38:17.859+0000] {logging_mixin.py:188} INFO - [2024-09-09T15:38:17.858+0000] {dag.py:3089} INFO - Sync 1 DAGs
[2024-09-09T15:38:17.875+0000] {logging_mixin.py:188} INFO - [2024-09-09T15:38:17.875+0000] {dag.py:3947} INFO - Setting next_dagrun for example_python_decorator to None, run_after=None
[2024-09-09T15:38:17.899+0000] {processor.py:183} INFO - Processing /home/airflow/.local/lib/python3.12/site-packages/airflow/example_dags/example_python_decorator.py took 0.094 seconds
[2024-09-09T15:38:48.401+0000] {processor.py:161} INFO - Started process (PID=424) to work on /home/airflow/.local/lib/python3.12/site-packages/airflow/example_dags/example_python_decorator.py
[2024-09-09T15:38:48.402+0000] {processor.py:830} INFO - Processing file /home/airflow/.local/lib/python3.12/site-packages/airflow/example_dags/example_python_decorator.py for tasks to queue
[2024-09-09T15:38:48.404+0000] {logging_mixin.py:188} INFO - [2024-09-09T15:38:48.404+0000] {dagbag.py:545} INFO - Filling up the DagBag from /home/airflow/.local/lib/python3.12/site-packages/airflow/example_dags/example_python_decorator.py
[2024-09-09T15:38:48.417+0000] {processor.py:840} INFO - DAG(s) 'example_python_decorator' retrieved from /home/airflow/.local/lib/python3.12/site-packages/airflow/example_dags/example_python_decorator.py
[2024-09-09T15:38:48.441+0000] {logging_mixin.py:188} INFO - [2024-09-09T15:38:48.441+0000] {dag.py:3089} INFO - Sync 1 DAGs
[2024-09-09T15:38:48.455+0000] {logging_mixin.py:188} INFO - [2024-09-09T15:38:48.454+0000] {dag.py:3947} INFO - Setting next_dagrun for example_python_decorator to None, run_after=None
[2024-09-09T15:38:48.475+0000] {processor.py:183} INFO - Processing /home/airflow/.local/lib/python3.12/site-packages/airflow/example_dags/example_python_decorator.py took 0.080 seconds
[2024-09-09T15:39:19.081+0000] {processor.py:161} INFO - Started process (PID=484) to work on /home/airflow/.local/lib/python3.12/site-packages/airflow/example_dags/example_python_decorator.py
[2024-09-09T15:39:19.083+0000] {processor.py:830} INFO - Processing file /home/airflow/.local/lib/python3.12/site-packages/airflow/example_dags/example_python_decorator.py for tasks to queue
[2024-09-09T15:39:19.085+0000] {logging_mixin.py:188} INFO - [2024-09-09T15:39:19.084+0000] {dagbag.py:545} INFO - Filling up the DagBag from /home/airflow/.local/lib/python3.12/site-packages/airflow/example_dags/example_python_decorator.py
[2024-09-09T15:39:19.097+0000] {processor.py:840} INFO - DAG(s) 'example_python_decorator' retrieved from /home/airflow/.local/lib/python3.12/site-packages/airflow/example_dags/example_python_decorator.py
[2024-09-09T15:39:19.120+0000] {logging_mixin.py:188} INFO - [2024-09-09T15:39:19.120+0000] {dag.py:3089} INFO - Sync 1 DAGs
[2024-09-09T15:39:19.134+0000] {logging_mixin.py:188} INFO - [2024-09-09T15:39:19.134+0000] {dag.py:3947} INFO - Setting next_dagrun for example_python_decorator to None, run_after=None
[2024-09-09T15:39:19.153+0000] {processor.py:183} INFO - Processing /home/airflow/.local/lib/python3.12/site-packages/airflow/example_dags/example_python_decorator.py took 0.077 seconds
[2024-09-09T15:39:49.323+0000] {processor.py:161} INFO - Started process (PID=544) to work on /home/airflow/.local/lib/python3.12/site-packages/airflow/example_dags/example_python_decorator.py
[2024-09-09T15:39:49.324+0000] {processor.py:830} INFO - Processing file /home/airflow/.local/lib/python3.12/site-packages/airflow/example_dags/example_python_decorator.py for tasks to queue
[2024-09-09T15:39:49.326+0000] {logging_mixin.py:188} INFO - [2024-09-09T15:39:49.326+0000] {dagbag.py:545} INFO - Filling up the DagBag from /home/airflow/.local/lib/python3.12/site-packages/airflow/example_dags/example_python_decorator.py
[2024-09-09T15:39:49.340+0000] {processor.py:840} INFO - DAG(s) 'example_python_decorator' retrieved from /home/airflow/.local/lib/python3.12/site-packages/airflow/example_dags/example_python_decorator.py
[2024-09-09T15:39:49.364+0000] {logging_mixin.py:188} INFO - [2024-09-09T15:39:49.363+0000] {dag.py:3089} INFO - Sync 1 DAGs
[2024-09-09T15:39:49.377+0000] {logging_mixin.py:188} INFO - [2024-09-09T15:39:49.377+0000] {dag.py:3947} INFO - Setting next_dagrun for example_python_decorator to None, run_after=None
[2024-09-09T15:39:49.400+0000] {processor.py:183} INFO - Processing /home/airflow/.local/lib/python3.12/site-packages/airflow/example_dags/example_python_decorator.py took 0.082 seconds
[2024-09-09T15:40:19.734+0000] {processor.py:161} INFO - Started process (PID=604) to work on /home/airflow/.local/lib/python3.12/site-packages/airflow/example_dags/example_python_decorator.py
[2024-09-09T15:40:19.735+0000] {processor.py:830} INFO - Processing file /home/airflow/.local/lib/python3.12/site-packages/airflow/example_dags/example_python_decorator.py for tasks to queue
[2024-09-09T15:40:19.737+0000] {logging_mixin.py:188} INFO - [2024-09-09T15:40:19.737+0000] {dagbag.py:545} INFO - Filling up the DagBag from /home/airflow/.local/lib/python3.12/site-packages/airflow/example_dags/example_python_decorator.py
[2024-09-09T15:40:19.751+0000] {processor.py:840} INFO - DAG(s) 'example_python_decorator' retrieved from /home/airflow/.local/lib/python3.12/site-packages/airflow/example_dags/example_python_decorator.py
[2024-09-09T15:40:19.773+0000] {logging_mixin.py:188} INFO - [2024-09-09T15:40:19.772+0000] {dag.py:3089} INFO - Sync 1 DAGs
[2024-09-09T15:40:19.787+0000] {logging_mixin.py:188} INFO - [2024-09-09T15:40:19.787+0000] {dag.py:3947} INFO - Setting next_dagrun for example_python_decorator to None, run_after=None
[2024-09-09T15:40:19.807+0000] {processor.py:183} INFO - Processing /home/airflow/.local/lib/python3.12/site-packages/airflow/example_dags/example_python_decorator.py took 0.079 seconds
[2024-09-09T15:40:50.053+0000] {processor.py:161} INFO - Started process (PID=664) to work on /home/airflow/.local/lib/python3.12/site-packages/airflow/example_dags/example_python_decorator.py
[2024-09-09T15:40:50.054+0000] {processor.py:830} INFO - Processing file /home/airflow/.local/lib/python3.12/site-packages/airflow/example_dags/example_python_decorator.py for tasks to queue
[2024-09-09T15:40:50.056+0000] {logging_mixin.py:188} INFO - [2024-09-09T15:40:50.055+0000] {dagbag.py:545} INFO - Filling up the DagBag from /home/airflow/.local/lib/python3.12/site-packages/airflow/example_dags/example_python_decorator.py
[2024-09-09T15:40:50.070+0000] {processor.py:840} INFO - DAG(s) 'example_python_decorator' retrieved from /home/airflow/.local/lib/python3.12/site-packages/airflow/example_dags/example_python_decorator.py
[2024-09-09T15:40:50.100+0000] {logging_mixin.py:188} INFO - [2024-09-09T15:40:50.098+0000] {dag.py:3089} INFO - Sync 1 DAGs
[2024-09-09T15:40:50.118+0000] {logging_mixin.py:188} INFO - [2024-09-09T15:40:50.118+0000] {dag.py:3947} INFO - Setting next_dagrun for example_python_decorator to None, run_after=None
[2024-09-09T15:40:50.142+0000] {processor.py:183} INFO - Processing /home/airflow/.local/lib/python3.12/site-packages/airflow/example_dags/example_python_decorator.py took 0.096 seconds
[2024-09-09T15:41:20.348+0000] {processor.py:161} INFO - Started process (PID=724) to work on /home/airflow/.local/lib/python3.12/site-packages/airflow/example_dags/example_python_decorator.py
[2024-09-09T15:41:20.349+0000] {processor.py:830} INFO - Processing file /home/airflow/.local/lib/python3.12/site-packages/airflow/example_dags/example_python_decorator.py for tasks to queue
[2024-09-09T15:41:20.351+0000] {logging_mixin.py:188} INFO - [2024-09-09T15:41:20.351+0000] {dagbag.py:545} INFO - Filling up the DagBag from /home/airflow/.local/lib/python3.12/site-packages/airflow/example_dags/example_python_decorator.py
[2024-09-09T15:41:20.365+0000] {processor.py:840} INFO - DAG(s) 'example_python_decorator' retrieved from /home/airflow/.local/lib/python3.12/site-packages/airflow/example_dags/example_python_decorator.py
[2024-09-09T15:41:20.388+0000] {logging_mixin.py:188} INFO - [2024-09-09T15:41:20.387+0000] {dag.py:3089} INFO - Sync 1 DAGs
[2024-09-09T15:41:20.403+0000] {logging_mixin.py:188} INFO - [2024-09-09T15:41:20.403+0000] {dag.py:3947} INFO - Setting next_dagrun for example_python_decorator to None, run_after=None
[2024-09-09T15:41:20.422+0000] {processor.py:183} INFO - Processing /home/airflow/.local/lib/python3.12/site-packages/airflow/example_dags/example_python_decorator.py took 0.080 seconds
[2024-09-09T15:41:50.767+0000] {processor.py:161} INFO - Started process (PID=784) to work on /home/airflow/.local/lib/python3.12/site-packages/airflow/example_dags/example_python_decorator.py
[2024-09-09T15:41:50.769+0000] {processor.py:830} INFO - Processing file /home/airflow/.local/lib/python3.12/site-packages/airflow/example_dags/example_python_decorator.py for tasks to queue
[2024-09-09T15:41:50.771+0000] {logging_mixin.py:188} INFO - [2024-09-09T15:41:50.771+0000] {dagbag.py:545} INFO - Filling up the DagBag from /home/airflow/.local/lib/python3.12/site-packages/airflow/example_dags/example_python_decorator.py
[2024-09-09T15:41:50.785+0000] {processor.py:840} INFO - DAG(s) 'example_python_decorator' retrieved from /home/airflow/.local/lib/python3.12/site-packages/airflow/example_dags/example_python_decorator.py
[2024-09-09T15:41:50.810+0000] {logging_mixin.py:188} INFO - [2024-09-09T15:41:50.809+0000] {dag.py:3089} INFO - Sync 1 DAGs
[2024-09-09T15:41:50.825+0000] {logging_mixin.py:188} INFO - [2024-09-09T15:41:50.825+0000] {dag.py:3947} INFO - Setting next_dagrun for example_python_decorator to None, run_after=None
[2024-09-09T15:41:50.846+0000] {processor.py:183} INFO - Processing /home/airflow/.local/lib/python3.12/site-packages/airflow/example_dags/example_python_decorator.py took 0.085 seconds
[2024-09-09T15:42:21.156+0000] {processor.py:161} INFO - Started process (PID=844) to work on /home/airflow/.local/lib/python3.12/site-packages/airflow/example_dags/example_python_decorator.py
[2024-09-09T15:42:21.157+0000] {processor.py:830} INFO - Processing file /home/airflow/.local/lib/python3.12/site-packages/airflow/example_dags/example_python_decorator.py for tasks to queue
[2024-09-09T15:42:21.159+0000] {logging_mixin.py:188} INFO - [2024-09-09T15:42:21.159+0000] {dagbag.py:545} INFO - Filling up the DagBag from /home/airflow/.local/lib/python3.12/site-packages/airflow/example_dags/example_python_decorator.py
[2024-09-09T15:42:21.172+0000] {processor.py:840} INFO - DAG(s) 'example_python_decorator' retrieved from /home/airflow/.local/lib/python3.12/site-packages/airflow/example_dags/example_python_decorator.py
[2024-09-09T15:42:21.197+0000] {logging_mixin.py:188} INFO - [2024-09-09T15:42:21.196+0000] {dag.py:3089} INFO - Sync 1 DAGs
[2024-09-09T15:42:21.211+0000] {logging_mixin.py:188} INFO - [2024-09-09T15:42:21.211+0000] {dag.py:3947} INFO - Setting next_dagrun for example_python_decorator to None, run_after=None
[2024-09-09T15:42:21.232+0000] {processor.py:183} INFO - Processing /home/airflow/.local/lib/python3.12/site-packages/airflow/example_dags/example_python_decorator.py took 0.082 seconds
[2024-09-09T15:42:51.512+0000] {processor.py:161} INFO - Started process (PID=904) to work on /home/airflow/.local/lib/python3.12/site-packages/airflow/example_dags/example_python_decorator.py
[2024-09-09T15:42:51.513+0000] {processor.py:830} INFO - Processing file /home/airflow/.local/lib/python3.12/site-packages/airflow/example_dags/example_python_decorator.py for tasks to queue
[2024-09-09T15:42:51.515+0000] {logging_mixin.py:188} INFO - [2024-09-09T15:42:51.514+0000] {dagbag.py:545} INFO - Filling up the DagBag from /home/airflow/.local/lib/python3.12/site-packages/airflow/example_dags/example_python_decorator.py
[2024-09-09T15:42:51.529+0000] {processor.py:840} INFO - DAG(s) 'example_python_decorator' retrieved from /home/airflow/.local/lib/python3.12/site-packages/airflow/example_dags/example_python_decorator.py
[2024-09-09T15:42:51.551+0000] {logging_mixin.py:188} INFO - [2024-09-09T15:42:51.551+0000] {dag.py:3089} INFO - Sync 1 DAGs
[2024-09-09T15:42:51.565+0000] {logging_mixin.py:188} INFO - [2024-09-09T15:42:51.564+0000] {dag.py:3947} INFO - Setting next_dagrun for example_python_decorator to None, run_after=None
[2024-09-09T15:42:51.584+0000] {processor.py:183} INFO - Processing /home/airflow/.local/lib/python3.12/site-packages/airflow/example_dags/example_python_decorator.py took 0.078 seconds
[2024-09-09T15:43:21.854+0000] {processor.py:161} INFO - Started process (PID=964) to work on /home/airflow/.local/lib/python3.12/site-packages/airflow/example_dags/example_python_decorator.py
[2024-09-09T15:43:21.855+0000] {processor.py:830} INFO - Processing file /home/airflow/.local/lib/python3.12/site-packages/airflow/example_dags/example_python_decorator.py for tasks to queue
[2024-09-09T15:43:21.857+0000] {logging_mixin.py:188} INFO - [2024-09-09T15:43:21.857+0000] {dagbag.py:545} INFO - Filling up the DagBag from /home/airflow/.local/lib/python3.12/site-packages/airflow/example_dags/example_python_decorator.py
[2024-09-09T15:43:21.871+0000] {processor.py:840} INFO - DAG(s) 'example_python_decorator' retrieved from /home/airflow/.local/lib/python3.12/site-packages/airflow/example_dags/example_python_decorator.py
[2024-09-09T15:43:21.894+0000] {logging_mixin.py:188} INFO - [2024-09-09T15:43:21.894+0000] {dag.py:3089} INFO - Sync 1 DAGs
[2024-09-09T15:43:21.907+0000] {logging_mixin.py:188} INFO - [2024-09-09T15:43:21.907+0000] {dag.py:3947} INFO - Setting next_dagrun for example_python_decorator to None, run_after=None
[2024-09-09T15:43:21.927+0000] {processor.py:183} INFO - Processing /home/airflow/.local/lib/python3.12/site-packages/airflow/example_dags/example_python_decorator.py took 0.078 seconds
[2024-09-09T15:43:52.494+0000] {processor.py:161} INFO - Started process (PID=1024) to work on /home/airflow/.local/lib/python3.12/site-packages/airflow/example_dags/example_python_decorator.py
[2024-09-09T15:43:52.495+0000] {processor.py:830} INFO - Processing file /home/airflow/.local/lib/python3.12/site-packages/airflow/example_dags/example_python_decorator.py for tasks to queue
[2024-09-09T15:43:52.497+0000] {logging_mixin.py:188} INFO - [2024-09-09T15:43:52.497+0000] {dagbag.py:545} INFO - Filling up the DagBag from /home/airflow/.local/lib/python3.12/site-packages/airflow/example_dags/example_python_decorator.py
[2024-09-09T15:43:52.511+0000] {processor.py:840} INFO - DAG(s) 'example_python_decorator' retrieved from /home/airflow/.local/lib/python3.12/site-packages/airflow/example_dags/example_python_decorator.py
[2024-09-09T15:43:52.534+0000] {logging_mixin.py:188} INFO - [2024-09-09T15:43:52.534+0000] {dag.py:3089} INFO - Sync 1 DAGs
[2024-09-09T15:43:52.548+0000] {logging_mixin.py:188} INFO - [2024-09-09T15:43:52.547+0000] {dag.py:3947} INFO - Setting next_dagrun for example_python_decorator to None, run_after=None
[2024-09-09T15:43:52.567+0000] {processor.py:183} INFO - Processing /home/airflow/.local/lib/python3.12/site-packages/airflow/example_dags/example_python_decorator.py took 0.080 seconds
[2024-09-09T15:44:23.353+0000] {processor.py:161} INFO - Started process (PID=1084) to work on /home/airflow/.local/lib/python3.12/site-packages/airflow/example_dags/example_python_decorator.py
[2024-09-09T15:44:23.353+0000] {processor.py:830} INFO - Processing file /home/airflow/.local/lib/python3.12/site-packages/airflow/example_dags/example_python_decorator.py for tasks to queue
[2024-09-09T15:44:23.356+0000] {logging_mixin.py:188} INFO - [2024-09-09T15:44:23.355+0000] {dagbag.py:545} INFO - Filling up the DagBag from /home/airflow/.local/lib/python3.12/site-packages/airflow/example_dags/example_python_decorator.py
[2024-09-09T15:44:23.370+0000] {processor.py:840} INFO - DAG(s) 'example_python_decorator' retrieved from /home/airflow/.local/lib/python3.12/site-packages/airflow/example_dags/example_python_decorator.py
[2024-09-09T15:44:23.396+0000] {logging_mixin.py:188} INFO - [2024-09-09T15:44:23.396+0000] {dag.py:3089} INFO - Sync 1 DAGs
[2024-09-09T15:44:23.410+0000] {logging_mixin.py:188} INFO - [2024-09-09T15:44:23.409+0000] {dag.py:3947} INFO - Setting next_dagrun for example_python_decorator to None, run_after=None
[2024-09-09T15:44:23.431+0000] {processor.py:183} INFO - Processing /home/airflow/.local/lib/python3.12/site-packages/airflow/example_dags/example_python_decorator.py took 0.084 seconds
[2024-09-09T15:44:54.030+0000] {processor.py:161} INFO - Started process (PID=1144) to work on /home/airflow/.local/lib/python3.12/site-packages/airflow/example_dags/example_python_decorator.py
[2024-09-09T15:44:54.031+0000] {processor.py:830} INFO - Processing file /home/airflow/.local/lib/python3.12/site-packages/airflow/example_dags/example_python_decorator.py for tasks to queue
[2024-09-09T15:44:54.034+0000] {logging_mixin.py:188} INFO - [2024-09-09T15:44:54.033+0000] {dagbag.py:545} INFO - Filling up the DagBag from /home/airflow/.local/lib/python3.12/site-packages/airflow/example_dags/example_python_decorator.py
[2024-09-09T15:44:54.047+0000] {processor.py:840} INFO - DAG(s) 'example_python_decorator' retrieved from /home/airflow/.local/lib/python3.12/site-packages/airflow/example_dags/example_python_decorator.py
[2024-09-09T15:44:54.068+0000] {logging_mixin.py:188} INFO - [2024-09-09T15:44:54.068+0000] {dag.py:3089} INFO - Sync 1 DAGs
[2024-09-09T15:44:54.084+0000] {logging_mixin.py:188} INFO - [2024-09-09T15:44:54.084+0000] {dag.py:3947} INFO - Setting next_dagrun for example_python_decorator to None, run_after=None
[2024-09-09T15:44:54.105+0000] {processor.py:183} INFO - Processing /home/airflow/.local/lib/python3.12/site-packages/airflow/example_dags/example_python_decorator.py took 0.081 seconds
[2024-09-09T15:45:24.905+0000] {processor.py:161} INFO - Started process (PID=1204) to work on /home/airflow/.local/lib/python3.12/site-packages/airflow/example_dags/example_python_decorator.py
[2024-09-09T15:45:24.906+0000] {processor.py:830} INFO - Processing file /home/airflow/.local/lib/python3.12/site-packages/airflow/example_dags/example_python_decorator.py for tasks to queue
[2024-09-09T15:45:24.909+0000] {logging_mixin.py:188} INFO - [2024-09-09T15:45:24.908+0000] {dagbag.py:545} INFO - Filling up the DagBag from /home/airflow/.local/lib/python3.12/site-packages/airflow/example_dags/example_python_decorator.py
[2024-09-09T15:45:24.928+0000] {processor.py:840} INFO - DAG(s) 'example_python_decorator' retrieved from /home/airflow/.local/lib/python3.12/site-packages/airflow/example_dags/example_python_decorator.py
[2024-09-09T15:45:24.954+0000] {logging_mixin.py:188} INFO - [2024-09-09T15:45:24.954+0000] {dag.py:3089} INFO - Sync 1 DAGs
[2024-09-09T15:45:24.969+0000] {logging_mixin.py:188} INFO - [2024-09-09T15:45:24.969+0000] {dag.py:3947} INFO - Setting next_dagrun for example_python_decorator to None, run_after=None
[2024-09-09T15:45:24.989+0000] {processor.py:183} INFO - Processing /home/airflow/.local/lib/python3.12/site-packages/airflow/example_dags/example_python_decorator.py took 0.091 seconds
[2024-09-09T15:45:56.047+0000] {processor.py:161} INFO - Started process (PID=1264) to work on /home/airflow/.local/lib/python3.12/site-packages/airflow/example_dags/example_python_decorator.py
[2024-09-09T15:45:56.048+0000] {processor.py:830} INFO - Processing file /home/airflow/.local/lib/python3.12/site-packages/airflow/example_dags/example_python_decorator.py for tasks to queue
[2024-09-09T15:45:56.050+0000] {logging_mixin.py:188} INFO - [2024-09-09T15:45:56.049+0000] {dagbag.py:545} INFO - Filling up the DagBag from /home/airflow/.local/lib/python3.12/site-packages/airflow/example_dags/example_python_decorator.py
[2024-09-09T15:45:56.063+0000] {processor.py:840} INFO - DAG(s) 'example_python_decorator' retrieved from /home/airflow/.local/lib/python3.12/site-packages/airflow/example_dags/example_python_decorator.py
[2024-09-09T15:45:56.085+0000] {logging_mixin.py:188} INFO - [2024-09-09T15:45:56.085+0000] {dag.py:3089} INFO - Sync 1 DAGs
[2024-09-09T15:45:56.098+0000] {logging_mixin.py:188} INFO - [2024-09-09T15:45:56.098+0000] {dag.py:3947} INFO - Setting next_dagrun for example_python_decorator to None, run_after=None
[2024-09-09T15:45:56.118+0000] {processor.py:183} INFO - Processing /home/airflow/.local/lib/python3.12/site-packages/airflow/example_dags/example_python_decorator.py took 0.076 seconds
[2024-09-09T15:46:26.574+0000] {processor.py:161} INFO - Started process (PID=1324) to work on /home/airflow/.local/lib/python3.12/site-packages/airflow/example_dags/example_python_decorator.py
[2024-09-09T15:46:26.575+0000] {processor.py:830} INFO - Processing file /home/airflow/.local/lib/python3.12/site-packages/airflow/example_dags/example_python_decorator.py for tasks to queue
[2024-09-09T15:46:26.577+0000] {logging_mixin.py:188} INFO - [2024-09-09T15:46:26.576+0000] {dagbag.py:545} INFO - Filling up the DagBag from /home/airflow/.local/lib/python3.12/site-packages/airflow/example_dags/example_python_decorator.py
[2024-09-09T15:46:26.590+0000] {processor.py:840} INFO - DAG(s) 'example_python_decorator' retrieved from /home/airflow/.local/lib/python3.12/site-packages/airflow/example_dags/example_python_decorator.py
[2024-09-09T15:46:26.612+0000] {logging_mixin.py:188} INFO - [2024-09-09T15:46:26.612+0000] {dag.py:3089} INFO - Sync 1 DAGs
[2024-09-09T15:46:26.627+0000] {logging_mixin.py:188} INFO - [2024-09-09T15:46:26.626+0000] {dag.py:3947} INFO - Setting next_dagrun for example_python_decorator to None, run_after=None
[2024-09-09T15:46:26.645+0000] {processor.py:183} INFO - Processing /home/airflow/.local/lib/python3.12/site-packages/airflow/example_dags/example_python_decorator.py took 0.077 seconds
[2024-09-09T15:46:57.047+0000] {processor.py:161} INFO - Started process (PID=1384) to work on /home/airflow/.local/lib/python3.12/site-packages/airflow/example_dags/example_python_decorator.py
[2024-09-09T15:46:57.048+0000] {processor.py:830} INFO - Processing file /home/airflow/.local/lib/python3.12/site-packages/airflow/example_dags/example_python_decorator.py for tasks to queue
[2024-09-09T15:46:57.050+0000] {logging_mixin.py:188} INFO - [2024-09-09T15:46:57.050+0000] {dagbag.py:545} INFO - Filling up the DagBag from /home/airflow/.local/lib/python3.12/site-packages/airflow/example_dags/example_python_decorator.py
[2024-09-09T15:46:57.067+0000] {processor.py:840} INFO - DAG(s) 'example_python_decorator' retrieved from /home/airflow/.local/lib/python3.12/site-packages/airflow/example_dags/example_python_decorator.py
[2024-09-09T15:46:57.090+0000] {logging_mixin.py:188} INFO - [2024-09-09T15:46:57.090+0000] {dag.py:3089} INFO - Sync 1 DAGs
[2024-09-09T15:46:57.103+0000] {logging_mixin.py:188} INFO - [2024-09-09T15:46:57.103+0000] {dag.py:3947} INFO - Setting next_dagrun for example_python_decorator to None, run_after=None
[2024-09-09T15:46:57.123+0000] {processor.py:183} INFO - Processing /home/airflow/.local/lib/python3.12/site-packages/airflow/example_dags/example_python_decorator.py took 0.081 seconds
[2024-09-09T15:47:27.772+0000] {processor.py:161} INFO - Started process (PID=1444) to work on /home/airflow/.local/lib/python3.12/site-packages/airflow/example_dags/example_python_decorator.py
[2024-09-09T15:47:27.773+0000] {processor.py:830} INFO - Processing file /home/airflow/.local/lib/python3.12/site-packages/airflow/example_dags/example_python_decorator.py for tasks to queue
[2024-09-09T15:47:27.775+0000] {logging_mixin.py:188} INFO - [2024-09-09T15:47:27.774+0000] {dagbag.py:545} INFO - Filling up the DagBag from /home/airflow/.local/lib/python3.12/site-packages/airflow/example_dags/example_python_decorator.py
[2024-09-09T15:47:27.789+0000] {processor.py:840} INFO - DAG(s) 'example_python_decorator' retrieved from /home/airflow/.local/lib/python3.12/site-packages/airflow/example_dags/example_python_decorator.py
[2024-09-09T15:47:27.813+0000] {logging_mixin.py:188} INFO - [2024-09-09T15:47:27.812+0000] {dag.py:3089} INFO - Sync 1 DAGs
[2024-09-09T15:47:27.827+0000] {logging_mixin.py:188} INFO - [2024-09-09T15:47:27.826+0000] {dag.py:3947} INFO - Setting next_dagrun for example_python_decorator to None, run_after=None
[2024-09-09T15:47:27.847+0000] {processor.py:183} INFO - Processing /home/airflow/.local/lib/python3.12/site-packages/airflow/example_dags/example_python_decorator.py took 0.081 seconds
[2024-09-09T15:47:58.711+0000] {processor.py:161} INFO - Started process (PID=1504) to work on /home/airflow/.local/lib/python3.12/site-packages/airflow/example_dags/example_python_decorator.py
[2024-09-09T15:47:58.713+0000] {processor.py:830} INFO - Processing file /home/airflow/.local/lib/python3.12/site-packages/airflow/example_dags/example_python_decorator.py for tasks to queue
[2024-09-09T15:47:58.716+0000] {logging_mixin.py:188} INFO - [2024-09-09T15:47:58.716+0000] {dagbag.py:545} INFO - Filling up the DagBag from /home/airflow/.local/lib/python3.12/site-packages/airflow/example_dags/example_python_decorator.py
[2024-09-09T15:47:58.733+0000] {processor.py:840} INFO - DAG(s) 'example_python_decorator' retrieved from /home/airflow/.local/lib/python3.12/site-packages/airflow/example_dags/example_python_decorator.py
[2024-09-09T15:47:58.762+0000] {logging_mixin.py:188} INFO - [2024-09-09T15:47:58.761+0000] {dag.py:3089} INFO - Sync 1 DAGs
[2024-09-09T15:47:58.906+0000] {logging_mixin.py:188} INFO - [2024-09-09T15:47:58.906+0000] {dag.py:3947} INFO - Setting next_dagrun for example_python_decorator to None, run_after=None
[2024-09-09T15:47:58.923+0000] {processor.py:183} INFO - Processing /home/airflow/.local/lib/python3.12/site-packages/airflow/example_dags/example_python_decorator.py took 0.220 seconds
