[2024-09-09T15:35:48.039+0000] {processor.py:161} INFO - Started process (PID=80) to work on /home/airflow/.local/lib/python3.12/site-packages/airflow/example_dags/example_branch_labels.py
[2024-09-09T15:35:48.040+0000] {processor.py:830} INFO - Processing file /home/airflow/.local/lib/python3.12/site-packages/airflow/example_dags/example_branch_labels.py for tasks to queue
[2024-09-09T15:35:48.043+0000] {logging_mixin.py:188} INFO - [2024-09-09T15:35:48.042+0000] {dagbag.py:545} INFO - Filling up the DagBag from /home/airflow/.local/lib/python3.12/site-packages/airflow/example_dags/example_branch_labels.py
[2024-09-09T15:35:48.056+0000] {processor.py:840} INFO - DAG(s) 'example_branch_labels' retrieved from /home/airflow/.local/lib/python3.12/site-packages/airflow/example_dags/example_branch_labels.py
[2024-09-09T15:35:48.198+0000] {logging_mixin.py:188} INFO - [2024-09-09T15:35:48.198+0000] {dag.py:3089} INFO - Sync 1 DAGs
[2024-09-09T15:35:48.225+0000] {logging_mixin.py:188} INFO - [2024-09-09T15:35:48.225+0000] {dag.py:3947} INFO - Setting next_dagrun for example_branch_labels to 2024-09-08 00:00:00+00:00, run_after=2024-09-09 00:00:00+00:00
[2024-09-09T15:35:48.246+0000] {processor.py:183} INFO - Processing /home/airflow/.local/lib/python3.12/site-packages/airflow/example_dags/example_branch_labels.py took 0.213 seconds
[2024-09-09T15:36:19.204+0000] {processor.py:161} INFO - Started process (PID=140) to work on /home/airflow/.local/lib/python3.12/site-packages/airflow/example_dags/example_branch_labels.py
[2024-09-09T15:36:19.205+0000] {processor.py:830} INFO - Processing file /home/airflow/.local/lib/python3.12/site-packages/airflow/example_dags/example_branch_labels.py for tasks to queue
[2024-09-09T15:36:19.207+0000] {logging_mixin.py:188} INFO - [2024-09-09T15:36:19.207+0000] {dagbag.py:545} INFO - Filling up the DagBag from /home/airflow/.local/lib/python3.12/site-packages/airflow/example_dags/example_branch_labels.py
[2024-09-09T15:36:19.217+0000] {processor.py:840} INFO - DAG(s) 'example_branch_labels' retrieved from /home/airflow/.local/lib/python3.12/site-packages/airflow/example_dags/example_branch_labels.py
[2024-09-09T15:36:19.246+0000] {logging_mixin.py:188} INFO - [2024-09-09T15:36:19.246+0000] {dag.py:3089} INFO - Sync 1 DAGs
[2024-09-09T15:36:19.271+0000] {logging_mixin.py:188} INFO - [2024-09-09T15:36:19.271+0000] {dag.py:3947} INFO - Setting next_dagrun for example_branch_labels to 2024-09-08 00:00:00+00:00, run_after=2024-09-09 00:00:00+00:00
[2024-09-09T15:36:19.291+0000] {processor.py:183} INFO - Processing /home/airflow/.local/lib/python3.12/site-packages/airflow/example_dags/example_branch_labels.py took 0.094 seconds
[2024-09-09T15:36:49.651+0000] {processor.py:161} INFO - Started process (PID=200) to work on /home/airflow/.local/lib/python3.12/site-packages/airflow/example_dags/example_branch_labels.py
[2024-09-09T15:36:49.652+0000] {processor.py:830} INFO - Processing file /home/airflow/.local/lib/python3.12/site-packages/airflow/example_dags/example_branch_labels.py for tasks to queue
[2024-09-09T15:36:49.654+0000] {logging_mixin.py:188} INFO - [2024-09-09T15:36:49.654+0000] {dagbag.py:545} INFO - Filling up the DagBag from /home/airflow/.local/lib/python3.12/site-packages/airflow/example_dags/example_branch_labels.py
[2024-09-09T15:36:49.662+0000] {processor.py:840} INFO - DAG(s) 'example_branch_labels' retrieved from /home/airflow/.local/lib/python3.12/site-packages/airflow/example_dags/example_branch_labels.py
[2024-09-09T15:36:49.683+0000] {logging_mixin.py:188} INFO - [2024-09-09T15:36:49.683+0000] {dag.py:3089} INFO - Sync 1 DAGs
[2024-09-09T15:36:49.707+0000] {logging_mixin.py:188} INFO - [2024-09-09T15:36:49.707+0000] {dag.py:3947} INFO - Setting next_dagrun for example_branch_labels to 2024-09-08 00:00:00+00:00, run_after=2024-09-09 00:00:00+00:00
[2024-09-09T15:36:49.727+0000] {processor.py:183} INFO - Processing /home/airflow/.local/lib/python3.12/site-packages/airflow/example_dags/example_branch_labels.py took 0.082 seconds
[2024-09-09T15:37:20.074+0000] {processor.py:161} INFO - Started process (PID=260) to work on /home/airflow/.local/lib/python3.12/site-packages/airflow/example_dags/example_branch_labels.py
[2024-09-09T15:37:20.075+0000] {processor.py:830} INFO - Processing file /home/airflow/.local/lib/python3.12/site-packages/airflow/example_dags/example_branch_labels.py for tasks to queue
[2024-09-09T15:37:20.077+0000] {logging_mixin.py:188} INFO - [2024-09-09T15:37:20.076+0000] {dagbag.py:545} INFO - Filling up the DagBag from /home/airflow/.local/lib/python3.12/site-packages/airflow/example_dags/example_branch_labels.py
[2024-09-09T15:37:20.087+0000] {processor.py:840} INFO - DAG(s) 'example_branch_labels' retrieved from /home/airflow/.local/lib/python3.12/site-packages/airflow/example_dags/example_branch_labels.py
[2024-09-09T15:37:20.108+0000] {logging_mixin.py:188} INFO - [2024-09-09T15:37:20.108+0000] {dag.py:3089} INFO - Sync 1 DAGs
[2024-09-09T15:37:20.131+0000] {logging_mixin.py:188} INFO - [2024-09-09T15:37:20.131+0000] {dag.py:3947} INFO - Setting next_dagrun for example_branch_labels to 2024-09-08 00:00:00+00:00, run_after=2024-09-09 00:00:00+00:00
[2024-09-09T15:37:20.150+0000] {processor.py:183} INFO - Processing /home/airflow/.local/lib/python3.12/site-packages/airflow/example_dags/example_branch_labels.py took 0.082 seconds
[2024-09-09T15:37:50.604+0000] {processor.py:161} INFO - Started process (PID=320) to work on /home/airflow/.local/lib/python3.12/site-packages/airflow/example_dags/example_branch_labels.py
[2024-09-09T15:37:50.605+0000] {processor.py:830} INFO - Processing file /home/airflow/.local/lib/python3.12/site-packages/airflow/example_dags/example_branch_labels.py for tasks to queue
[2024-09-09T15:37:50.607+0000] {logging_mixin.py:188} INFO - [2024-09-09T15:37:50.606+0000] {dagbag.py:545} INFO - Filling up the DagBag from /home/airflow/.local/lib/python3.12/site-packages/airflow/example_dags/example_branch_labels.py
[2024-09-09T15:37:50.614+0000] {processor.py:840} INFO - DAG(s) 'example_branch_labels' retrieved from /home/airflow/.local/lib/python3.12/site-packages/airflow/example_dags/example_branch_labels.py
[2024-09-09T15:37:50.636+0000] {logging_mixin.py:188} INFO - [2024-09-09T15:37:50.635+0000] {dag.py:3089} INFO - Sync 1 DAGs
[2024-09-09T15:37:50.660+0000] {logging_mixin.py:188} INFO - [2024-09-09T15:37:50.659+0000] {dag.py:3947} INFO - Setting next_dagrun for example_branch_labels to 2024-09-08 00:00:00+00:00, run_after=2024-09-09 00:00:00+00:00
[2024-09-09T15:37:50.679+0000] {processor.py:183} INFO - Processing /home/airflow/.local/lib/python3.12/site-packages/airflow/example_dags/example_branch_labels.py took 0.082 seconds
[2024-09-09T15:38:21.108+0000] {processor.py:161} INFO - Started process (PID=380) to work on /home/airflow/.local/lib/python3.12/site-packages/airflow/example_dags/example_branch_labels.py
[2024-09-09T15:38:21.109+0000] {processor.py:830} INFO - Processing file /home/airflow/.local/lib/python3.12/site-packages/airflow/example_dags/example_branch_labels.py for tasks to queue
[2024-09-09T15:38:21.110+0000] {logging_mixin.py:188} INFO - [2024-09-09T15:38:21.110+0000] {dagbag.py:545} INFO - Filling up the DagBag from /home/airflow/.local/lib/python3.12/site-packages/airflow/example_dags/example_branch_labels.py
[2024-09-09T15:38:21.118+0000] {processor.py:840} INFO - DAG(s) 'example_branch_labels' retrieved from /home/airflow/.local/lib/python3.12/site-packages/airflow/example_dags/example_branch_labels.py
[2024-09-09T15:38:21.139+0000] {logging_mixin.py:188} INFO - [2024-09-09T15:38:21.139+0000] {dag.py:3089} INFO - Sync 1 DAGs
[2024-09-09T15:38:21.161+0000] {logging_mixin.py:188} INFO - [2024-09-09T15:38:21.161+0000] {dag.py:3947} INFO - Setting next_dagrun for example_branch_labels to 2024-09-08 00:00:00+00:00, run_after=2024-09-09 00:00:00+00:00
[2024-09-09T15:38:21.180+0000] {processor.py:183} INFO - Processing /home/airflow/.local/lib/python3.12/site-packages/airflow/example_dags/example_branch_labels.py took 0.078 seconds
[2024-09-09T15:38:51.668+0000] {processor.py:161} INFO - Started process (PID=440) to work on /home/airflow/.local/lib/python3.12/site-packages/airflow/example_dags/example_branch_labels.py
[2024-09-09T15:38:51.669+0000] {processor.py:830} INFO - Processing file /home/airflow/.local/lib/python3.12/site-packages/airflow/example_dags/example_branch_labels.py for tasks to queue
[2024-09-09T15:38:51.670+0000] {logging_mixin.py:188} INFO - [2024-09-09T15:38:51.670+0000] {dagbag.py:545} INFO - Filling up the DagBag from /home/airflow/.local/lib/python3.12/site-packages/airflow/example_dags/example_branch_labels.py
[2024-09-09T15:38:51.678+0000] {processor.py:840} INFO - DAG(s) 'example_branch_labels' retrieved from /home/airflow/.local/lib/python3.12/site-packages/airflow/example_dags/example_branch_labels.py
[2024-09-09T15:38:51.699+0000] {logging_mixin.py:188} INFO - [2024-09-09T15:38:51.699+0000] {dag.py:3089} INFO - Sync 1 DAGs
[2024-09-09T15:38:51.722+0000] {logging_mixin.py:188} INFO - [2024-09-09T15:38:51.721+0000] {dag.py:3947} INFO - Setting next_dagrun for example_branch_labels to 2024-09-08 00:00:00+00:00, run_after=2024-09-09 00:00:00+00:00
[2024-09-09T15:38:51.741+0000] {processor.py:183} INFO - Processing /home/airflow/.local/lib/python3.12/site-packages/airflow/example_dags/example_branch_labels.py took 0.079 seconds
[2024-09-09T15:39:21.932+0000] {processor.py:161} INFO - Started process (PID=500) to work on /home/airflow/.local/lib/python3.12/site-packages/airflow/example_dags/example_branch_labels.py
[2024-09-09T15:39:21.933+0000] {processor.py:830} INFO - Processing file /home/airflow/.local/lib/python3.12/site-packages/airflow/example_dags/example_branch_labels.py for tasks to queue
[2024-09-09T15:39:21.935+0000] {logging_mixin.py:188} INFO - [2024-09-09T15:39:21.935+0000] {dagbag.py:545} INFO - Filling up the DagBag from /home/airflow/.local/lib/python3.12/site-packages/airflow/example_dags/example_branch_labels.py
[2024-09-09T15:39:21.943+0000] {processor.py:840} INFO - DAG(s) 'example_branch_labels' retrieved from /home/airflow/.local/lib/python3.12/site-packages/airflow/example_dags/example_branch_labels.py
[2024-09-09T15:39:21.965+0000] {logging_mixin.py:188} INFO - [2024-09-09T15:39:21.964+0000] {dag.py:3089} INFO - Sync 1 DAGs
[2024-09-09T15:39:21.999+0000] {logging_mixin.py:188} INFO - [2024-09-09T15:39:21.999+0000] {dag.py:3947} INFO - Setting next_dagrun for example_branch_labels to 2024-09-08 00:00:00+00:00, run_after=2024-09-09 00:00:00+00:00
[2024-09-09T15:39:22.030+0000] {processor.py:183} INFO - Processing /home/airflow/.local/lib/python3.12/site-packages/airflow/example_dags/example_branch_labels.py took 0.103 seconds
[2024-09-09T15:39:52.075+0000] {processor.py:161} INFO - Started process (PID=558) to work on /home/airflow/.local/lib/python3.12/site-packages/airflow/example_dags/example_branch_labels.py
[2024-09-09T15:39:52.076+0000] {processor.py:830} INFO - Processing file /home/airflow/.local/lib/python3.12/site-packages/airflow/example_dags/example_branch_labels.py for tasks to queue
[2024-09-09T15:39:52.078+0000] {logging_mixin.py:188} INFO - [2024-09-09T15:39:52.078+0000] {dagbag.py:545} INFO - Filling up the DagBag from /home/airflow/.local/lib/python3.12/site-packages/airflow/example_dags/example_branch_labels.py
[2024-09-09T15:39:52.085+0000] {processor.py:840} INFO - DAG(s) 'example_branch_labels' retrieved from /home/airflow/.local/lib/python3.12/site-packages/airflow/example_dags/example_branch_labels.py
[2024-09-09T15:39:52.106+0000] {logging_mixin.py:188} INFO - [2024-09-09T15:39:52.106+0000] {dag.py:3089} INFO - Sync 1 DAGs
[2024-09-09T15:39:52.129+0000] {logging_mixin.py:188} INFO - [2024-09-09T15:39:52.129+0000] {dag.py:3947} INFO - Setting next_dagrun for example_branch_labels to 2024-09-08 00:00:00+00:00, run_after=2024-09-09 00:00:00+00:00
[2024-09-09T15:39:52.148+0000] {processor.py:183} INFO - Processing /home/airflow/.local/lib/python3.12/site-packages/airflow/example_dags/example_branch_labels.py took 0.079 seconds
[2024-09-09T15:40:22.422+0000] {processor.py:161} INFO - Started process (PID=618) to work on /home/airflow/.local/lib/python3.12/site-packages/airflow/example_dags/example_branch_labels.py
[2024-09-09T15:40:22.422+0000] {processor.py:830} INFO - Processing file /home/airflow/.local/lib/python3.12/site-packages/airflow/example_dags/example_branch_labels.py for tasks to queue
[2024-09-09T15:40:22.424+0000] {logging_mixin.py:188} INFO - [2024-09-09T15:40:22.424+0000] {dagbag.py:545} INFO - Filling up the DagBag from /home/airflow/.local/lib/python3.12/site-packages/airflow/example_dags/example_branch_labels.py
[2024-09-09T15:40:22.432+0000] {processor.py:840} INFO - DAG(s) 'example_branch_labels' retrieved from /home/airflow/.local/lib/python3.12/site-packages/airflow/example_dags/example_branch_labels.py
[2024-09-09T15:40:22.456+0000] {logging_mixin.py:188} INFO - [2024-09-09T15:40:22.456+0000] {dag.py:3089} INFO - Sync 1 DAGs
[2024-09-09T15:40:22.484+0000] {logging_mixin.py:188} INFO - [2024-09-09T15:40:22.484+0000] {dag.py:3947} INFO - Setting next_dagrun for example_branch_labels to 2024-09-08 00:00:00+00:00, run_after=2024-09-09 00:00:00+00:00
[2024-09-09T15:40:22.505+0000] {processor.py:183} INFO - Processing /home/airflow/.local/lib/python3.12/site-packages/airflow/example_dags/example_branch_labels.py took 0.089 seconds
[2024-09-09T15:40:52.746+0000] {processor.py:161} INFO - Started process (PID=678) to work on /home/airflow/.local/lib/python3.12/site-packages/airflow/example_dags/example_branch_labels.py
[2024-09-09T15:40:52.747+0000] {processor.py:830} INFO - Processing file /home/airflow/.local/lib/python3.12/site-packages/airflow/example_dags/example_branch_labels.py for tasks to queue
[2024-09-09T15:40:52.748+0000] {logging_mixin.py:188} INFO - [2024-09-09T15:40:52.748+0000] {dagbag.py:545} INFO - Filling up the DagBag from /home/airflow/.local/lib/python3.12/site-packages/airflow/example_dags/example_branch_labels.py
[2024-09-09T15:40:52.757+0000] {processor.py:840} INFO - DAG(s) 'example_branch_labels' retrieved from /home/airflow/.local/lib/python3.12/site-packages/airflow/example_dags/example_branch_labels.py
[2024-09-09T15:40:52.776+0000] {logging_mixin.py:188} INFO - [2024-09-09T15:40:52.776+0000] {dag.py:3089} INFO - Sync 1 DAGs
[2024-09-09T15:40:52.799+0000] {logging_mixin.py:188} INFO - [2024-09-09T15:40:52.799+0000] {dag.py:3947} INFO - Setting next_dagrun for example_branch_labels to 2024-09-08 00:00:00+00:00, run_after=2024-09-09 00:00:00+00:00
[2024-09-09T15:40:52.818+0000] {processor.py:183} INFO - Processing /home/airflow/.local/lib/python3.12/site-packages/airflow/example_dags/example_branch_labels.py took 0.078 seconds
[2024-09-09T15:41:23.061+0000] {processor.py:161} INFO - Started process (PID=738) to work on /home/airflow/.local/lib/python3.12/site-packages/airflow/example_dags/example_branch_labels.py
[2024-09-09T15:41:23.062+0000] {processor.py:830} INFO - Processing file /home/airflow/.local/lib/python3.12/site-packages/airflow/example_dags/example_branch_labels.py for tasks to queue
[2024-09-09T15:41:23.064+0000] {logging_mixin.py:188} INFO - [2024-09-09T15:41:23.063+0000] {dagbag.py:545} INFO - Filling up the DagBag from /home/airflow/.local/lib/python3.12/site-packages/airflow/example_dags/example_branch_labels.py
[2024-09-09T15:41:23.072+0000] {processor.py:840} INFO - DAG(s) 'example_branch_labels' retrieved from /home/airflow/.local/lib/python3.12/site-packages/airflow/example_dags/example_branch_labels.py
[2024-09-09T15:41:23.093+0000] {logging_mixin.py:188} INFO - [2024-09-09T15:41:23.093+0000] {dag.py:3089} INFO - Sync 1 DAGs
[2024-09-09T15:41:23.117+0000] {logging_mixin.py:188} INFO - [2024-09-09T15:41:23.116+0000] {dag.py:3947} INFO - Setting next_dagrun for example_branch_labels to 2024-09-08 00:00:00+00:00, run_after=2024-09-09 00:00:00+00:00
[2024-09-09T15:41:23.134+0000] {processor.py:183} INFO - Processing /home/airflow/.local/lib/python3.12/site-packages/airflow/example_dags/example_branch_labels.py took 0.080 seconds
[2024-09-09T15:41:53.460+0000] {processor.py:161} INFO - Started process (PID=798) to work on /home/airflow/.local/lib/python3.12/site-packages/airflow/example_dags/example_branch_labels.py
[2024-09-09T15:41:53.461+0000] {processor.py:830} INFO - Processing file /home/airflow/.local/lib/python3.12/site-packages/airflow/example_dags/example_branch_labels.py for tasks to queue
[2024-09-09T15:41:53.463+0000] {logging_mixin.py:188} INFO - [2024-09-09T15:41:53.463+0000] {dagbag.py:545} INFO - Filling up the DagBag from /home/airflow/.local/lib/python3.12/site-packages/airflow/example_dags/example_branch_labels.py
[2024-09-09T15:41:53.471+0000] {processor.py:840} INFO - DAG(s) 'example_branch_labels' retrieved from /home/airflow/.local/lib/python3.12/site-packages/airflow/example_dags/example_branch_labels.py
[2024-09-09T15:41:53.491+0000] {logging_mixin.py:188} INFO - [2024-09-09T15:41:53.491+0000] {dag.py:3089} INFO - Sync 1 DAGs
[2024-09-09T15:41:53.514+0000] {logging_mixin.py:188} INFO - [2024-09-09T15:41:53.514+0000] {dag.py:3947} INFO - Setting next_dagrun for example_branch_labels to 2024-09-08 00:00:00+00:00, run_after=2024-09-09 00:00:00+00:00
[2024-09-09T15:41:53.533+0000] {processor.py:183} INFO - Processing /home/airflow/.local/lib/python3.12/site-packages/airflow/example_dags/example_branch_labels.py took 0.078 seconds
[2024-09-09T15:42:23.888+0000] {processor.py:161} INFO - Started process (PID=858) to work on /home/airflow/.local/lib/python3.12/site-packages/airflow/example_dags/example_branch_labels.py
[2024-09-09T15:42:23.889+0000] {processor.py:830} INFO - Processing file /home/airflow/.local/lib/python3.12/site-packages/airflow/example_dags/example_branch_labels.py for tasks to queue
[2024-09-09T15:42:23.891+0000] {logging_mixin.py:188} INFO - [2024-09-09T15:42:23.891+0000] {dagbag.py:545} INFO - Filling up the DagBag from /home/airflow/.local/lib/python3.12/site-packages/airflow/example_dags/example_branch_labels.py
[2024-09-09T15:42:23.899+0000] {processor.py:840} INFO - DAG(s) 'example_branch_labels' retrieved from /home/airflow/.local/lib/python3.12/site-packages/airflow/example_dags/example_branch_labels.py
[2024-09-09T15:42:23.920+0000] {logging_mixin.py:188} INFO - [2024-09-09T15:42:23.920+0000] {dag.py:3089} INFO - Sync 1 DAGs
[2024-09-09T15:42:23.945+0000] {logging_mixin.py:188} INFO - [2024-09-09T15:42:23.945+0000] {dag.py:3947} INFO - Setting next_dagrun for example_branch_labels to 2024-09-08 00:00:00+00:00, run_after=2024-09-09 00:00:00+00:00
[2024-09-09T15:42:23.965+0000] {processor.py:183} INFO - Processing /home/airflow/.local/lib/python3.12/site-packages/airflow/example_dags/example_branch_labels.py took 0.083 seconds
[2024-09-09T15:42:54.238+0000] {processor.py:161} INFO - Started process (PID=918) to work on /home/airflow/.local/lib/python3.12/site-packages/airflow/example_dags/example_branch_labels.py
[2024-09-09T15:42:54.239+0000] {processor.py:830} INFO - Processing file /home/airflow/.local/lib/python3.12/site-packages/airflow/example_dags/example_branch_labels.py for tasks to queue
[2024-09-09T15:42:54.242+0000] {logging_mixin.py:188} INFO - [2024-09-09T15:42:54.241+0000] {dagbag.py:545} INFO - Filling up the DagBag from /home/airflow/.local/lib/python3.12/site-packages/airflow/example_dags/example_branch_labels.py
[2024-09-09T15:42:54.249+0000] {processor.py:840} INFO - DAG(s) 'example_branch_labels' retrieved from /home/airflow/.local/lib/python3.12/site-packages/airflow/example_dags/example_branch_labels.py
[2024-09-09T15:42:54.271+0000] {logging_mixin.py:188} INFO - [2024-09-09T15:42:54.270+0000] {dag.py:3089} INFO - Sync 1 DAGs
[2024-09-09T15:42:54.296+0000] {logging_mixin.py:188} INFO - [2024-09-09T15:42:54.296+0000] {dag.py:3947} INFO - Setting next_dagrun for example_branch_labels to 2024-09-08 00:00:00+00:00, run_after=2024-09-09 00:00:00+00:00
[2024-09-09T15:42:54.317+0000] {processor.py:183} INFO - Processing /home/airflow/.local/lib/python3.12/site-packages/airflow/example_dags/example_branch_labels.py took 0.084 seconds
[2024-09-09T15:43:24.564+0000] {processor.py:161} INFO - Started process (PID=978) to work on /home/airflow/.local/lib/python3.12/site-packages/airflow/example_dags/example_branch_labels.py
[2024-09-09T15:43:24.565+0000] {processor.py:830} INFO - Processing file /home/airflow/.local/lib/python3.12/site-packages/airflow/example_dags/example_branch_labels.py for tasks to queue
[2024-09-09T15:43:24.567+0000] {logging_mixin.py:188} INFO - [2024-09-09T15:43:24.566+0000] {dagbag.py:545} INFO - Filling up the DagBag from /home/airflow/.local/lib/python3.12/site-packages/airflow/example_dags/example_branch_labels.py
[2024-09-09T15:43:24.574+0000] {processor.py:840} INFO - DAG(s) 'example_branch_labels' retrieved from /home/airflow/.local/lib/python3.12/site-packages/airflow/example_dags/example_branch_labels.py
[2024-09-09T15:43:24.595+0000] {logging_mixin.py:188} INFO - [2024-09-09T15:43:24.595+0000] {dag.py:3089} INFO - Sync 1 DAGs
[2024-09-09T15:43:24.618+0000] {logging_mixin.py:188} INFO - [2024-09-09T15:43:24.618+0000] {dag.py:3947} INFO - Setting next_dagrun for example_branch_labels to 2024-09-08 00:00:00+00:00, run_after=2024-09-09 00:00:00+00:00
[2024-09-09T15:43:24.637+0000] {processor.py:183} INFO - Processing /home/airflow/.local/lib/python3.12/site-packages/airflow/example_dags/example_branch_labels.py took 0.079 seconds
[2024-09-09T15:43:55.165+0000] {processor.py:161} INFO - Started process (PID=1038) to work on /home/airflow/.local/lib/python3.12/site-packages/airflow/example_dags/example_branch_labels.py
[2024-09-09T15:43:55.165+0000] {processor.py:830} INFO - Processing file /home/airflow/.local/lib/python3.12/site-packages/airflow/example_dags/example_branch_labels.py for tasks to queue
[2024-09-09T15:43:55.167+0000] {logging_mixin.py:188} INFO - [2024-09-09T15:43:55.167+0000] {dagbag.py:545} INFO - Filling up the DagBag from /home/airflow/.local/lib/python3.12/site-packages/airflow/example_dags/example_branch_labels.py
[2024-09-09T15:43:55.176+0000] {processor.py:840} INFO - DAG(s) 'example_branch_labels' retrieved from /home/airflow/.local/lib/python3.12/site-packages/airflow/example_dags/example_branch_labels.py
[2024-09-09T15:43:55.197+0000] {logging_mixin.py:188} INFO - [2024-09-09T15:43:55.197+0000] {dag.py:3089} INFO - Sync 1 DAGs
[2024-09-09T15:43:55.220+0000] {logging_mixin.py:188} INFO - [2024-09-09T15:43:55.220+0000] {dag.py:3947} INFO - Setting next_dagrun for example_branch_labels to 2024-09-08 00:00:00+00:00, run_after=2024-09-09 00:00:00+00:00
[2024-09-09T15:43:55.275+0000] {processor.py:183} INFO - Processing /home/airflow/.local/lib/python3.12/site-packages/airflow/example_dags/example_branch_labels.py took 0.117 seconds
[2024-09-09T15:44:26.066+0000] {processor.py:161} INFO - Started process (PID=1098) to work on /home/airflow/.local/lib/python3.12/site-packages/airflow/example_dags/example_branch_labels.py
[2024-09-09T15:44:26.066+0000] {processor.py:830} INFO - Processing file /home/airflow/.local/lib/python3.12/site-packages/airflow/example_dags/example_branch_labels.py for tasks to queue
[2024-09-09T15:44:26.068+0000] {logging_mixin.py:188} INFO - [2024-09-09T15:44:26.068+0000] {dagbag.py:545} INFO - Filling up the DagBag from /home/airflow/.local/lib/python3.12/site-packages/airflow/example_dags/example_branch_labels.py
[2024-09-09T15:44:26.076+0000] {processor.py:840} INFO - DAG(s) 'example_branch_labels' retrieved from /home/airflow/.local/lib/python3.12/site-packages/airflow/example_dags/example_branch_labels.py
[2024-09-09T15:44:26.097+0000] {logging_mixin.py:188} INFO - [2024-09-09T15:44:26.097+0000] {dag.py:3089} INFO - Sync 1 DAGs
[2024-09-09T15:44:26.121+0000] {logging_mixin.py:188} INFO - [2024-09-09T15:44:26.121+0000] {dag.py:3947} INFO - Setting next_dagrun for example_branch_labels to 2024-09-08 00:00:00+00:00, run_after=2024-09-09 00:00:00+00:00
[2024-09-09T15:44:26.138+0000] {processor.py:183} INFO - Processing /home/airflow/.local/lib/python3.12/site-packages/airflow/example_dags/example_branch_labels.py took 0.079 seconds
[2024-09-09T15:44:56.822+0000] {processor.py:161} INFO - Started process (PID=1158) to work on /home/airflow/.local/lib/python3.12/site-packages/airflow/example_dags/example_branch_labels.py
[2024-09-09T15:44:56.823+0000] {processor.py:830} INFO - Processing file /home/airflow/.local/lib/python3.12/site-packages/airflow/example_dags/example_branch_labels.py for tasks to queue
[2024-09-09T15:44:56.825+0000] {logging_mixin.py:188} INFO - [2024-09-09T15:44:56.824+0000] {dagbag.py:545} INFO - Filling up the DagBag from /home/airflow/.local/lib/python3.12/site-packages/airflow/example_dags/example_branch_labels.py
[2024-09-09T15:44:56.834+0000] {processor.py:840} INFO - DAG(s) 'example_branch_labels' retrieved from /home/airflow/.local/lib/python3.12/site-packages/airflow/example_dags/example_branch_labels.py
[2024-09-09T15:44:56.857+0000] {logging_mixin.py:188} INFO - [2024-09-09T15:44:56.857+0000] {dag.py:3089} INFO - Sync 1 DAGs
[2024-09-09T15:44:56.883+0000] {logging_mixin.py:188} INFO - [2024-09-09T15:44:56.883+0000] {dag.py:3947} INFO - Setting next_dagrun for example_branch_labels to 2024-09-08 00:00:00+00:00, run_after=2024-09-09 00:00:00+00:00
[2024-09-09T15:44:56.904+0000] {processor.py:183} INFO - Processing /home/airflow/.local/lib/python3.12/site-packages/airflow/example_dags/example_branch_labels.py took 0.088 seconds
[2024-09-09T15:45:27.725+0000] {processor.py:161} INFO - Started process (PID=1218) to work on /home/airflow/.local/lib/python3.12/site-packages/airflow/example_dags/example_branch_labels.py
[2024-09-09T15:45:27.726+0000] {processor.py:830} INFO - Processing file /home/airflow/.local/lib/python3.12/site-packages/airflow/example_dags/example_branch_labels.py for tasks to queue
[2024-09-09T15:45:27.728+0000] {logging_mixin.py:188} INFO - [2024-09-09T15:45:27.728+0000] {dagbag.py:545} INFO - Filling up the DagBag from /home/airflow/.local/lib/python3.12/site-packages/airflow/example_dags/example_branch_labels.py
[2024-09-09T15:45:27.736+0000] {processor.py:840} INFO - DAG(s) 'example_branch_labels' retrieved from /home/airflow/.local/lib/python3.12/site-packages/airflow/example_dags/example_branch_labels.py
[2024-09-09T15:45:27.757+0000] {logging_mixin.py:188} INFO - [2024-09-09T15:45:27.756+0000] {dag.py:3089} INFO - Sync 1 DAGs
[2024-09-09T15:45:27.780+0000] {logging_mixin.py:188} INFO - [2024-09-09T15:45:27.780+0000] {dag.py:3947} INFO - Setting next_dagrun for example_branch_labels to 2024-09-08 00:00:00+00:00, run_after=2024-09-09 00:00:00+00:00
[2024-09-09T15:45:27.799+0000] {processor.py:183} INFO - Processing /home/airflow/.local/lib/python3.12/site-packages/airflow/example_dags/example_branch_labels.py took 0.080 seconds
[2024-09-09T15:45:58.034+0000] {processor.py:161} INFO - Started process (PID=1278) to work on /home/airflow/.local/lib/python3.12/site-packages/airflow/example_dags/example_branch_labels.py
[2024-09-09T15:45:58.035+0000] {processor.py:830} INFO - Processing file /home/airflow/.local/lib/python3.12/site-packages/airflow/example_dags/example_branch_labels.py for tasks to queue
[2024-09-09T15:45:58.037+0000] {logging_mixin.py:188} INFO - [2024-09-09T15:45:58.036+0000] {dagbag.py:545} INFO - Filling up the DagBag from /home/airflow/.local/lib/python3.12/site-packages/airflow/example_dags/example_branch_labels.py
[2024-09-09T15:45:58.045+0000] {processor.py:840} INFO - DAG(s) 'example_branch_labels' retrieved from /home/airflow/.local/lib/python3.12/site-packages/airflow/example_dags/example_branch_labels.py
[2024-09-09T15:45:58.066+0000] {logging_mixin.py:188} INFO - [2024-09-09T15:45:58.066+0000] {dag.py:3089} INFO - Sync 1 DAGs
[2024-09-09T15:45:58.091+0000] {logging_mixin.py:188} INFO - [2024-09-09T15:45:58.090+0000] {dag.py:3947} INFO - Setting next_dagrun for example_branch_labels to 2024-09-08 00:00:00+00:00, run_after=2024-09-09 00:00:00+00:00
[2024-09-09T15:45:58.111+0000] {processor.py:183} INFO - Processing /home/airflow/.local/lib/python3.12/site-packages/airflow/example_dags/example_branch_labels.py took 0.083 seconds
[2024-09-09T15:46:28.459+0000] {processor.py:161} INFO - Started process (PID=1338) to work on /home/airflow/.local/lib/python3.12/site-packages/airflow/example_dags/example_branch_labels.py
[2024-09-09T15:46:28.460+0000] {processor.py:830} INFO - Processing file /home/airflow/.local/lib/python3.12/site-packages/airflow/example_dags/example_branch_labels.py for tasks to queue
[2024-09-09T15:46:28.461+0000] {logging_mixin.py:188} INFO - [2024-09-09T15:46:28.461+0000] {dagbag.py:545} INFO - Filling up the DagBag from /home/airflow/.local/lib/python3.12/site-packages/airflow/example_dags/example_branch_labels.py
[2024-09-09T15:46:28.469+0000] {processor.py:840} INFO - DAG(s) 'example_branch_labels' retrieved from /home/airflow/.local/lib/python3.12/site-packages/airflow/example_dags/example_branch_labels.py
[2024-09-09T15:46:28.495+0000] {logging_mixin.py:188} INFO - [2024-09-09T15:46:28.495+0000] {dag.py:3089} INFO - Sync 1 DAGs
[2024-09-09T15:46:28.519+0000] {logging_mixin.py:188} INFO - [2024-09-09T15:46:28.519+0000] {dag.py:3947} INFO - Setting next_dagrun for example_branch_labels to 2024-09-08 00:00:00+00:00, run_after=2024-09-09 00:00:00+00:00
[2024-09-09T15:46:28.538+0000] {processor.py:183} INFO - Processing /home/airflow/.local/lib/python3.12/site-packages/airflow/example_dags/example_branch_labels.py took 0.085 seconds
[2024-09-09T15:46:58.765+0000] {processor.py:161} INFO - Started process (PID=1398) to work on /home/airflow/.local/lib/python3.12/site-packages/airflow/example_dags/example_branch_labels.py
[2024-09-09T15:46:58.766+0000] {processor.py:830} INFO - Processing file /home/airflow/.local/lib/python3.12/site-packages/airflow/example_dags/example_branch_labels.py for tasks to queue
[2024-09-09T15:46:58.768+0000] {logging_mixin.py:188} INFO - [2024-09-09T15:46:58.768+0000] {dagbag.py:545} INFO - Filling up the DagBag from /home/airflow/.local/lib/python3.12/site-packages/airflow/example_dags/example_branch_labels.py
[2024-09-09T15:46:58.775+0000] {processor.py:840} INFO - DAG(s) 'example_branch_labels' retrieved from /home/airflow/.local/lib/python3.12/site-packages/airflow/example_dags/example_branch_labels.py
[2024-09-09T15:46:58.797+0000] {logging_mixin.py:188} INFO - [2024-09-09T15:46:58.797+0000] {dag.py:3089} INFO - Sync 1 DAGs
[2024-09-09T15:46:58.827+0000] {logging_mixin.py:188} INFO - [2024-09-09T15:46:58.827+0000] {dag.py:3947} INFO - Setting next_dagrun for example_branch_labels to 2024-09-08 00:00:00+00:00, run_after=2024-09-09 00:00:00+00:00
[2024-09-09T15:46:58.849+0000] {processor.py:183} INFO - Processing /home/airflow/.local/lib/python3.12/site-packages/airflow/example_dags/example_branch_labels.py took 0.090 seconds
[2024-09-09T15:47:29.561+0000] {processor.py:161} INFO - Started process (PID=1458) to work on /home/airflow/.local/lib/python3.12/site-packages/airflow/example_dags/example_branch_labels.py
[2024-09-09T15:47:29.562+0000] {processor.py:830} INFO - Processing file /home/airflow/.local/lib/python3.12/site-packages/airflow/example_dags/example_branch_labels.py for tasks to queue
[2024-09-09T15:47:29.564+0000] {logging_mixin.py:188} INFO - [2024-09-09T15:47:29.564+0000] {dagbag.py:545} INFO - Filling up the DagBag from /home/airflow/.local/lib/python3.12/site-packages/airflow/example_dags/example_branch_labels.py
[2024-09-09T15:47:29.571+0000] {processor.py:840} INFO - DAG(s) 'example_branch_labels' retrieved from /home/airflow/.local/lib/python3.12/site-packages/airflow/example_dags/example_branch_labels.py
[2024-09-09T15:47:29.593+0000] {logging_mixin.py:188} INFO - [2024-09-09T15:47:29.593+0000] {dag.py:3089} INFO - Sync 1 DAGs
[2024-09-09T15:47:29.617+0000] {logging_mixin.py:188} INFO - [2024-09-09T15:47:29.617+0000] {dag.py:3947} INFO - Setting next_dagrun for example_branch_labels to 2024-09-08 00:00:00+00:00, run_after=2024-09-09 00:00:00+00:00
[2024-09-09T15:47:29.644+0000] {processor.py:183} INFO - Processing /home/airflow/.local/lib/python3.12/site-packages/airflow/example_dags/example_branch_labels.py took 0.088 seconds
[2024-09-09T15:48:00.366+0000] {processor.py:161} INFO - Started process (PID=1518) to work on /home/airflow/.local/lib/python3.12/site-packages/airflow/example_dags/example_branch_labels.py
[2024-09-09T15:48:00.369+0000] {processor.py:830} INFO - Processing file /home/airflow/.local/lib/python3.12/site-packages/airflow/example_dags/example_branch_labels.py for tasks to queue
[2024-09-09T15:48:00.372+0000] {logging_mixin.py:188} INFO - [2024-09-09T15:48:00.371+0000] {dagbag.py:545} INFO - Filling up the DagBag from /home/airflow/.local/lib/python3.12/site-packages/airflow/example_dags/example_branch_labels.py
[2024-09-09T15:48:00.380+0000] {processor.py:840} INFO - DAG(s) 'example_branch_labels' retrieved from /home/airflow/.local/lib/python3.12/site-packages/airflow/example_dags/example_branch_labels.py
[2024-09-09T15:48:00.402+0000] {logging_mixin.py:188} INFO - [2024-09-09T15:48:00.402+0000] {dag.py:3089} INFO - Sync 1 DAGs
[2024-09-09T15:48:00.430+0000] {logging_mixin.py:188} INFO - [2024-09-09T15:48:00.430+0000] {dag.py:3947} INFO - Setting next_dagrun for example_branch_labels to 2024-09-08 00:00:00+00:00, run_after=2024-09-09 00:00:00+00:00
[2024-09-09T15:48:00.451+0000] {processor.py:183} INFO - Processing /home/airflow/.local/lib/python3.12/site-packages/airflow/example_dags/example_branch_labels.py took 0.093 seconds
