[2024-09-09T15:35:46.498+0000] {processor.py:161} INFO - Started process (PID=71) to work on /home/airflow/.local/lib/python3.12/site-packages/airflow/example_dags/example_latest_only_with_trigger.py
[2024-09-09T15:35:46.499+0000] {processor.py:830} INFO - Processing file /home/airflow/.local/lib/python3.12/site-packages/airflow/example_dags/example_latest_only_with_trigger.py for tasks to queue
[2024-09-09T15:35:46.503+0000] {logging_mixin.py:188} INFO - [2024-09-09T15:35:46.502+0000] {dagbag.py:545} INFO - Filling up the DagBag from /home/airflow/.local/lib/python3.12/site-packages/airflow/example_dags/example_latest_only_with_trigger.py
[2024-09-09T15:35:46.516+0000] {processor.py:840} INFO - DAG(s) 'latest_only_with_trigger' retrieved from /home/airflow/.local/lib/python3.12/site-packages/airflow/example_dags/example_latest_only_with_trigger.py
[2024-09-09T15:35:46.532+0000] {logging_mixin.py:188} INFO - [2024-09-09T15:35:46.532+0000] {dag.py:3089} INFO - Sync 1 DAGs
[2024-09-09T15:35:46.576+0000] {logging_mixin.py:188} INFO - [2024-09-09T15:35:46.576+0000] {dag.py:3947} INFO - Setting next_dagrun for latest_only_with_trigger to 2024-09-09 08:00:00+00:00, run_after=2024-09-09 12:00:00+00:00
[2024-09-09T15:35:46.602+0000] {processor.py:183} INFO - Processing /home/airflow/.local/lib/python3.12/site-packages/airflow/example_dags/example_latest_only_with_trigger.py took 0.114 seconds
[2024-09-09T15:36:16.678+0000] {processor.py:161} INFO - Started process (PID=129) to work on /home/airflow/.local/lib/python3.12/site-packages/airflow/example_dags/example_latest_only_with_trigger.py
[2024-09-09T15:36:16.679+0000] {processor.py:830} INFO - Processing file /home/airflow/.local/lib/python3.12/site-packages/airflow/example_dags/example_latest_only_with_trigger.py for tasks to queue
[2024-09-09T15:36:16.681+0000] {logging_mixin.py:188} INFO - [2024-09-09T15:36:16.681+0000] {dagbag.py:545} INFO - Filling up the DagBag from /home/airflow/.local/lib/python3.12/site-packages/airflow/example_dags/example_latest_only_with_trigger.py
[2024-09-09T15:36:16.693+0000] {processor.py:840} INFO - DAG(s) 'latest_only_with_trigger' retrieved from /home/airflow/.local/lib/python3.12/site-packages/airflow/example_dags/example_latest_only_with_trigger.py
[2024-09-09T15:36:16.847+0000] {logging_mixin.py:188} INFO - [2024-09-09T15:36:16.847+0000] {dag.py:3089} INFO - Sync 1 DAGs
[2024-09-09T15:36:16.877+0000] {logging_mixin.py:188} INFO - [2024-09-09T15:36:16.876+0000] {dag.py:3947} INFO - Setting next_dagrun for latest_only_with_trigger to 2024-09-09 08:00:00+00:00, run_after=2024-09-09 12:00:00+00:00
[2024-09-09T15:36:16.903+0000] {processor.py:183} INFO - Processing /home/airflow/.local/lib/python3.12/site-packages/airflow/example_dags/example_latest_only_with_trigger.py took 0.233 seconds
[2024-09-09T15:36:46.970+0000] {processor.py:161} INFO - Started process (PID=189) to work on /home/airflow/.local/lib/python3.12/site-packages/airflow/example_dags/example_latest_only_with_trigger.py
[2024-09-09T15:36:46.971+0000] {processor.py:830} INFO - Processing file /home/airflow/.local/lib/python3.12/site-packages/airflow/example_dags/example_latest_only_with_trigger.py for tasks to queue
[2024-09-09T15:36:46.973+0000] {logging_mixin.py:188} INFO - [2024-09-09T15:36:46.973+0000] {dagbag.py:545} INFO - Filling up the DagBag from /home/airflow/.local/lib/python3.12/site-packages/airflow/example_dags/example_latest_only_with_trigger.py
[2024-09-09T15:36:46.980+0000] {processor.py:840} INFO - DAG(s) 'latest_only_with_trigger' retrieved from /home/airflow/.local/lib/python3.12/site-packages/airflow/example_dags/example_latest_only_with_trigger.py
[2024-09-09T15:36:47.001+0000] {logging_mixin.py:188} INFO - [2024-09-09T15:36:47.001+0000] {dag.py:3089} INFO - Sync 1 DAGs
[2024-09-09T15:36:47.024+0000] {logging_mixin.py:188} INFO - [2024-09-09T15:36:47.024+0000] {dag.py:3947} INFO - Setting next_dagrun for latest_only_with_trigger to 2024-09-09 08:00:00+00:00, run_after=2024-09-09 12:00:00+00:00
[2024-09-09T15:36:47.044+0000] {processor.py:183} INFO - Processing /home/airflow/.local/lib/python3.12/site-packages/airflow/example_dags/example_latest_only_with_trigger.py took 0.080 seconds
[2024-09-09T15:37:17.161+0000] {processor.py:161} INFO - Started process (PID=249) to work on /home/airflow/.local/lib/python3.12/site-packages/airflow/example_dags/example_latest_only_with_trigger.py
[2024-09-09T15:37:17.162+0000] {processor.py:830} INFO - Processing file /home/airflow/.local/lib/python3.12/site-packages/airflow/example_dags/example_latest_only_with_trigger.py for tasks to queue
[2024-09-09T15:37:17.164+0000] {logging_mixin.py:188} INFO - [2024-09-09T15:37:17.164+0000] {dagbag.py:545} INFO - Filling up the DagBag from /home/airflow/.local/lib/python3.12/site-packages/airflow/example_dags/example_latest_only_with_trigger.py
[2024-09-09T15:37:17.171+0000] {processor.py:840} INFO - DAG(s) 'latest_only_with_trigger' retrieved from /home/airflow/.local/lib/python3.12/site-packages/airflow/example_dags/example_latest_only_with_trigger.py
[2024-09-09T15:37:17.195+0000] {logging_mixin.py:188} INFO - [2024-09-09T15:37:17.195+0000] {dag.py:3089} INFO - Sync 1 DAGs
[2024-09-09T15:37:17.224+0000] {logging_mixin.py:188} INFO - [2024-09-09T15:37:17.224+0000] {dag.py:3947} INFO - Setting next_dagrun for latest_only_with_trigger to 2024-09-09 08:00:00+00:00, run_after=2024-09-09 12:00:00+00:00
[2024-09-09T15:37:17.258+0000] {processor.py:183} INFO - Processing /home/airflow/.local/lib/python3.12/site-packages/airflow/example_dags/example_latest_only_with_trigger.py took 0.103 seconds
[2024-09-09T15:37:47.599+0000] {processor.py:161} INFO - Started process (PID=309) to work on /home/airflow/.local/lib/python3.12/site-packages/airflow/example_dags/example_latest_only_with_trigger.py
[2024-09-09T15:37:47.600+0000] {processor.py:830} INFO - Processing file /home/airflow/.local/lib/python3.12/site-packages/airflow/example_dags/example_latest_only_with_trigger.py for tasks to queue
[2024-09-09T15:37:47.602+0000] {logging_mixin.py:188} INFO - [2024-09-09T15:37:47.601+0000] {dagbag.py:545} INFO - Filling up the DagBag from /home/airflow/.local/lib/python3.12/site-packages/airflow/example_dags/example_latest_only_with_trigger.py
[2024-09-09T15:37:47.608+0000] {processor.py:840} INFO - DAG(s) 'latest_only_with_trigger' retrieved from /home/airflow/.local/lib/python3.12/site-packages/airflow/example_dags/example_latest_only_with_trigger.py
[2024-09-09T15:37:47.629+0000] {logging_mixin.py:188} INFO - [2024-09-09T15:37:47.629+0000] {dag.py:3089} INFO - Sync 1 DAGs
[2024-09-09T15:37:47.651+0000] {logging_mixin.py:188} INFO - [2024-09-09T15:37:47.651+0000] {dag.py:3947} INFO - Setting next_dagrun for latest_only_with_trigger to 2024-09-09 08:00:00+00:00, run_after=2024-09-09 12:00:00+00:00
[2024-09-09T15:37:47.669+0000] {processor.py:183} INFO - Processing /home/airflow/.local/lib/python3.12/site-packages/airflow/example_dags/example_latest_only_with_trigger.py took 0.075 seconds
[2024-09-09T15:38:18.103+0000] {processor.py:161} INFO - Started process (PID=369) to work on /home/airflow/.local/lib/python3.12/site-packages/airflow/example_dags/example_latest_only_with_trigger.py
[2024-09-09T15:38:18.105+0000] {processor.py:830} INFO - Processing file /home/airflow/.local/lib/python3.12/site-packages/airflow/example_dags/example_latest_only_with_trigger.py for tasks to queue
[2024-09-09T15:38:18.107+0000] {logging_mixin.py:188} INFO - [2024-09-09T15:38:18.106+0000] {dagbag.py:545} INFO - Filling up the DagBag from /home/airflow/.local/lib/python3.12/site-packages/airflow/example_dags/example_latest_only_with_trigger.py
[2024-09-09T15:38:18.113+0000] {processor.py:840} INFO - DAG(s) 'latest_only_with_trigger' retrieved from /home/airflow/.local/lib/python3.12/site-packages/airflow/example_dags/example_latest_only_with_trigger.py
[2024-09-09T15:38:18.133+0000] {logging_mixin.py:188} INFO - [2024-09-09T15:38:18.132+0000] {dag.py:3089} INFO - Sync 1 DAGs
[2024-09-09T15:38:18.154+0000] {logging_mixin.py:188} INFO - [2024-09-09T15:38:18.154+0000] {dag.py:3947} INFO - Setting next_dagrun for latest_only_with_trigger to 2024-09-09 08:00:00+00:00, run_after=2024-09-09 12:00:00+00:00
[2024-09-09T15:38:18.174+0000] {processor.py:183} INFO - Processing /home/airflow/.local/lib/python3.12/site-packages/airflow/example_dags/example_latest_only_with_trigger.py took 0.077 seconds
[2024-09-09T15:38:48.658+0000] {processor.py:161} INFO - Started process (PID=429) to work on /home/airflow/.local/lib/python3.12/site-packages/airflow/example_dags/example_latest_only_with_trigger.py
[2024-09-09T15:38:48.659+0000] {processor.py:830} INFO - Processing file /home/airflow/.local/lib/python3.12/site-packages/airflow/example_dags/example_latest_only_with_trigger.py for tasks to queue
[2024-09-09T15:38:48.661+0000] {logging_mixin.py:188} INFO - [2024-09-09T15:38:48.660+0000] {dagbag.py:545} INFO - Filling up the DagBag from /home/airflow/.local/lib/python3.12/site-packages/airflow/example_dags/example_latest_only_with_trigger.py
[2024-09-09T15:38:48.666+0000] {processor.py:840} INFO - DAG(s) 'latest_only_with_trigger' retrieved from /home/airflow/.local/lib/python3.12/site-packages/airflow/example_dags/example_latest_only_with_trigger.py
[2024-09-09T15:38:48.688+0000] {logging_mixin.py:188} INFO - [2024-09-09T15:38:48.688+0000] {dag.py:3089} INFO - Sync 1 DAGs
[2024-09-09T15:38:48.710+0000] {logging_mixin.py:188} INFO - [2024-09-09T15:38:48.710+0000] {dag.py:3947} INFO - Setting next_dagrun for latest_only_with_trigger to 2024-09-09 08:00:00+00:00, run_after=2024-09-09 12:00:00+00:00
[2024-09-09T15:38:48.731+0000] {processor.py:183} INFO - Processing /home/airflow/.local/lib/python3.12/site-packages/airflow/example_dags/example_latest_only_with_trigger.py took 0.080 seconds
[2024-09-09T15:39:19.347+0000] {processor.py:161} INFO - Started process (PID=489) to work on /home/airflow/.local/lib/python3.12/site-packages/airflow/example_dags/example_latest_only_with_trigger.py
[2024-09-09T15:39:19.348+0000] {processor.py:830} INFO - Processing file /home/airflow/.local/lib/python3.12/site-packages/airflow/example_dags/example_latest_only_with_trigger.py for tasks to queue
[2024-09-09T15:39:19.350+0000] {logging_mixin.py:188} INFO - [2024-09-09T15:39:19.350+0000] {dagbag.py:545} INFO - Filling up the DagBag from /home/airflow/.local/lib/python3.12/site-packages/airflow/example_dags/example_latest_only_with_trigger.py
[2024-09-09T15:39:19.355+0000] {processor.py:840} INFO - DAG(s) 'latest_only_with_trigger' retrieved from /home/airflow/.local/lib/python3.12/site-packages/airflow/example_dags/example_latest_only_with_trigger.py
[2024-09-09T15:39:19.376+0000] {logging_mixin.py:188} INFO - [2024-09-09T15:39:19.376+0000] {dag.py:3089} INFO - Sync 1 DAGs
[2024-09-09T15:39:19.400+0000] {logging_mixin.py:188} INFO - [2024-09-09T15:39:19.400+0000] {dag.py:3947} INFO - Setting next_dagrun for latest_only_with_trigger to 2024-09-09 08:00:00+00:00, run_after=2024-09-09 12:00:00+00:00
[2024-09-09T15:39:19.419+0000] {processor.py:183} INFO - Processing /home/airflow/.local/lib/python3.12/site-packages/airflow/example_dags/example_latest_only_with_trigger.py took 0.078 seconds
[2024-09-09T15:39:49.602+0000] {processor.py:161} INFO - Started process (PID=549) to work on /home/airflow/.local/lib/python3.12/site-packages/airflow/example_dags/example_latest_only_with_trigger.py
[2024-09-09T15:39:49.604+0000] {processor.py:830} INFO - Processing file /home/airflow/.local/lib/python3.12/site-packages/airflow/example_dags/example_latest_only_with_trigger.py for tasks to queue
[2024-09-09T15:39:49.605+0000] {logging_mixin.py:188} INFO - [2024-09-09T15:39:49.605+0000] {dagbag.py:545} INFO - Filling up the DagBag from /home/airflow/.local/lib/python3.12/site-packages/airflow/example_dags/example_latest_only_with_trigger.py
[2024-09-09T15:39:49.613+0000] {processor.py:840} INFO - DAG(s) 'latest_only_with_trigger' retrieved from /home/airflow/.local/lib/python3.12/site-packages/airflow/example_dags/example_latest_only_with_trigger.py
[2024-09-09T15:39:49.632+0000] {logging_mixin.py:188} INFO - [2024-09-09T15:39:49.632+0000] {dag.py:3089} INFO - Sync 1 DAGs
[2024-09-09T15:39:49.653+0000] {logging_mixin.py:188} INFO - [2024-09-09T15:39:49.652+0000] {dag.py:3947} INFO - Setting next_dagrun for latest_only_with_trigger to 2024-09-09 08:00:00+00:00, run_after=2024-09-09 12:00:00+00:00
[2024-09-09T15:39:49.669+0000] {processor.py:183} INFO - Processing /home/airflow/.local/lib/python3.12/site-packages/airflow/example_dags/example_latest_only_with_trigger.py took 0.073 seconds
[2024-09-09T15:40:20.003+0000] {processor.py:161} INFO - Started process (PID=609) to work on /home/airflow/.local/lib/python3.12/site-packages/airflow/example_dags/example_latest_only_with_trigger.py
[2024-09-09T15:40:20.004+0000] {processor.py:830} INFO - Processing file /home/airflow/.local/lib/python3.12/site-packages/airflow/example_dags/example_latest_only_with_trigger.py for tasks to queue
[2024-09-09T15:40:20.007+0000] {logging_mixin.py:188} INFO - [2024-09-09T15:40:20.006+0000] {dagbag.py:545} INFO - Filling up the DagBag from /home/airflow/.local/lib/python3.12/site-packages/airflow/example_dags/example_latest_only_with_trigger.py
[2024-09-09T15:40:20.013+0000] {processor.py:840} INFO - DAG(s) 'latest_only_with_trigger' retrieved from /home/airflow/.local/lib/python3.12/site-packages/airflow/example_dags/example_latest_only_with_trigger.py
[2024-09-09T15:40:20.034+0000] {logging_mixin.py:188} INFO - [2024-09-09T15:40:20.033+0000] {dag.py:3089} INFO - Sync 1 DAGs
[2024-09-09T15:40:20.060+0000] {logging_mixin.py:188} INFO - [2024-09-09T15:40:20.060+0000] {dag.py:3947} INFO - Setting next_dagrun for latest_only_with_trigger to 2024-09-09 08:00:00+00:00, run_after=2024-09-09 12:00:00+00:00
[2024-09-09T15:40:20.080+0000] {processor.py:183} INFO - Processing /home/airflow/.local/lib/python3.12/site-packages/airflow/example_dags/example_latest_only_with_trigger.py took 0.082 seconds
[2024-09-09T15:40:50.336+0000] {processor.py:161} INFO - Started process (PID=669) to work on /home/airflow/.local/lib/python3.12/site-packages/airflow/example_dags/example_latest_only_with_trigger.py
[2024-09-09T15:40:50.337+0000] {processor.py:830} INFO - Processing file /home/airflow/.local/lib/python3.12/site-packages/airflow/example_dags/example_latest_only_with_trigger.py for tasks to queue
[2024-09-09T15:40:50.339+0000] {logging_mixin.py:188} INFO - [2024-09-09T15:40:50.339+0000] {dagbag.py:545} INFO - Filling up the DagBag from /home/airflow/.local/lib/python3.12/site-packages/airflow/example_dags/example_latest_only_with_trigger.py
[2024-09-09T15:40:50.345+0000] {processor.py:840} INFO - DAG(s) 'latest_only_with_trigger' retrieved from /home/airflow/.local/lib/python3.12/site-packages/airflow/example_dags/example_latest_only_with_trigger.py
[2024-09-09T15:40:50.364+0000] {logging_mixin.py:188} INFO - [2024-09-09T15:40:50.364+0000] {dag.py:3089} INFO - Sync 1 DAGs
[2024-09-09T15:40:50.386+0000] {logging_mixin.py:188} INFO - [2024-09-09T15:40:50.386+0000] {dag.py:3947} INFO - Setting next_dagrun for latest_only_with_trigger to 2024-09-09 08:00:00+00:00, run_after=2024-09-09 12:00:00+00:00
[2024-09-09T15:40:50.406+0000] {processor.py:183} INFO - Processing /home/airflow/.local/lib/python3.12/site-packages/airflow/example_dags/example_latest_only_with_trigger.py took 0.076 seconds
[2024-09-09T15:41:20.643+0000] {processor.py:161} INFO - Started process (PID=729) to work on /home/airflow/.local/lib/python3.12/site-packages/airflow/example_dags/example_latest_only_with_trigger.py
[2024-09-09T15:41:20.645+0000] {processor.py:830} INFO - Processing file /home/airflow/.local/lib/python3.12/site-packages/airflow/example_dags/example_latest_only_with_trigger.py for tasks to queue
[2024-09-09T15:41:20.649+0000] {logging_mixin.py:188} INFO - [2024-09-09T15:41:20.648+0000] {dagbag.py:545} INFO - Filling up the DagBag from /home/airflow/.local/lib/python3.12/site-packages/airflow/example_dags/example_latest_only_with_trigger.py
[2024-09-09T15:41:20.657+0000] {processor.py:840} INFO - DAG(s) 'latest_only_with_trigger' retrieved from /home/airflow/.local/lib/python3.12/site-packages/airflow/example_dags/example_latest_only_with_trigger.py
[2024-09-09T15:41:20.681+0000] {logging_mixin.py:188} INFO - [2024-09-09T15:41:20.680+0000] {dag.py:3089} INFO - Sync 1 DAGs
[2024-09-09T15:41:20.706+0000] {logging_mixin.py:188} INFO - [2024-09-09T15:41:20.706+0000] {dag.py:3947} INFO - Setting next_dagrun for latest_only_with_trigger to 2024-09-09 08:00:00+00:00, run_after=2024-09-09 12:00:00+00:00
[2024-09-09T15:41:20.723+0000] {processor.py:183} INFO - Processing /home/airflow/.local/lib/python3.12/site-packages/airflow/example_dags/example_latest_only_with_trigger.py took 0.089 seconds
[2024-09-09T15:41:51.028+0000] {processor.py:161} INFO - Started process (PID=789) to work on /home/airflow/.local/lib/python3.12/site-packages/airflow/example_dags/example_latest_only_with_trigger.py
[2024-09-09T15:41:51.029+0000] {processor.py:830} INFO - Processing file /home/airflow/.local/lib/python3.12/site-packages/airflow/example_dags/example_latest_only_with_trigger.py for tasks to queue
[2024-09-09T15:41:51.031+0000] {logging_mixin.py:188} INFO - [2024-09-09T15:41:51.031+0000] {dagbag.py:545} INFO - Filling up the DagBag from /home/airflow/.local/lib/python3.12/site-packages/airflow/example_dags/example_latest_only_with_trigger.py
[2024-09-09T15:41:51.037+0000] {processor.py:840} INFO - DAG(s) 'latest_only_with_trigger' retrieved from /home/airflow/.local/lib/python3.12/site-packages/airflow/example_dags/example_latest_only_with_trigger.py
[2024-09-09T15:41:51.058+0000] {logging_mixin.py:188} INFO - [2024-09-09T15:41:51.058+0000] {dag.py:3089} INFO - Sync 1 DAGs
[2024-09-09T15:41:51.081+0000] {logging_mixin.py:188} INFO - [2024-09-09T15:41:51.081+0000] {dag.py:3947} INFO - Setting next_dagrun for latest_only_with_trigger to 2024-09-09 08:00:00+00:00, run_after=2024-09-09 12:00:00+00:00
[2024-09-09T15:41:51.101+0000] {processor.py:183} INFO - Processing /home/airflow/.local/lib/python3.12/site-packages/airflow/example_dags/example_latest_only_with_trigger.py took 0.078 seconds
[2024-09-09T15:42:21.432+0000] {processor.py:161} INFO - Started process (PID=849) to work on /home/airflow/.local/lib/python3.12/site-packages/airflow/example_dags/example_latest_only_with_trigger.py
[2024-09-09T15:42:21.433+0000] {processor.py:830} INFO - Processing file /home/airflow/.local/lib/python3.12/site-packages/airflow/example_dags/example_latest_only_with_trigger.py for tasks to queue
[2024-09-09T15:42:21.435+0000] {logging_mixin.py:188} INFO - [2024-09-09T15:42:21.435+0000] {dagbag.py:545} INFO - Filling up the DagBag from /home/airflow/.local/lib/python3.12/site-packages/airflow/example_dags/example_latest_only_with_trigger.py
[2024-09-09T15:42:21.440+0000] {processor.py:840} INFO - DAG(s) 'latest_only_with_trigger' retrieved from /home/airflow/.local/lib/python3.12/site-packages/airflow/example_dags/example_latest_only_with_trigger.py
[2024-09-09T15:42:21.460+0000] {logging_mixin.py:188} INFO - [2024-09-09T15:42:21.460+0000] {dag.py:3089} INFO - Sync 1 DAGs
[2024-09-09T15:42:21.485+0000] {logging_mixin.py:188} INFO - [2024-09-09T15:42:21.485+0000] {dag.py:3947} INFO - Setting next_dagrun for latest_only_with_trigger to 2024-09-09 08:00:00+00:00, run_after=2024-09-09 12:00:00+00:00
[2024-09-09T15:42:21.505+0000] {processor.py:183} INFO - Processing /home/airflow/.local/lib/python3.12/site-packages/airflow/example_dags/example_latest_only_with_trigger.py took 0.079 seconds
[2024-09-09T15:42:51.786+0000] {processor.py:161} INFO - Started process (PID=909) to work on /home/airflow/.local/lib/python3.12/site-packages/airflow/example_dags/example_latest_only_with_trigger.py
[2024-09-09T15:42:51.787+0000] {processor.py:830} INFO - Processing file /home/airflow/.local/lib/python3.12/site-packages/airflow/example_dags/example_latest_only_with_trigger.py for tasks to queue
[2024-09-09T15:42:51.789+0000] {logging_mixin.py:188} INFO - [2024-09-09T15:42:51.789+0000] {dagbag.py:545} INFO - Filling up the DagBag from /home/airflow/.local/lib/python3.12/site-packages/airflow/example_dags/example_latest_only_with_trigger.py
[2024-09-09T15:42:51.795+0000] {processor.py:840} INFO - DAG(s) 'latest_only_with_trigger' retrieved from /home/airflow/.local/lib/python3.12/site-packages/airflow/example_dags/example_latest_only_with_trigger.py
[2024-09-09T15:42:51.819+0000] {logging_mixin.py:188} INFO - [2024-09-09T15:42:51.818+0000] {dag.py:3089} INFO - Sync 1 DAGs
[2024-09-09T15:42:51.845+0000] {logging_mixin.py:188} INFO - [2024-09-09T15:42:51.844+0000] {dag.py:3947} INFO - Setting next_dagrun for latest_only_with_trigger to 2024-09-09 08:00:00+00:00, run_after=2024-09-09 12:00:00+00:00
[2024-09-09T15:42:51.868+0000] {processor.py:183} INFO - Processing /home/airflow/.local/lib/python3.12/site-packages/airflow/example_dags/example_latest_only_with_trigger.py took 0.090 seconds
[2024-09-09T15:43:22.128+0000] {processor.py:161} INFO - Started process (PID=969) to work on /home/airflow/.local/lib/python3.12/site-packages/airflow/example_dags/example_latest_only_with_trigger.py
[2024-09-09T15:43:22.129+0000] {processor.py:830} INFO - Processing file /home/airflow/.local/lib/python3.12/site-packages/airflow/example_dags/example_latest_only_with_trigger.py for tasks to queue
[2024-09-09T15:43:22.131+0000] {logging_mixin.py:188} INFO - [2024-09-09T15:43:22.131+0000] {dagbag.py:545} INFO - Filling up the DagBag from /home/airflow/.local/lib/python3.12/site-packages/airflow/example_dags/example_latest_only_with_trigger.py
[2024-09-09T15:43:22.137+0000] {processor.py:840} INFO - DAG(s) 'latest_only_with_trigger' retrieved from /home/airflow/.local/lib/python3.12/site-packages/airflow/example_dags/example_latest_only_with_trigger.py
[2024-09-09T15:43:22.156+0000] {logging_mixin.py:188} INFO - [2024-09-09T15:43:22.156+0000] {dag.py:3089} INFO - Sync 1 DAGs
[2024-09-09T15:43:22.180+0000] {logging_mixin.py:188} INFO - [2024-09-09T15:43:22.180+0000] {dag.py:3947} INFO - Setting next_dagrun for latest_only_with_trigger to 2024-09-09 08:00:00+00:00, run_after=2024-09-09 12:00:00+00:00
[2024-09-09T15:43:22.199+0000] {processor.py:183} INFO - Processing /home/airflow/.local/lib/python3.12/site-packages/airflow/example_dags/example_latest_only_with_trigger.py took 0.076 seconds
[2024-09-09T15:43:52.753+0000] {processor.py:161} INFO - Started process (PID=1029) to work on /home/airflow/.local/lib/python3.12/site-packages/airflow/example_dags/example_latest_only_with_trigger.py
[2024-09-09T15:43:52.754+0000] {processor.py:830} INFO - Processing file /home/airflow/.local/lib/python3.12/site-packages/airflow/example_dags/example_latest_only_with_trigger.py for tasks to queue
[2024-09-09T15:43:52.756+0000] {logging_mixin.py:188} INFO - [2024-09-09T15:43:52.755+0000] {dagbag.py:545} INFO - Filling up the DagBag from /home/airflow/.local/lib/python3.12/site-packages/airflow/example_dags/example_latest_only_with_trigger.py
[2024-09-09T15:43:52.762+0000] {processor.py:840} INFO - DAG(s) 'latest_only_with_trigger' retrieved from /home/airflow/.local/lib/python3.12/site-packages/airflow/example_dags/example_latest_only_with_trigger.py
[2024-09-09T15:43:52.781+0000] {logging_mixin.py:188} INFO - [2024-09-09T15:43:52.781+0000] {dag.py:3089} INFO - Sync 1 DAGs
[2024-09-09T15:43:52.803+0000] {logging_mixin.py:188} INFO - [2024-09-09T15:43:52.803+0000] {dag.py:3947} INFO - Setting next_dagrun for latest_only_with_trigger to 2024-09-09 08:00:00+00:00, run_after=2024-09-09 12:00:00+00:00
[2024-09-09T15:43:52.821+0000] {processor.py:183} INFO - Processing /home/airflow/.local/lib/python3.12/site-packages/airflow/example_dags/example_latest_only_with_trigger.py took 0.075 seconds
[2024-09-09T15:44:23.617+0000] {processor.py:161} INFO - Started process (PID=1089) to work on /home/airflow/.local/lib/python3.12/site-packages/airflow/example_dags/example_latest_only_with_trigger.py
[2024-09-09T15:44:23.618+0000] {processor.py:830} INFO - Processing file /home/airflow/.local/lib/python3.12/site-packages/airflow/example_dags/example_latest_only_with_trigger.py for tasks to queue
[2024-09-09T15:44:23.620+0000] {logging_mixin.py:188} INFO - [2024-09-09T15:44:23.620+0000] {dagbag.py:545} INFO - Filling up the DagBag from /home/airflow/.local/lib/python3.12/site-packages/airflow/example_dags/example_latest_only_with_trigger.py
[2024-09-09T15:44:23.626+0000] {processor.py:840} INFO - DAG(s) 'latest_only_with_trigger' retrieved from /home/airflow/.local/lib/python3.12/site-packages/airflow/example_dags/example_latest_only_with_trigger.py
[2024-09-09T15:44:23.647+0000] {logging_mixin.py:188} INFO - [2024-09-09T15:44:23.646+0000] {dag.py:3089} INFO - Sync 1 DAGs
[2024-09-09T15:44:23.668+0000] {logging_mixin.py:188} INFO - [2024-09-09T15:44:23.668+0000] {dag.py:3947} INFO - Setting next_dagrun for latest_only_with_trigger to 2024-09-09 08:00:00+00:00, run_after=2024-09-09 12:00:00+00:00
[2024-09-09T15:44:23.686+0000] {processor.py:183} INFO - Processing /home/airflow/.local/lib/python3.12/site-packages/airflow/example_dags/example_latest_only_with_trigger.py took 0.075 seconds
[2024-09-09T15:44:54.340+0000] {processor.py:161} INFO - Started process (PID=1149) to work on /home/airflow/.local/lib/python3.12/site-packages/airflow/example_dags/example_latest_only_with_trigger.py
[2024-09-09T15:44:54.341+0000] {processor.py:830} INFO - Processing file /home/airflow/.local/lib/python3.12/site-packages/airflow/example_dags/example_latest_only_with_trigger.py for tasks to queue
[2024-09-09T15:44:54.343+0000] {logging_mixin.py:188} INFO - [2024-09-09T15:44:54.342+0000] {dagbag.py:545} INFO - Filling up the DagBag from /home/airflow/.local/lib/python3.12/site-packages/airflow/example_dags/example_latest_only_with_trigger.py
[2024-09-09T15:44:54.349+0000] {processor.py:840} INFO - DAG(s) 'latest_only_with_trigger' retrieved from /home/airflow/.local/lib/python3.12/site-packages/airflow/example_dags/example_latest_only_with_trigger.py
[2024-09-09T15:44:54.370+0000] {logging_mixin.py:188} INFO - [2024-09-09T15:44:54.369+0000] {dag.py:3089} INFO - Sync 1 DAGs
[2024-09-09T15:44:54.393+0000] {logging_mixin.py:188} INFO - [2024-09-09T15:44:54.393+0000] {dag.py:3947} INFO - Setting next_dagrun for latest_only_with_trigger to 2024-09-09 08:00:00+00:00, run_after=2024-09-09 12:00:00+00:00
[2024-09-09T15:44:54.414+0000] {processor.py:183} INFO - Processing /home/airflow/.local/lib/python3.12/site-packages/airflow/example_dags/example_latest_only_with_trigger.py took 0.079 seconds
[2024-09-09T15:45:25.227+0000] {processor.py:161} INFO - Started process (PID=1209) to work on /home/airflow/.local/lib/python3.12/site-packages/airflow/example_dags/example_latest_only_with_trigger.py
[2024-09-09T15:45:25.228+0000] {processor.py:830} INFO - Processing file /home/airflow/.local/lib/python3.12/site-packages/airflow/example_dags/example_latest_only_with_trigger.py for tasks to queue
[2024-09-09T15:45:25.230+0000] {logging_mixin.py:188} INFO - [2024-09-09T15:45:25.230+0000] {dagbag.py:545} INFO - Filling up the DagBag from /home/airflow/.local/lib/python3.12/site-packages/airflow/example_dags/example_latest_only_with_trigger.py
[2024-09-09T15:45:25.235+0000] {processor.py:840} INFO - DAG(s) 'latest_only_with_trigger' retrieved from /home/airflow/.local/lib/python3.12/site-packages/airflow/example_dags/example_latest_only_with_trigger.py
[2024-09-09T15:45:25.256+0000] {logging_mixin.py:188} INFO - [2024-09-09T15:45:25.255+0000] {dag.py:3089} INFO - Sync 1 DAGs
[2024-09-09T15:45:25.279+0000] {logging_mixin.py:188} INFO - [2024-09-09T15:45:25.279+0000] {dag.py:3947} INFO - Setting next_dagrun for latest_only_with_trigger to 2024-09-09 08:00:00+00:00, run_after=2024-09-09 12:00:00+00:00
[2024-09-09T15:45:25.300+0000] {processor.py:183} INFO - Processing /home/airflow/.local/lib/python3.12/site-packages/airflow/example_dags/example_latest_only_with_trigger.py took 0.078 seconds
[2024-09-09T15:45:56.355+0000] {processor.py:161} INFO - Started process (PID=1269) to work on /home/airflow/.local/lib/python3.12/site-packages/airflow/example_dags/example_latest_only_with_trigger.py
[2024-09-09T15:45:56.356+0000] {processor.py:830} INFO - Processing file /home/airflow/.local/lib/python3.12/site-packages/airflow/example_dags/example_latest_only_with_trigger.py for tasks to queue
[2024-09-09T15:45:56.358+0000] {logging_mixin.py:188} INFO - [2024-09-09T15:45:56.357+0000] {dagbag.py:545} INFO - Filling up the DagBag from /home/airflow/.local/lib/python3.12/site-packages/airflow/example_dags/example_latest_only_with_trigger.py
[2024-09-09T15:45:56.363+0000] {processor.py:840} INFO - DAG(s) 'latest_only_with_trigger' retrieved from /home/airflow/.local/lib/python3.12/site-packages/airflow/example_dags/example_latest_only_with_trigger.py
[2024-09-09T15:45:56.384+0000] {logging_mixin.py:188} INFO - [2024-09-09T15:45:56.383+0000] {dag.py:3089} INFO - Sync 1 DAGs
[2024-09-09T15:45:56.407+0000] {logging_mixin.py:188} INFO - [2024-09-09T15:45:56.407+0000] {dag.py:3947} INFO - Setting next_dagrun for latest_only_with_trigger to 2024-09-09 08:00:00+00:00, run_after=2024-09-09 12:00:00+00:00
[2024-09-09T15:45:56.427+0000] {processor.py:183} INFO - Processing /home/airflow/.local/lib/python3.12/site-packages/airflow/example_dags/example_latest_only_with_trigger.py took 0.078 seconds
[2024-09-09T15:46:26.842+0000] {processor.py:161} INFO - Started process (PID=1329) to work on /home/airflow/.local/lib/python3.12/site-packages/airflow/example_dags/example_latest_only_with_trigger.py
[2024-09-09T15:46:26.843+0000] {processor.py:830} INFO - Processing file /home/airflow/.local/lib/python3.12/site-packages/airflow/example_dags/example_latest_only_with_trigger.py for tasks to queue
[2024-09-09T15:46:26.844+0000] {logging_mixin.py:188} INFO - [2024-09-09T15:46:26.844+0000] {dagbag.py:545} INFO - Filling up the DagBag from /home/airflow/.local/lib/python3.12/site-packages/airflow/example_dags/example_latest_only_with_trigger.py
[2024-09-09T15:46:26.850+0000] {processor.py:840} INFO - DAG(s) 'latest_only_with_trigger' retrieved from /home/airflow/.local/lib/python3.12/site-packages/airflow/example_dags/example_latest_only_with_trigger.py
[2024-09-09T15:46:26.870+0000] {logging_mixin.py:188} INFO - [2024-09-09T15:46:26.869+0000] {dag.py:3089} INFO - Sync 1 DAGs
[2024-09-09T15:46:26.892+0000] {logging_mixin.py:188} INFO - [2024-09-09T15:46:26.892+0000] {dag.py:3947} INFO - Setting next_dagrun for latest_only_with_trigger to 2024-09-09 08:00:00+00:00, run_after=2024-09-09 12:00:00+00:00
[2024-09-09T15:46:26.911+0000] {processor.py:183} INFO - Processing /home/airflow/.local/lib/python3.12/site-packages/airflow/example_dags/example_latest_only_with_trigger.py took 0.076 seconds
[2024-09-09T15:46:57.306+0000] {processor.py:161} INFO - Started process (PID=1389) to work on /home/airflow/.local/lib/python3.12/site-packages/airflow/example_dags/example_latest_only_with_trigger.py
[2024-09-09T15:46:57.307+0000] {processor.py:830} INFO - Processing file /home/airflow/.local/lib/python3.12/site-packages/airflow/example_dags/example_latest_only_with_trigger.py for tasks to queue
[2024-09-09T15:46:57.309+0000] {logging_mixin.py:188} INFO - [2024-09-09T15:46:57.308+0000] {dagbag.py:545} INFO - Filling up the DagBag from /home/airflow/.local/lib/python3.12/site-packages/airflow/example_dags/example_latest_only_with_trigger.py
[2024-09-09T15:46:57.315+0000] {processor.py:840} INFO - DAG(s) 'latest_only_with_trigger' retrieved from /home/airflow/.local/lib/python3.12/site-packages/airflow/example_dags/example_latest_only_with_trigger.py
[2024-09-09T15:46:57.335+0000] {logging_mixin.py:188} INFO - [2024-09-09T15:46:57.334+0000] {dag.py:3089} INFO - Sync 1 DAGs
[2024-09-09T15:46:57.356+0000] {logging_mixin.py:188} INFO - [2024-09-09T15:46:57.356+0000] {dag.py:3947} INFO - Setting next_dagrun for latest_only_with_trigger to 2024-09-09 08:00:00+00:00, run_after=2024-09-09 12:00:00+00:00
[2024-09-09T15:46:57.376+0000] {processor.py:183} INFO - Processing /home/airflow/.local/lib/python3.12/site-packages/airflow/example_dags/example_latest_only_with_trigger.py took 0.076 seconds
[2024-09-09T15:47:28.048+0000] {processor.py:161} INFO - Started process (PID=1449) to work on /home/airflow/.local/lib/python3.12/site-packages/airflow/example_dags/example_latest_only_with_trigger.py
[2024-09-09T15:47:28.049+0000] {processor.py:830} INFO - Processing file /home/airflow/.local/lib/python3.12/site-packages/airflow/example_dags/example_latest_only_with_trigger.py for tasks to queue
[2024-09-09T15:47:28.051+0000] {logging_mixin.py:188} INFO - [2024-09-09T15:47:28.051+0000] {dagbag.py:545} INFO - Filling up the DagBag from /home/airflow/.local/lib/python3.12/site-packages/airflow/example_dags/example_latest_only_with_trigger.py
[2024-09-09T15:47:28.058+0000] {processor.py:840} INFO - DAG(s) 'latest_only_with_trigger' retrieved from /home/airflow/.local/lib/python3.12/site-packages/airflow/example_dags/example_latest_only_with_trigger.py
[2024-09-09T15:47:28.078+0000] {logging_mixin.py:188} INFO - [2024-09-09T15:47:28.078+0000] {dag.py:3089} INFO - Sync 1 DAGs
[2024-09-09T15:47:28.101+0000] {logging_mixin.py:188} INFO - [2024-09-09T15:47:28.101+0000] {dag.py:3947} INFO - Setting next_dagrun for latest_only_with_trigger to 2024-09-09 08:00:00+00:00, run_after=2024-09-09 12:00:00+00:00
[2024-09-09T15:47:28.120+0000] {processor.py:183} INFO - Processing /home/airflow/.local/lib/python3.12/site-packages/airflow/example_dags/example_latest_only_with_trigger.py took 0.078 seconds
[2024-09-09T15:47:59.379+0000] {processor.py:161} INFO - Started process (PID=1509) to work on /home/airflow/.local/lib/python3.12/site-packages/airflow/example_dags/example_latest_only_with_trigger.py
[2024-09-09T15:47:59.380+0000] {processor.py:830} INFO - Processing file /home/airflow/.local/lib/python3.12/site-packages/airflow/example_dags/example_latest_only_with_trigger.py for tasks to queue
[2024-09-09T15:47:59.382+0000] {logging_mixin.py:188} INFO - [2024-09-09T15:47:59.381+0000] {dagbag.py:545} INFO - Filling up the DagBag from /home/airflow/.local/lib/python3.12/site-packages/airflow/example_dags/example_latest_only_with_trigger.py
[2024-09-09T15:47:59.387+0000] {processor.py:840} INFO - DAG(s) 'latest_only_with_trigger' retrieved from /home/airflow/.local/lib/python3.12/site-packages/airflow/example_dags/example_latest_only_with_trigger.py
[2024-09-09T15:47:59.407+0000] {logging_mixin.py:188} INFO - [2024-09-09T15:47:59.407+0000] {dag.py:3089} INFO - Sync 1 DAGs
[2024-09-09T15:47:59.554+0000] {logging_mixin.py:188} INFO - [2024-09-09T15:47:59.554+0000] {dag.py:3947} INFO - Setting next_dagrun for latest_only_with_trigger to 2024-09-09 08:00:00+00:00, run_after=2024-09-09 12:00:00+00:00
[2024-09-09T15:47:59.573+0000] {processor.py:183} INFO - Processing /home/airflow/.local/lib/python3.12/site-packages/airflow/example_dags/example_latest_only_with_trigger.py took 0.200 seconds
