[2024-09-09T15:35:45.904+0000] {processor.py:161} INFO - Started process (PID=67) to work on /home/airflow/.local/lib/python3.12/site-packages/airflow/example_dags/example_branch_python_dop_operator_3.py
[2024-09-09T15:35:45.906+0000] {processor.py:830} INFO - Processing file /home/airflow/.local/lib/python3.12/site-packages/airflow/example_dags/example_branch_python_dop_operator_3.py for tasks to queue
[2024-09-09T15:35:45.909+0000] {logging_mixin.py:188} INFO - [2024-09-09T15:35:45.908+0000] {dagbag.py:545} INFO - Filling up the DagBag from /home/airflow/.local/lib/python3.12/site-packages/airflow/example_dags/example_branch_python_dop_operator_3.py
[2024-09-09T15:35:45.931+0000] {processor.py:840} INFO - DAG(s) 'example_branch_dop_operator_v3' retrieved from /home/airflow/.local/lib/python3.12/site-packages/airflow/example_dags/example_branch_python_dop_operator_3.py
[2024-09-09T15:35:45.948+0000] {logging_mixin.py:188} INFO - [2024-09-09T15:35:45.947+0000] {dag.py:3089} INFO - Sync 1 DAGs
[2024-09-09T15:35:45.996+0000] {logging_mixin.py:188} INFO - [2024-09-09T15:35:45.996+0000] {dag.py:3947} INFO - Setting next_dagrun for example_branch_dop_operator_v3 to 2024-09-09 15:34:00+00:00, run_after=2024-09-09 15:35:00+00:00
[2024-09-09T15:35:46.028+0000] {processor.py:183} INFO - Processing /home/airflow/.local/lib/python3.12/site-packages/airflow/example_dags/example_branch_python_dop_operator_3.py took 0.133 seconds
[2024-09-09T15:36:16.216+0000] {processor.py:161} INFO - Started process (PID=125) to work on /home/airflow/.local/lib/python3.12/site-packages/airflow/example_dags/example_branch_python_dop_operator_3.py
[2024-09-09T15:36:16.217+0000] {processor.py:830} INFO - Processing file /home/airflow/.local/lib/python3.12/site-packages/airflow/example_dags/example_branch_python_dop_operator_3.py for tasks to queue
[2024-09-09T15:36:16.219+0000] {logging_mixin.py:188} INFO - [2024-09-09T15:36:16.218+0000] {dagbag.py:545} INFO - Filling up the DagBag from /home/airflow/.local/lib/python3.12/site-packages/airflow/example_dags/example_branch_python_dop_operator_3.py
[2024-09-09T15:36:16.229+0000] {processor.py:840} INFO - DAG(s) 'example_branch_dop_operator_v3' retrieved from /home/airflow/.local/lib/python3.12/site-packages/airflow/example_dags/example_branch_python_dop_operator_3.py
[2024-09-09T15:36:16.355+0000] {logging_mixin.py:188} INFO - [2024-09-09T15:36:16.355+0000] {dag.py:3089} INFO - Sync 1 DAGs
[2024-09-09T15:36:16.392+0000] {logging_mixin.py:188} INFO - [2024-09-09T15:36:16.392+0000] {dag.py:3947} INFO - Setting next_dagrun for example_branch_dop_operator_v3 to 2024-09-09 15:35:00+00:00, run_after=2024-09-09 15:36:00+00:00
[2024-09-09T15:36:16.417+0000] {processor.py:183} INFO - Processing /home/airflow/.local/lib/python3.12/site-packages/airflow/example_dags/example_branch_python_dop_operator_3.py took 0.208 seconds
[2024-09-09T15:36:46.730+0000] {processor.py:161} INFO - Started process (PID=185) to work on /home/airflow/.local/lib/python3.12/site-packages/airflow/example_dags/example_branch_python_dop_operator_3.py
[2024-09-09T15:36:46.732+0000] {processor.py:830} INFO - Processing file /home/airflow/.local/lib/python3.12/site-packages/airflow/example_dags/example_branch_python_dop_operator_3.py for tasks to queue
[2024-09-09T15:36:46.734+0000] {logging_mixin.py:188} INFO - [2024-09-09T15:36:46.734+0000] {dagbag.py:545} INFO - Filling up the DagBag from /home/airflow/.local/lib/python3.12/site-packages/airflow/example_dags/example_branch_python_dop_operator_3.py
[2024-09-09T15:36:46.746+0000] {processor.py:840} INFO - DAG(s) 'example_branch_dop_operator_v3' retrieved from /home/airflow/.local/lib/python3.12/site-packages/airflow/example_dags/example_branch_python_dop_operator_3.py
[2024-09-09T15:36:46.767+0000] {logging_mixin.py:188} INFO - [2024-09-09T15:36:46.767+0000] {dag.py:3089} INFO - Sync 1 DAGs
[2024-09-09T15:36:46.794+0000] {logging_mixin.py:188} INFO - [2024-09-09T15:36:46.794+0000] {dag.py:3947} INFO - Setting next_dagrun for example_branch_dop_operator_v3 to 2024-09-09 15:35:00+00:00, run_after=2024-09-09 15:36:00+00:00
[2024-09-09T15:36:46.815+0000] {processor.py:183} INFO - Processing /home/airflow/.local/lib/python3.12/site-packages/airflow/example_dags/example_branch_python_dop_operator_3.py took 0.093 seconds
[2024-09-09T15:37:16.946+0000] {processor.py:161} INFO - Started process (PID=245) to work on /home/airflow/.local/lib/python3.12/site-packages/airflow/example_dags/example_branch_python_dop_operator_3.py
[2024-09-09T15:37:16.947+0000] {processor.py:830} INFO - Processing file /home/airflow/.local/lib/python3.12/site-packages/airflow/example_dags/example_branch_python_dop_operator_3.py for tasks to queue
[2024-09-09T15:37:16.949+0000] {logging_mixin.py:188} INFO - [2024-09-09T15:37:16.948+0000] {dagbag.py:545} INFO - Filling up the DagBag from /home/airflow/.local/lib/python3.12/site-packages/airflow/example_dags/example_branch_python_dop_operator_3.py
[2024-09-09T15:37:16.957+0000] {processor.py:840} INFO - DAG(s) 'example_branch_dop_operator_v3' retrieved from /home/airflow/.local/lib/python3.12/site-packages/airflow/example_dags/example_branch_python_dop_operator_3.py
[2024-09-09T15:37:16.976+0000] {logging_mixin.py:188} INFO - [2024-09-09T15:37:16.976+0000] {dag.py:3089} INFO - Sync 1 DAGs
[2024-09-09T15:37:17.003+0000] {logging_mixin.py:188} INFO - [2024-09-09T15:37:17.002+0000] {dag.py:3947} INFO - Setting next_dagrun for example_branch_dop_operator_v3 to 2024-09-09 15:36:00+00:00, run_after=2024-09-09 15:37:00+00:00
[2024-09-09T15:37:17.021+0000] {processor.py:183} INFO - Processing /home/airflow/.local/lib/python3.12/site-packages/airflow/example_dags/example_branch_python_dop_operator_3.py took 0.081 seconds
[2024-09-09T15:37:47.393+0000] {processor.py:161} INFO - Started process (PID=305) to work on /home/airflow/.local/lib/python3.12/site-packages/airflow/example_dags/example_branch_python_dop_operator_3.py
[2024-09-09T15:37:47.394+0000] {processor.py:830} INFO - Processing file /home/airflow/.local/lib/python3.12/site-packages/airflow/example_dags/example_branch_python_dop_operator_3.py for tasks to queue
[2024-09-09T15:37:47.396+0000] {logging_mixin.py:188} INFO - [2024-09-09T15:37:47.395+0000] {dagbag.py:545} INFO - Filling up the DagBag from /home/airflow/.local/lib/python3.12/site-packages/airflow/example_dags/example_branch_python_dop_operator_3.py
[2024-09-09T15:37:47.405+0000] {processor.py:840} INFO - DAG(s) 'example_branch_dop_operator_v3' retrieved from /home/airflow/.local/lib/python3.12/site-packages/airflow/example_dags/example_branch_python_dop_operator_3.py
[2024-09-09T15:37:47.425+0000] {logging_mixin.py:188} INFO - [2024-09-09T15:37:47.425+0000] {dag.py:3089} INFO - Sync 1 DAGs
[2024-09-09T15:37:47.451+0000] {logging_mixin.py:188} INFO - [2024-09-09T15:37:47.451+0000] {dag.py:3947} INFO - Setting next_dagrun for example_branch_dop_operator_v3 to 2024-09-09 15:36:00+00:00, run_after=2024-09-09 15:37:00+00:00
[2024-09-09T15:37:47.470+0000] {processor.py:183} INFO - Processing /home/airflow/.local/lib/python3.12/site-packages/airflow/example_dags/example_branch_python_dop_operator_3.py took 0.083 seconds
[2024-09-09T15:38:17.880+0000] {processor.py:161} INFO - Started process (PID=365) to work on /home/airflow/.local/lib/python3.12/site-packages/airflow/example_dags/example_branch_python_dop_operator_3.py
[2024-09-09T15:38:17.881+0000] {processor.py:830} INFO - Processing file /home/airflow/.local/lib/python3.12/site-packages/airflow/example_dags/example_branch_python_dop_operator_3.py for tasks to queue
[2024-09-09T15:38:17.884+0000] {logging_mixin.py:188} INFO - [2024-09-09T15:38:17.883+0000] {dagbag.py:545} INFO - Filling up the DagBag from /home/airflow/.local/lib/python3.12/site-packages/airflow/example_dags/example_branch_python_dop_operator_3.py
[2024-09-09T15:38:17.894+0000] {processor.py:840} INFO - DAG(s) 'example_branch_dop_operator_v3' retrieved from /home/airflow/.local/lib/python3.12/site-packages/airflow/example_dags/example_branch_python_dop_operator_3.py
[2024-09-09T15:38:17.920+0000] {logging_mixin.py:188} INFO - [2024-09-09T15:38:17.919+0000] {dag.py:3089} INFO - Sync 1 DAGs
[2024-09-09T15:38:17.954+0000] {logging_mixin.py:188} INFO - [2024-09-09T15:38:17.954+0000] {dag.py:3947} INFO - Setting next_dagrun for example_branch_dop_operator_v3 to 2024-09-09 15:37:00+00:00, run_after=2024-09-09 15:38:00+00:00
[2024-09-09T15:38:17.976+0000] {processor.py:183} INFO - Processing /home/airflow/.local/lib/python3.12/site-packages/airflow/example_dags/example_branch_python_dop_operator_3.py took 0.105 seconds
[2024-09-09T15:38:48.449+0000] {processor.py:161} INFO - Started process (PID=425) to work on /home/airflow/.local/lib/python3.12/site-packages/airflow/example_dags/example_branch_python_dop_operator_3.py
[2024-09-09T15:38:48.450+0000] {processor.py:830} INFO - Processing file /home/airflow/.local/lib/python3.12/site-packages/airflow/example_dags/example_branch_python_dop_operator_3.py for tasks to queue
[2024-09-09T15:38:48.452+0000] {logging_mixin.py:188} INFO - [2024-09-09T15:38:48.452+0000] {dagbag.py:545} INFO - Filling up the DagBag from /home/airflow/.local/lib/python3.12/site-packages/airflow/example_dags/example_branch_python_dop_operator_3.py
[2024-09-09T15:38:48.461+0000] {processor.py:840} INFO - DAG(s) 'example_branch_dop_operator_v3' retrieved from /home/airflow/.local/lib/python3.12/site-packages/airflow/example_dags/example_branch_python_dop_operator_3.py
[2024-09-09T15:38:48.480+0000] {logging_mixin.py:188} INFO - [2024-09-09T15:38:48.480+0000] {dag.py:3089} INFO - Sync 1 DAGs
[2024-09-09T15:38:48.506+0000] {logging_mixin.py:188} INFO - [2024-09-09T15:38:48.506+0000] {dag.py:3947} INFO - Setting next_dagrun for example_branch_dop_operator_v3 to 2024-09-09 15:37:00+00:00, run_after=2024-09-09 15:38:00+00:00
[2024-09-09T15:38:48.526+0000] {processor.py:183} INFO - Processing /home/airflow/.local/lib/python3.12/site-packages/airflow/example_dags/example_branch_python_dop_operator_3.py took 0.082 seconds
[2024-09-09T15:39:19.136+0000] {processor.py:161} INFO - Started process (PID=485) to work on /home/airflow/.local/lib/python3.12/site-packages/airflow/example_dags/example_branch_python_dop_operator_3.py
[2024-09-09T15:39:19.137+0000] {processor.py:830} INFO - Processing file /home/airflow/.local/lib/python3.12/site-packages/airflow/example_dags/example_branch_python_dop_operator_3.py for tasks to queue
[2024-09-09T15:39:19.138+0000] {logging_mixin.py:188} INFO - [2024-09-09T15:39:19.138+0000] {dagbag.py:545} INFO - Filling up the DagBag from /home/airflow/.local/lib/python3.12/site-packages/airflow/example_dags/example_branch_python_dop_operator_3.py
[2024-09-09T15:39:19.147+0000] {processor.py:840} INFO - DAG(s) 'example_branch_dop_operator_v3' retrieved from /home/airflow/.local/lib/python3.12/site-packages/airflow/example_dags/example_branch_python_dop_operator_3.py
[2024-09-09T15:39:19.167+0000] {logging_mixin.py:188} INFO - [2024-09-09T15:39:19.167+0000] {dag.py:3089} INFO - Sync 1 DAGs
[2024-09-09T15:39:19.193+0000] {logging_mixin.py:188} INFO - [2024-09-09T15:39:19.193+0000] {dag.py:3947} INFO - Setting next_dagrun for example_branch_dop_operator_v3 to 2024-09-09 15:38:00+00:00, run_after=2024-09-09 15:39:00+00:00
[2024-09-09T15:39:19.215+0000] {processor.py:183} INFO - Processing /home/airflow/.local/lib/python3.12/site-packages/airflow/example_dags/example_branch_python_dop_operator_3.py took 0.085 seconds
[2024-09-09T15:39:49.381+0000] {processor.py:161} INFO - Started process (PID=545) to work on /home/airflow/.local/lib/python3.12/site-packages/airflow/example_dags/example_branch_python_dop_operator_3.py
[2024-09-09T15:39:49.382+0000] {processor.py:830} INFO - Processing file /home/airflow/.local/lib/python3.12/site-packages/airflow/example_dags/example_branch_python_dop_operator_3.py for tasks to queue
[2024-09-09T15:39:49.384+0000] {logging_mixin.py:188} INFO - [2024-09-09T15:39:49.383+0000] {dagbag.py:545} INFO - Filling up the DagBag from /home/airflow/.local/lib/python3.12/site-packages/airflow/example_dags/example_branch_python_dop_operator_3.py
[2024-09-09T15:39:49.396+0000] {processor.py:840} INFO - DAG(s) 'example_branch_dop_operator_v3' retrieved from /home/airflow/.local/lib/python3.12/site-packages/airflow/example_dags/example_branch_python_dop_operator_3.py
[2024-09-09T15:39:49.417+0000] {logging_mixin.py:188} INFO - [2024-09-09T15:39:49.417+0000] {dag.py:3089} INFO - Sync 1 DAGs
[2024-09-09T15:39:49.445+0000] {logging_mixin.py:188} INFO - [2024-09-09T15:39:49.444+0000] {dag.py:3947} INFO - Setting next_dagrun for example_branch_dop_operator_v3 to 2024-09-09 15:38:00+00:00, run_after=2024-09-09 15:39:00+00:00
[2024-09-09T15:39:49.469+0000] {processor.py:183} INFO - Processing /home/airflow/.local/lib/python3.12/site-packages/airflow/example_dags/example_branch_python_dop_operator_3.py took 0.095 seconds
[2024-09-09T15:40:19.792+0000] {processor.py:161} INFO - Started process (PID=605) to work on /home/airflow/.local/lib/python3.12/site-packages/airflow/example_dags/example_branch_python_dop_operator_3.py
[2024-09-09T15:40:19.793+0000] {processor.py:830} INFO - Processing file /home/airflow/.local/lib/python3.12/site-packages/airflow/example_dags/example_branch_python_dop_operator_3.py for tasks to queue
[2024-09-09T15:40:19.795+0000] {logging_mixin.py:188} INFO - [2024-09-09T15:40:19.795+0000] {dagbag.py:545} INFO - Filling up the DagBag from /home/airflow/.local/lib/python3.12/site-packages/airflow/example_dags/example_branch_python_dop_operator_3.py
[2024-09-09T15:40:19.804+0000] {processor.py:840} INFO - DAG(s) 'example_branch_dop_operator_v3' retrieved from /home/airflow/.local/lib/python3.12/site-packages/airflow/example_dags/example_branch_python_dop_operator_3.py
[2024-09-09T15:40:19.824+0000] {logging_mixin.py:188} INFO - [2024-09-09T15:40:19.824+0000] {dag.py:3089} INFO - Sync 1 DAGs
[2024-09-09T15:40:19.850+0000] {logging_mixin.py:188} INFO - [2024-09-09T15:40:19.850+0000] {dag.py:3947} INFO - Setting next_dagrun for example_branch_dop_operator_v3 to 2024-09-09 15:39:00+00:00, run_after=2024-09-09 15:40:00+00:00
[2024-09-09T15:40:19.868+0000] {processor.py:183} INFO - Processing /home/airflow/.local/lib/python3.12/site-packages/airflow/example_dags/example_branch_python_dop_operator_3.py took 0.082 seconds
[2024-09-09T15:40:50.121+0000] {processor.py:161} INFO - Started process (PID=665) to work on /home/airflow/.local/lib/python3.12/site-packages/airflow/example_dags/example_branch_python_dop_operator_3.py
[2024-09-09T15:40:50.123+0000] {processor.py:830} INFO - Processing file /home/airflow/.local/lib/python3.12/site-packages/airflow/example_dags/example_branch_python_dop_operator_3.py for tasks to queue
[2024-09-09T15:40:50.125+0000] {logging_mixin.py:188} INFO - [2024-09-09T15:40:50.125+0000] {dagbag.py:545} INFO - Filling up the DagBag from /home/airflow/.local/lib/python3.12/site-packages/airflow/example_dags/example_branch_python_dop_operator_3.py
[2024-09-09T15:40:50.135+0000] {processor.py:840} INFO - DAG(s) 'example_branch_dop_operator_v3' retrieved from /home/airflow/.local/lib/python3.12/site-packages/airflow/example_dags/example_branch_python_dop_operator_3.py
[2024-09-09T15:40:50.158+0000] {logging_mixin.py:188} INFO - [2024-09-09T15:40:50.157+0000] {dag.py:3089} INFO - Sync 1 DAGs
[2024-09-09T15:40:50.188+0000] {logging_mixin.py:188} INFO - [2024-09-09T15:40:50.188+0000] {dag.py:3947} INFO - Setting next_dagrun for example_branch_dop_operator_v3 to 2024-09-09 15:39:00+00:00, run_after=2024-09-09 15:40:00+00:00
[2024-09-09T15:40:50.208+0000] {processor.py:183} INFO - Processing /home/airflow/.local/lib/python3.12/site-packages/airflow/example_dags/example_branch_python_dop_operator_3.py took 0.093 seconds
[2024-09-09T15:41:20.403+0000] {processor.py:161} INFO - Started process (PID=725) to work on /home/airflow/.local/lib/python3.12/site-packages/airflow/example_dags/example_branch_python_dop_operator_3.py
[2024-09-09T15:41:20.404+0000] {processor.py:830} INFO - Processing file /home/airflow/.local/lib/python3.12/site-packages/airflow/example_dags/example_branch_python_dop_operator_3.py for tasks to queue
[2024-09-09T15:41:20.405+0000] {logging_mixin.py:188} INFO - [2024-09-09T15:41:20.405+0000] {dagbag.py:545} INFO - Filling up the DagBag from /home/airflow/.local/lib/python3.12/site-packages/airflow/example_dags/example_branch_python_dop_operator_3.py
[2024-09-09T15:41:20.416+0000] {processor.py:840} INFO - DAG(s) 'example_branch_dop_operator_v3' retrieved from /home/airflow/.local/lib/python3.12/site-packages/airflow/example_dags/example_branch_python_dop_operator_3.py
[2024-09-09T15:41:20.435+0000] {logging_mixin.py:188} INFO - [2024-09-09T15:41:20.435+0000] {dag.py:3089} INFO - Sync 1 DAGs
[2024-09-09T15:41:20.461+0000] {logging_mixin.py:188} INFO - [2024-09-09T15:41:20.461+0000] {dag.py:3947} INFO - Setting next_dagrun for example_branch_dop_operator_v3 to 2024-09-09 15:40:00+00:00, run_after=2024-09-09 15:41:00+00:00
[2024-09-09T15:41:20.480+0000] {processor.py:183} INFO - Processing /home/airflow/.local/lib/python3.12/site-packages/airflow/example_dags/example_branch_python_dop_operator_3.py took 0.083 seconds
[2024-09-09T15:41:50.821+0000] {processor.py:161} INFO - Started process (PID=785) to work on /home/airflow/.local/lib/python3.12/site-packages/airflow/example_dags/example_branch_python_dop_operator_3.py
[2024-09-09T15:41:50.822+0000] {processor.py:830} INFO - Processing file /home/airflow/.local/lib/python3.12/site-packages/airflow/example_dags/example_branch_python_dop_operator_3.py for tasks to queue
[2024-09-09T15:41:50.824+0000] {logging_mixin.py:188} INFO - [2024-09-09T15:41:50.824+0000] {dagbag.py:545} INFO - Filling up the DagBag from /home/airflow/.local/lib/python3.12/site-packages/airflow/example_dags/example_branch_python_dop_operator_3.py
[2024-09-09T15:41:50.833+0000] {processor.py:840} INFO - DAG(s) 'example_branch_dop_operator_v3' retrieved from /home/airflow/.local/lib/python3.12/site-packages/airflow/example_dags/example_branch_python_dop_operator_3.py
[2024-09-09T15:41:50.853+0000] {logging_mixin.py:188} INFO - [2024-09-09T15:41:50.852+0000] {dag.py:3089} INFO - Sync 1 DAGs
[2024-09-09T15:41:50.881+0000] {logging_mixin.py:188} INFO - [2024-09-09T15:41:50.881+0000] {dag.py:3947} INFO - Setting next_dagrun for example_branch_dop_operator_v3 to 2024-09-09 15:40:00+00:00, run_after=2024-09-09 15:41:00+00:00
[2024-09-09T15:41:50.901+0000] {processor.py:183} INFO - Processing /home/airflow/.local/lib/python3.12/site-packages/airflow/example_dags/example_branch_python_dop_operator_3.py took 0.086 seconds
[2024-09-09T15:42:21.212+0000] {processor.py:161} INFO - Started process (PID=845) to work on /home/airflow/.local/lib/python3.12/site-packages/airflow/example_dags/example_branch_python_dop_operator_3.py
[2024-09-09T15:42:21.213+0000] {processor.py:830} INFO - Processing file /home/airflow/.local/lib/python3.12/site-packages/airflow/example_dags/example_branch_python_dop_operator_3.py for tasks to queue
[2024-09-09T15:42:21.215+0000] {logging_mixin.py:188} INFO - [2024-09-09T15:42:21.215+0000] {dagbag.py:545} INFO - Filling up the DagBag from /home/airflow/.local/lib/python3.12/site-packages/airflow/example_dags/example_branch_python_dop_operator_3.py
[2024-09-09T15:42:21.224+0000] {processor.py:840} INFO - DAG(s) 'example_branch_dop_operator_v3' retrieved from /home/airflow/.local/lib/python3.12/site-packages/airflow/example_dags/example_branch_python_dop_operator_3.py
[2024-09-09T15:42:21.248+0000] {logging_mixin.py:188} INFO - [2024-09-09T15:42:21.248+0000] {dag.py:3089} INFO - Sync 1 DAGs
[2024-09-09T15:42:21.276+0000] {logging_mixin.py:188} INFO - [2024-09-09T15:42:21.276+0000] {dag.py:3947} INFO - Setting next_dagrun for example_branch_dop_operator_v3 to 2024-09-09 15:41:00+00:00, run_after=2024-09-09 15:42:00+00:00
[2024-09-09T15:42:21.297+0000] {processor.py:183} INFO - Processing /home/airflow/.local/lib/python3.12/site-packages/airflow/example_dags/example_branch_python_dop_operator_3.py took 0.092 seconds
[2024-09-09T15:42:51.569+0000] {processor.py:161} INFO - Started process (PID=905) to work on /home/airflow/.local/lib/python3.12/site-packages/airflow/example_dags/example_branch_python_dop_operator_3.py
[2024-09-09T15:42:51.570+0000] {processor.py:830} INFO - Processing file /home/airflow/.local/lib/python3.12/site-packages/airflow/example_dags/example_branch_python_dop_operator_3.py for tasks to queue
[2024-09-09T15:42:51.572+0000] {logging_mixin.py:188} INFO - [2024-09-09T15:42:51.572+0000] {dagbag.py:545} INFO - Filling up the DagBag from /home/airflow/.local/lib/python3.12/site-packages/airflow/example_dags/example_branch_python_dop_operator_3.py
[2024-09-09T15:42:51.580+0000] {processor.py:840} INFO - DAG(s) 'example_branch_dop_operator_v3' retrieved from /home/airflow/.local/lib/python3.12/site-packages/airflow/example_dags/example_branch_python_dop_operator_3.py
[2024-09-09T15:42:51.602+0000] {logging_mixin.py:188} INFO - [2024-09-09T15:42:51.602+0000] {dag.py:3089} INFO - Sync 1 DAGs
[2024-09-09T15:42:51.627+0000] {logging_mixin.py:188} INFO - [2024-09-09T15:42:51.626+0000] {dag.py:3947} INFO - Setting next_dagrun for example_branch_dop_operator_v3 to 2024-09-09 15:41:00+00:00, run_after=2024-09-09 15:42:00+00:00
[2024-09-09T15:42:51.645+0000] {processor.py:183} INFO - Processing /home/airflow/.local/lib/python3.12/site-packages/airflow/example_dags/example_branch_python_dop_operator_3.py took 0.082 seconds
[2024-09-09T15:43:21.908+0000] {processor.py:161} INFO - Started process (PID=965) to work on /home/airflow/.local/lib/python3.12/site-packages/airflow/example_dags/example_branch_python_dop_operator_3.py
[2024-09-09T15:43:21.909+0000] {processor.py:830} INFO - Processing file /home/airflow/.local/lib/python3.12/site-packages/airflow/example_dags/example_branch_python_dop_operator_3.py for tasks to queue
[2024-09-09T15:43:21.911+0000] {logging_mixin.py:188} INFO - [2024-09-09T15:43:21.911+0000] {dagbag.py:545} INFO - Filling up the DagBag from /home/airflow/.local/lib/python3.12/site-packages/airflow/example_dags/example_branch_python_dop_operator_3.py
[2024-09-09T15:43:21.920+0000] {processor.py:840} INFO - DAG(s) 'example_branch_dop_operator_v3' retrieved from /home/airflow/.local/lib/python3.12/site-packages/airflow/example_dags/example_branch_python_dop_operator_3.py
[2024-09-09T15:43:21.939+0000] {logging_mixin.py:188} INFO - [2024-09-09T15:43:21.939+0000] {dag.py:3089} INFO - Sync 1 DAGs
[2024-09-09T15:43:21.966+0000] {logging_mixin.py:188} INFO - [2024-09-09T15:43:21.965+0000] {dag.py:3947} INFO - Setting next_dagrun for example_branch_dop_operator_v3 to 2024-09-09 15:42:00+00:00, run_after=2024-09-09 15:43:00+00:00
[2024-09-09T15:43:21.985+0000] {processor.py:183} INFO - Processing /home/airflow/.local/lib/python3.12/site-packages/airflow/example_dags/example_branch_python_dop_operator_3.py took 0.083 seconds
[2024-09-09T15:43:52.544+0000] {processor.py:161} INFO - Started process (PID=1025) to work on /home/airflow/.local/lib/python3.12/site-packages/airflow/example_dags/example_branch_python_dop_operator_3.py
[2024-09-09T15:43:52.545+0000] {processor.py:830} INFO - Processing file /home/airflow/.local/lib/python3.12/site-packages/airflow/example_dags/example_branch_python_dop_operator_3.py for tasks to queue
[2024-09-09T15:43:52.547+0000] {logging_mixin.py:188} INFO - [2024-09-09T15:43:52.547+0000] {dagbag.py:545} INFO - Filling up the DagBag from /home/airflow/.local/lib/python3.12/site-packages/airflow/example_dags/example_branch_python_dop_operator_3.py
[2024-09-09T15:43:52.556+0000] {processor.py:840} INFO - DAG(s) 'example_branch_dop_operator_v3' retrieved from /home/airflow/.local/lib/python3.12/site-packages/airflow/example_dags/example_branch_python_dop_operator_3.py
[2024-09-09T15:43:52.575+0000] {logging_mixin.py:188} INFO - [2024-09-09T15:43:52.574+0000] {dag.py:3089} INFO - Sync 1 DAGs
[2024-09-09T15:43:52.601+0000] {logging_mixin.py:188} INFO - [2024-09-09T15:43:52.601+0000] {dag.py:3947} INFO - Setting next_dagrun for example_branch_dop_operator_v3 to 2024-09-09 15:42:00+00:00, run_after=2024-09-09 15:43:00+00:00
[2024-09-09T15:43:52.621+0000] {processor.py:183} INFO - Processing /home/airflow/.local/lib/python3.12/site-packages/airflow/example_dags/example_branch_python_dop_operator_3.py took 0.082 seconds
[2024-09-09T15:44:23.399+0000] {processor.py:161} INFO - Started process (PID=1085) to work on /home/airflow/.local/lib/python3.12/site-packages/airflow/example_dags/example_branch_python_dop_operator_3.py
[2024-09-09T15:44:23.400+0000] {processor.py:830} INFO - Processing file /home/airflow/.local/lib/python3.12/site-packages/airflow/example_dags/example_branch_python_dop_operator_3.py for tasks to queue
[2024-09-09T15:44:23.402+0000] {logging_mixin.py:188} INFO - [2024-09-09T15:44:23.401+0000] {dagbag.py:545} INFO - Filling up the DagBag from /home/airflow/.local/lib/python3.12/site-packages/airflow/example_dags/example_branch_python_dop_operator_3.py
[2024-09-09T15:44:23.411+0000] {processor.py:840} INFO - DAG(s) 'example_branch_dop_operator_v3' retrieved from /home/airflow/.local/lib/python3.12/site-packages/airflow/example_dags/example_branch_python_dop_operator_3.py
[2024-09-09T15:44:23.431+0000] {logging_mixin.py:188} INFO - [2024-09-09T15:44:23.431+0000] {dag.py:3089} INFO - Sync 1 DAGs
[2024-09-09T15:44:23.466+0000] {logging_mixin.py:188} INFO - [2024-09-09T15:44:23.465+0000] {dag.py:3947} INFO - Setting next_dagrun for example_branch_dop_operator_v3 to 2024-09-09 15:43:00+00:00, run_after=2024-09-09 15:44:00+00:00
[2024-09-09T15:44:23.488+0000] {processor.py:183} INFO - Processing /home/airflow/.local/lib/python3.12/site-packages/airflow/example_dags/example_branch_python_dop_operator_3.py took 0.095 seconds
[2024-09-09T15:44:54.106+0000] {processor.py:161} INFO - Started process (PID=1145) to work on /home/airflow/.local/lib/python3.12/site-packages/airflow/example_dags/example_branch_python_dop_operator_3.py
[2024-09-09T15:44:54.107+0000] {processor.py:830} INFO - Processing file /home/airflow/.local/lib/python3.12/site-packages/airflow/example_dags/example_branch_python_dop_operator_3.py for tasks to queue
[2024-09-09T15:44:54.109+0000] {logging_mixin.py:188} INFO - [2024-09-09T15:44:54.108+0000] {dagbag.py:545} INFO - Filling up the DagBag from /home/airflow/.local/lib/python3.12/site-packages/airflow/example_dags/example_branch_python_dop_operator_3.py
[2024-09-09T15:44:54.120+0000] {processor.py:840} INFO - DAG(s) 'example_branch_dop_operator_v3' retrieved from /home/airflow/.local/lib/python3.12/site-packages/airflow/example_dags/example_branch_python_dop_operator_3.py
[2024-09-09T15:44:54.142+0000] {logging_mixin.py:188} INFO - [2024-09-09T15:44:54.141+0000] {dag.py:3089} INFO - Sync 1 DAGs
[2024-09-09T15:44:54.174+0000] {logging_mixin.py:188} INFO - [2024-09-09T15:44:54.173+0000] {dag.py:3947} INFO - Setting next_dagrun for example_branch_dop_operator_v3 to 2024-09-09 15:43:00+00:00, run_after=2024-09-09 15:44:00+00:00
[2024-09-09T15:44:54.196+0000] {processor.py:183} INFO - Processing /home/airflow/.local/lib/python3.12/site-packages/airflow/example_dags/example_branch_python_dop_operator_3.py took 0.096 seconds
[2024-09-09T15:45:25.003+0000] {processor.py:161} INFO - Started process (PID=1205) to work on /home/airflow/.local/lib/python3.12/site-packages/airflow/example_dags/example_branch_python_dop_operator_3.py
[2024-09-09T15:45:25.004+0000] {processor.py:830} INFO - Processing file /home/airflow/.local/lib/python3.12/site-packages/airflow/example_dags/example_branch_python_dop_operator_3.py for tasks to queue
[2024-09-09T15:45:25.006+0000] {logging_mixin.py:188} INFO - [2024-09-09T15:45:25.006+0000] {dagbag.py:545} INFO - Filling up the DagBag from /home/airflow/.local/lib/python3.12/site-packages/airflow/example_dags/example_branch_python_dop_operator_3.py
[2024-09-09T15:45:25.015+0000] {processor.py:840} INFO - DAG(s) 'example_branch_dop_operator_v3' retrieved from /home/airflow/.local/lib/python3.12/site-packages/airflow/example_dags/example_branch_python_dop_operator_3.py
[2024-09-09T15:45:25.035+0000] {logging_mixin.py:188} INFO - [2024-09-09T15:45:25.035+0000] {dag.py:3089} INFO - Sync 1 DAGs
[2024-09-09T15:45:25.063+0000] {logging_mixin.py:188} INFO - [2024-09-09T15:45:25.063+0000] {dag.py:3947} INFO - Setting next_dagrun for example_branch_dop_operator_v3 to 2024-09-09 15:44:00+00:00, run_after=2024-09-09 15:45:00+00:00
[2024-09-09T15:45:25.084+0000] {processor.py:183} INFO - Processing /home/airflow/.local/lib/python3.12/site-packages/airflow/example_dags/example_branch_python_dop_operator_3.py took 0.086 seconds
[2024-09-09T15:45:56.146+0000] {processor.py:161} INFO - Started process (PID=1265) to work on /home/airflow/.local/lib/python3.12/site-packages/airflow/example_dags/example_branch_python_dop_operator_3.py
[2024-09-09T15:45:56.147+0000] {processor.py:830} INFO - Processing file /home/airflow/.local/lib/python3.12/site-packages/airflow/example_dags/example_branch_python_dop_operator_3.py for tasks to queue
[2024-09-09T15:45:56.150+0000] {logging_mixin.py:188} INFO - [2024-09-09T15:45:56.149+0000] {dagbag.py:545} INFO - Filling up the DagBag from /home/airflow/.local/lib/python3.12/site-packages/airflow/example_dags/example_branch_python_dop_operator_3.py
[2024-09-09T15:45:56.158+0000] {processor.py:840} INFO - DAG(s) 'example_branch_dop_operator_v3' retrieved from /home/airflow/.local/lib/python3.12/site-packages/airflow/example_dags/example_branch_python_dop_operator_3.py
[2024-09-09T15:45:56.178+0000] {logging_mixin.py:188} INFO - [2024-09-09T15:45:56.178+0000] {dag.py:3089} INFO - Sync 1 DAGs
[2024-09-09T15:45:56.203+0000] {logging_mixin.py:188} INFO - [2024-09-09T15:45:56.203+0000] {dag.py:3947} INFO - Setting next_dagrun for example_branch_dop_operator_v3 to 2024-09-09 15:44:00+00:00, run_after=2024-09-09 15:45:00+00:00
[2024-09-09T15:45:56.222+0000] {processor.py:183} INFO - Processing /home/airflow/.local/lib/python3.12/site-packages/airflow/example_dags/example_branch_python_dop_operator_3.py took 0.082 seconds
[2024-09-09T15:46:26.631+0000] {processor.py:161} INFO - Started process (PID=1325) to work on /home/airflow/.local/lib/python3.12/site-packages/airflow/example_dags/example_branch_python_dop_operator_3.py
[2024-09-09T15:46:26.632+0000] {processor.py:830} INFO - Processing file /home/airflow/.local/lib/python3.12/site-packages/airflow/example_dags/example_branch_python_dop_operator_3.py for tasks to queue
[2024-09-09T15:46:26.634+0000] {logging_mixin.py:188} INFO - [2024-09-09T15:46:26.634+0000] {dagbag.py:545} INFO - Filling up the DagBag from /home/airflow/.local/lib/python3.12/site-packages/airflow/example_dags/example_branch_python_dop_operator_3.py
[2024-09-09T15:46:26.643+0000] {processor.py:840} INFO - DAG(s) 'example_branch_dop_operator_v3' retrieved from /home/airflow/.local/lib/python3.12/site-packages/airflow/example_dags/example_branch_python_dop_operator_3.py
[2024-09-09T15:46:26.662+0000] {logging_mixin.py:188} INFO - [2024-09-09T15:46:26.662+0000] {dag.py:3089} INFO - Sync 1 DAGs
[2024-09-09T15:46:26.687+0000] {logging_mixin.py:188} INFO - [2024-09-09T15:46:26.687+0000] {dag.py:3947} INFO - Setting next_dagrun for example_branch_dop_operator_v3 to 2024-09-09 15:45:00+00:00, run_after=2024-09-09 15:46:00+00:00
[2024-09-09T15:46:26.707+0000] {processor.py:183} INFO - Processing /home/airflow/.local/lib/python3.12/site-packages/airflow/example_dags/example_branch_python_dop_operator_3.py took 0.082 seconds
[2024-09-09T15:46:57.097+0000] {processor.py:161} INFO - Started process (PID=1385) to work on /home/airflow/.local/lib/python3.12/site-packages/airflow/example_dags/example_branch_python_dop_operator_3.py
[2024-09-09T15:46:57.098+0000] {processor.py:830} INFO - Processing file /home/airflow/.local/lib/python3.12/site-packages/airflow/example_dags/example_branch_python_dop_operator_3.py for tasks to queue
[2024-09-09T15:46:57.100+0000] {logging_mixin.py:188} INFO - [2024-09-09T15:46:57.100+0000] {dagbag.py:545} INFO - Filling up the DagBag from /home/airflow/.local/lib/python3.12/site-packages/airflow/example_dags/example_branch_python_dop_operator_3.py
[2024-09-09T15:46:57.109+0000] {processor.py:840} INFO - DAG(s) 'example_branch_dop_operator_v3' retrieved from /home/airflow/.local/lib/python3.12/site-packages/airflow/example_dags/example_branch_python_dop_operator_3.py
[2024-09-09T15:46:57.128+0000] {logging_mixin.py:188} INFO - [2024-09-09T15:46:57.127+0000] {dag.py:3089} INFO - Sync 1 DAGs
[2024-09-09T15:46:57.153+0000] {logging_mixin.py:188} INFO - [2024-09-09T15:46:57.153+0000] {dag.py:3947} INFO - Setting next_dagrun for example_branch_dop_operator_v3 to 2024-09-09 15:45:00+00:00, run_after=2024-09-09 15:46:00+00:00
[2024-09-09T15:46:57.171+0000] {processor.py:183} INFO - Processing /home/airflow/.local/lib/python3.12/site-packages/airflow/example_dags/example_branch_python_dop_operator_3.py took 0.080 seconds
[2024-09-09T15:47:27.827+0000] {processor.py:161} INFO - Started process (PID=1445) to work on /home/airflow/.local/lib/python3.12/site-packages/airflow/example_dags/example_branch_python_dop_operator_3.py
[2024-09-09T15:47:27.828+0000] {processor.py:830} INFO - Processing file /home/airflow/.local/lib/python3.12/site-packages/airflow/example_dags/example_branch_python_dop_operator_3.py for tasks to queue
[2024-09-09T15:47:27.830+0000] {logging_mixin.py:188} INFO - [2024-09-09T15:47:27.830+0000] {dagbag.py:545} INFO - Filling up the DagBag from /home/airflow/.local/lib/python3.12/site-packages/airflow/example_dags/example_branch_python_dop_operator_3.py
[2024-09-09T15:47:27.839+0000] {processor.py:840} INFO - DAG(s) 'example_branch_dop_operator_v3' retrieved from /home/airflow/.local/lib/python3.12/site-packages/airflow/example_dags/example_branch_python_dop_operator_3.py
[2024-09-09T15:47:27.859+0000] {logging_mixin.py:188} INFO - [2024-09-09T15:47:27.858+0000] {dag.py:3089} INFO - Sync 1 DAGs
[2024-09-09T15:47:27.888+0000] {logging_mixin.py:188} INFO - [2024-09-09T15:47:27.888+0000] {dag.py:3947} INFO - Setting next_dagrun for example_branch_dop_operator_v3 to 2024-09-09 15:46:00+00:00, run_after=2024-09-09 15:47:00+00:00
[2024-09-09T15:47:27.909+0000] {processor.py:183} INFO - Processing /home/airflow/.local/lib/python3.12/site-packages/airflow/example_dags/example_branch_python_dop_operator_3.py took 0.088 seconds
[2024-09-09T15:47:58.908+0000] {processor.py:161} INFO - Started process (PID=1505) to work on /home/airflow/.local/lib/python3.12/site-packages/airflow/example_dags/example_branch_python_dop_operator_3.py
[2024-09-09T15:47:58.908+0000] {processor.py:830} INFO - Processing file /home/airflow/.local/lib/python3.12/site-packages/airflow/example_dags/example_branch_python_dop_operator_3.py for tasks to queue
[2024-09-09T15:47:58.910+0000] {logging_mixin.py:188} INFO - [2024-09-09T15:47:58.910+0000] {dagbag.py:545} INFO - Filling up the DagBag from /home/airflow/.local/lib/python3.12/site-packages/airflow/example_dags/example_branch_python_dop_operator_3.py
[2024-09-09T15:47:58.919+0000] {processor.py:840} INFO - DAG(s) 'example_branch_dop_operator_v3' retrieved from /home/airflow/.local/lib/python3.12/site-packages/airflow/example_dags/example_branch_python_dop_operator_3.py
[2024-09-09T15:47:58.942+0000] {logging_mixin.py:188} INFO - [2024-09-09T15:47:58.942+0000] {dag.py:3089} INFO - Sync 1 DAGs
[2024-09-09T15:47:59.095+0000] {logging_mixin.py:188} INFO - [2024-09-09T15:47:59.095+0000] {dag.py:3947} INFO - Setting next_dagrun for example_branch_dop_operator_v3 to 2024-09-09 15:46:00+00:00, run_after=2024-09-09 15:47:00+00:00
[2024-09-09T15:47:59.113+0000] {processor.py:183} INFO - Processing /home/airflow/.local/lib/python3.12/site-packages/airflow/example_dags/example_branch_python_dop_operator_3.py took 0.211 seconds
