[2024-09-09T15:35:48.287+0000] {processor.py:161} INFO - Started process (PID=82) to work on /home/airflow/.local/lib/python3.12/site-packages/airflow/example_dags/example_sensors.py
[2024-09-09T15:35:48.288+0000] {processor.py:830} INFO - Processing file /home/airflow/.local/lib/python3.12/site-packages/airflow/example_dags/example_sensors.py for tasks to queue
[2024-09-09T15:35:48.289+0000] {logging_mixin.py:188} INFO - [2024-09-09T15:35:48.289+0000] {dagbag.py:545} INFO - Filling up the DagBag from /home/airflow/.local/lib/python3.12/site-packages/airflow/example_dags/example_sensors.py
[2024-09-09T15:35:48.302+0000] {processor.py:840} INFO - DAG(s) 'example_sensors' retrieved from /home/airflow/.local/lib/python3.12/site-packages/airflow/example_dags/example_sensors.py
[2024-09-09T15:35:48.413+0000] {logging_mixin.py:188} INFO - [2024-09-09T15:35:48.413+0000] {dag.py:3089} INFO - Sync 1 DAGs
[2024-09-09T15:35:48.426+0000] {logging_mixin.py:188} INFO - [2024-09-09T15:35:48.426+0000] {dag.py:3947} INFO - Setting next_dagrun for example_sensors to None, run_after=None
[2024-09-09T15:35:48.446+0000] {processor.py:183} INFO - Processing /home/airflow/.local/lib/python3.12/site-packages/airflow/example_dags/example_sensors.py took 0.165 seconds
[2024-09-09T15:36:19.337+0000] {processor.py:161} INFO - Started process (PID=142) to work on /home/airflow/.local/lib/python3.12/site-packages/airflow/example_dags/example_sensors.py
[2024-09-09T15:36:19.339+0000] {processor.py:830} INFO - Processing file /home/airflow/.local/lib/python3.12/site-packages/airflow/example_dags/example_sensors.py for tasks to queue
[2024-09-09T15:36:19.341+0000] {logging_mixin.py:188} INFO - [2024-09-09T15:36:19.340+0000] {dagbag.py:545} INFO - Filling up the DagBag from /home/airflow/.local/lib/python3.12/site-packages/airflow/example_dags/example_sensors.py
[2024-09-09T15:36:19.350+0000] {processor.py:840} INFO - DAG(s) 'example_sensors' retrieved from /home/airflow/.local/lib/python3.12/site-packages/airflow/example_dags/example_sensors.py
[2024-09-09T15:36:19.376+0000] {logging_mixin.py:188} INFO - [2024-09-09T15:36:19.376+0000] {dag.py:3089} INFO - Sync 1 DAGs
[2024-09-09T15:36:19.389+0000] {logging_mixin.py:188} INFO - [2024-09-09T15:36:19.388+0000] {dag.py:3947} INFO - Setting next_dagrun for example_sensors to None, run_after=None
[2024-09-09T15:36:19.408+0000] {processor.py:183} INFO - Processing /home/airflow/.local/lib/python3.12/site-packages/airflow/example_dags/example_sensors.py took 0.076 seconds
[2024-09-09T15:36:49.784+0000] {processor.py:161} INFO - Started process (PID=202) to work on /home/airflow/.local/lib/python3.12/site-packages/airflow/example_dags/example_sensors.py
[2024-09-09T15:36:49.785+0000] {processor.py:830} INFO - Processing file /home/airflow/.local/lib/python3.12/site-packages/airflow/example_dags/example_sensors.py for tasks to queue
[2024-09-09T15:36:49.787+0000] {logging_mixin.py:188} INFO - [2024-09-09T15:36:49.786+0000] {dagbag.py:545} INFO - Filling up the DagBag from /home/airflow/.local/lib/python3.12/site-packages/airflow/example_dags/example_sensors.py
[2024-09-09T15:36:49.796+0000] {processor.py:840} INFO - DAG(s) 'example_sensors' retrieved from /home/airflow/.local/lib/python3.12/site-packages/airflow/example_dags/example_sensors.py
[2024-09-09T15:36:49.824+0000] {logging_mixin.py:188} INFO - [2024-09-09T15:36:49.823+0000] {dag.py:3089} INFO - Sync 1 DAGs
[2024-09-09T15:36:49.837+0000] {logging_mixin.py:188} INFO - [2024-09-09T15:36:49.837+0000] {dag.py:3947} INFO - Setting next_dagrun for example_sensors to None, run_after=None
[2024-09-09T15:36:49.864+0000] {processor.py:183} INFO - Processing /home/airflow/.local/lib/python3.12/site-packages/airflow/example_dags/example_sensors.py took 0.088 seconds
[2024-09-09T15:37:20.196+0000] {processor.py:161} INFO - Started process (PID=262) to work on /home/airflow/.local/lib/python3.12/site-packages/airflow/example_dags/example_sensors.py
[2024-09-09T15:37:20.197+0000] {processor.py:830} INFO - Processing file /home/airflow/.local/lib/python3.12/site-packages/airflow/example_dags/example_sensors.py for tasks to queue
[2024-09-09T15:37:20.199+0000] {logging_mixin.py:188} INFO - [2024-09-09T15:37:20.199+0000] {dagbag.py:545} INFO - Filling up the DagBag from /home/airflow/.local/lib/python3.12/site-packages/airflow/example_dags/example_sensors.py
[2024-09-09T15:37:20.209+0000] {processor.py:840} INFO - DAG(s) 'example_sensors' retrieved from /home/airflow/.local/lib/python3.12/site-packages/airflow/example_dags/example_sensors.py
[2024-09-09T15:37:20.236+0000] {logging_mixin.py:188} INFO - [2024-09-09T15:37:20.235+0000] {dag.py:3089} INFO - Sync 1 DAGs
[2024-09-09T15:37:20.249+0000] {logging_mixin.py:188} INFO - [2024-09-09T15:37:20.248+0000] {dag.py:3947} INFO - Setting next_dagrun for example_sensors to None, run_after=None
[2024-09-09T15:37:20.268+0000] {processor.py:183} INFO - Processing /home/airflow/.local/lib/python3.12/site-packages/airflow/example_dags/example_sensors.py took 0.077 seconds
[2024-09-09T15:37:50.731+0000] {processor.py:161} INFO - Started process (PID=322) to work on /home/airflow/.local/lib/python3.12/site-packages/airflow/example_dags/example_sensors.py
[2024-09-09T15:37:50.732+0000] {processor.py:830} INFO - Processing file /home/airflow/.local/lib/python3.12/site-packages/airflow/example_dags/example_sensors.py for tasks to queue
[2024-09-09T15:37:50.734+0000] {logging_mixin.py:188} INFO - [2024-09-09T15:37:50.733+0000] {dagbag.py:545} INFO - Filling up the DagBag from /home/airflow/.local/lib/python3.12/site-packages/airflow/example_dags/example_sensors.py
[2024-09-09T15:37:50.743+0000] {processor.py:840} INFO - DAG(s) 'example_sensors' retrieved from /home/airflow/.local/lib/python3.12/site-packages/airflow/example_dags/example_sensors.py
[2024-09-09T15:37:50.769+0000] {logging_mixin.py:188} INFO - [2024-09-09T15:37:50.769+0000] {dag.py:3089} INFO - Sync 1 DAGs
[2024-09-09T15:37:50.782+0000] {logging_mixin.py:188} INFO - [2024-09-09T15:37:50.781+0000] {dag.py:3947} INFO - Setting next_dagrun for example_sensors to None, run_after=None
[2024-09-09T15:37:50.801+0000] {processor.py:183} INFO - Processing /home/airflow/.local/lib/python3.12/site-packages/airflow/example_dags/example_sensors.py took 0.078 seconds
[2024-09-09T15:38:21.227+0000] {processor.py:161} INFO - Started process (PID=382) to work on /home/airflow/.local/lib/python3.12/site-packages/airflow/example_dags/example_sensors.py
[2024-09-09T15:38:21.228+0000] {processor.py:830} INFO - Processing file /home/airflow/.local/lib/python3.12/site-packages/airflow/example_dags/example_sensors.py for tasks to queue
[2024-09-09T15:38:21.230+0000] {logging_mixin.py:188} INFO - [2024-09-09T15:38:21.230+0000] {dagbag.py:545} INFO - Filling up the DagBag from /home/airflow/.local/lib/python3.12/site-packages/airflow/example_dags/example_sensors.py
[2024-09-09T15:38:21.239+0000] {processor.py:840} INFO - DAG(s) 'example_sensors' retrieved from /home/airflow/.local/lib/python3.12/site-packages/airflow/example_dags/example_sensors.py
[2024-09-09T15:38:21.264+0000] {logging_mixin.py:188} INFO - [2024-09-09T15:38:21.264+0000] {dag.py:3089} INFO - Sync 1 DAGs
[2024-09-09T15:38:21.277+0000] {logging_mixin.py:188} INFO - [2024-09-09T15:38:21.277+0000] {dag.py:3947} INFO - Setting next_dagrun for example_sensors to None, run_after=None
[2024-09-09T15:38:21.296+0000] {processor.py:183} INFO - Processing /home/airflow/.local/lib/python3.12/site-packages/airflow/example_dags/example_sensors.py took 0.075 seconds
[2024-09-09T15:38:51.788+0000] {processor.py:161} INFO - Started process (PID=442) to work on /home/airflow/.local/lib/python3.12/site-packages/airflow/example_dags/example_sensors.py
[2024-09-09T15:38:51.789+0000] {processor.py:830} INFO - Processing file /home/airflow/.local/lib/python3.12/site-packages/airflow/example_dags/example_sensors.py for tasks to queue
[2024-09-09T15:38:51.791+0000] {logging_mixin.py:188} INFO - [2024-09-09T15:38:51.791+0000] {dagbag.py:545} INFO - Filling up the DagBag from /home/airflow/.local/lib/python3.12/site-packages/airflow/example_dags/example_sensors.py
[2024-09-09T15:38:51.800+0000] {processor.py:840} INFO - DAG(s) 'example_sensors' retrieved from /home/airflow/.local/lib/python3.12/site-packages/airflow/example_dags/example_sensors.py
[2024-09-09T15:38:51.826+0000] {logging_mixin.py:188} INFO - [2024-09-09T15:38:51.825+0000] {dag.py:3089} INFO - Sync 1 DAGs
[2024-09-09T15:38:51.838+0000] {logging_mixin.py:188} INFO - [2024-09-09T15:38:51.838+0000] {dag.py:3947} INFO - Setting next_dagrun for example_sensors to None, run_after=None
[2024-09-09T15:38:51.859+0000] {processor.py:183} INFO - Processing /home/airflow/.local/lib/python3.12/site-packages/airflow/example_dags/example_sensors.py took 0.076 seconds
[2024-09-09T15:39:22.158+0000] {processor.py:161} INFO - Started process (PID=502) to work on /home/airflow/.local/lib/python3.12/site-packages/airflow/example_dags/example_sensors.py
[2024-09-09T15:39:22.159+0000] {processor.py:830} INFO - Processing file /home/airflow/.local/lib/python3.12/site-packages/airflow/example_dags/example_sensors.py for tasks to queue
[2024-09-09T15:39:22.161+0000] {logging_mixin.py:188} INFO - [2024-09-09T15:39:22.160+0000] {dagbag.py:545} INFO - Filling up the DagBag from /home/airflow/.local/lib/python3.12/site-packages/airflow/example_dags/example_sensors.py
[2024-09-09T15:39:22.169+0000] {processor.py:840} INFO - DAG(s) 'example_sensors' retrieved from /home/airflow/.local/lib/python3.12/site-packages/airflow/example_dags/example_sensors.py
[2024-09-09T15:39:22.195+0000] {logging_mixin.py:188} INFO - [2024-09-09T15:39:22.195+0000] {dag.py:3089} INFO - Sync 1 DAGs
[2024-09-09T15:39:22.209+0000] {logging_mixin.py:188} INFO - [2024-09-09T15:39:22.209+0000] {dag.py:3947} INFO - Setting next_dagrun for example_sensors to None, run_after=None
[2024-09-09T15:39:22.229+0000] {processor.py:183} INFO - Processing /home/airflow/.local/lib/python3.12/site-packages/airflow/example_dags/example_sensors.py took 0.077 seconds
[2024-09-09T15:39:52.276+0000] {processor.py:161} INFO - Started process (PID=560) to work on /home/airflow/.local/lib/python3.12/site-packages/airflow/example_dags/example_sensors.py
[2024-09-09T15:39:52.277+0000] {processor.py:830} INFO - Processing file /home/airflow/.local/lib/python3.12/site-packages/airflow/example_dags/example_sensors.py for tasks to queue
[2024-09-09T15:39:52.279+0000] {logging_mixin.py:188} INFO - [2024-09-09T15:39:52.279+0000] {dagbag.py:545} INFO - Filling up the DagBag from /home/airflow/.local/lib/python3.12/site-packages/airflow/example_dags/example_sensors.py
[2024-09-09T15:39:52.288+0000] {processor.py:840} INFO - DAG(s) 'example_sensors' retrieved from /home/airflow/.local/lib/python3.12/site-packages/airflow/example_dags/example_sensors.py
[2024-09-09T15:39:52.314+0000] {logging_mixin.py:188} INFO - [2024-09-09T15:39:52.313+0000] {dag.py:3089} INFO - Sync 1 DAGs
[2024-09-09T15:39:52.326+0000] {logging_mixin.py:188} INFO - [2024-09-09T15:39:52.326+0000] {dag.py:3947} INFO - Setting next_dagrun for example_sensors to None, run_after=None
[2024-09-09T15:39:52.346+0000] {processor.py:183} INFO - Processing /home/airflow/.local/lib/python3.12/site-packages/airflow/example_dags/example_sensors.py took 0.075 seconds
[2024-09-09T15:40:22.556+0000] {processor.py:161} INFO - Started process (PID=620) to work on /home/airflow/.local/lib/python3.12/site-packages/airflow/example_dags/example_sensors.py
[2024-09-09T15:40:22.557+0000] {processor.py:830} INFO - Processing file /home/airflow/.local/lib/python3.12/site-packages/airflow/example_dags/example_sensors.py for tasks to queue
[2024-09-09T15:40:22.559+0000] {logging_mixin.py:188} INFO - [2024-09-09T15:40:22.559+0000] {dagbag.py:545} INFO - Filling up the DagBag from /home/airflow/.local/lib/python3.12/site-packages/airflow/example_dags/example_sensors.py
[2024-09-09T15:40:22.568+0000] {processor.py:840} INFO - DAG(s) 'example_sensors' retrieved from /home/airflow/.local/lib/python3.12/site-packages/airflow/example_dags/example_sensors.py
[2024-09-09T15:40:22.597+0000] {logging_mixin.py:188} INFO - [2024-09-09T15:40:22.596+0000] {dag.py:3089} INFO - Sync 1 DAGs
[2024-09-09T15:40:22.611+0000] {logging_mixin.py:188} INFO - [2024-09-09T15:40:22.611+0000] {dag.py:3947} INFO - Setting next_dagrun for example_sensors to None, run_after=None
[2024-09-09T15:40:22.631+0000] {processor.py:183} INFO - Processing /home/airflow/.local/lib/python3.12/site-packages/airflow/example_dags/example_sensors.py took 0.081 seconds
[2024-09-09T15:40:52.865+0000] {processor.py:161} INFO - Started process (PID=680) to work on /home/airflow/.local/lib/python3.12/site-packages/airflow/example_dags/example_sensors.py
[2024-09-09T15:40:52.866+0000] {processor.py:830} INFO - Processing file /home/airflow/.local/lib/python3.12/site-packages/airflow/example_dags/example_sensors.py for tasks to queue
[2024-09-09T15:40:52.868+0000] {logging_mixin.py:188} INFO - [2024-09-09T15:40:52.867+0000] {dagbag.py:545} INFO - Filling up the DagBag from /home/airflow/.local/lib/python3.12/site-packages/airflow/example_dags/example_sensors.py
[2024-09-09T15:40:52.877+0000] {processor.py:840} INFO - DAG(s) 'example_sensors' retrieved from /home/airflow/.local/lib/python3.12/site-packages/airflow/example_dags/example_sensors.py
[2024-09-09T15:40:52.902+0000] {logging_mixin.py:188} INFO - [2024-09-09T15:40:52.902+0000] {dag.py:3089} INFO - Sync 1 DAGs
[2024-09-09T15:40:52.918+0000] {logging_mixin.py:188} INFO - [2024-09-09T15:40:52.918+0000] {dag.py:3947} INFO - Setting next_dagrun for example_sensors to None, run_after=None
[2024-09-09T15:40:52.940+0000] {processor.py:183} INFO - Processing /home/airflow/.local/lib/python3.12/site-packages/airflow/example_dags/example_sensors.py took 0.081 seconds
[2024-09-09T15:41:23.190+0000] {processor.py:161} INFO - Started process (PID=740) to work on /home/airflow/.local/lib/python3.12/site-packages/airflow/example_dags/example_sensors.py
[2024-09-09T15:41:23.191+0000] {processor.py:830} INFO - Processing file /home/airflow/.local/lib/python3.12/site-packages/airflow/example_dags/example_sensors.py for tasks to queue
[2024-09-09T15:41:23.193+0000] {logging_mixin.py:188} INFO - [2024-09-09T15:41:23.192+0000] {dagbag.py:545} INFO - Filling up the DagBag from /home/airflow/.local/lib/python3.12/site-packages/airflow/example_dags/example_sensors.py
[2024-09-09T15:41:23.202+0000] {processor.py:840} INFO - DAG(s) 'example_sensors' retrieved from /home/airflow/.local/lib/python3.12/site-packages/airflow/example_dags/example_sensors.py
[2024-09-09T15:41:23.227+0000] {logging_mixin.py:188} INFO - [2024-09-09T15:41:23.227+0000] {dag.py:3089} INFO - Sync 1 DAGs
[2024-09-09T15:41:23.241+0000] {logging_mixin.py:188} INFO - [2024-09-09T15:41:23.241+0000] {dag.py:3947} INFO - Setting next_dagrun for example_sensors to None, run_after=None
[2024-09-09T15:41:23.261+0000] {processor.py:183} INFO - Processing /home/airflow/.local/lib/python3.12/site-packages/airflow/example_dags/example_sensors.py took 0.077 seconds
[2024-09-09T15:41:53.581+0000] {processor.py:161} INFO - Started process (PID=800) to work on /home/airflow/.local/lib/python3.12/site-packages/airflow/example_dags/example_sensors.py
[2024-09-09T15:41:53.582+0000] {processor.py:830} INFO - Processing file /home/airflow/.local/lib/python3.12/site-packages/airflow/example_dags/example_sensors.py for tasks to queue
[2024-09-09T15:41:53.583+0000] {logging_mixin.py:188} INFO - [2024-09-09T15:41:53.583+0000] {dagbag.py:545} INFO - Filling up the DagBag from /home/airflow/.local/lib/python3.12/site-packages/airflow/example_dags/example_sensors.py
[2024-09-09T15:41:53.594+0000] {processor.py:840} INFO - DAG(s) 'example_sensors' retrieved from /home/airflow/.local/lib/python3.12/site-packages/airflow/example_dags/example_sensors.py
[2024-09-09T15:41:53.626+0000] {logging_mixin.py:188} INFO - [2024-09-09T15:41:53.626+0000] {dag.py:3089} INFO - Sync 1 DAGs
[2024-09-09T15:41:53.642+0000] {logging_mixin.py:188} INFO - [2024-09-09T15:41:53.641+0000] {dag.py:3947} INFO - Setting next_dagrun for example_sensors to None, run_after=None
[2024-09-09T15:41:53.665+0000] {processor.py:183} INFO - Processing /home/airflow/.local/lib/python3.12/site-packages/airflow/example_dags/example_sensors.py took 0.090 seconds
[2024-09-09T15:42:24.012+0000] {processor.py:161} INFO - Started process (PID=860) to work on /home/airflow/.local/lib/python3.12/site-packages/airflow/example_dags/example_sensors.py
[2024-09-09T15:42:24.013+0000] {processor.py:830} INFO - Processing file /home/airflow/.local/lib/python3.12/site-packages/airflow/example_dags/example_sensors.py for tasks to queue
[2024-09-09T15:42:24.017+0000] {logging_mixin.py:188} INFO - [2024-09-09T15:42:24.017+0000] {dagbag.py:545} INFO - Filling up the DagBag from /home/airflow/.local/lib/python3.12/site-packages/airflow/example_dags/example_sensors.py
[2024-09-09T15:42:24.028+0000] {processor.py:840} INFO - DAG(s) 'example_sensors' retrieved from /home/airflow/.local/lib/python3.12/site-packages/airflow/example_dags/example_sensors.py
[2024-09-09T15:42:24.056+0000] {logging_mixin.py:188} INFO - [2024-09-09T15:42:24.056+0000] {dag.py:3089} INFO - Sync 1 DAGs
[2024-09-09T15:42:24.072+0000] {logging_mixin.py:188} INFO - [2024-09-09T15:42:24.071+0000] {dag.py:3947} INFO - Setting next_dagrun for example_sensors to None, run_after=None
[2024-09-09T15:42:24.092+0000] {processor.py:183} INFO - Processing /home/airflow/.local/lib/python3.12/site-packages/airflow/example_dags/example_sensors.py took 0.087 seconds
[2024-09-09T15:42:54.366+0000] {processor.py:161} INFO - Started process (PID=920) to work on /home/airflow/.local/lib/python3.12/site-packages/airflow/example_dags/example_sensors.py
[2024-09-09T15:42:54.368+0000] {processor.py:830} INFO - Processing file /home/airflow/.local/lib/python3.12/site-packages/airflow/example_dags/example_sensors.py for tasks to queue
[2024-09-09T15:42:54.370+0000] {logging_mixin.py:188} INFO - [2024-09-09T15:42:54.369+0000] {dagbag.py:545} INFO - Filling up the DagBag from /home/airflow/.local/lib/python3.12/site-packages/airflow/example_dags/example_sensors.py
[2024-09-09T15:42:54.379+0000] {processor.py:840} INFO - DAG(s) 'example_sensors' retrieved from /home/airflow/.local/lib/python3.12/site-packages/airflow/example_dags/example_sensors.py
[2024-09-09T15:42:54.407+0000] {logging_mixin.py:188} INFO - [2024-09-09T15:42:54.407+0000] {dag.py:3089} INFO - Sync 1 DAGs
[2024-09-09T15:42:54.420+0000] {logging_mixin.py:188} INFO - [2024-09-09T15:42:54.420+0000] {dag.py:3947} INFO - Setting next_dagrun for example_sensors to None, run_after=None
[2024-09-09T15:42:54.442+0000] {processor.py:183} INFO - Processing /home/airflow/.local/lib/python3.12/site-packages/airflow/example_dags/example_sensors.py took 0.082 seconds
[2024-09-09T15:43:24.683+0000] {processor.py:161} INFO - Started process (PID=980) to work on /home/airflow/.local/lib/python3.12/site-packages/airflow/example_dags/example_sensors.py
[2024-09-09T15:43:24.684+0000] {processor.py:830} INFO - Processing file /home/airflow/.local/lib/python3.12/site-packages/airflow/example_dags/example_sensors.py for tasks to queue
[2024-09-09T15:43:24.686+0000] {logging_mixin.py:188} INFO - [2024-09-09T15:43:24.686+0000] {dagbag.py:545} INFO - Filling up the DagBag from /home/airflow/.local/lib/python3.12/site-packages/airflow/example_dags/example_sensors.py
[2024-09-09T15:43:24.695+0000] {processor.py:840} INFO - DAG(s) 'example_sensors' retrieved from /home/airflow/.local/lib/python3.12/site-packages/airflow/example_dags/example_sensors.py
[2024-09-09T15:43:24.720+0000] {logging_mixin.py:188} INFO - [2024-09-09T15:43:24.720+0000] {dag.py:3089} INFO - Sync 1 DAGs
[2024-09-09T15:43:24.734+0000] {logging_mixin.py:188} INFO - [2024-09-09T15:43:24.734+0000] {dag.py:3947} INFO - Setting next_dagrun for example_sensors to None, run_after=None
[2024-09-09T15:43:24.754+0000] {processor.py:183} INFO - Processing /home/airflow/.local/lib/python3.12/site-packages/airflow/example_dags/example_sensors.py took 0.077 seconds
[2024-09-09T15:43:55.413+0000] {processor.py:161} INFO - Started process (PID=1040) to work on /home/airflow/.local/lib/python3.12/site-packages/airflow/example_dags/example_sensors.py
[2024-09-09T15:43:55.414+0000] {processor.py:830} INFO - Processing file /home/airflow/.local/lib/python3.12/site-packages/airflow/example_dags/example_sensors.py for tasks to queue
[2024-09-09T15:43:55.416+0000] {logging_mixin.py:188} INFO - [2024-09-09T15:43:55.416+0000] {dagbag.py:545} INFO - Filling up the DagBag from /home/airflow/.local/lib/python3.12/site-packages/airflow/example_dags/example_sensors.py
[2024-09-09T15:43:55.425+0000] {processor.py:840} INFO - DAG(s) 'example_sensors' retrieved from /home/airflow/.local/lib/python3.12/site-packages/airflow/example_dags/example_sensors.py
[2024-09-09T15:43:55.450+0000] {logging_mixin.py:188} INFO - [2024-09-09T15:43:55.450+0000] {dag.py:3089} INFO - Sync 1 DAGs
[2024-09-09T15:43:55.463+0000] {logging_mixin.py:188} INFO - [2024-09-09T15:43:55.463+0000] {dag.py:3947} INFO - Setting next_dagrun for example_sensors to None, run_after=None
[2024-09-09T15:43:55.481+0000] {processor.py:183} INFO - Processing /home/airflow/.local/lib/python3.12/site-packages/airflow/example_dags/example_sensors.py took 0.074 seconds
[2024-09-09T15:44:26.188+0000] {processor.py:161} INFO - Started process (PID=1100) to work on /home/airflow/.local/lib/python3.12/site-packages/airflow/example_dags/example_sensors.py
[2024-09-09T15:44:26.189+0000] {processor.py:830} INFO - Processing file /home/airflow/.local/lib/python3.12/site-packages/airflow/example_dags/example_sensors.py for tasks to queue
[2024-09-09T15:44:26.191+0000] {logging_mixin.py:188} INFO - [2024-09-09T15:44:26.191+0000] {dagbag.py:545} INFO - Filling up the DagBag from /home/airflow/.local/lib/python3.12/site-packages/airflow/example_dags/example_sensors.py
[2024-09-09T15:44:26.201+0000] {processor.py:840} INFO - DAG(s) 'example_sensors' retrieved from /home/airflow/.local/lib/python3.12/site-packages/airflow/example_dags/example_sensors.py
[2024-09-09T15:44:26.226+0000] {logging_mixin.py:188} INFO - [2024-09-09T15:44:26.226+0000] {dag.py:3089} INFO - Sync 1 DAGs
[2024-09-09T15:44:26.240+0000] {logging_mixin.py:188} INFO - [2024-09-09T15:44:26.240+0000] {dag.py:3947} INFO - Setting next_dagrun for example_sensors to None, run_after=None
[2024-09-09T15:44:26.261+0000] {processor.py:183} INFO - Processing /home/airflow/.local/lib/python3.12/site-packages/airflow/example_dags/example_sensors.py took 0.080 seconds
[2024-09-09T15:44:56.957+0000] {processor.py:161} INFO - Started process (PID=1160) to work on /home/airflow/.local/lib/python3.12/site-packages/airflow/example_dags/example_sensors.py
[2024-09-09T15:44:56.958+0000] {processor.py:830} INFO - Processing file /home/airflow/.local/lib/python3.12/site-packages/airflow/example_dags/example_sensors.py for tasks to queue
[2024-09-09T15:44:56.960+0000] {logging_mixin.py:188} INFO - [2024-09-09T15:44:56.959+0000] {dagbag.py:545} INFO - Filling up the DagBag from /home/airflow/.local/lib/python3.12/site-packages/airflow/example_dags/example_sensors.py
[2024-09-09T15:44:56.969+0000] {processor.py:840} INFO - DAG(s) 'example_sensors' retrieved from /home/airflow/.local/lib/python3.12/site-packages/airflow/example_dags/example_sensors.py
[2024-09-09T15:44:56.995+0000] {logging_mixin.py:188} INFO - [2024-09-09T15:44:56.995+0000] {dag.py:3089} INFO - Sync 1 DAGs
[2024-09-09T15:44:57.009+0000] {logging_mixin.py:188} INFO - [2024-09-09T15:44:57.009+0000] {dag.py:3947} INFO - Setting next_dagrun for example_sensors to None, run_after=None
[2024-09-09T15:44:57.029+0000] {processor.py:183} INFO - Processing /home/airflow/.local/lib/python3.12/site-packages/airflow/example_dags/example_sensors.py took 0.078 seconds
[2024-09-09T15:45:27.855+0000] {processor.py:161} INFO - Started process (PID=1220) to work on /home/airflow/.local/lib/python3.12/site-packages/airflow/example_dags/example_sensors.py
[2024-09-09T15:45:27.856+0000] {processor.py:830} INFO - Processing file /home/airflow/.local/lib/python3.12/site-packages/airflow/example_dags/example_sensors.py for tasks to queue
[2024-09-09T15:45:27.858+0000] {logging_mixin.py:188} INFO - [2024-09-09T15:45:27.858+0000] {dagbag.py:545} INFO - Filling up the DagBag from /home/airflow/.local/lib/python3.12/site-packages/airflow/example_dags/example_sensors.py
[2024-09-09T15:45:27.867+0000] {processor.py:840} INFO - DAG(s) 'example_sensors' retrieved from /home/airflow/.local/lib/python3.12/site-packages/airflow/example_dags/example_sensors.py
[2024-09-09T15:45:27.893+0000] {logging_mixin.py:188} INFO - [2024-09-09T15:45:27.893+0000] {dag.py:3089} INFO - Sync 1 DAGs
[2024-09-09T15:45:27.910+0000] {logging_mixin.py:188} INFO - [2024-09-09T15:45:27.909+0000] {dag.py:3947} INFO - Setting next_dagrun for example_sensors to None, run_after=None
[2024-09-09T15:45:27.931+0000] {processor.py:183} INFO - Processing /home/airflow/.local/lib/python3.12/site-packages/airflow/example_dags/example_sensors.py took 0.082 seconds
[2024-09-09T15:45:58.155+0000] {processor.py:161} INFO - Started process (PID=1280) to work on /home/airflow/.local/lib/python3.12/site-packages/airflow/example_dags/example_sensors.py
[2024-09-09T15:45:58.156+0000] {processor.py:830} INFO - Processing file /home/airflow/.local/lib/python3.12/site-packages/airflow/example_dags/example_sensors.py for tasks to queue
[2024-09-09T15:45:58.158+0000] {logging_mixin.py:188} INFO - [2024-09-09T15:45:58.158+0000] {dagbag.py:545} INFO - Filling up the DagBag from /home/airflow/.local/lib/python3.12/site-packages/airflow/example_dags/example_sensors.py
[2024-09-09T15:45:58.168+0000] {processor.py:840} INFO - DAG(s) 'example_sensors' retrieved from /home/airflow/.local/lib/python3.12/site-packages/airflow/example_dags/example_sensors.py
[2024-09-09T15:45:58.194+0000] {logging_mixin.py:188} INFO - [2024-09-09T15:45:58.194+0000] {dag.py:3089} INFO - Sync 1 DAGs
[2024-09-09T15:45:58.209+0000] {logging_mixin.py:188} INFO - [2024-09-09T15:45:58.208+0000] {dag.py:3947} INFO - Setting next_dagrun for example_sensors to None, run_after=None
[2024-09-09T15:45:58.230+0000] {processor.py:183} INFO - Processing /home/airflow/.local/lib/python3.12/site-packages/airflow/example_dags/example_sensors.py took 0.081 seconds
[2024-09-09T15:46:28.587+0000] {processor.py:161} INFO - Started process (PID=1340) to work on /home/airflow/.local/lib/python3.12/site-packages/airflow/example_dags/example_sensors.py
[2024-09-09T15:46:28.588+0000] {processor.py:830} INFO - Processing file /home/airflow/.local/lib/python3.12/site-packages/airflow/example_dags/example_sensors.py for tasks to queue
[2024-09-09T15:46:28.589+0000] {logging_mixin.py:188} INFO - [2024-09-09T15:46:28.589+0000] {dagbag.py:545} INFO - Filling up the DagBag from /home/airflow/.local/lib/python3.12/site-packages/airflow/example_dags/example_sensors.py
[2024-09-09T15:46:28.599+0000] {processor.py:840} INFO - DAG(s) 'example_sensors' retrieved from /home/airflow/.local/lib/python3.12/site-packages/airflow/example_dags/example_sensors.py
[2024-09-09T15:46:28.625+0000] {logging_mixin.py:188} INFO - [2024-09-09T15:46:28.625+0000] {dag.py:3089} INFO - Sync 1 DAGs
[2024-09-09T15:46:28.638+0000] {logging_mixin.py:188} INFO - [2024-09-09T15:46:28.638+0000] {dag.py:3947} INFO - Setting next_dagrun for example_sensors to None, run_after=None
[2024-09-09T15:46:28.663+0000] {processor.py:183} INFO - Processing /home/airflow/.local/lib/python3.12/site-packages/airflow/example_dags/example_sensors.py took 0.082 seconds
[2024-09-09T15:46:58.900+0000] {processor.py:161} INFO - Started process (PID=1400) to work on /home/airflow/.local/lib/python3.12/site-packages/airflow/example_dags/example_sensors.py
[2024-09-09T15:46:58.901+0000] {processor.py:830} INFO - Processing file /home/airflow/.local/lib/python3.12/site-packages/airflow/example_dags/example_sensors.py for tasks to queue
[2024-09-09T15:46:58.903+0000] {logging_mixin.py:188} INFO - [2024-09-09T15:46:58.902+0000] {dagbag.py:545} INFO - Filling up the DagBag from /home/airflow/.local/lib/python3.12/site-packages/airflow/example_dags/example_sensors.py
[2024-09-09T15:46:58.912+0000] {processor.py:840} INFO - DAG(s) 'example_sensors' retrieved from /home/airflow/.local/lib/python3.12/site-packages/airflow/example_dags/example_sensors.py
[2024-09-09T15:46:58.938+0000] {logging_mixin.py:188} INFO - [2024-09-09T15:46:58.938+0000] {dag.py:3089} INFO - Sync 1 DAGs
[2024-09-09T15:46:58.951+0000] {logging_mixin.py:188} INFO - [2024-09-09T15:46:58.951+0000] {dag.py:3947} INFO - Setting next_dagrun for example_sensors to None, run_after=None
[2024-09-09T15:46:58.970+0000] {processor.py:183} INFO - Processing /home/airflow/.local/lib/python3.12/site-packages/airflow/example_dags/example_sensors.py took 0.076 seconds
[2024-09-09T15:47:29.700+0000] {processor.py:161} INFO - Started process (PID=1460) to work on /home/airflow/.local/lib/python3.12/site-packages/airflow/example_dags/example_sensors.py
[2024-09-09T15:47:29.702+0000] {processor.py:830} INFO - Processing file /home/airflow/.local/lib/python3.12/site-packages/airflow/example_dags/example_sensors.py for tasks to queue
[2024-09-09T15:47:29.704+0000] {logging_mixin.py:188} INFO - [2024-09-09T15:47:29.703+0000] {dagbag.py:545} INFO - Filling up the DagBag from /home/airflow/.local/lib/python3.12/site-packages/airflow/example_dags/example_sensors.py
[2024-09-09T15:47:29.714+0000] {processor.py:840} INFO - DAG(s) 'example_sensors' retrieved from /home/airflow/.local/lib/python3.12/site-packages/airflow/example_dags/example_sensors.py
[2024-09-09T15:47:29.747+0000] {logging_mixin.py:188} INFO - [2024-09-09T15:47:29.747+0000] {dag.py:3089} INFO - Sync 1 DAGs
[2024-09-09T15:47:29.761+0000] {logging_mixin.py:188} INFO - [2024-09-09T15:47:29.761+0000] {dag.py:3947} INFO - Setting next_dagrun for example_sensors to None, run_after=None
[2024-09-09T15:47:29.779+0000] {processor.py:183} INFO - Processing /home/airflow/.local/lib/python3.12/site-packages/airflow/example_dags/example_sensors.py took 0.087 seconds
[2024-09-09T15:48:00.479+0000] {processor.py:161} INFO - Started process (PID=1520) to work on /home/airflow/.local/lib/python3.12/site-packages/airflow/example_dags/example_sensors.py
[2024-09-09T15:48:00.480+0000] {processor.py:830} INFO - Processing file /home/airflow/.local/lib/python3.12/site-packages/airflow/example_dags/example_sensors.py for tasks to queue
[2024-09-09T15:48:00.482+0000] {logging_mixin.py:188} INFO - [2024-09-09T15:48:00.482+0000] {dagbag.py:545} INFO - Filling up the DagBag from /home/airflow/.local/lib/python3.12/site-packages/airflow/example_dags/example_sensors.py
[2024-09-09T15:48:00.492+0000] {processor.py:840} INFO - DAG(s) 'example_sensors' retrieved from /home/airflow/.local/lib/python3.12/site-packages/airflow/example_dags/example_sensors.py
[2024-09-09T15:48:00.518+0000] {logging_mixin.py:188} INFO - [2024-09-09T15:48:00.517+0000] {dag.py:3089} INFO - Sync 1 DAGs
[2024-09-09T15:48:00.532+0000] {logging_mixin.py:188} INFO - [2024-09-09T15:48:00.531+0000] {dag.py:3947} INFO - Setting next_dagrun for example_sensors to None, run_after=None
[2024-09-09T15:48:00.550+0000] {processor.py:183} INFO - Processing /home/airflow/.local/lib/python3.12/site-packages/airflow/example_dags/example_sensors.py took 0.076 seconds
