[2024-09-09T15:35:46.650+0000] {processor.py:161} INFO - Started process (PID=72) to work on /home/airflow/.local/lib/python3.12/site-packages/airflow/example_dags/example_python_operator.py
[2024-09-09T15:35:46.652+0000] {processor.py:830} INFO - Processing file /home/airflow/.local/lib/python3.12/site-packages/airflow/example_dags/example_python_operator.py for tasks to queue
[2024-09-09T15:35:46.655+0000] {logging_mixin.py:188} INFO - [2024-09-09T15:35:46.655+0000] {dagbag.py:545} INFO - Filling up the DagBag from /home/airflow/.local/lib/python3.12/site-packages/airflow/example_dags/example_python_operator.py
[2024-09-09T15:35:46.687+0000] {processor.py:840} INFO - DAG(s) 'example_python_operator' retrieved from /home/airflow/.local/lib/python3.12/site-packages/airflow/example_dags/example_python_operator.py
[2024-09-09T15:35:46.709+0000] {logging_mixin.py:188} INFO - [2024-09-09T15:35:46.708+0000] {dag.py:3089} INFO - Sync 1 DAGs
[2024-09-09T15:35:46.737+0000] {logging_mixin.py:188} INFO - [2024-09-09T15:35:46.737+0000] {dag.py:3947} INFO - Setting next_dagrun for example_python_operator to None, run_after=None
[2024-09-09T15:35:46.765+0000] {processor.py:183} INFO - Processing /home/airflow/.local/lib/python3.12/site-packages/airflow/example_dags/example_python_operator.py took 0.127 seconds
[2024-09-09T15:36:16.935+0000] {processor.py:161} INFO - Started process (PID=130) to work on /home/airflow/.local/lib/python3.12/site-packages/airflow/example_dags/example_python_operator.py
[2024-09-09T15:36:16.936+0000] {processor.py:830} INFO - Processing file /home/airflow/.local/lib/python3.12/site-packages/airflow/example_dags/example_python_operator.py for tasks to queue
[2024-09-09T15:36:16.938+0000] {logging_mixin.py:188} INFO - [2024-09-09T15:36:16.938+0000] {dagbag.py:545} INFO - Filling up the DagBag from /home/airflow/.local/lib/python3.12/site-packages/airflow/example_dags/example_python_operator.py
[2024-09-09T15:36:16.951+0000] {processor.py:840} INFO - DAG(s) 'example_python_operator' retrieved from /home/airflow/.local/lib/python3.12/site-packages/airflow/example_dags/example_python_operator.py
[2024-09-09T15:36:17.056+0000] {logging_mixin.py:188} INFO - [2024-09-09T15:36:17.055+0000] {dag.py:3089} INFO - Sync 1 DAGs
[2024-09-09T15:36:17.066+0000] {logging_mixin.py:188} INFO - [2024-09-09T15:36:17.066+0000] {dag.py:3947} INFO - Setting next_dagrun for example_python_operator to None, run_after=None
[2024-09-09T15:36:17.084+0000] {processor.py:183} INFO - Processing /home/airflow/.local/lib/python3.12/site-packages/airflow/example_dags/example_python_operator.py took 0.155 seconds
[2024-09-09T15:36:48.002+0000] {processor.py:161} INFO - Started process (PID=191) to work on /home/airflow/.local/lib/python3.12/site-packages/airflow/example_dags/example_python_operator.py
[2024-09-09T15:36:48.004+0000] {processor.py:830} INFO - Processing file /home/airflow/.local/lib/python3.12/site-packages/airflow/example_dags/example_python_operator.py for tasks to queue
[2024-09-09T15:36:48.006+0000] {logging_mixin.py:188} INFO - [2024-09-09T15:36:48.005+0000] {dagbag.py:545} INFO - Filling up the DagBag from /home/airflow/.local/lib/python3.12/site-packages/airflow/example_dags/example_python_operator.py
[2024-09-09T15:36:48.018+0000] {processor.py:840} INFO - DAG(s) 'example_python_operator' retrieved from /home/airflow/.local/lib/python3.12/site-packages/airflow/example_dags/example_python_operator.py
[2024-09-09T15:36:48.042+0000] {logging_mixin.py:188} INFO - [2024-09-09T15:36:48.042+0000] {dag.py:3089} INFO - Sync 1 DAGs
[2024-09-09T15:36:48.056+0000] {logging_mixin.py:188} INFO - [2024-09-09T15:36:48.056+0000] {dag.py:3947} INFO - Setting next_dagrun for example_python_operator to None, run_after=None
[2024-09-09T15:36:48.078+0000] {processor.py:183} INFO - Processing /home/airflow/.local/lib/python3.12/site-packages/airflow/example_dags/example_python_operator.py took 0.081 seconds
[2024-09-09T15:37:18.189+0000] {processor.py:161} INFO - Started process (PID=250) to work on /home/airflow/.local/lib/python3.12/site-packages/airflow/example_dags/example_python_operator.py
[2024-09-09T15:37:18.190+0000] {processor.py:830} INFO - Processing file /home/airflow/.local/lib/python3.12/site-packages/airflow/example_dags/example_python_operator.py for tasks to queue
[2024-09-09T15:37:18.192+0000] {logging_mixin.py:188} INFO - [2024-09-09T15:37:18.192+0000] {dagbag.py:545} INFO - Filling up the DagBag from /home/airflow/.local/lib/python3.12/site-packages/airflow/example_dags/example_python_operator.py
[2024-09-09T15:37:18.202+0000] {processor.py:840} INFO - DAG(s) 'example_python_operator' retrieved from /home/airflow/.local/lib/python3.12/site-packages/airflow/example_dags/example_python_operator.py
[2024-09-09T15:37:18.224+0000] {logging_mixin.py:188} INFO - [2024-09-09T15:37:18.224+0000] {dag.py:3089} INFO - Sync 1 DAGs
[2024-09-09T15:37:18.238+0000] {logging_mixin.py:188} INFO - [2024-09-09T15:37:18.238+0000] {dag.py:3947} INFO - Setting next_dagrun for example_python_operator to None, run_after=None
[2024-09-09T15:37:18.262+0000] {processor.py:183} INFO - Processing /home/airflow/.local/lib/python3.12/site-packages/airflow/example_dags/example_python_operator.py took 0.078 seconds
[2024-09-09T15:37:48.647+0000] {processor.py:161} INFO - Started process (PID=310) to work on /home/airflow/.local/lib/python3.12/site-packages/airflow/example_dags/example_python_operator.py
[2024-09-09T15:37:48.648+0000] {processor.py:830} INFO - Processing file /home/airflow/.local/lib/python3.12/site-packages/airflow/example_dags/example_python_operator.py for tasks to queue
[2024-09-09T15:37:48.650+0000] {logging_mixin.py:188} INFO - [2024-09-09T15:37:48.649+0000] {dagbag.py:545} INFO - Filling up the DagBag from /home/airflow/.local/lib/python3.12/site-packages/airflow/example_dags/example_python_operator.py
[2024-09-09T15:37:48.660+0000] {processor.py:840} INFO - DAG(s) 'example_python_operator' retrieved from /home/airflow/.local/lib/python3.12/site-packages/airflow/example_dags/example_python_operator.py
[2024-09-09T15:37:48.682+0000] {logging_mixin.py:188} INFO - [2024-09-09T15:37:48.682+0000] {dag.py:3089} INFO - Sync 1 DAGs
[2024-09-09T15:37:48.695+0000] {logging_mixin.py:188} INFO - [2024-09-09T15:37:48.695+0000] {dag.py:3947} INFO - Setting next_dagrun for example_python_operator to None, run_after=None
[2024-09-09T15:37:48.714+0000] {processor.py:183} INFO - Processing /home/airflow/.local/lib/python3.12/site-packages/airflow/example_dags/example_python_operator.py took 0.073 seconds
[2024-09-09T15:38:19.137+0000] {processor.py:161} INFO - Started process (PID=370) to work on /home/airflow/.local/lib/python3.12/site-packages/airflow/example_dags/example_python_operator.py
[2024-09-09T15:38:19.138+0000] {processor.py:830} INFO - Processing file /home/airflow/.local/lib/python3.12/site-packages/airflow/example_dags/example_python_operator.py for tasks to queue
[2024-09-09T15:38:19.140+0000] {logging_mixin.py:188} INFO - [2024-09-09T15:38:19.139+0000] {dagbag.py:545} INFO - Filling up the DagBag from /home/airflow/.local/lib/python3.12/site-packages/airflow/example_dags/example_python_operator.py
[2024-09-09T15:38:19.150+0000] {processor.py:840} INFO - DAG(s) 'example_python_operator' retrieved from /home/airflow/.local/lib/python3.12/site-packages/airflow/example_dags/example_python_operator.py
[2024-09-09T15:38:19.173+0000] {logging_mixin.py:188} INFO - [2024-09-09T15:38:19.173+0000] {dag.py:3089} INFO - Sync 1 DAGs
[2024-09-09T15:38:19.187+0000] {logging_mixin.py:188} INFO - [2024-09-09T15:38:19.187+0000] {dag.py:3947} INFO - Setting next_dagrun for example_python_operator to None, run_after=None
[2024-09-09T15:38:19.208+0000] {processor.py:183} INFO - Processing /home/airflow/.local/lib/python3.12/site-packages/airflow/example_dags/example_python_operator.py took 0.078 seconds
[2024-09-09T15:38:49.707+0000] {processor.py:161} INFO - Started process (PID=430) to work on /home/airflow/.local/lib/python3.12/site-packages/airflow/example_dags/example_python_operator.py
[2024-09-09T15:38:49.708+0000] {processor.py:830} INFO - Processing file /home/airflow/.local/lib/python3.12/site-packages/airflow/example_dags/example_python_operator.py for tasks to queue
[2024-09-09T15:38:49.710+0000] {logging_mixin.py:188} INFO - [2024-09-09T15:38:49.710+0000] {dagbag.py:545} INFO - Filling up the DagBag from /home/airflow/.local/lib/python3.12/site-packages/airflow/example_dags/example_python_operator.py
[2024-09-09T15:38:49.721+0000] {processor.py:840} INFO - DAG(s) 'example_python_operator' retrieved from /home/airflow/.local/lib/python3.12/site-packages/airflow/example_dags/example_python_operator.py
[2024-09-09T15:38:49.748+0000] {logging_mixin.py:188} INFO - [2024-09-09T15:38:49.748+0000] {dag.py:3089} INFO - Sync 1 DAGs
[2024-09-09T15:38:49.761+0000] {logging_mixin.py:188} INFO - [2024-09-09T15:38:49.761+0000] {dag.py:3947} INFO - Setting next_dagrun for example_python_operator to None, run_after=None
[2024-09-09T15:38:49.783+0000] {processor.py:183} INFO - Processing /home/airflow/.local/lib/python3.12/site-packages/airflow/example_dags/example_python_operator.py took 0.082 seconds
[2024-09-09T15:39:20.379+0000] {processor.py:161} INFO - Started process (PID=490) to work on /home/airflow/.local/lib/python3.12/site-packages/airflow/example_dags/example_python_operator.py
[2024-09-09T15:39:20.380+0000] {processor.py:830} INFO - Processing file /home/airflow/.local/lib/python3.12/site-packages/airflow/example_dags/example_python_operator.py for tasks to queue
[2024-09-09T15:39:20.382+0000] {logging_mixin.py:188} INFO - [2024-09-09T15:39:20.381+0000] {dagbag.py:545} INFO - Filling up the DagBag from /home/airflow/.local/lib/python3.12/site-packages/airflow/example_dags/example_python_operator.py
[2024-09-09T15:39:20.392+0000] {processor.py:840} INFO - DAG(s) 'example_python_operator' retrieved from /home/airflow/.local/lib/python3.12/site-packages/airflow/example_dags/example_python_operator.py
[2024-09-09T15:39:20.414+0000] {logging_mixin.py:188} INFO - [2024-09-09T15:39:20.414+0000] {dag.py:3089} INFO - Sync 1 DAGs
[2024-09-09T15:39:20.428+0000] {logging_mixin.py:188} INFO - [2024-09-09T15:39:20.428+0000] {dag.py:3947} INFO - Setting next_dagrun for example_python_operator to None, run_after=None
[2024-09-09T15:39:20.448+0000] {processor.py:183} INFO - Processing /home/airflow/.local/lib/python3.12/site-packages/airflow/example_dags/example_python_operator.py took 0.074 seconds
[2024-09-09T15:39:50.638+0000] {processor.py:161} INFO - Started process (PID=550) to work on /home/airflow/.local/lib/python3.12/site-packages/airflow/example_dags/example_python_operator.py
[2024-09-09T15:39:50.639+0000] {processor.py:830} INFO - Processing file /home/airflow/.local/lib/python3.12/site-packages/airflow/example_dags/example_python_operator.py for tasks to queue
[2024-09-09T15:39:50.642+0000] {logging_mixin.py:188} INFO - [2024-09-09T15:39:50.641+0000] {dagbag.py:545} INFO - Filling up the DagBag from /home/airflow/.local/lib/python3.12/site-packages/airflow/example_dags/example_python_operator.py
[2024-09-09T15:39:50.656+0000] {processor.py:840} INFO - DAG(s) 'example_python_operator' retrieved from /home/airflow/.local/lib/python3.12/site-packages/airflow/example_dags/example_python_operator.py
[2024-09-09T15:39:50.680+0000] {logging_mixin.py:188} INFO - [2024-09-09T15:39:50.680+0000] {dag.py:3089} INFO - Sync 1 DAGs
[2024-09-09T15:39:50.694+0000] {logging_mixin.py:188} INFO - [2024-09-09T15:39:50.694+0000] {dag.py:3947} INFO - Setting next_dagrun for example_python_operator to None, run_after=None
[2024-09-09T15:39:50.717+0000] {processor.py:183} INFO - Processing /home/airflow/.local/lib/python3.12/site-packages/airflow/example_dags/example_python_operator.py took 0.085 seconds
[2024-09-09T15:40:21.036+0000] {processor.py:161} INFO - Started process (PID=610) to work on /home/airflow/.local/lib/python3.12/site-packages/airflow/example_dags/example_python_operator.py
[2024-09-09T15:40:21.037+0000] {processor.py:830} INFO - Processing file /home/airflow/.local/lib/python3.12/site-packages/airflow/example_dags/example_python_operator.py for tasks to queue
[2024-09-09T15:40:21.039+0000] {logging_mixin.py:188} INFO - [2024-09-09T15:40:21.038+0000] {dagbag.py:545} INFO - Filling up the DagBag from /home/airflow/.local/lib/python3.12/site-packages/airflow/example_dags/example_python_operator.py
[2024-09-09T15:40:21.049+0000] {processor.py:840} INFO - DAG(s) 'example_python_operator' retrieved from /home/airflow/.local/lib/python3.12/site-packages/airflow/example_dags/example_python_operator.py
[2024-09-09T15:40:21.072+0000] {logging_mixin.py:188} INFO - [2024-09-09T15:40:21.071+0000] {dag.py:3089} INFO - Sync 1 DAGs
[2024-09-09T15:40:21.085+0000] {logging_mixin.py:188} INFO - [2024-09-09T15:40:21.085+0000] {dag.py:3947} INFO - Setting next_dagrun for example_python_operator to None, run_after=None
[2024-09-09T15:40:21.106+0000] {processor.py:183} INFO - Processing /home/airflow/.local/lib/python3.12/site-packages/airflow/example_dags/example_python_operator.py took 0.076 seconds
[2024-09-09T15:40:51.369+0000] {processor.py:161} INFO - Started process (PID=670) to work on /home/airflow/.local/lib/python3.12/site-packages/airflow/example_dags/example_python_operator.py
[2024-09-09T15:40:51.370+0000] {processor.py:830} INFO - Processing file /home/airflow/.local/lib/python3.12/site-packages/airflow/example_dags/example_python_operator.py for tasks to queue
[2024-09-09T15:40:51.372+0000] {logging_mixin.py:188} INFO - [2024-09-09T15:40:51.372+0000] {dagbag.py:545} INFO - Filling up the DagBag from /home/airflow/.local/lib/python3.12/site-packages/airflow/example_dags/example_python_operator.py
[2024-09-09T15:40:51.383+0000] {processor.py:840} INFO - DAG(s) 'example_python_operator' retrieved from /home/airflow/.local/lib/python3.12/site-packages/airflow/example_dags/example_python_operator.py
[2024-09-09T15:40:51.405+0000] {logging_mixin.py:188} INFO - [2024-09-09T15:40:51.405+0000] {dag.py:3089} INFO - Sync 1 DAGs
[2024-09-09T15:40:51.418+0000] {logging_mixin.py:188} INFO - [2024-09-09T15:40:51.418+0000] {dag.py:3947} INFO - Setting next_dagrun for example_python_operator to None, run_after=None
[2024-09-09T15:40:51.437+0000] {processor.py:183} INFO - Processing /home/airflow/.local/lib/python3.12/site-packages/airflow/example_dags/example_python_operator.py took 0.073 seconds
[2024-09-09T15:41:21.685+0000] {processor.py:161} INFO - Started process (PID=730) to work on /home/airflow/.local/lib/python3.12/site-packages/airflow/example_dags/example_python_operator.py
[2024-09-09T15:41:21.686+0000] {processor.py:830} INFO - Processing file /home/airflow/.local/lib/python3.12/site-packages/airflow/example_dags/example_python_operator.py for tasks to queue
[2024-09-09T15:41:21.688+0000] {logging_mixin.py:188} INFO - [2024-09-09T15:41:21.688+0000] {dagbag.py:545} INFO - Filling up the DagBag from /home/airflow/.local/lib/python3.12/site-packages/airflow/example_dags/example_python_operator.py
[2024-09-09T15:41:21.699+0000] {processor.py:840} INFO - DAG(s) 'example_python_operator' retrieved from /home/airflow/.local/lib/python3.12/site-packages/airflow/example_dags/example_python_operator.py
[2024-09-09T15:41:21.722+0000] {logging_mixin.py:188} INFO - [2024-09-09T15:41:21.722+0000] {dag.py:3089} INFO - Sync 1 DAGs
[2024-09-09T15:41:21.735+0000] {logging_mixin.py:188} INFO - [2024-09-09T15:41:21.735+0000] {dag.py:3947} INFO - Setting next_dagrun for example_python_operator to None, run_after=None
[2024-09-09T15:41:21.755+0000] {processor.py:183} INFO - Processing /home/airflow/.local/lib/python3.12/site-packages/airflow/example_dags/example_python_operator.py took 0.075 seconds
[2024-09-09T15:41:52.074+0000] {processor.py:161} INFO - Started process (PID=790) to work on /home/airflow/.local/lib/python3.12/site-packages/airflow/example_dags/example_python_operator.py
[2024-09-09T15:41:52.075+0000] {processor.py:830} INFO - Processing file /home/airflow/.local/lib/python3.12/site-packages/airflow/example_dags/example_python_operator.py for tasks to queue
[2024-09-09T15:41:52.077+0000] {logging_mixin.py:188} INFO - [2024-09-09T15:41:52.077+0000] {dagbag.py:545} INFO - Filling up the DagBag from /home/airflow/.local/lib/python3.12/site-packages/airflow/example_dags/example_python_operator.py
[2024-09-09T15:41:52.088+0000] {processor.py:840} INFO - DAG(s) 'example_python_operator' retrieved from /home/airflow/.local/lib/python3.12/site-packages/airflow/example_dags/example_python_operator.py
[2024-09-09T15:41:52.111+0000] {logging_mixin.py:188} INFO - [2024-09-09T15:41:52.111+0000] {dag.py:3089} INFO - Sync 1 DAGs
[2024-09-09T15:41:52.125+0000] {logging_mixin.py:188} INFO - [2024-09-09T15:41:52.124+0000] {dag.py:3947} INFO - Setting next_dagrun for example_python_operator to None, run_after=None
[2024-09-09T15:41:52.144+0000] {processor.py:183} INFO - Processing /home/airflow/.local/lib/python3.12/site-packages/airflow/example_dags/example_python_operator.py took 0.076 seconds
[2024-09-09T15:42:22.463+0000] {processor.py:161} INFO - Started process (PID=850) to work on /home/airflow/.local/lib/python3.12/site-packages/airflow/example_dags/example_python_operator.py
[2024-09-09T15:42:22.464+0000] {processor.py:830} INFO - Processing file /home/airflow/.local/lib/python3.12/site-packages/airflow/example_dags/example_python_operator.py for tasks to queue
[2024-09-09T15:42:22.466+0000] {logging_mixin.py:188} INFO - [2024-09-09T15:42:22.466+0000] {dagbag.py:545} INFO - Filling up the DagBag from /home/airflow/.local/lib/python3.12/site-packages/airflow/example_dags/example_python_operator.py
[2024-09-09T15:42:22.477+0000] {processor.py:840} INFO - DAG(s) 'example_python_operator' retrieved from /home/airflow/.local/lib/python3.12/site-packages/airflow/example_dags/example_python_operator.py
[2024-09-09T15:42:22.504+0000] {logging_mixin.py:188} INFO - [2024-09-09T15:42:22.503+0000] {dag.py:3089} INFO - Sync 1 DAGs
[2024-09-09T15:42:22.523+0000] {logging_mixin.py:188} INFO - [2024-09-09T15:42:22.523+0000] {dag.py:3947} INFO - Setting next_dagrun for example_python_operator to None, run_after=None
[2024-09-09T15:42:22.545+0000] {processor.py:183} INFO - Processing /home/airflow/.local/lib/python3.12/site-packages/airflow/example_dags/example_python_operator.py took 0.089 seconds
[2024-09-09T15:42:52.816+0000] {processor.py:161} INFO - Started process (PID=910) to work on /home/airflow/.local/lib/python3.12/site-packages/airflow/example_dags/example_python_operator.py
[2024-09-09T15:42:52.817+0000] {processor.py:830} INFO - Processing file /home/airflow/.local/lib/python3.12/site-packages/airflow/example_dags/example_python_operator.py for tasks to queue
[2024-09-09T15:42:52.819+0000] {logging_mixin.py:188} INFO - [2024-09-09T15:42:52.819+0000] {dagbag.py:545} INFO - Filling up the DagBag from /home/airflow/.local/lib/python3.12/site-packages/airflow/example_dags/example_python_operator.py
[2024-09-09T15:42:52.830+0000] {processor.py:840} INFO - DAG(s) 'example_python_operator' retrieved from /home/airflow/.local/lib/python3.12/site-packages/airflow/example_dags/example_python_operator.py
[2024-09-09T15:42:52.851+0000] {logging_mixin.py:188} INFO - [2024-09-09T15:42:52.851+0000] {dag.py:3089} INFO - Sync 1 DAGs
[2024-09-09T15:42:52.864+0000] {logging_mixin.py:188} INFO - [2024-09-09T15:42:52.864+0000] {dag.py:3947} INFO - Setting next_dagrun for example_python_operator to None, run_after=None
[2024-09-09T15:42:52.885+0000] {processor.py:183} INFO - Processing /home/airflow/.local/lib/python3.12/site-packages/airflow/example_dags/example_python_operator.py took 0.075 seconds
[2024-09-09T15:43:23.166+0000] {processor.py:161} INFO - Started process (PID=970) to work on /home/airflow/.local/lib/python3.12/site-packages/airflow/example_dags/example_python_operator.py
[2024-09-09T15:43:23.167+0000] {processor.py:830} INFO - Processing file /home/airflow/.local/lib/python3.12/site-packages/airflow/example_dags/example_python_operator.py for tasks to queue
[2024-09-09T15:43:23.169+0000] {logging_mixin.py:188} INFO - [2024-09-09T15:43:23.168+0000] {dagbag.py:545} INFO - Filling up the DagBag from /home/airflow/.local/lib/python3.12/site-packages/airflow/example_dags/example_python_operator.py
[2024-09-09T15:43:23.179+0000] {processor.py:840} INFO - DAG(s) 'example_python_operator' retrieved from /home/airflow/.local/lib/python3.12/site-packages/airflow/example_dags/example_python_operator.py
[2024-09-09T15:43:23.202+0000] {logging_mixin.py:188} INFO - [2024-09-09T15:43:23.202+0000] {dag.py:3089} INFO - Sync 1 DAGs
[2024-09-09T15:43:23.215+0000] {logging_mixin.py:188} INFO - [2024-09-09T15:43:23.215+0000] {dag.py:3947} INFO - Setting next_dagrun for example_python_operator to None, run_after=None
[2024-09-09T15:43:23.236+0000] {processor.py:183} INFO - Processing /home/airflow/.local/lib/python3.12/site-packages/airflow/example_dags/example_python_operator.py took 0.075 seconds
[2024-09-09T15:43:53.790+0000] {processor.py:161} INFO - Started process (PID=1030) to work on /home/airflow/.local/lib/python3.12/site-packages/airflow/example_dags/example_python_operator.py
[2024-09-09T15:43:53.791+0000] {processor.py:830} INFO - Processing file /home/airflow/.local/lib/python3.12/site-packages/airflow/example_dags/example_python_operator.py for tasks to queue
[2024-09-09T15:43:53.793+0000] {logging_mixin.py:188} INFO - [2024-09-09T15:43:53.792+0000] {dagbag.py:545} INFO - Filling up the DagBag from /home/airflow/.local/lib/python3.12/site-packages/airflow/example_dags/example_python_operator.py
[2024-09-09T15:43:53.804+0000] {processor.py:840} INFO - DAG(s) 'example_python_operator' retrieved from /home/airflow/.local/lib/python3.12/site-packages/airflow/example_dags/example_python_operator.py
[2024-09-09T15:43:53.826+0000] {logging_mixin.py:188} INFO - [2024-09-09T15:43:53.826+0000] {dag.py:3089} INFO - Sync 1 DAGs
[2024-09-09T15:43:53.840+0000] {logging_mixin.py:188} INFO - [2024-09-09T15:43:53.839+0000] {dag.py:3947} INFO - Setting next_dagrun for example_python_operator to None, run_after=None
[2024-09-09T15:43:53.858+0000] {processor.py:183} INFO - Processing /home/airflow/.local/lib/python3.12/site-packages/airflow/example_dags/example_python_operator.py took 0.074 seconds
[2024-09-09T15:44:24.660+0000] {processor.py:161} INFO - Started process (PID=1090) to work on /home/airflow/.local/lib/python3.12/site-packages/airflow/example_dags/example_python_operator.py
[2024-09-09T15:44:24.661+0000] {processor.py:830} INFO - Processing file /home/airflow/.local/lib/python3.12/site-packages/airflow/example_dags/example_python_operator.py for tasks to queue
[2024-09-09T15:44:24.663+0000] {logging_mixin.py:188} INFO - [2024-09-09T15:44:24.663+0000] {dagbag.py:545} INFO - Filling up the DagBag from /home/airflow/.local/lib/python3.12/site-packages/airflow/example_dags/example_python_operator.py
[2024-09-09T15:44:24.675+0000] {processor.py:840} INFO - DAG(s) 'example_python_operator' retrieved from /home/airflow/.local/lib/python3.12/site-packages/airflow/example_dags/example_python_operator.py
[2024-09-09T15:44:24.698+0000] {logging_mixin.py:188} INFO - [2024-09-09T15:44:24.698+0000] {dag.py:3089} INFO - Sync 1 DAGs
[2024-09-09T15:44:24.712+0000] {logging_mixin.py:188} INFO - [2024-09-09T15:44:24.712+0000] {dag.py:3947} INFO - Setting next_dagrun for example_python_operator to None, run_after=None
[2024-09-09T15:44:24.735+0000] {processor.py:183} INFO - Processing /home/airflow/.local/lib/python3.12/site-packages/airflow/example_dags/example_python_operator.py took 0.081 seconds
[2024-09-09T15:44:55.369+0000] {processor.py:161} INFO - Started process (PID=1150) to work on /home/airflow/.local/lib/python3.12/site-packages/airflow/example_dags/example_python_operator.py
[2024-09-09T15:44:55.370+0000] {processor.py:830} INFO - Processing file /home/airflow/.local/lib/python3.12/site-packages/airflow/example_dags/example_python_operator.py for tasks to queue
[2024-09-09T15:44:55.372+0000] {logging_mixin.py:188} INFO - [2024-09-09T15:44:55.371+0000] {dagbag.py:545} INFO - Filling up the DagBag from /home/airflow/.local/lib/python3.12/site-packages/airflow/example_dags/example_python_operator.py
[2024-09-09T15:44:55.385+0000] {processor.py:840} INFO - DAG(s) 'example_python_operator' retrieved from /home/airflow/.local/lib/python3.12/site-packages/airflow/example_dags/example_python_operator.py
[2024-09-09T15:44:55.410+0000] {logging_mixin.py:188} INFO - [2024-09-09T15:44:55.410+0000] {dag.py:3089} INFO - Sync 1 DAGs
[2024-09-09T15:44:55.427+0000] {logging_mixin.py:188} INFO - [2024-09-09T15:44:55.427+0000] {dag.py:3947} INFO - Setting next_dagrun for example_python_operator to None, run_after=None
[2024-09-09T15:44:55.448+0000] {processor.py:183} INFO - Processing /home/airflow/.local/lib/python3.12/site-packages/airflow/example_dags/example_python_operator.py took 0.086 seconds
[2024-09-09T15:45:26.330+0000] {processor.py:161} INFO - Started process (PID=1210) to work on /home/airflow/.local/lib/python3.12/site-packages/airflow/example_dags/example_python_operator.py
[2024-09-09T15:45:26.331+0000] {processor.py:830} INFO - Processing file /home/airflow/.local/lib/python3.12/site-packages/airflow/example_dags/example_python_operator.py for tasks to queue
[2024-09-09T15:45:26.333+0000] {logging_mixin.py:188} INFO - [2024-09-09T15:45:26.333+0000] {dagbag.py:545} INFO - Filling up the DagBag from /home/airflow/.local/lib/python3.12/site-packages/airflow/example_dags/example_python_operator.py
[2024-09-09T15:45:26.345+0000] {processor.py:840} INFO - DAG(s) 'example_python_operator' retrieved from /home/airflow/.local/lib/python3.12/site-packages/airflow/example_dags/example_python_operator.py
[2024-09-09T15:45:26.368+0000] {logging_mixin.py:188} INFO - [2024-09-09T15:45:26.368+0000] {dag.py:3089} INFO - Sync 1 DAGs
[2024-09-09T15:45:26.381+0000] {logging_mixin.py:188} INFO - [2024-09-09T15:45:26.381+0000] {dag.py:3947} INFO - Setting next_dagrun for example_python_operator to None, run_after=None
[2024-09-09T15:45:26.403+0000] {processor.py:183} INFO - Processing /home/airflow/.local/lib/python3.12/site-packages/airflow/example_dags/example_python_operator.py took 0.079 seconds
[2024-09-09T15:45:56.461+0000] {processor.py:161} INFO - Started process (PID=1270) to work on /home/airflow/.local/lib/python3.12/site-packages/airflow/example_dags/example_python_operator.py
[2024-09-09T15:45:56.462+0000] {processor.py:830} INFO - Processing file /home/airflow/.local/lib/python3.12/site-packages/airflow/example_dags/example_python_operator.py for tasks to queue
[2024-09-09T15:45:56.463+0000] {logging_mixin.py:188} INFO - [2024-09-09T15:45:56.463+0000] {dagbag.py:545} INFO - Filling up the DagBag from /home/airflow/.local/lib/python3.12/site-packages/airflow/example_dags/example_python_operator.py
[2024-09-09T15:45:56.474+0000] {processor.py:840} INFO - DAG(s) 'example_python_operator' retrieved from /home/airflow/.local/lib/python3.12/site-packages/airflow/example_dags/example_python_operator.py
[2024-09-09T15:45:56.496+0000] {logging_mixin.py:188} INFO - [2024-09-09T15:45:56.496+0000] {dag.py:3089} INFO - Sync 1 DAGs
[2024-09-09T15:45:56.510+0000] {logging_mixin.py:188} INFO - [2024-09-09T15:45:56.510+0000] {dag.py:3947} INFO - Setting next_dagrun for example_python_operator to None, run_after=None
[2024-09-09T15:45:56.529+0000] {processor.py:183} INFO - Processing /home/airflow/.local/lib/python3.12/site-packages/airflow/example_dags/example_python_operator.py took 0.075 seconds
[2024-09-09T15:46:26.860+0000] {processor.py:161} INFO - Started process (PID=1330) to work on /home/airflow/.local/lib/python3.12/site-packages/airflow/example_dags/example_python_operator.py
[2024-09-09T15:46:26.861+0000] {processor.py:830} INFO - Processing file /home/airflow/.local/lib/python3.12/site-packages/airflow/example_dags/example_python_operator.py for tasks to queue
[2024-09-09T15:46:26.864+0000] {logging_mixin.py:188} INFO - [2024-09-09T15:46:26.863+0000] {dagbag.py:545} INFO - Filling up the DagBag from /home/airflow/.local/lib/python3.12/site-packages/airflow/example_dags/example_python_operator.py
[2024-09-09T15:46:26.874+0000] {processor.py:840} INFO - DAG(s) 'example_python_operator' retrieved from /home/airflow/.local/lib/python3.12/site-packages/airflow/example_dags/example_python_operator.py
[2024-09-09T15:46:26.897+0000] {logging_mixin.py:188} INFO - [2024-09-09T15:46:26.896+0000] {dag.py:3089} INFO - Sync 1 DAGs
[2024-09-09T15:46:26.910+0000] {logging_mixin.py:188} INFO - [2024-09-09T15:46:26.909+0000] {dag.py:3947} INFO - Setting next_dagrun for example_python_operator to None, run_after=None
[2024-09-09T15:46:26.930+0000] {processor.py:183} INFO - Processing /home/airflow/.local/lib/python3.12/site-packages/airflow/example_dags/example_python_operator.py took 0.076 seconds
[2024-09-09T15:46:57.333+0000] {processor.py:161} INFO - Started process (PID=1390) to work on /home/airflow/.local/lib/python3.12/site-packages/airflow/example_dags/example_python_operator.py
[2024-09-09T15:46:57.334+0000] {processor.py:830} INFO - Processing file /home/airflow/.local/lib/python3.12/site-packages/airflow/example_dags/example_python_operator.py for tasks to queue
[2024-09-09T15:46:57.336+0000] {logging_mixin.py:188} INFO - [2024-09-09T15:46:57.336+0000] {dagbag.py:545} INFO - Filling up the DagBag from /home/airflow/.local/lib/python3.12/site-packages/airflow/example_dags/example_python_operator.py
[2024-09-09T15:46:57.347+0000] {processor.py:840} INFO - DAG(s) 'example_python_operator' retrieved from /home/airflow/.local/lib/python3.12/site-packages/airflow/example_dags/example_python_operator.py
[2024-09-09T15:46:57.371+0000] {logging_mixin.py:188} INFO - [2024-09-09T15:46:57.371+0000] {dag.py:3089} INFO - Sync 1 DAGs
[2024-09-09T15:46:57.385+0000] {logging_mixin.py:188} INFO - [2024-09-09T15:46:57.385+0000] {dag.py:3947} INFO - Setting next_dagrun for example_python_operator to None, run_after=None
[2024-09-09T15:46:57.406+0000] {processor.py:183} INFO - Processing /home/airflow/.local/lib/python3.12/site-packages/airflow/example_dags/example_python_operator.py took 0.079 seconds
[2024-09-09T15:47:28.075+0000] {processor.py:161} INFO - Started process (PID=1450) to work on /home/airflow/.local/lib/python3.12/site-packages/airflow/example_dags/example_python_operator.py
[2024-09-09T15:47:28.076+0000] {processor.py:830} INFO - Processing file /home/airflow/.local/lib/python3.12/site-packages/airflow/example_dags/example_python_operator.py for tasks to queue
[2024-09-09T15:47:28.079+0000] {logging_mixin.py:188} INFO - [2024-09-09T15:47:28.078+0000] {dagbag.py:545} INFO - Filling up the DagBag from /home/airflow/.local/lib/python3.12/site-packages/airflow/example_dags/example_python_operator.py
[2024-09-09T15:47:28.089+0000] {processor.py:840} INFO - DAG(s) 'example_python_operator' retrieved from /home/airflow/.local/lib/python3.12/site-packages/airflow/example_dags/example_python_operator.py
[2024-09-09T15:47:28.111+0000] {logging_mixin.py:188} INFO - [2024-09-09T15:47:28.110+0000] {dag.py:3089} INFO - Sync 1 DAGs
[2024-09-09T15:47:28.124+0000] {logging_mixin.py:188} INFO - [2024-09-09T15:47:28.124+0000] {dag.py:3947} INFO - Setting next_dagrun for example_python_operator to None, run_after=None
[2024-09-09T15:47:28.147+0000] {processor.py:183} INFO - Processing /home/airflow/.local/lib/python3.12/site-packages/airflow/example_dags/example_python_operator.py took 0.077 seconds
[2024-09-09T15:47:59.401+0000] {processor.py:161} INFO - Started process (PID=1510) to work on /home/airflow/.local/lib/python3.12/site-packages/airflow/example_dags/example_python_operator.py
[2024-09-09T15:47:59.402+0000] {processor.py:830} INFO - Processing file /home/airflow/.local/lib/python3.12/site-packages/airflow/example_dags/example_python_operator.py for tasks to queue
[2024-09-09T15:47:59.404+0000] {logging_mixin.py:188} INFO - [2024-09-09T15:47:59.403+0000] {dagbag.py:545} INFO - Filling up the DagBag from /home/airflow/.local/lib/python3.12/site-packages/airflow/example_dags/example_python_operator.py
[2024-09-09T15:47:59.414+0000] {processor.py:840} INFO - DAG(s) 'example_python_operator' retrieved from /home/airflow/.local/lib/python3.12/site-packages/airflow/example_dags/example_python_operator.py
[2024-09-09T15:47:59.438+0000] {logging_mixin.py:188} INFO - [2024-09-09T15:47:59.437+0000] {dag.py:3089} INFO - Sync 1 DAGs
[2024-09-09T15:47:59.569+0000] {logging_mixin.py:188} INFO - [2024-09-09T15:47:59.568+0000] {dag.py:3947} INFO - Setting next_dagrun for example_python_operator to None, run_after=None
[2024-09-09T15:47:59.587+0000] {processor.py:183} INFO - Processing /home/airflow/.local/lib/python3.12/site-packages/airflow/example_dags/example_python_operator.py took 0.191 seconds
