[2024-09-09T15:35:45.199+0000] {processor.py:161} INFO - Started process (PID=62) to work on /home/airflow/.local/lib/python3.12/site-packages/airflow/example_dags/example_task_group.py
[2024-09-09T15:35:45.201+0000] {processor.py:830} INFO - Processing file /home/airflow/.local/lib/python3.12/site-packages/airflow/example_dags/example_task_group.py for tasks to queue
[2024-09-09T15:35:45.203+0000] {logging_mixin.py:188} INFO - [2024-09-09T15:35:45.202+0000] {dagbag.py:545} INFO - Filling up the DagBag from /home/airflow/.local/lib/python3.12/site-packages/airflow/example_dags/example_task_group.py
[2024-09-09T15:35:45.218+0000] {processor.py:840} INFO - DAG(s) 'example_task_group' retrieved from /home/airflow/.local/lib/python3.12/site-packages/airflow/example_dags/example_task_group.py
[2024-09-09T15:35:45.233+0000] {logging_mixin.py:188} INFO - [2024-09-09T15:35:45.232+0000] {dag.py:3089} INFO - Sync 1 DAGs
[2024-09-09T15:35:45.259+0000] {logging_mixin.py:188} INFO - [2024-09-09T15:35:45.259+0000] {dag.py:3947} INFO - Setting next_dagrun for example_task_group to 2024-09-08 00:00:00+00:00, run_after=2024-09-09 00:00:00+00:00
[2024-09-09T15:35:45.282+0000] {processor.py:183} INFO - Processing /home/airflow/.local/lib/python3.12/site-packages/airflow/example_dags/example_task_group.py took 0.089 seconds
[2024-09-09T15:36:15.512+0000] {processor.py:161} INFO - Started process (PID=120) to work on /home/airflow/.local/lib/python3.12/site-packages/airflow/example_dags/example_task_group.py
[2024-09-09T15:36:15.513+0000] {processor.py:830} INFO - Processing file /home/airflow/.local/lib/python3.12/site-packages/airflow/example_dags/example_task_group.py for tasks to queue
[2024-09-09T15:36:15.515+0000] {logging_mixin.py:188} INFO - [2024-09-09T15:36:15.515+0000] {dagbag.py:545} INFO - Filling up the DagBag from /home/airflow/.local/lib/python3.12/site-packages/airflow/example_dags/example_task_group.py
[2024-09-09T15:36:15.524+0000] {processor.py:840} INFO - DAG(s) 'example_task_group' retrieved from /home/airflow/.local/lib/python3.12/site-packages/airflow/example_dags/example_task_group.py
[2024-09-09T15:36:15.646+0000] {logging_mixin.py:188} INFO - [2024-09-09T15:36:15.646+0000] {dag.py:3089} INFO - Sync 1 DAGs
[2024-09-09T15:36:15.668+0000] {logging_mixin.py:188} INFO - [2024-09-09T15:36:15.667+0000] {dag.py:3947} INFO - Setting next_dagrun for example_task_group to 2024-09-08 00:00:00+00:00, run_after=2024-09-09 00:00:00+00:00
[2024-09-09T15:36:15.813+0000] {processor.py:183} INFO - Processing /home/airflow/.local/lib/python3.12/site-packages/airflow/example_dags/example_task_group.py took 0.306 seconds
[2024-09-09T15:36:46.403+0000] {processor.py:161} INFO - Started process (PID=180) to work on /home/airflow/.local/lib/python3.12/site-packages/airflow/example_dags/example_task_group.py
[2024-09-09T15:36:46.405+0000] {processor.py:830} INFO - Processing file /home/airflow/.local/lib/python3.12/site-packages/airflow/example_dags/example_task_group.py for tasks to queue
[2024-09-09T15:36:46.408+0000] {logging_mixin.py:188} INFO - [2024-09-09T15:36:46.407+0000] {dagbag.py:545} INFO - Filling up the DagBag from /home/airflow/.local/lib/python3.12/site-packages/airflow/example_dags/example_task_group.py
[2024-09-09T15:36:46.420+0000] {processor.py:840} INFO - DAG(s) 'example_task_group' retrieved from /home/airflow/.local/lib/python3.12/site-packages/airflow/example_dags/example_task_group.py
[2024-09-09T15:36:46.447+0000] {logging_mixin.py:188} INFO - [2024-09-09T15:36:46.447+0000] {dag.py:3089} INFO - Sync 1 DAGs
[2024-09-09T15:36:46.470+0000] {logging_mixin.py:188} INFO - [2024-09-09T15:36:46.470+0000] {dag.py:3947} INFO - Setting next_dagrun for example_task_group to 2024-09-08 00:00:00+00:00, run_after=2024-09-09 00:00:00+00:00
[2024-09-09T15:36:46.496+0000] {processor.py:183} INFO - Processing /home/airflow/.local/lib/python3.12/site-packages/airflow/example_dags/example_task_group.py took 0.101 seconds
[2024-09-09T15:37:16.680+0000] {processor.py:161} INFO - Started process (PID=240) to work on /home/airflow/.local/lib/python3.12/site-packages/airflow/example_dags/example_task_group.py
[2024-09-09T15:37:16.681+0000] {processor.py:830} INFO - Processing file /home/airflow/.local/lib/python3.12/site-packages/airflow/example_dags/example_task_group.py for tasks to queue
[2024-09-09T15:37:16.685+0000] {logging_mixin.py:188} INFO - [2024-09-09T15:37:16.684+0000] {dagbag.py:545} INFO - Filling up the DagBag from /home/airflow/.local/lib/python3.12/site-packages/airflow/example_dags/example_task_group.py
[2024-09-09T15:37:16.692+0000] {processor.py:840} INFO - DAG(s) 'example_task_group' retrieved from /home/airflow/.local/lib/python3.12/site-packages/airflow/example_dags/example_task_group.py
[2024-09-09T15:37:16.711+0000] {logging_mixin.py:188} INFO - [2024-09-09T15:37:16.711+0000] {dag.py:3089} INFO - Sync 1 DAGs
[2024-09-09T15:37:16.734+0000] {logging_mixin.py:188} INFO - [2024-09-09T15:37:16.734+0000] {dag.py:3947} INFO - Setting next_dagrun for example_task_group to 2024-09-08 00:00:00+00:00, run_after=2024-09-09 00:00:00+00:00
[2024-09-09T15:37:16.753+0000] {processor.py:183} INFO - Processing /home/airflow/.local/lib/python3.12/site-packages/airflow/example_dags/example_task_group.py took 0.079 seconds
[2024-09-09T15:37:47.104+0000] {processor.py:161} INFO - Started process (PID=300) to work on /home/airflow/.local/lib/python3.12/site-packages/airflow/example_dags/example_task_group.py
[2024-09-09T15:37:47.105+0000] {processor.py:830} INFO - Processing file /home/airflow/.local/lib/python3.12/site-packages/airflow/example_dags/example_task_group.py for tasks to queue
[2024-09-09T15:37:47.108+0000] {logging_mixin.py:188} INFO - [2024-09-09T15:37:47.107+0000] {dagbag.py:545} INFO - Filling up the DagBag from /home/airflow/.local/lib/python3.12/site-packages/airflow/example_dags/example_task_group.py
[2024-09-09T15:37:47.116+0000] {processor.py:840} INFO - DAG(s) 'example_task_group' retrieved from /home/airflow/.local/lib/python3.12/site-packages/airflow/example_dags/example_task_group.py
[2024-09-09T15:37:47.137+0000] {logging_mixin.py:188} INFO - [2024-09-09T15:37:47.137+0000] {dag.py:3089} INFO - Sync 1 DAGs
[2024-09-09T15:37:47.162+0000] {logging_mixin.py:188} INFO - [2024-09-09T15:37:47.162+0000] {dag.py:3947} INFO - Setting next_dagrun for example_task_group to 2024-09-08 00:00:00+00:00, run_after=2024-09-09 00:00:00+00:00
[2024-09-09T15:37:47.182+0000] {processor.py:183} INFO - Processing /home/airflow/.local/lib/python3.12/site-packages/airflow/example_dags/example_task_group.py took 0.084 seconds
[2024-09-09T15:38:17.598+0000] {processor.py:161} INFO - Started process (PID=360) to work on /home/airflow/.local/lib/python3.12/site-packages/airflow/example_dags/example_task_group.py
[2024-09-09T15:38:17.599+0000] {processor.py:830} INFO - Processing file /home/airflow/.local/lib/python3.12/site-packages/airflow/example_dags/example_task_group.py for tasks to queue
[2024-09-09T15:38:17.601+0000] {logging_mixin.py:188} INFO - [2024-09-09T15:38:17.601+0000] {dagbag.py:545} INFO - Filling up the DagBag from /home/airflow/.local/lib/python3.12/site-packages/airflow/example_dags/example_task_group.py
[2024-09-09T15:38:17.609+0000] {processor.py:840} INFO - DAG(s) 'example_task_group' retrieved from /home/airflow/.local/lib/python3.12/site-packages/airflow/example_dags/example_task_group.py
[2024-09-09T15:38:17.629+0000] {logging_mixin.py:188} INFO - [2024-09-09T15:38:17.629+0000] {dag.py:3089} INFO - Sync 1 DAGs
[2024-09-09T15:38:17.651+0000] {logging_mixin.py:188} INFO - [2024-09-09T15:38:17.651+0000] {dag.py:3947} INFO - Setting next_dagrun for example_task_group to 2024-09-08 00:00:00+00:00, run_after=2024-09-09 00:00:00+00:00
[2024-09-09T15:38:17.671+0000] {processor.py:183} INFO - Processing /home/airflow/.local/lib/python3.12/site-packages/airflow/example_dags/example_task_group.py took 0.079 seconds
[2024-09-09T15:38:48.194+0000] {processor.py:161} INFO - Started process (PID=420) to work on /home/airflow/.local/lib/python3.12/site-packages/airflow/example_dags/example_task_group.py
[2024-09-09T15:38:48.195+0000] {processor.py:830} INFO - Processing file /home/airflow/.local/lib/python3.12/site-packages/airflow/example_dags/example_task_group.py for tasks to queue
[2024-09-09T15:38:48.198+0000] {logging_mixin.py:188} INFO - [2024-09-09T15:38:48.197+0000] {dagbag.py:545} INFO - Filling up the DagBag from /home/airflow/.local/lib/python3.12/site-packages/airflow/example_dags/example_task_group.py
[2024-09-09T15:38:48.206+0000] {processor.py:840} INFO - DAG(s) 'example_task_group' retrieved from /home/airflow/.local/lib/python3.12/site-packages/airflow/example_dags/example_task_group.py
[2024-09-09T15:38:48.227+0000] {logging_mixin.py:188} INFO - [2024-09-09T15:38:48.227+0000] {dag.py:3089} INFO - Sync 1 DAGs
[2024-09-09T15:38:48.248+0000] {logging_mixin.py:188} INFO - [2024-09-09T15:38:48.248+0000] {dag.py:3947} INFO - Setting next_dagrun for example_task_group to 2024-09-08 00:00:00+00:00, run_after=2024-09-09 00:00:00+00:00
[2024-09-09T15:38:48.268+0000] {processor.py:183} INFO - Processing /home/airflow/.local/lib/python3.12/site-packages/airflow/example_dags/example_task_group.py took 0.082 seconds
[2024-09-09T15:39:18.879+0000] {processor.py:161} INFO - Started process (PID=480) to work on /home/airflow/.local/lib/python3.12/site-packages/airflow/example_dags/example_task_group.py
[2024-09-09T15:39:18.879+0000] {processor.py:830} INFO - Processing file /home/airflow/.local/lib/python3.12/site-packages/airflow/example_dags/example_task_group.py for tasks to queue
[2024-09-09T15:39:18.881+0000] {logging_mixin.py:188} INFO - [2024-09-09T15:39:18.881+0000] {dagbag.py:545} INFO - Filling up the DagBag from /home/airflow/.local/lib/python3.12/site-packages/airflow/example_dags/example_task_group.py
[2024-09-09T15:39:18.889+0000] {processor.py:840} INFO - DAG(s) 'example_task_group' retrieved from /home/airflow/.local/lib/python3.12/site-packages/airflow/example_dags/example_task_group.py
[2024-09-09T15:39:18.910+0000] {logging_mixin.py:188} INFO - [2024-09-09T15:39:18.909+0000] {dag.py:3089} INFO - Sync 1 DAGs
[2024-09-09T15:39:18.932+0000] {logging_mixin.py:188} INFO - [2024-09-09T15:39:18.932+0000] {dag.py:3947} INFO - Setting next_dagrun for example_task_group to 2024-09-08 00:00:00+00:00, run_after=2024-09-09 00:00:00+00:00
[2024-09-09T15:39:18.952+0000] {processor.py:183} INFO - Processing /home/airflow/.local/lib/python3.12/site-packages/airflow/example_dags/example_task_group.py took 0.079 seconds
[2024-09-09T15:39:49.123+0000] {processor.py:161} INFO - Started process (PID=540) to work on /home/airflow/.local/lib/python3.12/site-packages/airflow/example_dags/example_task_group.py
[2024-09-09T15:39:49.124+0000] {processor.py:830} INFO - Processing file /home/airflow/.local/lib/python3.12/site-packages/airflow/example_dags/example_task_group.py for tasks to queue
[2024-09-09T15:39:49.126+0000] {logging_mixin.py:188} INFO - [2024-09-09T15:39:49.126+0000] {dagbag.py:545} INFO - Filling up the DagBag from /home/airflow/.local/lib/python3.12/site-packages/airflow/example_dags/example_task_group.py
[2024-09-09T15:39:49.134+0000] {processor.py:840} INFO - DAG(s) 'example_task_group' retrieved from /home/airflow/.local/lib/python3.12/site-packages/airflow/example_dags/example_task_group.py
[2024-09-09T15:39:49.154+0000] {logging_mixin.py:188} INFO - [2024-09-09T15:39:49.153+0000] {dag.py:3089} INFO - Sync 1 DAGs
[2024-09-09T15:39:49.176+0000] {logging_mixin.py:188} INFO - [2024-09-09T15:39:49.176+0000] {dag.py:3947} INFO - Setting next_dagrun for example_task_group to 2024-09-08 00:00:00+00:00, run_after=2024-09-09 00:00:00+00:00
[2024-09-09T15:39:49.194+0000] {processor.py:183} INFO - Processing /home/airflow/.local/lib/python3.12/site-packages/airflow/example_dags/example_task_group.py took 0.077 seconds
[2024-09-09T15:40:19.530+0000] {processor.py:161} INFO - Started process (PID=600) to work on /home/airflow/.local/lib/python3.12/site-packages/airflow/example_dags/example_task_group.py
[2024-09-09T15:40:19.531+0000] {processor.py:830} INFO - Processing file /home/airflow/.local/lib/python3.12/site-packages/airflow/example_dags/example_task_group.py for tasks to queue
[2024-09-09T15:40:19.533+0000] {logging_mixin.py:188} INFO - [2024-09-09T15:40:19.532+0000] {dagbag.py:545} INFO - Filling up the DagBag from /home/airflow/.local/lib/python3.12/site-packages/airflow/example_dags/example_task_group.py
[2024-09-09T15:40:19.540+0000] {processor.py:840} INFO - DAG(s) 'example_task_group' retrieved from /home/airflow/.local/lib/python3.12/site-packages/airflow/example_dags/example_task_group.py
[2024-09-09T15:40:19.561+0000] {logging_mixin.py:188} INFO - [2024-09-09T15:40:19.561+0000] {dag.py:3089} INFO - Sync 1 DAGs
[2024-09-09T15:40:19.583+0000] {logging_mixin.py:188} INFO - [2024-09-09T15:40:19.583+0000] {dag.py:3947} INFO - Setting next_dagrun for example_task_group to 2024-09-08 00:00:00+00:00, run_after=2024-09-09 00:00:00+00:00
[2024-09-09T15:40:19.603+0000] {processor.py:183} INFO - Processing /home/airflow/.local/lib/python3.12/site-packages/airflow/example_dags/example_task_group.py took 0.079 seconds
[2024-09-09T15:40:49.835+0000] {processor.py:161} INFO - Started process (PID=660) to work on /home/airflow/.local/lib/python3.12/site-packages/airflow/example_dags/example_task_group.py
[2024-09-09T15:40:49.836+0000] {processor.py:830} INFO - Processing file /home/airflow/.local/lib/python3.12/site-packages/airflow/example_dags/example_task_group.py for tasks to queue
[2024-09-09T15:40:49.838+0000] {logging_mixin.py:188} INFO - [2024-09-09T15:40:49.838+0000] {dagbag.py:545} INFO - Filling up the DagBag from /home/airflow/.local/lib/python3.12/site-packages/airflow/example_dags/example_task_group.py
[2024-09-09T15:40:49.845+0000] {processor.py:840} INFO - DAG(s) 'example_task_group' retrieved from /home/airflow/.local/lib/python3.12/site-packages/airflow/example_dags/example_task_group.py
[2024-09-09T15:40:49.866+0000] {logging_mixin.py:188} INFO - [2024-09-09T15:40:49.866+0000] {dag.py:3089} INFO - Sync 1 DAGs
[2024-09-09T15:40:49.889+0000] {logging_mixin.py:188} INFO - [2024-09-09T15:40:49.889+0000] {dag.py:3947} INFO - Setting next_dagrun for example_task_group to 2024-09-08 00:00:00+00:00, run_after=2024-09-09 00:00:00+00:00
[2024-09-09T15:40:49.909+0000] {processor.py:183} INFO - Processing /home/airflow/.local/lib/python3.12/site-packages/airflow/example_dags/example_task_group.py took 0.079 seconds
[2024-09-09T15:41:20.138+0000] {processor.py:161} INFO - Started process (PID=720) to work on /home/airflow/.local/lib/python3.12/site-packages/airflow/example_dags/example_task_group.py
[2024-09-09T15:41:20.139+0000] {processor.py:830} INFO - Processing file /home/airflow/.local/lib/python3.12/site-packages/airflow/example_dags/example_task_group.py for tasks to queue
[2024-09-09T15:41:20.141+0000] {logging_mixin.py:188} INFO - [2024-09-09T15:41:20.141+0000] {dagbag.py:545} INFO - Filling up the DagBag from /home/airflow/.local/lib/python3.12/site-packages/airflow/example_dags/example_task_group.py
[2024-09-09T15:41:20.151+0000] {processor.py:840} INFO - DAG(s) 'example_task_group' retrieved from /home/airflow/.local/lib/python3.12/site-packages/airflow/example_dags/example_task_group.py
[2024-09-09T15:41:20.173+0000] {logging_mixin.py:188} INFO - [2024-09-09T15:41:20.172+0000] {dag.py:3089} INFO - Sync 1 DAGs
[2024-09-09T15:41:20.197+0000] {logging_mixin.py:188} INFO - [2024-09-09T15:41:20.197+0000] {dag.py:3947} INFO - Setting next_dagrun for example_task_group to 2024-09-08 00:00:00+00:00, run_after=2024-09-09 00:00:00+00:00
[2024-09-09T15:41:20.216+0000] {processor.py:183} INFO - Processing /home/airflow/.local/lib/python3.12/site-packages/airflow/example_dags/example_task_group.py took 0.085 seconds
[2024-09-09T15:41:50.551+0000] {processor.py:161} INFO - Started process (PID=780) to work on /home/airflow/.local/lib/python3.12/site-packages/airflow/example_dags/example_task_group.py
[2024-09-09T15:41:50.552+0000] {processor.py:830} INFO - Processing file /home/airflow/.local/lib/python3.12/site-packages/airflow/example_dags/example_task_group.py for tasks to queue
[2024-09-09T15:41:50.555+0000] {logging_mixin.py:188} INFO - [2024-09-09T15:41:50.554+0000] {dagbag.py:545} INFO - Filling up the DagBag from /home/airflow/.local/lib/python3.12/site-packages/airflow/example_dags/example_task_group.py
[2024-09-09T15:41:50.564+0000] {processor.py:840} INFO - DAG(s) 'example_task_group' retrieved from /home/airflow/.local/lib/python3.12/site-packages/airflow/example_dags/example_task_group.py
[2024-09-09T15:41:50.590+0000] {logging_mixin.py:188} INFO - [2024-09-09T15:41:50.589+0000] {dag.py:3089} INFO - Sync 1 DAGs
[2024-09-09T15:41:50.616+0000] {logging_mixin.py:188} INFO - [2024-09-09T15:41:50.616+0000] {dag.py:3947} INFO - Setting next_dagrun for example_task_group to 2024-09-08 00:00:00+00:00, run_after=2024-09-09 00:00:00+00:00
[2024-09-09T15:41:50.636+0000] {processor.py:183} INFO - Processing /home/airflow/.local/lib/python3.12/site-packages/airflow/example_dags/example_task_group.py took 0.091 seconds
[2024-09-09T15:42:20.943+0000] {processor.py:161} INFO - Started process (PID=840) to work on /home/airflow/.local/lib/python3.12/site-packages/airflow/example_dags/example_task_group.py
[2024-09-09T15:42:20.944+0000] {processor.py:830} INFO - Processing file /home/airflow/.local/lib/python3.12/site-packages/airflow/example_dags/example_task_group.py for tasks to queue
[2024-09-09T15:42:20.946+0000] {logging_mixin.py:188} INFO - [2024-09-09T15:42:20.946+0000] {dagbag.py:545} INFO - Filling up the DagBag from /home/airflow/.local/lib/python3.12/site-packages/airflow/example_dags/example_task_group.py
[2024-09-09T15:42:20.955+0000] {processor.py:840} INFO - DAG(s) 'example_task_group' retrieved from /home/airflow/.local/lib/python3.12/site-packages/airflow/example_dags/example_task_group.py
[2024-09-09T15:42:20.977+0000] {logging_mixin.py:188} INFO - [2024-09-09T15:42:20.976+0000] {dag.py:3089} INFO - Sync 1 DAGs
[2024-09-09T15:42:20.999+0000] {logging_mixin.py:188} INFO - [2024-09-09T15:42:20.999+0000] {dag.py:3947} INFO - Setting next_dagrun for example_task_group to 2024-09-08 00:00:00+00:00, run_after=2024-09-09 00:00:00+00:00
[2024-09-09T15:42:21.019+0000] {processor.py:183} INFO - Processing /home/airflow/.local/lib/python3.12/site-packages/airflow/example_dags/example_task_group.py took 0.082 seconds
[2024-09-09T15:42:51.311+0000] {processor.py:161} INFO - Started process (PID=900) to work on /home/airflow/.local/lib/python3.12/site-packages/airflow/example_dags/example_task_group.py
[2024-09-09T15:42:51.311+0000] {processor.py:830} INFO - Processing file /home/airflow/.local/lib/python3.12/site-packages/airflow/example_dags/example_task_group.py for tasks to queue
[2024-09-09T15:42:51.313+0000] {logging_mixin.py:188} INFO - [2024-09-09T15:42:51.313+0000] {dagbag.py:545} INFO - Filling up the DagBag from /home/airflow/.local/lib/python3.12/site-packages/airflow/example_dags/example_task_group.py
[2024-09-09T15:42:51.321+0000] {processor.py:840} INFO - DAG(s) 'example_task_group' retrieved from /home/airflow/.local/lib/python3.12/site-packages/airflow/example_dags/example_task_group.py
[2024-09-09T15:42:51.340+0000] {logging_mixin.py:188} INFO - [2024-09-09T15:42:51.340+0000] {dag.py:3089} INFO - Sync 1 DAGs
[2024-09-09T15:42:51.362+0000] {logging_mixin.py:188} INFO - [2024-09-09T15:42:51.361+0000] {dag.py:3947} INFO - Setting next_dagrun for example_task_group to 2024-09-08 00:00:00+00:00, run_after=2024-09-09 00:00:00+00:00
[2024-09-09T15:42:51.380+0000] {processor.py:183} INFO - Processing /home/airflow/.local/lib/python3.12/site-packages/airflow/example_dags/example_task_group.py took 0.075 seconds
[2024-09-09T15:43:21.642+0000] {processor.py:161} INFO - Started process (PID=960) to work on /home/airflow/.local/lib/python3.12/site-packages/airflow/example_dags/example_task_group.py
[2024-09-09T15:43:21.644+0000] {processor.py:830} INFO - Processing file /home/airflow/.local/lib/python3.12/site-packages/airflow/example_dags/example_task_group.py for tasks to queue
[2024-09-09T15:43:21.647+0000] {logging_mixin.py:188} INFO - [2024-09-09T15:43:21.646+0000] {dagbag.py:545} INFO - Filling up the DagBag from /home/airflow/.local/lib/python3.12/site-packages/airflow/example_dags/example_task_group.py
[2024-09-09T15:43:21.655+0000] {processor.py:840} INFO - DAG(s) 'example_task_group' retrieved from /home/airflow/.local/lib/python3.12/site-packages/airflow/example_dags/example_task_group.py
[2024-09-09T15:43:21.679+0000] {logging_mixin.py:188} INFO - [2024-09-09T15:43:21.679+0000] {dag.py:3089} INFO - Sync 1 DAGs
[2024-09-09T15:43:21.703+0000] {logging_mixin.py:188} INFO - [2024-09-09T15:43:21.703+0000] {dag.py:3947} INFO - Setting next_dagrun for example_task_group to 2024-09-08 00:00:00+00:00, run_after=2024-09-09 00:00:00+00:00
[2024-09-09T15:43:21.724+0000] {processor.py:183} INFO - Processing /home/airflow/.local/lib/python3.12/site-packages/airflow/example_dags/example_task_group.py took 0.087 seconds
[2024-09-09T15:43:52.293+0000] {processor.py:161} INFO - Started process (PID=1020) to work on /home/airflow/.local/lib/python3.12/site-packages/airflow/example_dags/example_task_group.py
[2024-09-09T15:43:52.294+0000] {processor.py:830} INFO - Processing file /home/airflow/.local/lib/python3.12/site-packages/airflow/example_dags/example_task_group.py for tasks to queue
[2024-09-09T15:43:52.296+0000] {logging_mixin.py:188} INFO - [2024-09-09T15:43:52.296+0000] {dagbag.py:545} INFO - Filling up the DagBag from /home/airflow/.local/lib/python3.12/site-packages/airflow/example_dags/example_task_group.py
[2024-09-09T15:43:52.304+0000] {processor.py:840} INFO - DAG(s) 'example_task_group' retrieved from /home/airflow/.local/lib/python3.12/site-packages/airflow/example_dags/example_task_group.py
[2024-09-09T15:43:52.324+0000] {logging_mixin.py:188} INFO - [2024-09-09T15:43:52.324+0000] {dag.py:3089} INFO - Sync 1 DAGs
[2024-09-09T15:43:52.345+0000] {logging_mixin.py:188} INFO - [2024-09-09T15:43:52.345+0000] {dag.py:3947} INFO - Setting next_dagrun for example_task_group to 2024-09-08 00:00:00+00:00, run_after=2024-09-09 00:00:00+00:00
[2024-09-09T15:43:52.365+0000] {processor.py:183} INFO - Processing /home/airflow/.local/lib/python3.12/site-packages/airflow/example_dags/example_task_group.py took 0.078 seconds
[2024-09-09T15:44:23.140+0000] {processor.py:161} INFO - Started process (PID=1080) to work on /home/airflow/.local/lib/python3.12/site-packages/airflow/example_dags/example_task_group.py
[2024-09-09T15:44:23.141+0000] {processor.py:830} INFO - Processing file /home/airflow/.local/lib/python3.12/site-packages/airflow/example_dags/example_task_group.py for tasks to queue
[2024-09-09T15:44:23.143+0000] {logging_mixin.py:188} INFO - [2024-09-09T15:44:23.142+0000] {dagbag.py:545} INFO - Filling up the DagBag from /home/airflow/.local/lib/python3.12/site-packages/airflow/example_dags/example_task_group.py
[2024-09-09T15:44:23.150+0000] {processor.py:840} INFO - DAG(s) 'example_task_group' retrieved from /home/airflow/.local/lib/python3.12/site-packages/airflow/example_dags/example_task_group.py
[2024-09-09T15:44:23.174+0000] {logging_mixin.py:188} INFO - [2024-09-09T15:44:23.174+0000] {dag.py:3089} INFO - Sync 1 DAGs
[2024-09-09T15:44:23.198+0000] {logging_mixin.py:188} INFO - [2024-09-09T15:44:23.197+0000] {dag.py:3947} INFO - Setting next_dagrun for example_task_group to 2024-09-08 00:00:00+00:00, run_after=2024-09-09 00:00:00+00:00
[2024-09-09T15:44:23.218+0000] {processor.py:183} INFO - Processing /home/airflow/.local/lib/python3.12/site-packages/airflow/example_dags/example_task_group.py took 0.086 seconds
[2024-09-09T15:44:53.817+0000] {processor.py:161} INFO - Started process (PID=1140) to work on /home/airflow/.local/lib/python3.12/site-packages/airflow/example_dags/example_task_group.py
[2024-09-09T15:44:53.818+0000] {processor.py:830} INFO - Processing file /home/airflow/.local/lib/python3.12/site-packages/airflow/example_dags/example_task_group.py for tasks to queue
[2024-09-09T15:44:53.820+0000] {logging_mixin.py:188} INFO - [2024-09-09T15:44:53.820+0000] {dagbag.py:545} INFO - Filling up the DagBag from /home/airflow/.local/lib/python3.12/site-packages/airflow/example_dags/example_task_group.py
[2024-09-09T15:44:53.828+0000] {processor.py:840} INFO - DAG(s) 'example_task_group' retrieved from /home/airflow/.local/lib/python3.12/site-packages/airflow/example_dags/example_task_group.py
[2024-09-09T15:44:53.850+0000] {logging_mixin.py:188} INFO - [2024-09-09T15:44:53.850+0000] {dag.py:3089} INFO - Sync 1 DAGs
[2024-09-09T15:44:53.873+0000] {logging_mixin.py:188} INFO - [2024-09-09T15:44:53.873+0000] {dag.py:3947} INFO - Setting next_dagrun for example_task_group to 2024-09-08 00:00:00+00:00, run_after=2024-09-09 00:00:00+00:00
[2024-09-09T15:44:53.892+0000] {processor.py:183} INFO - Processing /home/airflow/.local/lib/python3.12/site-packages/airflow/example_dags/example_task_group.py took 0.080 seconds
[2024-09-09T15:45:24.694+0000] {processor.py:161} INFO - Started process (PID=1200) to work on /home/airflow/.local/lib/python3.12/site-packages/airflow/example_dags/example_task_group.py
[2024-09-09T15:45:24.695+0000] {processor.py:830} INFO - Processing file /home/airflow/.local/lib/python3.12/site-packages/airflow/example_dags/example_task_group.py for tasks to queue
[2024-09-09T15:45:24.697+0000] {logging_mixin.py:188} INFO - [2024-09-09T15:45:24.697+0000] {dagbag.py:545} INFO - Filling up the DagBag from /home/airflow/.local/lib/python3.12/site-packages/airflow/example_dags/example_task_group.py
[2024-09-09T15:45:24.705+0000] {processor.py:840} INFO - DAG(s) 'example_task_group' retrieved from /home/airflow/.local/lib/python3.12/site-packages/airflow/example_dags/example_task_group.py
[2024-09-09T15:45:24.728+0000] {logging_mixin.py:188} INFO - [2024-09-09T15:45:24.728+0000] {dag.py:3089} INFO - Sync 1 DAGs
[2024-09-09T15:45:24.751+0000] {logging_mixin.py:188} INFO - [2024-09-09T15:45:24.751+0000] {dag.py:3947} INFO - Setting next_dagrun for example_task_group to 2024-09-08 00:00:00+00:00, run_after=2024-09-09 00:00:00+00:00
[2024-09-09T15:45:24.770+0000] {processor.py:183} INFO - Processing /home/airflow/.local/lib/python3.12/site-packages/airflow/example_dags/example_task_group.py took 0.081 seconds
[2024-09-09T15:45:55.524+0000] {processor.py:161} INFO - Started process (PID=1260) to work on /home/airflow/.local/lib/python3.12/site-packages/airflow/example_dags/example_task_group.py
[2024-09-09T15:45:55.525+0000] {processor.py:830} INFO - Processing file /home/airflow/.local/lib/python3.12/site-packages/airflow/example_dags/example_task_group.py for tasks to queue
[2024-09-09T15:45:55.527+0000] {logging_mixin.py:188} INFO - [2024-09-09T15:45:55.526+0000] {dagbag.py:545} INFO - Filling up the DagBag from /home/airflow/.local/lib/python3.12/site-packages/airflow/example_dags/example_task_group.py
[2024-09-09T15:45:55.534+0000] {processor.py:840} INFO - DAG(s) 'example_task_group' retrieved from /home/airflow/.local/lib/python3.12/site-packages/airflow/example_dags/example_task_group.py
[2024-09-09T15:45:55.554+0000] {logging_mixin.py:188} INFO - [2024-09-09T15:45:55.554+0000] {dag.py:3089} INFO - Sync 1 DAGs
[2024-09-09T15:45:55.576+0000] {logging_mixin.py:188} INFO - [2024-09-09T15:45:55.575+0000] {dag.py:3947} INFO - Setting next_dagrun for example_task_group to 2024-09-08 00:00:00+00:00, run_after=2024-09-09 00:00:00+00:00
[2024-09-09T15:45:55.909+0000] {processor.py:183} INFO - Processing /home/airflow/.local/lib/python3.12/site-packages/airflow/example_dags/example_task_group.py took 0.391 seconds
[2024-09-09T15:46:26.361+0000] {processor.py:161} INFO - Started process (PID=1320) to work on /home/airflow/.local/lib/python3.12/site-packages/airflow/example_dags/example_task_group.py
[2024-09-09T15:46:26.362+0000] {processor.py:830} INFO - Processing file /home/airflow/.local/lib/python3.12/site-packages/airflow/example_dags/example_task_group.py for tasks to queue
[2024-09-09T15:46:26.364+0000] {logging_mixin.py:188} INFO - [2024-09-09T15:46:26.364+0000] {dagbag.py:545} INFO - Filling up the DagBag from /home/airflow/.local/lib/python3.12/site-packages/airflow/example_dags/example_task_group.py
[2024-09-09T15:46:26.373+0000] {processor.py:840} INFO - DAG(s) 'example_task_group' retrieved from /home/airflow/.local/lib/python3.12/site-packages/airflow/example_dags/example_task_group.py
[2024-09-09T15:46:26.394+0000] {logging_mixin.py:188} INFO - [2024-09-09T15:46:26.394+0000] {dag.py:3089} INFO - Sync 1 DAGs
[2024-09-09T15:46:26.418+0000] {logging_mixin.py:188} INFO - [2024-09-09T15:46:26.418+0000] {dag.py:3947} INFO - Setting next_dagrun for example_task_group to 2024-09-08 00:00:00+00:00, run_after=2024-09-09 00:00:00+00:00
[2024-09-09T15:46:26.439+0000] {processor.py:183} INFO - Processing /home/airflow/.local/lib/python3.12/site-packages/airflow/example_dags/example_task_group.py took 0.083 seconds
[2024-09-09T15:46:56.843+0000] {processor.py:161} INFO - Started process (PID=1380) to work on /home/airflow/.local/lib/python3.12/site-packages/airflow/example_dags/example_task_group.py
[2024-09-09T15:46:56.844+0000] {processor.py:830} INFO - Processing file /home/airflow/.local/lib/python3.12/site-packages/airflow/example_dags/example_task_group.py for tasks to queue
[2024-09-09T15:46:56.846+0000] {logging_mixin.py:188} INFO - [2024-09-09T15:46:56.846+0000] {dagbag.py:545} INFO - Filling up the DagBag from /home/airflow/.local/lib/python3.12/site-packages/airflow/example_dags/example_task_group.py
[2024-09-09T15:46:56.853+0000] {processor.py:840} INFO - DAG(s) 'example_task_group' retrieved from /home/airflow/.local/lib/python3.12/site-packages/airflow/example_dags/example_task_group.py
[2024-09-09T15:46:56.874+0000] {logging_mixin.py:188} INFO - [2024-09-09T15:46:56.874+0000] {dag.py:3089} INFO - Sync 1 DAGs
[2024-09-09T15:46:56.897+0000] {logging_mixin.py:188} INFO - [2024-09-09T15:46:56.896+0000] {dag.py:3947} INFO - Setting next_dagrun for example_task_group to 2024-09-08 00:00:00+00:00, run_after=2024-09-09 00:00:00+00:00
[2024-09-09T15:46:56.916+0000] {processor.py:183} INFO - Processing /home/airflow/.local/lib/python3.12/site-packages/airflow/example_dags/example_task_group.py took 0.078 seconds
[2024-09-09T15:47:27.543+0000] {processor.py:161} INFO - Started process (PID=1440) to work on /home/airflow/.local/lib/python3.12/site-packages/airflow/example_dags/example_task_group.py
[2024-09-09T15:47:27.544+0000] {processor.py:830} INFO - Processing file /home/airflow/.local/lib/python3.12/site-packages/airflow/example_dags/example_task_group.py for tasks to queue
[2024-09-09T15:47:27.546+0000] {logging_mixin.py:188} INFO - [2024-09-09T15:47:27.546+0000] {dagbag.py:545} INFO - Filling up the DagBag from /home/airflow/.local/lib/python3.12/site-packages/airflow/example_dags/example_task_group.py
[2024-09-09T15:47:27.554+0000] {processor.py:840} INFO - DAG(s) 'example_task_group' retrieved from /home/airflow/.local/lib/python3.12/site-packages/airflow/example_dags/example_task_group.py
[2024-09-09T15:47:27.575+0000] {logging_mixin.py:188} INFO - [2024-09-09T15:47:27.575+0000] {dag.py:3089} INFO - Sync 1 DAGs
[2024-09-09T15:47:27.600+0000] {logging_mixin.py:188} INFO - [2024-09-09T15:47:27.600+0000] {dag.py:3947} INFO - Setting next_dagrun for example_task_group to 2024-09-08 00:00:00+00:00, run_after=2024-09-09 00:00:00+00:00
[2024-09-09T15:47:27.620+0000] {processor.py:183} INFO - Processing /home/airflow/.local/lib/python3.12/site-packages/airflow/example_dags/example_task_group.py took 0.084 seconds
[2024-09-09T15:47:58.245+0000] {processor.py:161} INFO - Started process (PID=1500) to work on /home/airflow/.local/lib/python3.12/site-packages/airflow/example_dags/example_task_group.py
[2024-09-09T15:47:58.246+0000] {processor.py:830} INFO - Processing file /home/airflow/.local/lib/python3.12/site-packages/airflow/example_dags/example_task_group.py for tasks to queue
[2024-09-09T15:47:58.248+0000] {logging_mixin.py:188} INFO - [2024-09-09T15:47:58.247+0000] {dagbag.py:545} INFO - Filling up the DagBag from /home/airflow/.local/lib/python3.12/site-packages/airflow/example_dags/example_task_group.py
[2024-09-09T15:47:58.255+0000] {processor.py:840} INFO - DAG(s) 'example_task_group' retrieved from /home/airflow/.local/lib/python3.12/site-packages/airflow/example_dags/example_task_group.py
[2024-09-09T15:47:58.278+0000] {logging_mixin.py:188} INFO - [2024-09-09T15:47:58.278+0000] {dag.py:3089} INFO - Sync 1 DAGs
[2024-09-09T15:47:58.425+0000] {logging_mixin.py:188} INFO - [2024-09-09T15:47:58.425+0000] {dag.py:3947} INFO - Setting next_dagrun for example_task_group to 2024-09-08 00:00:00+00:00, run_after=2024-09-09 00:00:00+00:00
[2024-09-09T15:47:58.443+0000] {processor.py:183} INFO - Processing /home/airflow/.local/lib/python3.12/site-packages/airflow/example_dags/example_task_group.py took 0.204 seconds
