[2024-09-09T15:35:46.113+0000] {processor.py:161} INFO - Started process (PID=68) to work on /home/airflow/.local/lib/python3.12/site-packages/airflow/example_dags/example_external_task_marker_dag.py
[2024-09-09T15:35:46.114+0000] {processor.py:830} INFO - Processing file /home/airflow/.local/lib/python3.12/site-packages/airflow/example_dags/example_external_task_marker_dag.py for tasks to queue
[2024-09-09T15:35:46.118+0000] {logging_mixin.py:188} INFO - [2024-09-09T15:35:46.117+0000] {dagbag.py:545} INFO - Filling up the DagBag from /home/airflow/.local/lib/python3.12/site-packages/airflow/example_dags/example_external_task_marker_dag.py
[2024-09-09T15:35:46.133+0000] {processor.py:840} INFO - DAG(s) 'example_external_task_marker_parent', 'example_external_task_marker_child' retrieved from /home/airflow/.local/lib/python3.12/site-packages/airflow/example_dags/example_external_task_marker_dag.py
[2024-09-09T15:35:46.149+0000] {logging_mixin.py:188} INFO - [2024-09-09T15:35:46.148+0000] {dag.py:3089} INFO - Sync 2 DAGs
[2024-09-09T15:35:46.168+0000] {logging_mixin.py:188} INFO - [2024-09-09T15:35:46.168+0000] {dag.py:3947} INFO - Setting next_dagrun for example_external_task_marker_child to None, run_after=None
[2024-09-09T15:35:46.173+0000] {logging_mixin.py:188} INFO - [2024-09-09T15:35:46.172+0000] {dag.py:3947} INFO - Setting next_dagrun for example_external_task_marker_parent to None, run_after=None
[2024-09-09T15:35:46.195+0000] {processor.py:183} INFO - Processing /home/airflow/.local/lib/python3.12/site-packages/airflow/example_dags/example_external_task_marker_dag.py took 0.093 seconds
[2024-09-09T15:36:16.268+0000] {processor.py:161} INFO - Started process (PID=126) to work on /home/airflow/.local/lib/python3.12/site-packages/airflow/example_dags/example_external_task_marker_dag.py
[2024-09-09T15:36:16.268+0000] {processor.py:830} INFO - Processing file /home/airflow/.local/lib/python3.12/site-packages/airflow/example_dags/example_external_task_marker_dag.py for tasks to queue
[2024-09-09T15:36:16.270+0000] {logging_mixin.py:188} INFO - [2024-09-09T15:36:16.270+0000] {dagbag.py:545} INFO - Filling up the DagBag from /home/airflow/.local/lib/python3.12/site-packages/airflow/example_dags/example_external_task_marker_dag.py
[2024-09-09T15:36:16.277+0000] {processor.py:840} INFO - DAG(s) 'example_external_task_marker_child', 'example_external_task_marker_parent' retrieved from /home/airflow/.local/lib/python3.12/site-packages/airflow/example_dags/example_external_task_marker_dag.py
[2024-09-09T15:36:16.419+0000] {logging_mixin.py:188} INFO - [2024-09-09T15:36:16.419+0000] {dag.py:3089} INFO - Sync 2 DAGs
[2024-09-09T15:36:16.437+0000] {logging_mixin.py:188} INFO - [2024-09-09T15:36:16.437+0000] {dag.py:3947} INFO - Setting next_dagrun for example_external_task_marker_child to None, run_after=None
[2024-09-09T15:36:16.443+0000] {logging_mixin.py:188} INFO - [2024-09-09T15:36:16.443+0000] {dag.py:3947} INFO - Setting next_dagrun for example_external_task_marker_parent to None, run_after=None
[2024-09-09T15:36:16.466+0000] {processor.py:183} INFO - Processing /home/airflow/.local/lib/python3.12/site-packages/airflow/example_dags/example_external_task_marker_dag.py took 0.204 seconds
[2024-09-09T15:36:46.761+0000] {processor.py:161} INFO - Started process (PID=186) to work on /home/airflow/.local/lib/python3.12/site-packages/airflow/example_dags/example_external_task_marker_dag.py
[2024-09-09T15:36:46.762+0000] {processor.py:830} INFO - Processing file /home/airflow/.local/lib/python3.12/site-packages/airflow/example_dags/example_external_task_marker_dag.py for tasks to queue
[2024-09-09T15:36:46.764+0000] {logging_mixin.py:188} INFO - [2024-09-09T15:36:46.763+0000] {dagbag.py:545} INFO - Filling up the DagBag from /home/airflow/.local/lib/python3.12/site-packages/airflow/example_dags/example_external_task_marker_dag.py
[2024-09-09T15:36:46.771+0000] {processor.py:840} INFO - DAG(s) 'example_external_task_marker_child', 'example_external_task_marker_parent' retrieved from /home/airflow/.local/lib/python3.12/site-packages/airflow/example_dags/example_external_task_marker_dag.py
[2024-09-09T15:36:46.794+0000] {logging_mixin.py:188} INFO - [2024-09-09T15:36:46.794+0000] {dag.py:3089} INFO - Sync 2 DAGs
[2024-09-09T15:36:46.812+0000] {logging_mixin.py:188} INFO - [2024-09-09T15:36:46.811+0000] {dag.py:3947} INFO - Setting next_dagrun for example_external_task_marker_child to None, run_after=None
[2024-09-09T15:36:46.816+0000] {logging_mixin.py:188} INFO - [2024-09-09T15:36:46.816+0000] {dag.py:3947} INFO - Setting next_dagrun for example_external_task_marker_parent to None, run_after=None
[2024-09-09T15:36:46.840+0000] {processor.py:183} INFO - Processing /home/airflow/.local/lib/python3.12/site-packages/airflow/example_dags/example_external_task_marker_dag.py took 0.085 seconds
[2024-09-09T15:37:16.981+0000] {processor.py:161} INFO - Started process (PID=246) to work on /home/airflow/.local/lib/python3.12/site-packages/airflow/example_dags/example_external_task_marker_dag.py
[2024-09-09T15:37:16.982+0000] {processor.py:830} INFO - Processing file /home/airflow/.local/lib/python3.12/site-packages/airflow/example_dags/example_external_task_marker_dag.py for tasks to queue
[2024-09-09T15:37:16.984+0000] {logging_mixin.py:188} INFO - [2024-09-09T15:37:16.984+0000] {dagbag.py:545} INFO - Filling up the DagBag from /home/airflow/.local/lib/python3.12/site-packages/airflow/example_dags/example_external_task_marker_dag.py
[2024-09-09T15:37:16.991+0000] {processor.py:840} INFO - DAG(s) 'example_external_task_marker_child', 'example_external_task_marker_parent' retrieved from /home/airflow/.local/lib/python3.12/site-packages/airflow/example_dags/example_external_task_marker_dag.py
[2024-09-09T15:37:17.015+0000] {logging_mixin.py:188} INFO - [2024-09-09T15:37:17.015+0000] {dag.py:3089} INFO - Sync 2 DAGs
[2024-09-09T15:37:17.030+0000] {logging_mixin.py:188} INFO - [2024-09-09T15:37:17.029+0000] {dag.py:3947} INFO - Setting next_dagrun for example_external_task_marker_child to None, run_after=None
[2024-09-09T15:37:17.034+0000] {logging_mixin.py:188} INFO - [2024-09-09T15:37:17.034+0000] {dag.py:3947} INFO - Setting next_dagrun for example_external_task_marker_parent to None, run_after=None
[2024-09-09T15:37:17.053+0000] {processor.py:183} INFO - Processing /home/airflow/.local/lib/python3.12/site-packages/airflow/example_dags/example_external_task_marker_dag.py took 0.078 seconds
[2024-09-09T15:37:47.443+0000] {processor.py:161} INFO - Started process (PID=306) to work on /home/airflow/.local/lib/python3.12/site-packages/airflow/example_dags/example_external_task_marker_dag.py
[2024-09-09T15:37:47.444+0000] {processor.py:830} INFO - Processing file /home/airflow/.local/lib/python3.12/site-packages/airflow/example_dags/example_external_task_marker_dag.py for tasks to queue
[2024-09-09T15:37:47.446+0000] {logging_mixin.py:188} INFO - [2024-09-09T15:37:47.446+0000] {dagbag.py:545} INFO - Filling up the DagBag from /home/airflow/.local/lib/python3.12/site-packages/airflow/example_dags/example_external_task_marker_dag.py
[2024-09-09T15:37:47.453+0000] {processor.py:840} INFO - DAG(s) 'example_external_task_marker_parent', 'example_external_task_marker_child' retrieved from /home/airflow/.local/lib/python3.12/site-packages/airflow/example_dags/example_external_task_marker_dag.py
[2024-09-09T15:37:47.476+0000] {logging_mixin.py:188} INFO - [2024-09-09T15:37:47.476+0000] {dag.py:3089} INFO - Sync 2 DAGs
[2024-09-09T15:37:47.494+0000] {logging_mixin.py:188} INFO - [2024-09-09T15:37:47.494+0000] {dag.py:3947} INFO - Setting next_dagrun for example_external_task_marker_child to None, run_after=None
[2024-09-09T15:37:47.499+0000] {logging_mixin.py:188} INFO - [2024-09-09T15:37:47.499+0000] {dag.py:3947} INFO - Setting next_dagrun for example_external_task_marker_parent to None, run_after=None
[2024-09-09T15:37:47.519+0000] {processor.py:183} INFO - Processing /home/airflow/.local/lib/python3.12/site-packages/airflow/example_dags/example_external_task_marker_dag.py took 0.082 seconds
[2024-09-09T15:38:17.934+0000] {processor.py:161} INFO - Started process (PID=366) to work on /home/airflow/.local/lib/python3.12/site-packages/airflow/example_dags/example_external_task_marker_dag.py
[2024-09-09T15:38:17.935+0000] {processor.py:830} INFO - Processing file /home/airflow/.local/lib/python3.12/site-packages/airflow/example_dags/example_external_task_marker_dag.py for tasks to queue
[2024-09-09T15:38:17.937+0000] {logging_mixin.py:188} INFO - [2024-09-09T15:38:17.937+0000] {dagbag.py:545} INFO - Filling up the DagBag from /home/airflow/.local/lib/python3.12/site-packages/airflow/example_dags/example_external_task_marker_dag.py
[2024-09-09T15:38:17.946+0000] {processor.py:840} INFO - DAG(s) 'example_external_task_marker_parent', 'example_external_task_marker_child' retrieved from /home/airflow/.local/lib/python3.12/site-packages/airflow/example_dags/example_external_task_marker_dag.py
[2024-09-09T15:38:17.972+0000] {logging_mixin.py:188} INFO - [2024-09-09T15:38:17.972+0000] {dag.py:3089} INFO - Sync 2 DAGs
[2024-09-09T15:38:17.989+0000] {logging_mixin.py:188} INFO - [2024-09-09T15:38:17.988+0000] {dag.py:3947} INFO - Setting next_dagrun for example_external_task_marker_child to None, run_after=None
[2024-09-09T15:38:17.994+0000] {logging_mixin.py:188} INFO - [2024-09-09T15:38:17.994+0000] {dag.py:3947} INFO - Setting next_dagrun for example_external_task_marker_parent to None, run_after=None
[2024-09-09T15:38:18.013+0000] {processor.py:183} INFO - Processing /home/airflow/.local/lib/python3.12/site-packages/airflow/example_dags/example_external_task_marker_dag.py took 0.086 seconds
[2024-09-09T15:38:48.504+0000] {processor.py:161} INFO - Started process (PID=426) to work on /home/airflow/.local/lib/python3.12/site-packages/airflow/example_dags/example_external_task_marker_dag.py
[2024-09-09T15:38:48.505+0000] {processor.py:830} INFO - Processing file /home/airflow/.local/lib/python3.12/site-packages/airflow/example_dags/example_external_task_marker_dag.py for tasks to queue
[2024-09-09T15:38:48.507+0000] {logging_mixin.py:188} INFO - [2024-09-09T15:38:48.507+0000] {dagbag.py:545} INFO - Filling up the DagBag from /home/airflow/.local/lib/python3.12/site-packages/airflow/example_dags/example_external_task_marker_dag.py
[2024-09-09T15:38:48.513+0000] {processor.py:840} INFO - DAG(s) 'example_external_task_marker_parent', 'example_external_task_marker_child' retrieved from /home/airflow/.local/lib/python3.12/site-packages/airflow/example_dags/example_external_task_marker_dag.py
[2024-09-09T15:38:48.537+0000] {logging_mixin.py:188} INFO - [2024-09-09T15:38:48.537+0000] {dag.py:3089} INFO - Sync 2 DAGs
[2024-09-09T15:38:48.551+0000] {logging_mixin.py:188} INFO - [2024-09-09T15:38:48.551+0000] {dag.py:3947} INFO - Setting next_dagrun for example_external_task_marker_child to None, run_after=None
[2024-09-09T15:38:48.555+0000] {logging_mixin.py:188} INFO - [2024-09-09T15:38:48.555+0000] {dag.py:3947} INFO - Setting next_dagrun for example_external_task_marker_parent to None, run_after=None
[2024-09-09T15:38:48.575+0000] {processor.py:183} INFO - Processing /home/airflow/.local/lib/python3.12/site-packages/airflow/example_dags/example_external_task_marker_dag.py took 0.077 seconds
[2024-09-09T15:39:19.180+0000] {processor.py:161} INFO - Started process (PID=486) to work on /home/airflow/.local/lib/python3.12/site-packages/airflow/example_dags/example_external_task_marker_dag.py
[2024-09-09T15:39:19.181+0000] {processor.py:830} INFO - Processing file /home/airflow/.local/lib/python3.12/site-packages/airflow/example_dags/example_external_task_marker_dag.py for tasks to queue
[2024-09-09T15:39:19.183+0000] {logging_mixin.py:188} INFO - [2024-09-09T15:39:19.182+0000] {dagbag.py:545} INFO - Filling up the DagBag from /home/airflow/.local/lib/python3.12/site-packages/airflow/example_dags/example_external_task_marker_dag.py
[2024-09-09T15:39:19.189+0000] {processor.py:840} INFO - DAG(s) 'example_external_task_marker_child', 'example_external_task_marker_parent' retrieved from /home/airflow/.local/lib/python3.12/site-packages/airflow/example_dags/example_external_task_marker_dag.py
[2024-09-09T15:39:19.215+0000] {logging_mixin.py:188} INFO - [2024-09-09T15:39:19.214+0000] {dag.py:3089} INFO - Sync 2 DAGs
[2024-09-09T15:39:19.230+0000] {logging_mixin.py:188} INFO - [2024-09-09T15:39:19.230+0000] {dag.py:3947} INFO - Setting next_dagrun for example_external_task_marker_child to None, run_after=None
[2024-09-09T15:39:19.234+0000] {logging_mixin.py:188} INFO - [2024-09-09T15:39:19.234+0000] {dag.py:3947} INFO - Setting next_dagrun for example_external_task_marker_parent to None, run_after=None
[2024-09-09T15:39:19.251+0000] {processor.py:183} INFO - Processing /home/airflow/.local/lib/python3.12/site-packages/airflow/example_dags/example_external_task_marker_dag.py took 0.077 seconds
[2024-09-09T15:39:49.427+0000] {processor.py:161} INFO - Started process (PID=546) to work on /home/airflow/.local/lib/python3.12/site-packages/airflow/example_dags/example_external_task_marker_dag.py
[2024-09-09T15:39:49.428+0000] {processor.py:830} INFO - Processing file /home/airflow/.local/lib/python3.12/site-packages/airflow/example_dags/example_external_task_marker_dag.py for tasks to queue
[2024-09-09T15:39:49.430+0000] {logging_mixin.py:188} INFO - [2024-09-09T15:39:49.430+0000] {dagbag.py:545} INFO - Filling up the DagBag from /home/airflow/.local/lib/python3.12/site-packages/airflow/example_dags/example_external_task_marker_dag.py
[2024-09-09T15:39:49.436+0000] {processor.py:840} INFO - DAG(s) 'example_external_task_marker_child', 'example_external_task_marker_parent' retrieved from /home/airflow/.local/lib/python3.12/site-packages/airflow/example_dags/example_external_task_marker_dag.py
[2024-09-09T15:39:49.462+0000] {logging_mixin.py:188} INFO - [2024-09-09T15:39:49.462+0000] {dag.py:3089} INFO - Sync 2 DAGs
[2024-09-09T15:39:49.479+0000] {logging_mixin.py:188} INFO - [2024-09-09T15:39:49.479+0000] {dag.py:3947} INFO - Setting next_dagrun for example_external_task_marker_child to None, run_after=None
[2024-09-09T15:39:49.485+0000] {logging_mixin.py:188} INFO - [2024-09-09T15:39:49.485+0000] {dag.py:3947} INFO - Setting next_dagrun for example_external_task_marker_parent to None, run_after=None
[2024-09-09T15:39:49.503+0000] {processor.py:183} INFO - Processing /home/airflow/.local/lib/python3.12/site-packages/airflow/example_dags/example_external_task_marker_dag.py took 0.083 seconds
[2024-09-09T15:40:19.836+0000] {processor.py:161} INFO - Started process (PID=606) to work on /home/airflow/.local/lib/python3.12/site-packages/airflow/example_dags/example_external_task_marker_dag.py
[2024-09-09T15:40:19.837+0000] {processor.py:830} INFO - Processing file /home/airflow/.local/lib/python3.12/site-packages/airflow/example_dags/example_external_task_marker_dag.py for tasks to queue
[2024-09-09T15:40:19.839+0000] {logging_mixin.py:188} INFO - [2024-09-09T15:40:19.839+0000] {dagbag.py:545} INFO - Filling up the DagBag from /home/airflow/.local/lib/python3.12/site-packages/airflow/example_dags/example_external_task_marker_dag.py
[2024-09-09T15:40:19.845+0000] {processor.py:840} INFO - DAG(s) 'example_external_task_marker_child', 'example_external_task_marker_parent' retrieved from /home/airflow/.local/lib/python3.12/site-packages/airflow/example_dags/example_external_task_marker_dag.py
[2024-09-09T15:40:19.867+0000] {logging_mixin.py:188} INFO - [2024-09-09T15:40:19.867+0000] {dag.py:3089} INFO - Sync 2 DAGs
[2024-09-09T15:40:19.881+0000] {logging_mixin.py:188} INFO - [2024-09-09T15:40:19.881+0000] {dag.py:3947} INFO - Setting next_dagrun for example_external_task_marker_child to None, run_after=None
[2024-09-09T15:40:19.886+0000] {logging_mixin.py:188} INFO - [2024-09-09T15:40:19.885+0000] {dag.py:3947} INFO - Setting next_dagrun for example_external_task_marker_parent to None, run_after=None
[2024-09-09T15:40:19.904+0000] {processor.py:183} INFO - Processing /home/airflow/.local/lib/python3.12/site-packages/airflow/example_dags/example_external_task_marker_dag.py took 0.074 seconds
[2024-09-09T15:40:50.170+0000] {processor.py:161} INFO - Started process (PID=666) to work on /home/airflow/.local/lib/python3.12/site-packages/airflow/example_dags/example_external_task_marker_dag.py
[2024-09-09T15:40:50.171+0000] {processor.py:830} INFO - Processing file /home/airflow/.local/lib/python3.12/site-packages/airflow/example_dags/example_external_task_marker_dag.py for tasks to queue
[2024-09-09T15:40:50.174+0000] {logging_mixin.py:188} INFO - [2024-09-09T15:40:50.173+0000] {dagbag.py:545} INFO - Filling up the DagBag from /home/airflow/.local/lib/python3.12/site-packages/airflow/example_dags/example_external_task_marker_dag.py
[2024-09-09T15:40:50.180+0000] {processor.py:840} INFO - DAG(s) 'example_external_task_marker_child', 'example_external_task_marker_parent' retrieved from /home/airflow/.local/lib/python3.12/site-packages/airflow/example_dags/example_external_task_marker_dag.py
[2024-09-09T15:40:50.202+0000] {logging_mixin.py:188} INFO - [2024-09-09T15:40:50.202+0000] {dag.py:3089} INFO - Sync 2 DAGs
[2024-09-09T15:40:50.217+0000] {logging_mixin.py:188} INFO - [2024-09-09T15:40:50.217+0000] {dag.py:3947} INFO - Setting next_dagrun for example_external_task_marker_child to None, run_after=None
[2024-09-09T15:40:50.221+0000] {logging_mixin.py:188} INFO - [2024-09-09T15:40:50.221+0000] {dag.py:3947} INFO - Setting next_dagrun for example_external_task_marker_parent to None, run_after=None
[2024-09-09T15:40:50.241+0000] {processor.py:183} INFO - Processing /home/airflow/.local/lib/python3.12/site-packages/airflow/example_dags/example_external_task_marker_dag.py took 0.077 seconds
[2024-09-09T15:41:20.449+0000] {processor.py:161} INFO - Started process (PID=726) to work on /home/airflow/.local/lib/python3.12/site-packages/airflow/example_dags/example_external_task_marker_dag.py
[2024-09-09T15:41:20.450+0000] {processor.py:830} INFO - Processing file /home/airflow/.local/lib/python3.12/site-packages/airflow/example_dags/example_external_task_marker_dag.py for tasks to queue
[2024-09-09T15:41:20.452+0000] {logging_mixin.py:188} INFO - [2024-09-09T15:41:20.451+0000] {dagbag.py:545} INFO - Filling up the DagBag from /home/airflow/.local/lib/python3.12/site-packages/airflow/example_dags/example_external_task_marker_dag.py
[2024-09-09T15:41:20.458+0000] {processor.py:840} INFO - DAG(s) 'example_external_task_marker_parent', 'example_external_task_marker_child' retrieved from /home/airflow/.local/lib/python3.12/site-packages/airflow/example_dags/example_external_task_marker_dag.py
[2024-09-09T15:41:20.480+0000] {logging_mixin.py:188} INFO - [2024-09-09T15:41:20.480+0000] {dag.py:3089} INFO - Sync 2 DAGs
[2024-09-09T15:41:20.495+0000] {logging_mixin.py:188} INFO - [2024-09-09T15:41:20.495+0000] {dag.py:3947} INFO - Setting next_dagrun for example_external_task_marker_child to None, run_after=None
[2024-09-09T15:41:20.499+0000] {logging_mixin.py:188} INFO - [2024-09-09T15:41:20.499+0000] {dag.py:3947} INFO - Setting next_dagrun for example_external_task_marker_parent to None, run_after=None
[2024-09-09T15:41:20.516+0000] {processor.py:183} INFO - Processing /home/airflow/.local/lib/python3.12/site-packages/airflow/example_dags/example_external_task_marker_dag.py took 0.073 seconds
[2024-09-09T15:41:50.873+0000] {processor.py:161} INFO - Started process (PID=786) to work on /home/airflow/.local/lib/python3.12/site-packages/airflow/example_dags/example_external_task_marker_dag.py
[2024-09-09T15:41:50.874+0000] {processor.py:830} INFO - Processing file /home/airflow/.local/lib/python3.12/site-packages/airflow/example_dags/example_external_task_marker_dag.py for tasks to queue
[2024-09-09T15:41:50.876+0000] {logging_mixin.py:188} INFO - [2024-09-09T15:41:50.876+0000] {dagbag.py:545} INFO - Filling up the DagBag from /home/airflow/.local/lib/python3.12/site-packages/airflow/example_dags/example_external_task_marker_dag.py
[2024-09-09T15:41:50.882+0000] {processor.py:840} INFO - DAG(s) 'example_external_task_marker_parent', 'example_external_task_marker_child' retrieved from /home/airflow/.local/lib/python3.12/site-packages/airflow/example_dags/example_external_task_marker_dag.py
[2024-09-09T15:41:50.907+0000] {logging_mixin.py:188} INFO - [2024-09-09T15:41:50.907+0000] {dag.py:3089} INFO - Sync 2 DAGs
[2024-09-09T15:41:50.926+0000] {logging_mixin.py:188} INFO - [2024-09-09T15:41:50.925+0000] {dag.py:3947} INFO - Setting next_dagrun for example_external_task_marker_child to None, run_after=None
[2024-09-09T15:41:50.930+0000] {logging_mixin.py:188} INFO - [2024-09-09T15:41:50.929+0000] {dag.py:3947} INFO - Setting next_dagrun for example_external_task_marker_parent to None, run_after=None
[2024-09-09T15:41:50.947+0000] {processor.py:183} INFO - Processing /home/airflow/.local/lib/python3.12/site-packages/airflow/example_dags/example_external_task_marker_dag.py took 0.080 seconds
[2024-09-09T15:42:21.259+0000] {processor.py:161} INFO - Started process (PID=846) to work on /home/airflow/.local/lib/python3.12/site-packages/airflow/example_dags/example_external_task_marker_dag.py
[2024-09-09T15:42:21.260+0000] {processor.py:830} INFO - Processing file /home/airflow/.local/lib/python3.12/site-packages/airflow/example_dags/example_external_task_marker_dag.py for tasks to queue
[2024-09-09T15:42:21.262+0000] {logging_mixin.py:188} INFO - [2024-09-09T15:42:21.262+0000] {dagbag.py:545} INFO - Filling up the DagBag from /home/airflow/.local/lib/python3.12/site-packages/airflow/example_dags/example_external_task_marker_dag.py
[2024-09-09T15:42:21.269+0000] {processor.py:840} INFO - DAG(s) 'example_external_task_marker_parent', 'example_external_task_marker_child' retrieved from /home/airflow/.local/lib/python3.12/site-packages/airflow/example_dags/example_external_task_marker_dag.py
[2024-09-09T15:42:21.292+0000] {logging_mixin.py:188} INFO - [2024-09-09T15:42:21.292+0000] {dag.py:3089} INFO - Sync 2 DAGs
[2024-09-09T15:42:21.307+0000] {logging_mixin.py:188} INFO - [2024-09-09T15:42:21.307+0000] {dag.py:3947} INFO - Setting next_dagrun for example_external_task_marker_child to None, run_after=None
[2024-09-09T15:42:21.312+0000] {logging_mixin.py:188} INFO - [2024-09-09T15:42:21.312+0000] {dag.py:3947} INFO - Setting next_dagrun for example_external_task_marker_parent to None, run_after=None
[2024-09-09T15:42:21.330+0000] {processor.py:183} INFO - Processing /home/airflow/.local/lib/python3.12/site-packages/airflow/example_dags/example_external_task_marker_dag.py took 0.077 seconds
[2024-09-09T15:42:51.611+0000] {processor.py:161} INFO - Started process (PID=906) to work on /home/airflow/.local/lib/python3.12/site-packages/airflow/example_dags/example_external_task_marker_dag.py
[2024-09-09T15:42:51.612+0000] {processor.py:830} INFO - Processing file /home/airflow/.local/lib/python3.12/site-packages/airflow/example_dags/example_external_task_marker_dag.py for tasks to queue
[2024-09-09T15:42:51.614+0000] {logging_mixin.py:188} INFO - [2024-09-09T15:42:51.614+0000] {dagbag.py:545} INFO - Filling up the DagBag from /home/airflow/.local/lib/python3.12/site-packages/airflow/example_dags/example_external_task_marker_dag.py
[2024-09-09T15:42:51.620+0000] {processor.py:840} INFO - DAG(s) 'example_external_task_marker_child', 'example_external_task_marker_parent' retrieved from /home/airflow/.local/lib/python3.12/site-packages/airflow/example_dags/example_external_task_marker_dag.py
[2024-09-09T15:42:51.642+0000] {logging_mixin.py:188} INFO - [2024-09-09T15:42:51.642+0000] {dag.py:3089} INFO - Sync 2 DAGs
[2024-09-09T15:42:51.656+0000] {logging_mixin.py:188} INFO - [2024-09-09T15:42:51.656+0000] {dag.py:3947} INFO - Setting next_dagrun for example_external_task_marker_child to None, run_after=None
[2024-09-09T15:42:51.661+0000] {logging_mixin.py:188} INFO - [2024-09-09T15:42:51.660+0000] {dag.py:3947} INFO - Setting next_dagrun for example_external_task_marker_parent to None, run_after=None
[2024-09-09T15:42:51.677+0000] {processor.py:183} INFO - Processing /home/airflow/.local/lib/python3.12/site-packages/airflow/example_dags/example_external_task_marker_dag.py took 0.072 seconds
[2024-09-09T15:43:21.954+0000] {processor.py:161} INFO - Started process (PID=966) to work on /home/airflow/.local/lib/python3.12/site-packages/airflow/example_dags/example_external_task_marker_dag.py
[2024-09-09T15:43:21.955+0000] {processor.py:830} INFO - Processing file /home/airflow/.local/lib/python3.12/site-packages/airflow/example_dags/example_external_task_marker_dag.py for tasks to queue
[2024-09-09T15:43:21.957+0000] {logging_mixin.py:188} INFO - [2024-09-09T15:43:21.956+0000] {dagbag.py:545} INFO - Filling up the DagBag from /home/airflow/.local/lib/python3.12/site-packages/airflow/example_dags/example_external_task_marker_dag.py
[2024-09-09T15:43:21.963+0000] {processor.py:840} INFO - DAG(s) 'example_external_task_marker_child', 'example_external_task_marker_parent' retrieved from /home/airflow/.local/lib/python3.12/site-packages/airflow/example_dags/example_external_task_marker_dag.py
[2024-09-09T15:43:21.986+0000] {logging_mixin.py:188} INFO - [2024-09-09T15:43:21.985+0000] {dag.py:3089} INFO - Sync 2 DAGs
[2024-09-09T15:43:22.000+0000] {logging_mixin.py:188} INFO - [2024-09-09T15:43:22.000+0000] {dag.py:3947} INFO - Setting next_dagrun for example_external_task_marker_child to None, run_after=None
[2024-09-09T15:43:22.005+0000] {logging_mixin.py:188} INFO - [2024-09-09T15:43:22.005+0000] {dag.py:3947} INFO - Setting next_dagrun for example_external_task_marker_parent to None, run_after=None
[2024-09-09T15:43:22.022+0000] {processor.py:183} INFO - Processing /home/airflow/.local/lib/python3.12/site-packages/airflow/example_dags/example_external_task_marker_dag.py took 0.074 seconds
[2024-09-09T15:43:52.593+0000] {processor.py:161} INFO - Started process (PID=1026) to work on /home/airflow/.local/lib/python3.12/site-packages/airflow/example_dags/example_external_task_marker_dag.py
[2024-09-09T15:43:52.594+0000] {processor.py:830} INFO - Processing file /home/airflow/.local/lib/python3.12/site-packages/airflow/example_dags/example_external_task_marker_dag.py for tasks to queue
[2024-09-09T15:43:52.596+0000] {logging_mixin.py:188} INFO - [2024-09-09T15:43:52.596+0000] {dagbag.py:545} INFO - Filling up the DagBag from /home/airflow/.local/lib/python3.12/site-packages/airflow/example_dags/example_external_task_marker_dag.py
[2024-09-09T15:43:52.602+0000] {processor.py:840} INFO - DAG(s) 'example_external_task_marker_child', 'example_external_task_marker_parent' retrieved from /home/airflow/.local/lib/python3.12/site-packages/airflow/example_dags/example_external_task_marker_dag.py
[2024-09-09T15:43:52.625+0000] {logging_mixin.py:188} INFO - [2024-09-09T15:43:52.625+0000] {dag.py:3089} INFO - Sync 2 DAGs
[2024-09-09T15:43:52.642+0000] {logging_mixin.py:188} INFO - [2024-09-09T15:43:52.642+0000] {dag.py:3947} INFO - Setting next_dagrun for example_external_task_marker_child to None, run_after=None
[2024-09-09T15:43:52.646+0000] {logging_mixin.py:188} INFO - [2024-09-09T15:43:52.646+0000] {dag.py:3947} INFO - Setting next_dagrun for example_external_task_marker_parent to None, run_after=None
[2024-09-09T15:43:52.663+0000] {processor.py:183} INFO - Processing /home/airflow/.local/lib/python3.12/site-packages/airflow/example_dags/example_external_task_marker_dag.py took 0.076 seconds
[2024-09-09T15:44:23.463+0000] {processor.py:161} INFO - Started process (PID=1086) to work on /home/airflow/.local/lib/python3.12/site-packages/airflow/example_dags/example_external_task_marker_dag.py
[2024-09-09T15:44:23.464+0000] {processor.py:830} INFO - Processing file /home/airflow/.local/lib/python3.12/site-packages/airflow/example_dags/example_external_task_marker_dag.py for tasks to queue
[2024-09-09T15:44:23.467+0000] {logging_mixin.py:188} INFO - [2024-09-09T15:44:23.466+0000] {dagbag.py:545} INFO - Filling up the DagBag from /home/airflow/.local/lib/python3.12/site-packages/airflow/example_dags/example_external_task_marker_dag.py
[2024-09-09T15:44:23.475+0000] {processor.py:840} INFO - DAG(s) 'example_external_task_marker_child', 'example_external_task_marker_parent' retrieved from /home/airflow/.local/lib/python3.12/site-packages/airflow/example_dags/example_external_task_marker_dag.py
[2024-09-09T15:44:23.499+0000] {logging_mixin.py:188} INFO - [2024-09-09T15:44:23.498+0000] {dag.py:3089} INFO - Sync 2 DAGs
[2024-09-09T15:44:23.514+0000] {logging_mixin.py:188} INFO - [2024-09-09T15:44:23.513+0000] {dag.py:3947} INFO - Setting next_dagrun for example_external_task_marker_child to None, run_after=None
[2024-09-09T15:44:23.518+0000] {logging_mixin.py:188} INFO - [2024-09-09T15:44:23.518+0000] {dag.py:3947} INFO - Setting next_dagrun for example_external_task_marker_parent to None, run_after=None
[2024-09-09T15:44:23.536+0000] {processor.py:183} INFO - Processing /home/airflow/.local/lib/python3.12/site-packages/airflow/example_dags/example_external_task_marker_dag.py took 0.082 seconds
[2024-09-09T15:44:54.136+0000] {processor.py:161} INFO - Started process (PID=1146) to work on /home/airflow/.local/lib/python3.12/site-packages/airflow/example_dags/example_external_task_marker_dag.py
[2024-09-09T15:44:54.138+0000] {processor.py:830} INFO - Processing file /home/airflow/.local/lib/python3.12/site-packages/airflow/example_dags/example_external_task_marker_dag.py for tasks to queue
[2024-09-09T15:44:54.140+0000] {logging_mixin.py:188} INFO - [2024-09-09T15:44:54.140+0000] {dagbag.py:545} INFO - Filling up the DagBag from /home/airflow/.local/lib/python3.12/site-packages/airflow/example_dags/example_external_task_marker_dag.py
[2024-09-09T15:44:54.149+0000] {processor.py:840} INFO - DAG(s) 'example_external_task_marker_parent', 'example_external_task_marker_child' retrieved from /home/airflow/.local/lib/python3.12/site-packages/airflow/example_dags/example_external_task_marker_dag.py
[2024-09-09T15:44:54.178+0000] {logging_mixin.py:188} INFO - [2024-09-09T15:44:54.177+0000] {dag.py:3089} INFO - Sync 2 DAGs
[2024-09-09T15:44:54.197+0000] {logging_mixin.py:188} INFO - [2024-09-09T15:44:54.197+0000] {dag.py:3947} INFO - Setting next_dagrun for example_external_task_marker_child to None, run_after=None
[2024-09-09T15:44:54.203+0000] {logging_mixin.py:188} INFO - [2024-09-09T15:44:54.203+0000] {dag.py:3947} INFO - Setting next_dagrun for example_external_task_marker_parent to None, run_after=None
[2024-09-09T15:44:54.223+0000] {processor.py:183} INFO - Processing /home/airflow/.local/lib/python3.12/site-packages/airflow/example_dags/example_external_task_marker_dag.py took 0.093 seconds
[2024-09-09T15:45:25.019+0000] {processor.py:161} INFO - Started process (PID=1206) to work on /home/airflow/.local/lib/python3.12/site-packages/airflow/example_dags/example_external_task_marker_dag.py
[2024-09-09T15:45:25.020+0000] {processor.py:830} INFO - Processing file /home/airflow/.local/lib/python3.12/site-packages/airflow/example_dags/example_external_task_marker_dag.py for tasks to queue
[2024-09-09T15:45:25.022+0000] {logging_mixin.py:188} INFO - [2024-09-09T15:45:25.021+0000] {dagbag.py:545} INFO - Filling up the DagBag from /home/airflow/.local/lib/python3.12/site-packages/airflow/example_dags/example_external_task_marker_dag.py
[2024-09-09T15:45:25.028+0000] {processor.py:840} INFO - DAG(s) 'example_external_task_marker_parent', 'example_external_task_marker_child' retrieved from /home/airflow/.local/lib/python3.12/site-packages/airflow/example_dags/example_external_task_marker_dag.py
[2024-09-09T15:45:25.053+0000] {logging_mixin.py:188} INFO - [2024-09-09T15:45:25.053+0000] {dag.py:3089} INFO - Sync 2 DAGs
[2024-09-09T15:45:25.068+0000] {logging_mixin.py:188} INFO - [2024-09-09T15:45:25.068+0000] {dag.py:3947} INFO - Setting next_dagrun for example_external_task_marker_child to None, run_after=None
[2024-09-09T15:45:25.072+0000] {logging_mixin.py:188} INFO - [2024-09-09T15:45:25.072+0000] {dag.py:3947} INFO - Setting next_dagrun for example_external_task_marker_parent to None, run_after=None
[2024-09-09T15:45:25.090+0000] {processor.py:183} INFO - Processing /home/airflow/.local/lib/python3.12/site-packages/airflow/example_dags/example_external_task_marker_dag.py took 0.078 seconds
[2024-09-09T15:45:56.168+0000] {processor.py:161} INFO - Started process (PID=1266) to work on /home/airflow/.local/lib/python3.12/site-packages/airflow/example_dags/example_external_task_marker_dag.py
[2024-09-09T15:45:56.169+0000] {processor.py:830} INFO - Processing file /home/airflow/.local/lib/python3.12/site-packages/airflow/example_dags/example_external_task_marker_dag.py for tasks to queue
[2024-09-09T15:45:56.171+0000] {logging_mixin.py:188} INFO - [2024-09-09T15:45:56.171+0000] {dagbag.py:545} INFO - Filling up the DagBag from /home/airflow/.local/lib/python3.12/site-packages/airflow/example_dags/example_external_task_marker_dag.py
[2024-09-09T15:45:56.177+0000] {processor.py:840} INFO - DAG(s) 'example_external_task_marker_parent', 'example_external_task_marker_child' retrieved from /home/airflow/.local/lib/python3.12/site-packages/airflow/example_dags/example_external_task_marker_dag.py
[2024-09-09T15:45:56.200+0000] {logging_mixin.py:188} INFO - [2024-09-09T15:45:56.200+0000] {dag.py:3089} INFO - Sync 2 DAGs
[2024-09-09T15:45:56.213+0000] {logging_mixin.py:188} INFO - [2024-09-09T15:45:56.213+0000] {dag.py:3947} INFO - Setting next_dagrun for example_external_task_marker_child to None, run_after=None
[2024-09-09T15:45:56.217+0000] {logging_mixin.py:188} INFO - [2024-09-09T15:45:56.217+0000] {dag.py:3947} INFO - Setting next_dagrun for example_external_task_marker_parent to None, run_after=None
[2024-09-09T15:45:56.236+0000] {processor.py:183} INFO - Processing /home/airflow/.local/lib/python3.12/site-packages/airflow/example_dags/example_external_task_marker_dag.py took 0.073 seconds
[2024-09-09T15:46:26.672+0000] {processor.py:161} INFO - Started process (PID=1326) to work on /home/airflow/.local/lib/python3.12/site-packages/airflow/example_dags/example_external_task_marker_dag.py
[2024-09-09T15:46:26.673+0000] {processor.py:830} INFO - Processing file /home/airflow/.local/lib/python3.12/site-packages/airflow/example_dags/example_external_task_marker_dag.py for tasks to queue
[2024-09-09T15:46:26.675+0000] {logging_mixin.py:188} INFO - [2024-09-09T15:46:26.675+0000] {dagbag.py:545} INFO - Filling up the DagBag from /home/airflow/.local/lib/python3.12/site-packages/airflow/example_dags/example_external_task_marker_dag.py
[2024-09-09T15:46:26.681+0000] {processor.py:840} INFO - DAG(s) 'example_external_task_marker_child', 'example_external_task_marker_parent' retrieved from /home/airflow/.local/lib/python3.12/site-packages/airflow/example_dags/example_external_task_marker_dag.py
[2024-09-09T15:46:26.704+0000] {logging_mixin.py:188} INFO - [2024-09-09T15:46:26.704+0000] {dag.py:3089} INFO - Sync 2 DAGs
[2024-09-09T15:46:26.719+0000] {logging_mixin.py:188} INFO - [2024-09-09T15:46:26.719+0000] {dag.py:3947} INFO - Setting next_dagrun for example_external_task_marker_child to None, run_after=None
[2024-09-09T15:46:26.724+0000] {logging_mixin.py:188} INFO - [2024-09-09T15:46:26.724+0000] {dag.py:3947} INFO - Setting next_dagrun for example_external_task_marker_parent to None, run_after=None
[2024-09-09T15:46:26.742+0000] {processor.py:183} INFO - Processing /home/airflow/.local/lib/python3.12/site-packages/airflow/example_dags/example_external_task_marker_dag.py took 0.076 seconds
[2024-09-09T15:46:57.151+0000] {processor.py:161} INFO - Started process (PID=1386) to work on /home/airflow/.local/lib/python3.12/site-packages/airflow/example_dags/example_external_task_marker_dag.py
[2024-09-09T15:46:57.152+0000] {processor.py:830} INFO - Processing file /home/airflow/.local/lib/python3.12/site-packages/airflow/example_dags/example_external_task_marker_dag.py for tasks to queue
[2024-09-09T15:46:57.154+0000] {logging_mixin.py:188} INFO - [2024-09-09T15:46:57.153+0000] {dagbag.py:545} INFO - Filling up the DagBag from /home/airflow/.local/lib/python3.12/site-packages/airflow/example_dags/example_external_task_marker_dag.py
[2024-09-09T15:46:57.160+0000] {processor.py:840} INFO - DAG(s) 'example_external_task_marker_child', 'example_external_task_marker_parent' retrieved from /home/airflow/.local/lib/python3.12/site-packages/airflow/example_dags/example_external_task_marker_dag.py
[2024-09-09T15:46:57.182+0000] {logging_mixin.py:188} INFO - [2024-09-09T15:46:57.182+0000] {dag.py:3089} INFO - Sync 2 DAGs
[2024-09-09T15:46:57.196+0000] {logging_mixin.py:188} INFO - [2024-09-09T15:46:57.196+0000] {dag.py:3947} INFO - Setting next_dagrun for example_external_task_marker_child to None, run_after=None
[2024-09-09T15:46:57.200+0000] {logging_mixin.py:188} INFO - [2024-09-09T15:46:57.200+0000] {dag.py:3947} INFO - Setting next_dagrun for example_external_task_marker_parent to None, run_after=None
[2024-09-09T15:46:57.217+0000] {processor.py:183} INFO - Processing /home/airflow/.local/lib/python3.12/site-packages/airflow/example_dags/example_external_task_marker_dag.py took 0.073 seconds
[2024-09-09T15:47:27.874+0000] {processor.py:161} INFO - Started process (PID=1446) to work on /home/airflow/.local/lib/python3.12/site-packages/airflow/example_dags/example_external_task_marker_dag.py
[2024-09-09T15:47:27.875+0000] {processor.py:830} INFO - Processing file /home/airflow/.local/lib/python3.12/site-packages/airflow/example_dags/example_external_task_marker_dag.py for tasks to queue
[2024-09-09T15:47:27.878+0000] {logging_mixin.py:188} INFO - [2024-09-09T15:47:27.877+0000] {dagbag.py:545} INFO - Filling up the DagBag from /home/airflow/.local/lib/python3.12/site-packages/airflow/example_dags/example_external_task_marker_dag.py
[2024-09-09T15:47:27.886+0000] {processor.py:840} INFO - DAG(s) 'example_external_task_marker_parent', 'example_external_task_marker_child' retrieved from /home/airflow/.local/lib/python3.12/site-packages/airflow/example_dags/example_external_task_marker_dag.py
[2024-09-09T15:47:27.910+0000] {logging_mixin.py:188} INFO - [2024-09-09T15:47:27.910+0000] {dag.py:3089} INFO - Sync 2 DAGs
[2024-09-09T15:47:27.928+0000] {logging_mixin.py:188} INFO - [2024-09-09T15:47:27.928+0000] {dag.py:3947} INFO - Setting next_dagrun for example_external_task_marker_child to None, run_after=None
[2024-09-09T15:47:27.933+0000] {logging_mixin.py:188} INFO - [2024-09-09T15:47:27.933+0000] {dag.py:3947} INFO - Setting next_dagrun for example_external_task_marker_parent to None, run_after=None
[2024-09-09T15:47:27.953+0000] {processor.py:183} INFO - Processing /home/airflow/.local/lib/python3.12/site-packages/airflow/example_dags/example_external_task_marker_dag.py took 0.085 seconds
[2024-09-09T15:47:58.952+0000] {processor.py:161} INFO - Started process (PID=1506) to work on /home/airflow/.local/lib/python3.12/site-packages/airflow/example_dags/example_external_task_marker_dag.py
[2024-09-09T15:47:58.953+0000] {processor.py:830} INFO - Processing file /home/airflow/.local/lib/python3.12/site-packages/airflow/example_dags/example_external_task_marker_dag.py for tasks to queue
[2024-09-09T15:47:58.955+0000] {logging_mixin.py:188} INFO - [2024-09-09T15:47:58.955+0000] {dagbag.py:545} INFO - Filling up the DagBag from /home/airflow/.local/lib/python3.12/site-packages/airflow/example_dags/example_external_task_marker_dag.py
[2024-09-09T15:47:58.962+0000] {processor.py:840} INFO - DAG(s) 'example_external_task_marker_child', 'example_external_task_marker_parent' retrieved from /home/airflow/.local/lib/python3.12/site-packages/airflow/example_dags/example_external_task_marker_dag.py
[2024-09-09T15:47:58.985+0000] {logging_mixin.py:188} INFO - [2024-09-09T15:47:58.984+0000] {dag.py:3089} INFO - Sync 2 DAGs
[2024-09-09T15:47:59.120+0000] {logging_mixin.py:188} INFO - [2024-09-09T15:47:59.120+0000] {dag.py:3947} INFO - Setting next_dagrun for example_external_task_marker_child to None, run_after=None
[2024-09-09T15:47:59.124+0000] {logging_mixin.py:188} INFO - [2024-09-09T15:47:59.124+0000] {dag.py:3947} INFO - Setting next_dagrun for example_external_task_marker_parent to None, run_after=None
[2024-09-09T15:47:59.142+0000] {processor.py:183} INFO - Processing /home/airflow/.local/lib/python3.12/site-packages/airflow/example_dags/example_external_task_marker_dag.py took 0.195 seconds
