[2024-09-09T15:35:47.245+0000] {processor.py:161} INFO - Started process (PID=75) to work on /home/airflow/.local/lib/python3.12/site-packages/airflow/example_dags/example_xcomargs.py
[2024-09-09T15:35:47.246+0000] {processor.py:830} INFO - Processing file /home/airflow/.local/lib/python3.12/site-packages/airflow/example_dags/example_xcomargs.py for tasks to queue
[2024-09-09T15:35:47.250+0000] {logging_mixin.py:188} INFO - [2024-09-09T15:35:47.249+0000] {dagbag.py:545} INFO - Filling up the DagBag from /home/airflow/.local/lib/python3.12/site-packages/airflow/example_dags/example_xcomargs.py
[2024-09-09T15:35:47.267+0000] {processor.py:840} INFO - DAG(s) 'example_xcom_args', 'example_xcom_args_with_operators' retrieved from /home/airflow/.local/lib/python3.12/site-packages/airflow/example_dags/example_xcomargs.py
[2024-09-09T15:35:47.407+0000] {logging_mixin.py:188} INFO - [2024-09-09T15:35:47.406+0000] {dag.py:3089} INFO - Sync 2 DAGs
[2024-09-09T15:35:47.420+0000] {logging_mixin.py:188} INFO - [2024-09-09T15:35:47.420+0000] {dag.py:3947} INFO - Setting next_dagrun for example_xcom_args to None, run_after=None
[2024-09-09T15:35:47.425+0000] {logging_mixin.py:188} INFO - [2024-09-09T15:35:47.425+0000] {dag.py:3947} INFO - Setting next_dagrun for example_xcom_args_with_operators to None, run_after=None
[2024-09-09T15:35:47.447+0000] {processor.py:183} INFO - Processing /home/airflow/.local/lib/python3.12/site-packages/airflow/example_dags/example_xcomargs.py took 0.208 seconds
[2024-09-09T15:36:17.901+0000] {processor.py:161} INFO - Started process (PID=135) to work on /home/airflow/.local/lib/python3.12/site-packages/airflow/example_dags/example_xcomargs.py
[2024-09-09T15:36:17.903+0000] {processor.py:830} INFO - Processing file /home/airflow/.local/lib/python3.12/site-packages/airflow/example_dags/example_xcomargs.py for tasks to queue
[2024-09-09T15:36:17.905+0000] {logging_mixin.py:188} INFO - [2024-09-09T15:36:17.904+0000] {dagbag.py:545} INFO - Filling up the DagBag from /home/airflow/.local/lib/python3.12/site-packages/airflow/example_dags/example_xcomargs.py
[2024-09-09T15:36:17.913+0000] {processor.py:840} INFO - DAG(s) 'example_xcom_args', 'example_xcom_args_with_operators' retrieved from /home/airflow/.local/lib/python3.12/site-packages/airflow/example_dags/example_xcomargs.py
[2024-09-09T15:36:17.936+0000] {logging_mixin.py:188} INFO - [2024-09-09T15:36:17.936+0000] {dag.py:3089} INFO - Sync 2 DAGs
[2024-09-09T15:36:17.950+0000] {logging_mixin.py:188} INFO - [2024-09-09T15:36:17.949+0000] {dag.py:3947} INFO - Setting next_dagrun for example_xcom_args to None, run_after=None
[2024-09-09T15:36:17.954+0000] {logging_mixin.py:188} INFO - [2024-09-09T15:36:17.953+0000] {dag.py:3947} INFO - Setting next_dagrun for example_xcom_args_with_operators to None, run_after=None
[2024-09-09T15:36:17.971+0000] {processor.py:183} INFO - Processing /home/airflow/.local/lib/python3.12/site-packages/airflow/example_dags/example_xcomargs.py took 0.075 seconds
[2024-09-09T15:36:48.403+0000] {processor.py:161} INFO - Started process (PID=195) to work on /home/airflow/.local/lib/python3.12/site-packages/airflow/example_dags/example_xcomargs.py
[2024-09-09T15:36:48.404+0000] {processor.py:830} INFO - Processing file /home/airflow/.local/lib/python3.12/site-packages/airflow/example_dags/example_xcomargs.py for tasks to queue
[2024-09-09T15:36:48.406+0000] {logging_mixin.py:188} INFO - [2024-09-09T15:36:48.405+0000] {dagbag.py:545} INFO - Filling up the DagBag from /home/airflow/.local/lib/python3.12/site-packages/airflow/example_dags/example_xcomargs.py
[2024-09-09T15:36:48.414+0000] {processor.py:840} INFO - DAG(s) 'example_xcom_args', 'example_xcom_args_with_operators' retrieved from /home/airflow/.local/lib/python3.12/site-packages/airflow/example_dags/example_xcomargs.py
[2024-09-09T15:36:48.437+0000] {logging_mixin.py:188} INFO - [2024-09-09T15:36:48.437+0000] {dag.py:3089} INFO - Sync 2 DAGs
[2024-09-09T15:36:48.451+0000] {logging_mixin.py:188} INFO - [2024-09-09T15:36:48.451+0000] {dag.py:3947} INFO - Setting next_dagrun for example_xcom_args to None, run_after=None
[2024-09-09T15:36:48.455+0000] {logging_mixin.py:188} INFO - [2024-09-09T15:36:48.454+0000] {dag.py:3947} INFO - Setting next_dagrun for example_xcom_args_with_operators to None, run_after=None
[2024-09-09T15:36:48.473+0000] {processor.py:183} INFO - Processing /home/airflow/.local/lib/python3.12/site-packages/airflow/example_dags/example_xcomargs.py took 0.075 seconds
[2024-09-09T15:37:18.612+0000] {processor.py:161} INFO - Started process (PID=254) to work on /home/airflow/.local/lib/python3.12/site-packages/airflow/example_dags/example_xcomargs.py
[2024-09-09T15:37:18.613+0000] {processor.py:830} INFO - Processing file /home/airflow/.local/lib/python3.12/site-packages/airflow/example_dags/example_xcomargs.py for tasks to queue
[2024-09-09T15:37:18.615+0000] {logging_mixin.py:188} INFO - [2024-09-09T15:37:18.614+0000] {dagbag.py:545} INFO - Filling up the DagBag from /home/airflow/.local/lib/python3.12/site-packages/airflow/example_dags/example_xcomargs.py
[2024-09-09T15:37:18.623+0000] {processor.py:840} INFO - DAG(s) 'example_xcom_args', 'example_xcom_args_with_operators' retrieved from /home/airflow/.local/lib/python3.12/site-packages/airflow/example_dags/example_xcomargs.py
[2024-09-09T15:37:18.647+0000] {logging_mixin.py:188} INFO - [2024-09-09T15:37:18.647+0000] {dag.py:3089} INFO - Sync 2 DAGs
[2024-09-09T15:37:18.669+0000] {logging_mixin.py:188} INFO - [2024-09-09T15:37:18.668+0000] {dag.py:3947} INFO - Setting next_dagrun for example_xcom_args to None, run_after=None
[2024-09-09T15:37:18.673+0000] {logging_mixin.py:188} INFO - [2024-09-09T15:37:18.673+0000] {dag.py:3947} INFO - Setting next_dagrun for example_xcom_args_with_operators to None, run_after=None
[2024-09-09T15:37:18.699+0000] {processor.py:183} INFO - Processing /home/airflow/.local/lib/python3.12/site-packages/airflow/example_dags/example_xcomargs.py took 0.093 seconds
[2024-09-09T15:37:48.762+0000] {processor.py:161} INFO - Started process (PID=313) to work on /home/airflow/.local/lib/python3.12/site-packages/airflow/example_dags/example_xcomargs.py
[2024-09-09T15:37:48.764+0000] {processor.py:830} INFO - Processing file /home/airflow/.local/lib/python3.12/site-packages/airflow/example_dags/example_xcomargs.py for tasks to queue
[2024-09-09T15:37:48.765+0000] {logging_mixin.py:188} INFO - [2024-09-09T15:37:48.765+0000] {dagbag.py:545} INFO - Filling up the DagBag from /home/airflow/.local/lib/python3.12/site-packages/airflow/example_dags/example_xcomargs.py
[2024-09-09T15:37:48.774+0000] {processor.py:840} INFO - DAG(s) 'example_xcom_args', 'example_xcom_args_with_operators' retrieved from /home/airflow/.local/lib/python3.12/site-packages/airflow/example_dags/example_xcomargs.py
[2024-09-09T15:37:48.797+0000] {logging_mixin.py:188} INFO - [2024-09-09T15:37:48.797+0000] {dag.py:3089} INFO - Sync 2 DAGs
[2024-09-09T15:37:48.812+0000] {logging_mixin.py:188} INFO - [2024-09-09T15:37:48.811+0000] {dag.py:3947} INFO - Setting next_dagrun for example_xcom_args to None, run_after=None
[2024-09-09T15:37:48.816+0000] {logging_mixin.py:188} INFO - [2024-09-09T15:37:48.815+0000] {dag.py:3947} INFO - Setting next_dagrun for example_xcom_args_with_operators to None, run_after=None
[2024-09-09T15:37:48.832+0000] {processor.py:183} INFO - Processing /home/airflow/.local/lib/python3.12/site-packages/airflow/example_dags/example_xcomargs.py took 0.076 seconds
[2024-09-09T15:38:19.255+0000] {processor.py:161} INFO - Started process (PID=373) to work on /home/airflow/.local/lib/python3.12/site-packages/airflow/example_dags/example_xcomargs.py
[2024-09-09T15:38:19.256+0000] {processor.py:830} INFO - Processing file /home/airflow/.local/lib/python3.12/site-packages/airflow/example_dags/example_xcomargs.py for tasks to queue
[2024-09-09T15:38:19.258+0000] {logging_mixin.py:188} INFO - [2024-09-09T15:38:19.258+0000] {dagbag.py:545} INFO - Filling up the DagBag from /home/airflow/.local/lib/python3.12/site-packages/airflow/example_dags/example_xcomargs.py
[2024-09-09T15:38:19.269+0000] {processor.py:840} INFO - DAG(s) 'example_xcom_args_with_operators', 'example_xcom_args' retrieved from /home/airflow/.local/lib/python3.12/site-packages/airflow/example_dags/example_xcomargs.py
[2024-09-09T15:38:19.296+0000] {logging_mixin.py:188} INFO - [2024-09-09T15:38:19.296+0000] {dag.py:3089} INFO - Sync 2 DAGs
[2024-09-09T15:38:19.316+0000] {logging_mixin.py:188} INFO - [2024-09-09T15:38:19.316+0000] {dag.py:3947} INFO - Setting next_dagrun for example_xcom_args to None, run_after=None
[2024-09-09T15:38:19.323+0000] {logging_mixin.py:188} INFO - [2024-09-09T15:38:19.323+0000] {dag.py:3947} INFO - Setting next_dagrun for example_xcom_args_with_operators to None, run_after=None
[2024-09-09T15:38:19.348+0000] {processor.py:183} INFO - Processing /home/airflow/.local/lib/python3.12/site-packages/airflow/example_dags/example_xcomargs.py took 0.099 seconds
[2024-09-09T15:38:49.822+0000] {processor.py:161} INFO - Started process (PID=433) to work on /home/airflow/.local/lib/python3.12/site-packages/airflow/example_dags/example_xcomargs.py
[2024-09-09T15:38:49.823+0000] {processor.py:830} INFO - Processing file /home/airflow/.local/lib/python3.12/site-packages/airflow/example_dags/example_xcomargs.py for tasks to queue
[2024-09-09T15:38:49.826+0000] {logging_mixin.py:188} INFO - [2024-09-09T15:38:49.825+0000] {dagbag.py:545} INFO - Filling up the DagBag from /home/airflow/.local/lib/python3.12/site-packages/airflow/example_dags/example_xcomargs.py
[2024-09-09T15:38:49.833+0000] {processor.py:840} INFO - DAG(s) 'example_xcom_args', 'example_xcom_args_with_operators' retrieved from /home/airflow/.local/lib/python3.12/site-packages/airflow/example_dags/example_xcomargs.py
[2024-09-09T15:38:49.856+0000] {logging_mixin.py:188} INFO - [2024-09-09T15:38:49.856+0000] {dag.py:3089} INFO - Sync 2 DAGs
[2024-09-09T15:38:49.873+0000] {logging_mixin.py:188} INFO - [2024-09-09T15:38:49.873+0000] {dag.py:3947} INFO - Setting next_dagrun for example_xcom_args to None, run_after=None
[2024-09-09T15:38:49.878+0000] {logging_mixin.py:188} INFO - [2024-09-09T15:38:49.878+0000] {dag.py:3947} INFO - Setting next_dagrun for example_xcom_args_with_operators to None, run_after=None
[2024-09-09T15:38:49.900+0000] {processor.py:183} INFO - Processing /home/airflow/.local/lib/python3.12/site-packages/airflow/example_dags/example_xcomargs.py took 0.084 seconds
[2024-09-09T15:39:20.491+0000] {processor.py:161} INFO - Started process (PID=493) to work on /home/airflow/.local/lib/python3.12/site-packages/airflow/example_dags/example_xcomargs.py
[2024-09-09T15:39:20.492+0000] {processor.py:830} INFO - Processing file /home/airflow/.local/lib/python3.12/site-packages/airflow/example_dags/example_xcomargs.py for tasks to queue
[2024-09-09T15:39:20.494+0000] {logging_mixin.py:188} INFO - [2024-09-09T15:39:20.494+0000] {dagbag.py:545} INFO - Filling up the DagBag from /home/airflow/.local/lib/python3.12/site-packages/airflow/example_dags/example_xcomargs.py
[2024-09-09T15:39:20.503+0000] {processor.py:840} INFO - DAG(s) 'example_xcom_args', 'example_xcom_args_with_operators' retrieved from /home/airflow/.local/lib/python3.12/site-packages/airflow/example_dags/example_xcomargs.py
[2024-09-09T15:39:20.524+0000] {logging_mixin.py:188} INFO - [2024-09-09T15:39:20.524+0000] {dag.py:3089} INFO - Sync 2 DAGs
[2024-09-09T15:39:20.538+0000] {logging_mixin.py:188} INFO - [2024-09-09T15:39:20.537+0000] {dag.py:3947} INFO - Setting next_dagrun for example_xcom_args to None, run_after=None
[2024-09-09T15:39:20.541+0000] {logging_mixin.py:188} INFO - [2024-09-09T15:39:20.541+0000] {dag.py:3947} INFO - Setting next_dagrun for example_xcom_args_with_operators to None, run_after=None
[2024-09-09T15:39:20.560+0000] {processor.py:183} INFO - Processing /home/airflow/.local/lib/python3.12/site-packages/airflow/example_dags/example_xcomargs.py took 0.075 seconds
[2024-09-09T15:39:50.747+0000] {processor.py:161} INFO - Started process (PID=552) to work on /home/airflow/.local/lib/python3.12/site-packages/airflow/example_dags/example_xcomargs.py
[2024-09-09T15:39:50.748+0000] {processor.py:830} INFO - Processing file /home/airflow/.local/lib/python3.12/site-packages/airflow/example_dags/example_xcomargs.py for tasks to queue
[2024-09-09T15:39:50.751+0000] {logging_mixin.py:188} INFO - [2024-09-09T15:39:50.750+0000] {dagbag.py:545} INFO - Filling up the DagBag from /home/airflow/.local/lib/python3.12/site-packages/airflow/example_dags/example_xcomargs.py
[2024-09-09T15:39:50.760+0000] {processor.py:840} INFO - DAG(s) 'example_xcom_args_with_operators', 'example_xcom_args' retrieved from /home/airflow/.local/lib/python3.12/site-packages/airflow/example_dags/example_xcomargs.py
[2024-09-09T15:39:50.787+0000] {logging_mixin.py:188} INFO - [2024-09-09T15:39:50.787+0000] {dag.py:3089} INFO - Sync 2 DAGs
[2024-09-09T15:39:50.802+0000] {logging_mixin.py:188} INFO - [2024-09-09T15:39:50.802+0000] {dag.py:3947} INFO - Setting next_dagrun for example_xcom_args to None, run_after=None
[2024-09-09T15:39:50.807+0000] {logging_mixin.py:188} INFO - [2024-09-09T15:39:50.806+0000] {dag.py:3947} INFO - Setting next_dagrun for example_xcom_args_with_operators to None, run_after=None
[2024-09-09T15:39:50.824+0000] {processor.py:183} INFO - Processing /home/airflow/.local/lib/python3.12/site-packages/airflow/example_dags/example_xcomargs.py took 0.084 seconds
[2024-09-09T15:40:21.155+0000] {processor.py:161} INFO - Started process (PID=613) to work on /home/airflow/.local/lib/python3.12/site-packages/airflow/example_dags/example_xcomargs.py
[2024-09-09T15:40:21.155+0000] {processor.py:830} INFO - Processing file /home/airflow/.local/lib/python3.12/site-packages/airflow/example_dags/example_xcomargs.py for tasks to queue
[2024-09-09T15:40:21.157+0000] {logging_mixin.py:188} INFO - [2024-09-09T15:40:21.157+0000] {dagbag.py:545} INFO - Filling up the DagBag from /home/airflow/.local/lib/python3.12/site-packages/airflow/example_dags/example_xcomargs.py
[2024-09-09T15:40:21.166+0000] {processor.py:840} INFO - DAG(s) 'example_xcom_args', 'example_xcom_args_with_operators' retrieved from /home/airflow/.local/lib/python3.12/site-packages/airflow/example_dags/example_xcomargs.py
[2024-09-09T15:40:21.189+0000] {logging_mixin.py:188} INFO - [2024-09-09T15:40:21.189+0000] {dag.py:3089} INFO - Sync 2 DAGs
[2024-09-09T15:40:21.203+0000] {logging_mixin.py:188} INFO - [2024-09-09T15:40:21.203+0000] {dag.py:3947} INFO - Setting next_dagrun for example_xcom_args to None, run_after=None
[2024-09-09T15:40:21.207+0000] {logging_mixin.py:188} INFO - [2024-09-09T15:40:21.207+0000] {dag.py:3947} INFO - Setting next_dagrun for example_xcom_args_with_operators to None, run_after=None
[2024-09-09T15:40:21.223+0000] {processor.py:183} INFO - Processing /home/airflow/.local/lib/python3.12/site-packages/airflow/example_dags/example_xcomargs.py took 0.074 seconds
[2024-09-09T15:40:51.482+0000] {processor.py:161} INFO - Started process (PID=673) to work on /home/airflow/.local/lib/python3.12/site-packages/airflow/example_dags/example_xcomargs.py
[2024-09-09T15:40:51.483+0000] {processor.py:830} INFO - Processing file /home/airflow/.local/lib/python3.12/site-packages/airflow/example_dags/example_xcomargs.py for tasks to queue
[2024-09-09T15:40:51.485+0000] {logging_mixin.py:188} INFO - [2024-09-09T15:40:51.485+0000] {dagbag.py:545} INFO - Filling up the DagBag from /home/airflow/.local/lib/python3.12/site-packages/airflow/example_dags/example_xcomargs.py
[2024-09-09T15:40:51.494+0000] {processor.py:840} INFO - DAG(s) 'example_xcom_args_with_operators', 'example_xcom_args' retrieved from /home/airflow/.local/lib/python3.12/site-packages/airflow/example_dags/example_xcomargs.py
[2024-09-09T15:40:51.517+0000] {logging_mixin.py:188} INFO - [2024-09-09T15:40:51.516+0000] {dag.py:3089} INFO - Sync 2 DAGs
[2024-09-09T15:40:51.530+0000] {logging_mixin.py:188} INFO - [2024-09-09T15:40:51.530+0000] {dag.py:3947} INFO - Setting next_dagrun for example_xcom_args to None, run_after=None
[2024-09-09T15:40:51.534+0000] {logging_mixin.py:188} INFO - [2024-09-09T15:40:51.534+0000] {dag.py:3947} INFO - Setting next_dagrun for example_xcom_args_with_operators to None, run_after=None
[2024-09-09T15:40:51.552+0000] {processor.py:183} INFO - Processing /home/airflow/.local/lib/python3.12/site-packages/airflow/example_dags/example_xcomargs.py took 0.075 seconds
[2024-09-09T15:41:21.798+0000] {processor.py:161} INFO - Started process (PID=733) to work on /home/airflow/.local/lib/python3.12/site-packages/airflow/example_dags/example_xcomargs.py
[2024-09-09T15:41:21.799+0000] {processor.py:830} INFO - Processing file /home/airflow/.local/lib/python3.12/site-packages/airflow/example_dags/example_xcomargs.py for tasks to queue
[2024-09-09T15:41:21.801+0000] {logging_mixin.py:188} INFO - [2024-09-09T15:41:21.800+0000] {dagbag.py:545} INFO - Filling up the DagBag from /home/airflow/.local/lib/python3.12/site-packages/airflow/example_dags/example_xcomargs.py
[2024-09-09T15:41:21.809+0000] {processor.py:840} INFO - DAG(s) 'example_xcom_args', 'example_xcom_args_with_operators' retrieved from /home/airflow/.local/lib/python3.12/site-packages/airflow/example_dags/example_xcomargs.py
[2024-09-09T15:41:21.831+0000] {logging_mixin.py:188} INFO - [2024-09-09T15:41:21.831+0000] {dag.py:3089} INFO - Sync 2 DAGs
[2024-09-09T15:41:21.845+0000] {logging_mixin.py:188} INFO - [2024-09-09T15:41:21.844+0000] {dag.py:3947} INFO - Setting next_dagrun for example_xcom_args to None, run_after=None
[2024-09-09T15:41:21.849+0000] {logging_mixin.py:188} INFO - [2024-09-09T15:41:21.848+0000] {dag.py:3947} INFO - Setting next_dagrun for example_xcom_args_with_operators to None, run_after=None
[2024-09-09T15:41:21.866+0000] {processor.py:183} INFO - Processing /home/airflow/.local/lib/python3.12/site-packages/airflow/example_dags/example_xcomargs.py took 0.074 seconds
[2024-09-09T15:41:52.188+0000] {processor.py:161} INFO - Started process (PID=793) to work on /home/airflow/.local/lib/python3.12/site-packages/airflow/example_dags/example_xcomargs.py
[2024-09-09T15:41:52.189+0000] {processor.py:830} INFO - Processing file /home/airflow/.local/lib/python3.12/site-packages/airflow/example_dags/example_xcomargs.py for tasks to queue
[2024-09-09T15:41:52.191+0000] {logging_mixin.py:188} INFO - [2024-09-09T15:41:52.190+0000] {dagbag.py:545} INFO - Filling up the DagBag from /home/airflow/.local/lib/python3.12/site-packages/airflow/example_dags/example_xcomargs.py
[2024-09-09T15:41:52.199+0000] {processor.py:840} INFO - DAG(s) 'example_xcom_args', 'example_xcom_args_with_operators' retrieved from /home/airflow/.local/lib/python3.12/site-packages/airflow/example_dags/example_xcomargs.py
[2024-09-09T15:41:52.221+0000] {logging_mixin.py:188} INFO - [2024-09-09T15:41:52.221+0000] {dag.py:3089} INFO - Sync 2 DAGs
[2024-09-09T15:41:52.235+0000] {logging_mixin.py:188} INFO - [2024-09-09T15:41:52.234+0000] {dag.py:3947} INFO - Setting next_dagrun for example_xcom_args to None, run_after=None
[2024-09-09T15:41:52.239+0000] {logging_mixin.py:188} INFO - [2024-09-09T15:41:52.238+0000] {dag.py:3947} INFO - Setting next_dagrun for example_xcom_args_with_operators to None, run_after=None
[2024-09-09T15:41:52.255+0000] {processor.py:183} INFO - Processing /home/airflow/.local/lib/python3.12/site-packages/airflow/example_dags/example_xcomargs.py took 0.073 seconds
[2024-09-09T15:42:22.597+0000] {processor.py:161} INFO - Started process (PID=853) to work on /home/airflow/.local/lib/python3.12/site-packages/airflow/example_dags/example_xcomargs.py
[2024-09-09T15:42:22.597+0000] {processor.py:830} INFO - Processing file /home/airflow/.local/lib/python3.12/site-packages/airflow/example_dags/example_xcomargs.py for tasks to queue
[2024-09-09T15:42:22.600+0000] {logging_mixin.py:188} INFO - [2024-09-09T15:42:22.599+0000] {dagbag.py:545} INFO - Filling up the DagBag from /home/airflow/.local/lib/python3.12/site-packages/airflow/example_dags/example_xcomargs.py
[2024-09-09T15:42:22.608+0000] {processor.py:840} INFO - DAG(s) 'example_xcom_args', 'example_xcom_args_with_operators' retrieved from /home/airflow/.local/lib/python3.12/site-packages/airflow/example_dags/example_xcomargs.py
[2024-09-09T15:42:22.632+0000] {logging_mixin.py:188} INFO - [2024-09-09T15:42:22.631+0000] {dag.py:3089} INFO - Sync 2 DAGs
[2024-09-09T15:42:22.647+0000] {logging_mixin.py:188} INFO - [2024-09-09T15:42:22.647+0000] {dag.py:3947} INFO - Setting next_dagrun for example_xcom_args to None, run_after=None
[2024-09-09T15:42:22.651+0000] {logging_mixin.py:188} INFO - [2024-09-09T15:42:22.651+0000] {dag.py:3947} INFO - Setting next_dagrun for example_xcom_args_with_operators to None, run_after=None
[2024-09-09T15:42:22.671+0000] {processor.py:183} INFO - Processing /home/airflow/.local/lib/python3.12/site-packages/airflow/example_dags/example_xcomargs.py took 0.081 seconds
[2024-09-09T15:42:52.934+0000] {processor.py:161} INFO - Started process (PID=913) to work on /home/airflow/.local/lib/python3.12/site-packages/airflow/example_dags/example_xcomargs.py
[2024-09-09T15:42:52.935+0000] {processor.py:830} INFO - Processing file /home/airflow/.local/lib/python3.12/site-packages/airflow/example_dags/example_xcomargs.py for tasks to queue
[2024-09-09T15:42:52.938+0000] {logging_mixin.py:188} INFO - [2024-09-09T15:42:52.937+0000] {dagbag.py:545} INFO - Filling up the DagBag from /home/airflow/.local/lib/python3.12/site-packages/airflow/example_dags/example_xcomargs.py
[2024-09-09T15:42:52.947+0000] {processor.py:840} INFO - DAG(s) 'example_xcom_args_with_operators', 'example_xcom_args' retrieved from /home/airflow/.local/lib/python3.12/site-packages/airflow/example_dags/example_xcomargs.py
[2024-09-09T15:42:52.978+0000] {logging_mixin.py:188} INFO - [2024-09-09T15:42:52.978+0000] {dag.py:3089} INFO - Sync 2 DAGs
[2024-09-09T15:42:52.996+0000] {logging_mixin.py:188} INFO - [2024-09-09T15:42:52.996+0000] {dag.py:3947} INFO - Setting next_dagrun for example_xcom_args to None, run_after=None
[2024-09-09T15:42:53.002+0000] {logging_mixin.py:188} INFO - [2024-09-09T15:42:53.001+0000] {dag.py:3947} INFO - Setting next_dagrun for example_xcom_args_with_operators to None, run_after=None
[2024-09-09T15:42:53.023+0000] {processor.py:183} INFO - Processing /home/airflow/.local/lib/python3.12/site-packages/airflow/example_dags/example_xcomargs.py took 0.095 seconds
[2024-09-09T15:43:23.283+0000] {processor.py:161} INFO - Started process (PID=973) to work on /home/airflow/.local/lib/python3.12/site-packages/airflow/example_dags/example_xcomargs.py
[2024-09-09T15:43:23.284+0000] {processor.py:830} INFO - Processing file /home/airflow/.local/lib/python3.12/site-packages/airflow/example_dags/example_xcomargs.py for tasks to queue
[2024-09-09T15:43:23.286+0000] {logging_mixin.py:188} INFO - [2024-09-09T15:43:23.286+0000] {dagbag.py:545} INFO - Filling up the DagBag from /home/airflow/.local/lib/python3.12/site-packages/airflow/example_dags/example_xcomargs.py
[2024-09-09T15:43:23.296+0000] {processor.py:840} INFO - DAG(s) 'example_xcom_args_with_operators', 'example_xcom_args' retrieved from /home/airflow/.local/lib/python3.12/site-packages/airflow/example_dags/example_xcomargs.py
[2024-09-09T15:43:23.323+0000] {logging_mixin.py:188} INFO - [2024-09-09T15:43:23.323+0000] {dag.py:3089} INFO - Sync 2 DAGs
[2024-09-09T15:43:23.339+0000] {logging_mixin.py:188} INFO - [2024-09-09T15:43:23.339+0000] {dag.py:3947} INFO - Setting next_dagrun for example_xcom_args to None, run_after=None
[2024-09-09T15:43:23.344+0000] {logging_mixin.py:188} INFO - [2024-09-09T15:43:23.343+0000] {dag.py:3947} INFO - Setting next_dagrun for example_xcom_args_with_operators to None, run_after=None
[2024-09-09T15:43:23.362+0000] {processor.py:183} INFO - Processing /home/airflow/.local/lib/python3.12/site-packages/airflow/example_dags/example_xcomargs.py took 0.086 seconds
[2024-09-09T15:43:53.903+0000] {processor.py:161} INFO - Started process (PID=1033) to work on /home/airflow/.local/lib/python3.12/site-packages/airflow/example_dags/example_xcomargs.py
[2024-09-09T15:43:53.904+0000] {processor.py:830} INFO - Processing file /home/airflow/.local/lib/python3.12/site-packages/airflow/example_dags/example_xcomargs.py for tasks to queue
[2024-09-09T15:43:53.906+0000] {logging_mixin.py:188} INFO - [2024-09-09T15:43:53.905+0000] {dagbag.py:545} INFO - Filling up the DagBag from /home/airflow/.local/lib/python3.12/site-packages/airflow/example_dags/example_xcomargs.py
[2024-09-09T15:43:53.914+0000] {processor.py:840} INFO - DAG(s) 'example_xcom_args_with_operators', 'example_xcom_args' retrieved from /home/airflow/.local/lib/python3.12/site-packages/airflow/example_dags/example_xcomargs.py
[2024-09-09T15:43:53.936+0000] {logging_mixin.py:188} INFO - [2024-09-09T15:43:53.936+0000] {dag.py:3089} INFO - Sync 2 DAGs
[2024-09-09T15:43:53.950+0000] {logging_mixin.py:188} INFO - [2024-09-09T15:43:53.949+0000] {dag.py:3947} INFO - Setting next_dagrun for example_xcom_args to None, run_after=None
[2024-09-09T15:43:53.954+0000] {logging_mixin.py:188} INFO - [2024-09-09T15:43:53.954+0000] {dag.py:3947} INFO - Setting next_dagrun for example_xcom_args_with_operators to None, run_after=None
[2024-09-09T15:43:53.971+0000] {processor.py:183} INFO - Processing /home/airflow/.local/lib/python3.12/site-packages/airflow/example_dags/example_xcomargs.py took 0.075 seconds
[2024-09-09T15:44:24.788+0000] {processor.py:161} INFO - Started process (PID=1093) to work on /home/airflow/.local/lib/python3.12/site-packages/airflow/example_dags/example_xcomargs.py
[2024-09-09T15:44:24.789+0000] {processor.py:830} INFO - Processing file /home/airflow/.local/lib/python3.12/site-packages/airflow/example_dags/example_xcomargs.py for tasks to queue
[2024-09-09T15:44:24.791+0000] {logging_mixin.py:188} INFO - [2024-09-09T15:44:24.790+0000] {dagbag.py:545} INFO - Filling up the DagBag from /home/airflow/.local/lib/python3.12/site-packages/airflow/example_dags/example_xcomargs.py
[2024-09-09T15:44:24.800+0000] {processor.py:840} INFO - DAG(s) 'example_xcom_args_with_operators', 'example_xcom_args' retrieved from /home/airflow/.local/lib/python3.12/site-packages/airflow/example_dags/example_xcomargs.py
[2024-09-09T15:44:24.823+0000] {logging_mixin.py:188} INFO - [2024-09-09T15:44:24.823+0000] {dag.py:3089} INFO - Sync 2 DAGs
[2024-09-09T15:44:24.837+0000] {logging_mixin.py:188} INFO - [2024-09-09T15:44:24.837+0000] {dag.py:3947} INFO - Setting next_dagrun for example_xcom_args to None, run_after=None
[2024-09-09T15:44:24.843+0000] {logging_mixin.py:188} INFO - [2024-09-09T15:44:24.842+0000] {dag.py:3947} INFO - Setting next_dagrun for example_xcom_args_with_operators to None, run_after=None
[2024-09-09T15:44:24.859+0000] {processor.py:183} INFO - Processing /home/airflow/.local/lib/python3.12/site-packages/airflow/example_dags/example_xcomargs.py took 0.078 seconds
[2024-09-09T15:44:55.497+0000] {processor.py:161} INFO - Started process (PID=1153) to work on /home/airflow/.local/lib/python3.12/site-packages/airflow/example_dags/example_xcomargs.py
[2024-09-09T15:44:55.499+0000] {processor.py:830} INFO - Processing file /home/airflow/.local/lib/python3.12/site-packages/airflow/example_dags/example_xcomargs.py for tasks to queue
[2024-09-09T15:44:55.501+0000] {logging_mixin.py:188} INFO - [2024-09-09T15:44:55.500+0000] {dagbag.py:545} INFO - Filling up the DagBag from /home/airflow/.local/lib/python3.12/site-packages/airflow/example_dags/example_xcomargs.py
[2024-09-09T15:44:55.510+0000] {processor.py:840} INFO - DAG(s) 'example_xcom_args_with_operators', 'example_xcom_args' retrieved from /home/airflow/.local/lib/python3.12/site-packages/airflow/example_dags/example_xcomargs.py
[2024-09-09T15:44:55.539+0000] {logging_mixin.py:188} INFO - [2024-09-09T15:44:55.539+0000] {dag.py:3089} INFO - Sync 2 DAGs
[2024-09-09T15:44:55.556+0000] {logging_mixin.py:188} INFO - [2024-09-09T15:44:55.556+0000] {dag.py:3947} INFO - Setting next_dagrun for example_xcom_args to None, run_after=None
[2024-09-09T15:44:55.562+0000] {logging_mixin.py:188} INFO - [2024-09-09T15:44:55.562+0000] {dag.py:3947} INFO - Setting next_dagrun for example_xcom_args_with_operators to None, run_after=None
[2024-09-09T15:44:55.581+0000] {processor.py:183} INFO - Processing /home/airflow/.local/lib/python3.12/site-packages/airflow/example_dags/example_xcomargs.py took 0.092 seconds
[2024-09-09T15:45:26.450+0000] {processor.py:161} INFO - Started process (PID=1213) to work on /home/airflow/.local/lib/python3.12/site-packages/airflow/example_dags/example_xcomargs.py
[2024-09-09T15:45:26.451+0000] {processor.py:830} INFO - Processing file /home/airflow/.local/lib/python3.12/site-packages/airflow/example_dags/example_xcomargs.py for tasks to queue
[2024-09-09T15:45:26.452+0000] {logging_mixin.py:188} INFO - [2024-09-09T15:45:26.452+0000] {dagbag.py:545} INFO - Filling up the DagBag from /home/airflow/.local/lib/python3.12/site-packages/airflow/example_dags/example_xcomargs.py
[2024-09-09T15:45:26.461+0000] {processor.py:840} INFO - DAG(s) 'example_xcom_args_with_operators', 'example_xcom_args' retrieved from /home/airflow/.local/lib/python3.12/site-packages/airflow/example_dags/example_xcomargs.py
[2024-09-09T15:45:26.485+0000] {logging_mixin.py:188} INFO - [2024-09-09T15:45:26.484+0000] {dag.py:3089} INFO - Sync 2 DAGs
[2024-09-09T15:45:26.500+0000] {logging_mixin.py:188} INFO - [2024-09-09T15:45:26.499+0000] {dag.py:3947} INFO - Setting next_dagrun for example_xcom_args to None, run_after=None
[2024-09-09T15:45:26.504+0000] {logging_mixin.py:188} INFO - [2024-09-09T15:45:26.504+0000] {dag.py:3947} INFO - Setting next_dagrun for example_xcom_args_with_operators to None, run_after=None
[2024-09-09T15:45:26.522+0000] {processor.py:183} INFO - Processing /home/airflow/.local/lib/python3.12/site-packages/airflow/example_dags/example_xcomargs.py took 0.079 seconds
[2024-09-09T15:45:56.558+0000] {processor.py:161} INFO - Started process (PID=1272) to work on /home/airflow/.local/lib/python3.12/site-packages/airflow/example_dags/example_xcomargs.py
[2024-09-09T15:45:56.559+0000] {processor.py:830} INFO - Processing file /home/airflow/.local/lib/python3.12/site-packages/airflow/example_dags/example_xcomargs.py for tasks to queue
[2024-09-09T15:45:56.561+0000] {logging_mixin.py:188} INFO - [2024-09-09T15:45:56.561+0000] {dagbag.py:545} INFO - Filling up the DagBag from /home/airflow/.local/lib/python3.12/site-packages/airflow/example_dags/example_xcomargs.py
[2024-09-09T15:45:56.569+0000] {processor.py:840} INFO - DAG(s) 'example_xcom_args_with_operators', 'example_xcom_args' retrieved from /home/airflow/.local/lib/python3.12/site-packages/airflow/example_dags/example_xcomargs.py
[2024-09-09T15:45:56.591+0000] {logging_mixin.py:188} INFO - [2024-09-09T15:45:56.591+0000] {dag.py:3089} INFO - Sync 2 DAGs
[2024-09-09T15:45:56.605+0000] {logging_mixin.py:188} INFO - [2024-09-09T15:45:56.604+0000] {dag.py:3947} INFO - Setting next_dagrun for example_xcom_args to None, run_after=None
[2024-09-09T15:45:56.608+0000] {logging_mixin.py:188} INFO - [2024-09-09T15:45:56.608+0000] {dag.py:3947} INFO - Setting next_dagrun for example_xcom_args_with_operators to None, run_after=None
[2024-09-09T15:45:56.625+0000] {processor.py:183} INFO - Processing /home/airflow/.local/lib/python3.12/site-packages/airflow/example_dags/example_xcomargs.py took 0.072 seconds
[2024-09-09T15:46:26.958+0000] {processor.py:161} INFO - Started process (PID=1332) to work on /home/airflow/.local/lib/python3.12/site-packages/airflow/example_dags/example_xcomargs.py
[2024-09-09T15:46:26.959+0000] {processor.py:830} INFO - Processing file /home/airflow/.local/lib/python3.12/site-packages/airflow/example_dags/example_xcomargs.py for tasks to queue
[2024-09-09T15:46:26.961+0000] {logging_mixin.py:188} INFO - [2024-09-09T15:46:26.961+0000] {dagbag.py:545} INFO - Filling up the DagBag from /home/airflow/.local/lib/python3.12/site-packages/airflow/example_dags/example_xcomargs.py
[2024-09-09T15:46:26.969+0000] {processor.py:840} INFO - DAG(s) 'example_xcom_args_with_operators', 'example_xcom_args' retrieved from /home/airflow/.local/lib/python3.12/site-packages/airflow/example_dags/example_xcomargs.py
[2024-09-09T15:46:26.993+0000] {logging_mixin.py:188} INFO - [2024-09-09T15:46:26.993+0000] {dag.py:3089} INFO - Sync 2 DAGs
[2024-09-09T15:46:27.006+0000] {logging_mixin.py:188} INFO - [2024-09-09T15:46:27.006+0000] {dag.py:3947} INFO - Setting next_dagrun for example_xcom_args to None, run_after=None
[2024-09-09T15:46:27.010+0000] {logging_mixin.py:188} INFO - [2024-09-09T15:46:27.010+0000] {dag.py:3947} INFO - Setting next_dagrun for example_xcom_args_with_operators to None, run_after=None
[2024-09-09T15:46:27.028+0000] {processor.py:183} INFO - Processing /home/airflow/.local/lib/python3.12/site-packages/airflow/example_dags/example_xcomargs.py took 0.075 seconds
[2024-09-09T15:46:57.433+0000] {processor.py:161} INFO - Started process (PID=1392) to work on /home/airflow/.local/lib/python3.12/site-packages/airflow/example_dags/example_xcomargs.py
[2024-09-09T15:46:57.434+0000] {processor.py:830} INFO - Processing file /home/airflow/.local/lib/python3.12/site-packages/airflow/example_dags/example_xcomargs.py for tasks to queue
[2024-09-09T15:46:57.436+0000] {logging_mixin.py:188} INFO - [2024-09-09T15:46:57.436+0000] {dagbag.py:545} INFO - Filling up the DagBag from /home/airflow/.local/lib/python3.12/site-packages/airflow/example_dags/example_xcomargs.py
[2024-09-09T15:46:57.445+0000] {processor.py:840} INFO - DAG(s) 'example_xcom_args_with_operators', 'example_xcom_args' retrieved from /home/airflow/.local/lib/python3.12/site-packages/airflow/example_dags/example_xcomargs.py
[2024-09-09T15:46:57.469+0000] {logging_mixin.py:188} INFO - [2024-09-09T15:46:57.469+0000] {dag.py:3089} INFO - Sync 2 DAGs
[2024-09-09T15:46:57.483+0000] {logging_mixin.py:188} INFO - [2024-09-09T15:46:57.482+0000] {dag.py:3947} INFO - Setting next_dagrun for example_xcom_args to None, run_after=None
[2024-09-09T15:46:57.487+0000] {logging_mixin.py:188} INFO - [2024-09-09T15:46:57.487+0000] {dag.py:3947} INFO - Setting next_dagrun for example_xcom_args_with_operators to None, run_after=None
[2024-09-09T15:46:57.506+0000] {processor.py:183} INFO - Processing /home/airflow/.local/lib/python3.12/site-packages/airflow/example_dags/example_xcomargs.py took 0.079 seconds
[2024-09-09T15:47:28.257+0000] {processor.py:161} INFO - Started process (PID=1453) to work on /home/airflow/.local/lib/python3.12/site-packages/airflow/example_dags/example_xcomargs.py
[2024-09-09T15:47:28.258+0000] {processor.py:830} INFO - Processing file /home/airflow/.local/lib/python3.12/site-packages/airflow/example_dags/example_xcomargs.py for tasks to queue
[2024-09-09T15:47:28.260+0000] {logging_mixin.py:188} INFO - [2024-09-09T15:47:28.260+0000] {dagbag.py:545} INFO - Filling up the DagBag from /home/airflow/.local/lib/python3.12/site-packages/airflow/example_dags/example_xcomargs.py
[2024-09-09T15:47:28.269+0000] {processor.py:840} INFO - DAG(s) 'example_xcom_args_with_operators', 'example_xcom_args' retrieved from /home/airflow/.local/lib/python3.12/site-packages/airflow/example_dags/example_xcomargs.py
[2024-09-09T15:47:28.292+0000] {logging_mixin.py:188} INFO - [2024-09-09T15:47:28.292+0000] {dag.py:3089} INFO - Sync 2 DAGs
[2024-09-09T15:47:28.305+0000] {logging_mixin.py:188} INFO - [2024-09-09T15:47:28.305+0000] {dag.py:3947} INFO - Setting next_dagrun for example_xcom_args to None, run_after=None
[2024-09-09T15:47:28.309+0000] {logging_mixin.py:188} INFO - [2024-09-09T15:47:28.309+0000] {dag.py:3947} INFO - Setting next_dagrun for example_xcom_args_with_operators to None, run_after=None
[2024-09-09T15:47:28.327+0000] {processor.py:183} INFO - Processing /home/airflow/.local/lib/python3.12/site-packages/airflow/example_dags/example_xcomargs.py took 0.076 seconds
[2024-09-09T15:47:59.843+0000] {processor.py:161} INFO - Started process (PID=1513) to work on /home/airflow/.local/lib/python3.12/site-packages/airflow/example_dags/example_xcomargs.py
[2024-09-09T15:47:59.844+0000] {processor.py:830} INFO - Processing file /home/airflow/.local/lib/python3.12/site-packages/airflow/example_dags/example_xcomargs.py for tasks to queue
[2024-09-09T15:47:59.846+0000] {logging_mixin.py:188} INFO - [2024-09-09T15:47:59.845+0000] {dagbag.py:545} INFO - Filling up the DagBag from /home/airflow/.local/lib/python3.12/site-packages/airflow/example_dags/example_xcomargs.py
[2024-09-09T15:47:59.854+0000] {processor.py:840} INFO - DAG(s) 'example_xcom_args', 'example_xcom_args_with_operators' retrieved from /home/airflow/.local/lib/python3.12/site-packages/airflow/example_dags/example_xcomargs.py
[2024-09-09T15:48:00.006+0000] {logging_mixin.py:188} INFO - [2024-09-09T15:48:00.005+0000] {dag.py:3089} INFO - Sync 2 DAGs
[2024-09-09T15:48:00.019+0000] {logging_mixin.py:188} INFO - [2024-09-09T15:48:00.019+0000] {dag.py:3947} INFO - Setting next_dagrun for example_xcom_args to None, run_after=None
[2024-09-09T15:48:00.023+0000] {logging_mixin.py:188} INFO - [2024-09-09T15:48:00.023+0000] {dag.py:3947} INFO - Setting next_dagrun for example_xcom_args_with_operators to None, run_after=None
[2024-09-09T15:48:00.041+0000] {processor.py:183} INFO - Processing /home/airflow/.local/lib/python3.12/site-packages/airflow/example_dags/example_xcomargs.py took 0.204 seconds
