[2024-09-09T15:35:46.966+0000] {processor.py:161} INFO - Started process (PID=74) to work on /home/airflow/.local/lib/python3.12/site-packages/airflow/example_dags/example_datasets.py
[2024-09-09T15:35:46.967+0000] {processor.py:830} INFO - Processing file /home/airflow/.local/lib/python3.12/site-packages/airflow/example_dags/example_datasets.py for tasks to queue
[2024-09-09T15:35:46.970+0000] {logging_mixin.py:188} INFO - [2024-09-09T15:35:46.969+0000] {dagbag.py:545} INFO - Filling up the DagBag from /home/airflow/.local/lib/python3.12/site-packages/airflow/example_dags/example_datasets.py
[2024-09-09T15:35:47.004+0000] {processor.py:840} INFO - DAG(s) 'dataset_consumes_1', 'dataset_consumes_1_never_scheduled', 'consume_1_or_both_2_and_3_with_dataset_expressions', 'consume_1_and_2_with_dataset_expressions', 'dataset_consumes_unknown_never_scheduled', 'dataset_consumes_1_and_2', 'consume_1_or_2_with_dataset_expressions', 'dataset_produces_2', 'dataset_produces_1', 'conditional_dataset_and_time_based_timetable' retrieved from /home/airflow/.local/lib/python3.12/site-packages/airflow/example_dags/example_datasets.py
[2024-09-09T15:35:47.359+0000] {logging_mixin.py:188} INFO - [2024-09-09T15:35:47.358+0000] {dag.py:3089} INFO - Sync 10 DAGs
[2024-09-09T15:35:47.383+0000] {logging_mixin.py:188} INFO - [2024-09-09T15:35:47.382+0000] {dag.py:3947} INFO - Setting next_dagrun for conditional_dataset_and_time_based_timetable to 2024-09-04 01:00:00+00:00, run_after=2024-09-04 01:00:00+00:00
[2024-09-09T15:35:47.387+0000] {logging_mixin.py:188} INFO - [2024-09-09T15:35:47.387+0000] {dag.py:3947} INFO - Setting next_dagrun for consume_1_and_2_with_dataset_expressions to None, run_after=None
[2024-09-09T15:35:47.389+0000] {logging_mixin.py:188} INFO - [2024-09-09T15:35:47.389+0000] {dag.py:3947} INFO - Setting next_dagrun for consume_1_or_2_with_dataset_expressions to None, run_after=None
[2024-09-09T15:35:47.390+0000] {logging_mixin.py:188} INFO - [2024-09-09T15:35:47.390+0000] {dag.py:3947} INFO - Setting next_dagrun for consume_1_or_both_2_and_3_with_dataset_expressions to None, run_after=None
[2024-09-09T15:35:47.392+0000] {logging_mixin.py:188} INFO - [2024-09-09T15:35:47.392+0000] {dag.py:3947} INFO - Setting next_dagrun for dataset_consumes_1 to None, run_after=None
[2024-09-09T15:35:47.394+0000] {logging_mixin.py:188} INFO - [2024-09-09T15:35:47.393+0000] {dag.py:3947} INFO - Setting next_dagrun for dataset_consumes_1_and_2 to None, run_after=None
[2024-09-09T15:35:47.395+0000] {logging_mixin.py:188} INFO - [2024-09-09T15:35:47.395+0000] {dag.py:3947} INFO - Setting next_dagrun for dataset_consumes_1_never_scheduled to None, run_after=None
[2024-09-09T15:35:47.397+0000] {logging_mixin.py:188} INFO - [2024-09-09T15:35:47.396+0000] {dag.py:3947} INFO - Setting next_dagrun for dataset_consumes_unknown_never_scheduled to None, run_after=None
[2024-09-09T15:35:47.401+0000] {logging_mixin.py:188} INFO - [2024-09-09T15:35:47.400+0000] {dag.py:3947} INFO - Setting next_dagrun for dataset_produces_1 to 2024-09-08 00:00:00+00:00, run_after=2024-09-09 00:00:00+00:00
[2024-09-09T15:35:47.403+0000] {logging_mixin.py:188} INFO - [2024-09-09T15:35:47.402+0000] {dag.py:3947} INFO - Setting next_dagrun for dataset_produces_2 to None, run_after=None
[2024-09-09T15:35:47.447+0000] {processor.py:183} INFO - Processing /home/airflow/.local/lib/python3.12/site-packages/airflow/example_dags/example_datasets.py took 0.489 seconds
[2024-09-09T15:36:17.900+0000] {processor.py:161} INFO - Started process (PID=134) to work on /home/airflow/.local/lib/python3.12/site-packages/airflow/example_dags/example_datasets.py
[2024-09-09T15:36:17.902+0000] {processor.py:830} INFO - Processing file /home/airflow/.local/lib/python3.12/site-packages/airflow/example_dags/example_datasets.py for tasks to queue
[2024-09-09T15:36:17.904+0000] {logging_mixin.py:188} INFO - [2024-09-09T15:36:17.903+0000] {dagbag.py:545} INFO - Filling up the DagBag from /home/airflow/.local/lib/python3.12/site-packages/airflow/example_dags/example_datasets.py
[2024-09-09T15:36:17.919+0000] {processor.py:840} INFO - DAG(s) 'dataset_consumes_1_and_2', 'dataset_consumes_unknown_never_scheduled', 'dataset_consumes_1_never_scheduled', 'conditional_dataset_and_time_based_timetable', 'dataset_produces_2', 'consume_1_or_2_with_dataset_expressions', 'consume_1_or_both_2_and_3_with_dataset_expressions', 'dataset_consumes_1', 'consume_1_and_2_with_dataset_expressions', 'dataset_produces_1' retrieved from /home/airflow/.local/lib/python3.12/site-packages/airflow/example_dags/example_datasets.py
[2024-09-09T15:36:17.965+0000] {logging_mixin.py:188} INFO - [2024-09-09T15:36:17.965+0000] {dag.py:3089} INFO - Sync 10 DAGs
[2024-09-09T15:36:17.992+0000] {logging_mixin.py:188} INFO - [2024-09-09T15:36:17.991+0000] {dag.py:3947} INFO - Setting next_dagrun for conditional_dataset_and_time_based_timetable to 2024-09-04 01:00:00+00:00, run_after=2024-09-04 01:00:00+00:00
[2024-09-09T15:36:17.996+0000] {logging_mixin.py:188} INFO - [2024-09-09T15:36:17.996+0000] {dag.py:3947} INFO - Setting next_dagrun for consume_1_and_2_with_dataset_expressions to None, run_after=None
[2024-09-09T15:36:17.997+0000] {logging_mixin.py:188} INFO - [2024-09-09T15:36:17.997+0000] {dag.py:3947} INFO - Setting next_dagrun for consume_1_or_2_with_dataset_expressions to None, run_after=None
[2024-09-09T15:36:17.999+0000] {logging_mixin.py:188} INFO - [2024-09-09T15:36:17.998+0000] {dag.py:3947} INFO - Setting next_dagrun for consume_1_or_both_2_and_3_with_dataset_expressions to None, run_after=None
[2024-09-09T15:36:18.000+0000] {logging_mixin.py:188} INFO - [2024-09-09T15:36:18.000+0000] {dag.py:3947} INFO - Setting next_dagrun for dataset_consumes_1 to None, run_after=None
[2024-09-09T15:36:18.001+0000] {logging_mixin.py:188} INFO - [2024-09-09T15:36:18.001+0000] {dag.py:3947} INFO - Setting next_dagrun for dataset_consumes_1_and_2 to None, run_after=None
[2024-09-09T15:36:18.002+0000] {logging_mixin.py:188} INFO - [2024-09-09T15:36:18.002+0000] {dag.py:3947} INFO - Setting next_dagrun for dataset_consumes_1_never_scheduled to None, run_after=None
[2024-09-09T15:36:18.003+0000] {logging_mixin.py:188} INFO - [2024-09-09T15:36:18.003+0000] {dag.py:3947} INFO - Setting next_dagrun for dataset_consumes_unknown_never_scheduled to None, run_after=None
[2024-09-09T15:36:18.006+0000] {logging_mixin.py:188} INFO - [2024-09-09T15:36:18.006+0000] {dag.py:3947} INFO - Setting next_dagrun for dataset_produces_1 to 2024-09-08 00:00:00+00:00, run_after=2024-09-09 00:00:00+00:00
[2024-09-09T15:36:18.007+0000] {logging_mixin.py:188} INFO - [2024-09-09T15:36:18.007+0000] {dag.py:3947} INFO - Setting next_dagrun for dataset_produces_2 to None, run_after=None
[2024-09-09T15:36:18.042+0000] {processor.py:183} INFO - Processing /home/airflow/.local/lib/python3.12/site-packages/airflow/example_dags/example_datasets.py took 0.147 seconds
[2024-09-09T15:36:48.230+0000] {processor.py:161} INFO - Started process (PID=194) to work on /home/airflow/.local/lib/python3.12/site-packages/airflow/example_dags/example_datasets.py
[2024-09-09T15:36:48.231+0000] {processor.py:830} INFO - Processing file /home/airflow/.local/lib/python3.12/site-packages/airflow/example_dags/example_datasets.py for tasks to queue
[2024-09-09T15:36:48.232+0000] {logging_mixin.py:188} INFO - [2024-09-09T15:36:48.232+0000] {dagbag.py:545} INFO - Filling up the DagBag from /home/airflow/.local/lib/python3.12/site-packages/airflow/example_dags/example_datasets.py
[2024-09-09T15:36:48.247+0000] {processor.py:840} INFO - DAG(s) 'dataset_consumes_1', 'dataset_consumes_1_and_2', 'consume_1_or_2_with_dataset_expressions', 'consume_1_or_both_2_and_3_with_dataset_expressions', 'dataset_produces_1', 'dataset_consumes_unknown_never_scheduled', 'consume_1_and_2_with_dataset_expressions', 'conditional_dataset_and_time_based_timetable', 'dataset_consumes_1_never_scheduled', 'dataset_produces_2' retrieved from /home/airflow/.local/lib/python3.12/site-packages/airflow/example_dags/example_datasets.py
[2024-09-09T15:36:48.298+0000] {logging_mixin.py:188} INFO - [2024-09-09T15:36:48.298+0000] {dag.py:3089} INFO - Sync 10 DAGs
[2024-09-09T15:36:48.324+0000] {logging_mixin.py:188} INFO - [2024-09-09T15:36:48.323+0000] {dag.py:3947} INFO - Setting next_dagrun for conditional_dataset_and_time_based_timetable to 2024-09-04 01:00:00+00:00, run_after=2024-09-04 01:00:00+00:00
[2024-09-09T15:36:48.328+0000] {logging_mixin.py:188} INFO - [2024-09-09T15:36:48.328+0000] {dag.py:3947} INFO - Setting next_dagrun for consume_1_and_2_with_dataset_expressions to None, run_after=None
[2024-09-09T15:36:48.329+0000] {logging_mixin.py:188} INFO - [2024-09-09T15:36:48.329+0000] {dag.py:3947} INFO - Setting next_dagrun for consume_1_or_2_with_dataset_expressions to None, run_after=None
[2024-09-09T15:36:48.331+0000] {logging_mixin.py:188} INFO - [2024-09-09T15:36:48.331+0000] {dag.py:3947} INFO - Setting next_dagrun for consume_1_or_both_2_and_3_with_dataset_expressions to None, run_after=None
[2024-09-09T15:36:48.332+0000] {logging_mixin.py:188} INFO - [2024-09-09T15:36:48.332+0000] {dag.py:3947} INFO - Setting next_dagrun for dataset_consumes_1 to None, run_after=None
[2024-09-09T15:36:48.333+0000] {logging_mixin.py:188} INFO - [2024-09-09T15:36:48.333+0000] {dag.py:3947} INFO - Setting next_dagrun for dataset_consumes_1_and_2 to None, run_after=None
[2024-09-09T15:36:48.335+0000] {logging_mixin.py:188} INFO - [2024-09-09T15:36:48.335+0000] {dag.py:3947} INFO - Setting next_dagrun for dataset_consumes_1_never_scheduled to None, run_after=None
[2024-09-09T15:36:48.336+0000] {logging_mixin.py:188} INFO - [2024-09-09T15:36:48.336+0000] {dag.py:3947} INFO - Setting next_dagrun for dataset_consumes_unknown_never_scheduled to None, run_after=None
[2024-09-09T15:36:48.339+0000] {logging_mixin.py:188} INFO - [2024-09-09T15:36:48.338+0000] {dag.py:3947} INFO - Setting next_dagrun for dataset_produces_1 to 2024-09-08 00:00:00+00:00, run_after=2024-09-09 00:00:00+00:00
[2024-09-09T15:36:48.340+0000] {logging_mixin.py:188} INFO - [2024-09-09T15:36:48.340+0000] {dag.py:3947} INFO - Setting next_dagrun for dataset_produces_2 to None, run_after=None
[2024-09-09T15:36:48.375+0000] {processor.py:183} INFO - Processing /home/airflow/.local/lib/python3.12/site-packages/airflow/example_dags/example_datasets.py took 0.151 seconds
[2024-09-09T15:37:18.421+0000] {processor.py:161} INFO - Started process (PID=252) to work on /home/airflow/.local/lib/python3.12/site-packages/airflow/example_dags/example_datasets.py
[2024-09-09T15:37:18.422+0000] {processor.py:830} INFO - Processing file /home/airflow/.local/lib/python3.12/site-packages/airflow/example_dags/example_datasets.py for tasks to queue
[2024-09-09T15:37:18.424+0000] {logging_mixin.py:188} INFO - [2024-09-09T15:37:18.424+0000] {dagbag.py:545} INFO - Filling up the DagBag from /home/airflow/.local/lib/python3.12/site-packages/airflow/example_dags/example_datasets.py
[2024-09-09T15:37:18.440+0000] {processor.py:840} INFO - DAG(s) 'dataset_consumes_unknown_never_scheduled', 'consume_1_or_2_with_dataset_expressions', 'dataset_consumes_1_never_scheduled', 'dataset_produces_1', 'consume_1_and_2_with_dataset_expressions', 'dataset_produces_2', 'consume_1_or_both_2_and_3_with_dataset_expressions', 'dataset_consumes_1', 'conditional_dataset_and_time_based_timetable', 'dataset_consumes_1_and_2' retrieved from /home/airflow/.local/lib/python3.12/site-packages/airflow/example_dags/example_datasets.py
[2024-09-09T15:37:18.487+0000] {logging_mixin.py:188} INFO - [2024-09-09T15:37:18.486+0000] {dag.py:3089} INFO - Sync 10 DAGs
[2024-09-09T15:37:18.513+0000] {logging_mixin.py:188} INFO - [2024-09-09T15:37:18.513+0000] {dag.py:3947} INFO - Setting next_dagrun for conditional_dataset_and_time_based_timetable to 2024-09-04 01:00:00+00:00, run_after=2024-09-04 01:00:00+00:00
[2024-09-09T15:37:18.519+0000] {logging_mixin.py:188} INFO - [2024-09-09T15:37:18.519+0000] {dag.py:3947} INFO - Setting next_dagrun for consume_1_and_2_with_dataset_expressions to None, run_after=None
[2024-09-09T15:37:18.521+0000] {logging_mixin.py:188} INFO - [2024-09-09T15:37:18.520+0000] {dag.py:3947} INFO - Setting next_dagrun for consume_1_or_2_with_dataset_expressions to None, run_after=None
[2024-09-09T15:37:18.523+0000] {logging_mixin.py:188} INFO - [2024-09-09T15:37:18.522+0000] {dag.py:3947} INFO - Setting next_dagrun for consume_1_or_both_2_and_3_with_dataset_expressions to None, run_after=None
[2024-09-09T15:37:18.525+0000] {logging_mixin.py:188} INFO - [2024-09-09T15:37:18.524+0000] {dag.py:3947} INFO - Setting next_dagrun for dataset_consumes_1 to None, run_after=None
[2024-09-09T15:37:18.526+0000] {logging_mixin.py:188} INFO - [2024-09-09T15:37:18.526+0000] {dag.py:3947} INFO - Setting next_dagrun for dataset_consumes_1_and_2 to None, run_after=None
[2024-09-09T15:37:18.528+0000] {logging_mixin.py:188} INFO - [2024-09-09T15:37:18.528+0000] {dag.py:3947} INFO - Setting next_dagrun for dataset_consumes_1_never_scheduled to None, run_after=None
[2024-09-09T15:37:18.530+0000] {logging_mixin.py:188} INFO - [2024-09-09T15:37:18.530+0000] {dag.py:3947} INFO - Setting next_dagrun for dataset_consumes_unknown_never_scheduled to None, run_after=None
[2024-09-09T15:37:18.533+0000] {logging_mixin.py:188} INFO - [2024-09-09T15:37:18.532+0000] {dag.py:3947} INFO - Setting next_dagrun for dataset_produces_1 to 2024-09-08 00:00:00+00:00, run_after=2024-09-09 00:00:00+00:00
[2024-09-09T15:37:18.534+0000] {logging_mixin.py:188} INFO - [2024-09-09T15:37:18.534+0000] {dag.py:3947} INFO - Setting next_dagrun for dataset_produces_2 to None, run_after=None
[2024-09-09T15:37:18.570+0000] {processor.py:183} INFO - Processing /home/airflow/.local/lib/python3.12/site-packages/airflow/example_dags/example_datasets.py took 0.155 seconds
[2024-09-09T15:37:48.745+0000] {processor.py:161} INFO - Started process (PID=312) to work on /home/airflow/.local/lib/python3.12/site-packages/airflow/example_dags/example_datasets.py
[2024-09-09T15:37:48.746+0000] {processor.py:830} INFO - Processing file /home/airflow/.local/lib/python3.12/site-packages/airflow/example_dags/example_datasets.py for tasks to queue
[2024-09-09T15:37:48.748+0000] {logging_mixin.py:188} INFO - [2024-09-09T15:37:48.747+0000] {dagbag.py:545} INFO - Filling up the DagBag from /home/airflow/.local/lib/python3.12/site-packages/airflow/example_dags/example_datasets.py
[2024-09-09T15:37:48.762+0000] {processor.py:840} INFO - DAG(s) 'consume_1_or_2_with_dataset_expressions', 'dataset_consumes_unknown_never_scheduled', 'dataset_consumes_1', 'dataset_consumes_1_never_scheduled', 'consume_1_and_2_with_dataset_expressions', 'dataset_produces_2', 'dataset_produces_1', 'dataset_consumes_1_and_2', 'conditional_dataset_and_time_based_timetable', 'consume_1_or_both_2_and_3_with_dataset_expressions' retrieved from /home/airflow/.local/lib/python3.12/site-packages/airflow/example_dags/example_datasets.py
[2024-09-09T15:37:48.808+0000] {logging_mixin.py:188} INFO - [2024-09-09T15:37:48.808+0000] {dag.py:3089} INFO - Sync 10 DAGs
[2024-09-09T15:37:48.833+0000] {logging_mixin.py:188} INFO - [2024-09-09T15:37:48.833+0000] {dag.py:3947} INFO - Setting next_dagrun for conditional_dataset_and_time_based_timetable to 2024-09-04 01:00:00+00:00, run_after=2024-09-04 01:00:00+00:00
[2024-09-09T15:37:48.838+0000] {logging_mixin.py:188} INFO - [2024-09-09T15:37:48.838+0000] {dag.py:3947} INFO - Setting next_dagrun for consume_1_and_2_with_dataset_expressions to None, run_after=None
[2024-09-09T15:37:48.840+0000] {logging_mixin.py:188} INFO - [2024-09-09T15:37:48.840+0000] {dag.py:3947} INFO - Setting next_dagrun for consume_1_or_2_with_dataset_expressions to None, run_after=None
[2024-09-09T15:37:48.842+0000] {logging_mixin.py:188} INFO - [2024-09-09T15:37:48.841+0000] {dag.py:3947} INFO - Setting next_dagrun for consume_1_or_both_2_and_3_with_dataset_expressions to None, run_after=None
[2024-09-09T15:37:48.843+0000] {logging_mixin.py:188} INFO - [2024-09-09T15:37:48.843+0000] {dag.py:3947} INFO - Setting next_dagrun for dataset_consumes_1 to None, run_after=None
[2024-09-09T15:37:48.845+0000] {logging_mixin.py:188} INFO - [2024-09-09T15:37:48.845+0000] {dag.py:3947} INFO - Setting next_dagrun for dataset_consumes_1_and_2 to None, run_after=None
[2024-09-09T15:37:48.846+0000] {logging_mixin.py:188} INFO - [2024-09-09T15:37:48.846+0000] {dag.py:3947} INFO - Setting next_dagrun for dataset_consumes_1_never_scheduled to None, run_after=None
[2024-09-09T15:37:48.849+0000] {logging_mixin.py:188} INFO - [2024-09-09T15:37:48.849+0000] {dag.py:3947} INFO - Setting next_dagrun for dataset_consumes_unknown_never_scheduled to None, run_after=None
[2024-09-09T15:37:48.852+0000] {logging_mixin.py:188} INFO - [2024-09-09T15:37:48.852+0000] {dag.py:3947} INFO - Setting next_dagrun for dataset_produces_1 to 2024-09-08 00:00:00+00:00, run_after=2024-09-09 00:00:00+00:00
[2024-09-09T15:37:48.853+0000] {logging_mixin.py:188} INFO - [2024-09-09T15:37:48.853+0000] {dag.py:3947} INFO - Setting next_dagrun for dataset_produces_2 to None, run_after=None
[2024-09-09T15:37:48.887+0000] {processor.py:183} INFO - Processing /home/airflow/.local/lib/python3.12/site-packages/airflow/example_dags/example_datasets.py took 0.150 seconds
[2024-09-09T15:38:19.237+0000] {processor.py:161} INFO - Started process (PID=372) to work on /home/airflow/.local/lib/python3.12/site-packages/airflow/example_dags/example_datasets.py
[2024-09-09T15:38:19.238+0000] {processor.py:830} INFO - Processing file /home/airflow/.local/lib/python3.12/site-packages/airflow/example_dags/example_datasets.py for tasks to queue
[2024-09-09T15:38:19.240+0000] {logging_mixin.py:188} INFO - [2024-09-09T15:38:19.239+0000] {dagbag.py:545} INFO - Filling up the DagBag from /home/airflow/.local/lib/python3.12/site-packages/airflow/example_dags/example_datasets.py
[2024-09-09T15:38:19.254+0000] {processor.py:840} INFO - DAG(s) 'dataset_consumes_unknown_never_scheduled', 'dataset_produces_1', 'consume_1_or_2_with_dataset_expressions', 'conditional_dataset_and_time_based_timetable', 'dataset_produces_2', 'dataset_consumes_1', 'dataset_consumes_1_and_2', 'consume_1_or_both_2_and_3_with_dataset_expressions', 'consume_1_and_2_with_dataset_expressions', 'dataset_consumes_1_never_scheduled' retrieved from /home/airflow/.local/lib/python3.12/site-packages/airflow/example_dags/example_datasets.py
[2024-09-09T15:38:19.311+0000] {logging_mixin.py:188} INFO - [2024-09-09T15:38:19.310+0000] {dag.py:3089} INFO - Sync 10 DAGs
[2024-09-09T15:38:19.354+0000] {logging_mixin.py:188} INFO - [2024-09-09T15:38:19.353+0000] {dag.py:3947} INFO - Setting next_dagrun for conditional_dataset_and_time_based_timetable to 2024-09-04 01:00:00+00:00, run_after=2024-09-04 01:00:00+00:00
[2024-09-09T15:38:19.360+0000] {logging_mixin.py:188} INFO - [2024-09-09T15:38:19.360+0000] {dag.py:3947} INFO - Setting next_dagrun for consume_1_and_2_with_dataset_expressions to None, run_after=None
[2024-09-09T15:38:19.362+0000] {logging_mixin.py:188} INFO - [2024-09-09T15:38:19.362+0000] {dag.py:3947} INFO - Setting next_dagrun for consume_1_or_2_with_dataset_expressions to None, run_after=None
[2024-09-09T15:38:19.364+0000] {logging_mixin.py:188} INFO - [2024-09-09T15:38:19.364+0000] {dag.py:3947} INFO - Setting next_dagrun for consume_1_or_both_2_and_3_with_dataset_expressions to None, run_after=None
[2024-09-09T15:38:19.366+0000] {logging_mixin.py:188} INFO - [2024-09-09T15:38:19.366+0000] {dag.py:3947} INFO - Setting next_dagrun for dataset_consumes_1 to None, run_after=None
[2024-09-09T15:38:19.368+0000] {logging_mixin.py:188} INFO - [2024-09-09T15:38:19.368+0000] {dag.py:3947} INFO - Setting next_dagrun for dataset_consumes_1_and_2 to None, run_after=None
[2024-09-09T15:38:19.369+0000] {logging_mixin.py:188} INFO - [2024-09-09T15:38:19.369+0000] {dag.py:3947} INFO - Setting next_dagrun for dataset_consumes_1_never_scheduled to None, run_after=None
[2024-09-09T15:38:19.371+0000] {logging_mixin.py:188} INFO - [2024-09-09T15:38:19.371+0000] {dag.py:3947} INFO - Setting next_dagrun for dataset_consumes_unknown_never_scheduled to None, run_after=None
[2024-09-09T15:38:19.374+0000] {logging_mixin.py:188} INFO - [2024-09-09T15:38:19.374+0000] {dag.py:3947} INFO - Setting next_dagrun for dataset_produces_1 to 2024-09-08 00:00:00+00:00, run_after=2024-09-09 00:00:00+00:00
[2024-09-09T15:38:19.376+0000] {logging_mixin.py:188} INFO - [2024-09-09T15:38:19.376+0000] {dag.py:3947} INFO - Setting next_dagrun for dataset_produces_2 to None, run_after=None
[2024-09-09T15:38:19.417+0000] {processor.py:183} INFO - Processing /home/airflow/.local/lib/python3.12/site-packages/airflow/example_dags/example_datasets.py took 0.187 seconds
[2024-09-09T15:38:49.812+0000] {processor.py:161} INFO - Started process (PID=432) to work on /home/airflow/.local/lib/python3.12/site-packages/airflow/example_dags/example_datasets.py
[2024-09-09T15:38:49.813+0000] {processor.py:830} INFO - Processing file /home/airflow/.local/lib/python3.12/site-packages/airflow/example_dags/example_datasets.py for tasks to queue
[2024-09-09T15:38:49.815+0000] {logging_mixin.py:188} INFO - [2024-09-09T15:38:49.815+0000] {dagbag.py:545} INFO - Filling up the DagBag from /home/airflow/.local/lib/python3.12/site-packages/airflow/example_dags/example_datasets.py
[2024-09-09T15:38:49.830+0000] {processor.py:840} INFO - DAG(s) 'dataset_consumes_1_and_2', 'conditional_dataset_and_time_based_timetable', 'consume_1_or_both_2_and_3_with_dataset_expressions', 'consume_1_or_2_with_dataset_expressions', 'dataset_produces_2', 'dataset_consumes_1_never_scheduled', 'dataset_consumes_1', 'dataset_produces_1', 'consume_1_and_2_with_dataset_expressions', 'dataset_consumes_unknown_never_scheduled' retrieved from /home/airflow/.local/lib/python3.12/site-packages/airflow/example_dags/example_datasets.py
[2024-09-09T15:38:49.881+0000] {logging_mixin.py:188} INFO - [2024-09-09T15:38:49.881+0000] {dag.py:3089} INFO - Sync 10 DAGs
[2024-09-09T15:38:49.920+0000] {logging_mixin.py:188} INFO - [2024-09-09T15:38:49.920+0000] {dag.py:3947} INFO - Setting next_dagrun for conditional_dataset_and_time_based_timetable to 2024-09-04 01:00:00+00:00, run_after=2024-09-04 01:00:00+00:00
[2024-09-09T15:38:49.925+0000] {logging_mixin.py:188} INFO - [2024-09-09T15:38:49.925+0000] {dag.py:3947} INFO - Setting next_dagrun for consume_1_and_2_with_dataset_expressions to None, run_after=None
[2024-09-09T15:38:49.928+0000] {logging_mixin.py:188} INFO - [2024-09-09T15:38:49.928+0000] {dag.py:3947} INFO - Setting next_dagrun for consume_1_or_2_with_dataset_expressions to None, run_after=None
[2024-09-09T15:38:49.930+0000] {logging_mixin.py:188} INFO - [2024-09-09T15:38:49.930+0000] {dag.py:3947} INFO - Setting next_dagrun for consume_1_or_both_2_and_3_with_dataset_expressions to None, run_after=None
[2024-09-09T15:38:49.933+0000] {logging_mixin.py:188} INFO - [2024-09-09T15:38:49.932+0000] {dag.py:3947} INFO - Setting next_dagrun for dataset_consumes_1 to None, run_after=None
[2024-09-09T15:38:49.934+0000] {logging_mixin.py:188} INFO - [2024-09-09T15:38:49.934+0000] {dag.py:3947} INFO - Setting next_dagrun for dataset_consumes_1_and_2 to None, run_after=None
[2024-09-09T15:38:49.937+0000] {logging_mixin.py:188} INFO - [2024-09-09T15:38:49.936+0000] {dag.py:3947} INFO - Setting next_dagrun for dataset_consumes_1_never_scheduled to None, run_after=None
[2024-09-09T15:38:49.939+0000] {logging_mixin.py:188} INFO - [2024-09-09T15:38:49.938+0000] {dag.py:3947} INFO - Setting next_dagrun for dataset_consumes_unknown_never_scheduled to None, run_after=None
[2024-09-09T15:38:49.942+0000] {logging_mixin.py:188} INFO - [2024-09-09T15:38:49.942+0000] {dag.py:3947} INFO - Setting next_dagrun for dataset_produces_1 to 2024-09-08 00:00:00+00:00, run_after=2024-09-09 00:00:00+00:00
[2024-09-09T15:38:49.944+0000] {logging_mixin.py:188} INFO - [2024-09-09T15:38:49.944+0000] {dag.py:3947} INFO - Setting next_dagrun for dataset_produces_2 to None, run_after=None
[2024-09-09T15:38:49.982+0000] {processor.py:183} INFO - Processing /home/airflow/.local/lib/python3.12/site-packages/airflow/example_dags/example_datasets.py took 0.176 seconds
[2024-09-09T15:39:20.474+0000] {processor.py:161} INFO - Started process (PID=492) to work on /home/airflow/.local/lib/python3.12/site-packages/airflow/example_dags/example_datasets.py
[2024-09-09T15:39:20.475+0000] {processor.py:830} INFO - Processing file /home/airflow/.local/lib/python3.12/site-packages/airflow/example_dags/example_datasets.py for tasks to queue
[2024-09-09T15:39:20.478+0000] {logging_mixin.py:188} INFO - [2024-09-09T15:39:20.477+0000] {dagbag.py:545} INFO - Filling up the DagBag from /home/airflow/.local/lib/python3.12/site-packages/airflow/example_dags/example_datasets.py
[2024-09-09T15:39:20.491+0000] {processor.py:840} INFO - DAG(s) 'dataset_produces_2', 'consume_1_or_both_2_and_3_with_dataset_expressions', 'consume_1_or_2_with_dataset_expressions', 'conditional_dataset_and_time_based_timetable', 'dataset_consumes_1_and_2', 'consume_1_and_2_with_dataset_expressions', 'dataset_produces_1', 'dataset_consumes_1_never_scheduled', 'dataset_consumes_unknown_never_scheduled', 'dataset_consumes_1' retrieved from /home/airflow/.local/lib/python3.12/site-packages/airflow/example_dags/example_datasets.py
[2024-09-09T15:39:20.537+0000] {logging_mixin.py:188} INFO - [2024-09-09T15:39:20.537+0000] {dag.py:3089} INFO - Sync 10 DAGs
[2024-09-09T15:39:20.565+0000] {logging_mixin.py:188} INFO - [2024-09-09T15:39:20.565+0000] {dag.py:3947} INFO - Setting next_dagrun for conditional_dataset_and_time_based_timetable to 2024-09-04 01:00:00+00:00, run_after=2024-09-04 01:00:00+00:00
[2024-09-09T15:39:20.571+0000] {logging_mixin.py:188} INFO - [2024-09-09T15:39:20.570+0000] {dag.py:3947} INFO - Setting next_dagrun for consume_1_and_2_with_dataset_expressions to None, run_after=None
[2024-09-09T15:39:20.573+0000] {logging_mixin.py:188} INFO - [2024-09-09T15:39:20.572+0000] {dag.py:3947} INFO - Setting next_dagrun for consume_1_or_2_with_dataset_expressions to None, run_after=None
[2024-09-09T15:39:20.575+0000] {logging_mixin.py:188} INFO - [2024-09-09T15:39:20.574+0000] {dag.py:3947} INFO - Setting next_dagrun for consume_1_or_both_2_and_3_with_dataset_expressions to None, run_after=None
[2024-09-09T15:39:20.577+0000] {logging_mixin.py:188} INFO - [2024-09-09T15:39:20.576+0000] {dag.py:3947} INFO - Setting next_dagrun for dataset_consumes_1 to None, run_after=None
[2024-09-09T15:39:20.578+0000] {logging_mixin.py:188} INFO - [2024-09-09T15:39:20.578+0000] {dag.py:3947} INFO - Setting next_dagrun for dataset_consumes_1_and_2 to None, run_after=None
[2024-09-09T15:39:20.579+0000] {logging_mixin.py:188} INFO - [2024-09-09T15:39:20.579+0000] {dag.py:3947} INFO - Setting next_dagrun for dataset_consumes_1_never_scheduled to None, run_after=None
[2024-09-09T15:39:20.580+0000] {logging_mixin.py:188} INFO - [2024-09-09T15:39:20.580+0000] {dag.py:3947} INFO - Setting next_dagrun for dataset_consumes_unknown_never_scheduled to None, run_after=None
[2024-09-09T15:39:20.583+0000] {logging_mixin.py:188} INFO - [2024-09-09T15:39:20.583+0000] {dag.py:3947} INFO - Setting next_dagrun for dataset_produces_1 to 2024-09-08 00:00:00+00:00, run_after=2024-09-09 00:00:00+00:00
[2024-09-09T15:39:20.584+0000] {logging_mixin.py:188} INFO - [2024-09-09T15:39:20.584+0000] {dag.py:3947} INFO - Setting next_dagrun for dataset_produces_2 to None, run_after=None
[2024-09-09T15:39:20.618+0000] {processor.py:183} INFO - Processing /home/airflow/.local/lib/python3.12/site-packages/airflow/example_dags/example_datasets.py took 0.149 seconds
[2024-09-09T15:39:50.778+0000] {processor.py:161} INFO - Started process (PID=553) to work on /home/airflow/.local/lib/python3.12/site-packages/airflow/example_dags/example_datasets.py
[2024-09-09T15:39:50.779+0000] {processor.py:830} INFO - Processing file /home/airflow/.local/lib/python3.12/site-packages/airflow/example_dags/example_datasets.py for tasks to queue
[2024-09-09T15:39:50.781+0000] {logging_mixin.py:188} INFO - [2024-09-09T15:39:50.781+0000] {dagbag.py:545} INFO - Filling up the DagBag from /home/airflow/.local/lib/python3.12/site-packages/airflow/example_dags/example_datasets.py
[2024-09-09T15:39:50.796+0000] {processor.py:840} INFO - DAG(s) 'dataset_consumes_1_and_2', 'dataset_produces_1', 'consume_1_or_2_with_dataset_expressions', 'dataset_consumes_1', 'consume_1_or_both_2_and_3_with_dataset_expressions', 'dataset_consumes_unknown_never_scheduled', 'dataset_consumes_1_never_scheduled', 'conditional_dataset_and_time_based_timetable', 'dataset_produces_2', 'consume_1_and_2_with_dataset_expressions' retrieved from /home/airflow/.local/lib/python3.12/site-packages/airflow/example_dags/example_datasets.py
[2024-09-09T15:39:50.848+0000] {logging_mixin.py:188} INFO - [2024-09-09T15:39:50.848+0000] {dag.py:3089} INFO - Sync 10 DAGs
[2024-09-09T15:39:50.875+0000] {logging_mixin.py:188} INFO - [2024-09-09T15:39:50.875+0000] {dag.py:3947} INFO - Setting next_dagrun for conditional_dataset_and_time_based_timetable to 2024-09-04 01:00:00+00:00, run_after=2024-09-04 01:00:00+00:00
[2024-09-09T15:39:50.881+0000] {logging_mixin.py:188} INFO - [2024-09-09T15:39:50.880+0000] {dag.py:3947} INFO - Setting next_dagrun for consume_1_and_2_with_dataset_expressions to None, run_after=None
[2024-09-09T15:39:50.882+0000] {logging_mixin.py:188} INFO - [2024-09-09T15:39:50.882+0000] {dag.py:3947} INFO - Setting next_dagrun for consume_1_or_2_with_dataset_expressions to None, run_after=None
[2024-09-09T15:39:50.884+0000] {logging_mixin.py:188} INFO - [2024-09-09T15:39:50.883+0000] {dag.py:3947} INFO - Setting next_dagrun for consume_1_or_both_2_and_3_with_dataset_expressions to None, run_after=None
[2024-09-09T15:39:50.885+0000] {logging_mixin.py:188} INFO - [2024-09-09T15:39:50.885+0000] {dag.py:3947} INFO - Setting next_dagrun for dataset_consumes_1 to None, run_after=None
[2024-09-09T15:39:50.886+0000] {logging_mixin.py:188} INFO - [2024-09-09T15:39:50.886+0000] {dag.py:3947} INFO - Setting next_dagrun for dataset_consumes_1_and_2 to None, run_after=None
[2024-09-09T15:39:50.888+0000] {logging_mixin.py:188} INFO - [2024-09-09T15:39:50.887+0000] {dag.py:3947} INFO - Setting next_dagrun for dataset_consumes_1_never_scheduled to None, run_after=None
[2024-09-09T15:39:50.889+0000] {logging_mixin.py:188} INFO - [2024-09-09T15:39:50.889+0000] {dag.py:3947} INFO - Setting next_dagrun for dataset_consumes_unknown_never_scheduled to None, run_after=None
[2024-09-09T15:39:50.892+0000] {logging_mixin.py:188} INFO - [2024-09-09T15:39:50.892+0000] {dag.py:3947} INFO - Setting next_dagrun for dataset_produces_1 to 2024-09-08 00:00:00+00:00, run_after=2024-09-09 00:00:00+00:00
[2024-09-09T15:39:50.893+0000] {logging_mixin.py:188} INFO - [2024-09-09T15:39:50.893+0000] {dag.py:3947} INFO - Setting next_dagrun for dataset_produces_2 to None, run_after=None
[2024-09-09T15:39:50.927+0000] {processor.py:183} INFO - Processing /home/airflow/.local/lib/python3.12/site-packages/airflow/example_dags/example_datasets.py took 0.156 seconds
[2024-09-09T15:40:21.134+0000] {processor.py:161} INFO - Started process (PID=612) to work on /home/airflow/.local/lib/python3.12/site-packages/airflow/example_dags/example_datasets.py
[2024-09-09T15:40:21.135+0000] {processor.py:830} INFO - Processing file /home/airflow/.local/lib/python3.12/site-packages/airflow/example_dags/example_datasets.py for tasks to queue
[2024-09-09T15:40:21.137+0000] {logging_mixin.py:188} INFO - [2024-09-09T15:40:21.137+0000] {dagbag.py:545} INFO - Filling up the DagBag from /home/airflow/.local/lib/python3.12/site-packages/airflow/example_dags/example_datasets.py
[2024-09-09T15:40:21.152+0000] {processor.py:840} INFO - DAG(s) 'dataset_consumes_unknown_never_scheduled', 'dataset_consumes_1_never_scheduled', 'conditional_dataset_and_time_based_timetable', 'dataset_produces_1', 'dataset_produces_2', 'consume_1_and_2_with_dataset_expressions', 'dataset_consumes_1', 'dataset_consumes_1_and_2', 'consume_1_or_2_with_dataset_expressions', 'consume_1_or_both_2_and_3_with_dataset_expressions' retrieved from /home/airflow/.local/lib/python3.12/site-packages/airflow/example_dags/example_datasets.py
[2024-09-09T15:40:21.199+0000] {logging_mixin.py:188} INFO - [2024-09-09T15:40:21.199+0000] {dag.py:3089} INFO - Sync 10 DAGs
[2024-09-09T15:40:21.224+0000] {logging_mixin.py:188} INFO - [2024-09-09T15:40:21.224+0000] {dag.py:3947} INFO - Setting next_dagrun for conditional_dataset_and_time_based_timetable to 2024-09-04 01:00:00+00:00, run_after=2024-09-04 01:00:00+00:00
[2024-09-09T15:40:21.229+0000] {logging_mixin.py:188} INFO - [2024-09-09T15:40:21.229+0000] {dag.py:3947} INFO - Setting next_dagrun for consume_1_and_2_with_dataset_expressions to None, run_after=None
[2024-09-09T15:40:21.230+0000] {logging_mixin.py:188} INFO - [2024-09-09T15:40:21.230+0000] {dag.py:3947} INFO - Setting next_dagrun for consume_1_or_2_with_dataset_expressions to None, run_after=None
[2024-09-09T15:40:21.232+0000] {logging_mixin.py:188} INFO - [2024-09-09T15:40:21.232+0000] {dag.py:3947} INFO - Setting next_dagrun for consume_1_or_both_2_and_3_with_dataset_expressions to None, run_after=None
[2024-09-09T15:40:21.233+0000] {logging_mixin.py:188} INFO - [2024-09-09T15:40:21.233+0000] {dag.py:3947} INFO - Setting next_dagrun for dataset_consumes_1 to None, run_after=None
[2024-09-09T15:40:21.234+0000] {logging_mixin.py:188} INFO - [2024-09-09T15:40:21.234+0000] {dag.py:3947} INFO - Setting next_dagrun for dataset_consumes_1_and_2 to None, run_after=None
[2024-09-09T15:40:21.236+0000] {logging_mixin.py:188} INFO - [2024-09-09T15:40:21.236+0000] {dag.py:3947} INFO - Setting next_dagrun for dataset_consumes_1_never_scheduled to None, run_after=None
[2024-09-09T15:40:21.237+0000] {logging_mixin.py:188} INFO - [2024-09-09T15:40:21.237+0000] {dag.py:3947} INFO - Setting next_dagrun for dataset_consumes_unknown_never_scheduled to None, run_after=None
[2024-09-09T15:40:21.240+0000] {logging_mixin.py:188} INFO - [2024-09-09T15:40:21.240+0000] {dag.py:3947} INFO - Setting next_dagrun for dataset_produces_1 to 2024-09-08 00:00:00+00:00, run_after=2024-09-09 00:00:00+00:00
[2024-09-09T15:40:21.241+0000] {logging_mixin.py:188} INFO - [2024-09-09T15:40:21.241+0000] {dag.py:3947} INFO - Setting next_dagrun for dataset_produces_2 to None, run_after=None
[2024-09-09T15:40:21.274+0000] {processor.py:183} INFO - Processing /home/airflow/.local/lib/python3.12/site-packages/airflow/example_dags/example_datasets.py took 0.146 seconds
[2024-09-09T15:40:51.465+0000] {processor.py:161} INFO - Started process (PID=672) to work on /home/airflow/.local/lib/python3.12/site-packages/airflow/example_dags/example_datasets.py
[2024-09-09T15:40:51.466+0000] {processor.py:830} INFO - Processing file /home/airflow/.local/lib/python3.12/site-packages/airflow/example_dags/example_datasets.py for tasks to queue
[2024-09-09T15:40:51.467+0000] {logging_mixin.py:188} INFO - [2024-09-09T15:40:51.467+0000] {dagbag.py:545} INFO - Filling up the DagBag from /home/airflow/.local/lib/python3.12/site-packages/airflow/example_dags/example_datasets.py
[2024-09-09T15:40:51.482+0000] {processor.py:840} INFO - DAG(s) 'dataset_produces_2', 'conditional_dataset_and_time_based_timetable', 'dataset_consumes_1_never_scheduled', 'dataset_consumes_1', 'consume_1_or_both_2_and_3_with_dataset_expressions', 'consume_1_and_2_with_dataset_expressions', 'consume_1_or_2_with_dataset_expressions', 'dataset_consumes_1_and_2', 'dataset_produces_1', 'dataset_consumes_unknown_never_scheduled' retrieved from /home/airflow/.local/lib/python3.12/site-packages/airflow/example_dags/example_datasets.py
[2024-09-09T15:40:51.526+0000] {logging_mixin.py:188} INFO - [2024-09-09T15:40:51.526+0000] {dag.py:3089} INFO - Sync 10 DAGs
[2024-09-09T15:40:51.552+0000] {logging_mixin.py:188} INFO - [2024-09-09T15:40:51.552+0000] {dag.py:3947} INFO - Setting next_dagrun for conditional_dataset_and_time_based_timetable to 2024-09-04 01:00:00+00:00, run_after=2024-09-04 01:00:00+00:00
[2024-09-09T15:40:51.556+0000] {logging_mixin.py:188} INFO - [2024-09-09T15:40:51.556+0000] {dag.py:3947} INFO - Setting next_dagrun for consume_1_and_2_with_dataset_expressions to None, run_after=None
[2024-09-09T15:40:51.558+0000] {logging_mixin.py:188} INFO - [2024-09-09T15:40:51.558+0000] {dag.py:3947} INFO - Setting next_dagrun for consume_1_or_2_with_dataset_expressions to None, run_after=None
[2024-09-09T15:40:51.559+0000] {logging_mixin.py:188} INFO - [2024-09-09T15:40:51.559+0000] {dag.py:3947} INFO - Setting next_dagrun for consume_1_or_both_2_and_3_with_dataset_expressions to None, run_after=None
[2024-09-09T15:40:51.561+0000] {logging_mixin.py:188} INFO - [2024-09-09T15:40:51.560+0000] {dag.py:3947} INFO - Setting next_dagrun for dataset_consumes_1 to None, run_after=None
[2024-09-09T15:40:51.562+0000] {logging_mixin.py:188} INFO - [2024-09-09T15:40:51.562+0000] {dag.py:3947} INFO - Setting next_dagrun for dataset_consumes_1_and_2 to None, run_after=None
[2024-09-09T15:40:51.563+0000] {logging_mixin.py:188} INFO - [2024-09-09T15:40:51.563+0000] {dag.py:3947} INFO - Setting next_dagrun for dataset_consumes_1_never_scheduled to None, run_after=None
[2024-09-09T15:40:51.565+0000] {logging_mixin.py:188} INFO - [2024-09-09T15:40:51.565+0000] {dag.py:3947} INFO - Setting next_dagrun for dataset_consumes_unknown_never_scheduled to None, run_after=None
[2024-09-09T15:40:51.568+0000] {logging_mixin.py:188} INFO - [2024-09-09T15:40:51.568+0000] {dag.py:3947} INFO - Setting next_dagrun for dataset_produces_1 to 2024-09-08 00:00:00+00:00, run_after=2024-09-09 00:00:00+00:00
[2024-09-09T15:40:51.569+0000] {logging_mixin.py:188} INFO - [2024-09-09T15:40:51.569+0000] {dag.py:3947} INFO - Setting next_dagrun for dataset_produces_2 to None, run_after=None
[2024-09-09T15:40:51.603+0000] {processor.py:183} INFO - Processing /home/airflow/.local/lib/python3.12/site-packages/airflow/example_dags/example_datasets.py took 0.144 seconds
[2024-09-09T15:41:21.783+0000] {processor.py:161} INFO - Started process (PID=732) to work on /home/airflow/.local/lib/python3.12/site-packages/airflow/example_dags/example_datasets.py
[2024-09-09T15:41:21.784+0000] {processor.py:830} INFO - Processing file /home/airflow/.local/lib/python3.12/site-packages/airflow/example_dags/example_datasets.py for tasks to queue
[2024-09-09T15:41:21.786+0000] {logging_mixin.py:188} INFO - [2024-09-09T15:41:21.786+0000] {dagbag.py:545} INFO - Filling up the DagBag from /home/airflow/.local/lib/python3.12/site-packages/airflow/example_dags/example_datasets.py
[2024-09-09T15:41:21.800+0000] {processor.py:840} INFO - DAG(s) 'consume_1_or_both_2_and_3_with_dataset_expressions', 'dataset_consumes_1_never_scheduled', 'dataset_consumes_unknown_never_scheduled', 'conditional_dataset_and_time_based_timetable', 'consume_1_or_2_with_dataset_expressions', 'consume_1_and_2_with_dataset_expressions', 'dataset_consumes_1', 'dataset_produces_2', 'dataset_produces_1', 'dataset_consumes_1_and_2' retrieved from /home/airflow/.local/lib/python3.12/site-packages/airflow/example_dags/example_datasets.py
[2024-09-09T15:41:21.844+0000] {logging_mixin.py:188} INFO - [2024-09-09T15:41:21.844+0000] {dag.py:3089} INFO - Sync 10 DAGs
[2024-09-09T15:41:21.869+0000] {logging_mixin.py:188} INFO - [2024-09-09T15:41:21.869+0000] {dag.py:3947} INFO - Setting next_dagrun for conditional_dataset_and_time_based_timetable to 2024-09-04 01:00:00+00:00, run_after=2024-09-04 01:00:00+00:00
[2024-09-09T15:41:21.874+0000] {logging_mixin.py:188} INFO - [2024-09-09T15:41:21.873+0000] {dag.py:3947} INFO - Setting next_dagrun for consume_1_and_2_with_dataset_expressions to None, run_after=None
[2024-09-09T15:41:21.875+0000] {logging_mixin.py:188} INFO - [2024-09-09T15:41:21.875+0000] {dag.py:3947} INFO - Setting next_dagrun for consume_1_or_2_with_dataset_expressions to None, run_after=None
[2024-09-09T15:41:21.877+0000] {logging_mixin.py:188} INFO - [2024-09-09T15:41:21.877+0000] {dag.py:3947} INFO - Setting next_dagrun for consume_1_or_both_2_and_3_with_dataset_expressions to None, run_after=None
[2024-09-09T15:41:21.879+0000] {logging_mixin.py:188} INFO - [2024-09-09T15:41:21.879+0000] {dag.py:3947} INFO - Setting next_dagrun for dataset_consumes_1 to None, run_after=None
[2024-09-09T15:41:21.880+0000] {logging_mixin.py:188} INFO - [2024-09-09T15:41:21.880+0000] {dag.py:3947} INFO - Setting next_dagrun for dataset_consumes_1_and_2 to None, run_after=None
[2024-09-09T15:41:21.882+0000] {logging_mixin.py:188} INFO - [2024-09-09T15:41:21.882+0000] {dag.py:3947} INFO - Setting next_dagrun for dataset_consumes_1_never_scheduled to None, run_after=None
[2024-09-09T15:41:21.883+0000] {logging_mixin.py:188} INFO - [2024-09-09T15:41:21.883+0000] {dag.py:3947} INFO - Setting next_dagrun for dataset_consumes_unknown_never_scheduled to None, run_after=None
[2024-09-09T15:41:21.886+0000] {logging_mixin.py:188} INFO - [2024-09-09T15:41:21.885+0000] {dag.py:3947} INFO - Setting next_dagrun for dataset_produces_1 to 2024-09-08 00:00:00+00:00, run_after=2024-09-09 00:00:00+00:00
[2024-09-09T15:41:21.887+0000] {logging_mixin.py:188} INFO - [2024-09-09T15:41:21.887+0000] {dag.py:3947} INFO - Setting next_dagrun for dataset_produces_2 to None, run_after=None
[2024-09-09T15:41:21.918+0000] {processor.py:183} INFO - Processing /home/airflow/.local/lib/python3.12/site-packages/airflow/example_dags/example_datasets.py took 0.142 seconds
[2024-09-09T15:41:52.172+0000] {processor.py:161} INFO - Started process (PID=792) to work on /home/airflow/.local/lib/python3.12/site-packages/airflow/example_dags/example_datasets.py
[2024-09-09T15:41:52.173+0000] {processor.py:830} INFO - Processing file /home/airflow/.local/lib/python3.12/site-packages/airflow/example_dags/example_datasets.py for tasks to queue
[2024-09-09T15:41:52.175+0000] {logging_mixin.py:188} INFO - [2024-09-09T15:41:52.175+0000] {dagbag.py:545} INFO - Filling up the DagBag from /home/airflow/.local/lib/python3.12/site-packages/airflow/example_dags/example_datasets.py
[2024-09-09T15:41:52.191+0000] {processor.py:840} INFO - DAG(s) 'consume_1_and_2_with_dataset_expressions', 'dataset_consumes_1', 'consume_1_or_2_with_dataset_expressions', 'dataset_consumes_1_and_2', 'conditional_dataset_and_time_based_timetable', 'consume_1_or_both_2_and_3_with_dataset_expressions', 'dataset_consumes_1_never_scheduled', 'dataset_produces_1', 'dataset_consumes_unknown_never_scheduled', 'dataset_produces_2' retrieved from /home/airflow/.local/lib/python3.12/site-packages/airflow/example_dags/example_datasets.py
[2024-09-09T15:41:52.237+0000] {logging_mixin.py:188} INFO - [2024-09-09T15:41:52.237+0000] {dag.py:3089} INFO - Sync 10 DAGs
[2024-09-09T15:41:52.263+0000] {logging_mixin.py:188} INFO - [2024-09-09T15:41:52.263+0000] {dag.py:3947} INFO - Setting next_dagrun for conditional_dataset_and_time_based_timetable to 2024-09-04 01:00:00+00:00, run_after=2024-09-04 01:00:00+00:00
[2024-09-09T15:41:52.270+0000] {logging_mixin.py:188} INFO - [2024-09-09T15:41:52.270+0000] {dag.py:3947} INFO - Setting next_dagrun for consume_1_and_2_with_dataset_expressions to None, run_after=None
[2024-09-09T15:41:52.271+0000] {logging_mixin.py:188} INFO - [2024-09-09T15:41:52.271+0000] {dag.py:3947} INFO - Setting next_dagrun for consume_1_or_2_with_dataset_expressions to None, run_after=None
[2024-09-09T15:41:52.273+0000] {logging_mixin.py:188} INFO - [2024-09-09T15:41:52.273+0000] {dag.py:3947} INFO - Setting next_dagrun for consume_1_or_both_2_and_3_with_dataset_expressions to None, run_after=None
[2024-09-09T15:41:52.274+0000] {logging_mixin.py:188} INFO - [2024-09-09T15:41:52.274+0000] {dag.py:3947} INFO - Setting next_dagrun for dataset_consumes_1 to None, run_after=None
[2024-09-09T15:41:52.275+0000] {logging_mixin.py:188} INFO - [2024-09-09T15:41:52.275+0000] {dag.py:3947} INFO - Setting next_dagrun for dataset_consumes_1_and_2 to None, run_after=None
[2024-09-09T15:41:52.276+0000] {logging_mixin.py:188} INFO - [2024-09-09T15:41:52.276+0000] {dag.py:3947} INFO - Setting next_dagrun for dataset_consumes_1_never_scheduled to None, run_after=None
[2024-09-09T15:41:52.278+0000] {logging_mixin.py:188} INFO - [2024-09-09T15:41:52.277+0000] {dag.py:3947} INFO - Setting next_dagrun for dataset_consumes_unknown_never_scheduled to None, run_after=None
[2024-09-09T15:41:52.280+0000] {logging_mixin.py:188} INFO - [2024-09-09T15:41:52.280+0000] {dag.py:3947} INFO - Setting next_dagrun for dataset_produces_1 to 2024-09-08 00:00:00+00:00, run_after=2024-09-09 00:00:00+00:00
[2024-09-09T15:41:52.282+0000] {logging_mixin.py:188} INFO - [2024-09-09T15:41:52.281+0000] {dag.py:3947} INFO - Setting next_dagrun for dataset_produces_2 to None, run_after=None
[2024-09-09T15:41:52.316+0000] {processor.py:183} INFO - Processing /home/airflow/.local/lib/python3.12/site-packages/airflow/example_dags/example_datasets.py took 0.150 seconds
[2024-09-09T15:42:22.574+0000] {processor.py:161} INFO - Started process (PID=852) to work on /home/airflow/.local/lib/python3.12/site-packages/airflow/example_dags/example_datasets.py
[2024-09-09T15:42:22.575+0000] {processor.py:830} INFO - Processing file /home/airflow/.local/lib/python3.12/site-packages/airflow/example_dags/example_datasets.py for tasks to queue
[2024-09-09T15:42:22.577+0000] {logging_mixin.py:188} INFO - [2024-09-09T15:42:22.577+0000] {dagbag.py:545} INFO - Filling up the DagBag from /home/airflow/.local/lib/python3.12/site-packages/airflow/example_dags/example_datasets.py
[2024-09-09T15:42:22.595+0000] {processor.py:840} INFO - DAG(s) 'dataset_produces_1', 'dataset_consumes_1_and_2', 'consume_1_and_2_with_dataset_expressions', 'dataset_consumes_1_never_scheduled', 'conditional_dataset_and_time_based_timetable', 'consume_1_or_both_2_and_3_with_dataset_expressions', 'dataset_consumes_unknown_never_scheduled', 'consume_1_or_2_with_dataset_expressions', 'dataset_consumes_1', 'dataset_produces_2' retrieved from /home/airflow/.local/lib/python3.12/site-packages/airflow/example_dags/example_datasets.py
[2024-09-09T15:42:22.639+0000] {logging_mixin.py:188} INFO - [2024-09-09T15:42:22.639+0000] {dag.py:3089} INFO - Sync 10 DAGs
[2024-09-09T15:42:22.672+0000] {logging_mixin.py:188} INFO - [2024-09-09T15:42:22.672+0000] {dag.py:3947} INFO - Setting next_dagrun for conditional_dataset_and_time_based_timetable to 2024-09-04 01:00:00+00:00, run_after=2024-09-04 01:00:00+00:00
[2024-09-09T15:42:22.677+0000] {logging_mixin.py:188} INFO - [2024-09-09T15:42:22.677+0000] {dag.py:3947} INFO - Setting next_dagrun for consume_1_and_2_with_dataset_expressions to None, run_after=None
[2024-09-09T15:42:22.679+0000] {logging_mixin.py:188} INFO - [2024-09-09T15:42:22.679+0000] {dag.py:3947} INFO - Setting next_dagrun for consume_1_or_2_with_dataset_expressions to None, run_after=None
[2024-09-09T15:42:22.681+0000] {logging_mixin.py:188} INFO - [2024-09-09T15:42:22.680+0000] {dag.py:3947} INFO - Setting next_dagrun for consume_1_or_both_2_and_3_with_dataset_expressions to None, run_after=None
[2024-09-09T15:42:22.682+0000] {logging_mixin.py:188} INFO - [2024-09-09T15:42:22.682+0000] {dag.py:3947} INFO - Setting next_dagrun for dataset_consumes_1 to None, run_after=None
[2024-09-09T15:42:22.683+0000] {logging_mixin.py:188} INFO - [2024-09-09T15:42:22.683+0000] {dag.py:3947} INFO - Setting next_dagrun for dataset_consumes_1_and_2 to None, run_after=None
[2024-09-09T15:42:22.685+0000] {logging_mixin.py:188} INFO - [2024-09-09T15:42:22.685+0000] {dag.py:3947} INFO - Setting next_dagrun for dataset_consumes_1_never_scheduled to None, run_after=None
[2024-09-09T15:42:22.687+0000] {logging_mixin.py:188} INFO - [2024-09-09T15:42:22.686+0000] {dag.py:3947} INFO - Setting next_dagrun for dataset_consumes_unknown_never_scheduled to None, run_after=None
[2024-09-09T15:42:22.689+0000] {logging_mixin.py:188} INFO - [2024-09-09T15:42:22.689+0000] {dag.py:3947} INFO - Setting next_dagrun for dataset_produces_1 to 2024-09-08 00:00:00+00:00, run_after=2024-09-09 00:00:00+00:00
[2024-09-09T15:42:22.691+0000] {logging_mixin.py:188} INFO - [2024-09-09T15:42:22.691+0000] {dag.py:3947} INFO - Setting next_dagrun for dataset_produces_2 to None, run_after=None
[2024-09-09T15:42:22.730+0000] {processor.py:183} INFO - Processing /home/airflow/.local/lib/python3.12/site-packages/airflow/example_dags/example_datasets.py took 0.162 seconds
[2024-09-09T15:42:52.915+0000] {processor.py:161} INFO - Started process (PID=912) to work on /home/airflow/.local/lib/python3.12/site-packages/airflow/example_dags/example_datasets.py
[2024-09-09T15:42:52.916+0000] {processor.py:830} INFO - Processing file /home/airflow/.local/lib/python3.12/site-packages/airflow/example_dags/example_datasets.py for tasks to queue
[2024-09-09T15:42:52.918+0000] {logging_mixin.py:188} INFO - [2024-09-09T15:42:52.917+0000] {dagbag.py:545} INFO - Filling up the DagBag from /home/airflow/.local/lib/python3.12/site-packages/airflow/example_dags/example_datasets.py
[2024-09-09T15:42:52.932+0000] {processor.py:840} INFO - DAG(s) 'consume_1_or_both_2_and_3_with_dataset_expressions', 'dataset_consumes_unknown_never_scheduled', 'dataset_produces_1', 'consume_1_and_2_with_dataset_expressions', 'consume_1_or_2_with_dataset_expressions', 'dataset_consumes_1_never_scheduled', 'conditional_dataset_and_time_based_timetable', 'dataset_consumes_1_and_2', 'dataset_produces_2', 'dataset_consumes_1' retrieved from /home/airflow/.local/lib/python3.12/site-packages/airflow/example_dags/example_datasets.py
[2024-09-09T15:42:52.996+0000] {logging_mixin.py:188} INFO - [2024-09-09T15:42:52.996+0000] {dag.py:3089} INFO - Sync 10 DAGs
[2024-09-09T15:42:53.029+0000] {logging_mixin.py:188} INFO - [2024-09-09T15:42:53.029+0000] {dag.py:3947} INFO - Setting next_dagrun for conditional_dataset_and_time_based_timetable to 2024-09-04 01:00:00+00:00, run_after=2024-09-04 01:00:00+00:00
[2024-09-09T15:42:53.036+0000] {logging_mixin.py:188} INFO - [2024-09-09T15:42:53.035+0000] {dag.py:3947} INFO - Setting next_dagrun for consume_1_and_2_with_dataset_expressions to None, run_after=None
[2024-09-09T15:42:53.038+0000] {logging_mixin.py:188} INFO - [2024-09-09T15:42:53.037+0000] {dag.py:3947} INFO - Setting next_dagrun for consume_1_or_2_with_dataset_expressions to None, run_after=None
[2024-09-09T15:42:53.039+0000] {logging_mixin.py:188} INFO - [2024-09-09T15:42:53.039+0000] {dag.py:3947} INFO - Setting next_dagrun for consume_1_or_both_2_and_3_with_dataset_expressions to None, run_after=None
[2024-09-09T15:42:53.041+0000] {logging_mixin.py:188} INFO - [2024-09-09T15:42:53.040+0000] {dag.py:3947} INFO - Setting next_dagrun for dataset_consumes_1 to None, run_after=None
[2024-09-09T15:42:53.043+0000] {logging_mixin.py:188} INFO - [2024-09-09T15:42:53.042+0000] {dag.py:3947} INFO - Setting next_dagrun for dataset_consumes_1_and_2 to None, run_after=None
[2024-09-09T15:42:53.045+0000] {logging_mixin.py:188} INFO - [2024-09-09T15:42:53.044+0000] {dag.py:3947} INFO - Setting next_dagrun for dataset_consumes_1_never_scheduled to None, run_after=None
[2024-09-09T15:42:53.046+0000] {logging_mixin.py:188} INFO - [2024-09-09T15:42:53.046+0000] {dag.py:3947} INFO - Setting next_dagrun for dataset_consumes_unknown_never_scheduled to None, run_after=None
[2024-09-09T15:42:53.049+0000] {logging_mixin.py:188} INFO - [2024-09-09T15:42:53.048+0000] {dag.py:3947} INFO - Setting next_dagrun for dataset_produces_1 to 2024-09-08 00:00:00+00:00, run_after=2024-09-09 00:00:00+00:00
[2024-09-09T15:42:53.050+0000] {logging_mixin.py:188} INFO - [2024-09-09T15:42:53.050+0000] {dag.py:3947} INFO - Setting next_dagrun for dataset_produces_2 to None, run_after=None
[2024-09-09T15:42:53.087+0000] {processor.py:183} INFO - Processing /home/airflow/.local/lib/python3.12/site-packages/airflow/example_dags/example_datasets.py took 0.179 seconds
[2024-09-09T15:43:23.264+0000] {processor.py:161} INFO - Started process (PID=972) to work on /home/airflow/.local/lib/python3.12/site-packages/airflow/example_dags/example_datasets.py
[2024-09-09T15:43:23.265+0000] {processor.py:830} INFO - Processing file /home/airflow/.local/lib/python3.12/site-packages/airflow/example_dags/example_datasets.py for tasks to queue
[2024-09-09T15:43:23.267+0000] {logging_mixin.py:188} INFO - [2024-09-09T15:43:23.267+0000] {dagbag.py:545} INFO - Filling up the DagBag from /home/airflow/.local/lib/python3.12/site-packages/airflow/example_dags/example_datasets.py
[2024-09-09T15:43:23.283+0000] {processor.py:840} INFO - DAG(s) 'consume_1_or_both_2_and_3_with_dataset_expressions', 'dataset_consumes_1_and_2', 'dataset_produces_2', 'conditional_dataset_and_time_based_timetable', 'consume_1_or_2_with_dataset_expressions', 'dataset_consumes_1_never_scheduled', 'dataset_consumes_1', 'consume_1_and_2_with_dataset_expressions', 'dataset_produces_1', 'dataset_consumes_unknown_never_scheduled' retrieved from /home/airflow/.local/lib/python3.12/site-packages/airflow/example_dags/example_datasets.py
[2024-09-09T15:43:23.337+0000] {logging_mixin.py:188} INFO - [2024-09-09T15:43:23.337+0000] {dag.py:3089} INFO - Sync 10 DAGs
[2024-09-09T15:43:23.364+0000] {logging_mixin.py:188} INFO - [2024-09-09T15:43:23.364+0000] {dag.py:3947} INFO - Setting next_dagrun for conditional_dataset_and_time_based_timetable to 2024-09-04 01:00:00+00:00, run_after=2024-09-04 01:00:00+00:00
[2024-09-09T15:43:23.369+0000] {logging_mixin.py:188} INFO - [2024-09-09T15:43:23.369+0000] {dag.py:3947} INFO - Setting next_dagrun for consume_1_and_2_with_dataset_expressions to None, run_after=None
[2024-09-09T15:43:23.371+0000] {logging_mixin.py:188} INFO - [2024-09-09T15:43:23.371+0000] {dag.py:3947} INFO - Setting next_dagrun for consume_1_or_2_with_dataset_expressions to None, run_after=None
[2024-09-09T15:43:23.373+0000] {logging_mixin.py:188} INFO - [2024-09-09T15:43:23.373+0000] {dag.py:3947} INFO - Setting next_dagrun for consume_1_or_both_2_and_3_with_dataset_expressions to None, run_after=None
[2024-09-09T15:43:23.375+0000] {logging_mixin.py:188} INFO - [2024-09-09T15:43:23.374+0000] {dag.py:3947} INFO - Setting next_dagrun for dataset_consumes_1 to None, run_after=None
[2024-09-09T15:43:23.377+0000] {logging_mixin.py:188} INFO - [2024-09-09T15:43:23.376+0000] {dag.py:3947} INFO - Setting next_dagrun for dataset_consumes_1_and_2 to None, run_after=None
[2024-09-09T15:43:23.379+0000] {logging_mixin.py:188} INFO - [2024-09-09T15:43:23.378+0000] {dag.py:3947} INFO - Setting next_dagrun for dataset_consumes_1_never_scheduled to None, run_after=None
[2024-09-09T15:43:23.381+0000] {logging_mixin.py:188} INFO - [2024-09-09T15:43:23.380+0000] {dag.py:3947} INFO - Setting next_dagrun for dataset_consumes_unknown_never_scheduled to None, run_after=None
[2024-09-09T15:43:23.383+0000] {logging_mixin.py:188} INFO - [2024-09-09T15:43:23.383+0000] {dag.py:3947} INFO - Setting next_dagrun for dataset_produces_1 to 2024-09-08 00:00:00+00:00, run_after=2024-09-09 00:00:00+00:00
[2024-09-09T15:43:23.385+0000] {logging_mixin.py:188} INFO - [2024-09-09T15:43:23.385+0000] {dag.py:3947} INFO - Setting next_dagrun for dataset_produces_2 to None, run_after=None
[2024-09-09T15:43:23.421+0000] {processor.py:183} INFO - Processing /home/airflow/.local/lib/python3.12/site-packages/airflow/example_dags/example_datasets.py took 0.165 seconds
[2024-09-09T15:43:53.884+0000] {processor.py:161} INFO - Started process (PID=1032) to work on /home/airflow/.local/lib/python3.12/site-packages/airflow/example_dags/example_datasets.py
[2024-09-09T15:43:53.885+0000] {processor.py:830} INFO - Processing file /home/airflow/.local/lib/python3.12/site-packages/airflow/example_dags/example_datasets.py for tasks to queue
[2024-09-09T15:43:53.887+0000] {logging_mixin.py:188} INFO - [2024-09-09T15:43:53.887+0000] {dagbag.py:545} INFO - Filling up the DagBag from /home/airflow/.local/lib/python3.12/site-packages/airflow/example_dags/example_datasets.py
[2024-09-09T15:43:53.901+0000] {processor.py:840} INFO - DAG(s) 'dataset_produces_1', 'dataset_consumes_unknown_never_scheduled', 'dataset_consumes_1_never_scheduled', 'dataset_produces_2', 'consume_1_or_2_with_dataset_expressions', 'dataset_consumes_1_and_2', 'conditional_dataset_and_time_based_timetable', 'consume_1_and_2_with_dataset_expressions', 'dataset_consumes_1', 'consume_1_or_both_2_and_3_with_dataset_expressions' retrieved from /home/airflow/.local/lib/python3.12/site-packages/airflow/example_dags/example_datasets.py
[2024-09-09T15:43:53.946+0000] {logging_mixin.py:188} INFO - [2024-09-09T15:43:53.945+0000] {dag.py:3089} INFO - Sync 10 DAGs
[2024-09-09T15:43:53.971+0000] {logging_mixin.py:188} INFO - [2024-09-09T15:43:53.971+0000] {dag.py:3947} INFO - Setting next_dagrun for conditional_dataset_and_time_based_timetable to 2024-09-04 01:00:00+00:00, run_after=2024-09-04 01:00:00+00:00
[2024-09-09T15:43:53.975+0000] {logging_mixin.py:188} INFO - [2024-09-09T15:43:53.975+0000] {dag.py:3947} INFO - Setting next_dagrun for consume_1_and_2_with_dataset_expressions to None, run_after=None
[2024-09-09T15:43:53.977+0000] {logging_mixin.py:188} INFO - [2024-09-09T15:43:53.977+0000] {dag.py:3947} INFO - Setting next_dagrun for consume_1_or_2_with_dataset_expressions to None, run_after=None
[2024-09-09T15:43:53.979+0000] {logging_mixin.py:188} INFO - [2024-09-09T15:43:53.979+0000] {dag.py:3947} INFO - Setting next_dagrun for consume_1_or_both_2_and_3_with_dataset_expressions to None, run_after=None
[2024-09-09T15:43:53.980+0000] {logging_mixin.py:188} INFO - [2024-09-09T15:43:53.980+0000] {dag.py:3947} INFO - Setting next_dagrun for dataset_consumes_1 to None, run_after=None
[2024-09-09T15:43:53.981+0000] {logging_mixin.py:188} INFO - [2024-09-09T15:43:53.981+0000] {dag.py:3947} INFO - Setting next_dagrun for dataset_consumes_1_and_2 to None, run_after=None
[2024-09-09T15:43:53.983+0000] {logging_mixin.py:188} INFO - [2024-09-09T15:43:53.983+0000] {dag.py:3947} INFO - Setting next_dagrun for dataset_consumes_1_never_scheduled to None, run_after=None
[2024-09-09T15:43:53.984+0000] {logging_mixin.py:188} INFO - [2024-09-09T15:43:53.984+0000] {dag.py:3947} INFO - Setting next_dagrun for dataset_consumes_unknown_never_scheduled to None, run_after=None
[2024-09-09T15:43:53.987+0000] {logging_mixin.py:188} INFO - [2024-09-09T15:43:53.987+0000] {dag.py:3947} INFO - Setting next_dagrun for dataset_produces_1 to 2024-09-08 00:00:00+00:00, run_after=2024-09-09 00:00:00+00:00
[2024-09-09T15:43:53.988+0000] {logging_mixin.py:188} INFO - [2024-09-09T15:43:53.988+0000] {dag.py:3947} INFO - Setting next_dagrun for dataset_produces_2 to None, run_after=None
[2024-09-09T15:43:54.022+0000] {processor.py:183} INFO - Processing /home/airflow/.local/lib/python3.12/site-packages/airflow/example_dags/example_datasets.py took 0.144 seconds
[2024-09-09T15:44:24.763+0000] {processor.py:161} INFO - Started process (PID=1092) to work on /home/airflow/.local/lib/python3.12/site-packages/airflow/example_dags/example_datasets.py
[2024-09-09T15:44:24.764+0000] {processor.py:830} INFO - Processing file /home/airflow/.local/lib/python3.12/site-packages/airflow/example_dags/example_datasets.py for tasks to queue
[2024-09-09T15:44:24.767+0000] {logging_mixin.py:188} INFO - [2024-09-09T15:44:24.766+0000] {dagbag.py:545} INFO - Filling up the DagBag from /home/airflow/.local/lib/python3.12/site-packages/airflow/example_dags/example_datasets.py
[2024-09-09T15:44:24.785+0000] {processor.py:840} INFO - DAG(s) 'dataset_produces_1', 'conditional_dataset_and_time_based_timetable', 'consume_1_or_2_with_dataset_expressions', 'dataset_consumes_1_never_scheduled', 'dataset_consumes_unknown_never_scheduled', 'dataset_produces_2', 'dataset_consumes_1', 'consume_1_or_both_2_and_3_with_dataset_expressions', 'consume_1_and_2_with_dataset_expressions', 'dataset_consumes_1_and_2' retrieved from /home/airflow/.local/lib/python3.12/site-packages/airflow/example_dags/example_datasets.py
[2024-09-09T15:44:24.832+0000] {logging_mixin.py:188} INFO - [2024-09-09T15:44:24.832+0000] {dag.py:3089} INFO - Sync 10 DAGs
[2024-09-09T15:44:24.857+0000] {logging_mixin.py:188} INFO - [2024-09-09T15:44:24.857+0000] {dag.py:3947} INFO - Setting next_dagrun for conditional_dataset_and_time_based_timetable to 2024-09-04 01:00:00+00:00, run_after=2024-09-04 01:00:00+00:00
[2024-09-09T15:44:24.861+0000] {logging_mixin.py:188} INFO - [2024-09-09T15:44:24.861+0000] {dag.py:3947} INFO - Setting next_dagrun for consume_1_and_2_with_dataset_expressions to None, run_after=None
[2024-09-09T15:44:24.863+0000] {logging_mixin.py:188} INFO - [2024-09-09T15:44:24.862+0000] {dag.py:3947} INFO - Setting next_dagrun for consume_1_or_2_with_dataset_expressions to None, run_after=None
[2024-09-09T15:44:24.864+0000] {logging_mixin.py:188} INFO - [2024-09-09T15:44:24.864+0000] {dag.py:3947} INFO - Setting next_dagrun for consume_1_or_both_2_and_3_with_dataset_expressions to None, run_after=None
[2024-09-09T15:44:24.865+0000] {logging_mixin.py:188} INFO - [2024-09-09T15:44:24.865+0000] {dag.py:3947} INFO - Setting next_dagrun for dataset_consumes_1 to None, run_after=None
[2024-09-09T15:44:24.866+0000] {logging_mixin.py:188} INFO - [2024-09-09T15:44:24.866+0000] {dag.py:3947} INFO - Setting next_dagrun for dataset_consumes_1_and_2 to None, run_after=None
[2024-09-09T15:44:24.868+0000] {logging_mixin.py:188} INFO - [2024-09-09T15:44:24.868+0000] {dag.py:3947} INFO - Setting next_dagrun for dataset_consumes_1_never_scheduled to None, run_after=None
[2024-09-09T15:44:24.869+0000] {logging_mixin.py:188} INFO - [2024-09-09T15:44:24.869+0000] {dag.py:3947} INFO - Setting next_dagrun for dataset_consumes_unknown_never_scheduled to None, run_after=None
[2024-09-09T15:44:24.872+0000] {logging_mixin.py:188} INFO - [2024-09-09T15:44:24.872+0000] {dag.py:3947} INFO - Setting next_dagrun for dataset_produces_1 to 2024-09-08 00:00:00+00:00, run_after=2024-09-09 00:00:00+00:00
[2024-09-09T15:44:24.874+0000] {logging_mixin.py:188} INFO - [2024-09-09T15:44:24.873+0000] {dag.py:3947} INFO - Setting next_dagrun for dataset_produces_2 to None, run_after=None
[2024-09-09T15:44:24.906+0000] {processor.py:183} INFO - Processing /home/airflow/.local/lib/python3.12/site-packages/airflow/example_dags/example_datasets.py took 0.149 seconds
[2024-09-09T15:44:55.476+0000] {processor.py:161} INFO - Started process (PID=1152) to work on /home/airflow/.local/lib/python3.12/site-packages/airflow/example_dags/example_datasets.py
[2024-09-09T15:44:55.477+0000] {processor.py:830} INFO - Processing file /home/airflow/.local/lib/python3.12/site-packages/airflow/example_dags/example_datasets.py for tasks to queue
[2024-09-09T15:44:55.479+0000] {logging_mixin.py:188} INFO - [2024-09-09T15:44:55.479+0000] {dagbag.py:545} INFO - Filling up the DagBag from /home/airflow/.local/lib/python3.12/site-packages/airflow/example_dags/example_datasets.py
[2024-09-09T15:44:55.495+0000] {processor.py:840} INFO - DAG(s) 'dataset_consumes_1', 'dataset_consumes_unknown_never_scheduled', 'dataset_produces_2', 'dataset_consumes_1_and_2', 'consume_1_or_2_with_dataset_expressions', 'conditional_dataset_and_time_based_timetable', 'consume_1_or_both_2_and_3_with_dataset_expressions', 'consume_1_and_2_with_dataset_expressions', 'dataset_produces_1', 'dataset_consumes_1_never_scheduled' retrieved from /home/airflow/.local/lib/python3.12/site-packages/airflow/example_dags/example_datasets.py
[2024-09-09T15:44:55.550+0000] {logging_mixin.py:188} INFO - [2024-09-09T15:44:55.550+0000] {dag.py:3089} INFO - Sync 10 DAGs
[2024-09-09T15:44:55.581+0000] {logging_mixin.py:188} INFO - [2024-09-09T15:44:55.581+0000] {dag.py:3947} INFO - Setting next_dagrun for conditional_dataset_and_time_based_timetable to 2024-09-04 01:00:00+00:00, run_after=2024-09-04 01:00:00+00:00
[2024-09-09T15:44:55.587+0000] {logging_mixin.py:188} INFO - [2024-09-09T15:44:55.586+0000] {dag.py:3947} INFO - Setting next_dagrun for consume_1_and_2_with_dataset_expressions to None, run_after=None
[2024-09-09T15:44:55.588+0000] {logging_mixin.py:188} INFO - [2024-09-09T15:44:55.588+0000] {dag.py:3947} INFO - Setting next_dagrun for consume_1_or_2_with_dataset_expressions to None, run_after=None
[2024-09-09T15:44:55.590+0000] {logging_mixin.py:188} INFO - [2024-09-09T15:44:55.589+0000] {dag.py:3947} INFO - Setting next_dagrun for consume_1_or_both_2_and_3_with_dataset_expressions to None, run_after=None
[2024-09-09T15:44:55.592+0000] {logging_mixin.py:188} INFO - [2024-09-09T15:44:55.592+0000] {dag.py:3947} INFO - Setting next_dagrun for dataset_consumes_1 to None, run_after=None
[2024-09-09T15:44:55.594+0000] {logging_mixin.py:188} INFO - [2024-09-09T15:44:55.594+0000] {dag.py:3947} INFO - Setting next_dagrun for dataset_consumes_1_and_2 to None, run_after=None
[2024-09-09T15:44:55.596+0000] {logging_mixin.py:188} INFO - [2024-09-09T15:44:55.596+0000] {dag.py:3947} INFO - Setting next_dagrun for dataset_consumes_1_never_scheduled to None, run_after=None
[2024-09-09T15:44:55.598+0000] {logging_mixin.py:188} INFO - [2024-09-09T15:44:55.598+0000] {dag.py:3947} INFO - Setting next_dagrun for dataset_consumes_unknown_never_scheduled to None, run_after=None
[2024-09-09T15:44:55.601+0000] {logging_mixin.py:188} INFO - [2024-09-09T15:44:55.601+0000] {dag.py:3947} INFO - Setting next_dagrun for dataset_produces_1 to 2024-09-08 00:00:00+00:00, run_after=2024-09-09 00:00:00+00:00
[2024-09-09T15:44:55.603+0000] {logging_mixin.py:188} INFO - [2024-09-09T15:44:55.603+0000] {dag.py:3947} INFO - Setting next_dagrun for dataset_produces_2 to None, run_after=None
[2024-09-09T15:44:55.640+0000] {processor.py:183} INFO - Processing /home/airflow/.local/lib/python3.12/site-packages/airflow/example_dags/example_datasets.py took 0.171 seconds
[2024-09-09T15:45:26.434+0000] {processor.py:161} INFO - Started process (PID=1212) to work on /home/airflow/.local/lib/python3.12/site-packages/airflow/example_dags/example_datasets.py
[2024-09-09T15:45:26.435+0000] {processor.py:830} INFO - Processing file /home/airflow/.local/lib/python3.12/site-packages/airflow/example_dags/example_datasets.py for tasks to queue
[2024-09-09T15:45:26.437+0000] {logging_mixin.py:188} INFO - [2024-09-09T15:45:26.437+0000] {dagbag.py:545} INFO - Filling up the DagBag from /home/airflow/.local/lib/python3.12/site-packages/airflow/example_dags/example_datasets.py
[2024-09-09T15:45:26.452+0000] {processor.py:840} INFO - DAG(s) 'consume_1_and_2_with_dataset_expressions', 'dataset_consumes_1_never_scheduled', 'dataset_produces_2', 'consume_1_or_both_2_and_3_with_dataset_expressions', 'consume_1_or_2_with_dataset_expressions', 'dataset_consumes_1', 'dataset_consumes_unknown_never_scheduled', 'dataset_produces_1', 'conditional_dataset_and_time_based_timetable', 'dataset_consumes_1_and_2' retrieved from /home/airflow/.local/lib/python3.12/site-packages/airflow/example_dags/example_datasets.py
[2024-09-09T15:45:26.501+0000] {logging_mixin.py:188} INFO - [2024-09-09T15:45:26.501+0000] {dag.py:3089} INFO - Sync 10 DAGs
[2024-09-09T15:45:26.528+0000] {logging_mixin.py:188} INFO - [2024-09-09T15:45:26.528+0000] {dag.py:3947} INFO - Setting next_dagrun for conditional_dataset_and_time_based_timetable to 2024-09-04 01:00:00+00:00, run_after=2024-09-04 01:00:00+00:00
[2024-09-09T15:45:26.534+0000] {logging_mixin.py:188} INFO - [2024-09-09T15:45:26.534+0000] {dag.py:3947} INFO - Setting next_dagrun for consume_1_and_2_with_dataset_expressions to None, run_after=None
[2024-09-09T15:45:26.535+0000] {logging_mixin.py:188} INFO - [2024-09-09T15:45:26.535+0000] {dag.py:3947} INFO - Setting next_dagrun for consume_1_or_2_with_dataset_expressions to None, run_after=None
[2024-09-09T15:45:26.537+0000] {logging_mixin.py:188} INFO - [2024-09-09T15:45:26.537+0000] {dag.py:3947} INFO - Setting next_dagrun for consume_1_or_both_2_and_3_with_dataset_expressions to None, run_after=None
[2024-09-09T15:45:26.538+0000] {logging_mixin.py:188} INFO - [2024-09-09T15:45:26.538+0000] {dag.py:3947} INFO - Setting next_dagrun for dataset_consumes_1 to None, run_after=None
[2024-09-09T15:45:26.539+0000] {logging_mixin.py:188} INFO - [2024-09-09T15:45:26.539+0000] {dag.py:3947} INFO - Setting next_dagrun for dataset_consumes_1_and_2 to None, run_after=None
[2024-09-09T15:45:26.541+0000] {logging_mixin.py:188} INFO - [2024-09-09T15:45:26.540+0000] {dag.py:3947} INFO - Setting next_dagrun for dataset_consumes_1_never_scheduled to None, run_after=None
[2024-09-09T15:45:26.542+0000] {logging_mixin.py:188} INFO - [2024-09-09T15:45:26.542+0000] {dag.py:3947} INFO - Setting next_dagrun for dataset_consumes_unknown_never_scheduled to None, run_after=None
[2024-09-09T15:45:26.544+0000] {logging_mixin.py:188} INFO - [2024-09-09T15:45:26.544+0000] {dag.py:3947} INFO - Setting next_dagrun for dataset_produces_1 to 2024-09-08 00:00:00+00:00, run_after=2024-09-09 00:00:00+00:00
[2024-09-09T15:45:26.546+0000] {logging_mixin.py:188} INFO - [2024-09-09T15:45:26.546+0000] {dag.py:3947} INFO - Setting next_dagrun for dataset_produces_2 to None, run_after=None
[2024-09-09T15:45:26.581+0000] {processor.py:183} INFO - Processing /home/airflow/.local/lib/python3.12/site-packages/airflow/example_dags/example_datasets.py took 0.155 seconds
[2024-09-09T15:45:56.660+0000] {processor.py:161} INFO - Started process (PID=1273) to work on /home/airflow/.local/lib/python3.12/site-packages/airflow/example_dags/example_datasets.py
[2024-09-09T15:45:56.661+0000] {processor.py:830} INFO - Processing file /home/airflow/.local/lib/python3.12/site-packages/airflow/example_dags/example_datasets.py for tasks to queue
[2024-09-09T15:45:56.663+0000] {logging_mixin.py:188} INFO - [2024-09-09T15:45:56.663+0000] {dagbag.py:545} INFO - Filling up the DagBag from /home/airflow/.local/lib/python3.12/site-packages/airflow/example_dags/example_datasets.py
[2024-09-09T15:45:56.677+0000] {processor.py:840} INFO - DAG(s) 'consume_1_and_2_with_dataset_expressions', 'dataset_consumes_1_never_scheduled', 'dataset_consumes_1_and_2', 'dataset_produces_2', 'consume_1_or_2_with_dataset_expressions', 'dataset_consumes_unknown_never_scheduled', 'consume_1_or_both_2_and_3_with_dataset_expressions', 'conditional_dataset_and_time_based_timetable', 'dataset_consumes_1', 'dataset_produces_1' retrieved from /home/airflow/.local/lib/python3.12/site-packages/airflow/example_dags/example_datasets.py
[2024-09-09T15:45:56.723+0000] {logging_mixin.py:188} INFO - [2024-09-09T15:45:56.723+0000] {dag.py:3089} INFO - Sync 10 DAGs
[2024-09-09T15:45:56.748+0000] {logging_mixin.py:188} INFO - [2024-09-09T15:45:56.748+0000] {dag.py:3947} INFO - Setting next_dagrun for conditional_dataset_and_time_based_timetable to 2024-09-04 01:00:00+00:00, run_after=2024-09-04 01:00:00+00:00
[2024-09-09T15:45:56.752+0000] {logging_mixin.py:188} INFO - [2024-09-09T15:45:56.752+0000] {dag.py:3947} INFO - Setting next_dagrun for consume_1_and_2_with_dataset_expressions to None, run_after=None
[2024-09-09T15:45:56.754+0000] {logging_mixin.py:188} INFO - [2024-09-09T15:45:56.754+0000] {dag.py:3947} INFO - Setting next_dagrun for consume_1_or_2_with_dataset_expressions to None, run_after=None
[2024-09-09T15:45:56.755+0000] {logging_mixin.py:188} INFO - [2024-09-09T15:45:56.755+0000] {dag.py:3947} INFO - Setting next_dagrun for consume_1_or_both_2_and_3_with_dataset_expressions to None, run_after=None
[2024-09-09T15:45:56.756+0000] {logging_mixin.py:188} INFO - [2024-09-09T15:45:56.756+0000] {dag.py:3947} INFO - Setting next_dagrun for dataset_consumes_1 to None, run_after=None
[2024-09-09T15:45:56.757+0000] {logging_mixin.py:188} INFO - [2024-09-09T15:45:56.757+0000] {dag.py:3947} INFO - Setting next_dagrun for dataset_consumes_1_and_2 to None, run_after=None
[2024-09-09T15:45:56.758+0000] {logging_mixin.py:188} INFO - [2024-09-09T15:45:56.758+0000] {dag.py:3947} INFO - Setting next_dagrun for dataset_consumes_1_never_scheduled to None, run_after=None
[2024-09-09T15:45:56.759+0000] {logging_mixin.py:188} INFO - [2024-09-09T15:45:56.759+0000] {dag.py:3947} INFO - Setting next_dagrun for dataset_consumes_unknown_never_scheduled to None, run_after=None
[2024-09-09T15:45:56.761+0000] {logging_mixin.py:188} INFO - [2024-09-09T15:45:56.761+0000] {dag.py:3947} INFO - Setting next_dagrun for dataset_produces_1 to 2024-09-08 00:00:00+00:00, run_after=2024-09-09 00:00:00+00:00
[2024-09-09T15:45:56.762+0000] {logging_mixin.py:188} INFO - [2024-09-09T15:45:56.762+0000] {dag.py:3947} INFO - Setting next_dagrun for dataset_produces_2 to None, run_after=None
[2024-09-09T15:45:56.794+0000] {processor.py:183} INFO - Processing /home/airflow/.local/lib/python3.12/site-packages/airflow/example_dags/example_datasets.py took 0.140 seconds
[2024-09-09T15:46:27.056+0000] {processor.py:161} INFO - Started process (PID=1333) to work on /home/airflow/.local/lib/python3.12/site-packages/airflow/example_dags/example_datasets.py
[2024-09-09T15:46:27.057+0000] {processor.py:830} INFO - Processing file /home/airflow/.local/lib/python3.12/site-packages/airflow/example_dags/example_datasets.py for tasks to queue
[2024-09-09T15:46:27.059+0000] {logging_mixin.py:188} INFO - [2024-09-09T15:46:27.059+0000] {dagbag.py:545} INFO - Filling up the DagBag from /home/airflow/.local/lib/python3.12/site-packages/airflow/example_dags/example_datasets.py
[2024-09-09T15:46:27.073+0000] {processor.py:840} INFO - DAG(s) 'consume_1_or_2_with_dataset_expressions', 'conditional_dataset_and_time_based_timetable', 'dataset_consumes_1_never_scheduled', 'consume_1_and_2_with_dataset_expressions', 'dataset_consumes_1_and_2', 'dataset_produces_1', 'consume_1_or_both_2_and_3_with_dataset_expressions', 'dataset_produces_2', 'dataset_consumes_unknown_never_scheduled', 'dataset_consumes_1' retrieved from /home/airflow/.local/lib/python3.12/site-packages/airflow/example_dags/example_datasets.py
[2024-09-09T15:46:27.117+0000] {logging_mixin.py:188} INFO - [2024-09-09T15:46:27.117+0000] {dag.py:3089} INFO - Sync 10 DAGs
[2024-09-09T15:46:27.143+0000] {logging_mixin.py:188} INFO - [2024-09-09T15:46:27.142+0000] {dag.py:3947} INFO - Setting next_dagrun for conditional_dataset_and_time_based_timetable to 2024-09-04 01:00:00+00:00, run_after=2024-09-04 01:00:00+00:00
[2024-09-09T15:46:27.148+0000] {logging_mixin.py:188} INFO - [2024-09-09T15:46:27.148+0000] {dag.py:3947} INFO - Setting next_dagrun for consume_1_and_2_with_dataset_expressions to None, run_after=None
[2024-09-09T15:46:27.150+0000] {logging_mixin.py:188} INFO - [2024-09-09T15:46:27.149+0000] {dag.py:3947} INFO - Setting next_dagrun for consume_1_or_2_with_dataset_expressions to None, run_after=None
[2024-09-09T15:46:27.151+0000] {logging_mixin.py:188} INFO - [2024-09-09T15:46:27.151+0000] {dag.py:3947} INFO - Setting next_dagrun for consume_1_or_both_2_and_3_with_dataset_expressions to None, run_after=None
[2024-09-09T15:46:27.152+0000] {logging_mixin.py:188} INFO - [2024-09-09T15:46:27.152+0000] {dag.py:3947} INFO - Setting next_dagrun for dataset_consumes_1 to None, run_after=None
[2024-09-09T15:46:27.153+0000] {logging_mixin.py:188} INFO - [2024-09-09T15:46:27.153+0000] {dag.py:3947} INFO - Setting next_dagrun for dataset_consumes_1_and_2 to None, run_after=None
[2024-09-09T15:46:27.155+0000] {logging_mixin.py:188} INFO - [2024-09-09T15:46:27.155+0000] {dag.py:3947} INFO - Setting next_dagrun for dataset_consumes_1_never_scheduled to None, run_after=None
[2024-09-09T15:46:27.156+0000] {logging_mixin.py:188} INFO - [2024-09-09T15:46:27.156+0000] {dag.py:3947} INFO - Setting next_dagrun for dataset_consumes_unknown_never_scheduled to None, run_after=None
[2024-09-09T15:46:27.158+0000] {logging_mixin.py:188} INFO - [2024-09-09T15:46:27.158+0000] {dag.py:3947} INFO - Setting next_dagrun for dataset_produces_1 to 2024-09-08 00:00:00+00:00, run_after=2024-09-09 00:00:00+00:00
[2024-09-09T15:46:27.160+0000] {logging_mixin.py:188} INFO - [2024-09-09T15:46:27.159+0000] {dag.py:3947} INFO - Setting next_dagrun for dataset_produces_2 to None, run_after=None
[2024-09-09T15:46:27.306+0000] {processor.py:183} INFO - Processing /home/airflow/.local/lib/python3.12/site-packages/airflow/example_dags/example_datasets.py took 0.255 seconds
[2024-09-09T15:46:57.519+0000] {processor.py:161} INFO - Started process (PID=1393) to work on /home/airflow/.local/lib/python3.12/site-packages/airflow/example_dags/example_datasets.py
[2024-09-09T15:46:57.520+0000] {processor.py:830} INFO - Processing file /home/airflow/.local/lib/python3.12/site-packages/airflow/example_dags/example_datasets.py for tasks to queue
[2024-09-09T15:46:57.522+0000] {logging_mixin.py:188} INFO - [2024-09-09T15:46:57.521+0000] {dagbag.py:545} INFO - Filling up the DagBag from /home/airflow/.local/lib/python3.12/site-packages/airflow/example_dags/example_datasets.py
[2024-09-09T15:46:57.537+0000] {processor.py:840} INFO - DAG(s) 'consume_1_or_2_with_dataset_expressions', 'consume_1_or_both_2_and_3_with_dataset_expressions', 'conditional_dataset_and_time_based_timetable', 'consume_1_and_2_with_dataset_expressions', 'dataset_consumes_1', 'dataset_produces_1', 'dataset_consumes_unknown_never_scheduled', 'dataset_consumes_1_and_2', 'dataset_consumes_1_never_scheduled', 'dataset_produces_2' retrieved from /home/airflow/.local/lib/python3.12/site-packages/airflow/example_dags/example_datasets.py
[2024-09-09T15:46:57.585+0000] {logging_mixin.py:188} INFO - [2024-09-09T15:46:57.585+0000] {dag.py:3089} INFO - Sync 10 DAGs
[2024-09-09T15:46:57.610+0000] {logging_mixin.py:188} INFO - [2024-09-09T15:46:57.610+0000] {dag.py:3947} INFO - Setting next_dagrun for conditional_dataset_and_time_based_timetable to 2024-09-04 01:00:00+00:00, run_after=2024-09-04 01:00:00+00:00
[2024-09-09T15:46:57.615+0000] {logging_mixin.py:188} INFO - [2024-09-09T15:46:57.615+0000] {dag.py:3947} INFO - Setting next_dagrun for consume_1_and_2_with_dataset_expressions to None, run_after=None
[2024-09-09T15:46:57.617+0000] {logging_mixin.py:188} INFO - [2024-09-09T15:46:57.617+0000] {dag.py:3947} INFO - Setting next_dagrun for consume_1_or_2_with_dataset_expressions to None, run_after=None
[2024-09-09T15:46:57.619+0000] {logging_mixin.py:188} INFO - [2024-09-09T15:46:57.619+0000] {dag.py:3947} INFO - Setting next_dagrun for consume_1_or_both_2_and_3_with_dataset_expressions to None, run_after=None
[2024-09-09T15:46:57.621+0000] {logging_mixin.py:188} INFO - [2024-09-09T15:46:57.621+0000] {dag.py:3947} INFO - Setting next_dagrun for dataset_consumes_1 to None, run_after=None
[2024-09-09T15:46:57.624+0000] {logging_mixin.py:188} INFO - [2024-09-09T15:46:57.623+0000] {dag.py:3947} INFO - Setting next_dagrun for dataset_consumes_1_and_2 to None, run_after=None
[2024-09-09T15:46:57.626+0000] {logging_mixin.py:188} INFO - [2024-09-09T15:46:57.626+0000] {dag.py:3947} INFO - Setting next_dagrun for dataset_consumes_1_never_scheduled to None, run_after=None
[2024-09-09T15:46:57.630+0000] {logging_mixin.py:188} INFO - [2024-09-09T15:46:57.629+0000] {dag.py:3947} INFO - Setting next_dagrun for dataset_consumes_unknown_never_scheduled to None, run_after=None
[2024-09-09T15:46:57.634+0000] {logging_mixin.py:188} INFO - [2024-09-09T15:46:57.634+0000] {dag.py:3947} INFO - Setting next_dagrun for dataset_produces_1 to 2024-09-08 00:00:00+00:00, run_after=2024-09-09 00:00:00+00:00
[2024-09-09T15:46:57.636+0000] {logging_mixin.py:188} INFO - [2024-09-09T15:46:57.636+0000] {dag.py:3947} INFO - Setting next_dagrun for dataset_produces_2 to None, run_after=None
[2024-09-09T15:46:57.680+0000] {processor.py:183} INFO - Processing /home/airflow/.local/lib/python3.12/site-packages/airflow/example_dags/example_datasets.py took 0.168 seconds
[2024-09-09T15:47:28.176+0000] {processor.py:161} INFO - Started process (PID=1452) to work on /home/airflow/.local/lib/python3.12/site-packages/airflow/example_dags/example_datasets.py
[2024-09-09T15:47:28.177+0000] {processor.py:830} INFO - Processing file /home/airflow/.local/lib/python3.12/site-packages/airflow/example_dags/example_datasets.py for tasks to queue
[2024-09-09T15:47:28.179+0000] {logging_mixin.py:188} INFO - [2024-09-09T15:47:28.178+0000] {dagbag.py:545} INFO - Filling up the DagBag from /home/airflow/.local/lib/python3.12/site-packages/airflow/example_dags/example_datasets.py
[2024-09-09T15:47:28.196+0000] {processor.py:840} INFO - DAG(s) 'consume_1_or_both_2_and_3_with_dataset_expressions', 'conditional_dataset_and_time_based_timetable', 'dataset_produces_1', 'consume_1_and_2_with_dataset_expressions', 'dataset_consumes_1', 'dataset_consumes_1_and_2', 'consume_1_or_2_with_dataset_expressions', 'dataset_produces_2', 'dataset_consumes_1_never_scheduled', 'dataset_consumes_unknown_never_scheduled' retrieved from /home/airflow/.local/lib/python3.12/site-packages/airflow/example_dags/example_datasets.py
[2024-09-09T15:47:28.242+0000] {logging_mixin.py:188} INFO - [2024-09-09T15:47:28.242+0000] {dag.py:3089} INFO - Sync 10 DAGs
[2024-09-09T15:47:28.270+0000] {logging_mixin.py:188} INFO - [2024-09-09T15:47:28.270+0000] {dag.py:3947} INFO - Setting next_dagrun for conditional_dataset_and_time_based_timetable to 2024-09-04 01:00:00+00:00, run_after=2024-09-04 01:00:00+00:00
[2024-09-09T15:47:28.275+0000] {logging_mixin.py:188} INFO - [2024-09-09T15:47:28.275+0000] {dag.py:3947} INFO - Setting next_dagrun for consume_1_and_2_with_dataset_expressions to None, run_after=None
[2024-09-09T15:47:28.276+0000] {logging_mixin.py:188} INFO - [2024-09-09T15:47:28.276+0000] {dag.py:3947} INFO - Setting next_dagrun for consume_1_or_2_with_dataset_expressions to None, run_after=None
[2024-09-09T15:47:28.278+0000] {logging_mixin.py:188} INFO - [2024-09-09T15:47:28.278+0000] {dag.py:3947} INFO - Setting next_dagrun for consume_1_or_both_2_and_3_with_dataset_expressions to None, run_after=None
[2024-09-09T15:47:28.279+0000] {logging_mixin.py:188} INFO - [2024-09-09T15:47:28.279+0000] {dag.py:3947} INFO - Setting next_dagrun for dataset_consumes_1 to None, run_after=None
[2024-09-09T15:47:28.281+0000] {logging_mixin.py:188} INFO - [2024-09-09T15:47:28.280+0000] {dag.py:3947} INFO - Setting next_dagrun for dataset_consumes_1_and_2 to None, run_after=None
[2024-09-09T15:47:28.282+0000] {logging_mixin.py:188} INFO - [2024-09-09T15:47:28.282+0000] {dag.py:3947} INFO - Setting next_dagrun for dataset_consumes_1_never_scheduled to None, run_after=None
[2024-09-09T15:47:28.283+0000] {logging_mixin.py:188} INFO - [2024-09-09T15:47:28.283+0000] {dag.py:3947} INFO - Setting next_dagrun for dataset_consumes_unknown_never_scheduled to None, run_after=None
[2024-09-09T15:47:28.285+0000] {logging_mixin.py:188} INFO - [2024-09-09T15:47:28.285+0000] {dag.py:3947} INFO - Setting next_dagrun for dataset_produces_1 to 2024-09-08 00:00:00+00:00, run_after=2024-09-09 00:00:00+00:00
[2024-09-09T15:47:28.287+0000] {logging_mixin.py:188} INFO - [2024-09-09T15:47:28.286+0000] {dag.py:3947} INFO - Setting next_dagrun for dataset_produces_2 to None, run_after=None
[2024-09-09T15:47:28.323+0000] {processor.py:183} INFO - Processing /home/airflow/.local/lib/python3.12/site-packages/airflow/example_dags/example_datasets.py took 0.153 seconds
[2024-09-09T15:47:59.619+0000] {processor.py:161} INFO - Started process (PID=1512) to work on /home/airflow/.local/lib/python3.12/site-packages/airflow/example_dags/example_datasets.py
[2024-09-09T15:47:59.620+0000] {processor.py:830} INFO - Processing file /home/airflow/.local/lib/python3.12/site-packages/airflow/example_dags/example_datasets.py for tasks to queue
[2024-09-09T15:47:59.622+0000] {logging_mixin.py:188} INFO - [2024-09-09T15:47:59.622+0000] {dagbag.py:545} INFO - Filling up the DagBag from /home/airflow/.local/lib/python3.12/site-packages/airflow/example_dags/example_datasets.py
[2024-09-09T15:47:59.637+0000] {processor.py:840} INFO - DAG(s) 'dataset_consumes_unknown_never_scheduled', 'dataset_consumes_1', 'dataset_produces_1', 'consume_1_or_both_2_and_3_with_dataset_expressions', 'consume_1_or_2_with_dataset_expressions', 'conditional_dataset_and_time_based_timetable', 'dataset_consumes_1_never_scheduled', 'dataset_consumes_1_and_2', 'dataset_produces_2', 'consume_1_and_2_with_dataset_expressions' retrieved from /home/airflow/.local/lib/python3.12/site-packages/airflow/example_dags/example_datasets.py
[2024-09-09T15:47:59.815+0000] {logging_mixin.py:188} INFO - [2024-09-09T15:47:59.815+0000] {dag.py:3089} INFO - Sync 10 DAGs
[2024-09-09T15:47:59.837+0000] {logging_mixin.py:188} INFO - [2024-09-09T15:47:59.837+0000] {dag.py:3947} INFO - Setting next_dagrun for conditional_dataset_and_time_based_timetable to 2024-09-04 01:00:00+00:00, run_after=2024-09-04 01:00:00+00:00
[2024-09-09T15:47:59.841+0000] {logging_mixin.py:188} INFO - [2024-09-09T15:47:59.841+0000] {dag.py:3947} INFO - Setting next_dagrun for consume_1_and_2_with_dataset_expressions to None, run_after=None
[2024-09-09T15:47:59.843+0000] {logging_mixin.py:188} INFO - [2024-09-09T15:47:59.843+0000] {dag.py:3947} INFO - Setting next_dagrun for consume_1_or_2_with_dataset_expressions to None, run_after=None
[2024-09-09T15:47:59.844+0000] {logging_mixin.py:188} INFO - [2024-09-09T15:47:59.844+0000] {dag.py:3947} INFO - Setting next_dagrun for consume_1_or_both_2_and_3_with_dataset_expressions to None, run_after=None
[2024-09-09T15:47:59.846+0000] {logging_mixin.py:188} INFO - [2024-09-09T15:47:59.845+0000] {dag.py:3947} INFO - Setting next_dagrun for dataset_consumes_1 to None, run_after=None
[2024-09-09T15:47:59.847+0000] {logging_mixin.py:188} INFO - [2024-09-09T15:47:59.847+0000] {dag.py:3947} INFO - Setting next_dagrun for dataset_consumes_1_and_2 to None, run_after=None
[2024-09-09T15:47:59.848+0000] {logging_mixin.py:188} INFO - [2024-09-09T15:47:59.848+0000] {dag.py:3947} INFO - Setting next_dagrun for dataset_consumes_1_never_scheduled to None, run_after=None
[2024-09-09T15:47:59.849+0000] {logging_mixin.py:188} INFO - [2024-09-09T15:47:59.849+0000] {dag.py:3947} INFO - Setting next_dagrun for dataset_consumes_unknown_never_scheduled to None, run_after=None
[2024-09-09T15:47:59.851+0000] {logging_mixin.py:188} INFO - [2024-09-09T15:47:59.851+0000] {dag.py:3947} INFO - Setting next_dagrun for dataset_produces_1 to 2024-09-08 00:00:00+00:00, run_after=2024-09-09 00:00:00+00:00
[2024-09-09T15:47:59.852+0000] {logging_mixin.py:188} INFO - [2024-09-09T15:47:59.852+0000] {dag.py:3947} INFO - Setting next_dagrun for dataset_produces_2 to None, run_after=None
[2024-09-09T15:47:59.886+0000] {processor.py:183} INFO - Processing /home/airflow/.local/lib/python3.12/site-packages/airflow/example_dags/example_datasets.py took 0.272 seconds
