[2024-09-09T15:35:50.445+0000] {processor.py:161} INFO - Started process (PID=98) to work on /home/airflow/.local/lib/python3.12/site-packages/airflow/example_dags/example_task_group_decorator.py
[2024-09-09T15:35:50.446+0000] {processor.py:830} INFO - Processing file /home/airflow/.local/lib/python3.12/site-packages/airflow/example_dags/example_task_group_decorator.py for tasks to queue
[2024-09-09T15:35:50.448+0000] {logging_mixin.py:188} INFO - [2024-09-09T15:35:50.448+0000] {dagbag.py:545} INFO - Filling up the DagBag from /home/airflow/.local/lib/python3.12/site-packages/airflow/example_dags/example_task_group_decorator.py
[2024-09-09T15:35:50.470+0000] {processor.py:840} INFO - DAG(s) 'example_task_group_decorator' retrieved from /home/airflow/.local/lib/python3.12/site-packages/airflow/example_dags/example_task_group_decorator.py
[2024-09-09T15:35:50.611+0000] {logging_mixin.py:188} INFO - [2024-09-09T15:35:50.610+0000] {dag.py:3089} INFO - Sync 1 DAGs
[2024-09-09T15:35:50.632+0000] {logging_mixin.py:188} INFO - [2024-09-09T15:35:50.632+0000] {dag.py:3947} INFO - Setting next_dagrun for example_task_group_decorator to 2024-09-08 00:00:00+00:00, run_after=2024-09-09 00:00:00+00:00
[2024-09-09T15:35:50.652+0000] {processor.py:183} INFO - Processing /home/airflow/.local/lib/python3.12/site-packages/airflow/example_dags/example_task_group_decorator.py took 0.214 seconds
[2024-09-09T15:36:21.185+0000] {processor.py:161} INFO - Started process (PID=158) to work on /home/airflow/.local/lib/python3.12/site-packages/airflow/example_dags/example_task_group_decorator.py
[2024-09-09T15:36:21.187+0000] {processor.py:830} INFO - Processing file /home/airflow/.local/lib/python3.12/site-packages/airflow/example_dags/example_task_group_decorator.py for tasks to queue
[2024-09-09T15:36:21.189+0000] {logging_mixin.py:188} INFO - [2024-09-09T15:36:21.188+0000] {dagbag.py:545} INFO - Filling up the DagBag from /home/airflow/.local/lib/python3.12/site-packages/airflow/example_dags/example_task_group_decorator.py
[2024-09-09T15:36:21.205+0000] {processor.py:840} INFO - DAG(s) 'example_task_group_decorator' retrieved from /home/airflow/.local/lib/python3.12/site-packages/airflow/example_dags/example_task_group_decorator.py
[2024-09-09T15:36:21.230+0000] {logging_mixin.py:188} INFO - [2024-09-09T15:36:21.230+0000] {dag.py:3089} INFO - Sync 1 DAGs
[2024-09-09T15:36:21.253+0000] {logging_mixin.py:188} INFO - [2024-09-09T15:36:21.253+0000] {dag.py:3947} INFO - Setting next_dagrun for example_task_group_decorator to 2024-09-08 00:00:00+00:00, run_after=2024-09-09 00:00:00+00:00
[2024-09-09T15:36:21.275+0000] {processor.py:183} INFO - Processing /home/airflow/.local/lib/python3.12/site-packages/airflow/example_dags/example_task_group_decorator.py took 0.095 seconds
[2024-09-09T15:36:51.674+0000] {processor.py:161} INFO - Started process (PID=218) to work on /home/airflow/.local/lib/python3.12/site-packages/airflow/example_dags/example_task_group_decorator.py
[2024-09-09T15:36:51.675+0000] {processor.py:830} INFO - Processing file /home/airflow/.local/lib/python3.12/site-packages/airflow/example_dags/example_task_group_decorator.py for tasks to queue
[2024-09-09T15:36:51.677+0000] {logging_mixin.py:188} INFO - [2024-09-09T15:36:51.677+0000] {dagbag.py:545} INFO - Filling up the DagBag from /home/airflow/.local/lib/python3.12/site-packages/airflow/example_dags/example_task_group_decorator.py
[2024-09-09T15:36:51.692+0000] {processor.py:840} INFO - DAG(s) 'example_task_group_decorator' retrieved from /home/airflow/.local/lib/python3.12/site-packages/airflow/example_dags/example_task_group_decorator.py
[2024-09-09T15:36:51.718+0000] {logging_mixin.py:188} INFO - [2024-09-09T15:36:51.718+0000] {dag.py:3089} INFO - Sync 1 DAGs
[2024-09-09T15:36:51.742+0000] {logging_mixin.py:188} INFO - [2024-09-09T15:36:51.742+0000] {dag.py:3947} INFO - Setting next_dagrun for example_task_group_decorator to 2024-09-08 00:00:00+00:00, run_after=2024-09-09 00:00:00+00:00
[2024-09-09T15:36:51.762+0000] {processor.py:183} INFO - Processing /home/airflow/.local/lib/python3.12/site-packages/airflow/example_dags/example_task_group_decorator.py took 0.094 seconds
[2024-09-09T15:37:22.082+0000] {processor.py:161} INFO - Started process (PID=278) to work on /home/airflow/.local/lib/python3.12/site-packages/airflow/example_dags/example_task_group_decorator.py
[2024-09-09T15:37:22.083+0000] {processor.py:830} INFO - Processing file /home/airflow/.local/lib/python3.12/site-packages/airflow/example_dags/example_task_group_decorator.py for tasks to queue
[2024-09-09T15:37:22.085+0000] {logging_mixin.py:188} INFO - [2024-09-09T15:37:22.085+0000] {dagbag.py:545} INFO - Filling up the DagBag from /home/airflow/.local/lib/python3.12/site-packages/airflow/example_dags/example_task_group_decorator.py
[2024-09-09T15:37:22.103+0000] {processor.py:840} INFO - DAG(s) 'example_task_group_decorator' retrieved from /home/airflow/.local/lib/python3.12/site-packages/airflow/example_dags/example_task_group_decorator.py
[2024-09-09T15:37:22.130+0000] {logging_mixin.py:188} INFO - [2024-09-09T15:37:22.130+0000] {dag.py:3089} INFO - Sync 1 DAGs
[2024-09-09T15:37:22.157+0000] {logging_mixin.py:188} INFO - [2024-09-09T15:37:22.157+0000] {dag.py:3947} INFO - Setting next_dagrun for example_task_group_decorator to 2024-09-08 00:00:00+00:00, run_after=2024-09-09 00:00:00+00:00
[2024-09-09T15:37:22.177+0000] {processor.py:183} INFO - Processing /home/airflow/.local/lib/python3.12/site-packages/airflow/example_dags/example_task_group_decorator.py took 0.102 seconds
[2024-09-09T15:37:52.599+0000] {processor.py:161} INFO - Started process (PID=338) to work on /home/airflow/.local/lib/python3.12/site-packages/airflow/example_dags/example_task_group_decorator.py
[2024-09-09T15:37:52.600+0000] {processor.py:830} INFO - Processing file /home/airflow/.local/lib/python3.12/site-packages/airflow/example_dags/example_task_group_decorator.py for tasks to queue
[2024-09-09T15:37:52.602+0000] {logging_mixin.py:188} INFO - [2024-09-09T15:37:52.602+0000] {dagbag.py:545} INFO - Filling up the DagBag from /home/airflow/.local/lib/python3.12/site-packages/airflow/example_dags/example_task_group_decorator.py
[2024-09-09T15:37:52.617+0000] {processor.py:840} INFO - DAG(s) 'example_task_group_decorator' retrieved from /home/airflow/.local/lib/python3.12/site-packages/airflow/example_dags/example_task_group_decorator.py
[2024-09-09T15:37:52.643+0000] {logging_mixin.py:188} INFO - [2024-09-09T15:37:52.643+0000] {dag.py:3089} INFO - Sync 1 DAGs
[2024-09-09T15:37:52.666+0000] {logging_mixin.py:188} INFO - [2024-09-09T15:37:52.666+0000] {dag.py:3947} INFO - Setting next_dagrun for example_task_group_decorator to 2024-09-08 00:00:00+00:00, run_after=2024-09-09 00:00:00+00:00
[2024-09-09T15:37:52.687+0000] {processor.py:183} INFO - Processing /home/airflow/.local/lib/python3.12/site-packages/airflow/example_dags/example_task_group_decorator.py took 0.094 seconds
[2024-09-09T15:38:23.133+0000] {processor.py:161} INFO - Started process (PID=398) to work on /home/airflow/.local/lib/python3.12/site-packages/airflow/example_dags/example_task_group_decorator.py
[2024-09-09T15:38:23.134+0000] {processor.py:830} INFO - Processing file /home/airflow/.local/lib/python3.12/site-packages/airflow/example_dags/example_task_group_decorator.py for tasks to queue
[2024-09-09T15:38:23.136+0000] {logging_mixin.py:188} INFO - [2024-09-09T15:38:23.136+0000] {dagbag.py:545} INFO - Filling up the DagBag from /home/airflow/.local/lib/python3.12/site-packages/airflow/example_dags/example_task_group_decorator.py
[2024-09-09T15:38:23.154+0000] {processor.py:840} INFO - DAG(s) 'example_task_group_decorator' retrieved from /home/airflow/.local/lib/python3.12/site-packages/airflow/example_dags/example_task_group_decorator.py
[2024-09-09T15:38:23.181+0000] {logging_mixin.py:188} INFO - [2024-09-09T15:38:23.181+0000] {dag.py:3089} INFO - Sync 1 DAGs
[2024-09-09T15:38:23.211+0000] {logging_mixin.py:188} INFO - [2024-09-09T15:38:23.211+0000] {dag.py:3947} INFO - Setting next_dagrun for example_task_group_decorator to 2024-09-08 00:00:00+00:00, run_after=2024-09-09 00:00:00+00:00
[2024-09-09T15:38:23.234+0000] {processor.py:183} INFO - Processing /home/airflow/.local/lib/python3.12/site-packages/airflow/example_dags/example_task_group_decorator.py took 0.109 seconds
[2024-09-09T15:38:53.683+0000] {processor.py:161} INFO - Started process (PID=458) to work on /home/airflow/.local/lib/python3.12/site-packages/airflow/example_dags/example_task_group_decorator.py
[2024-09-09T15:38:53.685+0000] {processor.py:830} INFO - Processing file /home/airflow/.local/lib/python3.12/site-packages/airflow/example_dags/example_task_group_decorator.py for tasks to queue
[2024-09-09T15:38:53.688+0000] {logging_mixin.py:188} INFO - [2024-09-09T15:38:53.687+0000] {dagbag.py:545} INFO - Filling up the DagBag from /home/airflow/.local/lib/python3.12/site-packages/airflow/example_dags/example_task_group_decorator.py
[2024-09-09T15:38:53.706+0000] {processor.py:840} INFO - DAG(s) 'example_task_group_decorator' retrieved from /home/airflow/.local/lib/python3.12/site-packages/airflow/example_dags/example_task_group_decorator.py
[2024-09-09T15:38:53.734+0000] {logging_mixin.py:188} INFO - [2024-09-09T15:38:53.734+0000] {dag.py:3089} INFO - Sync 1 DAGs
[2024-09-09T15:38:53.758+0000] {logging_mixin.py:188} INFO - [2024-09-09T15:38:53.758+0000] {dag.py:3947} INFO - Setting next_dagrun for example_task_group_decorator to 2024-09-08 00:00:00+00:00, run_after=2024-09-09 00:00:00+00:00
[2024-09-09T15:38:53.787+0000] {processor.py:183} INFO - Processing /home/airflow/.local/lib/python3.12/site-packages/airflow/example_dags/example_task_group_decorator.py took 0.111 seconds
[2024-09-09T15:39:24.038+0000] {processor.py:161} INFO - Started process (PID=518) to work on /home/airflow/.local/lib/python3.12/site-packages/airflow/example_dags/example_task_group_decorator.py
[2024-09-09T15:39:24.039+0000] {processor.py:830} INFO - Processing file /home/airflow/.local/lib/python3.12/site-packages/airflow/example_dags/example_task_group_decorator.py for tasks to queue
[2024-09-09T15:39:24.041+0000] {logging_mixin.py:188} INFO - [2024-09-09T15:39:24.041+0000] {dagbag.py:545} INFO - Filling up the DagBag from /home/airflow/.local/lib/python3.12/site-packages/airflow/example_dags/example_task_group_decorator.py
[2024-09-09T15:39:24.057+0000] {processor.py:840} INFO - DAG(s) 'example_task_group_decorator' retrieved from /home/airflow/.local/lib/python3.12/site-packages/airflow/example_dags/example_task_group_decorator.py
[2024-09-09T15:39:24.085+0000] {logging_mixin.py:188} INFO - [2024-09-09T15:39:24.085+0000] {dag.py:3089} INFO - Sync 1 DAGs
[2024-09-09T15:39:24.110+0000] {logging_mixin.py:188} INFO - [2024-09-09T15:39:24.110+0000] {dag.py:3947} INFO - Setting next_dagrun for example_task_group_decorator to 2024-09-08 00:00:00+00:00, run_after=2024-09-09 00:00:00+00:00
[2024-09-09T15:39:24.131+0000] {processor.py:183} INFO - Processing /home/airflow/.local/lib/python3.12/site-packages/airflow/example_dags/example_task_group_decorator.py took 0.098 seconds
[2024-09-09T15:39:54.414+0000] {processor.py:161} INFO - Started process (PID=578) to work on /home/airflow/.local/lib/python3.12/site-packages/airflow/example_dags/example_task_group_decorator.py
[2024-09-09T15:39:54.415+0000] {processor.py:830} INFO - Processing file /home/airflow/.local/lib/python3.12/site-packages/airflow/example_dags/example_task_group_decorator.py for tasks to queue
[2024-09-09T15:39:54.417+0000] {logging_mixin.py:188} INFO - [2024-09-09T15:39:54.417+0000] {dagbag.py:545} INFO - Filling up the DagBag from /home/airflow/.local/lib/python3.12/site-packages/airflow/example_dags/example_task_group_decorator.py
[2024-09-09T15:39:54.432+0000] {processor.py:840} INFO - DAG(s) 'example_task_group_decorator' retrieved from /home/airflow/.local/lib/python3.12/site-packages/airflow/example_dags/example_task_group_decorator.py
[2024-09-09T15:39:54.457+0000] {logging_mixin.py:188} INFO - [2024-09-09T15:39:54.457+0000] {dag.py:3089} INFO - Sync 1 DAGs
[2024-09-09T15:39:54.479+0000] {logging_mixin.py:188} INFO - [2024-09-09T15:39:54.479+0000] {dag.py:3947} INFO - Setting next_dagrun for example_task_group_decorator to 2024-09-08 00:00:00+00:00, run_after=2024-09-09 00:00:00+00:00
[2024-09-09T15:39:54.499+0000] {processor.py:183} INFO - Processing /home/airflow/.local/lib/python3.12/site-packages/airflow/example_dags/example_task_group_decorator.py took 0.090 seconds
[2024-09-09T15:40:24.715+0000] {processor.py:161} INFO - Started process (PID=638) to work on /home/airflow/.local/lib/python3.12/site-packages/airflow/example_dags/example_task_group_decorator.py
[2024-09-09T15:40:24.716+0000] {processor.py:830} INFO - Processing file /home/airflow/.local/lib/python3.12/site-packages/airflow/example_dags/example_task_group_decorator.py for tasks to queue
[2024-09-09T15:40:24.718+0000] {logging_mixin.py:188} INFO - [2024-09-09T15:40:24.718+0000] {dagbag.py:545} INFO - Filling up the DagBag from /home/airflow/.local/lib/python3.12/site-packages/airflow/example_dags/example_task_group_decorator.py
[2024-09-09T15:40:24.734+0000] {processor.py:840} INFO - DAG(s) 'example_task_group_decorator' retrieved from /home/airflow/.local/lib/python3.12/site-packages/airflow/example_dags/example_task_group_decorator.py
[2024-09-09T15:40:24.760+0000] {logging_mixin.py:188} INFO - [2024-09-09T15:40:24.760+0000] {dag.py:3089} INFO - Sync 1 DAGs
[2024-09-09T15:40:24.785+0000] {logging_mixin.py:188} INFO - [2024-09-09T15:40:24.785+0000] {dag.py:3947} INFO - Setting next_dagrun for example_task_group_decorator to 2024-09-08 00:00:00+00:00, run_after=2024-09-09 00:00:00+00:00
[2024-09-09T15:40:24.806+0000] {processor.py:183} INFO - Processing /home/airflow/.local/lib/python3.12/site-packages/airflow/example_dags/example_task_group_decorator.py took 0.098 seconds
[2024-09-09T15:40:55.000+0000] {processor.py:161} INFO - Started process (PID=698) to work on /home/airflow/.local/lib/python3.12/site-packages/airflow/example_dags/example_task_group_decorator.py
[2024-09-09T15:40:55.001+0000] {processor.py:830} INFO - Processing file /home/airflow/.local/lib/python3.12/site-packages/airflow/example_dags/example_task_group_decorator.py for tasks to queue
[2024-09-09T15:40:55.002+0000] {logging_mixin.py:188} INFO - [2024-09-09T15:40:55.002+0000] {dagbag.py:545} INFO - Filling up the DagBag from /home/airflow/.local/lib/python3.12/site-packages/airflow/example_dags/example_task_group_decorator.py
[2024-09-09T15:40:55.020+0000] {processor.py:840} INFO - DAG(s) 'example_task_group_decorator' retrieved from /home/airflow/.local/lib/python3.12/site-packages/airflow/example_dags/example_task_group_decorator.py
[2024-09-09T15:40:55.046+0000] {logging_mixin.py:188} INFO - [2024-09-09T15:40:55.046+0000] {dag.py:3089} INFO - Sync 1 DAGs
[2024-09-09T15:40:55.072+0000] {logging_mixin.py:188} INFO - [2024-09-09T15:40:55.072+0000] {dag.py:3947} INFO - Setting next_dagrun for example_task_group_decorator to 2024-09-08 00:00:00+00:00, run_after=2024-09-09 00:00:00+00:00
[2024-09-09T15:40:55.093+0000] {processor.py:183} INFO - Processing /home/airflow/.local/lib/python3.12/site-packages/airflow/example_dags/example_task_group_decorator.py took 0.099 seconds
[2024-09-09T15:41:25.377+0000] {processor.py:161} INFO - Started process (PID=758) to work on /home/airflow/.local/lib/python3.12/site-packages/airflow/example_dags/example_task_group_decorator.py
[2024-09-09T15:41:25.378+0000] {processor.py:830} INFO - Processing file /home/airflow/.local/lib/python3.12/site-packages/airflow/example_dags/example_task_group_decorator.py for tasks to queue
[2024-09-09T15:41:25.380+0000] {logging_mixin.py:188} INFO - [2024-09-09T15:41:25.379+0000] {dagbag.py:545} INFO - Filling up the DagBag from /home/airflow/.local/lib/python3.12/site-packages/airflow/example_dags/example_task_group_decorator.py
[2024-09-09T15:41:25.395+0000] {processor.py:840} INFO - DAG(s) 'example_task_group_decorator' retrieved from /home/airflow/.local/lib/python3.12/site-packages/airflow/example_dags/example_task_group_decorator.py
[2024-09-09T15:41:25.420+0000] {logging_mixin.py:188} INFO - [2024-09-09T15:41:25.420+0000] {dag.py:3089} INFO - Sync 1 DAGs
[2024-09-09T15:41:25.443+0000] {logging_mixin.py:188} INFO - [2024-09-09T15:41:25.443+0000] {dag.py:3947} INFO - Setting next_dagrun for example_task_group_decorator to 2024-09-08 00:00:00+00:00, run_after=2024-09-09 00:00:00+00:00
[2024-09-09T15:41:25.462+0000] {processor.py:183} INFO - Processing /home/airflow/.local/lib/python3.12/site-packages/airflow/example_dags/example_task_group_decorator.py took 0.091 seconds
[2024-09-09T15:41:55.696+0000] {processor.py:161} INFO - Started process (PID=818) to work on /home/airflow/.local/lib/python3.12/site-packages/airflow/example_dags/example_task_group_decorator.py
[2024-09-09T15:41:55.697+0000] {processor.py:830} INFO - Processing file /home/airflow/.local/lib/python3.12/site-packages/airflow/example_dags/example_task_group_decorator.py for tasks to queue
[2024-09-09T15:41:55.699+0000] {logging_mixin.py:188} INFO - [2024-09-09T15:41:55.698+0000] {dagbag.py:545} INFO - Filling up the DagBag from /home/airflow/.local/lib/python3.12/site-packages/airflow/example_dags/example_task_group_decorator.py
[2024-09-09T15:41:55.714+0000] {processor.py:840} INFO - DAG(s) 'example_task_group_decorator' retrieved from /home/airflow/.local/lib/python3.12/site-packages/airflow/example_dags/example_task_group_decorator.py
[2024-09-09T15:41:55.740+0000] {logging_mixin.py:188} INFO - [2024-09-09T15:41:55.740+0000] {dag.py:3089} INFO - Sync 1 DAGs
[2024-09-09T15:41:55.763+0000] {logging_mixin.py:188} INFO - [2024-09-09T15:41:55.763+0000] {dag.py:3947} INFO - Setting next_dagrun for example_task_group_decorator to 2024-09-08 00:00:00+00:00, run_after=2024-09-09 00:00:00+00:00
[2024-09-09T15:41:55.783+0000] {processor.py:183} INFO - Processing /home/airflow/.local/lib/python3.12/site-packages/airflow/example_dags/example_task_group_decorator.py took 0.093 seconds
[2024-09-09T15:42:25.893+0000] {processor.py:161} INFO - Started process (PID=876) to work on /home/airflow/.local/lib/python3.12/site-packages/airflow/example_dags/example_task_group_decorator.py
[2024-09-09T15:42:25.894+0000] {processor.py:830} INFO - Processing file /home/airflow/.local/lib/python3.12/site-packages/airflow/example_dags/example_task_group_decorator.py for tasks to queue
[2024-09-09T15:42:25.896+0000] {logging_mixin.py:188} INFO - [2024-09-09T15:42:25.896+0000] {dagbag.py:545} INFO - Filling up the DagBag from /home/airflow/.local/lib/python3.12/site-packages/airflow/example_dags/example_task_group_decorator.py
[2024-09-09T15:42:25.911+0000] {processor.py:840} INFO - DAG(s) 'example_task_group_decorator' retrieved from /home/airflow/.local/lib/python3.12/site-packages/airflow/example_dags/example_task_group_decorator.py
[2024-09-09T15:42:25.939+0000] {logging_mixin.py:188} INFO - [2024-09-09T15:42:25.938+0000] {dag.py:3089} INFO - Sync 1 DAGs
[2024-09-09T15:42:25.964+0000] {logging_mixin.py:188} INFO - [2024-09-09T15:42:25.964+0000] {dag.py:3947} INFO - Setting next_dagrun for example_task_group_decorator to 2024-09-08 00:00:00+00:00, run_after=2024-09-09 00:00:00+00:00
[2024-09-09T15:42:25.985+0000] {processor.py:183} INFO - Processing /home/airflow/.local/lib/python3.12/site-packages/airflow/example_dags/example_task_group_decorator.py took 0.097 seconds
[2024-09-09T15:42:56.249+0000] {processor.py:161} INFO - Started process (PID=936) to work on /home/airflow/.local/lib/python3.12/site-packages/airflow/example_dags/example_task_group_decorator.py
[2024-09-09T15:42:56.250+0000] {processor.py:830} INFO - Processing file /home/airflow/.local/lib/python3.12/site-packages/airflow/example_dags/example_task_group_decorator.py for tasks to queue
[2024-09-09T15:42:56.252+0000] {logging_mixin.py:188} INFO - [2024-09-09T15:42:56.251+0000] {dagbag.py:545} INFO - Filling up the DagBag from /home/airflow/.local/lib/python3.12/site-packages/airflow/example_dags/example_task_group_decorator.py
[2024-09-09T15:42:56.267+0000] {processor.py:840} INFO - DAG(s) 'example_task_group_decorator' retrieved from /home/airflow/.local/lib/python3.12/site-packages/airflow/example_dags/example_task_group_decorator.py
[2024-09-09T15:42:56.295+0000] {logging_mixin.py:188} INFO - [2024-09-09T15:42:56.294+0000] {dag.py:3089} INFO - Sync 1 DAGs
[2024-09-09T15:42:56.319+0000] {logging_mixin.py:188} INFO - [2024-09-09T15:42:56.319+0000] {dag.py:3947} INFO - Setting next_dagrun for example_task_group_decorator to 2024-09-08 00:00:00+00:00, run_after=2024-09-09 00:00:00+00:00
[2024-09-09T15:42:56.338+0000] {processor.py:183} INFO - Processing /home/airflow/.local/lib/python3.12/site-packages/airflow/example_dags/example_task_group_decorator.py took 0.095 seconds
[2024-09-09T15:43:26.629+0000] {processor.py:161} INFO - Started process (PID=996) to work on /home/airflow/.local/lib/python3.12/site-packages/airflow/example_dags/example_task_group_decorator.py
[2024-09-09T15:43:26.630+0000] {processor.py:830} INFO - Processing file /home/airflow/.local/lib/python3.12/site-packages/airflow/example_dags/example_task_group_decorator.py for tasks to queue
[2024-09-09T15:43:26.633+0000] {logging_mixin.py:188} INFO - [2024-09-09T15:43:26.632+0000] {dagbag.py:545} INFO - Filling up the DagBag from /home/airflow/.local/lib/python3.12/site-packages/airflow/example_dags/example_task_group_decorator.py
[2024-09-09T15:43:26.650+0000] {processor.py:840} INFO - DAG(s) 'example_task_group_decorator' retrieved from /home/airflow/.local/lib/python3.12/site-packages/airflow/example_dags/example_task_group_decorator.py
[2024-09-09T15:43:26.674+0000] {logging_mixin.py:188} INFO - [2024-09-09T15:43:26.674+0000] {dag.py:3089} INFO - Sync 1 DAGs
[2024-09-09T15:43:26.698+0000] {logging_mixin.py:188} INFO - [2024-09-09T15:43:26.698+0000] {dag.py:3947} INFO - Setting next_dagrun for example_task_group_decorator to 2024-09-08 00:00:00+00:00, run_after=2024-09-09 00:00:00+00:00
[2024-09-09T15:43:26.720+0000] {processor.py:183} INFO - Processing /home/airflow/.local/lib/python3.12/site-packages/airflow/example_dags/example_task_group_decorator.py took 0.096 seconds
[2024-09-09T15:43:57.380+0000] {processor.py:161} INFO - Started process (PID=1056) to work on /home/airflow/.local/lib/python3.12/site-packages/airflow/example_dags/example_task_group_decorator.py
[2024-09-09T15:43:57.381+0000] {processor.py:830} INFO - Processing file /home/airflow/.local/lib/python3.12/site-packages/airflow/example_dags/example_task_group_decorator.py for tasks to queue
[2024-09-09T15:43:57.383+0000] {logging_mixin.py:188} INFO - [2024-09-09T15:43:57.383+0000] {dagbag.py:545} INFO - Filling up the DagBag from /home/airflow/.local/lib/python3.12/site-packages/airflow/example_dags/example_task_group_decorator.py
[2024-09-09T15:43:57.403+0000] {processor.py:840} INFO - DAG(s) 'example_task_group_decorator' retrieved from /home/airflow/.local/lib/python3.12/site-packages/airflow/example_dags/example_task_group_decorator.py
[2024-09-09T15:43:57.433+0000] {logging_mixin.py:188} INFO - [2024-09-09T15:43:57.432+0000] {dag.py:3089} INFO - Sync 1 DAGs
[2024-09-09T15:43:57.457+0000] {logging_mixin.py:188} INFO - [2024-09-09T15:43:57.457+0000] {dag.py:3947} INFO - Setting next_dagrun for example_task_group_decorator to 2024-09-08 00:00:00+00:00, run_after=2024-09-09 00:00:00+00:00
[2024-09-09T15:43:57.477+0000] {processor.py:183} INFO - Processing /home/airflow/.local/lib/python3.12/site-packages/airflow/example_dags/example_task_group_decorator.py took 0.105 seconds
[2024-09-09T15:44:28.153+0000] {processor.py:161} INFO - Started process (PID=1116) to work on /home/airflow/.local/lib/python3.12/site-packages/airflow/example_dags/example_task_group_decorator.py
[2024-09-09T15:44:28.154+0000] {processor.py:830} INFO - Processing file /home/airflow/.local/lib/python3.12/site-packages/airflow/example_dags/example_task_group_decorator.py for tasks to queue
[2024-09-09T15:44:28.155+0000] {logging_mixin.py:188} INFO - [2024-09-09T15:44:28.155+0000] {dagbag.py:545} INFO - Filling up the DagBag from /home/airflow/.local/lib/python3.12/site-packages/airflow/example_dags/example_task_group_decorator.py
[2024-09-09T15:44:28.170+0000] {processor.py:840} INFO - DAG(s) 'example_task_group_decorator' retrieved from /home/airflow/.local/lib/python3.12/site-packages/airflow/example_dags/example_task_group_decorator.py
[2024-09-09T15:44:28.195+0000] {logging_mixin.py:188} INFO - [2024-09-09T15:44:28.195+0000] {dag.py:3089} INFO - Sync 1 DAGs
[2024-09-09T15:44:28.216+0000] {logging_mixin.py:188} INFO - [2024-09-09T15:44:28.216+0000] {dag.py:3947} INFO - Setting next_dagrun for example_task_group_decorator to 2024-09-08 00:00:00+00:00, run_after=2024-09-09 00:00:00+00:00
[2024-09-09T15:44:28.235+0000] {processor.py:183} INFO - Processing /home/airflow/.local/lib/python3.12/site-packages/airflow/example_dags/example_task_group_decorator.py took 0.089 seconds
[2024-09-09T15:44:58.880+0000] {processor.py:161} INFO - Started process (PID=1176) to work on /home/airflow/.local/lib/python3.12/site-packages/airflow/example_dags/example_task_group_decorator.py
[2024-09-09T15:44:58.881+0000] {processor.py:830} INFO - Processing file /home/airflow/.local/lib/python3.12/site-packages/airflow/example_dags/example_task_group_decorator.py for tasks to queue
[2024-09-09T15:44:58.883+0000] {logging_mixin.py:188} INFO - [2024-09-09T15:44:58.883+0000] {dagbag.py:545} INFO - Filling up the DagBag from /home/airflow/.local/lib/python3.12/site-packages/airflow/example_dags/example_task_group_decorator.py
[2024-09-09T15:44:58.903+0000] {processor.py:840} INFO - DAG(s) 'example_task_group_decorator' retrieved from /home/airflow/.local/lib/python3.12/site-packages/airflow/example_dags/example_task_group_decorator.py
[2024-09-09T15:44:58.933+0000] {logging_mixin.py:188} INFO - [2024-09-09T15:44:58.932+0000] {dag.py:3089} INFO - Sync 1 DAGs
[2024-09-09T15:44:58.960+0000] {logging_mixin.py:188} INFO - [2024-09-09T15:44:58.960+0000] {dag.py:3947} INFO - Setting next_dagrun for example_task_group_decorator to 2024-09-08 00:00:00+00:00, run_after=2024-09-09 00:00:00+00:00
[2024-09-09T15:44:58.983+0000] {processor.py:183} INFO - Processing /home/airflow/.local/lib/python3.12/site-packages/airflow/example_dags/example_task_group_decorator.py took 0.111 seconds
[2024-09-09T15:45:29.720+0000] {processor.py:161} INFO - Started process (PID=1236) to work on /home/airflow/.local/lib/python3.12/site-packages/airflow/example_dags/example_task_group_decorator.py
[2024-09-09T15:45:29.721+0000] {processor.py:830} INFO - Processing file /home/airflow/.local/lib/python3.12/site-packages/airflow/example_dags/example_task_group_decorator.py for tasks to queue
[2024-09-09T15:45:29.723+0000] {logging_mixin.py:188} INFO - [2024-09-09T15:45:29.723+0000] {dagbag.py:545} INFO - Filling up the DagBag from /home/airflow/.local/lib/python3.12/site-packages/airflow/example_dags/example_task_group_decorator.py
[2024-09-09T15:45:29.739+0000] {processor.py:840} INFO - DAG(s) 'example_task_group_decorator' retrieved from /home/airflow/.local/lib/python3.12/site-packages/airflow/example_dags/example_task_group_decorator.py
[2024-09-09T15:45:29.764+0000] {logging_mixin.py:188} INFO - [2024-09-09T15:45:29.763+0000] {dag.py:3089} INFO - Sync 1 DAGs
[2024-09-09T15:45:29.789+0000] {logging_mixin.py:188} INFO - [2024-09-09T15:45:29.789+0000] {dag.py:3947} INFO - Setting next_dagrun for example_task_group_decorator to 2024-09-08 00:00:00+00:00, run_after=2024-09-09 00:00:00+00:00
[2024-09-09T15:45:29.808+0000] {processor.py:183} INFO - Processing /home/airflow/.local/lib/python3.12/site-packages/airflow/example_dags/example_task_group_decorator.py took 0.094 seconds
[2024-09-09T15:46:00.103+0000] {processor.py:161} INFO - Started process (PID=1296) to work on /home/airflow/.local/lib/python3.12/site-packages/airflow/example_dags/example_task_group_decorator.py
[2024-09-09T15:46:00.104+0000] {processor.py:830} INFO - Processing file /home/airflow/.local/lib/python3.12/site-packages/airflow/example_dags/example_task_group_decorator.py for tasks to queue
[2024-09-09T15:46:00.106+0000] {logging_mixin.py:188} INFO - [2024-09-09T15:46:00.106+0000] {dagbag.py:545} INFO - Filling up the DagBag from /home/airflow/.local/lib/python3.12/site-packages/airflow/example_dags/example_task_group_decorator.py
[2024-09-09T15:46:00.121+0000] {processor.py:840} INFO - DAG(s) 'example_task_group_decorator' retrieved from /home/airflow/.local/lib/python3.12/site-packages/airflow/example_dags/example_task_group_decorator.py
[2024-09-09T15:46:00.146+0000] {logging_mixin.py:188} INFO - [2024-09-09T15:46:00.146+0000] {dag.py:3089} INFO - Sync 1 DAGs
[2024-09-09T15:46:00.171+0000] {logging_mixin.py:188} INFO - [2024-09-09T15:46:00.171+0000] {dag.py:3947} INFO - Setting next_dagrun for example_task_group_decorator to 2024-09-08 00:00:00+00:00, run_after=2024-09-09 00:00:00+00:00
[2024-09-09T15:46:00.191+0000] {processor.py:183} INFO - Processing /home/airflow/.local/lib/python3.12/site-packages/airflow/example_dags/example_task_group_decorator.py took 0.093 seconds
[2024-09-09T15:46:30.809+0000] {processor.py:161} INFO - Started process (PID=1356) to work on /home/airflow/.local/lib/python3.12/site-packages/airflow/example_dags/example_task_group_decorator.py
[2024-09-09T15:46:30.810+0000] {processor.py:830} INFO - Processing file /home/airflow/.local/lib/python3.12/site-packages/airflow/example_dags/example_task_group_decorator.py for tasks to queue
[2024-09-09T15:46:30.812+0000] {logging_mixin.py:188} INFO - [2024-09-09T15:46:30.812+0000] {dagbag.py:545} INFO - Filling up the DagBag from /home/airflow/.local/lib/python3.12/site-packages/airflow/example_dags/example_task_group_decorator.py
[2024-09-09T15:46:30.828+0000] {processor.py:840} INFO - DAG(s) 'example_task_group_decorator' retrieved from /home/airflow/.local/lib/python3.12/site-packages/airflow/example_dags/example_task_group_decorator.py
[2024-09-09T15:46:30.854+0000] {logging_mixin.py:188} INFO - [2024-09-09T15:46:30.854+0000] {dag.py:3089} INFO - Sync 1 DAGs
[2024-09-09T15:46:30.878+0000] {logging_mixin.py:188} INFO - [2024-09-09T15:46:30.877+0000] {dag.py:3947} INFO - Setting next_dagrun for example_task_group_decorator to 2024-09-08 00:00:00+00:00, run_after=2024-09-09 00:00:00+00:00
[2024-09-09T15:46:31.015+0000] {processor.py:183} INFO - Processing /home/airflow/.local/lib/python3.12/site-packages/airflow/example_dags/example_task_group_decorator.py took 0.211 seconds
[2024-09-09T15:47:01.868+0000] {processor.py:161} INFO - Started process (PID=1416) to work on /home/airflow/.local/lib/python3.12/site-packages/airflow/example_dags/example_task_group_decorator.py
[2024-09-09T15:47:01.869+0000] {processor.py:830} INFO - Processing file /home/airflow/.local/lib/python3.12/site-packages/airflow/example_dags/example_task_group_decorator.py for tasks to queue
[2024-09-09T15:47:01.871+0000] {logging_mixin.py:188} INFO - [2024-09-09T15:47:01.870+0000] {dagbag.py:545} INFO - Filling up the DagBag from /home/airflow/.local/lib/python3.12/site-packages/airflow/example_dags/example_task_group_decorator.py
[2024-09-09T15:47:01.886+0000] {processor.py:840} INFO - DAG(s) 'example_task_group_decorator' retrieved from /home/airflow/.local/lib/python3.12/site-packages/airflow/example_dags/example_task_group_decorator.py
[2024-09-09T15:47:01.911+0000] {logging_mixin.py:188} INFO - [2024-09-09T15:47:01.911+0000] {dag.py:3089} INFO - Sync 1 DAGs
[2024-09-09T15:47:01.933+0000] {logging_mixin.py:188} INFO - [2024-09-09T15:47:01.933+0000] {dag.py:3947} INFO - Setting next_dagrun for example_task_group_decorator to 2024-09-08 00:00:00+00:00, run_after=2024-09-09 00:00:00+00:00
[2024-09-09T15:47:01.954+0000] {processor.py:183} INFO - Processing /home/airflow/.local/lib/python3.12/site-packages/airflow/example_dags/example_task_group_decorator.py took 0.091 seconds
[2024-09-09T15:47:32.568+0000] {processor.py:161} INFO - Started process (PID=1476) to work on /home/airflow/.local/lib/python3.12/site-packages/airflow/example_dags/example_task_group_decorator.py
[2024-09-09T15:47:32.569+0000] {processor.py:830} INFO - Processing file /home/airflow/.local/lib/python3.12/site-packages/airflow/example_dags/example_task_group_decorator.py for tasks to queue
[2024-09-09T15:47:32.571+0000] {logging_mixin.py:188} INFO - [2024-09-09T15:47:32.571+0000] {dagbag.py:545} INFO - Filling up the DagBag from /home/airflow/.local/lib/python3.12/site-packages/airflow/example_dags/example_task_group_decorator.py
[2024-09-09T15:47:32.585+0000] {processor.py:840} INFO - DAG(s) 'example_task_group_decorator' retrieved from /home/airflow/.local/lib/python3.12/site-packages/airflow/example_dags/example_task_group_decorator.py
[2024-09-09T15:47:32.611+0000] {logging_mixin.py:188} INFO - [2024-09-09T15:47:32.611+0000] {dag.py:3089} INFO - Sync 1 DAGs
[2024-09-09T15:47:32.634+0000] {logging_mixin.py:188} INFO - [2024-09-09T15:47:32.634+0000] {dag.py:3947} INFO - Setting next_dagrun for example_task_group_decorator to 2024-09-08 00:00:00+00:00, run_after=2024-09-09 00:00:00+00:00
[2024-09-09T15:47:32.654+0000] {processor.py:183} INFO - Processing /home/airflow/.local/lib/python3.12/site-packages/airflow/example_dags/example_task_group_decorator.py took 0.092 seconds
[2024-09-09T15:48:03.369+0000] {processor.py:161} INFO - Started process (PID=1536) to work on /home/airflow/.local/lib/python3.12/site-packages/airflow/example_dags/example_task_group_decorator.py
[2024-09-09T15:48:03.370+0000] {processor.py:830} INFO - Processing file /home/airflow/.local/lib/python3.12/site-packages/airflow/example_dags/example_task_group_decorator.py for tasks to queue
[2024-09-09T15:48:03.372+0000] {logging_mixin.py:188} INFO - [2024-09-09T15:48:03.371+0000] {dagbag.py:545} INFO - Filling up the DagBag from /home/airflow/.local/lib/python3.12/site-packages/airflow/example_dags/example_task_group_decorator.py
[2024-09-09T15:48:03.387+0000] {processor.py:840} INFO - DAG(s) 'example_task_group_decorator' retrieved from /home/airflow/.local/lib/python3.12/site-packages/airflow/example_dags/example_task_group_decorator.py
[2024-09-09T15:48:03.413+0000] {logging_mixin.py:188} INFO - [2024-09-09T15:48:03.412+0000] {dag.py:3089} INFO - Sync 1 DAGs
[2024-09-09T15:48:03.437+0000] {logging_mixin.py:188} INFO - [2024-09-09T15:48:03.437+0000] {dag.py:3947} INFO - Setting next_dagrun for example_task_group_decorator to 2024-09-08 00:00:00+00:00, run_after=2024-09-09 00:00:00+00:00
[2024-09-09T15:48:03.461+0000] {processor.py:183} INFO - Processing /home/airflow/.local/lib/python3.12/site-packages/airflow/example_dags/example_task_group_decorator.py took 0.098 seconds
