[2024-09-09T15:35:50.292+0000] {processor.py:161} INFO - Started process (PID=97) to work on /home/airflow/.local/lib/python3.12/site-packages/airflow/example_dags/tutorial.py
[2024-09-09T15:35:50.293+0000] {processor.py:830} INFO - Processing file /home/airflow/.local/lib/python3.12/site-packages/airflow/example_dags/tutorial.py for tasks to queue
[2024-09-09T15:35:50.295+0000] {logging_mixin.py:188} INFO - [2024-09-09T15:35:50.295+0000] {dagbag.py:545} INFO - Filling up the DagBag from /home/airflow/.local/lib/python3.12/site-packages/airflow/example_dags/tutorial.py
[2024-09-09T15:35:50.301+0000] {processor.py:840} INFO - DAG(s) 'tutorial' retrieved from /home/airflow/.local/lib/python3.12/site-packages/airflow/example_dags/tutorial.py
[2024-09-09T15:35:50.439+0000] {logging_mixin.py:188} INFO - [2024-09-09T15:35:50.438+0000] {dag.py:3089} INFO - Sync 1 DAGs
[2024-09-09T15:35:50.468+0000] {logging_mixin.py:188} INFO - [2024-09-09T15:35:50.468+0000] {dag.py:3947} INFO - Setting next_dagrun for tutorial to 2024-09-08 00:00:00+00:00, run_after=2024-09-09 00:00:00+00:00
[2024-09-09T15:35:50.494+0000] {processor.py:183} INFO - Processing /home/airflow/.local/lib/python3.12/site-packages/airflow/example_dags/tutorial.py took 0.208 seconds
[2024-09-09T15:36:21.174+0000] {processor.py:161} INFO - Started process (PID=157) to work on /home/airflow/.local/lib/python3.12/site-packages/airflow/example_dags/tutorial.py
[2024-09-09T15:36:21.175+0000] {processor.py:830} INFO - Processing file /home/airflow/.local/lib/python3.12/site-packages/airflow/example_dags/tutorial.py for tasks to queue
[2024-09-09T15:36:21.177+0000] {logging_mixin.py:188} INFO - [2024-09-09T15:36:21.177+0000] {dagbag.py:545} INFO - Filling up the DagBag from /home/airflow/.local/lib/python3.12/site-packages/airflow/example_dags/tutorial.py
[2024-09-09T15:36:21.183+0000] {processor.py:840} INFO - DAG(s) 'tutorial' retrieved from /home/airflow/.local/lib/python3.12/site-packages/airflow/example_dags/tutorial.py
[2024-09-09T15:36:21.200+0000] {logging_mixin.py:188} INFO - [2024-09-09T15:36:21.200+0000] {dag.py:3089} INFO - Sync 1 DAGs
[2024-09-09T15:36:21.223+0000] {logging_mixin.py:188} INFO - [2024-09-09T15:36:21.222+0000] {dag.py:3947} INFO - Setting next_dagrun for tutorial to 2024-09-08 00:00:00+00:00, run_after=2024-09-09 00:00:00+00:00
[2024-09-09T15:36:21.242+0000] {processor.py:183} INFO - Processing /home/airflow/.local/lib/python3.12/site-packages/airflow/example_dags/tutorial.py took 0.074 seconds
[2024-09-09T15:36:51.657+0000] {processor.py:161} INFO - Started process (PID=217) to work on /home/airflow/.local/lib/python3.12/site-packages/airflow/example_dags/tutorial.py
[2024-09-09T15:36:51.658+0000] {processor.py:830} INFO - Processing file /home/airflow/.local/lib/python3.12/site-packages/airflow/example_dags/tutorial.py for tasks to queue
[2024-09-09T15:36:51.660+0000] {logging_mixin.py:188} INFO - [2024-09-09T15:36:51.659+0000] {dagbag.py:545} INFO - Filling up the DagBag from /home/airflow/.local/lib/python3.12/site-packages/airflow/example_dags/tutorial.py
[2024-09-09T15:36:51.666+0000] {processor.py:840} INFO - DAG(s) 'tutorial' retrieved from /home/airflow/.local/lib/python3.12/site-packages/airflow/example_dags/tutorial.py
[2024-09-09T15:36:51.684+0000] {logging_mixin.py:188} INFO - [2024-09-09T15:36:51.684+0000] {dag.py:3089} INFO - Sync 1 DAGs
[2024-09-09T15:36:51.707+0000] {logging_mixin.py:188} INFO - [2024-09-09T15:36:51.706+0000] {dag.py:3947} INFO - Setting next_dagrun for tutorial to 2024-09-08 00:00:00+00:00, run_after=2024-09-09 00:00:00+00:00
[2024-09-09T15:36:51.727+0000] {processor.py:183} INFO - Processing /home/airflow/.local/lib/python3.12/site-packages/airflow/example_dags/tutorial.py took 0.076 seconds
[2024-09-09T15:37:22.068+0000] {processor.py:161} INFO - Started process (PID=277) to work on /home/airflow/.local/lib/python3.12/site-packages/airflow/example_dags/tutorial.py
[2024-09-09T15:37:22.069+0000] {processor.py:830} INFO - Processing file /home/airflow/.local/lib/python3.12/site-packages/airflow/example_dags/tutorial.py for tasks to queue
[2024-09-09T15:37:22.071+0000] {logging_mixin.py:188} INFO - [2024-09-09T15:37:22.071+0000] {dagbag.py:545} INFO - Filling up the DagBag from /home/airflow/.local/lib/python3.12/site-packages/airflow/example_dags/tutorial.py
[2024-09-09T15:37:22.080+0000] {processor.py:840} INFO - DAG(s) 'tutorial' retrieved from /home/airflow/.local/lib/python3.12/site-packages/airflow/example_dags/tutorial.py
[2024-09-09T15:37:22.100+0000] {logging_mixin.py:188} INFO - [2024-09-09T15:37:22.100+0000] {dag.py:3089} INFO - Sync 1 DAGs
[2024-09-09T15:37:22.125+0000] {logging_mixin.py:188} INFO - [2024-09-09T15:37:22.125+0000] {dag.py:3947} INFO - Setting next_dagrun for tutorial to 2024-09-08 00:00:00+00:00, run_after=2024-09-09 00:00:00+00:00
[2024-09-09T15:37:22.146+0000] {processor.py:183} INFO - Processing /home/airflow/.local/lib/python3.12/site-packages/airflow/example_dags/tutorial.py took 0.086 seconds
[2024-09-09T15:37:52.532+0000] {processor.py:161} INFO - Started process (PID=337) to work on /home/airflow/.local/lib/python3.12/site-packages/airflow/example_dags/tutorial.py
[2024-09-09T15:37:52.533+0000] {processor.py:830} INFO - Processing file /home/airflow/.local/lib/python3.12/site-packages/airflow/example_dags/tutorial.py for tasks to queue
[2024-09-09T15:37:52.535+0000] {logging_mixin.py:188} INFO - [2024-09-09T15:37:52.535+0000] {dagbag.py:545} INFO - Filling up the DagBag from /home/airflow/.local/lib/python3.12/site-packages/airflow/example_dags/tutorial.py
[2024-09-09T15:37:52.541+0000] {processor.py:840} INFO - DAG(s) 'tutorial' retrieved from /home/airflow/.local/lib/python3.12/site-packages/airflow/example_dags/tutorial.py
[2024-09-09T15:37:52.562+0000] {logging_mixin.py:188} INFO - [2024-09-09T15:37:52.562+0000] {dag.py:3089} INFO - Sync 1 DAGs
[2024-09-09T15:37:52.587+0000] {logging_mixin.py:188} INFO - [2024-09-09T15:37:52.587+0000] {dag.py:3947} INFO - Setting next_dagrun for tutorial to 2024-09-08 00:00:00+00:00, run_after=2024-09-09 00:00:00+00:00
[2024-09-09T15:37:52.607+0000] {processor.py:183} INFO - Processing /home/airflow/.local/lib/python3.12/site-packages/airflow/example_dags/tutorial.py took 0.081 seconds
[2024-09-09T15:38:23.117+0000] {processor.py:161} INFO - Started process (PID=397) to work on /home/airflow/.local/lib/python3.12/site-packages/airflow/example_dags/tutorial.py
[2024-09-09T15:38:23.118+0000] {processor.py:830} INFO - Processing file /home/airflow/.local/lib/python3.12/site-packages/airflow/example_dags/tutorial.py for tasks to queue
[2024-09-09T15:38:23.121+0000] {logging_mixin.py:188} INFO - [2024-09-09T15:38:23.120+0000] {dagbag.py:545} INFO - Filling up the DagBag from /home/airflow/.local/lib/python3.12/site-packages/airflow/example_dags/tutorial.py
[2024-09-09T15:38:23.129+0000] {processor.py:840} INFO - DAG(s) 'tutorial' retrieved from /home/airflow/.local/lib/python3.12/site-packages/airflow/example_dags/tutorial.py
[2024-09-09T15:38:23.151+0000] {logging_mixin.py:188} INFO - [2024-09-09T15:38:23.150+0000] {dag.py:3089} INFO - Sync 1 DAGs
[2024-09-09T15:38:23.177+0000] {logging_mixin.py:188} INFO - [2024-09-09T15:38:23.177+0000] {dag.py:3947} INFO - Setting next_dagrun for tutorial to 2024-09-08 00:00:00+00:00, run_after=2024-09-09 00:00:00+00:00
[2024-09-09T15:38:23.198+0000] {processor.py:183} INFO - Processing /home/airflow/.local/lib/python3.12/site-packages/airflow/example_dags/tutorial.py took 0.089 seconds
[2024-09-09T15:38:53.667+0000] {processor.py:161} INFO - Started process (PID=457) to work on /home/airflow/.local/lib/python3.12/site-packages/airflow/example_dags/tutorial.py
[2024-09-09T15:38:53.668+0000] {processor.py:830} INFO - Processing file /home/airflow/.local/lib/python3.12/site-packages/airflow/example_dags/tutorial.py for tasks to queue
[2024-09-09T15:38:53.670+0000] {logging_mixin.py:188} INFO - [2024-09-09T15:38:53.670+0000] {dagbag.py:545} INFO - Filling up the DagBag from /home/airflow/.local/lib/python3.12/site-packages/airflow/example_dags/tutorial.py
[2024-09-09T15:38:53.679+0000] {processor.py:840} INFO - DAG(s) 'tutorial' retrieved from /home/airflow/.local/lib/python3.12/site-packages/airflow/example_dags/tutorial.py
[2024-09-09T15:38:53.703+0000] {logging_mixin.py:188} INFO - [2024-09-09T15:38:53.703+0000] {dag.py:3089} INFO - Sync 1 DAGs
[2024-09-09T15:38:53.729+0000] {logging_mixin.py:188} INFO - [2024-09-09T15:38:53.729+0000] {dag.py:3947} INFO - Setting next_dagrun for tutorial to 2024-09-08 00:00:00+00:00, run_after=2024-09-09 00:00:00+00:00
[2024-09-09T15:38:53.750+0000] {processor.py:183} INFO - Processing /home/airflow/.local/lib/python3.12/site-packages/airflow/example_dags/tutorial.py took 0.089 seconds
[2024-09-09T15:39:24.023+0000] {processor.py:161} INFO - Started process (PID=517) to work on /home/airflow/.local/lib/python3.12/site-packages/airflow/example_dags/tutorial.py
[2024-09-09T15:39:24.024+0000] {processor.py:830} INFO - Processing file /home/airflow/.local/lib/python3.12/site-packages/airflow/example_dags/tutorial.py for tasks to queue
[2024-09-09T15:39:24.026+0000] {logging_mixin.py:188} INFO - [2024-09-09T15:39:24.026+0000] {dagbag.py:545} INFO - Filling up the DagBag from /home/airflow/.local/lib/python3.12/site-packages/airflow/example_dags/tutorial.py
[2024-09-09T15:39:24.032+0000] {processor.py:840} INFO - DAG(s) 'tutorial' retrieved from /home/airflow/.local/lib/python3.12/site-packages/airflow/example_dags/tutorial.py
[2024-09-09T15:39:24.051+0000] {logging_mixin.py:188} INFO - [2024-09-09T15:39:24.051+0000] {dag.py:3089} INFO - Sync 1 DAGs
[2024-09-09T15:39:24.073+0000] {logging_mixin.py:188} INFO - [2024-09-09T15:39:24.073+0000] {dag.py:3947} INFO - Setting next_dagrun for tutorial to 2024-09-08 00:00:00+00:00, run_after=2024-09-09 00:00:00+00:00
[2024-09-09T15:39:24.092+0000] {processor.py:183} INFO - Processing /home/airflow/.local/lib/python3.12/site-packages/airflow/example_dags/tutorial.py took 0.075 seconds
[2024-09-09T15:39:54.400+0000] {processor.py:161} INFO - Started process (PID=577) to work on /home/airflow/.local/lib/python3.12/site-packages/airflow/example_dags/tutorial.py
[2024-09-09T15:39:54.401+0000] {processor.py:830} INFO - Processing file /home/airflow/.local/lib/python3.12/site-packages/airflow/example_dags/tutorial.py for tasks to queue
[2024-09-09T15:39:54.403+0000] {logging_mixin.py:188} INFO - [2024-09-09T15:39:54.402+0000] {dagbag.py:545} INFO - Filling up the DagBag from /home/airflow/.local/lib/python3.12/site-packages/airflow/example_dags/tutorial.py
[2024-09-09T15:39:54.409+0000] {processor.py:840} INFO - DAG(s) 'tutorial' retrieved from /home/airflow/.local/lib/python3.12/site-packages/airflow/example_dags/tutorial.py
[2024-09-09T15:39:54.427+0000] {logging_mixin.py:188} INFO - [2024-09-09T15:39:54.427+0000] {dag.py:3089} INFO - Sync 1 DAGs
[2024-09-09T15:39:54.451+0000] {logging_mixin.py:188} INFO - [2024-09-09T15:39:54.451+0000] {dag.py:3947} INFO - Setting next_dagrun for tutorial to 2024-09-08 00:00:00+00:00, run_after=2024-09-09 00:00:00+00:00
[2024-09-09T15:39:54.469+0000] {processor.py:183} INFO - Processing /home/airflow/.local/lib/python3.12/site-packages/airflow/example_dags/tutorial.py took 0.075 seconds
[2024-09-09T15:40:24.612+0000] {processor.py:161} INFO - Started process (PID=637) to work on /home/airflow/.local/lib/python3.12/site-packages/airflow/example_dags/tutorial.py
[2024-09-09T15:40:24.613+0000] {processor.py:830} INFO - Processing file /home/airflow/.local/lib/python3.12/site-packages/airflow/example_dags/tutorial.py for tasks to queue
[2024-09-09T15:40:24.615+0000] {logging_mixin.py:188} INFO - [2024-09-09T15:40:24.615+0000] {dagbag.py:545} INFO - Filling up the DagBag from /home/airflow/.local/lib/python3.12/site-packages/airflow/example_dags/tutorial.py
[2024-09-09T15:40:24.621+0000] {processor.py:840} INFO - DAG(s) 'tutorial' retrieved from /home/airflow/.local/lib/python3.12/site-packages/airflow/example_dags/tutorial.py
[2024-09-09T15:40:24.640+0000] {logging_mixin.py:188} INFO - [2024-09-09T15:40:24.639+0000] {dag.py:3089} INFO - Sync 1 DAGs
[2024-09-09T15:40:24.663+0000] {logging_mixin.py:188} INFO - [2024-09-09T15:40:24.662+0000] {dag.py:3947} INFO - Setting next_dagrun for tutorial to 2024-09-08 00:00:00+00:00, run_after=2024-09-09 00:00:00+00:00
[2024-09-09T15:40:24.681+0000] {processor.py:183} INFO - Processing /home/airflow/.local/lib/python3.12/site-packages/airflow/example_dags/tutorial.py took 0.074 seconds
[2024-09-09T15:40:54.969+0000] {processor.py:161} INFO - Started process (PID=697) to work on /home/airflow/.local/lib/python3.12/site-packages/airflow/example_dags/tutorial.py
[2024-09-09T15:40:54.970+0000] {processor.py:830} INFO - Processing file /home/airflow/.local/lib/python3.12/site-packages/airflow/example_dags/tutorial.py for tasks to queue
[2024-09-09T15:40:54.972+0000] {logging_mixin.py:188} INFO - [2024-09-09T15:40:54.972+0000] {dagbag.py:545} INFO - Filling up the DagBag from /home/airflow/.local/lib/python3.12/site-packages/airflow/example_dags/tutorial.py
[2024-09-09T15:40:54.978+0000] {processor.py:840} INFO - DAG(s) 'tutorial' retrieved from /home/airflow/.local/lib/python3.12/site-packages/airflow/example_dags/tutorial.py
[2024-09-09T15:40:54.998+0000] {logging_mixin.py:188} INFO - [2024-09-09T15:40:54.998+0000] {dag.py:3089} INFO - Sync 1 DAGs
[2024-09-09T15:40:55.020+0000] {logging_mixin.py:188} INFO - [2024-09-09T15:40:55.020+0000] {dag.py:3947} INFO - Setting next_dagrun for tutorial to 2024-09-08 00:00:00+00:00, run_after=2024-09-09 00:00:00+00:00
[2024-09-09T15:40:55.040+0000] {processor.py:183} INFO - Processing /home/airflow/.local/lib/python3.12/site-packages/airflow/example_dags/tutorial.py took 0.077 seconds
[2024-09-09T15:41:25.352+0000] {processor.py:161} INFO - Started process (PID=757) to work on /home/airflow/.local/lib/python3.12/site-packages/airflow/example_dags/tutorial.py
[2024-09-09T15:41:25.353+0000] {processor.py:830} INFO - Processing file /home/airflow/.local/lib/python3.12/site-packages/airflow/example_dags/tutorial.py for tasks to queue
[2024-09-09T15:41:25.355+0000] {logging_mixin.py:188} INFO - [2024-09-09T15:41:25.355+0000] {dagbag.py:545} INFO - Filling up the DagBag from /home/airflow/.local/lib/python3.12/site-packages/airflow/example_dags/tutorial.py
[2024-09-09T15:41:25.361+0000] {processor.py:840} INFO - DAG(s) 'tutorial' retrieved from /home/airflow/.local/lib/python3.12/site-packages/airflow/example_dags/tutorial.py
[2024-09-09T15:41:25.380+0000] {logging_mixin.py:188} INFO - [2024-09-09T15:41:25.380+0000] {dag.py:3089} INFO - Sync 1 DAGs
[2024-09-09T15:41:25.402+0000] {logging_mixin.py:188} INFO - [2024-09-09T15:41:25.402+0000] {dag.py:3947} INFO - Setting next_dagrun for tutorial to 2024-09-08 00:00:00+00:00, run_after=2024-09-09 00:00:00+00:00
[2024-09-09T15:41:25.421+0000] {processor.py:183} INFO - Processing /home/airflow/.local/lib/python3.12/site-packages/airflow/example_dags/tutorial.py took 0.075 seconds
[2024-09-09T15:41:55.589+0000] {processor.py:161} INFO - Started process (PID=817) to work on /home/airflow/.local/lib/python3.12/site-packages/airflow/example_dags/tutorial.py
[2024-09-09T15:41:55.590+0000] {processor.py:830} INFO - Processing file /home/airflow/.local/lib/python3.12/site-packages/airflow/example_dags/tutorial.py for tasks to queue
[2024-09-09T15:41:55.591+0000] {logging_mixin.py:188} INFO - [2024-09-09T15:41:55.591+0000] {dagbag.py:545} INFO - Filling up the DagBag from /home/airflow/.local/lib/python3.12/site-packages/airflow/example_dags/tutorial.py
[2024-09-09T15:41:55.598+0000] {processor.py:840} INFO - DAG(s) 'tutorial' retrieved from /home/airflow/.local/lib/python3.12/site-packages/airflow/example_dags/tutorial.py
[2024-09-09T15:41:55.618+0000] {logging_mixin.py:188} INFO - [2024-09-09T15:41:55.618+0000] {dag.py:3089} INFO - Sync 1 DAGs
[2024-09-09T15:41:55.644+0000] {logging_mixin.py:188} INFO - [2024-09-09T15:41:55.643+0000] {dag.py:3947} INFO - Setting next_dagrun for tutorial to 2024-09-08 00:00:00+00:00, run_after=2024-09-09 00:00:00+00:00
[2024-09-09T15:41:55.665+0000] {processor.py:183} INFO - Processing /home/airflow/.local/lib/python3.12/site-packages/airflow/example_dags/tutorial.py took 0.082 seconds
[2024-09-09T15:42:25.881+0000] {processor.py:161} INFO - Started process (PID=875) to work on /home/airflow/.local/lib/python3.12/site-packages/airflow/example_dags/tutorial.py
[2024-09-09T15:42:25.882+0000] {processor.py:830} INFO - Processing file /home/airflow/.local/lib/python3.12/site-packages/airflow/example_dags/tutorial.py for tasks to queue
[2024-09-09T15:42:25.884+0000] {logging_mixin.py:188} INFO - [2024-09-09T15:42:25.884+0000] {dagbag.py:545} INFO - Filling up the DagBag from /home/airflow/.local/lib/python3.12/site-packages/airflow/example_dags/tutorial.py
[2024-09-09T15:42:25.890+0000] {processor.py:840} INFO - DAG(s) 'tutorial' retrieved from /home/airflow/.local/lib/python3.12/site-packages/airflow/example_dags/tutorial.py
[2024-09-09T15:42:25.909+0000] {logging_mixin.py:188} INFO - [2024-09-09T15:42:25.908+0000] {dag.py:3089} INFO - Sync 1 DAGs
[2024-09-09T15:42:25.933+0000] {logging_mixin.py:188} INFO - [2024-09-09T15:42:25.933+0000] {dag.py:3947} INFO - Setting next_dagrun for tutorial to 2024-09-08 00:00:00+00:00, run_after=2024-09-09 00:00:00+00:00
[2024-09-09T15:42:25.953+0000] {processor.py:183} INFO - Processing /home/airflow/.local/lib/python3.12/site-packages/airflow/example_dags/tutorial.py took 0.078 seconds
[2024-09-09T15:42:56.235+0000] {processor.py:161} INFO - Started process (PID=935) to work on /home/airflow/.local/lib/python3.12/site-packages/airflow/example_dags/tutorial.py
[2024-09-09T15:42:56.236+0000] {processor.py:830} INFO - Processing file /home/airflow/.local/lib/python3.12/site-packages/airflow/example_dags/tutorial.py for tasks to queue
[2024-09-09T15:42:56.238+0000] {logging_mixin.py:188} INFO - [2024-09-09T15:42:56.238+0000] {dagbag.py:545} INFO - Filling up the DagBag from /home/airflow/.local/lib/python3.12/site-packages/airflow/example_dags/tutorial.py
[2024-09-09T15:42:56.244+0000] {processor.py:840} INFO - DAG(s) 'tutorial' retrieved from /home/airflow/.local/lib/python3.12/site-packages/airflow/example_dags/tutorial.py
[2024-09-09T15:42:56.263+0000] {logging_mixin.py:188} INFO - [2024-09-09T15:42:56.263+0000] {dag.py:3089} INFO - Sync 1 DAGs
[2024-09-09T15:42:56.286+0000] {logging_mixin.py:188} INFO - [2024-09-09T15:42:56.286+0000] {dag.py:3947} INFO - Setting next_dagrun for tutorial to 2024-09-08 00:00:00+00:00, run_after=2024-09-09 00:00:00+00:00
[2024-09-09T15:42:56.304+0000] {processor.py:183} INFO - Processing /home/airflow/.local/lib/python3.12/site-packages/airflow/example_dags/tutorial.py took 0.074 seconds
[2024-09-09T15:43:26.612+0000] {processor.py:161} INFO - Started process (PID=995) to work on /home/airflow/.local/lib/python3.12/site-packages/airflow/example_dags/tutorial.py
[2024-09-09T15:43:26.613+0000] {processor.py:830} INFO - Processing file /home/airflow/.local/lib/python3.12/site-packages/airflow/example_dags/tutorial.py for tasks to queue
[2024-09-09T15:43:26.615+0000] {logging_mixin.py:188} INFO - [2024-09-09T15:43:26.614+0000] {dagbag.py:545} INFO - Filling up the DagBag from /home/airflow/.local/lib/python3.12/site-packages/airflow/example_dags/tutorial.py
[2024-09-09T15:43:26.621+0000] {processor.py:840} INFO - DAG(s) 'tutorial' retrieved from /home/airflow/.local/lib/python3.12/site-packages/airflow/example_dags/tutorial.py
[2024-09-09T15:43:26.640+0000] {logging_mixin.py:188} INFO - [2024-09-09T15:43:26.640+0000] {dag.py:3089} INFO - Sync 1 DAGs
[2024-09-09T15:43:26.664+0000] {logging_mixin.py:188} INFO - [2024-09-09T15:43:26.664+0000] {dag.py:3947} INFO - Setting next_dagrun for tutorial to 2024-09-08 00:00:00+00:00, run_after=2024-09-09 00:00:00+00:00
[2024-09-09T15:43:26.684+0000] {processor.py:183} INFO - Processing /home/airflow/.local/lib/python3.12/site-packages/airflow/example_dags/tutorial.py took 0.079 seconds
[2024-09-09T15:43:57.274+0000] {processor.py:161} INFO - Started process (PID=1055) to work on /home/airflow/.local/lib/python3.12/site-packages/airflow/example_dags/tutorial.py
[2024-09-09T15:43:57.275+0000] {processor.py:830} INFO - Processing file /home/airflow/.local/lib/python3.12/site-packages/airflow/example_dags/tutorial.py for tasks to queue
[2024-09-09T15:43:57.277+0000] {logging_mixin.py:188} INFO - [2024-09-09T15:43:57.277+0000] {dagbag.py:545} INFO - Filling up the DagBag from /home/airflow/.local/lib/python3.12/site-packages/airflow/example_dags/tutorial.py
[2024-09-09T15:43:57.283+0000] {processor.py:840} INFO - DAG(s) 'tutorial' retrieved from /home/airflow/.local/lib/python3.12/site-packages/airflow/example_dags/tutorial.py
[2024-09-09T15:43:57.303+0000] {logging_mixin.py:188} INFO - [2024-09-09T15:43:57.303+0000] {dag.py:3089} INFO - Sync 1 DAGs
[2024-09-09T15:43:57.325+0000] {logging_mixin.py:188} INFO - [2024-09-09T15:43:57.325+0000] {dag.py:3947} INFO - Setting next_dagrun for tutorial to 2024-09-08 00:00:00+00:00, run_after=2024-09-09 00:00:00+00:00
[2024-09-09T15:43:57.345+0000] {processor.py:183} INFO - Processing /home/airflow/.local/lib/python3.12/site-packages/airflow/example_dags/tutorial.py took 0.077 seconds
[2024-09-09T15:44:28.062+0000] {processor.py:161} INFO - Started process (PID=1115) to work on /home/airflow/.local/lib/python3.12/site-packages/airflow/example_dags/tutorial.py
[2024-09-09T15:44:28.063+0000] {processor.py:830} INFO - Processing file /home/airflow/.local/lib/python3.12/site-packages/airflow/example_dags/tutorial.py for tasks to queue
[2024-09-09T15:44:28.064+0000] {logging_mixin.py:188} INFO - [2024-09-09T15:44:28.064+0000] {dagbag.py:545} INFO - Filling up the DagBag from /home/airflow/.local/lib/python3.12/site-packages/airflow/example_dags/tutorial.py
[2024-09-09T15:44:28.070+0000] {processor.py:840} INFO - DAG(s) 'tutorial' retrieved from /home/airflow/.local/lib/python3.12/site-packages/airflow/example_dags/tutorial.py
[2024-09-09T15:44:28.088+0000] {logging_mixin.py:188} INFO - [2024-09-09T15:44:28.088+0000] {dag.py:3089} INFO - Sync 1 DAGs
[2024-09-09T15:44:28.110+0000] {logging_mixin.py:188} INFO - [2024-09-09T15:44:28.110+0000] {dag.py:3947} INFO - Setting next_dagrun for tutorial to 2024-09-08 00:00:00+00:00, run_after=2024-09-09 00:00:00+00:00
[2024-09-09T15:44:28.129+0000] {processor.py:183} INFO - Processing /home/airflow/.local/lib/python3.12/site-packages/airflow/example_dags/tutorial.py took 0.073 seconds
[2024-09-09T15:44:58.857+0000] {processor.py:161} INFO - Started process (PID=1175) to work on /home/airflow/.local/lib/python3.12/site-packages/airflow/example_dags/tutorial.py
[2024-09-09T15:44:58.858+0000] {processor.py:830} INFO - Processing file /home/airflow/.local/lib/python3.12/site-packages/airflow/example_dags/tutorial.py for tasks to queue
[2024-09-09T15:44:58.860+0000] {logging_mixin.py:188} INFO - [2024-09-09T15:44:58.860+0000] {dagbag.py:545} INFO - Filling up the DagBag from /home/airflow/.local/lib/python3.12/site-packages/airflow/example_dags/tutorial.py
[2024-09-09T15:44:58.869+0000] {processor.py:840} INFO - DAG(s) 'tutorial' retrieved from /home/airflow/.local/lib/python3.12/site-packages/airflow/example_dags/tutorial.py
[2024-09-09T15:44:58.892+0000] {logging_mixin.py:188} INFO - [2024-09-09T15:44:58.892+0000] {dag.py:3089} INFO - Sync 1 DAGs
[2024-09-09T15:44:58.920+0000] {logging_mixin.py:188} INFO - [2024-09-09T15:44:58.920+0000] {dag.py:3947} INFO - Setting next_dagrun for tutorial to 2024-09-08 00:00:00+00:00, run_after=2024-09-09 00:00:00+00:00
[2024-09-09T15:44:58.942+0000] {processor.py:183} INFO - Processing /home/airflow/.local/lib/python3.12/site-packages/airflow/example_dags/tutorial.py took 0.093 seconds
[2024-09-09T15:45:29.692+0000] {processor.py:161} INFO - Started process (PID=1235) to work on /home/airflow/.local/lib/python3.12/site-packages/airflow/example_dags/tutorial.py
[2024-09-09T15:45:29.693+0000] {processor.py:830} INFO - Processing file /home/airflow/.local/lib/python3.12/site-packages/airflow/example_dags/tutorial.py for tasks to queue
[2024-09-09T15:45:29.695+0000] {logging_mixin.py:188} INFO - [2024-09-09T15:45:29.694+0000] {dagbag.py:545} INFO - Filling up the DagBag from /home/airflow/.local/lib/python3.12/site-packages/airflow/example_dags/tutorial.py
[2024-09-09T15:45:29.701+0000] {processor.py:840} INFO - DAG(s) 'tutorial' retrieved from /home/airflow/.local/lib/python3.12/site-packages/airflow/example_dags/tutorial.py
[2024-09-09T15:45:29.723+0000] {logging_mixin.py:188} INFO - [2024-09-09T15:45:29.722+0000] {dag.py:3089} INFO - Sync 1 DAGs
[2024-09-09T15:45:29.745+0000] {logging_mixin.py:188} INFO - [2024-09-09T15:45:29.745+0000] {dag.py:3947} INFO - Setting next_dagrun for tutorial to 2024-09-08 00:00:00+00:00, run_after=2024-09-09 00:00:00+00:00
[2024-09-09T15:45:29.764+0000] {processor.py:183} INFO - Processing /home/airflow/.local/lib/python3.12/site-packages/airflow/example_dags/tutorial.py took 0.079 seconds
[2024-09-09T15:46:00.066+0000] {processor.py:161} INFO - Started process (PID=1295) to work on /home/airflow/.local/lib/python3.12/site-packages/airflow/example_dags/tutorial.py
[2024-09-09T15:46:00.067+0000] {processor.py:830} INFO - Processing file /home/airflow/.local/lib/python3.12/site-packages/airflow/example_dags/tutorial.py for tasks to queue
[2024-09-09T15:46:00.069+0000] {logging_mixin.py:188} INFO - [2024-09-09T15:46:00.069+0000] {dagbag.py:545} INFO - Filling up the DagBag from /home/airflow/.local/lib/python3.12/site-packages/airflow/example_dags/tutorial.py
[2024-09-09T15:46:00.075+0000] {processor.py:840} INFO - DAG(s) 'tutorial' retrieved from /home/airflow/.local/lib/python3.12/site-packages/airflow/example_dags/tutorial.py
[2024-09-09T15:46:00.096+0000] {logging_mixin.py:188} INFO - [2024-09-09T15:46:00.096+0000] {dag.py:3089} INFO - Sync 1 DAGs
[2024-09-09T15:46:00.118+0000] {logging_mixin.py:188} INFO - [2024-09-09T15:46:00.118+0000] {dag.py:3947} INFO - Setting next_dagrun for tutorial to 2024-09-08 00:00:00+00:00, run_after=2024-09-09 00:00:00+00:00
[2024-09-09T15:46:00.137+0000] {processor.py:183} INFO - Processing /home/airflow/.local/lib/python3.12/site-packages/airflow/example_dags/tutorial.py took 0.077 seconds
[2024-09-09T15:46:30.751+0000] {processor.py:161} INFO - Started process (PID=1355) to work on /home/airflow/.local/lib/python3.12/site-packages/airflow/example_dags/tutorial.py
[2024-09-09T15:46:30.752+0000] {processor.py:830} INFO - Processing file /home/airflow/.local/lib/python3.12/site-packages/airflow/example_dags/tutorial.py for tasks to queue
[2024-09-09T15:46:30.754+0000] {logging_mixin.py:188} INFO - [2024-09-09T15:46:30.753+0000] {dagbag.py:545} INFO - Filling up the DagBag from /home/airflow/.local/lib/python3.12/site-packages/airflow/example_dags/tutorial.py
[2024-09-09T15:46:30.761+0000] {processor.py:840} INFO - DAG(s) 'tutorial' retrieved from /home/airflow/.local/lib/python3.12/site-packages/airflow/example_dags/tutorial.py
[2024-09-09T15:46:30.781+0000] {logging_mixin.py:188} INFO - [2024-09-09T15:46:30.781+0000] {dag.py:3089} INFO - Sync 1 DAGs
[2024-09-09T15:46:30.804+0000] {logging_mixin.py:188} INFO - [2024-09-09T15:46:30.804+0000] {dag.py:3947} INFO - Setting next_dagrun for tutorial to 2024-09-08 00:00:00+00:00, run_after=2024-09-09 00:00:00+00:00
[2024-09-09T15:46:30.954+0000] {processor.py:183} INFO - Processing /home/airflow/.local/lib/python3.12/site-packages/airflow/example_dags/tutorial.py took 0.209 seconds
[2024-09-09T15:47:01.868+0000] {processor.py:161} INFO - Started process (PID=1415) to work on /home/airflow/.local/lib/python3.12/site-packages/airflow/example_dags/tutorial.py
[2024-09-09T15:47:01.869+0000] {processor.py:830} INFO - Processing file /home/airflow/.local/lib/python3.12/site-packages/airflow/example_dags/tutorial.py for tasks to queue
[2024-09-09T15:47:01.871+0000] {logging_mixin.py:188} INFO - [2024-09-09T15:47:01.870+0000] {dagbag.py:545} INFO - Filling up the DagBag from /home/airflow/.local/lib/python3.12/site-packages/airflow/example_dags/tutorial.py
[2024-09-09T15:47:01.877+0000] {processor.py:840} INFO - DAG(s) 'tutorial' retrieved from /home/airflow/.local/lib/python3.12/site-packages/airflow/example_dags/tutorial.py
[2024-09-09T15:47:01.897+0000] {logging_mixin.py:188} INFO - [2024-09-09T15:47:01.897+0000] {dag.py:3089} INFO - Sync 1 DAGs
[2024-09-09T15:47:01.919+0000] {logging_mixin.py:188} INFO - [2024-09-09T15:47:01.919+0000] {dag.py:3947} INFO - Setting next_dagrun for tutorial to 2024-09-08 00:00:00+00:00, run_after=2024-09-09 00:00:00+00:00
[2024-09-09T15:47:01.939+0000] {processor.py:183} INFO - Processing /home/airflow/.local/lib/python3.12/site-packages/airflow/example_dags/tutorial.py took 0.076 seconds
[2024-09-09T15:47:32.568+0000] {processor.py:161} INFO - Started process (PID=1475) to work on /home/airflow/.local/lib/python3.12/site-packages/airflow/example_dags/tutorial.py
[2024-09-09T15:47:32.569+0000] {processor.py:830} INFO - Processing file /home/airflow/.local/lib/python3.12/site-packages/airflow/example_dags/tutorial.py for tasks to queue
[2024-09-09T15:47:32.571+0000] {logging_mixin.py:188} INFO - [2024-09-09T15:47:32.571+0000] {dagbag.py:545} INFO - Filling up the DagBag from /home/airflow/.local/lib/python3.12/site-packages/airflow/example_dags/tutorial.py
[2024-09-09T15:47:32.577+0000] {processor.py:840} INFO - DAG(s) 'tutorial' retrieved from /home/airflow/.local/lib/python3.12/site-packages/airflow/example_dags/tutorial.py
[2024-09-09T15:47:32.597+0000] {logging_mixin.py:188} INFO - [2024-09-09T15:47:32.596+0000] {dag.py:3089} INFO - Sync 1 DAGs
[2024-09-09T15:47:32.618+0000] {logging_mixin.py:188} INFO - [2024-09-09T15:47:32.618+0000] {dag.py:3947} INFO - Setting next_dagrun for tutorial to 2024-09-08 00:00:00+00:00, run_after=2024-09-09 00:00:00+00:00
[2024-09-09T15:47:32.639+0000] {processor.py:183} INFO - Processing /home/airflow/.local/lib/python3.12/site-packages/airflow/example_dags/tutorial.py took 0.076 seconds
[2024-09-09T15:48:03.369+0000] {processor.py:161} INFO - Started process (PID=1535) to work on /home/airflow/.local/lib/python3.12/site-packages/airflow/example_dags/tutorial.py
[2024-09-09T15:48:03.370+0000] {processor.py:830} INFO - Processing file /home/airflow/.local/lib/python3.12/site-packages/airflow/example_dags/tutorial.py for tasks to queue
[2024-09-09T15:48:03.372+0000] {logging_mixin.py:188} INFO - [2024-09-09T15:48:03.371+0000] {dagbag.py:545} INFO - Filling up the DagBag from /home/airflow/.local/lib/python3.12/site-packages/airflow/example_dags/tutorial.py
[2024-09-09T15:48:03.378+0000] {processor.py:840} INFO - DAG(s) 'tutorial' retrieved from /home/airflow/.local/lib/python3.12/site-packages/airflow/example_dags/tutorial.py
[2024-09-09T15:48:03.398+0000] {logging_mixin.py:188} INFO - [2024-09-09T15:48:03.398+0000] {dag.py:3089} INFO - Sync 1 DAGs
[2024-09-09T15:48:03.422+0000] {logging_mixin.py:188} INFO - [2024-09-09T15:48:03.422+0000] {dag.py:3947} INFO - Setting next_dagrun for tutorial to 2024-09-08 00:00:00+00:00, run_after=2024-09-09 00:00:00+00:00
[2024-09-09T15:48:03.444+0000] {processor.py:183} INFO - Processing /home/airflow/.local/lib/python3.12/site-packages/airflow/example_dags/tutorial.py took 0.081 seconds
